>>>>>>>>>>>>>>>>>>>>>>>>>>>>>>>>>>>>>>>>>>>>>>>>>>>>>>>>>>>>>>>>>>>>>>>>>>>>>>
>>>> Toolkit for HEP Event Generation - ThePEG 2.2.0 <<<<<<<<<<<<<<<<<<<<<<<<<
>>>> Tue Jun 30 00:21:35 2020                                             <<<<
<<<<<<<<<<<<<<<<<<<<<<<<<<<<<<<<<<<<<<<<<<<<<<<<<<<<<<<<<<<<<<<<<<<<<<<<<<<<<<

>> Herwig 7.2.0 / ThePEG 2.2.0

/Herwig/EventHandlers/NoCuts:
MHat  = 2 .. 32.2132 GeV
Scale = 0 .. 1e+12 GeV2
YHat  = -100 .. 100
X1    = 0 .. 1
X2    = 0 .. 1

* A warning exception of type ThePEG::LesHouchesReader::LesHouchesReopenWarning occurred while generating event number 1: 
Reopening LesHouchesReader 'myReader' after accessing 2 events out of 1
* A warning exception of type ThePEG::EventHandler::ConsistencyException occurred while generating event number 1: 
Event handler 'myLesHouchesHandler' found energy-momentum non-conservation by (-1e-05,-2e-05,-2e-05;9.99945e-06) GeV after generating step number 4.

******************************************************************************
Event number 1 (id: ./OUTPUT/0.95MB1.05/1513286961/TMP/Cluster_HERWIGOutput_7) performed by myLesHouchesHandler
Weight: 1
==============================================================================

--- Colliding particles:
  1        e-      11  (3)   
                                 8.053     0.000     0.000     8.053     0.000
  2        e+     -11  (3)   
                                -8.053     0.000    -0.000     8.053     0.000
------------------------------------------------------------------------------
Primary sub-process performed by myReader
--- incoming:
  1        e-      11  (3)   
                                 8.053     0.000     0.000     8.053     0.000
  2        e+     -11  (3)   
                                -8.053     0.000    -0.000     8.053     0.000
--- intermediates:
  3     gamma      22 [1,2] (4..7)   
                                 0.000     0.000     0.000    16.107    16.107
--- outgoing:
  4         g      21 [3] (8)  5>>5 {+1,-2}
                                -0.411    -1.755     6.806     7.041     0.000
  5         g      21 [3] (11)  4>>4 {+2,-1}
                                -0.395    -1.864    -1.300     2.307     0.000
  6         g      21 [3] (12)  7>>7 {+3,-4}
                                 1.141     2.994    -4.646     5.644     0.000
  7         g      21 [3] (13)  6>>6 {+4,-3}
                                -0.335     0.625    -0.860     1.115     0.000
------------------------------------------------------------------------------
Step 1 performed by myLesHouchesHandler
--- intermediates:
  1        e-      11  (3)   
                                 8.053     0.000     0.000     8.053     0.000
  2        e+     -11  (3)   
                                -8.053     0.000    -0.000     8.053     0.000
  3     gamma      22 [1,2] (4..7)   
                                 0.000     0.000     0.000    16.107    16.107
--- final:
  4         g      21 [3] (8)  5>>5 {+1,-2}
                                -0.411    -1.755     6.806     7.041     0.000
  5         g      21 [3] (11)  4>>4 {+2,-1}
                                -0.395    -1.864    -1.300     2.307     0.000
  6         g      21 [3] (12)  7>>7 {+3,-4}
                                 1.141     2.994    -4.646     5.644     0.000
  7         g      21 [3] (13)  6>>6 {+4,-3}
                                -0.335     0.625    -0.860     1.115     0.000
------------------------------------------------------------------------------
     Sum of momenta:            -2e-05    -2e-05    -2e-05      16.1      16.1
------------------------------------------------------------------------------
Step 2 performed by ShowerHandler
--- intermediates:
  8         g      21 [4] (9,10)   {+1,-2}
                                -0.370    -1.581     6.129     7.269     3.555
--- final:
  9         g      21 [8] (20,21)  10>>11 {+1,-5}
                                -1.218     0.084     1.361     2.061     0.950
 10         g      21 [8] (22,23)  11>>9 {+5,-2}
                                 0.848    -1.665     4.768     5.209     0.950
 11         g      21 [5] (14,15)  9>>10 {+2,-1}
                                -0.356    -1.679    -1.171     2.284     0.950
 12         g      21 [6] (16,17)  13>>13 {+3,-4}
                                 1.028     2.697    -4.184     5.171     0.950
 13         g      21 [7] (18,19)  12>>12 {+4,-3}
                                -0.302     0.563    -0.774     1.382     0.950
------------------------------------------------------------------------------
     Sum of momenta:            -2e-05    -2e-05    -2e-05      16.1      16.1
------------------------------------------------------------------------------
Step 3 performed by ClusterHadHandler
--- intermediates:
 14         u       2 [11] (24)   {+2}
                                -0.007    -1.331    -0.776     1.574     0.325
 15      ubar      -2 [11] (25)   {-1}
                                -0.349    -0.348    -0.395     0.710     0.325
 16         d       1 [12] (26)   {+3}
                                 0.290     1.368    -1.553     2.115     0.325
 17      dbar      -1 [12] (27)   {-4}
                                 0.737     1.328    -2.632     3.056     0.325
 18         s       3 [13] (27)   {+4}
                                -0.193     0.157    -0.463     0.692     0.450
 19      sbar      -3 [13] (26)   {-3}
                                -0.109     0.406    -0.311     0.690     0.450
 20         u       2 [9] (25)   {+1}
                                -0.455     0.038     1.018     1.162     0.325
 21      ubar      -2 [9] (28)   {-5}
                                -0.763     0.046     0.343     0.899     0.325
 22         u       2 [10] (28)   {+5}
                                 0.013    -0.741     1.815     1.987     0.325
 23      ubar      -2 [10] (24)   {-2}
                                 0.835    -0.924     2.953     3.221     0.325
 24   Cluster      81 [14,23] (37,38)   
                                 0.827    -2.255     2.177     4.795     3.534
 25   Cluster      81 [15,20] (33,34)   
                                -0.804    -0.310     0.623     1.872     1.541
 26   Cluster      81 [16,19] (35,36)   
                                 0.182     1.775    -1.864     2.805     1.101
 27   Cluster      81 [17,18] (31,32)   
                                 0.544     1.485    -3.095     3.748     1.403
 28   Cluster      81 [21,22] (29,30)   
                                -0.749    -0.695     2.159     2.886     1.620
--- final:
 29       pi-    -211 [28]    
                                 0.049     0.163    -0.021     0.221     0.140
 30      a_0+ 9000211 [28] (39,40)   
                                -0.798    -0.857     2.179     2.665     0.991
 31       pi0     111 [27] (46,47)   
                                 0.109     1.440    -2.163     2.605     0.135
 32     Kbar0    -311 [27] (48)   
                                 0.436     0.044    -0.931     1.143     0.498
 33       pi-    -211 [25]    
                                -0.510    -0.041    -0.196     0.565     0.140
 34      a_1+   20213 [25] (49,50)   
                                -0.294    -0.269     0.818     1.307     0.938
 35       pi-    -211 [26]    
                                -0.081     0.287    -0.262     0.421     0.140
 36       K*+     323 [26] (57,58)   
                                 0.263     1.488    -1.602     2.384     0.914
 37     eta_2   10225 [24] (60,61)   
                                 0.069    -1.727     1.520     2.750     1.506
 38    rho_30     117 [24] (66,67)   
                                 0.759    -0.528     0.657     2.045     1.702
------------------------------------------------------------------------------
     Sum of momenta:            -2e-05    -2e-05    -2e-05      16.1      16.1
------------------------------------------------------------------------------
Step 4 performed by DecayHandler
--- intermediates:
 39       eta     221 [30] (41..43)   
                                -0.382    -0.144     1.157     1.343     0.548
 43       pi0     111 [39] (44,45)   
                                -0.165    -0.086     0.263     0.349     0.135
 49    rho''+   30213 [34] (51,52)   
                                -0.270    -0.514     0.497     0.880     0.435
 50       pi0     111 [34] (55,56)   
                                -0.024     0.245     0.322     0.427     0.135
 51       pi0     111 [49] (53,54)   
                                -0.033    -0.061     0.256     0.297     0.135
 57        K0     311 [36] (59)   
                                 0.178     0.393    -0.569     0.871     0.498
 60      a_0+ 9000211 [37] (62,63)   
                                -0.128    -1.770     1.539     2.504     0.868
 62       eta     221 [60] (64,65)   
                                -0.053    -1.724     1.392     2.283     0.548
 66      a_2-    -215 [38] (68,69)   
                                 0.570    -0.218     0.676     1.655     1.383
 68       eta     221 [66] (70..72)   
                                 0.436     0.022    -0.199     0.728     0.548
 72       pi0     111 [68] (73,74)   
                                 0.197    -0.036    -0.080     0.254     0.135
--- final:
 29       pi-    -211 [28]    
                                 0.049     0.163    -0.021     0.221     0.140
 33       pi-    -211 [25]    
                                -0.510    -0.041    -0.196     0.565     0.140
 35       pi-    -211 [26]    
                                -0.081     0.287    -0.262     0.421     0.140
 40       pi+     211 [30]    
                                -0.417    -0.714     1.023     1.322     0.140
 41       pi+     211 [39]    
                                -0.218     0.036     0.463     0.532     0.140
 42       pi-    -211 [39]    
                                 0.001    -0.094     0.431     0.462     0.140
 44     gamma      22 [43]    
                                -0.108     0.015     0.162     0.196     0.000
 45     gamma      22 [43]    
                                -0.056    -0.101     0.101     0.154     0.000
 46     gamma      22 [31]    
                                 0.130     1.029    -1.601     1.908     0.000
 47     gamma      22 [31]    
                                -0.022     0.412    -0.562     0.697     0.000
 48      K_L0     130 [32]    
                                 0.436     0.044    -0.931     1.143     0.498
 52       pi+     211 [49]    
                                -0.237    -0.453     0.241     0.582     0.140
 53     gamma      22 [51]    
                                 0.036    -0.010     0.012     0.039     0.000
 54     gamma      22 [51]    
                                -0.069    -0.051     0.244     0.258     0.000
 55     gamma      22 [50]    
                                -0.041     0.227     0.328     0.401     0.000
 56     gamma      22 [50]    
                                 0.018     0.018    -0.006     0.026     0.000
 58       pi+     211 [36]    
                                 0.085     1.095    -1.033     1.514     0.140
 59      K_L0     130 [57]    
                                 0.178     0.393    -0.569     0.871     0.498
 61       pi-    -211 [37]    
                                 0.197     0.044    -0.019     0.246     0.140
 63       pi+     211 [60]    
                                -0.076    -0.046     0.147     0.221     0.140
 64     gamma      22 [62]    
                                -0.265    -1.259     0.875     1.556     0.000
 65     gamma      22 [62]    
                                 0.212    -0.465     0.517     0.727     0.000
 67       pi+     211 [38]    
                                 0.188    -0.311    -0.018     0.390     0.140
 69       pi-    -211 [66]    
                                 0.134    -0.239     0.875     0.927     0.140
 70       pi+     211 [68]    
                                 0.070     0.147    -0.099     0.236     0.140
 71       pi-    -211 [68]    
                                 0.169    -0.089    -0.021     0.237     0.140
 73     gamma      22 [72]    
                                 0.188    -0.074    -0.077     0.216     0.000
 74     gamma      22 [72]    
                                 0.009     0.037    -0.003     0.039     0.000
------------------------------------------------------------------------------
     Sum of momenta:            -2e-05    -2e-05    -2e-05      16.1      16.1

The following exception classes were reported in this run:
ThePEG::EventHandler::ConsistencyException warning (1 times)
ThePEG::LesHouchesReader::LesHouchesReopenWarning warning (1 times)
