>>>>>>>>>>>>>>>>>>>>>>>>>>>>>>>>>>>>>>>>>>>>>>>>>>>>>>>>>>>>>>>>>>>>>>>>>>>>>>
>>>> Toolkit for HEP Event Generation - ThePEG 2.2.0 <<<<<<<<<<<<<<<<<<<<<<<<<
>>>> Tue Jun 30 00:49:46 2020                                             <<<<
<<<<<<<<<<<<<<<<<<<<<<<<<<<<<<<<<<<<<<<<<<<<<<<<<<<<<<<<<<<<<<<<<<<<<<<<<<<<<<

>> Herwig 7.2.0 / ThePEG 2.2.0

/Herwig/EventHandlers/NoCuts:
MHat  = 2 .. 18.5486 GeV
Scale = 0 .. 1e+12 GeV2
YHat  = -100 .. 100
X1    = 0 .. 1
X2    = 0 .. 1

* A warning exception of type ThePEG::LesHouchesReader::LesHouchesReopenWarning occurred while generating event number 1: 
Reopening LesHouchesReader 'myReader' after accessing 2 events out of 1
* A warning exception of type ThePEG::EventHandler::ConsistencyException occurred while generating event number 1: 
Event handler 'myLesHouchesHandler' found energy-momentum non-conservation by (-1.30029e-15,-2e-05,-2e-05;3e-05) GeV after generating step number 4.

******************************************************************************
Event number 1 (id: ./OUTPUT/0.95MB1.05/1515370160/TMP/Cluster_HERWIGOutput_25) performed by myLesHouchesHandler
Weight: 1
==============================================================================

--- Colliding particles:
  1        e-      11  (3)   
                                 4.637     0.000    -0.000     4.637     0.000
  2        e+     -11  (3)   
                                -4.637     0.000     0.000     4.637     0.000
------------------------------------------------------------------------------
Primary sub-process performed by myReader
--- incoming:
  1        e-      11  (3)   
                                 4.637     0.000    -0.000     4.637     0.000
  2        e+     -11  (3)   
                                -4.637     0.000     0.000     4.637     0.000
--- intermediates:
  3     gamma      22 [1,2] (4..8)   
                                 0.000     0.000     0.000     9.274     9.274
--- outgoing:
  4         g      21 [3] (9)  7>>8 {+1,-2}
                                -0.001     0.004     0.062     0.062     0.000
  5         g      21 [3] (10)  8>>6 {+3,-4}
                                -1.367     0.628     1.332     2.009     0.000
  6         g      21 [3] (11)  5>>7 {+5,-3}
                                 0.149    -1.834    -0.025     1.841     0.000
  7         g      21 [3] (12)  6>>4 {+2,-5}
                                 1.267    -1.320     0.836     2.012     0.000
  8         g      21 [3] (13)  4>>5 {+4,-1}
                                -0.048     2.523    -2.205     3.351     0.000
------------------------------------------------------------------------------
Step 1 performed by myLesHouchesHandler
--- intermediates:
  1        e-      11  (3)   
                                 4.637     0.000    -0.000     4.637     0.000
  2        e+     -11  (3)   
                                -4.637     0.000     0.000     4.637     0.000
  3     gamma      22 [1,2] (4..8)   
                                 0.000     0.000     0.000     9.274     9.274
--- final:
  4         g      21 [3] (9)  7>>8 {+1,-2}
                                -0.001     0.004     0.062     0.062     0.000
  5         g      21 [3] (10)  8>>6 {+3,-4}
                                -1.367     0.628     1.332     2.009     0.000
  6         g      21 [3] (11)  5>>7 {+5,-3}
                                 0.149    -1.834    -0.025     1.841     0.000
  7         g      21 [3] (12)  6>>4 {+2,-5}
                                 1.267    -1.320     0.836     2.012     0.000
  8         g      21 [3] (13)  4>>5 {+4,-1}
                                -0.048     2.523    -2.205     3.351     0.000
------------------------------------------------------------------------------
     Sum of momenta:            -1e-05    -2e-05    -2e-05      9.27      9.27
------------------------------------------------------------------------------
Step 2 performed by ShowerHandler
--- final:
  9         g      21 [4] (14,15)  12>>13 {+1,-2}
                                -0.001     0.003     0.049     0.951     0.950
 10         g      21 [5] (16,17)  13>>11 {+3,-4}
                                -1.092     0.502     1.064     1.865     0.950
 11         g      21 [6] (18,19)  10>>12 {+5,-3}
                                 0.119    -1.465    -0.020     1.751     0.950
 12         g      21 [7] (20,21)  11>>9 {+2,-5}
                                 1.012    -1.055     0.668     1.867     0.950
 13         g      21 [8] (22,23)  9>>10 {+4,-1}
                                -0.038     2.015    -1.761     2.840     0.950
------------------------------------------------------------------------------
     Sum of momenta:            -1e-05    -2e-05    -2e-05      9.27      9.27
------------------------------------------------------------------------------
Step 3 performed by ClusterHadHandler
--- intermediates:
 14         s       3 [9] (24)   {+1}
                                -0.120     0.038    -0.061     0.471     0.450
 15      sbar      -3 [9] (25)   {-2}
                                 0.120    -0.035     0.111     0.480     0.450
 16         d       1 [10] (25)   {+3}
                                -0.346     0.091     0.026     0.484     0.325
 17      dbar      -1 [10] (27)   {-4}
                                -0.746     0.411     1.038     1.381     0.325
 18         d       1 [11] (26)   {+5}
                                -0.242    -0.539    -0.167     0.695     0.325
 19      dbar      -1 [11] (27)   {-3}
                                 0.360    -0.926     0.147     1.056     0.325
 20         u       2 [12] (26)   {+2}
                                 0.449    -0.068     0.161     0.581     0.325
 21      ubar      -2 [12] (27)   {-5}
                                 0.563    -0.987     0.507     1.286     0.325
 22         s       3 [13] (26)   {+4}
                                 0.028     0.902    -0.629     1.189     0.450
 23      sbar      -3 [13] (24)   {-1}
                                -0.067     1.113    -1.132     1.652     0.450
 24   Cluster      81 [14,23] (32,33)   
                                -0.187     1.151    -1.194     2.123     1.313
 25   Cluster      81 [15,16] (30,31)   
                                -0.226     0.056     0.137     0.964     0.925
 26   Cluster      81 [18,20,22] (29)   
                                 0.236     0.295    -0.634     2.465     2.352
 27   Cluster      81 [17,19,21] (28)   
                                 0.177    -1.501     1.691     3.723     2.952
 28   Cluster      81 [27] (34,35)   
                                 0.177    -1.501     1.691     3.723     2.952
 29   Cluster      81 [26] (36,37)   
                                 0.236     0.295    -0.634     2.465     2.352
--- final:
 30       pi-    -211 [25]    
                                 0.106    -0.173    -0.123     0.275     0.140
 31        K+     321 [25]    
                                -0.332     0.229     0.260     0.688     0.494
 32     Kbar0    -311 [24] (38)   
                                -0.068     0.350    -0.020     0.613     0.498
 33        K0     311 [24] (41)   
                                -0.119     0.801    -1.174     1.511     0.498
 34       f_1   20223 [28] (42,43)   
                                -0.215    -1.091     0.980     1.960     1.282
 35nbar(1535)  -22112 [28] (48,49)   
                                 0.392    -0.411     0.711     1.763     1.510
 36     K'_1-  -20323 [29] (55,56)   
                                 0.076     0.323    -0.294     1.454     1.384
 37        p+    2212 [29]    
                                 0.160    -0.028    -0.341     1.011     0.938
------------------------------------------------------------------------------
     Sum of momenta:            -1e-05    -2e-05    -2e-05      9.27      9.27
------------------------------------------------------------------------------
Step 4 performed by DecayHandler
--- intermediates:
 38      K_S0     310 [32] (39,40)   
                                -0.068     0.350    -0.020     0.613     0.498
 42      a_0- -9000211 [34] (44,45)   
                                 0.081    -0.389     0.595     1.095     0.829
 44       eta     221 [42] (46,47)   
                                 0.171    -0.150     0.250     0.644     0.548
 49       eta     221 [35] (50..52)   
                                 0.051    -0.178     0.346     0.674     0.548
 52       pi0     111 [49] (53,54)   
                                -0.004    -0.080     0.134     0.206     0.135
 55    K*bar0    -313 [36] (57,58)   
                                 0.102    -0.105    -0.089     0.959     0.943
--- final:
 30       pi-    -211 [25]    
                                 0.106    -0.173    -0.123     0.275     0.140
 31        K+     321 [25]    
                                -0.332     0.229     0.260     0.688     0.494
 37        p+    2212 [29]    
                                 0.160    -0.028    -0.341     1.011     0.938
 39       pi+     211 [38]    
                                -0.042     0.368     0.119     0.413     0.140
 40       pi-    -211 [38]    
                                -0.027    -0.018    -0.139     0.199     0.140
 41      K_L0     130 [33]    
                                -0.119     0.801    -1.174     1.511     0.498
 43       pi+     211 [34]    
                                -0.296    -0.702     0.385     0.865     0.140
 45       pi-    -211 [42]    
                                -0.090    -0.239     0.345     0.452     0.140
 46     gamma      22 [44]    
                                 0.318    -0.129    -0.010     0.344     0.000
 47     gamma      22 [44]    
                                -0.147    -0.020     0.261     0.300     0.000
 48     nbar0   -2112 [35]    
                                 0.341    -0.233     0.365     1.089     0.940
 50       pi+     211 [49]    
                                -0.112    -0.084     0.090     0.217     0.140
 51       pi-    -211 [49]    
                                 0.167    -0.013     0.123     0.250     0.140
 53     gamma      22 [52]    
                                -0.005    -0.078     0.005     0.078     0.000
 54     gamma      22 [52]    
                                 0.001    -0.002     0.128     0.128     0.000
 56       pi-    -211 [36]    
                                -0.026     0.428    -0.204     0.495     0.140
 57        K-    -321 [55]    
                                 0.158    -0.350    -0.190     0.654     0.494
 58       pi+     211 [55]    
                                -0.056     0.246     0.101     0.305     0.140
------------------------------------------------------------------------------
     Sum of momenta:            -1e-05    -2e-05    -2e-05      9.27      9.27

The following exception classes were reported in this run:
ThePEG::EventHandler::ConsistencyException warning (1 times)
ThePEG::LesHouchesReader::LesHouchesReopenWarning warning (1 times)
