>>>>>>>>>>>>>>>>>>>>>>>>>>>>>>>>>>>>>>>>>>>>>>>>>>>>>>>>>>>>>>>>>>>>>>>>>>>>>>
>>>> Toolkit for HEP Event Generation - ThePEG 2.2.0 <<<<<<<<<<<<<<<<<<<<<<<<<
>>>> Tue Jun 30 00:27:06 2020                                             <<<<
<<<<<<<<<<<<<<<<<<<<<<<<<<<<<<<<<<<<<<<<<<<<<<<<<<<<<<<<<<<<<<<<<<<<<<<<<<<<<<

>> Herwig 7.2.0 / ThePEG 2.2.0

/Herwig/EventHandlers/NoCuts:
MHat  = 2 .. 42.1389 GeV
Scale = 0 .. 1e+12 GeV2
YHat  = -100 .. 100
X1    = 0 .. 1
X2    = 0 .. 1

* A warning exception of type ThePEG::LesHouchesReader::LesHouchesReopenWarning occurred while generating event number 1: 
Reopening LesHouchesReader 'myReader' after accessing 2 events out of 1
* A warning exception of type ThePEG::EventHandler::ConsistencyException occurred while generating event number 1: 
Event handler 'myLesHouchesHandler' found energy-momentum non-conservation by (-2e-05,-2e-05,-2e-05;-2.23264e-09) GeV after generating step number 4.

******************************************************************************
Event number 1 (id: ./OUTPUT/0.95MB1.05/1513331033/TMP/Cluster_HERWIGOutput_14) performed by myLesHouchesHandler
Weight: 1
==============================================================================

--- Colliding particles:
  1        e-      11  (3)   
                                10.535     0.000     0.000    10.535     0.000
  2        e+     -11  (3)   
                               -10.535     0.000    -0.000    10.535     0.000
------------------------------------------------------------------------------
Primary sub-process performed by myReader
--- incoming:
  1        e-      11  (3)   
                                10.535     0.000     0.000    10.535     0.000
  2        e+     -11  (3)   
                               -10.535     0.000    -0.000    10.535     0.000
--- intermediates:
  3     gamma      22 [1,2] (4..7)   
                                -0.000     0.000     0.000    21.069    21.069
--- outgoing:
  4         g      21 [3] (8)  6>>6 {+1,-2}
                                 1.719     0.743     1.121     2.183     0.000
  5         g      21 [3] (9)  7>>7 {+3,-4}
                                 0.541     0.400    -0.146     0.688     0.000
  6         g      21 [3] (10)  4>>4 {+2,-1}
                                 0.170    -0.646    -9.396     9.420     0.000
  7         g      21 [3] (11)  5>>5 {+4,-3}
                                -2.430    -0.497     8.421     8.779     0.000
------------------------------------------------------------------------------
Step 1 performed by myLesHouchesHandler
--- intermediates:
  1        e-      11  (3)   
                                10.535     0.000     0.000    10.535     0.000
  2        e+     -11  (3)   
                               -10.535     0.000    -0.000    10.535     0.000
  3     gamma      22 [1,2] (4..7)   
                                -0.000     0.000     0.000    21.069    21.069
--- final:
  4         g      21 [3] (8)  6>>6 {+1,-2}
                                 1.719     0.743     1.121     2.183     0.000
  5         g      21 [3] (9)  7>>7 {+3,-4}
                                 0.541     0.400    -0.146     0.688     0.000
  6         g      21 [3] (10)  4>>4 {+2,-1}
                                 0.170    -0.646    -9.396     9.420     0.000
  7         g      21 [3] (11)  5>>5 {+4,-3}
                                -2.430    -0.497     8.421     8.779     0.000
------------------------------------------------------------------------------
     Sum of momenta:            -3e-05    -2e-05    -2e-05      21.1      21.1
------------------------------------------------------------------------------
Step 2 performed by ShowerHandler
--- final:
  8         g      21 [4] (12,13)  10>>10 {+1,-2}
                                 1.654     0.715     1.078     2.304     0.950
  9         g      21 [5] (14,15)  11>>11 {+3,-4}
                                 0.520     0.385    -0.140     1.158     0.950
 10         g      21 [6] (16,17)  8>>8 {+2,-1}
                                 0.163    -0.621    -9.037     9.110     0.950
 11         g      21 [7] (18,19)  9>>9 {+4,-3}
                                -2.337    -0.478     8.100     8.497     0.950
------------------------------------------------------------------------------
     Sum of momenta:            -3e-05    -2e-05    -2e-05      21.1      21.1
------------------------------------------------------------------------------
Step 3 performed by ClusterHadHandler
--- intermediates:
 12         u       2 [8] (20)   {+1}
                                 0.169     0.130     0.088     0.398     0.325
 13      ubar      -2 [8] (21)   {-2}
                                 1.485     0.585     0.990     1.906     0.325
 14         u       2 [9] (22)   {+3}
                                 0.566     0.124     0.104     0.673     0.325
 15      ubar      -2 [9] (23)   {-4}
                                -0.046     0.261    -0.244     0.485     0.325
 16         u       2 [10] (21)   {+2}
                                 0.261    -0.670    -5.574     5.629     0.325
 17      ubar      -2 [10] (20)   {-1}
                                -0.098     0.048    -3.464     3.481     0.325
 18         u       2 [11] (23)   {+4}
                                -1.764    -0.429     5.041     5.368     0.325
 19      ubar      -2 [11] (22)   {-3}
                                -0.573    -0.050     3.059     3.129     0.325
 20   Cluster      81 [12,17] (30,31)   
                                 0.071     0.178    -3.376     3.879     1.901
 21   Cluster      81 [13,16] (24,25)   
                                 1.746    -0.085    -4.583     7.535     5.720
 22   Cluster      81 [14,19] (26,27)   
                                -0.007     0.074     3.162     3.802     2.109
 23   Cluster      81 [15,18] (28,29)   
                                -1.810    -0.168     4.797     5.853     2.818
 24   Cluster      81 [21] (32,33)   
                                 1.473     0.572     0.919     1.949     0.676
 25   Cluster      81 [21] (34,35)   
                                 0.273    -0.656    -5.503     5.587     0.654
--- final:
 26       pi0     111 [22] (36,37)   
                                -0.882    -0.529     1.619     1.923     0.135
 27       pi0     111 [22] (38,39)   
                                 0.875     0.603     1.543     1.879     0.135
 28    rho''0   30113 [23] (40,41)   
                                -0.791    -0.085     2.422     3.061     1.695
 29      a_00 9000111 [23] (50,51)   
                                -1.019    -0.083     2.375     2.792     1.052
 30       pi+     211 [20]    
                                 0.287    -0.133     0.005     0.346     0.140
 31      a_0- -9000211 [20] (56,57)   
                                -0.216     0.311    -3.381     3.533     0.952
 32       pi-    -211 [24]    
                                 0.193    -0.014    -0.038     0.241     0.140
 33       pi0     111 [24] (61,62)   
                                 1.280     0.585     0.957     1.707     0.135
 34       pi+     211 [25]    
                                 0.281    -0.295    -4.352     4.373     0.140
 35       pi0     111 [25] (63,64)   
                                -0.008    -0.361    -1.151     1.214     0.135
------------------------------------------------------------------------------
     Sum of momenta:            -3e-05    -2e-05    -2e-05      21.1      21.1
------------------------------------------------------------------------------
Step 4 performed by DecayHandler
--- intermediates:
 40      a_1-  -20213 [28] (42,43)   
                                -0.990     0.099     1.959     2.507     1.208
 42    rho''-  -30213 [40] (44,45)   
                                -0.473    -0.404     1.098     1.376     0.548
 43       pi0     111 [40] (48,49)   
                                -0.517     0.503     0.861     1.131     0.135
 44       pi0     111 [42] (46,47)   
                                 0.065    -0.161     0.335     0.401     0.135
 50       eta     221 [29] (52,53)   
                                -0.713    -0.389     1.323     1.646     0.548
 51       pi0     111 [29] (54,55)   
                                -0.306     0.306     1.053     1.146     0.135
 56       eta     221 [31] (58..60)   
                                -0.348     0.364    -3.102     3.190     0.548
--- final:
 30       pi+     211 [20]    
                                 0.287    -0.133     0.005     0.346     0.140
 32       pi-    -211 [24]    
                                 0.193    -0.014    -0.038     0.241     0.140
 34       pi+     211 [25]    
                                 0.281    -0.295    -4.352     4.373     0.140
 36     gamma      22 [26]    
                                -0.369    -0.246     0.582     0.732     0.000
 37     gamma      22 [26]    
                                -0.513    -0.283     1.037     1.191     0.000
 38     gamma      22 [27]    
                                 0.862     0.565     1.474     1.798     0.000
 39     gamma      22 [27]    
                                 0.013     0.038     0.070     0.081     0.000
 41       pi+     211 [28]    
                                 0.199    -0.184     0.463     0.554     0.140
 45       pi-    -211 [42]    
                                -0.538    -0.244     0.763     0.975     0.140
 46     gamma      22 [44]    
                                -0.033    -0.023     0.124     0.130     0.000
 47     gamma      22 [44]    
                                 0.098    -0.138     0.211     0.271     0.000
 48     gamma      22 [43]    
                                -0.054     0.035     0.145     0.159     0.000
 49     gamma      22 [43]    
                                -0.463     0.468     0.716     0.972     0.000
 52     gamma      22 [50]    
                                -0.473    -0.342     0.444     0.733     0.000
 53     gamma      22 [50]    
                                -0.240    -0.046     0.879     0.912     0.000
 54     gamma      22 [51]    
                                -0.238     0.203     0.880     0.934     0.000
 55     gamma      22 [51]    
                                -0.068     0.103     0.173     0.213     0.000
 57       pi-    -211 [31]    
                                 0.132    -0.053    -0.279     0.343     0.140
 58       pi+     211 [56]    
                                 0.010     0.231    -1.540     1.563     0.140
 59       pi-    -211 [56]    
                                -0.338     0.162    -1.520     1.572     0.140
 60     gamma      22 [56]    
                                -0.020    -0.029    -0.042     0.055     0.000
 61     gamma      22 [33]    
                                 0.661     0.343     0.437     0.864     0.000
 62     gamma      22 [33]    
                                 0.619     0.243     0.520     0.844     0.000
 63     gamma      22 [35]    
                                 0.002    -0.371    -1.108     1.168     0.000
 64     gamma      22 [35]    
                                -0.010     0.010    -0.043     0.046     0.000
------------------------------------------------------------------------------
     Sum of momenta:            -3e-05    -2e-05    -2e-05      21.1      21.1

The following exception classes were reported in this run:
ThePEG::EventHandler::ConsistencyException warning (1 times)
ThePEG::LesHouchesReader::LesHouchesReopenWarning warning (1 times)
