>>>>>>>>>>>>>>>>>>>>>>>>>>>>>>>>>>>>>>>>>>>>>>>>>>>>>>>>>>>>>>>>>>>>>>>>>>>>>>
>>>> Toolkit for HEP Event Generation - ThePEG 2.2.0 <<<<<<<<<<<<<<<<<<<<<<<<<
>>>> Tue Jun 30 00:43:59 2020                                             <<<<
<<<<<<<<<<<<<<<<<<<<<<<<<<<<<<<<<<<<<<<<<<<<<<<<<<<<<<<<<<<<<<<<<<<<<<<<<<<<<<

>> Herwig 7.2.0 / ThePEG 2.2.0

/Herwig/EventHandlers/NoCuts:
MHat  = 2 .. 62.4801 GeV
Scale = 0 .. 1e+12 GeV2
YHat  = -100 .. 100
X1    = 0 .. 1
X2    = 0 .. 1

* A warning exception of type ThePEG::LesHouchesReader::LesHouchesReopenWarning occurred while generating event number 1: 
Reopening LesHouchesReader 'myReader' after accessing 2 events out of 1
* A warning exception of type ThePEG::EventHandler::ConsistencyException occurred while generating event number 1: 
Event handler 'myLesHouchesHandler' found energy-momentum non-conservation by (1.27329e-14,-3e-05,-2e-05;-2.87297e-09) GeV after generating step number 4.

******************************************************************************
Event number 1 (id: ./OUTPUT/0.95MB1.05/1513512538/TMP/Cluster_HERWIGOutput_35) performed by myLesHouchesHandler
Weight: 1
==============================================================================

--- Colliding particles:
  1        e-      11  (3)   
                                15.620     0.000    -0.000    15.620     0.000
  2        e+     -11  (3)   
                               -15.620     0.000     0.000    15.620     0.000
------------------------------------------------------------------------------
Primary sub-process performed by myReader
--- incoming:
  1        e-      11  (3)   
                                15.620     0.000    -0.000    15.620     0.000
  2        e+     -11  (3)   
                               -15.620     0.000     0.000    15.620     0.000
--- intermediates:
  3     gamma      22 [1,2] (4..7)   
                                 0.000     0.000     0.000    31.240    31.240
--- outgoing:
  4         g      21 [3] (8)  5>>7 {+1,-2}
                                -1.122    -0.300    -1.549     1.936     0.000
  5         g      21 [3] (9)  6>>4 {+2,-3}
                               -10.615    -2.181     5.067    11.963     0.000
  6         g      21 [3] (10)  7>>5 {+3,-4}
                                12.963     3.183     0.215    13.350     0.000
  7         g      21 [3] (15)  4>>6 {+4,-1}
                                -1.226    -0.703    -3.733     3.992     0.000
------------------------------------------------------------------------------
Step 1 performed by myLesHouchesHandler
--- intermediates:
  1        e-      11  (3)   
                                15.620     0.000    -0.000    15.620     0.000
  2        e+     -11  (3)   
                               -15.620     0.000     0.000    15.620     0.000
  3     gamma      22 [1,2] (4..7)   
                                 0.000     0.000     0.000    31.240    31.240
--- final:
  4         g      21 [3] (8)  5>>7 {+1,-2}
                                -1.122    -0.300    -1.549     1.936     0.000
  5         g      21 [3] (9)  6>>4 {+2,-3}
                               -10.615    -2.181     5.067    11.963     0.000
  6         g      21 [3] (10)  7>>5 {+3,-4}
                                12.963     3.183     0.215    13.350     0.000
  7         g      21 [3] (15)  4>>6 {+4,-1}
                                -1.226    -0.703    -3.733     3.992     0.000
------------------------------------------------------------------------------
     Sum of momenta:            -1e-05    -3e-05    -2e-05      31.2      31.2
------------------------------------------------------------------------------
Step 2 performed by ShowerHandler
--- intermediates:
 10         g      21 [6] (11,12)   {+3,-4}
                                12.166     2.987     0.202    14.057     6.372
 12         g      21 [10] (13,14)   {+3,-5}
                                10.919     1.578    -0.736    11.749     3.974
--- final:
  8         g      21 [4] (16,17)  9>>15 {+1,-2}
                                -1.053    -0.281    -1.454     2.050     0.950
  9         g      21 [5] (18,19)  13>>8 {+2,-3}
                                -9.963    -2.047     4.756    11.268     0.950
 11         g      21 [10] (22,23)  15>>14 {+5,-4}
                                 1.248     1.409     0.938     2.307     0.950
 13         g      21 [12] (24,25)  14>>9 {+3,-6}
                                 3.660     2.205    -0.356     4.392     0.950
 14         g      21 [12] (26,27)  11>>13 {+6,-5}
                                 7.259    -0.628    -0.380     7.357     0.950
 15         g      21 [7] (20,21)  8>>11 {+4,-1}
                                -1.151    -0.659    -3.504     3.865     0.950
------------------------------------------------------------------------------
     Sum of momenta:            -1e-05    -3e-05    -2e-05      31.2      31.2
------------------------------------------------------------------------------
Step 3 performed by ClusterHadHandler
--- intermediates:
 16         u       2 [8] (32)   {+1}
                                -0.711    -0.220    -1.331     1.559     0.325
 17      ubar      -2 [8] (28)   {-2}
                                -0.341    -0.061    -0.123     0.491     0.325
 18         u       2 [9] (28)   {+2}
                                -1.497    -0.345     0.624     1.690     0.325
 19      ubar      -2 [9] (32)   {-3}
                                -8.465    -1.702     4.132     9.578     0.325
 20         d       1 [15] (29)   {+4}
                                -1.059    -0.600    -2.418     2.727     0.325
 21      dbar      -1 [15] (33)   {-1}
                                -0.092    -0.059    -1.085     1.138     0.325
 22         d       1 [11] (30)   {+5}
                                 0.531     0.622     0.794     1.185     0.325
 23      dbar      -1 [11] (29)   {-4}
                                 0.717     0.787     0.144     1.122     0.325
 24         s       3 [13] (33)   {+3}
                                 2.239     1.291    -0.320     2.643     0.450
 25      sbar      -3 [13] (31)   {-6}
                                 1.420     0.914    -0.036     1.748     0.450
 26         s       3 [14] (31)   {+6}
                                 3.125    -0.150    -0.098     3.163     0.450
 27      sbar      -3 [14] (30)   {-5}
                                 4.134    -0.478    -0.282     4.195     0.450
 28   Cluster      81 [17,18] (46,47)   
                                -1.839    -0.406     0.501     2.181     0.979
 29   Cluster      81 [20,23] (42,43)   
                                -0.341     0.187    -2.274     3.849     3.081
 30   Cluster      81 [22,27] (38,39)   
                                 4.664     0.145     0.512     5.380     2.628
 31   Cluster      81 [25,26] (44,45)   
                                 4.546     0.764    -0.134     4.911     1.689
 32   Cluster      81 [16,19] (34,35)   
                                -9.177    -1.922     2.801    11.137     5.319
 33   Cluster      81 [21,24] (40,41)   
                                 2.147     1.232    -1.405     3.782     2.490
 34   Cluster      81 [32] (36,37)   
                                -6.557    -1.390     1.635     8.123     4.287
 35   Cluster      81 [32] (48,49)   
                                -2.620    -0.532     1.166     3.014     0.762
 36   Cluster      81 [34] (50,51)   
                                -4.716    -1.005     1.071     5.898     3.223
 37   Cluster      81 [34] (52,53)   
                                -1.841    -0.385     0.564     2.225     1.046
--- final:
 38      rho0     113 [30] (54,55)   
                                 1.860     0.139     0.068     2.023     0.781
 39      K'*0  100313 [30] (56,57)   
                                 2.805     0.006     0.443     3.357     1.791
 40     K'_1-  -20323 [33] (61,62)   
                                 0.992     1.608    -0.896     2.457     1.290
 41       pi+     211 [33]    
                                 1.156    -0.376    -0.509     1.325     0.140
 42      a_00 9000111 [29] (74,75)   
                                -0.644    -0.070    -0.638     1.401     1.066
 43    rho_30     117 [29] (87,88)   
                                 0.303     0.257    -1.637     2.448     1.777
 44       K*0     313 [31] (97,98)   
                                 1.696     0.095     0.202     1.923     0.878
 45     Kbar0    -311 [31] (99)   
                                 2.850     0.670    -0.336     2.989     0.498
 46       eta     221 [28] (100..102)   
                                -0.908     0.073     0.183     1.079     0.548
 47       pi0     111 [28] (105,106)   
                                -0.931    -0.479     0.318     1.102     0.135
 48       pi-    -211 [35]    
                                -0.532    -0.406     0.285     0.740     0.140
 49       pi+     211 [35]    
                                -2.088    -0.126     0.882     2.274     0.140
 50   omega''   30223 [36] (107..109)   
                                -2.586    -0.368     1.525     3.350     1.439
 51       h_1   10223 [36] (120,121)   
                                -2.130    -0.637    -0.455     2.548     1.159
 52       pi-    -211 [37]    
                                -0.875     0.134    -0.150     0.909     0.140
 53       pi+     211 [37]    
                                -0.966    -0.519     0.715     1.316     0.140
------------------------------------------------------------------------------
     Sum of momenta:            -1e-05    -3e-05    -2e-05      31.2      31.2
------------------------------------------------------------------------------
Step 4 performed by DecayHandler
--- intermediates:
 56       K*+     323 [39] (58,59)   
                                 2.018    -0.646     0.272     2.311     0.883
 58        K0     311 [56] (60)   
                                 1.580    -0.531    -0.047     1.741     0.498
 61    K*bar0    -313 [40] (63,64)   
                                 0.378     1.212    -0.420     1.574     0.831
 63     Kbar0    -311 [61] (65)   
                                 0.351     0.975    -0.546     1.273     0.498
 64       pi0     111 [61] (72,73)   
                                 0.027     0.236     0.126     0.301     0.135
 65      K_S0     310 [63] (66,67)   
                                 0.351     0.975    -0.546     1.273     0.498
 66       pi0     111 [65] (68,69)   
                                 0.027     0.652    -0.251     0.712     0.135
 67       pi0     111 [65] (70,71)   
                                 0.324     0.324    -0.295     0.561     0.135
 74       eta     221 [42] (76..78)   
                                -0.616    -0.332    -0.657     1.105     0.548
 75       pi0     111 [42] (85,86)   
                                -0.029     0.262     0.019     0.296     0.135
 76       pi0     111 [74] (79,80)   
                                -0.249    -0.107    -0.436     0.531     0.135
 77       pi0     111 [74] (81,82)   
                                -0.106    -0.033    -0.039     0.179     0.135
 78       pi0     111 [74] (83,84)   
                                -0.261    -0.192    -0.182     0.395     0.135
 87       pi0     111 [43] (89,90)   
                                 0.724     0.410    -1.157     1.432     0.135
 88     omega     223 [43] (91,92)   
                                -0.422    -0.153    -0.480     1.017     0.776
 91      rho0     113 [88] (93,94)   
                                -0.247    -0.109    -0.550     0.781     0.485
 92       pi0     111 [88] (95,96)   
                                -0.175    -0.045     0.070     0.236     0.135
102       pi0     111 [46] (103,104)   
                                -0.331     0.126     0.085     0.388     0.135
107     omega     223 [50] (110,111)   
                                -1.594    -0.222     0.847     1.986     0.796
108       pi0     111 [50] (116,117)   
                                -0.159    -0.084     0.426     0.481     0.135
109       pi0     111 [50] (118,119)   
                                -0.833    -0.061     0.253     0.883     0.135
110      rho-    -213 [107] (112,113)   
                                -1.406    -0.132     0.800     1.730     0.598
112       pi0     111 [110] (114,115)   
                                -0.294    -0.141     0.414     0.544     0.135
120      rho-    -213 [51] (122,123)   
                                -1.123    -0.387     0.069     1.377     0.694
122       pi0     111 [120] (124,125)   
                                -0.674    -0.540     0.113     0.882     0.135
--- final:
 41       pi+     211 [33]    
                                 1.156    -0.376    -0.509     1.325     0.140
 48       pi-    -211 [35]    
                                -0.532    -0.406     0.285     0.740     0.140
 49       pi+     211 [35]    
                                -2.088    -0.126     0.882     2.274     0.140
 52       pi-    -211 [37]    
                                -0.875     0.134    -0.150     0.909     0.140
 53       pi+     211 [37]    
                                -0.966    -0.519     0.715     1.316     0.140
 54       pi+     211 [38]    
                                 1.357     0.422     0.041     1.428     0.140
 55       pi-    -211 [38]    
                                 0.503    -0.284     0.027     0.594     0.140
 57       pi-    -211 [39]    
                                 0.787     0.652     0.171     1.046     0.140
 59       pi+     211 [56]    
                                 0.437    -0.116     0.319     0.571     0.140
 60      K_L0     130 [58]    
                                 1.580    -0.531    -0.047     1.741     0.498
 62       pi-    -211 [40]    
                                 0.614     0.396    -0.476     0.883     0.140
 68     gamma      22 [66]    
                                -0.009     0.146    -0.117     0.187     0.000
 69     gamma      22 [66]    
                                 0.036     0.506    -0.134     0.524     0.000
 70     gamma      22 [67]    
                                 0.228     0.235    -0.278     0.429     0.000
 71     gamma      22 [67]    
                                 0.096     0.089    -0.017     0.132     0.000
 72     gamma      22 [64]    
                                 0.021     0.253     0.125     0.283     0.000
 73     gamma      22 [64]    
                                 0.007    -0.017     0.001     0.018     0.000
 79     gamma      22 [76]    
                                -0.026    -0.005     0.004     0.027     0.000
 80     gamma      22 [76]    
                                -0.222    -0.102    -0.440     0.503     0.000
 81     gamma      22 [77]    
                                -0.030    -0.059    -0.067     0.094     0.000
 82     gamma      22 [77]    
                                -0.076     0.026     0.027     0.085     0.000
 83     gamma      22 [78]    
                                -0.029     0.021    -0.024     0.043     0.000
 84     gamma      22 [78]    
                                -0.232    -0.212    -0.158     0.352     0.000
 85     gamma      22 [75]    
                                -0.000    -0.016    -0.001     0.016     0.000
 86     gamma      22 [75]    
                                -0.029     0.278     0.021     0.280     0.000
 89     gamma      22 [87]    
                                 0.008     0.013    -0.002     0.015     0.000
 90     gamma      22 [87]    
                                 0.716     0.397    -1.155     1.416     0.000
 93       pi+     211 [91]    
                                 0.059    -0.127    -0.108     0.226     0.140
 94       pi-    -211 [91]    
                                -0.306     0.019    -0.441     0.555     0.140
 95     gamma      22 [92]    
                                 0.015     0.009    -0.013     0.022     0.000
 96     gamma      22 [92]    
                                -0.190    -0.054     0.083     0.214     0.000
 97        K+     321 [44]    
                                 0.864    -0.190     0.017     1.013     0.494
 98       pi-    -211 [44]    
                                 0.832     0.285     0.185     0.909     0.140
 99      K_L0     130 [45]    
                                 2.850     0.670    -0.336     2.989     0.498
100       pi+     211 [46]    
                                -0.348     0.073     0.014     0.382     0.140
101       pi-    -211 [46]    
                                -0.229    -0.126     0.084     0.308     0.140
103     gamma      22 [102]    
                                -0.315     0.112     0.038     0.337     0.000
104     gamma      22 [102]    
                                -0.016     0.013     0.047     0.052     0.000
105     gamma      22 [47]    
                                -0.467    -0.305     0.205     0.595     0.000
106     gamma      22 [47]    
                                -0.463    -0.174     0.113     0.508     0.000
111       pi+     211 [107]    
                                -0.189    -0.091     0.047     0.256     0.140
113       pi-    -211 [110]    
                                -1.112     0.010     0.386     1.185     0.140
114     gamma      22 [112]    
                                -0.261    -0.147     0.296     0.421     0.000
115     gamma      22 [112]    
                                -0.033     0.006     0.119     0.123     0.000
116     gamma      22 [108]    
                                -0.118    -0.121     0.321     0.363     0.000
117     gamma      22 [108]    
                                -0.041     0.037     0.105     0.119     0.000
118     gamma      22 [109]    
                                -0.259     0.035     0.110     0.284     0.000
119     gamma      22 [109]    
                                -0.574    -0.097     0.142     0.599     0.000
121       pi+     211 [51]    
                                -1.007    -0.250    -0.523     1.171     0.140
123       pi-    -211 [120]    
                                -0.448     0.153    -0.045     0.496     0.140
124     gamma      22 [122]    
                                -0.312    -0.228     0.116     0.404     0.000
125     gamma      22 [122]    
                                -0.363    -0.311    -0.003     0.478     0.000
------------------------------------------------------------------------------
     Sum of momenta:            -1e-05    -3e-05    -2e-05      31.2      31.2

The following exception classes were reported in this run:
ThePEG::EventHandler::ConsistencyException warning (1 times)
ThePEG::LesHouchesReader::LesHouchesReopenWarning warning (1 times)
