>>>>>>>>>>>>>>>>>>>>>>>>>>>>>>>>>>>>>>>>>>>>>>>>>>>>>>>>>>>>>>>>>>>>>>>>>>>>>>
>>>> Toolkit for HEP Event Generation - ThePEG 2.2.0 <<<<<<<<<<<<<<<<<<<<<<<<<
>>>> Tue Jun 30 00:42:18 2020                                             <<<<
<<<<<<<<<<<<<<<<<<<<<<<<<<<<<<<<<<<<<<<<<<<<<<<<<<<<<<<<<<<<<<<<<<<<<<<<<<<<<<

>> Herwig 7.2.0 / ThePEG 2.2.0

/Herwig/EventHandlers/NoCuts:
MHat  = 2 .. 9.52592 GeV
Scale = 0 .. 1e+12 GeV2
YHat  = -100 .. 100
X1    = 0 .. 1
X2    = 0 .. 1

* A warning exception of type ThePEG::LesHouchesReader::LesHouchesReopenWarning occurred while generating event number 1: 
Reopening LesHouchesReader 'myReader' after accessing 2 events out of 1
* A warning exception of type ThePEG::EventHandler::ConsistencyException occurred while generating event number 1: 
Event handler 'myLesHouchesHandler' found energy-momentum non-conservation by (-2e-05,-3e-05,-2e-05;1e-05) GeV after generating step number 4.

******************************************************************************
Event number 1 (id: ./OUTPUT/0.95MB1.05/1513331033/TMP/Cluster_HERWIGOutput_33) performed by myLesHouchesHandler
Weight: 1
==============================================================================

--- Colliding particles:
  1        e-      11  (3)   
                                 2.381     0.000     0.000     2.381     0.000
  2        e+     -11  (3)   
                                -2.381     0.000     0.000     2.381     0.000
------------------------------------------------------------------------------
Primary sub-process performed by myReader
--- incoming:
  1        e-      11  (3)   
                                 2.381     0.000     0.000     2.381     0.000
  2        e+     -11  (3)   
                                -2.381     0.000     0.000     2.381     0.000
--- intermediates:
  3     gamma      22 [1,2] (4..8)   
                                 0.000     0.000    -0.000     4.763     4.763
--- outgoing:
  4         g      21 [3] (9)  8>>5 {+1,-2}
                                 0.110    -0.272    -0.347     0.454     0.000
  5         g      21 [3] (10)  4>>7 {+3,-1}
                                 0.532     0.365     0.904     1.111     0.000
  6         g      21 [3] (11)  7>>8 {+4,-5}
                                 0.078    -0.668     0.689     0.963     0.000
  7         g      21 [3] (12)  5>>6 {+5,-3}
                                -0.440     0.329    -1.619     1.710     0.000
  8         g      21 [3] (13)  6>>4 {+2,-4}
                                -0.279     0.245     0.372     0.526     0.000
------------------------------------------------------------------------------
Step 1 performed by myLesHouchesHandler
--- intermediates:
  1        e-      11  (3)   
                                 2.381     0.000     0.000     2.381     0.000
  2        e+     -11  (3)   
                                -2.381     0.000     0.000     2.381     0.000
  3     gamma      22 [1,2] (4..8)   
                                 0.000     0.000    -0.000     4.763     4.763
--- final:
  4         g      21 [3] (9)  8>>5 {+1,-2}
                                 0.110    -0.272    -0.347     0.454     0.000
  5         g      21 [3] (10)  4>>7 {+3,-1}
                                 0.532     0.365     0.904     1.111     0.000
  6         g      21 [3] (11)  7>>8 {+4,-5}
                                 0.078    -0.668     0.689     0.963     0.000
  7         g      21 [3] (12)  5>>6 {+5,-3}
                                -0.440     0.329    -1.619     1.710     0.000
  8         g      21 [3] (13)  6>>4 {+2,-4}
                                -0.279     0.245     0.372     0.526     0.000
------------------------------------------------------------------------------
     Sum of momenta:            -3e-05    -3e-05    -2e-05      4.76      4.76
------------------------------------------------------------------------------
Step 2 performed by ShowerHandler
--- final:
  9         g      21 [4] (14,15)  13>>10 {+1,-2}
                                 0.007    -0.018    -0.023     0.950     0.950
 10         g      21 [5] (16,17)  9>>12 {+3,-1}
                                 0.035     0.024     0.060     0.953     0.950
 11         g      21 [6] (18,19)  12>>13 {+4,-5}
                                 0.005    -0.045     0.046     0.952     0.950
 12         g      21 [7] (20,21)  10>>11 {+5,-3}
                                -0.029     0.022    -0.108     0.957     0.950
 13         g      21 [8] (22,23)  11>>9 {+2,-4}
                                -0.019     0.016     0.025     0.951     0.950
------------------------------------------------------------------------------
     Sum of momenta:            -3e-05    -3e-05    -2e-05      4.76      4.76
------------------------------------------------------------------------------
Step 3 performed by ClusterHadHandler
--- intermediates:
 14         s       3 [9] (24)   {+1}
                                -0.116     0.027    -0.097     0.476     0.450
 15      sbar      -3 [9] (25)   {-2}
                                 0.124    -0.045     0.074     0.475     0.450
 16         d       1 [10] (26)   {+3}
                                 0.044    -0.068    -0.307     0.454     0.325
 17      dbar      -1 [10] (24)   {-1}
                                -0.008     0.093     0.367     0.499     0.325
 18         d       1 [11] (27)   {+4}
                                -0.290     0.073    -0.136     0.462     0.325
 19      dbar      -1 [11] (28)   {-5}
                                 0.296    -0.118     0.182     0.490     0.325
 20         u       2 [12] (28)   {+5}
                                 0.055     0.339    -0.144     0.494     0.325
 21      ubar      -2 [12] (26)   {-3}
                                -0.084    -0.317     0.036     0.463     0.325
 22         s       3 [13] (25)   {+2}
                                 0.036     0.026     0.157     0.479     0.450
 23      sbar      -3 [13] (27)   {-4}
                                -0.054    -0.010    -0.132     0.472     0.450
 24   Cluster      81 [14,17] (33,34)   
                                -0.125     0.120     0.269     0.975     0.920
 25   Cluster      81 [15,22] (29)   
                                 0.159    -0.020     0.231     0.953     0.911
 26   Cluster      81 [16,21] (31,32)   
                                -0.040    -0.385    -0.271     0.917     0.786
 27   Cluster      81 [18,23] (30)   
                                -0.345     0.064    -0.267     0.934     0.824
 28   Cluster      81 [19,20] (35,36)   
                                 0.350     0.221     0.038     0.984     0.892
 30   Cluster      81 [27] (37,38)   
                                -0.354     0.066    -0.277     0.941     0.824
--- final:
 29       f_0 9010221 [25] (39,40)   
                                 0.169    -0.021     0.240     0.947     0.900
 31       pi-    -211 [26]    
                                -0.031    -0.193    -0.234     0.335     0.140
 32       eta     221 [26] (41,42)   
                                -0.009    -0.192    -0.036     0.581     0.548
 33        K-    -321 [24]    
                                -0.268     0.306     0.088     0.646     0.494
 34       pi+     211 [24]    
                                 0.144    -0.186     0.182     0.329     0.140
 35       eta     221 [28] (43..45)   
                                 0.403    -0.026    -0.052     0.682     0.548
 36       pi+     211 [28]    
                                -0.053     0.246     0.089     0.302     0.140
 37       pi-    -211 [30]    
                                -0.340    -0.086    -0.169     0.413     0.140
 38        K+     321 [30]    
                                -0.015     0.151    -0.108     0.528     0.494
------------------------------------------------------------------------------
     Sum of momenta:            -3e-05    -3e-05    -2e-05      4.76      4.76
------------------------------------------------------------------------------
Step 4 performed by DecayHandler
--- intermediates:
 43       pi0     111 [35] (46,47)   
                                 0.156     0.030    -0.051     0.215     0.135
 44       pi0     111 [35] (48,49)   
                                 0.097     0.064     0.109     0.209     0.135
 45       pi0     111 [35] (50,51)   
                                 0.149    -0.119    -0.109     0.258     0.135
--- final:
 31       pi-    -211 [26]    
                                -0.031    -0.193    -0.234     0.335     0.140
 33        K-    -321 [24]    
                                -0.268     0.306     0.088     0.646     0.494
 34       pi+     211 [24]    
                                 0.144    -0.186     0.182     0.329     0.140
 36       pi+     211 [28]    
                                -0.053     0.246     0.089     0.302     0.140
 37       pi-    -211 [30]    
                                -0.340    -0.086    -0.169     0.413     0.140
 38        K+     321 [30]    
                                -0.015     0.151    -0.108     0.528     0.494
 39       pi+     211 [29]    
                                 0.211    -0.063     0.546     0.605     0.140
 40       pi-    -211 [29]    
                                -0.042     0.042    -0.306     0.342     0.140
 41     gamma      22 [32]    
                                 0.139     0.093     0.136     0.216     0.000
 42     gamma      22 [32]    
                                -0.149    -0.285    -0.173     0.365     0.000
 46     gamma      22 [43]    
                                 0.145     0.074    -0.036     0.167     0.000
 47     gamma      22 [43]    
                                 0.011    -0.044    -0.015     0.048     0.000
 48     gamma      22 [44]    
                                 0.107     0.068     0.032     0.131     0.000
 49     gamma      22 [44]    
                                -0.010    -0.004     0.077     0.078     0.000
 50     gamma      22 [45]    
                                 0.063     0.023    -0.024     0.071     0.000
 51     gamma      22 [45]    
                                 0.087    -0.142    -0.086     0.187     0.000
------------------------------------------------------------------------------
     Sum of momenta:            -3e-05    -3e-05    -2e-05      4.76      4.76

The following exception classes were reported in this run:
ThePEG::EventHandler::ConsistencyException warning (1 times)
ThePEG::LesHouchesReader::LesHouchesReopenWarning warning (1 times)
