>>>>>>>>>>>>>>>>>>>>>>>>>>>>>>>>>>>>>>>>>>>>>>>>>>>>>>>>>>>>>>>>>>>>>>>>>>>>>>
>>>> Toolkit for HEP Event Generation - ThePEG 2.2.0 <<<<<<<<<<<<<<<<<<<<<<<<<
>>>> Tue Jun 30 00:57:42 2020                                             <<<<
<<<<<<<<<<<<<<<<<<<<<<<<<<<<<<<<<<<<<<<<<<<<<<<<<<<<<<<<<<<<<<<<<<<<<<<<<<<<<<

>> Herwig 7.2.0 / ThePEG 2.2.0

/Herwig/EventHandlers/NoCuts:
MHat  = 2 .. 24.9012 GeV
Scale = 0 .. 1e+12 GeV2
YHat  = -100 .. 100
X1    = 0 .. 1
X2    = 0 .. 1

* A warning exception of type ThePEG::LesHouchesReader::LesHouchesReopenWarning occurred while generating event number 1: 
Reopening LesHouchesReader 'myReader' after accessing 2 events out of 1
* A warning exception of type ThePEG::EventHandler::ConsistencyException occurred while generating event number 1: 
Event handler 'myLesHouchesHandler' found energy-momentum non-conservation by (-1e-05,-3e-05,-3e-05;1.99994e-05) GeV after generating step number 4.

******************************************************************************
Event number 1 (id: ./OUTPUT/0.95MB1.05/1511886132/TMP/Cluster_HERWIGOutput_23) performed by myLesHouchesHandler
Weight: 1
==============================================================================

--- Colliding particles:
  1        e-      11  (3)   
                                 6.225     0.000    -0.000     6.225     0.000
  2        e+     -11  (3)   
                                -6.225     0.000     0.000     6.225     0.000
------------------------------------------------------------------------------
Primary sub-process performed by myReader
--- incoming:
  1        e-      11  (3)   
                                 6.225     0.000    -0.000     6.225     0.000
  2        e+     -11  (3)   
                                -6.225     0.000     0.000     6.225     0.000
--- intermediates:
  3     gamma      22 [1,2] (4..8)   
                                 0.000     0.000     0.000    12.451    12.451
--- outgoing:
  4         g      21 [3] (9)  5>>6 {+1,-2}
                                -0.351    -0.883    -0.375     1.021     0.000
  5         g      21 [3] (10)  8>>4 {+2,-3}
                                -0.425    -0.740     0.703     1.106     0.000
  6         g      21 [3] (11)  4>>7 {+4,-1}
                                 0.429     3.388     3.676     5.017     0.000
  7         g      21 [3] (12)  6>>8 {+5,-4}
                                -1.111    -0.103    -2.147     2.419     0.000
  8         g      21 [3] (13)  7>>5 {+3,-5}
                                 1.457    -1.662    -1.857     2.887     0.000
------------------------------------------------------------------------------
Step 1 performed by myLesHouchesHandler
--- intermediates:
  1        e-      11  (3)   
                                 6.225     0.000    -0.000     6.225     0.000
  2        e+     -11  (3)   
                                -6.225     0.000     0.000     6.225     0.000
  3     gamma      22 [1,2] (4..8)   
                                 0.000     0.000     0.000    12.451    12.451
--- final:
  4         g      21 [3] (9)  5>>6 {+1,-2}
                                -0.351    -0.883    -0.375     1.021     0.000
  5         g      21 [3] (10)  8>>4 {+2,-3}
                                -0.425    -0.740     0.703     1.106     0.000
  6         g      21 [3] (11)  4>>7 {+4,-1}
                                 0.429     3.388     3.676     5.017     0.000
  7         g      21 [3] (12)  6>>8 {+5,-4}
                                -1.111    -0.103    -2.147     2.419     0.000
  8         g      21 [3] (13)  7>>5 {+3,-5}
                                 1.457    -1.662    -1.857     2.887     0.000
------------------------------------------------------------------------------
     Sum of momenta:            -2e-05    -3e-05    -3e-05      12.5      12.5
------------------------------------------------------------------------------
Step 2 performed by ShowerHandler
--- final:
  9         g      21 [4] (14,15)  10>>11 {+1,-2}
                                -0.316    -0.794    -0.337     1.322     0.950
 10         g      21 [5] (16,17)  13>>9 {+2,-3}
                                -0.382    -0.666     0.632     1.375     0.950
 11         g      21 [6] (18,19)  9>>12 {+4,-1}
                                 0.386     3.048     3.307     4.613     0.950
 12         g      21 [7] (20,21)  11>>13 {+5,-4}
                                -0.999    -0.093    -1.931     2.375     0.950
 13         g      21 [8] (22,23)  12>>10 {+3,-5}
                                 1.311    -1.496    -1.671     2.766     0.950
------------------------------------------------------------------------------
     Sum of momenta:            -2e-05    -3e-05    -3e-05      12.5      12.5
------------------------------------------------------------------------------
Step 3 performed by ClusterHadHandler
--- intermediates:
 14         u       2 [9] (24)   {+1}
                                -0.506    -0.374    -0.126     0.720     0.325
 15      ubar      -2 [9] (28)   {-2}
                                 0.190    -0.420    -0.212     0.602     0.325
 16         u       2 [10] (27)   {+2}
                                -0.469    -0.401     0.120     0.707     0.325
 17      ubar      -2 [10] (26)   {-3}
                                 0.087    -0.265     0.513     0.668     0.325
 18         u       2 [11] (26)   {+4}
                                 0.509     1.694     2.111     2.773     0.325
 19      ubar      -2 [11] (24)   {-1}
                                -0.122     1.355     1.196     1.840     0.325
 20         u       2 [12] (25)   {+5}
                                -0.350    -0.340    -1.079     1.228     0.325
 21      ubar      -2 [12] (27)   {-4}
                                -0.649     0.248    -0.852     1.146     0.325
 22         u       2 [13] (28)   {+3}
                                 0.237    -0.766    -0.675     1.097     0.325
 23      ubar      -2 [13] (25)   {-5}
                                 1.075    -0.730    -0.995     1.668     0.325
 24   Cluster      81 [14,19] (35,36)   
                                -0.628     0.980     1.070     2.560     2.013
 25   Cluster      81 [20,23] (29,30)   
                                 0.725    -1.070    -2.074     2.896     1.555
 26   Cluster      81 [17,18] (31,32)   
                                 0.596     1.429     2.623     3.441     1.601
 27   Cluster      81 [16,21] (37,38)   
                                -1.118    -0.153    -0.732     1.854     1.276
 28   Cluster      81 [15,22] (33,34)   
                                 0.426    -1.186    -0.887     1.700     0.717
--- final:
 29       eta     221 [25] (39,40)   
                                 0.314    -0.819    -1.504     1.825     0.548
 30     omega     223 [25] (41,42)   
                                 0.411    -0.251    -0.571     1.072     0.769
 31      rho+     213 [26] (47,48)   
                                 0.503     1.090     1.861     2.372     0.849
 32      rho-    -213 [26] (51,52)   
                                 0.092     0.338     0.762     1.069     0.662
 33       pi+     211 [28]    
                                -0.106    -0.659    -0.499     0.845     0.140
 34       pi-    -211 [28]    
                                 0.532    -0.527    -0.388     0.855     0.140
 35      a_10   20113 [24] (55,56)   
                                -0.778     0.256     0.207     1.415     1.135
 36       pi0     111 [24] (61,62)   
                                 0.150     0.724     0.863     1.145     0.135
 37       pi0     111 [27] (63..65)   
                                -0.291     0.353    -0.052     0.480     0.135
 38      rho0     113 [27] (66,67)   
                                -0.827    -0.506    -0.681     1.374     0.696
------------------------------------------------------------------------------
     Sum of momenta:            -2e-05    -3e-05    -3e-05      12.5      12.5
------------------------------------------------------------------------------
Step 4 performed by DecayHandler
--- intermediates:
 41      rho+     213 [30] (43,44)   
                                 0.285    -0.404    -0.515     0.823     0.409
 43       pi0     111 [41] (45,46)   
                                 0.272    -0.145    -0.198     0.390     0.135
 47       pi0     111 [31] (49,50)   
                                 0.389     1.103     1.179     1.666     0.135
 51       pi0     111 [32] (53,54)   
                                 0.117    -0.145     0.142     0.270     0.135
 55    rho''-  -30213 [35] (57,58)   
                                -0.743     0.370     0.018     1.151     0.798
 58       pi0     111 [55] (59,60)   
                                -0.190     0.475    -0.146     0.549     0.135
--- final:
 33       pi+     211 [28]    
                                -0.106    -0.659    -0.499     0.845     0.140
 34       pi-    -211 [28]    
                                 0.532    -0.527    -0.388     0.855     0.140
 39     gamma      22 [29]    
                                 0.362    -0.768    -1.530     1.750     0.000
 40     gamma      22 [29]    
                                -0.048    -0.051     0.026     0.075     0.000
 42       pi-    -211 [30]    
                                 0.126     0.153    -0.056     0.249     0.140
 44       pi+     211 [41]    
                                 0.013    -0.259    -0.317     0.433     0.140
 45     gamma      22 [43]    
                                 0.040     0.021    -0.005     0.046     0.000
 46     gamma      22 [43]    
                                 0.232    -0.166    -0.193     0.344     0.000
 48       pi+     211 [31]    
                                 0.114    -0.013     0.683     0.706     0.140
 49     gamma      22 [47]    
                                 0.140     0.306     0.417     0.536     0.000
 50     gamma      22 [47]    
                                 0.249     0.797     0.762     1.130     0.000
 52       pi-    -211 [32]    
                                -0.025     0.483     0.620     0.799     0.140
 53     gamma      22 [51]    
                                 0.049    -0.146     0.063     0.166     0.000
 54     gamma      22 [51]    
                                 0.068     0.001     0.079     0.104     0.000
 56       pi+     211 [35]    
                                -0.035    -0.114     0.189     0.263     0.140
 57       pi-    -211 [55]    
                                -0.553    -0.105     0.164     0.603     0.140
 59     gamma      22 [58]    
                                -0.003     0.147    -0.010     0.147     0.000
 60     gamma      22 [58]    
                                -0.188     0.328    -0.136     0.402     0.000
 61     gamma      22 [36]    
                                 0.033     0.417     0.419     0.592     0.000
 62     gamma      22 [36]    
                                 0.117     0.307     0.444     0.552     0.000
 63     gamma      22 [37]    
                                -0.148     0.167     0.040     0.226     0.000
 64        e-      11 [37]    
                                -0.064     0.078    -0.053     0.114     0.001
 65        e+     -11 [37]    
                                -0.080     0.108    -0.039     0.140     0.001
 66       pi+     211 [38]    
                                -0.680    -0.264    -0.151     0.758     0.140
 67       pi-    -211 [38]    
                                -0.147    -0.242    -0.529     0.616     0.140
------------------------------------------------------------------------------
     Sum of momenta:            -2e-05    -3e-05    -3e-05      12.5      12.5

The following exception classes were reported in this run:
ThePEG::EventHandler::ConsistencyException warning (1 times)
ThePEG::LesHouchesReader::LesHouchesReopenWarning warning (1 times)
