>>>>>>>>>>>>>>>>>>>>>>>>>>>>>>>>>>>>>>>>>>>>>>>>>>>>>>>>>>>>>>>>>>>>>>>>>>>>>>
>>>> Toolkit for HEP Event Generation - ThePEG 2.2.0 <<<<<<<<<<<<<<<<<<<<<<<<<
>>>> Tue Jun 30 00:17:03 2020                                             <<<<
<<<<<<<<<<<<<<<<<<<<<<<<<<<<<<<<<<<<<<<<<<<<<<<<<<<<<<<<<<<<<<<<<<<<<<<<<<<<<<

>> Herwig 7.2.0 / ThePEG 2.2.0

/Herwig/EventHandlers/NoCuts:
MHat  = 2 .. 18.6812 GeV
Scale = 0 .. 1e+12 GeV2
YHat  = -100 .. 100
X1    = 0 .. 1
X2    = 0 .. 1

* A warning exception of type ThePEG::LesHouchesReader::LesHouchesReopenWarning occurred while generating event number 1: 
Reopening LesHouchesReader 'myReader' after accessing 2 events out of 1
* A warning exception of type ThePEG::EventHandler::ConsistencyException occurred while generating event number 1: 
Event handler 'myLesHouchesHandler' found energy-momentum non-conservation by (-2e-05,-2e-05,-3e-05;9.99989e-06) GeV after generating step number 4.

******************************************************************************
Event number 1 (id: ./OUTPUT/0.95MB1.05/1512972536/TMP/Cluster_HERWIGOutput_1) performed by myLesHouchesHandler
Weight: 1
==============================================================================

--- Colliding particles:
  1        e-      11  (3)   
                                 4.670     0.000     0.000     4.670     0.000
  2        e+     -11  (3)   
                                -4.670     0.000    -0.000     4.670     0.000
------------------------------------------------------------------------------
Primary sub-process performed by myReader
--- incoming:
  1        e-      11  (3)   
                                 4.670     0.000     0.000     4.670     0.000
  2        e+     -11  (3)   
                                -4.670     0.000    -0.000     4.670     0.000
--- intermediates:
  3     gamma      22 [1,2] (4..8)   
                                 0.000     0.000    -0.000     9.341     9.341
--- outgoing:
  4         g      21 [3] (9)  7>>6 {+1,-2}
                                 0.254     3.190     0.228     3.209     0.000
  5         g      21 [3] (10)  8>>7 {+3,-4}
                                 0.813    -1.066    -1.747     2.202     0.000
  6         g      21 [3] (11)  4>>8 {+5,-1}
                                -0.447    -0.507     1.518     1.662     0.000
  7         g      21 [3] (12)  5>>4 {+2,-3}
                                -0.855    -0.277    -0.102     0.905     0.000
  8         g      21 [3] (13)  6>>5 {+4,-5}
                                 0.235    -1.339     0.102     1.364     0.000
------------------------------------------------------------------------------
Step 1 performed by myLesHouchesHandler
--- intermediates:
  1        e-      11  (3)   
                                 4.670     0.000     0.000     4.670     0.000
  2        e+     -11  (3)   
                                -4.670     0.000    -0.000     4.670     0.000
  3     gamma      22 [1,2] (4..8)   
                                 0.000     0.000    -0.000     9.341     9.341
--- final:
  4         g      21 [3] (9)  7>>6 {+1,-2}
                                 0.254     3.190     0.228     3.209     0.000
  5         g      21 [3] (10)  8>>7 {+3,-4}
                                 0.813    -1.066    -1.747     2.202     0.000
  6         g      21 [3] (11)  4>>8 {+5,-1}
                                -0.447    -0.507     1.518     1.662     0.000
  7         g      21 [3] (12)  5>>4 {+2,-3}
                                -0.855    -0.277    -0.102     0.905     0.000
  8         g      21 [3] (13)  6>>5 {+4,-5}
                                 0.235    -1.339     0.102     1.364     0.000
------------------------------------------------------------------------------
     Sum of momenta:            -3e-05    -2e-05    -3e-05      9.34      9.34
------------------------------------------------------------------------------
Step 2 performed by ShowerHandler
--- final:
  9         g      21 [4] (14,15)  12>>11 {+1,-2}
                                 0.214     2.684     0.192     2.862     0.950
 10         g      21 [5] (16,17)  13>>12 {+3,-4}
                                 0.684    -0.897    -1.470     2.082     0.950
 11         g      21 [6] (18,19)  9>>13 {+5,-1}
                                -0.376    -0.427     1.277     1.690     0.950
 12         g      21 [7] (20,21)  10>>9 {+2,-3}
                                -0.719    -0.233    -0.085     1.217     0.950
 13         g      21 [8] (22,23)  11>>10 {+4,-5}
                                 0.197    -1.127     0.086     1.490     0.950
------------------------------------------------------------------------------
     Sum of momenta:            -3e-05    -2e-05    -3e-05      9.34      9.34
------------------------------------------------------------------------------
Step 3 performed by ClusterHadHandler
--- intermediates:
 14         s       3 [9] (28)   {+1}
                                -0.010     1.419     0.013     1.489     0.450
 15      sbar      -3 [9] (24)   {-2}
                                 0.224     1.265     0.179     1.373     0.450
 16         d       1 [10] (26)   {+3}
                                 0.507    -0.711    -1.369     1.656     0.325
 17      dbar      -1 [10] (28)   {-4}
                                 0.177    -0.186    -0.101     0.427     0.325
 18         d       1 [11] (25)   {+5}
                                -0.461    -0.096     0.413     0.705     0.325
 19      dbar      -1 [11] (27)   {-1}
                                 0.085    -0.331     0.864     0.985     0.325
 20         u       2 [12] (24)   {+2}
                                -0.249     0.224    -0.127     0.484     0.325
 21      ubar      -2 [12] (25)   {-3}
                                -0.471    -0.458     0.041     0.734     0.325
 22         s       3 [13] (27)   {+4}
                                 0.144    -0.546     0.187     0.746     0.450
 23      sbar      -3 [13] (26)   {-5}
                                 0.054    -0.580    -0.101     0.743     0.450
 24   Cluster      81 [15,20] (33,34)   
                                -0.025     1.489     0.052     1.856     1.107
 25   Cluster      81 [18,21] (35,36)   
                                -0.932    -0.553     0.454     1.439     0.831
 26   Cluster      81 [16,23] (29,30)   
                                 0.561    -1.291    -1.470     2.399     1.270
 27   Cluster      81 [19,22] (37,38)   
                                 0.229    -0.878     1.051     1.731     1.033
 28   Cluster      81 [14,17] (31,32)   
                                 0.167     1.233    -0.088     1.916     1.454
--- final:
 29       pi0     111 [26] (39,40)   
                                 0.109    -0.003    -0.457     0.489     0.135
 30       K*0     313 [26] (41,42)   
                                 0.452    -1.288    -1.013     1.910     0.872
 31     Kbar0    -311 [28] (43)   
                                -0.184     0.461     0.199     0.730     0.498
 32     omega     223 [28] (44,45)   
                                 0.351     0.772    -0.286     1.186     0.777
 33        K0     311 [24] (50)   
                                -0.283     0.374     0.147     0.700     0.498
 34       pi+     211 [24]    
                                 0.258     1.115    -0.095     1.156     0.140
 35       pi-    -211 [25]    
                                -0.424    -0.271     0.362     0.636     0.140
 36       eta     221 [25] (53..55)   
                                -0.508    -0.282     0.092     0.803     0.548
 37     Kbar0    -311 [27] (58)   
                                 0.075    -0.106     0.171     0.542     0.498
 38       pi0     111 [27] (59,60)   
                                 0.153    -0.772     0.881     1.189     0.135
------------------------------------------------------------------------------
     Sum of momenta:            -3e-05    -2e-05    -3e-05      9.34      9.34
------------------------------------------------------------------------------
Step 4 performed by DecayHandler
--- intermediates:
 44      rho0     113 [32] (46,47)   
                                 0.414     0.723    -0.346     1.017     0.471
 45       pi0     111 [32] (48,49)   
                                -0.063     0.050     0.060     0.168     0.135
 50      K_S0     310 [33] (51,52)   
                                -0.283     0.374     0.147     0.700     0.498
 55       pi0     111 [36] (56,57)   
                                -0.075    -0.062     0.101     0.195     0.135
--- final:
 34       pi+     211 [24]    
                                 0.258     1.115    -0.095     1.156     0.140
 35       pi-    -211 [25]    
                                -0.424    -0.271     0.362     0.636     0.140
 39     gamma      22 [29]    
                                 0.135     0.012    -0.307     0.336     0.000
 40     gamma      22 [29]    
                                -0.027    -0.015    -0.150     0.153     0.000
 41        K+     321 [30]    
                                 0.279    -0.680    -0.882     1.250     0.494
 42       pi-    -211 [30]    
                                 0.173    -0.608    -0.131     0.661     0.140
 43      K_L0     130 [31]    
                                -0.184     0.461     0.199     0.730     0.498
 46       pi+     211 [44]    
                                 0.179     0.574    -0.343     0.706     0.140
 47       pi-    -211 [44]    
                                 0.235     0.149    -0.003     0.311     0.140
 48     gamma      22 [45]    
                                -0.076     0.073     0.081     0.133     0.000
 49     gamma      22 [45]    
                                 0.013    -0.024    -0.022     0.035     0.000
 51       pi+     211 [50]    
                                -0.249     0.116     0.239     0.390     0.140
 52       pi-    -211 [50]    
                                -0.034     0.259    -0.092     0.310     0.140
 53       pi+     211 [36]    
                                -0.201    -0.233     0.003     0.338     0.140
 54       pi-    -211 [36]    
                                -0.232     0.013    -0.012     0.271     0.140
 56     gamma      22 [55]    
                                -0.004    -0.090     0.063     0.110     0.000
 57     gamma      22 [55]    
                                -0.071     0.028     0.038     0.085     0.000
 58      K_L0     130 [37]    
                                 0.075    -0.106     0.171     0.542     0.498
 59     gamma      22 [38]    
                                 0.056    -0.549     0.558     0.785     0.000
 60     gamma      22 [38]    
                                 0.097    -0.223     0.323     0.404     0.000
------------------------------------------------------------------------------
     Sum of momenta:            -3e-05    -2e-05    -3e-05      9.34      9.34

The following exception classes were reported in this run:
ThePEG::EventHandler::ConsistencyException warning (1 times)
ThePEG::LesHouchesReader::LesHouchesReopenWarning warning (1 times)
