>>>>>>>>>>>>>>>>>>>>>>>>>>>>>>>>>>>>>>>>>>>>>>>>>>>>>>>>>>>>>>>>>>>>>>>>>>>>>>
>>>> Toolkit for HEP Event Generation - ThePEG 2.2.0 <<<<<<<<<<<<<<<<<<<<<<<<<
>>>> Tue Jun 30 00:51:17 2020                                             <<<<
<<<<<<<<<<<<<<<<<<<<<<<<<<<<<<<<<<<<<<<<<<<<<<<<<<<<<<<<<<<<<<<<<<<<<<<<<<<<<<

>> Herwig 7.2.0 / ThePEG 2.2.0

/Herwig/EventHandlers/NoCuts:
MHat  = 2 .. 15.1772 GeV
Scale = 0 .. 1e+12 GeV2
YHat  = -100 .. 100
X1    = 0 .. 1
X2    = 0 .. 1

* A warning exception of type ThePEG::LesHouchesReader::LesHouchesReopenWarning occurred while generating event number 1: 
Reopening LesHouchesReader 'myReader' after accessing 2 events out of 1
* A warning exception of type ThePEG::EventHandler::ConsistencyException occurred while generating event number 1: 
Event handler 'myLesHouchesHandler' found energy-momentum non-conservation by (-1e-05,-2e-05,-2e-05;9.99966e-06) GeV after generating step number 4.

******************************************************************************
Event number 1 (id: ./OUTPUT/0.95MB1.05/1515259493/TMP/Cluster_HERWIGOutput_27) performed by myLesHouchesHandler
Weight: 1
==============================================================================

--- Colliding particles:
  1        e-      11  (3)   
                                 3.794     0.000    -0.000     3.794     0.000
  2        e+     -11  (3)   
                                -3.794     0.000     0.000     3.794     0.000
------------------------------------------------------------------------------
Primary sub-process performed by myReader
--- incoming:
  1        e-      11  (3)   
                                 3.794     0.000    -0.000     3.794     0.000
  2        e+     -11  (3)   
                                -3.794     0.000     0.000     3.794     0.000
--- intermediates:
  3     gamma      22 [1,2] (4..7)   
                                -0.000     0.000     0.000     7.589     7.589
--- outgoing:
  4         g      21 [3] (8)  7>>5 {+1,-2}
                                -2.347    -0.235    -1.555     2.825     0.000
  5         g      21 [3] (11)  4>>6 {+3,-1}
                                -0.387     0.768    -0.576     1.035     0.000
  6         g      21 [3] (12)  5>>7 {+4,-3}
                                 0.975    -0.200     1.558     1.848     0.000
  7         g      21 [3] (13)  6>>4 {+2,-4}
                                 1.759    -0.333     0.573     1.880     0.000
------------------------------------------------------------------------------
Step 1 performed by myLesHouchesHandler
--- intermediates:
  1        e-      11  (3)   
                                 3.794     0.000    -0.000     3.794     0.000
  2        e+     -11  (3)   
                                -3.794     0.000     0.000     3.794     0.000
  3     gamma      22 [1,2] (4..7)   
                                -0.000     0.000     0.000     7.589     7.589
--- final:
  4         g      21 [3] (8)  7>>5 {+1,-2}
                                -2.347    -0.235    -1.555     2.825     0.000
  5         g      21 [3] (11)  4>>6 {+3,-1}
                                -0.387     0.768    -0.576     1.035     0.000
  6         g      21 [3] (12)  5>>7 {+4,-3}
                                 0.975    -0.200     1.558     1.848     0.000
  7         g      21 [3] (13)  6>>4 {+2,-4}
                                 1.759    -0.333     0.573     1.880     0.000
------------------------------------------------------------------------------
     Sum of momenta:            -2e-05    -2e-05    -2e-05      7.59      7.59
------------------------------------------------------------------------------
Step 2 performed by ShowerHandler
--- intermediates:
  8         g      21 [4] (9,10)   {+1,-2}
                                -1.511    -0.151    -1.001     3.367     2.834
--- final:
  9         g      21 [8] (20,21)  10>>11 {+1,-5}
                                -0.015     0.288    -1.170     1.534     0.950
 10         g      21 [8] (22,23)  13>>9 {+5,-2}
                                -1.496    -0.439     0.169     1.833     0.950
 11         g      21 [5] (14,15)  9>>12 {+3,-1}
                                -0.249     0.494    -0.371     1.160     0.950
 12         g      21 [6] (16,17)  11>>13 {+4,-3}
                                 0.627    -0.129     1.003     1.522     0.950
 13         g      21 [7] (18,19)  12>>10 {+2,-4}
                                 1.132    -0.215     0.369     1.538     0.950
------------------------------------------------------------------------------
     Sum of momenta:            -2e-05    -2e-05    -2e-05      7.59      7.59
------------------------------------------------------------------------------
Step 3 performed by ClusterHadHandler
--- intermediates:
 14         u       2 [11] (24)   {+3}
                                -0.082     0.177     0.186     0.422     0.325
 15      ubar      -2 [11] (25)   {-1}
                                -0.167     0.317    -0.557     0.738     0.325
 16         s       3 [12] (26)   {+4}
                                 0.179    -0.009     0.553     0.735     0.450
 17      sbar      -3 [12] (24)   {-3}
                                 0.448    -0.119     0.450     0.787     0.450
 18         u       2 [13] (27)   {+2}
                                 0.047    -0.030     0.178     0.375     0.325
 19      ubar      -2 [13] (26)   {-4}
                                 1.086    -0.184     0.191     1.164     0.325
 20         u       2 [9] (25)   {+1}
                                -0.284     0.109    -0.897     1.001     0.325
 21      ubar      -2 [9] (28)   {-5}
                                 0.269     0.179    -0.273     0.533     0.325
 22         u       2 [10] (28)   {+5}
                                -0.264    -0.246     0.242     0.543     0.325
 23      ubar      -2 [10] (27)   {-2}
                                -1.232    -0.193    -0.073     1.291     0.325
 24   Cluster      81 [14,17] (37,38)   
                                 0.366     0.058     0.636     1.210     0.960
 25   Cluster      81 [15,20] (31,32)   
                                -0.451     0.427    -1.454     1.739     0.725
 26   Cluster      81 [16,19] (33,34)   
                                 1.265    -0.194     0.744     1.899     1.190
 27   Cluster      81 [18,23] (35,36)   
                                -1.185    -0.223     0.105     1.665     1.144
 28   Cluster      81 [21,22] (29,30)   
                                 0.005    -0.067    -0.031     1.076     1.073
--- final:
 29       pi-    -211 [28]    
                                 0.002    -0.055     0.212     0.259     0.140
 30      rho+     213 [28] (39,40)   
                                 0.003    -0.012    -0.243     0.816     0.779
 31       pi-    -211 [25]    
                                -0.516     0.041    -0.749     0.921     0.140
 32       pi+     211 [25]    
                                 0.065     0.386    -0.705     0.818     0.140
 33       K*-    -323 [26] (43,44)   
                                 1.163    -0.151     0.443     1.551     0.913
 34       pi0     111 [26] (47,48)   
                                 0.101    -0.043     0.301     0.348     0.135
 35      rho0     113 [27] (49,50)   
                                -0.599    -0.400     0.013     1.031     0.738
 36       pi0     111 [27] (51,52)   
                                -0.586     0.177     0.092     0.634     0.135
 37       pi0     111 [24] (53,54)   
                                 0.139    -0.212    -0.052     0.292     0.135
 38        K+     321 [24]    
                                 0.227     0.269     0.689     0.918     0.494
------------------------------------------------------------------------------
     Sum of momenta:            -2e-05    -2e-05    -2e-05      7.59      7.59
------------------------------------------------------------------------------
Step 4 performed by DecayHandler
--- intermediates:
 39       pi0     111 [30] (41,42)   
                                 0.355    -0.051    -0.039     0.385     0.135
 44       pi0     111 [33] (45,46)   
                                 0.258    -0.296    -0.011     0.415     0.135
--- final:
 29       pi-    -211 [28]    
                                 0.002    -0.055     0.212     0.259     0.140
 31       pi-    -211 [25]    
                                -0.516     0.041    -0.749     0.921     0.140
 32       pi+     211 [25]    
                                 0.065     0.386    -0.705     0.818     0.140
 38        K+     321 [24]    
                                 0.227     0.269     0.689     0.918     0.494
 40       pi+     211 [30]    
                                -0.351     0.039    -0.204     0.431     0.140
 41     gamma      22 [39]    
                                 0.122     0.042     0.012     0.129     0.000
 42     gamma      22 [39]    
                                 0.233    -0.093    -0.050     0.256     0.000
 43        K-    -321 [33]    
                                 0.905     0.145     0.454     1.136     0.494
 45     gamma      22 [44]    
                                 0.057    -0.140     0.039     0.156     0.000
 46     gamma      22 [44]    
                                 0.201    -0.156    -0.050     0.259     0.000
 47     gamma      22 [34]    
                                 0.001    -0.052     0.034     0.062     0.000
 48     gamma      22 [34]    
                                 0.101     0.009     0.267     0.286     0.000
 49       pi+     211 [35]    
                                -0.180    -0.468     0.186     0.553     0.140
 50       pi-    -211 [35]    
                                -0.419     0.068    -0.173     0.479     0.140
 51     gamma      22 [36]    
                                -0.552     0.129     0.072     0.571     0.000
 52     gamma      22 [36]    
                                -0.034     0.048     0.020     0.063     0.000
 53     gamma      22 [37]    
                                 0.073    -0.200    -0.066     0.223     0.000
 54     gamma      22 [37]    
                                 0.067    -0.011     0.013     0.069     0.000
------------------------------------------------------------------------------
     Sum of momenta:            -2e-05    -2e-05    -2e-05      7.59      7.59

The following exception classes were reported in this run:
ThePEG::EventHandler::ConsistencyException warning (1 times)
ThePEG::LesHouchesReader::LesHouchesReopenWarning warning (1 times)
