>>>>>>>>>>>>>>>>>>>>>>>>>>>>>>>>>>>>>>>>>>>>>>>>>>>>>>>>>>>>>>>>>>>>>>>>>>>>>>
>>>> Toolkit for HEP Event Generation - ThePEG 2.2.0 <<<<<<<<<<<<<<<<<<<<<<<<<
>>>> Tue Jun 30 00:43:03 2020                                             <<<<
<<<<<<<<<<<<<<<<<<<<<<<<<<<<<<<<<<<<<<<<<<<<<<<<<<<<<<<<<<<<<<<<<<<<<<<<<<<<<<

>> Herwig 7.2.0 / ThePEG 2.2.0

/Herwig/EventHandlers/NoCuts:
MHat  = 2 .. 11.7288 GeV
Scale = 0 .. 1e+12 GeV2
YHat  = -100 .. 100
X1    = 0 .. 1
X2    = 0 .. 1

* A warning exception of type ThePEG::LesHouchesReader::LesHouchesReopenWarning occurred while generating event number 1: 
Reopening LesHouchesReader 'myReader' after accessing 2 events out of 1
* A warning exception of type ThePEG::EventHandler::ConsistencyException occurred while generating event number 1: 
Event handler 'myLesHouchesHandler' found energy-momentum non-conservation by (-1e-05,-2e-05,-2e-05;1.99996e-05) GeV after generating step number 4.

******************************************************************************
Event number 1 (id: ./OUTPUT/0.95MB1.05/1514252634/TMP/Cluster_HERWIGOutput_34) performed by myLesHouchesHandler
Weight: 1
==============================================================================

--- Colliding particles:
  1        e-      11  (3)   
                                 2.932     0.000     0.000     2.932     0.000
  2        e+     -11  (3)   
                                -2.932     0.000     0.000     2.932     0.000
------------------------------------------------------------------------------
Primary sub-process performed by myReader
--- incoming:
  1        e-      11  (3)   
                                 2.932     0.000     0.000     2.932     0.000
  2        e+     -11  (3)   
                                -2.932     0.000     0.000     2.932     0.000
--- intermediates:
  3     gamma      22 [1,2] (4..7)   
                                -0.000     0.000    -0.000     5.864     5.864
--- outgoing:
  4         g      21 [3] (8)  6>>7 {+1,-2}
                                 1.199     0.332     0.396     1.305     0.000
  5         g      21 [3] (9)  7>>6 {+3,-4}
                                 1.186     1.097    -0.512     1.694     0.000
  6         g      21 [3] (10)  5>>4 {+2,-3}
                                -1.047    -0.433    -0.243     1.159     0.000
  7         g      21 [3] (11)  4>>5 {+4,-1}
                                -1.338    -0.995     0.360     1.706     0.000
------------------------------------------------------------------------------
Step 1 performed by myLesHouchesHandler
--- intermediates:
  1        e-      11  (3)   
                                 2.932     0.000     0.000     2.932     0.000
  2        e+     -11  (3)   
                                -2.932     0.000     0.000     2.932     0.000
  3     gamma      22 [1,2] (4..7)   
                                -0.000     0.000    -0.000     5.864     5.864
--- final:
  4         g      21 [3] (8)  6>>7 {+1,-2}
                                 1.199     0.332     0.396     1.305     0.000
  5         g      21 [3] (9)  7>>6 {+3,-4}
                                 1.186     1.097    -0.512     1.694     0.000
  6         g      21 [3] (10)  5>>4 {+2,-3}
                                -1.047    -0.433    -0.243     1.159     0.000
  7         g      21 [3] (11)  4>>5 {+4,-1}
                                -1.338    -0.995     0.360     1.706     0.000
------------------------------------------------------------------------------
     Sum of momenta:            -2e-05    -2e-05    -2e-05      5.86      5.86
------------------------------------------------------------------------------
Step 2 performed by ShowerHandler
--- final:
  8         g      21 [4] (12,13)  10>>11 {+1,-2}
                                 0.908     0.251     0.300     1.371     0.950
  9         g      21 [5] (14,15)  11>>10 {+3,-4}
                                 0.898     0.830    -0.388     1.597     0.950
 10         g      21 [6] (16,17)  9>>8 {+2,-3}
                                -0.793    -0.328    -0.184     1.293     0.950
 11         g      21 [7] (18,19)  8>>9 {+4,-1}
                                -1.013    -0.754     0.272     1.603     0.950
------------------------------------------------------------------------------
     Sum of momenta:            -2e-05    -2e-05    -2e-05      5.86      5.86
------------------------------------------------------------------------------
Step 3 performed by ClusterHadHandler
--- intermediates:
 12         d       1 [8] (20)   {+1}
                                 0.376    -0.171     0.325     0.618     0.325
 13      dbar      -1 [8] (21)   {-2}
                                 0.532     0.422    -0.025     0.753     0.325
 14         d       1 [9] (22)   {+3}
                                 0.183     0.044    -0.302     0.482     0.325
 15      dbar      -1 [9] (23)   {-4}
                                 0.715     0.787    -0.086     1.115     0.325
 16         s       3 [10] (21)   {+2}
                                -0.553    -0.143    -0.187     0.751     0.450
 17      sbar      -3 [10] (22)   {-3}
                                -0.239    -0.185     0.002     0.542     0.450
 18         d       1 [11] (23)   {+4}
                                -0.456    -0.439    -0.206     0.741     0.325
 19      dbar      -1 [11] (20)   {-1}
                                -0.557    -0.314     0.479     0.862     0.325
 20   Cluster      81 [12,19] (24,25)   
                                -0.181    -0.485     0.804     1.480     1.130
 21   Cluster      81 [13,16] (26,27)   
                                -0.021     0.279    -0.212     1.504     1.463
 22   Cluster      81 [14,17] (30,31)   
                                -0.056    -0.141    -0.299     1.024     0.967
 23   Cluster      81 [15,18] (28,29)   
                                 0.259     0.347    -0.293     1.856     1.781
--- final:
 24       pi0     111 [20] (32,33)   
                                -0.086    -0.326     0.511     0.627     0.135
 25     omega     223 [20] (34,35)   
                                -0.095    -0.159     0.293     0.853     0.779
 26      rho+     213 [21] (40,41)   
                                -0.128    -0.319    -0.429     0.692     0.421
 27        K-    -321 [21]    
                                 0.107     0.598     0.217     0.812     0.494
 28       pi0     111 [23] (44,45)   
                                 0.166    -0.123     0.313     0.399     0.135
 29      a_10   20113 [23] (46,47)   
                                 0.092     0.470    -0.605     1.457     1.236
 30       pi-    -211 [22]    
                                 0.185    -0.055     0.173     0.294     0.140
 31        K+     321 [22]    
                                -0.241    -0.087    -0.473     0.730     0.494
------------------------------------------------------------------------------
     Sum of momenta:            -2e-05    -2e-05    -2e-05      5.86      5.86
------------------------------------------------------------------------------
Step 4 performed by DecayHandler
--- intermediates:
 34      rho-    -213 [25] (36,37)   
                                -0.025    -0.002     0.376     0.617     0.488
 36       pi0     111 [34] (38,39)   
                                 0.071     0.029    -0.045     0.162     0.135
 40       pi0     111 [26] (42,43)   
                                -0.048    -0.231    -0.431     0.509     0.135
 46      rho+     213 [29] (48,49)   
                                 0.214     0.266    -0.586     1.181     0.967
 49       pi0     111 [46] (50,51)   
                                -0.162     0.434    -0.568     0.745     0.135
--- final:
 27        K-    -321 [21]    
                                 0.107     0.598     0.217     0.812     0.494
 30       pi-    -211 [22]    
                                 0.185    -0.055     0.173     0.294     0.140
 31        K+     321 [22]    
                                -0.241    -0.087    -0.473     0.730     0.494
 32     gamma      22 [24]    
                                -0.082    -0.115     0.133     0.194     0.000
 33     gamma      22 [24]    
                                -0.004    -0.211     0.378     0.433     0.000
 35       pi+     211 [25]    
                                -0.070    -0.157    -0.083     0.236     0.140
 37       pi-    -211 [34]    
                                -0.096    -0.031     0.421     0.455     0.140
 38     gamma      22 [36]    
                                 0.059    -0.038     0.014     0.072     0.000
 39     gamma      22 [36]    
                                 0.012     0.066    -0.059     0.090     0.000
 41       pi+     211 [26]    
                                -0.080    -0.087     0.001     0.183     0.140
 42     gamma      22 [40]    
                                -0.029    -0.021    -0.172     0.175     0.000
 43     gamma      22 [40]    
                                -0.018    -0.210    -0.259     0.334     0.000
 44     gamma      22 [28]    
                                 0.042    -0.060     0.023     0.077     0.000
 45     gamma      22 [28]    
                                 0.124    -0.063     0.290     0.322     0.000
 47       pi-    -211 [29]    
                                -0.121     0.205    -0.019     0.276     0.140
 48       pi+     211 [46]    
                                 0.376    -0.169    -0.019     0.436     0.140
 50     gamma      22 [49]    
                                -0.060     0.308    -0.429     0.532     0.000
 51     gamma      22 [49]    
                                -0.103     0.127    -0.139     0.214     0.000
------------------------------------------------------------------------------
     Sum of momenta:            -2e-05    -2e-05    -2e-05      5.86      5.86

The following exception classes were reported in this run:
ThePEG::EventHandler::ConsistencyException warning (1 times)
ThePEG::LesHouchesReader::LesHouchesReopenWarning warning (1 times)
