>>>>>>>>>>>>>>>>>>>>>>>>>>>>>>>>>>>>>>>>>>>>>>>>>>>>>>>>>>>>>>>>>>>>>>>>>>>>>>
>>>> Toolkit for HEP Event Generation - ThePEG 2.2.0 <<<<<<<<<<<<<<<<<<<<<<<<<
>>>> Tue Jun 30 00:16:50 2020                                             <<<<
<<<<<<<<<<<<<<<<<<<<<<<<<<<<<<<<<<<<<<<<<<<<<<<<<<<<<<<<<<<<<<<<<<<<<<<<<<<<<<

>> Herwig 7.2.0 / ThePEG 2.2.0

/Herwig/EventHandlers/NoCuts:
MHat  = 2 .. 31.5576 GeV
Scale = 0 .. 1e+12 GeV2
YHat  = -100 .. 100
X1    = 0 .. 1
X2    = 0 .. 1

* A warning exception of type ThePEG::LesHouchesReader::LesHouchesReopenWarning occurred while generating event number 1: 
Reopening LesHouchesReader 'myReader' after accessing 2 events out of 1
* A warning exception of type ThePEG::EventHandler::ConsistencyException occurred while generating event number 1: 
Event handler 'myLesHouchesHandler' found energy-momentum non-conservation by (-3e-05,-4e-05,-4e-05;2.99993e-05) GeV after generating step number 4.

******************************************************************************
Event number 1 (id: ./OUTPUT/0.95MB1.05/1511552937/TMP/Cluster_HERWIGOutput_1) performed by myLesHouchesHandler
Weight: 1
==============================================================================

--- Colliding particles:
  1        e-      11  (3)   
                                 7.889     0.000     0.000     7.889     0.000
  2        e+     -11  (3)   
                                -7.889     0.000     0.000     7.889     0.000
------------------------------------------------------------------------------
Primary sub-process performed by myReader
--- incoming:
  1        e-      11  (3)   
                                 7.889     0.000     0.000     7.889     0.000
  2        e+     -11  (3)   
                                -7.889     0.000     0.000     7.889     0.000
--- intermediates:
  3     gamma      22 [1,2] (4..9)   
                                -0.000     0.000     0.000    15.779    15.779
--- outgoing:
  4         g      21 [3] (10)  7>>5 {+1,-2}
                                -0.304    -1.646    -0.805     1.858     0.000
  5         g      21 [3] (11)  4>>8 {+3,-1}
                                 1.228     1.944     0.634     2.385     0.000
  6         g      21 [3] (12)  9>>7 {+4,-5}
                                 0.052    -0.133    -0.752     0.766     0.000
  7         g      21 [3] (13)  6>>4 {+2,-4}
                                 1.002    -1.163     2.564     2.989     0.000
  8         g      21 [3] (14)  5>>9 {+6,-3}
                                -0.560    -0.740     2.722     2.876     0.000
  9         g      21 [3] (15)  8>>6 {+5,-6}
                                -1.419     1.738    -4.362     4.906     0.000
------------------------------------------------------------------------------
Step 1 performed by myLesHouchesHandler
--- intermediates:
  1        e-      11  (3)   
                                 7.889     0.000     0.000     7.889     0.000
  2        e+     -11  (3)   
                                -7.889     0.000     0.000     7.889     0.000
  3     gamma      22 [1,2] (4..9)   
                                -0.000     0.000     0.000    15.779    15.779
--- final:
  4         g      21 [3] (10)  7>>5 {+1,-2}
                                -0.304    -1.646    -0.805     1.858     0.000
  5         g      21 [3] (11)  4>>8 {+3,-1}
                                 1.228     1.944     0.634     2.385     0.000
  6         g      21 [3] (12)  9>>7 {+4,-5}
                                 0.052    -0.133    -0.752     0.766     0.000
  7         g      21 [3] (13)  6>>4 {+2,-4}
                                 1.002    -1.163     2.564     2.989     0.000
  8         g      21 [3] (14)  5>>9 {+6,-3}
                                -0.560    -0.740     2.722     2.876     0.000
  9         g      21 [3] (15)  8>>6 {+5,-6}
                                -1.419     1.738    -4.362     4.906     0.000
------------------------------------------------------------------------------
     Sum of momenta:            -4e-05    -4e-05    -4e-05      15.8      15.8
------------------------------------------------------------------------------
Step 2 performed by ShowerHandler
--- final:
 10         g      21 [4] (16,17)  13>>11 {+1,-2}
                                -0.278    -1.505    -0.736     1.946     0.950
 11         g      21 [5] (18,19)  10>>14 {+3,-1}
                                 1.123     1.777     0.579     2.379     0.950
 12         g      21 [6] (20,21)  15>>13 {+4,-5}
                                 0.048    -0.122    -0.688     1.180     0.950
 13         g      21 [7] (22,23)  12>>10 {+2,-4}
                                 0.916    -1.063     2.345     2.893     0.950
 14         g      21 [8] (24,25)  11>>15 {+6,-3}
                                -0.512    -0.676     2.489     2.796     0.950
 15         g      21 [9] (26,27)  14>>12 {+5,-6}
                                -1.297     1.590    -3.989     4.585     0.950
------------------------------------------------------------------------------
     Sum of momenta:            -4e-05    -4e-05    -4e-05      15.8      15.8
------------------------------------------------------------------------------
Step 3 performed by ClusterHadHandler
--- intermediates:
 16         d       1 [10] (28)   {+1}
                                -0.175    -0.997    -0.107     1.068     0.325
 17      dbar      -1 [10] (32)   {-2}
                                -0.103    -0.509    -0.629     0.878     0.325
 18         u       2 [11] (32)   {+3}
                                 0.609     0.428     0.078     0.816     0.325
 19      ubar      -2 [11] (28)   {-1}
                                 0.514     1.349     0.501     1.563     0.325
 20         s       3 [12] (30)   {+4}
                                -0.054    -0.146    -0.226     0.527     0.450
 21      sbar      -3 [12] (29)   {-5}
                                 0.101     0.024    -0.462     0.653     0.450
 22         u       2 [13] (33)   {+2}
                                 0.011    -0.118     0.483     0.594     0.325
 23      ubar      -2 [13] (31)   {-4}
                                 0.906    -0.946     1.862     2.299     0.325
 24         s       3 [14] (31)   {+6}
                                -0.270    -0.435     1.072     1.270     0.450
 25      sbar      -3 [14] (33)   {-3}
                                -0.242    -0.241     1.417     1.525     0.450
 26         s       3 [15] (29)   {+5}
                                -0.825     0.973    -2.612     2.942     0.450
 27      sbar      -3 [15] (30)   {-6}
                                -0.472     0.616    -1.376     1.643     0.450
 28   Cluster      81 [16,19] (38,39)   
                                 0.339     0.353     0.394     2.631     2.555
 29   Cluster      81 [21,26] (42,43)   
                                -0.724     0.997    -3.074     3.595     1.399
 30   Cluster      81 [20,27] (36,37)   
                                -0.525     0.471    -1.602     2.170     1.282
 31   Cluster      81 [23,24] (40,41)   
                                 0.636    -1.381     2.934     3.569     1.351
 32   Cluster      81 [17,18] (44,45)   
                                 0.506    -0.081    -0.551     1.694     1.517
 33   Cluster      81 [22,25] (34,35)   
                                -0.231    -0.359     1.900     2.119     0.837
--- final:
 34       pi+     211 [33]    
                                 0.051    -0.226     0.252     0.370     0.140
 35        K0     311 [33] (46)   
                                -0.283    -0.133     1.648     1.749     0.498
 36     Kbar0    -311 [30] (49)   
                                -0.359     0.655    -0.869     1.249     0.498
 37        K0     311 [30] (52)   
                                -0.166    -0.185    -0.733     0.920     0.498
 38  n(1535)0   22112 [28] (55,56)   
                                 0.242     0.429     0.563     1.670     1.493
 39     pbar-   -2212 [28]    
                                 0.096    -0.076    -0.169     0.961     0.938
 40     Kbar0    -311 [31] (66)   
                                -0.000     0.007     0.800     0.943     0.498
 41       pi-    -211 [31]    
                                 0.636    -1.388     2.133     2.627     0.140
 42        K0     311 [29] (67)   
                                -0.790     0.770    -2.602     2.870     0.498
 43     Kbar0    -311 [29] (68)   
                                 0.066     0.227    -0.472     0.726     0.498
 44       pi0     111 [32] (69,70)   
                                 0.195    -0.627    -0.146     0.687     0.135
 45      rho+     213 [32] (71,72)   
                                 0.311     0.547    -0.405     1.007     0.674
------------------------------------------------------------------------------
     Sum of momenta:            -4e-05    -4e-05    -4e-05      15.8      15.8
------------------------------------------------------------------------------
Step 4 performed by DecayHandler
--- intermediates:
 46      K_S0     310 [35] (47,48)   
                                -0.283    -0.133     1.648     1.749     0.498
 49      K_S0     310 [36] (50,51)   
                                -0.359     0.655    -0.869     1.249     0.498
 52      K_S0     310 [37] (53,54)   
                                -0.166    -0.185    -0.733     0.920     0.498
 56       eta     221 [38] (57..59)   
                                 0.041     0.169     0.249     0.626     0.548
 57       pi0     111 [56] (60,61)   
                                 0.184     0.080     0.084     0.256     0.135
 58       pi0     111 [56] (62,63)   
                                -0.035     0.062     0.047     0.160     0.135
 59       pi0     111 [56] (64,65)   
                                -0.108     0.026     0.117     0.210     0.135
 71       pi0     111 [45] (73,74)   
                                 0.191     0.639    -0.421     0.800     0.135
--- final:
 34       pi+     211 [33]    
                                 0.051    -0.226     0.252     0.370     0.140
 39     pbar-   -2212 [28]    
                                 0.096    -0.076    -0.169     0.961     0.938
 41       pi-    -211 [31]    
                                 0.636    -1.388     2.133     2.627     0.140
 47       pi+     211 [46]    
                                -0.068     0.067     1.098     1.111     0.140
 48       pi-    -211 [46]    
                                -0.215    -0.199     0.550     0.638     0.140
 50       pi+     211 [49]    
                                -0.061     0.347    -0.165     0.413     0.140
 51       pi-    -211 [49]    
                                -0.298     0.308    -0.704     0.836     0.140
 53       pi+     211 [52]    
                                -0.177    -0.293    -0.573     0.682     0.140
 54       pi-    -211 [52]    
                                 0.010     0.108    -0.160     0.239     0.140
 55        n0    2112 [38]    
                                 0.201     0.260     0.315     1.044     0.940
 60     gamma      22 [57]    
                                 0.019     0.046     0.072     0.088     0.000
 61     gamma      22 [57]    
                                 0.164     0.035     0.012     0.168     0.000
 62     gamma      22 [58]    
                                 0.052     0.022     0.014     0.058     0.000
 63     gamma      22 [58]    
                                -0.087     0.040     0.033     0.102     0.000
 64     gamma      22 [59]    
                                -0.008    -0.046     0.056     0.073     0.000
 65     gamma      22 [59]    
                                -0.100     0.072     0.060     0.137     0.000
 66      K_L0     130 [40]    
                                -0.000     0.007     0.800     0.943     0.498
 67      K_L0     130 [42]    
                                -0.790     0.770    -2.602     2.870     0.498
 68      K_L0     130 [43]    
                                 0.066     0.227    -0.472     0.726     0.498
 69     gamma      22 [44]    
                                 0.095    -0.443    -0.148     0.476     0.000
 70     gamma      22 [44]    
                                 0.100    -0.185     0.002     0.210     0.000
 72       pi+     211 [45]    
                                 0.120    -0.093     0.016     0.207     0.140
 73     gamma      22 [71]    
                                 0.024     0.008    -0.003     0.025     0.000
 74     gamma      22 [71]    
                                 0.167     0.631    -0.417     0.775     0.000
------------------------------------------------------------------------------
     Sum of momenta:            -4e-05    -4e-05    -4e-05      15.8      15.8

The following exception classes were reported in this run:
ThePEG::EventHandler::ConsistencyException warning (1 times)
ThePEG::LesHouchesReader::LesHouchesReopenWarning warning (1 times)
