>>>>>>>>>>>>>>>>>>>>>>>>>>>>>>>>>>>>>>>>>>>>>>>>>>>>>>>>>>>>>>>>>>>>>>>>>>>>>>
>>>> Toolkit for HEP Event Generation - ThePEG 2.2.0 <<<<<<<<<<<<<<<<<<<<<<<<<
>>>> Tue Jun 30 00:35:14 2020                                             <<<<
<<<<<<<<<<<<<<<<<<<<<<<<<<<<<<<<<<<<<<<<<<<<<<<<<<<<<<<<<<<<<<<<<<<<<<<<<<<<<<

>> Herwig 7.2.0 / ThePEG 2.2.0

/Herwig/EventHandlers/NoCuts:
MHat  = 2 .. 22.3089 GeV
Scale = 0 .. 1e+12 GeV2
YHat  = -100 .. 100
X1    = 0 .. 1
X2    = 0 .. 1

* A warning exception of type ThePEG::LesHouchesReader::LesHouchesReopenWarning occurred while generating event number 1: 
Reopening LesHouchesReader 'myReader' after accessing 2 events out of 1
* A warning exception of type ThePEG::EventHandler::ConsistencyException occurred while generating event number 1: 
Event handler 'myLesHouchesHandler' found energy-momentum non-conservation by (-3e-05,-3e-05,-2e-05;1.99996e-05) GeV after generating step number 4.

******************************************************************************
Event number 1 (id: ./OUTPUT/0.95MB1.05/1511410537/TMP/Cluster_HERWIGOutput_24) performed by myLesHouchesHandler
Weight: 1
==============================================================================

--- Colliding particles:
  1        e-      11  (3)   
                                 5.577     0.000     0.000     5.577     0.000
  2        e+     -11  (3)   
                                -5.577     0.000     0.000     5.577     0.000
------------------------------------------------------------------------------
Primary sub-process performed by myReader
--- incoming:
  1        e-      11  (3)   
                                 5.577     0.000     0.000     5.577     0.000
  2        e+     -11  (3)   
                                -5.577     0.000     0.000     5.577     0.000
--- intermediates:
  3     gamma      22 [1,2] (4..8)   
                                 0.000     0.000     0.000    11.154    11.154
--- outgoing:
  4         g      21 [3] (9)  6>>6 {+1,-2}
                                 0.286    -1.536     0.362     1.604     0.000
  5         g      21 [3] (10)  8>>7 {+3,-4}
                                 0.706     0.516    -1.720     1.929     0.000
  6         g      21 [3] (11)  4>>4 {+2,-1}
                                 0.934     0.839     3.776     3.979     0.000
  7         g      21 [3] (12)  5>>8 {+5,-3}
                                -1.502     0.653    -2.515     3.001     0.000
  8         g      21 [3] (13)  7>>5 {+4,-5}
                                -0.423    -0.472     0.097     0.641     0.000
------------------------------------------------------------------------------
Step 1 performed by myLesHouchesHandler
--- intermediates:
  1        e-      11  (3)   
                                 5.577     0.000     0.000     5.577     0.000
  2        e+     -11  (3)   
                                -5.577     0.000     0.000     5.577     0.000
  3     gamma      22 [1,2] (4..8)   
                                 0.000     0.000     0.000    11.154    11.154
--- final:
  4         g      21 [3] (9)  6>>6 {+1,-2}
                                 0.286    -1.536     0.362     1.604     0.000
  5         g      21 [3] (10)  8>>7 {+3,-4}
                                 0.706     0.516    -1.720     1.929     0.000
  6         g      21 [3] (11)  4>>4 {+2,-1}
                                 0.934     0.839     3.776     3.979     0.000
  7         g      21 [3] (12)  5>>8 {+5,-3}
                                -1.502     0.653    -2.515     3.001     0.000
  8         g      21 [3] (13)  7>>5 {+4,-5}
                                -0.423    -0.472     0.097     0.641     0.000
------------------------------------------------------------------------------
     Sum of momenta:            -3e-05    -3e-05    -2e-05      11.2      11.2
------------------------------------------------------------------------------
Step 2 performed by ShowerHandler
--- final:
  9         g      21 [4] (14,15)  11>>11 {+1,-2}
                                 0.250    -1.347     0.318     1.697     0.950
 10         g      21 [5] (16,17)  13>>12 {+3,-4}
                                 0.619     0.452    -1.508     1.940     0.950
 11         g      21 [6] (18,19)  9>>9 {+2,-1}
                                 0.819     0.735     3.311     3.616     0.950
 12         g      21 [7] (20,21)  10>>13 {+5,-3}
                                -1.317     0.573    -2.205     2.798     0.950
 13         g      21 [8] (22,23)  12>>10 {+4,-5}
                                -0.371    -0.414     0.085     1.104     0.950
------------------------------------------------------------------------------
     Sum of momenta:            -3e-05    -3e-05    -2e-05      11.2      11.2
------------------------------------------------------------------------------
Step 3 performed by ClusterHadHandler
--- intermediates:
 14         s       3 [9] (24)   {+1}
                                -0.005    -0.580     0.060     0.737     0.450
 15      sbar      -3 [9] (25)   {-2}
                                 0.256    -0.767     0.258     0.960     0.450
 16         d       1 [10] (26)   {+3}
                                 0.445     0.226    -1.357     1.482     0.325
 17      dbar      -1 [10] (27)   {-4}
                                 0.174     0.226    -0.151     0.458     0.325
 18         d       1 [11] (25)   {+2}
                                -0.015     0.345     0.967     1.077     0.325
 19      dbar      -1 [11] (24)   {-1}
                                 0.833     0.390     2.343     2.538     0.325
 20         u       2 [12] (28)   {+5}
                                -0.697     0.661    -1.373     1.707     0.325
 21      ubar      -2 [12] (26)   {-3}
                                -0.620    -0.088    -0.832     1.091     0.325
 22         s       3 [13] (27)   {+4}
                                -0.138    -0.187     0.186     0.540     0.450
 23      sbar      -3 [13] (28)   {-5}
                                -0.233    -0.227    -0.101     0.564     0.450
 24   Cluster      81 [14,19] (31,32)   
                                 0.828    -0.190     2.403     3.275     2.057
 25   Cluster      81 [15,18] (33,34)   
                                 0.241    -0.421     1.226     2.038     1.554
 26   Cluster      81 [16,21] (29,30)   
                                -0.175     0.138    -2.189     2.573     1.334
 27   Cluster      81 [17,22] (37,38)   
                                 0.035     0.040     0.035     0.997     0.995
 28   Cluster      81 [20,23] (35,36)   
                                -0.930     0.434    -1.474     2.271     1.390
--- final:
 29       pi-    -211 [26]    
                                -0.032    -0.050    -0.091     0.177     0.140
 30      rho0     113 [26] (39,40)   
                                -0.142     0.188    -2.099     2.397     1.133
 31        K-    -321 [24]    
                                -0.234     0.173     0.485     0.751     0.494
 32      a_2+     215 [24] (41,42)   
                                 1.062    -0.363     1.918     2.524     1.197
 33        K0     311 [25] (45)   
                                -0.236     0.082     0.257     0.613     0.498
 34     omega     223 [25] (46,47)   
                                 0.478    -0.503     0.969     1.425     0.781
 35       pi0     111 [28] (52,53)   
                                 0.027     0.235    -1.070     1.104     0.135
 36        K+     321 [28]    
                                -0.957     0.199    -0.404     1.167     0.494
 37       pi+     211 [27]    
                                -0.296     0.196    -0.006     0.381     0.140
 38        K-    -321 [27]    
                                 0.331    -0.156     0.041     0.616     0.494
------------------------------------------------------------------------------
     Sum of momenta:            -3e-05    -3e-05    -2e-05      11.2      11.2
------------------------------------------------------------------------------
Step 4 performed by DecayHandler
--- intermediates:
 41       eta     221 [32] (43,44)   
                                 0.925     0.094     1.614     1.941     0.548
 46      rho-    -213 [34] (48,49)   
                                -0.067    -0.231     0.355     0.549     0.343
 48       pi0     111 [46] (50,51)   
                                -0.057    -0.133     0.318     0.374     0.135
--- final:
 29       pi-    -211 [26]    
                                -0.032    -0.050    -0.091     0.177     0.140
 31        K-    -321 [24]    
                                -0.234     0.173     0.485     0.751     0.494
 36        K+     321 [28]    
                                -0.957     0.199    -0.404     1.167     0.494
 37       pi+     211 [27]    
                                -0.296     0.196    -0.006     0.381     0.140
 38        K-    -321 [27]    
                                 0.331    -0.156     0.041     0.616     0.494
 39       pi+     211 [30]    
                                -0.389     0.555    -1.319     1.490     0.140
 40       pi-    -211 [30]    
                                 0.247    -0.367    -0.779     0.907     0.140
 42       pi+     211 [32]    
                                 0.137    -0.457     0.304     0.583     0.140
 43     gamma      22 [41]    
                                 0.359     0.306     0.637     0.793     0.000
 44     gamma      22 [41]    
                                 0.566    -0.212     0.977     1.149     0.000
 45      K_L0     130 [33]    
                                -0.236     0.082     0.257     0.613     0.498
 47       pi+     211 [34]    
                                 0.544    -0.272     0.614     0.875     0.140
 49       pi-    -211 [46]    
                                -0.010    -0.098     0.038     0.175     0.140
 50     gamma      22 [48]    
                                 0.007    -0.047     0.010     0.048     0.000
 51     gamma      22 [48]    
                                -0.064    -0.086     0.308     0.326     0.000
 52     gamma      22 [35]    
                                 0.007     0.220    -0.716     0.749     0.000
 53     gamma      22 [35]    
                                 0.020     0.014    -0.354     0.355     0.000
------------------------------------------------------------------------------
     Sum of momenta:            -3e-05    -3e-05    -2e-05      11.2      11.2

The following exception classes were reported in this run:
ThePEG::EventHandler::ConsistencyException warning (1 times)
ThePEG::LesHouchesReader::LesHouchesReopenWarning warning (1 times)
