>>>>>>>>>>>>>>>>>>>>>>>>>>>>>>>>>>>>>>>>>>>>>>>>>>>>>>>>>>>>>>>>>>>>>>>>>>>>>>
>>>> Toolkit for HEP Event Generation - ThePEG 2.2.0 <<<<<<<<<<<<<<<<<<<<<<<<<
>>>> Tue Jun 30 00:27:14 2020                                             <<<<
<<<<<<<<<<<<<<<<<<<<<<<<<<<<<<<<<<<<<<<<<<<<<<<<<<<<<<<<<<<<<<<<<<<<<<<<<<<<<<

>> Herwig 7.2.0 / ThePEG 2.2.0

/Herwig/EventHandlers/NoCuts:
MHat  = 2 .. 31.4744 GeV
Scale = 0 .. 1e+12 GeV2
YHat  = -100 .. 100
X1    = 0 .. 1
X2    = 0 .. 1

* A warning exception of type ThePEG::LesHouchesReader::LesHouchesReopenWarning occurred while generating event number 1: 
Reopening LesHouchesReader 'myReader' after accessing 2 events out of 1
* A warning exception of type ThePEG::EventHandler::ConsistencyException occurred while generating event number 1: 
Event handler 'myLesHouchesHandler' found energy-momentum non-conservation by (-1e-05,-2e-05,-2e-05;-1.33319e-09) GeV after generating step number 4.

******************************************************************************
Event number 1 (id: ./OUTPUT/0.95MB1.05/1512470947/TMP/Cluster_HERWIGOutput_14) performed by myLesHouchesHandler
Weight: 1
==============================================================================

--- Colliding particles:
  1        e-      11  (3)   
                                 7.869     0.000    -0.000     7.869     0.000
  2        e+     -11  (3)   
                                -7.869     0.000     0.000     7.869     0.000
------------------------------------------------------------------------------
Primary sub-process performed by myReader
--- incoming:
  1        e-      11  (3)   
                                 7.869     0.000    -0.000     7.869     0.000
  2        e+     -11  (3)   
                                -7.869     0.000     0.000     7.869     0.000
--- intermediates:
  3     gamma      22 [1,2] (4..7)   
                                -0.000     0.000    -0.000    15.737    15.737
--- outgoing:
  4         g      21 [3] (8)  7>>7 {+1,-2}
                                -0.996    -3.709    -3.162     4.975     0.000
  5         g      21 [3] (9)  6>>6 {+3,-4}
                                 3.993     2.330    -0.118     4.625     0.000
  6         g      21 [3] (12)  5>>5 {+4,-3}
                                -3.131     1.423     0.644     3.499     0.000
  7         g      21 [3] (13)  4>>4 {+2,-1}
                                 0.134    -0.044     2.635     2.639     0.000
------------------------------------------------------------------------------
Step 1 performed by myLesHouchesHandler
--- intermediates:
  1        e-      11  (3)   
                                 7.869     0.000    -0.000     7.869     0.000
  2        e+     -11  (3)   
                                -7.869     0.000     0.000     7.869     0.000
  3     gamma      22 [1,2] (4..7)   
                                -0.000     0.000    -0.000    15.737    15.737
--- final:
  4         g      21 [3] (8)  7>>7 {+1,-2}
                                -0.996    -3.709    -3.162     4.975     0.000
  5         g      21 [3] (9)  6>>6 {+3,-4}
                                 3.993     2.330    -0.118     4.625     0.000
  6         g      21 [3] (12)  5>>5 {+4,-3}
                                -3.131     1.423     0.644     3.499     0.000
  7         g      21 [3] (13)  4>>4 {+2,-1}
                                 0.134    -0.044     2.635     2.639     0.000
------------------------------------------------------------------------------
     Sum of momenta:            -2e-05    -2e-05    -2e-05      15.7      15.7
------------------------------------------------------------------------------
Step 2 performed by ShowerHandler
--- intermediates:
  9         g      21 [5] (10,11)   {+3,-4}
                                 3.058     1.785    -0.090     4.833     3.288
 13         g      21 [7] (14,15)   {+2,-1}
                                 0.102    -0.034     2.018     4.135     3.607
--- final:
  8         g      21 [4] (16,17)  15>>14 {+1,-2}
                                -0.763    -2.841    -2.422     3.927     0.950
 10         g      21 [9] (24,25)  11>>12 {+3,-5}
                                 1.328     2.140    -0.613     2.760     0.950
 11         g      21 [9] (26,27)  12>>10 {+5,-4}
                                 1.730    -0.355     0.523     2.073     0.950
 12         g      21 [6] (18,19)  10>>11 {+4,-3}
                                -2.398     1.090     0.494     2.843     0.950
 14         g      21 [13] (20,21)  8>>15 {+6,-1}
                                -0.256     0.637    -0.549     1.294     0.950
 15         g      21 [13] (22,23)  14>>8 {+2,-6}
                                 0.358    -0.671     2.567     2.841     0.950
------------------------------------------------------------------------------
     Sum of momenta:            -2e-05    -2e-05    -2e-05      15.7      15.7
------------------------------------------------------------------------------
Step 3 performed by ClusterHadHandler
--- intermediates:
 16         u       2 [8] (28)   {+1}
                                -0.793    -2.058    -1.586     2.736     0.325
 17      ubar      -2 [8] (32)   {-2}
                                 0.031    -0.783    -0.836     1.191     0.325
 18         d       1 [12] (29)   {+4}
                                -0.771     0.623     0.400     1.118     0.325
 19      dbar      -1 [12] (33)   {-3}
                                -1.626     0.467     0.093     1.725     0.325
 20         u       2 [14] (30)   {+6}
                                -0.036     0.583    -0.596     0.895     0.325
 21      ubar      -2 [14] (28)   {-1}
                                -0.219     0.055     0.048     0.399     0.325
 22         u       2 [15] (33)   {+2}
                                -0.108    -0.164     0.437     0.579     0.325
 23      ubar      -2 [15] (30)   {-6}
                                 0.465    -0.507     2.130     2.262     0.325
 24         d       1 [10] (32)   {+3}
                                 0.361     1.237    -0.323     1.368     0.325
 25      dbar      -1 [10] (31)   {-5}
                                 0.967     0.902    -0.290     1.392     0.325
 26         s       3 [11] (31)   {+5}
                                 0.596    -0.091     0.266     0.798     0.450
 27      sbar      -3 [11] (29)   {-4}
                                 1.134    -0.264     0.256     1.274     0.450
 28   Cluster      81 [16,21] (38,39)   
                                -1.013    -2.003    -1.538     3.135     1.556
 29   Cluster      81 [18,27] (44,45)   
                                 0.363     0.359     0.657     2.392     2.242
 30   Cluster      81 [20,23] (36,37)   
                                 0.429     0.076     1.534     3.158     2.725
 31   Cluster      81 [25,26] (34,35)   
                                 1.563     0.811    -0.023     2.191     1.302
 32   Cluster      81 [17,24] (40,41)   
                                 0.392     0.455    -1.159     2.559     2.201
 33   Cluster      81 [19,22] (42,43)   
                                -1.734     0.303     0.530     2.304     1.389
--- final:
 34       K*-    -323 [31] (46,47)   
                                 0.775     0.342    -0.230     1.240     0.876
 35       pi+     211 [31]    
                                 0.788     0.470     0.207     0.951     0.140
 36      b_10   10113 [30] (49,50)   
                                 0.297     0.693     1.087     1.758     1.159
 37      a_20     115 [30] (55,56)   
                                 0.132    -0.617     0.447     1.399     1.166
 38      pi'+  100211 [28] (61,62)   
                                -1.006    -1.959    -1.558     2.987     1.282
 39       pi-    -211 [28]    
                                -0.006    -0.044     0.019     0.148     0.140
 40    rho_30     117 [32] (69,70)   
                                 0.711     0.637    -0.846     2.056     1.612
 41       pi-    -211 [32]    
                                -0.320    -0.182    -0.313     0.503     0.140
 42       pi0     111 [33] (75,76)   
                                -0.194     0.127     0.164     0.315     0.135
 43      b_1+   10213 [33] (77,78)   
                                -1.539     0.176     0.366     1.989     1.192
 44     rho'- -100213 [29] (85,86)   
                                -0.007     0.586     0.587     1.731     1.519
 45        K+     321 [29]    
                                 0.370    -0.227     0.069     0.661     0.494
------------------------------------------------------------------------------
     Sum of momenta:            -2e-05    -2e-05    -2e-05      15.7      15.7
------------------------------------------------------------------------------
Step 4 performed by DecayHandler
--- intermediates:
 46     Kbar0    -311 [34] (48)   
                                 0.527     0.480    -0.292     0.917     0.498
 49     omega     223 [36] (51,52)   
                                 0.483     0.539     1.015     1.473     0.785
 50       pi0     111 [36] (53,54)   
                                -0.185     0.154     0.071     0.285     0.135
 55      rho+     213 [37] (57,58)   
                                -0.297    -0.654     0.243     0.902     0.489
 57       pi0     111 [55] (59,60)   
                                -0.222    -0.353    -0.066     0.443     0.135
 61       pi0     111 [38] (63,64)   
                                -0.647    -1.251    -0.440     1.482     0.135
 62      rho+     213 [38] (65,66)   
                                -0.359    -0.708    -1.117     1.505     0.621
 65       pi0     111 [62] (67,68)   
                                -0.192    -0.366    -0.157     0.462     0.135
 69      a_2+     215 [40] (71,72)   
                                 0.601     0.390    -0.931     1.740     1.283
 71      rho0     113 [69] (73,74)   
                                -0.060     0.400    -0.252     0.782     0.620
 77     omega     223 [43] (79,80)   
                                -1.593     0.242     0.318     1.819     0.782
 79      rho0     113 [77] (81,82)   
                                -1.051     0.183     0.364     1.256     0.553
 80       pi0     111 [77] (83,84)   
                                -0.542     0.059    -0.046     0.563     0.135
 85       pi0     111 [44] (87,88)   
                                -0.272     0.545     1.024     1.200     0.135
--- final:
 35       pi+     211 [31]    
                                 0.788     0.470     0.207     0.951     0.140
 39       pi-    -211 [28]    
                                -0.006    -0.044     0.019     0.148     0.140
 41       pi-    -211 [32]    
                                -0.320    -0.182    -0.313     0.503     0.140
 45        K+     321 [29]    
                                 0.370    -0.227     0.069     0.661     0.494
 47       pi-    -211 [34]    
                                 0.248    -0.138     0.062     0.323     0.140
 48      K_L0     130 [46]    
                                 0.527     0.480    -0.292     0.917     0.498
 51       pi+     211 [49]    
                                 0.283    -0.032     0.718     0.785     0.140
 52       pi-    -211 [49]    
                                 0.200     0.571     0.297     0.688     0.140
 53     gamma      22 [50]    
                                -0.021    -0.006    -0.028     0.035     0.000
 54     gamma      22 [50]    
                                -0.165     0.160     0.099     0.250     0.000
 56       pi-    -211 [37]    
                                 0.429     0.037     0.205     0.497     0.140
 58       pi+     211 [55]    
                                -0.076    -0.301     0.308     0.460     0.140
 59     gamma      22 [57]    
                                -0.213    -0.229    -0.061     0.319     0.000
 60     gamma      22 [57]    
                                -0.009    -0.124    -0.005     0.124     0.000
 63     gamma      22 [61]    
                                -0.602    -1.133    -0.362     1.333     0.000
 64     gamma      22 [61]    
                                -0.045    -0.119    -0.079     0.149     0.000
 66       pi+     211 [62]    
                                -0.167    -0.342    -0.961     1.043     0.140
 67     gamma      22 [65]    
                                -0.200    -0.325    -0.171     0.418     0.000
 68     gamma      22 [65]    
                                 0.008    -0.041     0.014     0.044     0.000
 70       pi-    -211 [40]    
                                 0.110     0.247     0.085     0.316     0.140
 72       pi+     211 [69]    
                                 0.661    -0.010    -0.679     0.958     0.140
 73       pi+     211 [71]    
                                 0.037     0.303    -0.410     0.530     0.140
 74       pi-    -211 [71]    
                                -0.097     0.097     0.159     0.252     0.140
 75     gamma      22 [42]    
                                -0.173     0.049     0.147     0.233     0.000
 76     gamma      22 [42]    
                                -0.021     0.078     0.017     0.082     0.000
 78       pi+     211 [43]    
                                 0.053    -0.066     0.048     0.170     0.140
 81       pi+     211 [79]    
                                -0.510    -0.083     0.344     0.636     0.140
 82       pi-    -211 [79]    
                                -0.541     0.266     0.020     0.619     0.140
 83     gamma      22 [80]    
                                -0.153     0.041    -0.071     0.173     0.000
 84     gamma      22 [80]    
                                -0.389     0.018     0.024     0.390     0.000
 86       pi-    -211 [44]    
                                 0.265     0.041    -0.437     0.531     0.140
 87     gamma      22 [85]    
                                -0.167     0.379     0.801     0.902     0.000
 88     gamma      22 [85]    
                                -0.106     0.166     0.223     0.297     0.000
------------------------------------------------------------------------------
     Sum of momenta:            -2e-05    -2e-05    -2e-05      15.7      15.7

The following exception classes were reported in this run:
ThePEG::EventHandler::ConsistencyException warning (1 times)
ThePEG::LesHouchesReader::LesHouchesReopenWarning warning (1 times)
