>>>>>>>>>>>>>>>>>>>>>>>>>>>>>>>>>>>>>>>>>>>>>>>>>>>>>>>>>>>>>>>>>>>>>>>>>>>>>>
>>>> Toolkit for HEP Event Generation - ThePEG 2.2.0 <<<<<<<<<<<<<<<<<<<<<<<<<
>>>> Tue Jun 30 00:39:24 2020                                             <<<<
<<<<<<<<<<<<<<<<<<<<<<<<<<<<<<<<<<<<<<<<<<<<<<<<<<<<<<<<<<<<<<<<<<<<<<<<<<<<<<

>> Herwig 7.2.0 / ThePEG 2.2.0

/Herwig/EventHandlers/NoCuts:
MHat  = 2 .. 9.59477 GeV
Scale = 0 .. 1e+12 GeV2
YHat  = -100 .. 100
X1    = 0 .. 1
X2    = 0 .. 1

* A warning exception of type ThePEG::LesHouchesReader::LesHouchesReopenWarning occurred while generating event number 1: 
Reopening LesHouchesReader 'myReader' after accessing 2 events out of 1
* A warning exception of type ThePEG::EventHandler::ConsistencyException occurred while generating event number 1: 
Event handler 'myLesHouchesHandler' found energy-momentum non-conservation by (-1e-05,-2e-05,-2e-05;9.99976e-06) GeV after generating step number 4.

******************************************************************************
Event number 1 (id: ./OUTPUT/0.95MB1.05/1511422153/TMP/Cluster_HERWIGOutput_29) performed by myLesHouchesHandler
Weight: 1
==============================================================================

--- Colliding particles:
  1        e-      11  (3)   
                                 2.399     0.000    -0.000     2.399     0.000
  2        e+     -11  (3)   
                                -2.399     0.000     0.000     2.399     0.000
------------------------------------------------------------------------------
Primary sub-process performed by myReader
--- incoming:
  1        e-      11  (3)   
                                 2.399     0.000    -0.000     2.399     0.000
  2        e+     -11  (3)   
                                -2.399     0.000     0.000     2.399     0.000
--- intermediates:
  3     gamma      22 [1,2] (4..7)   
                                 0.000     0.000    -0.000     4.797     4.797
--- outgoing:
  4         g      21 [3] (8)  6>>6 {+1,-2}
                                -0.764     1.245     0.323     1.496     0.000
  5         g      21 [3] (9)  7>>7 {+3,-4}
                                -0.608    -1.359     0.237     1.507     0.000
  6         g      21 [3] (10)  4>>4 {+2,-1}
                                 1.130     0.280    -0.003     1.164     0.000
  7         g      21 [3] (11)  5>>5 {+4,-3}
                                 0.243    -0.167    -0.557     0.630     0.000
------------------------------------------------------------------------------
Step 1 performed by myLesHouchesHandler
--- intermediates:
  1        e-      11  (3)   
                                 2.399     0.000    -0.000     2.399     0.000
  2        e+     -11  (3)   
                                -2.399     0.000     0.000     2.399     0.000
  3     gamma      22 [1,2] (4..7)   
                                 0.000     0.000    -0.000     4.797     4.797
--- final:
  4         g      21 [3] (8)  6>>6 {+1,-2}
                                -0.764     1.245     0.323     1.496     0.000
  5         g      21 [3] (9)  7>>7 {+3,-4}
                                -0.608    -1.359     0.237     1.507     0.000
  6         g      21 [3] (10)  4>>4 {+2,-1}
                                 1.130     0.280    -0.003     1.164     0.000
  7         g      21 [3] (11)  5>>5 {+4,-3}
                                 0.243    -0.167    -0.557     0.630     0.000
------------------------------------------------------------------------------
     Sum of momenta:            -2e-05    -2e-05    -2e-05       4.8       4.8
------------------------------------------------------------------------------
Step 2 performed by ShowerHandler
--- final:
  8         g      21 [4] (12,13)  10>>10 {+1,-2}
                                -0.453     0.738     0.191     1.299     0.950
  9         g      21 [5] (14,15)  11>>11 {+3,-4}
                                -0.360    -0.805     0.140     1.304     0.950
 10         g      21 [6] (16,17)  8>>8 {+2,-1}
                                 0.669     0.166    -0.002     1.174     0.950
 11         g      21 [7] (18,19)  9>>9 {+4,-3}
                                 0.144    -0.099    -0.330     1.021     0.950
------------------------------------------------------------------------------
     Sum of momenta:            -2e-05    -2e-05    -2e-05       4.8       4.8
------------------------------------------------------------------------------
Step 3 performed by ClusterHadHandler
--- intermediates:
 12         d       1 [8] (22)   {+1}
                                -0.245     0.026     0.266     0.487     0.325
 13      dbar      -1 [8] (20)   {-2}
                                -0.207     0.711    -0.074     0.812     0.325
 14         d       1 [9] (21)   {+3}
                                -0.376    -0.764    -0.069     0.915     0.325
 15      dbar      -1 [9] (22)   {-4}
                                 0.016    -0.040     0.210     0.389     0.325
 16         s       3 [10] (20)   {+2}
                                 0.190     0.113    -0.087     0.509     0.450
 17      sbar      -3 [10] (23)   {-1}
                                 0.479     0.053     0.085     0.665     0.450
 18         d       1 [11] (23)   {+4}
                                 0.108    -0.136    -0.522     0.639     0.325
 19      dbar      -1 [11] (21)   {-3}
                                 0.036     0.037     0.193     0.381     0.325
 20   Cluster      81 [13,16] (26,27)   
                                -0.017     0.824    -0.161     1.321     1.020
 21   Cluster      81 [14,19] (30,31)   
                                -0.340    -0.727     0.123     1.296     1.010
 22   Cluster      81 [12,15] (24,25)   
                                -0.229    -0.014     0.475     0.876     0.699
 23   Cluster      81 [17,18] (28,29)   
                                 0.587    -0.083    -0.437     1.304     1.076
--- final:
 24       pi-    -211 [22]    
                                -0.411    -0.094     0.146     0.467     0.140
 25       pi+     211 [22]    
                                 0.181     0.080     0.329     0.409     0.140
 26       pi0     111 [20] (32,33)   
                                -0.111     0.296     0.300     0.456     0.135
 27     Kbar0    -311 [20] (34)   
                                 0.094     0.529    -0.461     0.865     0.498
 28       pi-    -211 [23]    
                                 0.668     0.066    -0.366     0.777     0.140
 29        K+     321 [23]    
                                -0.081    -0.150    -0.071     0.527     0.494
 30       pi0     111 [21] (37,38)   
                                -0.189    -0.056    -0.043     0.242     0.135
 31     omega     223 [21] (39,40)   
                                -0.152    -0.671     0.166     1.054     0.781
------------------------------------------------------------------------------
     Sum of momenta:            -2e-05    -2e-05    -2e-05       4.8       4.8
------------------------------------------------------------------------------
Step 4 performed by DecayHandler
--- intermediates:
 34      K_S0     310 [27] (35,36)   
                                 0.094     0.529    -0.461     0.865     0.498
 39      rho0     113 [31] (41,42)   
                                 0.052    -0.271    -0.027     0.547     0.471
 40       pi0     111 [31] (43,44)   
                                -0.204    -0.400     0.193     0.507     0.135
--- final:
 24       pi-    -211 [22]    
                                -0.411    -0.094     0.146     0.467     0.140
 25       pi+     211 [22]    
                                 0.181     0.080     0.329     0.409     0.140
 28       pi-    -211 [23]    
                                 0.668     0.066    -0.366     0.777     0.140
 29        K+     321 [23]    
                                -0.081    -0.150    -0.071     0.527     0.494
 32     gamma      22 [26]    
                                -0.015     0.005     0.074     0.076     0.000
 33     gamma      22 [26]    
                                -0.096     0.290     0.226     0.380     0.000
 35       pi+     211 [34]    
                                 0.145     0.443    -0.491     0.691     0.140
 36       pi-    -211 [34]    
                                -0.051     0.086     0.030     0.174     0.140
 37     gamma      22 [30]    
                                -0.035    -0.027    -0.071     0.084     0.000
 38     gamma      22 [30]    
                                -0.153    -0.029     0.028     0.159     0.000
 41       pi+     211 [39]    
                                -0.042    -0.008    -0.151     0.210     0.140
 42       pi-    -211 [39]    
                                 0.094    -0.263     0.125     0.337     0.140
 43     gamma      22 [40]    
                                -0.133    -0.154     0.135     0.244     0.000
 44     gamma      22 [40]    
                                -0.070    -0.246     0.057     0.262     0.000
------------------------------------------------------------------------------
     Sum of momenta:            -2e-05    -2e-05    -2e-05       4.8       4.8

The following exception classes were reported in this run:
ThePEG::EventHandler::ConsistencyException warning (1 times)
ThePEG::LesHouchesReader::LesHouchesReopenWarning warning (1 times)
