>>>>>>>>>>>>>>>>>>>>>>>>>>>>>>>>>>>>>>>>>>>>>>>>>>>>>>>>>>>>>>>>>>>>>>>>>>>>>>
>>>> Toolkit for HEP Event Generation - ThePEG 2.2.0 <<<<<<<<<<<<<<<<<<<<<<<<<
>>>> Tue Jun 30 00:16:17 2020                                             <<<<
<<<<<<<<<<<<<<<<<<<<<<<<<<<<<<<<<<<<<<<<<<<<<<<<<<<<<<<<<<<<<<<<<<<<<<<<<<<<<<

>> Herwig 7.2.0 / ThePEG 2.2.0

/Herwig/EventHandlers/NoCuts:
MHat  = 2 .. 16.689 GeV
Scale = 0 .. 1e+12 GeV2
YHat  = -100 .. 100
X1    = 0 .. 1
X2    = 0 .. 1

* A warning exception of type ThePEG::LesHouchesReader::LesHouchesReopenWarning occurred while generating event number 1: 
Reopening LesHouchesReader 'myReader' after accessing 2 events out of 1
* A warning exception of type ThePEG::EventHandler::ConsistencyException occurred while generating event number 1: 
Event handler 'myLesHouchesHandler' found energy-momentum non-conservation by (-2e-05,-3e-05,-2e-05;1.99992e-05) GeV after generating step number 4.

******************************************************************************
Event number 1 (id: ./OUTPUT/0.95MB1.05/1512972536/TMP/Cluster_HERWIGOutput_0) performed by myLesHouchesHandler
Weight: 1
==============================================================================

--- Colliding particles:
  1        e-      11  (3)   
                                 4.172     0.000     0.000     4.172     0.000
  2        e+     -11  (3)   
                                -4.172     0.000    -0.000     4.172     0.000
------------------------------------------------------------------------------
Primary sub-process performed by myReader
--- incoming:
  1        e-      11  (3)   
                                 4.172     0.000     0.000     4.172     0.000
  2        e+     -11  (3)   
                                -4.172     0.000    -0.000     4.172     0.000
--- intermediates:
  3     gamma      22 [1,2] (4..7)   
                                 0.000     0.000     0.000     8.345     8.345
--- outgoing:
  4         g      21 [3] (8)  7>>7 {+1,-2}
                                -1.872     0.077    -0.880     2.070     0.000
  5         g      21 [3] (9)  6>>6 {+3,-4}
                                 2.880    -0.574    -0.596     2.996     0.000
  6         g      21 [3] (10)  5>>5 {+4,-3}
                                 0.680     0.461     1.356     1.586     0.000
  7         g      21 [3] (11)  4>>4 {+2,-1}
                                -1.688     0.036     0.119     1.693     0.000
------------------------------------------------------------------------------
Step 1 performed by myLesHouchesHandler
--- intermediates:
  1        e-      11  (3)   
                                 4.172     0.000     0.000     4.172     0.000
  2        e+     -11  (3)   
                                -4.172     0.000    -0.000     4.172     0.000
  3     gamma      22 [1,2] (4..7)   
                                 0.000     0.000     0.000     8.345     8.345
--- final:
  4         g      21 [3] (8)  7>>7 {+1,-2}
                                -1.872     0.077    -0.880     2.070     0.000
  5         g      21 [3] (9)  6>>6 {+3,-4}
                                 2.880    -0.574    -0.596     2.996     0.000
  6         g      21 [3] (10)  5>>5 {+4,-3}
                                 0.680     0.461     1.356     1.586     0.000
  7         g      21 [3] (11)  4>>4 {+2,-1}
                                -1.688     0.036     0.119     1.693     0.000
------------------------------------------------------------------------------
     Sum of momenta:            -3e-05    -3e-05    -2e-05      8.34      8.34
------------------------------------------------------------------------------
Step 2 performed by ShowerHandler
--- final:
  8         g      21 [4] (12,13)  11>>11 {+1,-2}
                                -1.656     0.068    -0.778     2.063     0.950
  9         g      21 [5] (14,15)  10>>10 {+3,-4}
                                 2.547    -0.508    -0.527     2.815     0.950
 10         g      21 [6] (16,17)  9>>9 {+4,-3}
                                 0.602     0.408     1.200     1.694     0.950
 11         g      21 [7] (18,19)  8>>8 {+2,-1}
                                -1.493     0.032     0.105     1.773     0.950
------------------------------------------------------------------------------
     Sum of momenta:            -3e-05    -3e-05    -2e-05      8.34      8.34
------------------------------------------------------------------------------
Step 3 performed by ClusterHadHandler
--- intermediates:
 12         d       1 [8] (23)   {+1}
                                -0.835    -0.257    -0.184     0.950     0.325
 13      dbar      -1 [8] (20)   {-2}
                                -0.820     0.325    -0.594     1.112     0.325
 14         d       1 [9] (21)   {+3}
                                 0.995    -0.497    -0.393     1.224     0.325
 15      dbar      -1 [9] (22)   {-4}
                                 1.552    -0.011    -0.133     1.591     0.325
 16         s       3 [10] (22)   {+4}
                                 0.142     0.214     0.437     0.678     0.450
 17      sbar      -3 [10] (21)   {-3}
                                 0.459     0.194     0.762     1.016     0.450
 18         d       1 [11] (20)   {+2}
                                -0.676    -0.065    -0.286     0.805     0.325
 19      dbar      -1 [11] (23)   {-1}
                                -0.817     0.097     0.392     0.968     0.325
 20   Cluster      81 [13,18] (26,27)   
                                -1.496     0.260    -0.880     1.917     0.772
 21   Cluster      81 [14,17] (30,31)   
                                 1.454    -0.304     0.369     2.240     1.635
 22   Cluster      81 [15,16] (28,29)   
                                 1.694     0.204     0.304     2.270     1.465
 23   Cluster      81 [12,19] (24,25)   
                                -1.652    -0.159     0.207     1.918     0.938
--- final:
 24      rho-    -213 [23] (32,33)   
                                -1.274    -0.140     0.323     1.497     0.705
 25       pi+     211 [23]    
                                -0.379    -0.020    -0.116     0.421     0.140
 26       pi+     211 [20]    
                                -0.891    -0.149    -0.703     1.153     0.140
 27       pi-    -211 [20]    
                                -0.605     0.409    -0.178     0.764     0.140
 28     Kbar0    -311 [22] (36)   
                                 0.533     0.080    -0.230     0.769     0.498
 29     omega     223 [22] (37,38)   
                                 1.161     0.124     0.534     1.501     0.777
 30       pi-    -211 [21]    
                                -0.035    -0.083    -0.342     0.380     0.140
 31       K*+     323 [21] (41,42)   
                                 1.489    -0.221     0.711     1.859     0.827
------------------------------------------------------------------------------
     Sum of momenta:            -3e-05    -3e-05    -2e-05      8.34      8.34
------------------------------------------------------------------------------
Step 4 performed by DecayHandler
--- intermediates:
 32       pi0     111 [24] (34,35)   
                                -0.513    -0.250     0.404     0.712     0.135
 38       pi0     111 [29] (39,40)   
                                 0.576    -0.284     0.095     0.663     0.135
 41        K0     311 [31] (43)   
                                 0.998    -0.343     0.337     1.214     0.498
 43      K_S0     310 [41] (44,45)   
                                 0.998    -0.343     0.337     1.214     0.498
--- final:
 25       pi+     211 [23]    
                                -0.379    -0.020    -0.116     0.421     0.140
 26       pi+     211 [20]    
                                -0.891    -0.149    -0.703     1.153     0.140
 27       pi-    -211 [20]    
                                -0.605     0.409    -0.178     0.764     0.140
 30       pi-    -211 [21]    
                                -0.035    -0.083    -0.342     0.380     0.140
 33       pi-    -211 [24]    
                                -0.761     0.110    -0.081     0.785     0.140
 34     gamma      22 [32]    
                                -0.434    -0.183     0.382     0.607     0.000
 35     gamma      22 [32]    
                                -0.079    -0.067     0.023     0.106     0.000
 36      K_L0     130 [28]    
                                 0.533     0.080    -0.230     0.769     0.498
 37     gamma      22 [29]    
                                 0.585     0.408     0.438     0.838     0.000
 39     gamma      22 [38]    
                                 0.169    -0.041    -0.020     0.175     0.000
 40     gamma      22 [38]    
                                 0.407    -0.244     0.115     0.488     0.000
 42       pi+     211 [31]    
                                 0.492     0.122     0.374     0.645     0.140
 44       pi+     211 [43]    
                                 0.701    -0.227     0.030     0.750     0.140
 45       pi-    -211 [43]    
                                 0.297    -0.116     0.307     0.464     0.140
------------------------------------------------------------------------------
     Sum of momenta:            -3e-05    -3e-05    -2e-05      8.34      8.34

The following exception classes were reported in this run:
ThePEG::EventHandler::ConsistencyException warning (1 times)
ThePEG::LesHouchesReader::LesHouchesReopenWarning warning (1 times)
