>>>>>>>>>>>>>>>>>>>>>>>>>>>>>>>>>>>>>>>>>>>>>>>>>>>>>>>>>>>>>>>>>>>>>>>>>>>>>>
>>>> Toolkit for HEP Event Generation - ThePEG 2.2.0 <<<<<<<<<<<<<<<<<<<<<<<<<
>>>> Tue Jun 30 00:31:27 2020                                             <<<<
<<<<<<<<<<<<<<<<<<<<<<<<<<<<<<<<<<<<<<<<<<<<<<<<<<<<<<<<<<<<<<<<<<<<<<<<<<<<<<

>> Herwig 7.2.0 / ThePEG 2.2.0

/Herwig/EventHandlers/NoCuts:
MHat  = 2 .. 22.9672 GeV
Scale = 0 .. 1e+12 GeV2
YHat  = -100 .. 100
X1    = 0 .. 1
X2    = 0 .. 1

* A warning exception of type ThePEG::LesHouchesReader::LesHouchesReopenWarning occurred while generating event number 1: 
Reopening LesHouchesReader 'myReader' after accessing 2 events out of 1
* A warning exception of type ThePEG::EventHandler::ConsistencyException occurred while generating event number 1: 
Event handler 'myLesHouchesHandler' found energy-momentum non-conservation by (-1e-05,-2e-05,-1e-05;9.99901e-06) GeV after generating step number 4.

******************************************************************************
Event number 1 (id: ./OUTPUT/0.95MB1.05/1512015332/TMP/Cluster_HERWIGOutput_19) performed by myLesHouchesHandler
Weight: 1
==============================================================================

--- Colliding particles:
  1        e-      11  (3)   
                                 5.742     0.000    -0.000     5.742     0.000
  2        e+     -11  (3)   
                                -5.742     0.000     0.000     5.742     0.000
------------------------------------------------------------------------------
Primary sub-process performed by myReader
--- incoming:
  1        e-      11  (3)   
                                 5.742     0.000    -0.000     5.742     0.000
  2        e+     -11  (3)   
                                -5.742     0.000     0.000     5.742     0.000
--- intermediates:
  3     gamma      22 [1,2] (4..7)   
                                 0.000     0.000     0.000    11.484    11.484
--- outgoing:
  4         g      21 [3] (8)  7>>7 {+1,-2}
                                -4.622    -1.985     1.103     5.150     0.000
  5         g      21 [3] (9)  6>>6 {+3,-4}
                                 0.190     0.171    -0.037     0.258     0.000
  6         g      21 [3] (10)  5>>5 {+4,-3}
                                 4.770     2.357    -0.794     5.380     0.000
  7         g      21 [3] (11)  4>>4 {+2,-1}
                                -0.338    -0.544    -0.272     0.696     0.000
------------------------------------------------------------------------------
Step 1 performed by myLesHouchesHandler
--- intermediates:
  1        e-      11  (3)   
                                 5.742     0.000    -0.000     5.742     0.000
  2        e+     -11  (3)   
                                -5.742     0.000     0.000     5.742     0.000
  3     gamma      22 [1,2] (4..7)   
                                 0.000     0.000     0.000    11.484    11.484
--- final:
  4         g      21 [3] (8)  7>>7 {+1,-2}
                                -4.622    -1.985     1.103     5.150     0.000
  5         g      21 [3] (9)  6>>6 {+3,-4}
                                 0.190     0.171    -0.037     0.258     0.000
  6         g      21 [3] (10)  5>>5 {+4,-3}
                                 4.770     2.357    -0.794     5.380     0.000
  7         g      21 [3] (11)  4>>4 {+2,-1}
                                -0.338    -0.544    -0.272     0.696     0.000
------------------------------------------------------------------------------
     Sum of momenta:            -2e-05    -2e-05    -1e-05      11.5      11.5
------------------------------------------------------------------------------
Step 2 performed by ShowerHandler
--- final:
  8         g      21 [4] (12,13)  11>>11 {+1,-2}
                                -4.032    -1.731     0.962     4.592     0.950
  9         g      21 [5] (14,15)  10>>10 {+3,-4}
                                 0.166     0.149    -0.033     0.976     0.950
 10         g      21 [6] (16,17)  9>>9 {+4,-3}
                                 4.161     2.056    -0.692     4.788     0.950
 11         g      21 [7] (18,19)  8>>8 {+2,-1}
                                -0.295    -0.474    -0.237     1.127     0.950
------------------------------------------------------------------------------
     Sum of momenta:            -2e-05    -2e-05    -1e-05      11.5      11.5
------------------------------------------------------------------------------
Step 3 performed by ClusterHadHandler
--- intermediates:
 12         d       1 [8] (20)   {+1}
                                -2.747    -1.446     0.827     3.229     0.325
 13      dbar      -1 [8] (21)   {-2}
                                -1.285    -0.285     0.135     1.363     0.325
 14         d       1 [9] (22)   {+3}
                                -0.077    -0.198    -0.171     0.425     0.325
 15      dbar      -1 [9] (23)   {-4}
                                 0.243     0.348     0.139     0.552     0.325
 16         s       3 [10] (23)   {+4}
                                 1.681     0.927    -0.386     2.009     0.450
 17      sbar      -3 [10] (22)   {-3}
                                 2.480     1.130    -0.307     2.779     0.450
 18         d       1 [11] (21)   {+2}
                                -0.138    -0.344    -0.468     0.679     0.325
 19      dbar      -1 [11] (20)   {-1}
                                -0.157    -0.130     0.231     0.448     0.325
 20   Cluster      81 [12,19] (24,25)   
                                -2.904    -1.576     1.057     3.676     1.217
 21   Cluster      81 [13,18] (26,27)   
                                -1.423    -0.629    -0.332     2.042     1.281
 22   Cluster      81 [14,17] (30,31)   
                                 2.403     0.931    -0.478     3.204     1.842
 23   Cluster      81 [15,16] (28,29)   
                                 1.924     1.274    -0.247     2.561     1.083
--- final:
 24       pi0     111 [20] (32,33)   
                                -1.230    -0.844     0.719     1.661     0.135
 25     omega     223 [20] (34,35)   
                                -1.674    -0.732     0.339     2.015     0.779
 26     Kbar0    -311 [21] (40)   
                                -0.927    -0.691    -0.430     1.331     0.498
 27        K0     311 [21] (41)   
                                -0.496     0.062     0.097     0.712     0.498
 28       eta     221 [23] (44,45)   
                                 1.063     0.541    -0.165     1.323     0.548
 29     Kbar0    -311 [23] (46)   
                                 0.861     0.733    -0.082     1.238     0.498
 30       pi-    -211 [22]    
                                 1.131    -0.164    -0.634     1.314     0.140
 31       K*+     323 [22] (49,50)   
                                 1.272     1.095     0.156     1.889     0.853
------------------------------------------------------------------------------
     Sum of momenta:            -2e-05    -2e-05    -1e-05      11.5      11.5
------------------------------------------------------------------------------
Step 4 performed by DecayHandler
--- intermediates:
 34      rho-    -213 [25] (36,37)   
                                -1.026    -0.357     0.387     1.252     0.488
 36       pi0     111 [34] (38,39)   
                                -0.170    -0.050    -0.058     0.230     0.135
 41      K_S0     310 [27] (42,43)   
                                -0.496     0.062     0.097     0.712     0.498
 46      K_S0     310 [29] (47,48)   
                                 0.861     0.733    -0.082     1.238     0.498
 50       pi0     111 [31] (51,52)   
                                 0.665     0.670    -0.110     0.960     0.135
--- final:
 30       pi-    -211 [22]    
                                 1.131    -0.164    -0.634     1.314     0.140
 32     gamma      22 [24]    
                                -0.852    -0.553     0.425     1.101     0.000
 33     gamma      22 [24]    
                                -0.378    -0.292     0.294     0.560     0.000
 35       pi+     211 [25]    
                                -0.648    -0.375    -0.048     0.763     0.140
 37       pi-    -211 [34]    
                                -0.856    -0.307     0.445     1.022     0.140
 38     gamma      22 [36]    
                                -0.046    -0.072     0.011     0.086     0.000
 39     gamma      22 [36]    
                                -0.124     0.022    -0.069     0.144     0.000
 40      K_L0     130 [26]    
                                -0.927    -0.691    -0.430     1.331     0.498
 42       pi+     211 [41]    
                                -0.446     0.071    -0.081     0.480     0.140
 43       pi-    -211 [41]    
                                -0.049    -0.009     0.178     0.232     0.140
 44     gamma      22 [28]    
                                 0.189    -0.090     0.068     0.220     0.000
 45     gamma      22 [28]    
                                 0.874     0.631    -0.233     1.103     0.000
 47       pi+     211 [46]    
                                 0.107     0.048     0.077     0.198     0.140
 48       pi-    -211 [46]    
                                 0.754     0.685    -0.159     1.041     0.140
 49        K+     321 [31]    
                                 0.607     0.425     0.266     0.929     0.494
 51     gamma      22 [50]    
                                 0.532     0.474    -0.121     0.723     0.000
 52     gamma      22 [50]    
                                 0.133     0.196     0.011     0.237     0.000
------------------------------------------------------------------------------
     Sum of momenta:            -2e-05    -2e-05    -1e-05      11.5      11.5

The following exception classes were reported in this run:
ThePEG::EventHandler::ConsistencyException warning (1 times)
ThePEG::LesHouchesReader::LesHouchesReopenWarning warning (1 times)
