>>>>>>>>>>>>>>>>>>>>>>>>>>>>>>>>>>>>>>>>>>>>>>>>>>>>>>>>>>>>>>>>>>>>>>>>>>>>>>
>>>> Toolkit for HEP Event Generation - ThePEG 2.2.0 <<<<<<<<<<<<<<<<<<<<<<<<<
>>>> Tue Jun 30 00:49:18 2020                                             <<<<
<<<<<<<<<<<<<<<<<<<<<<<<<<<<<<<<<<<<<<<<<<<<<<<<<<<<<<<<<<<<<<<<<<<<<<<<<<<<<<

>> Herwig 7.2.0 / ThePEG 2.2.0

/Herwig/EventHandlers/NoCuts:
MHat  = 2 .. 23.0742 GeV
Scale = 0 .. 1e+12 GeV2
YHat  = -100 .. 100
X1    = 0 .. 1
X2    = 0 .. 1

* A warning exception of type ThePEG::LesHouchesReader::LesHouchesReopenWarning occurred while generating event number 1: 
Reopening LesHouchesReader 'myReader' after accessing 2 events out of 1
* A warning exception of type ThePEG::EventHandler::ConsistencyException occurred while generating event number 1: 
Event handler 'myLesHouchesHandler' found energy-momentum non-conservation by (4.9738e-16,-2e-05,-2e-05;-1e-05) GeV after generating step number 4.

******************************************************************************
Event number 1 (id: ./OUTPUT/0.95MB1.05/1512495814/TMP/Cluster_HERWIGOutput_24) performed by myLesHouchesHandler
Weight: 1
==============================================================================

--- Colliding particles:
  1        e-      11  (3)   
                                 5.769     0.000     0.000     5.769     0.000
  2        e+     -11  (3)   
                                -5.769     0.000    -0.000     5.769     0.000
------------------------------------------------------------------------------
Primary sub-process performed by myReader
--- incoming:
  1        e-      11  (3)   
                                 5.769     0.000     0.000     5.769     0.000
  2        e+     -11  (3)   
                                -5.769     0.000    -0.000     5.769     0.000
--- intermediates:
  3     gamma      22 [1,2] (4..7)   
                                 0.000     0.000     0.000    11.537    11.537
--- outgoing:
  4         g      21 [3] (8)  6>>7 {+1,-2}
                                 0.348    -0.040     0.017     0.350     0.000
  5         g      21 [3] (9)  7>>6 {+3,-4}
                                -0.607     1.667    -0.119     1.778     0.000
  6         g      21 [3] (10)  5>>4 {+2,-3}
                                 0.076    -2.935     4.188     5.115     0.000
  7         g      21 [3] (11)  4>>5 {+4,-1}
                                 0.183     1.307    -4.086     4.294     0.000
------------------------------------------------------------------------------
Step 1 performed by myLesHouchesHandler
--- intermediates:
  1        e-      11  (3)   
                                 5.769     0.000     0.000     5.769     0.000
  2        e+     -11  (3)   
                                -5.769     0.000    -0.000     5.769     0.000
  3     gamma      22 [1,2] (4..7)   
                                 0.000     0.000     0.000    11.537    11.537
--- final:
  4         g      21 [3] (8)  6>>7 {+1,-2}
                                 0.348    -0.040     0.017     0.350     0.000
  5         g      21 [3] (9)  7>>6 {+3,-4}
                                -0.607     1.667    -0.119     1.778     0.000
  6         g      21 [3] (10)  5>>4 {+2,-3}
                                 0.076    -2.935     4.188     5.115     0.000
  7         g      21 [3] (11)  4>>5 {+4,-1}
                                 0.183     1.307    -4.086     4.294     0.000
------------------------------------------------------------------------------
     Sum of momenta:            -1e-05    -2e-05    -2e-05      11.5      11.5
------------------------------------------------------------------------------
Step 2 performed by ShowerHandler
--- final:
  8         g      21 [4] (12,13)  10>>11 {+1,-2}
                                 0.313    -0.036     0.015     1.001     0.950
  9         g      21 [5] (14,15)  11>>10 {+3,-4}
                                -0.546     1.499    -0.107     1.860     0.950
 10         g      21 [6] (16,17)  9>>8 {+2,-3}
                                 0.069    -2.640     3.768     4.698     0.950
 11         g      21 [7] (18,19)  8>>9 {+4,-1}
                                 0.165     1.176    -3.676     3.978     0.950
------------------------------------------------------------------------------
     Sum of momenta:            -1e-05    -2e-05    -2e-05      11.5      11.5
------------------------------------------------------------------------------
Step 3 performed by ClusterHadHandler
--- intermediates:
 12         u       2 [8] (20)   {+1}
                                 0.227     0.309    -0.081     0.510     0.325
 13      ubar      -2 [8] (21)   {-2}
                                 0.085    -0.345     0.097     0.491     0.325
 14         s       3 [9] (22)   {+3}
                                -0.225     0.760     0.091     0.916     0.450
 15      sbar      -3 [9] (23)   {-4}
                                -0.321     0.740    -0.198     0.944     0.450
 16         u       2 [10] (21)   {+2}
                                -0.043    -0.899     0.834     1.270     0.325
 17      ubar      -2 [10] (22)   {-3}
                                 0.112    -1.740     2.934     3.428     0.325
 18         u       2 [11] (23)   {+4}
                                 0.001     0.970    -3.113     3.277     0.325
 19      ubar      -2 [11] (20)   {-1}
                                 0.164     0.206    -0.563     0.701     0.325
 20   Cluster      81 [12,19] (28,29)   
                                 0.391     0.515    -0.644     1.211     0.795
 21   Cluster      81 [13,16] (24,25)   
                                 0.042    -1.245     0.931     1.761     0.827
 22   Cluster      81 [14,17] (26,27)   
                                -0.113    -0.981     3.025     4.344     2.958
 23   Cluster      81 [15,18] (30,31)   
                                -0.320     1.710    -3.311     4.221     1.956
--- final:
 24       pi-    -211 [21]    
                                -0.048    -0.448    -0.064     0.476     0.140
 25       pi+     211 [21]    
                                 0.091    -0.796     0.994     1.285     0.140
 26  K*_2bar0    -315 [22] (32,33)   
                                -0.293    -0.614     1.616     2.314     1.510
 27     rho'- -100213 [22] (38,39)   
                                 0.180    -0.367     1.409     2.031     1.404
 28       pi+     211 [20]    
                                 0.156     0.204     0.140     0.324     0.140
 29       pi-    -211 [20]    
                                 0.235     0.311    -0.784     0.887     0.140
 30        K0     311 [23] (42)   
                                -0.483     0.657    -0.927     1.331     0.498
 31      b_1+   10213 [23] (43,44)   
                                 0.164     1.053    -2.385     2.890     1.237
------------------------------------------------------------------------------
     Sum of momenta:            -1e-05    -2e-05    -2e-05      11.5      11.5
------------------------------------------------------------------------------
Step 4 performed by DecayHandler
--- intermediates:
 32    K*bar0    -313 [26] (34,35)   
                                -0.024    -0.794     0.919     1.534     0.937
 33       pi0     111 [26] (36,37)   
                                -0.269     0.180     0.697     0.780     0.135
 38       pi0     111 [27] (40,41)   
                                 0.473     0.204     0.067     0.537     0.135
 43     omega     223 [31] (45,46)   
                                 0.449     0.651    -1.498     1.866     0.783
 45      rho-    -213 [43] (47,48)   
                                -0.024     0.375    -0.954     1.081     0.343
 47       pi0     111 [45] (49,50)   
                                -0.086     0.156    -0.295     0.371     0.135
--- final:
 24       pi-    -211 [21]    
                                -0.048    -0.448    -0.064     0.476     0.140
 25       pi+     211 [21]    
                                 0.091    -0.796     0.994     1.285     0.140
 28       pi+     211 [20]    
                                 0.156     0.204     0.140     0.324     0.140
 29       pi-    -211 [20]    
                                 0.235     0.311    -0.784     0.887     0.140
 34        K-    -321 [32]    
                                 0.288    -0.437     0.659     0.976     0.494
 35       pi+     211 [32]    
                                -0.312    -0.356     0.259     0.558     0.140
 36     gamma      22 [33]    
                                -0.027     0.075     0.103     0.130     0.000
 37     gamma      22 [33]    
                                -0.242     0.105     0.594     0.650     0.000
 39       pi-    -211 [27]    
                                -0.293    -0.570     1.342     1.494     0.140
 40     gamma      22 [38]    
                                 0.204     0.111     0.095     0.251     0.000
 41     gamma      22 [38]    
                                 0.269     0.093    -0.027     0.286     0.000
 42      K_L0     130 [30]    
                                -0.483     0.657    -0.927     1.331     0.498
 44       pi+     211 [31]    
                                -0.285     0.402    -0.887     1.025     0.140
 46       pi+     211 [43]    
                                 0.474     0.276    -0.543     0.784     0.140
 48       pi-    -211 [45]    
                                 0.062     0.219    -0.659     0.711     0.140
 49     gamma      22 [47]    
                                -0.042     0.094    -0.271     0.290     0.000
 50     gamma      22 [47]    
                                -0.045     0.063    -0.024     0.081     0.000
------------------------------------------------------------------------------
     Sum of momenta:            -1e-05    -2e-05    -2e-05      11.5      11.5

The following exception classes were reported in this run:
ThePEG::EventHandler::ConsistencyException warning (1 times)
ThePEG::LesHouchesReader::LesHouchesReopenWarning warning (1 times)
