>>>>>>>>>>>>>>>>>>>>>>>>>>>>>>>>>>>>>>>>>>>>>>>>>>>>>>>>>>>>>>>>>>>>>>>>>>>>>>
>>>> Toolkit for HEP Event Generation - ThePEG 2.2.0 <<<<<<<<<<<<<<<<<<<<<<<<<
>>>> Tue Jun 30 00:16:51 2020                                             <<<<
<<<<<<<<<<<<<<<<<<<<<<<<<<<<<<<<<<<<<<<<<<<<<<<<<<<<<<<<<<<<<<<<<<<<<<<<<<<<<<

>> Herwig 7.2.0 / ThePEG 2.2.0

/Herwig/EventHandlers/NoCuts:
MHat  = 2 .. 8.66162 GeV
Scale = 0 .. 1e+12 GeV2
YHat  = -100 .. 100
X1    = 0 .. 1
X2    = 0 .. 1

* A warning exception of type ThePEG::LesHouchesReader::LesHouchesReopenWarning occurred while generating event number 1: 
Reopening LesHouchesReader 'myReader' after accessing 2 events out of 1
* A warning exception of type ThePEG::EventHandler::ConsistencyException occurred while generating event number 1: 
Event handler 'myLesHouchesHandler' found energy-momentum non-conservation by (-1e-05,-3e-05,-3e-05;-1.12211e-10) GeV after generating step number 4.

******************************************************************************
Event number 1 (id: ./OUTPUT/0.95MB1.05/1511425928/TMP/Cluster_HERWIGOutput_1) performed by myLesHouchesHandler
Weight: 1
==============================================================================

--- Colliding particles:
  1        e-      11  (3)   
                                 2.165     0.000     0.000     2.165     0.000
  2        e+     -11  (3)   
                                -2.165     0.000    -0.000     2.165     0.000
------------------------------------------------------------------------------
Primary sub-process performed by myReader
--- incoming:
  1        e-      11  (3)   
                                 2.165     0.000     0.000     2.165     0.000
  2        e+     -11  (3)   
                                -2.165     0.000    -0.000     2.165     0.000
--- intermediates:
  3     gamma      22 [1,2] (4..7)   
                                 0.000     0.000     0.000     4.331     4.331
--- outgoing:
  4         g      21 [3] (8)  6>>6 {+1,-2}
                                 0.156    -0.275    -2.002     2.027     0.000
  5         g      21 [3] (9)  7>>7 {+3,-4}
                                -0.303     0.264     0.988     1.066     0.000
  6         g      21 [3] (10)  4>>4 {+2,-1}
                                -0.255     0.057     0.618     0.671     0.000
  7         g      21 [3] (11)  5>>5 {+4,-3}
                                 0.402    -0.046     0.397     0.566     0.000
------------------------------------------------------------------------------
Step 1 performed by myLesHouchesHandler
--- intermediates:
  1        e-      11  (3)   
                                 2.165     0.000     0.000     2.165     0.000
  2        e+     -11  (3)   
                                -2.165     0.000    -0.000     2.165     0.000
  3     gamma      22 [1,2] (4..7)   
                                 0.000     0.000     0.000     4.331     4.331
--- final:
  4         g      21 [3] (8)  6>>6 {+1,-2}
                                 0.156    -0.275    -2.002     2.027     0.000
  5         g      21 [3] (9)  7>>7 {+3,-4}
                                -0.303     0.264     0.988     1.066     0.000
  6         g      21 [3] (10)  4>>4 {+2,-1}
                                -0.255     0.057     0.618     0.671     0.000
  7         g      21 [3] (11)  5>>5 {+4,-3}
                                 0.402    -0.046     0.397     0.566     0.000
------------------------------------------------------------------------------
     Sum of momenta:            -2e-05    -3e-05    -3e-05      4.33      4.33
------------------------------------------------------------------------------
Step 2 performed by ShowerHandler
--- final:
  8         g      21 [4] (12,13)  10>>10 {+1,-2}
                                 0.068    -0.120    -0.873     1.298     0.950
  9         g      21 [5] (14,15)  11>>11 {+3,-4}
                                -0.132     0.115     0.431     1.058     0.950
 10         g      21 [6] (16,17)  8>>8 {+2,-1}
                                -0.111     0.025     0.269     0.994     0.950
 11         g      21 [7] (18,19)  9>>9 {+4,-3}
                                 0.175    -0.020     0.173     0.982     0.950
------------------------------------------------------------------------------
     Sum of momenta:            -2e-05    -3e-05    -3e-05      4.33      4.33
------------------------------------------------------------------------------
Step 3 performed by ClusterHadHandler
--- intermediates:
 12         d       1 [8] (20)   {+1}
                                -0.022    -0.342    -0.200     0.513     0.325
 13      dbar      -1 [8] (23)   {-2}
                                 0.090     0.222    -0.673     0.785     0.325
 14         d       1 [9] (21)   {+3}
                                -0.215    -0.215     0.042     0.447     0.325
 15      dbar      -1 [9] (22)   {-4}
                                 0.083     0.330     0.389     0.610     0.325
 16         s       3 [10] (22)   {+2}
                                -0.175     0.049     0.048     0.488     0.450
 17      sbar      -3 [10] (20)   {-1}
                                 0.064    -0.024     0.222     0.506     0.450
 18         d       1 [11] (23)   {+4}
                                 0.109    -0.090    -0.254     0.436     0.325
 19      dbar      -1 [11] (21)   {-3}
                                 0.066     0.070     0.427     0.545     0.325
 20   Cluster      81 [12,17] (24,25)   
                                 0.042    -0.365     0.022     1.019     0.950
 21   Cluster      81 [14,19] (30,31)   
                                -0.149    -0.146     0.469     0.993     0.850
 22   Cluster      81 [15,16] (26,27)   
                                -0.092     0.379     0.436     1.098     0.929
 23   Cluster      81 [13,18] (28,29)   
                                 0.199     0.132    -0.928     1.221     0.757
--- final:
 24       pi0     111 [20] (32,33)   
                                -0.103    -0.058    -0.290     0.341     0.135
 25        K0     311 [20] (34)   
                                 0.145    -0.307     0.312     0.678     0.498
 26     Kbar0    -311 [22] (37)   
                                -0.102     0.196    -0.064     0.548     0.498
 27       pi0     111 [22] (40,41)   
                                 0.010     0.183     0.500     0.550     0.135
 28       pi-    -211 [23]    
                                -0.239    -0.079    -0.362     0.463     0.140
 29       pi+     211 [23]    
                                 0.438     0.211    -0.565     0.758     0.140
 30       pi-    -211 [21]    
                                 0.154    -0.093     0.591     0.633     0.140
 31       pi+     211 [21]    
                                -0.303    -0.053    -0.122     0.359     0.140
------------------------------------------------------------------------------
     Sum of momenta:            -2e-05    -3e-05    -3e-05      4.33      4.33
------------------------------------------------------------------------------
Step 4 performed by DecayHandler
--- intermediates:
 34      K_S0     310 [25] (35,36)   
                                 0.145    -0.307     0.312     0.678     0.498
 37      K_S0     310 [26] (38,39)   
                                -0.102     0.196    -0.064     0.548     0.498
--- final:
 28       pi-    -211 [23]    
                                -0.239    -0.079    -0.362     0.463     0.140
 29       pi+     211 [23]    
                                 0.438     0.211    -0.565     0.758     0.140
 30       pi-    -211 [21]    
                                 0.154    -0.093     0.591     0.633     0.140
 31       pi+     211 [21]    
                                -0.303    -0.053    -0.122     0.359     0.140
 32     gamma      22 [24]    
                                -0.132    -0.049    -0.268     0.303     0.000
 33     gamma      22 [24]    
                                 0.029    -0.009    -0.021     0.038     0.000
 35       pi+     211 [34]    
                                 0.242    -0.047     0.092     0.298     0.140
 36       pi-    -211 [34]    
                                -0.097    -0.261     0.220     0.381     0.140
 38       pi+     211 [37]    
                                 0.073     0.083    -0.196     0.265     0.140
 39       pi-    -211 [37]    
                                -0.175     0.113     0.132     0.284     0.140
 40     gamma      22 [27]    
                                 0.002     0.096     0.421     0.432     0.000
 41     gamma      22 [27]    
                                 0.008     0.086     0.079     0.117     0.000
------------------------------------------------------------------------------
     Sum of momenta:            -2e-05    -3e-05    -3e-05      4.33      4.33

The following exception classes were reported in this run:
ThePEG::EventHandler::ConsistencyException warning (1 times)
ThePEG::LesHouchesReader::LesHouchesReopenWarning warning (1 times)
