>>>>>>>>>>>>>>>>>>>>>>>>>>>>>>>>>>>>>>>>>>>>>>>>>>>>>>>>>>>>>>>>>>>>>>>>>>>>>>
>>>> Toolkit for HEP Event Generation - ThePEG 2.2.0 <<<<<<<<<<<<<<<<<<<<<<<<<
>>>> Tue Jun 30 01:02:15 2020                                             <<<<
<<<<<<<<<<<<<<<<<<<<<<<<<<<<<<<<<<<<<<<<<<<<<<<<<<<<<<<<<<<<<<<<<<<<<<<<<<<<<<

>> Herwig 7.2.0 / ThePEG 2.2.0

/Herwig/EventHandlers/NoCuts:
MHat  = 2 .. 24.6353 GeV
Scale = 0 .. 1e+12 GeV2
YHat  = -100 .. 100
X1    = 0 .. 1
X2    = 0 .. 1

* A warning exception of type ThePEG::LesHouchesReader::LesHouchesReopenWarning occurred while generating event number 1: 
Reopening LesHouchesReader 'myReader' after accessing 2 events out of 1
* A warning exception of type ThePEG::EventHandler::ConsistencyException occurred while generating event number 1: 
Event handler 'myLesHouchesHandler' found energy-momentum non-conservation by (-1e-05,-2e-05,-3e-05;2e-05) GeV after generating step number 4.

******************************************************************************
Event number 1 (id: ./OUTPUT/0.95MB1.05/1512173926/TMP/Cluster_HERWIGOutput_37) performed by myLesHouchesHandler
Weight: 1
==============================================================================

--- Colliding particles:
  1        e-      11  (3)   
                                 6.159     0.000    -0.000     6.159     0.000
  2        e+     -11  (3)   
                                -6.159     0.000     0.000     6.159     0.000
------------------------------------------------------------------------------
Primary sub-process performed by myReader
--- incoming:
  1        e-      11  (3)   
                                 6.159     0.000    -0.000     6.159     0.000
  2        e+     -11  (3)   
                                -6.159     0.000     0.000     6.159     0.000
--- intermediates:
  3     gamma      22 [1,2] (4..7)   
                                -0.000     0.000     0.000    12.318    12.318
--- outgoing:
  4         g      21 [3] (8)  7>>5 {+1,-2}
                                 1.404     1.842     1.861     2.971     0.000
  5         g      21 [3] (9)  4>>6 {+3,-1}
                                -4.673    -1.365    -1.433     5.075     0.000
  6         g      21 [3] (10)  5>>7 {+4,-3}
                                 2.375     0.958    -0.233     2.572     0.000
  7         g      21 [3] (11)  6>>4 {+2,-4}
                                 0.893    -1.434    -0.194     1.701     0.000
------------------------------------------------------------------------------
Step 1 performed by myLesHouchesHandler
--- intermediates:
  1        e-      11  (3)   
                                 6.159     0.000    -0.000     6.159     0.000
  2        e+     -11  (3)   
                                -6.159     0.000     0.000     6.159     0.000
  3     gamma      22 [1,2] (4..7)   
                                -0.000     0.000     0.000    12.318    12.318
--- final:
  4         g      21 [3] (8)  7>>5 {+1,-2}
                                 1.404     1.842     1.861     2.971     0.000
  5         g      21 [3] (9)  4>>6 {+3,-1}
                                -4.673    -1.365    -1.433     5.075     0.000
  6         g      21 [3] (10)  5>>7 {+4,-3}
                                 2.375     0.958    -0.233     2.572     0.000
  7         g      21 [3] (11)  6>>4 {+2,-4}
                                 0.893    -1.434    -0.194     1.701     0.000
------------------------------------------------------------------------------
     Sum of momenta:            -2e-05    -2e-05    -3e-05      12.3      12.3
------------------------------------------------------------------------------
Step 2 performed by ShowerHandler
--- final:
  8         g      21 [4] (12,13)  11>>9 {+1,-2}
                                 1.326     1.739     1.757     2.961     0.950
  9         g      21 [5] (14,15)  8>>10 {+3,-1}
                                -4.411    -1.289    -1.353     4.884     0.950
 10         g      21 [6] (16,17)  9>>11 {+4,-3}
                                 2.242     0.904    -0.220     2.607     0.950
 11         g      21 [7] (18,19)  10>>8 {+2,-4}
                                 0.843    -1.354    -0.183     1.866     0.950
------------------------------------------------------------------------------
     Sum of momenta:            -2e-05    -2e-05    -3e-05      12.3      12.3
------------------------------------------------------------------------------
Step 3 performed by ClusterHadHandler
--- intermediates:
 12         d       1 [8] (20)   {+1}
                                 0.191     0.730     0.483     0.954     0.325
 13      dbar      -1 [8] (21)   {-2}
                                 1.134     1.008     1.273     2.008     0.325
 14         u       2 [9] (22)   {+3}
                                -1.652    -0.176    -0.617     1.802     0.325
 15      ubar      -2 [9] (20)   {-1}
                                -2.759    -1.113    -0.736     3.082     0.325
 16         s       3 [10] (23)   {+4}
                                 1.223     0.493     0.028     1.393     0.450
 17      sbar      -3 [10] (22)   {-3}
                                 1.019     0.412    -0.249     1.214     0.450
 18         u       2 [11] (21)   {+2}
                                 0.395    -0.822    -0.430     1.059     0.325
 19      ubar      -2 [11] (23)   {-4}
                                 0.448    -0.532     0.246     0.807     0.325
 20   Cluster      81 [12,15] (24,25)   
                                -2.568    -0.383    -0.253     4.036     3.079
 21   Cluster      81 [13,18] (26,27)   
                                 1.529     0.187     0.844     3.066     2.513
 22   Cluster      81 [14,17] (28,29)   
                                -0.633     0.236    -0.866     3.016     2.809
 23   Cluster      81 [16,19] (30,31)   
                                 1.671    -0.040     0.275     2.200     1.404
--- final:
 24     K*_20     315 [20] (32,33)   
                                -1.539    -0.891    -0.637     2.255     1.231
 25      K'*- -100323 [20] (41,42)   
                                -1.029     0.508     0.384     1.781     1.306
 26      a_20     115 [21] (54,55)   
                                 0.236    -0.149     0.522     1.515     1.394
 27      rho+     213 [21] (60,61)   
                                 1.293     0.336     0.322     1.552     0.720
 28       pi+     211 [22]    
                                -0.207     0.167     0.996     1.040     0.140
 29        K0     311 [22] (64)   
                                -0.426     0.069    -1.862     1.975     0.498
 30     Kbar0    -311 [23] (67)   
                                 0.094     0.141     0.302     0.606     0.498
 31       pi-    -211 [23]    
                                 1.577    -0.181    -0.027     1.594     0.140
------------------------------------------------------------------------------
     Sum of momenta:            -2e-05    -2e-05    -3e-05      12.3      12.3
------------------------------------------------------------------------------
Step 4 performed by DecayHandler
--- intermediates:
 32      rho0     113 [24] (34,35)   
                                -0.733    -0.364    -0.447     1.011     0.390
 33       K*0     313 [24] (36,37)   
                                -0.805    -0.527    -0.190     1.243     0.764
 36        K0     311 [33] (38)   
                                -0.591    -0.171    -0.103     0.798     0.498
 37       pi0     111 [33] (39,40)   
                                -0.215    -0.356    -0.087     0.446     0.135
 41    K*bar0    -313 [25] (43,44)   
                                -0.744     0.025     0.401     1.203     0.855
 43     Kbar0    -311 [41] (45)   
                                -0.406     0.229     0.389     0.785     0.498
 44       pi0     111 [41] (52,53)   
                                -0.338    -0.204     0.012     0.418     0.135
 45      K_S0     310 [43] (46,47)   
                                -0.406     0.229     0.389     0.785     0.498
 46       pi0     111 [45] (48,49)   
                                -0.188    -0.105     0.200     0.323     0.135
 47       pi0     111 [45] (50,51)   
                                -0.219     0.334     0.190     0.462     0.135
 54      rho-    -213 [26] (56,57)   
                                 0.222     0.376     0.292     0.924     0.760
 56       pi0     111 [54] (58,59)   
                                -0.129     0.146    -0.165     0.288     0.135
 60       pi0     111 [27] (62,63)   
                                 1.101     0.171     0.005     1.122     0.135
 64      K_S0     310 [29] (65,66)   
                                -0.426     0.069    -1.862     1.975     0.498
 67      K_S0     310 [30] (68,69)   
                                 0.094     0.141     0.302     0.606     0.498
--- final:
 28       pi+     211 [22]    
                                -0.207     0.167     0.996     1.040     0.140
 31       pi-    -211 [23]    
                                 1.577    -0.181    -0.027     1.594     0.140
 34       pi+     211 [32]    
                                -0.445    -0.340    -0.353     0.677     0.140
 35       pi-    -211 [32]    
                                -0.288    -0.024    -0.094     0.334     0.140
 38      K_L0     130 [36]    
                                -0.591    -0.171    -0.103     0.798     0.498
 39     gamma      22 [37]    
                                -0.008    -0.052    -0.056     0.077     0.000
 40     gamma      22 [37]    
                                -0.207    -0.304    -0.031     0.369     0.000
 42       pi-    -211 [25]    
                                -0.285     0.483    -0.017     0.578     0.140
 48     gamma      22 [46]    
                                -0.038    -0.044     0.139     0.151     0.000
 49     gamma      22 [46]    
                                -0.149    -0.061     0.061     0.172     0.000
 50     gamma      22 [47]    
                                -0.081     0.203     0.045     0.223     0.000
 51     gamma      22 [47]    
                                -0.138     0.131     0.145     0.239     0.000
 52     gamma      22 [44]    
                                -0.298    -0.115     0.014     0.320     0.000
 53     gamma      22 [44]    
                                -0.040    -0.089    -0.002     0.098     0.000
 55       pi+     211 [26]    
                                 0.014    -0.526     0.229     0.590     0.140
 57       pi-    -211 [54]    
                                 0.351     0.230     0.457     0.636     0.140
 58     gamma      22 [56]    
                                 0.024     0.050    -0.026     0.061     0.000
 59     gamma      22 [56]    
                                -0.153     0.096    -0.139     0.228     0.000
 61       pi+     211 [27]    
                                 0.193     0.165     0.317     0.430     0.140
 62     gamma      22 [60]    
                                 0.898     0.092     0.029     0.903     0.000
 63     gamma      22 [60]    
                                 0.203     0.079    -0.024     0.219     0.000
 65       pi+     211 [64]    
                                -0.030    -0.129    -0.623     0.652     0.140
 66       pi-    -211 [64]    
                                -0.396     0.198    -1.239     1.323     0.140
 68       pi+     211 [67]    
                                 0.226     0.016     0.261     0.373     0.140
 69       pi-    -211 [67]    
                                -0.132     0.126     0.041     0.233     0.140
------------------------------------------------------------------------------
     Sum of momenta:            -2e-05    -2e-05    -3e-05      12.3      12.3

The following exception classes were reported in this run:
ThePEG::EventHandler::ConsistencyException warning (1 times)
ThePEG::LesHouchesReader::LesHouchesReopenWarning warning (1 times)
