>>>>>>>>>>>>>>>>>>>>>>>>>>>>>>>>>>>>>>>>>>>>>>>>>>>>>>>>>>>>>>>>>>>>>>>>>>>>>>
>>>> Toolkit for HEP Event Generation - ThePEG 2.2.0 <<<<<<<<<<<<<<<<<<<<<<<<<
>>>> Tue Jun 30 00:49:38 2020                                             <<<<
<<<<<<<<<<<<<<<<<<<<<<<<<<<<<<<<<<<<<<<<<<<<<<<<<<<<<<<<<<<<<<<<<<<<<<<<<<<<<<

>> Herwig 7.2.0 / ThePEG 2.2.0

/Herwig/EventHandlers/NoCuts:
MHat  = 2 .. 37.9303 GeV
Scale = 0 .. 1e+12 GeV2
YHat  = -100 .. 100
X1    = 0 .. 1
X2    = 0 .. 1

* A warning exception of type ThePEG::LesHouchesReader::LesHouchesReopenWarning occurred while generating event number 1: 
Reopening LesHouchesReader 'myReader' after accessing 2 events out of 1
* A warning exception of type ThePEG::EventHandler::ConsistencyException occurred while generating event number 1: 
Event handler 'myLesHouchesHandler' found energy-momentum non-conservation by (-1e-05,-2e-05,-1e-05;1.99986e-05) GeV after generating step number 4.

******************************************************************************
Event number 1 (id: ./OUTPUT/0.95MB1.05/1514773608/TMP/Cluster_HERWIGOutput_25) performed by myLesHouchesHandler
Weight: 1
==============================================================================

--- Colliding particles:
  1        e-      11  (3)   
                                 9.483     0.000     0.000     9.483     0.000
  2        e+     -11  (3)   
                                -9.483     0.000     0.000     9.483     0.000
------------------------------------------------------------------------------
Primary sub-process performed by myReader
--- incoming:
  1        e-      11  (3)   
                                 9.483     0.000     0.000     9.483     0.000
  2        e+     -11  (3)   
                                -9.483     0.000     0.000     9.483     0.000
--- intermediates:
  3     gamma      22 [1,2] (4..7)   
                                -0.000     0.000     0.000    18.965    18.965
--- outgoing:
  4         g      21 [3] (8)  7>>7 {+1,-2}
                                -0.232    -1.688     4.368     4.688     0.000
  5         g      21 [3] (9)  6>>6 {+3,-4}
                                 2.598     0.575    -7.692     8.139     0.000
  6         g      21 [3] (14)  5>>5 {+4,-3}
                                -0.008     1.393     3.490     3.758     0.000
  7         g      21 [3] (19)  4>>4 {+2,-1}
                                -2.358    -0.281    -0.166     2.380     0.000
------------------------------------------------------------------------------
Step 1 performed by myLesHouchesHandler
--- intermediates:
  1        e-      11  (3)   
                                 9.483     0.000     0.000     9.483     0.000
  2        e+     -11  (3)   
                                -9.483     0.000     0.000     9.483     0.000
  3     gamma      22 [1,2] (4..7)   
                                -0.000     0.000     0.000    18.965    18.965
--- final:
  4         g      21 [3] (8)  7>>7 {+1,-2}
                                -0.232    -1.688     4.368     4.688     0.000
  5         g      21 [3] (9)  6>>6 {+3,-4}
                                 2.598     0.575    -7.692     8.139     0.000
  6         g      21 [3] (14)  5>>5 {+4,-3}
                                -0.008     1.393     3.490     3.758     0.000
  7         g      21 [3] (19)  4>>4 {+2,-1}
                                -2.358    -0.281    -0.166     2.380     0.000
------------------------------------------------------------------------------
     Sum of momenta:            -2e-05    -2e-05    -1e-05        19        19
------------------------------------------------------------------------------
Step 2 performed by ShowerHandler
--- intermediates:
  9         g      21 [5] (10,13)   {+3,-4}
                                 1.604     0.355    -4.749     7.946     6.155
 10         u       2 [9] (11,12)   {+3}
                                 1.506     2.399    -3.198     5.358     3.233
 14         g      21 [6] (15,16)   {+4,-3}
                                -0.005     0.860     2.155     6.223     5.774
 16         g      21 [14] (17,18)   {+4,-5}
                                 1.013    -0.272     2.440     4.405     3.515
--- final:
  8         g      21 [4] (20,21)  19>>19 {+1,-2}
                                -0.143    -1.042     2.697     3.047     0.950
 11         u       2 [10] (36)  >12 {+6}
                                -0.617     1.689    -1.020     2.093     0.325
 12         g      21 [10] (30,31)  11>>15 {+3,-6}
                                 2.123     0.709    -2.178     3.264     0.950
 13      ubar      -2 [9] (34)  17> {-4}
                                 0.098    -2.044    -1.551     2.588     0.325
 15         g      21 [14] (24,25)  12>>18 {+5,-3}
                                -1.018     1.133    -0.285     1.817     0.950
 17         g      21 [16] (26,27)  18>>13 {+4,-7}
                                -0.107     1.221     1.281     2.011     0.950
 18         g      21 [16] (28,29)  15>>17 {+7,-5}
                                 1.120    -1.493     1.159     2.394     0.950
 19         g      21 [7] (22,23)  8>>8 {+2,-1}
                                -1.456    -0.173    -0.102     1.750     0.950
------------------------------------------------------------------------------
     Sum of momenta:            -2e-05    -2e-05    -1e-05        19        19
------------------------------------------------------------------------------
Step 3 performed by ClusterHadHandler
--- intermediates:
 20         u       2 [8] (35)   {+1}
                                -0.234    -0.265     0.506     0.697     0.325
 21      ubar      -2 [8] (38)   {-2}
                                 0.091    -0.777     2.191     2.349     0.325
 22         u       2 [19] (37)   {+2}
                                -0.972    -0.366     0.124     1.096     0.325
 23      ubar      -2 [19] (35)   {-1}
                                -0.483     0.193    -0.226     0.654     0.325
 24         u       2 [15] (32)   {+5}
                                -0.275     0.154     0.146     0.476     0.325
 25      ubar      -2 [15] (33)   {-3}
                                -0.744     0.978    -0.431     1.342     0.325
 26         s       3 [17] (34)   {+4}
                                -0.025     0.367     0.509     0.773     0.450
 27      sbar      -3 [17] (36)   {-7}
                                -0.082     0.854     0.771     1.239     0.450
 28         u       2 [18] (38)   {+7}
                                 0.744    -0.703     0.276     1.109     0.325
 29      ubar      -2 [18] (32)   {-5}
                                 0.376    -0.790     0.883     1.285     0.325
 30         s       3 [12] (33)   {+3}
                                 1.304     0.525    -1.405     2.038     0.450
 31      sbar      -3 [12] (37)   {-6}
                                 0.819     0.184    -0.774     1.227     0.450
 32   Cluster      81 [24,29] (43,44)   
                                 0.101    -0.636     1.029     1.761     1.275
 33   Cluster      81 [25,30] (49,50)   
                                 0.561     1.503    -1.835     3.380     2.341
 34   Cluster      81 [13,26] (47,48)   
                                 0.073    -1.677    -1.042     3.361     2.719
 35   Cluster      81 [20,23] (45,46)   
                                -0.717    -0.072     0.279     1.352     1.109
 36   Cluster      81 [11,27] (41,42)   
                                -0.699     2.544    -0.249     3.332     2.020
 37   Cluster      81 [22,31] (51,52)   
                                -0.154    -0.182    -0.649     2.322     2.217
 38   Cluster      81 [21,28] (39,40)   
                                 0.835    -1.480     2.468     3.458     1.727
--- final:
 39       pi0     111 [38] (53,54)   
                                -0.154    -0.030     0.284     0.351     0.135
 40       f_2     225 [38] (55,56)   
                                 0.989    -1.450     2.184     3.107     1.342
 41      eta'     331 [36] (61..63)   
                                 0.056     1.077    -0.114     1.447     0.958
 42       K*+     323 [36] (73,74)   
                                -0.755     1.467    -0.135     1.885     0.902
 43      rho+     213 [32] (77,78)   
                                 0.327    -0.716     0.683     1.318     0.806
 44       pi-    -211 [32]    
                                -0.225     0.080     0.346     0.443     0.140
 45      rho+     213 [35] (81,82)   
                                -0.637    -0.224    -0.067     0.940     0.651
 46       pi-    -211 [35]    
                                -0.080     0.152     0.346     0.411     0.140
 47  K*_2bar0    -315 [34] (85,86)   
                                -0.579    -0.819    -0.916     2.008     1.479
 48      a_1-  -20213 [34] (94,95)   
                                 0.652    -0.858    -0.126     1.353     0.808
 49     nbar0   -2112 [33]    
                                 0.129     0.424    -0.558     1.180     0.940
 50   Sigma*-    3114 [33] (102,103)   
                                 0.432     1.079    -1.277     2.200     1.364
 51      a_2+     215 [37] (106,107)   
                                 0.198    -0.616    -0.015     1.342     1.175
 52        K0     311 [37] (114)   
                                -0.352     0.434    -0.634     0.981     0.498
------------------------------------------------------------------------------
     Sum of momenta:            -2e-05    -2e-05    -1e-05        19        19
------------------------------------------------------------------------------
Step 4 performed by DecayHandler
--- intermediates:
 55       pi0     111 [40] (57,58)   
                                 0.239    -0.792     1.875     2.054     0.135
 56       pi0     111 [40] (59,60)   
                                 0.751    -0.658     0.309     1.053     0.135
 61       pi0     111 [41] (64,65)   
                                -0.073     0.055    -0.048     0.170     0.135
 62       pi0     111 [41] (66,67)   
                                 0.100     0.262    -0.130     0.338     0.135
 63       eta     221 [41] (68..70)   
                                 0.030     0.760     0.064     0.939     0.548
 70       pi0     111 [63] (71,72)   
                                -0.045     0.329     0.015     0.359     0.135
 74       pi0     111 [42] (75,76)   
                                 0.053     0.205     0.134     0.285     0.135
 77       pi0     111 [43] (79,80)   
                                 0.211    -0.157    -0.123     0.320     0.135
 81       pi0     111 [45] (83,84)   
                                -0.452    -0.308     0.180     0.592     0.135
 85      rho+     213 [47] (87,88)   
                                -0.489    -0.069    -0.221     0.700     0.444
 86       K*-    -323 [47] (91,92)   
                                -0.090    -0.750    -0.695     1.308     0.811
 87       pi0     111 [85] (89,90)   
                                -0.139    -0.044     0.083     0.215     0.135
 91     Kbar0    -311 [86] (93)   
                                 0.074    -0.531    -0.261     0.777     0.498
 94    rho''-  -30213 [48] (96,97)   
                                 0.329    -0.469    -0.155     0.828     0.578
 95       pi0     111 [48] (100,101)   
                                 0.323    -0.389     0.029     0.524     0.135
 96       pi0     111 [94] (98,99)   
                                 0.343    -0.364     0.092     0.526     0.135
102   Lambda0    3122 [50] (104,105)   
                                 0.429     1.102    -1.058     1.940     1.116
106      rho+     213 [51] (108,109)   
                                 0.048    -0.113     0.068     0.793     0.780
107       pi0     111 [51] (112,113)   
                                 0.151    -0.503    -0.084     0.549     0.135
108       pi0     111 [106] (110,111)   
                                 0.181    -0.049    -0.296     0.375     0.135
114      K_S0     310 [52] (115,116)   
                                -0.352     0.434    -0.634     0.981     0.498
115       pi0     111 [114] (117,118)   
                                 0.004    -0.024    -0.206     0.247     0.135
116       pi0     111 [114] (119,120)   
                                -0.356     0.458    -0.428     0.733     0.135
--- final:
 44       pi-    -211 [32]    
                                -0.225     0.080     0.346     0.443     0.140
 46       pi-    -211 [35]    
                                -0.080     0.152     0.346     0.411     0.140
 49     nbar0   -2112 [33]    
                                 0.129     0.424    -0.558     1.180     0.940
 53     gamma      22 [39]    
                                -0.150     0.001     0.284     0.321     0.000
 54     gamma      22 [39]    
                                -0.005    -0.030     0.000     0.031     0.000
 57     gamma      22 [55]    
                                 0.217    -0.682     1.714     1.857     0.000
 58     gamma      22 [55]    
                                 0.022    -0.111     0.161     0.196     0.000
 59     gamma      22 [56]    
                                 0.368    -0.408     0.189     0.581     0.000
 60     gamma      22 [56]    
                                 0.383    -0.250     0.121     0.473     0.000
 64     gamma      22 [61]    
                                -0.102     0.039     0.003     0.109     0.000
 65     gamma      22 [61]    
                                 0.029     0.016    -0.051     0.061     0.000
 66     gamma      22 [62]    
                                 0.047     0.023     0.013     0.053     0.000
 67     gamma      22 [62]    
                                 0.053     0.240    -0.143     0.284     0.000
 68       pi+     211 [63]    
                                 0.114     0.168     0.117     0.273     0.140
 69       pi-    -211 [63]    
                                -0.039     0.262    -0.068     0.307     0.140
 71     gamma      22 [70]    
                                 0.012     0.215    -0.042     0.219     0.000
 72     gamma      22 [70]    
                                -0.057     0.114     0.057     0.140     0.000
 73        K+     321 [42]    
                                -0.808     1.262    -0.269     1.600     0.494
 75     gamma      22 [74]    
                                -0.037     0.027     0.002     0.046     0.000
 76     gamma      22 [74]    
                                 0.089     0.178     0.132     0.239     0.000
 78       pi+     211 [43]    
                                 0.116    -0.559     0.806     0.998     0.140
 79     gamma      22 [77]    
                                 0.033    -0.093    -0.008     0.099     0.000
 80     gamma      22 [77]    
                                 0.177    -0.064    -0.115     0.221     0.000
 82       pi+     211 [45]    
                                -0.185     0.084    -0.247     0.349     0.140
 83     gamma      22 [81]    
                                -0.109    -0.011     0.042     0.117     0.000
 84     gamma      22 [81]    
                                -0.343    -0.297     0.138     0.474     0.000
 88       pi+     211 [85]    
                                -0.350    -0.025    -0.304     0.485     0.140
 89     gamma      22 [87]    
                                -0.053     0.025     0.087     0.105     0.000
 90     gamma      22 [87]    
                                -0.086    -0.069    -0.004     0.110     0.000
 92       pi-    -211 [86]    
                                -0.163    -0.219    -0.434     0.531     0.140
 93      K_L0     130 [91]    
                                 0.074    -0.531    -0.261     0.777     0.498
 97       pi-    -211 [94]    
                                -0.014    -0.105    -0.247     0.303     0.140
 98     gamma      22 [96]    
                                 0.248    -0.166     0.053     0.304     0.000
 99     gamma      22 [96]    
                                 0.095    -0.197     0.039     0.222     0.000
100     gamma      22 [95]    
                                 0.243    -0.366     0.034     0.441     0.000
101     gamma      22 [95]    
                                 0.080    -0.023    -0.006     0.084     0.000
103       pi-    -211 [50]    
                                 0.003    -0.023    -0.219     0.260     0.140
104        p+    2212 [102]    
                                 0.467     0.932    -0.916     1.675     0.938
105       pi-    -211 [102]    
                                -0.038     0.169    -0.143     0.264     0.140
109       pi+     211 [106]    
                                -0.134    -0.064     0.364     0.417     0.140
110     gamma      22 [108]    
                                 0.174     0.002    -0.190     0.258     0.000
111     gamma      22 [108]    
                                 0.007    -0.051    -0.106     0.117     0.000
112     gamma      22 [107]    
                                 0.155    -0.291    -0.044     0.333     0.000
113     gamma      22 [107]    
                                -0.005    -0.213    -0.039     0.216     0.000
117     gamma      22 [115]    
                                -0.034    -0.054    -0.042     0.076     0.000
118     gamma      22 [115]    
                                 0.038     0.030    -0.164     0.171     0.000
119     gamma      22 [116]    
                                -0.072     0.145    -0.059     0.173     0.000
120     gamma      22 [116]    
                                -0.284     0.312    -0.369     0.561     0.000
------------------------------------------------------------------------------
     Sum of momenta:            -2e-05    -2e-05    -1e-05        19        19

The following exception classes were reported in this run:
ThePEG::EventHandler::ConsistencyException warning (1 times)
ThePEG::LesHouchesReader::LesHouchesReopenWarning warning (1 times)
