>>>>>>>>>>>>>>>>>>>>>>>>>>>>>>>>>>>>>>>>>>>>>>>>>>>>>>>>>>>>>>>>>>>>>>>>>>>>>>
>>>> Toolkit for HEP Event Generation - ThePEG 2.2.0 <<<<<<<<<<<<<<<<<<<<<<<<<
>>>> Tue Jun 30 00:44:25 2020                                             <<<<
<<<<<<<<<<<<<<<<<<<<<<<<<<<<<<<<<<<<<<<<<<<<<<<<<<<<<<<<<<<<<<<<<<<<<<<<<<<<<<

>> Herwig 7.2.0 / ThePEG 2.2.0

/Herwig/EventHandlers/NoCuts:
MHat  = 2 .. 10.2229 GeV
Scale = 0 .. 1e+12 GeV2
YHat  = -100 .. 100
X1    = 0 .. 1
X2    = 0 .. 1

* A warning exception of type ThePEG::LesHouchesReader::LesHouchesReopenWarning occurred while generating event number 1: 
Reopening LesHouchesReader 'myReader' after accessing 2 events out of 1
* A warning exception of type ThePEG::EventHandler::ConsistencyException occurred while generating event number 1: 
Event handler 'myLesHouchesHandler' found energy-momentum non-conservation by (-1e-05,-1e-05,-2e-05;9.99972e-06) GeV after generating step number 4.

******************************************************************************
Event number 1 (id: ./OUTPUT/0.95MB1.05/1513342148/TMP/Cluster_HERWIGOutput_18) performed by myLesHouchesHandler
Weight: 1
==============================================================================

--- Colliding particles:
  1        e-      11  (3)   
                                 2.556     0.000     0.000     2.556     0.000
  2        e+     -11  (3)   
                                -2.556     0.000    -0.000     2.556     0.000
------------------------------------------------------------------------------
Primary sub-process performed by myReader
--- incoming:
  1        e-      11  (3)   
                                 2.556     0.000     0.000     2.556     0.000
  2        e+     -11  (3)   
                                -2.556     0.000    -0.000     2.556     0.000
--- intermediates:
  3     gamma      22 [1,2] (4..7)   
                                -0.000     0.000     0.000     5.111     5.111
--- outgoing:
  4         g      21 [3] (8)  6>>5 {+1,-2}
                                 1.050     0.637     1.455     1.904     0.000
  5         g      21 [3] (9)  4>>7 {+3,-1}
                                 0.530    -0.536    -0.199     0.780     0.000
  6         g      21 [3] (10)  7>>4 {+2,-4}
                                -0.947    -0.501    -1.290     1.677     0.000
  7         g      21 [3] (11)  5>>6 {+4,-3}
                                -0.633     0.401     0.034     0.750     0.000
------------------------------------------------------------------------------
Step 1 performed by myLesHouchesHandler
--- intermediates:
  1        e-      11  (3)   
                                 2.556     0.000     0.000     2.556     0.000
  2        e+     -11  (3)   
                                -2.556     0.000    -0.000     2.556     0.000
  3     gamma      22 [1,2] (4..7)   
                                -0.000     0.000     0.000     5.111     5.111
--- final:
  4         g      21 [3] (8)  6>>5 {+1,-2}
                                 1.050     0.637     1.455     1.904     0.000
  5         g      21 [3] (9)  4>>7 {+3,-1}
                                 0.530    -0.536    -0.199     0.780     0.000
  6         g      21 [3] (10)  7>>4 {+2,-4}
                                -0.947    -0.501    -1.290     1.677     0.000
  7         g      21 [3] (11)  5>>6 {+4,-3}
                                -0.633     0.401     0.034     0.750     0.000
------------------------------------------------------------------------------
     Sum of momenta:            -2e-05    -1e-05    -2e-05      5.11      5.11
------------------------------------------------------------------------------
Step 2 performed by ShowerHandler
--- final:
  8         g      21 [4] (12,13)  10>>9 {+1,-2}
                                 0.671     0.407     0.929     1.543     0.950
  9         g      21 [5] (14,15)  8>>11 {+3,-1}
                                 0.339    -0.343    -0.127     1.073     0.950
 10         g      21 [6] (16,17)  11>>8 {+2,-4}
                                -0.605    -0.320    -0.824     1.432     0.950
 11         g      21 [7] (18,19)  9>>10 {+4,-3}
                                -0.404     0.256     0.022     1.064     0.950
------------------------------------------------------------------------------
     Sum of momenta:            -2e-05    -1e-05    -2e-05      5.11      5.11
------------------------------------------------------------------------------
Step 3 performed by ClusterHadHandler
--- intermediates:
 12         d       1 [8] (20)   {+1}
                                 0.289    -0.082     0.656     0.791     0.325
 13      dbar      -1 [8] (21)   {-2}
                                 0.382     0.489     0.274     0.752     0.325
 14         d       1 [9] (22)   {+3}
                                 0.025    -0.450    -0.223     0.599     0.325
 15      dbar      -1 [9] (20)   {-1}
                                 0.313     0.107     0.096     0.474     0.325
 16         s       3 [10] (21)   {+2}
                                -0.458    -0.142    -0.546     0.855     0.450
 17      sbar      -3 [10] (23)   {-4}
                                -0.147    -0.178    -0.278     0.577     0.450
 18         d       1 [11] (23)   {+4}
                                -0.168     0.042    -0.326     0.491     0.325
 19      dbar      -1 [11] (22)   {-3}
                                -0.236     0.213     0.347     0.572     0.325
 20   Cluster      81 [12,15] (24,25)   
                                 0.602     0.025     0.752     1.265     0.819
 21   Cluster      81 [13,16] (26,27)   
                                -0.076     0.347    -0.272     1.607     1.543
 22   Cluster      81 [14,19] (30,31)   
                                -0.211    -0.237     0.124     1.171     1.121
 23   Cluster      81 [17,18] (28,29)   
                                -0.315    -0.135    -0.604     1.069     0.812
--- final:
 24       pi0     111 [20] (32,33)   
                                 0.347    -0.202     0.790     0.896     0.135
 25       pi0     111 [20] (34,35)   
                                 0.255     0.227    -0.038     0.369     0.135
 26       eta     221 [21] (36..38)   
                                -0.421     0.324     0.059     0.765     0.548
 27    K*bar0    -313 [21] (45,46)   
                                 0.345     0.023    -0.332     0.841     0.692
 28        K0     311 [23] (47)   
                                -0.134    -0.185    -0.164     0.572     0.498
 29       pi0     111 [23] (48,49)   
                                -0.181     0.050    -0.440     0.497     0.135
 30       pi-    -211 [22]    
                                 0.012    -0.531    -0.271     0.613     0.140
 31       pi+     211 [22]    
                                -0.223     0.295     0.395     0.559     0.140
------------------------------------------------------------------------------
     Sum of momenta:            -2e-05    -1e-05    -2e-05      5.11      5.11
------------------------------------------------------------------------------
Step 4 performed by DecayHandler
--- intermediates:
 36       pi0     111 [26] (39,40)   
                                 0.005     0.084    -0.010     0.159     0.135
 37       pi0     111 [26] (41,42)   
                                -0.219     0.173    -0.065     0.317     0.135
 38       pi0     111 [26] (43,44)   
                                -0.206     0.067     0.135     0.289     0.135
--- final:
 30       pi-    -211 [22]    
                                 0.012    -0.531    -0.271     0.613     0.140
 31       pi+     211 [22]    
                                -0.223     0.295     0.395     0.559     0.140
 32     gamma      22 [24]    
                                 0.264    -0.084     0.474     0.549     0.000
 33     gamma      22 [24]    
                                 0.083    -0.118     0.316     0.347     0.000
 34     gamma      22 [25]    
                                 0.094     0.007    -0.011     0.095     0.000
 35     gamma      22 [25]    
                                 0.161     0.220    -0.027     0.274     0.000
 39     gamma      22 [36]    
                                 0.060     0.003    -0.008     0.061     0.000
 40     gamma      22 [36]    
                                -0.056     0.081    -0.002     0.099     0.000
 41     gamma      22 [37]    
                                -0.128     0.034     0.014     0.133     0.000
 42     gamma      22 [37]    
                                -0.092     0.139    -0.079     0.184     0.000
 43     gamma      22 [38]    
                                 0.016    -0.012     0.013     0.024     0.000
 44     gamma      22 [38]    
                                -0.222     0.079     0.122     0.265     0.000
 45        K-    -321 [27]    
                                 0.206     0.125    -0.208     0.587     0.494
 46       pi+     211 [27]    
                                 0.139    -0.102    -0.124     0.254     0.140
 47      K_L0     130 [28]    
                                -0.134    -0.185    -0.164     0.572     0.498
 48     gamma      22 [29]    
                                -0.053     0.073    -0.258     0.273     0.000
 49     gamma      22 [29]    
                                -0.128    -0.023    -0.182     0.224     0.000
------------------------------------------------------------------------------
     Sum of momenta:            -2e-05    -1e-05    -2e-05      5.11      5.11

The following exception classes were reported in this run:
ThePEG::EventHandler::ConsistencyException warning (1 times)
ThePEG::LesHouchesReader::LesHouchesReopenWarning warning (1 times)
