>>>>>>>>>>>>>>>>>>>>>>>>>>>>>>>>>>>>>>>>>>>>>>>>>>>>>>>>>>>>>>>>>>>>>>>>>>>>>>
>>>> Toolkit for HEP Event Generation - ThePEG 2.2.0 <<<<<<<<<<<<<<<<<<<<<<<<<
>>>> Tue Jun 30 00:20:00 2020                                             <<<<
<<<<<<<<<<<<<<<<<<<<<<<<<<<<<<<<<<<<<<<<<<<<<<<<<<<<<<<<<<<<<<<<<<<<<<<<<<<<<<

>> Herwig 7.2.0 / ThePEG 2.2.0

/Herwig/EventHandlers/NoCuts:
MHat  = 2 .. 8.41325 GeV
Scale = 0 .. 1e+12 GeV2
YHat  = -100 .. 100
X1    = 0 .. 1
X2    = 0 .. 1

* A warning exception of type ThePEG::LesHouchesReader::LesHouchesReopenWarning occurred while generating event number 1: 
Reopening LesHouchesReader 'myReader' after accessing 2 events out of 1
* A warning exception of type ThePEG::EventHandler::ConsistencyException occurred while generating event number 1: 
Event handler 'myLesHouchesHandler' found energy-momentum non-conservation by (-1e-05,-2e-05,-2e-05;2e-05) GeV after generating step number 4.

******************************************************************************
Event number 1 (id: ./OUTPUT/0.95MB1.05/1511630960/TMP/Cluster_HERWIGOutput_5) performed by myLesHouchesHandler
Weight: 1
==============================================================================

--- Colliding particles:
  1        e-      11  (3)   
                                 2.103     0.000     0.000     2.103     0.000
  2        e+     -11  (3)   
                                -2.103     0.000    -0.000     2.103     0.000
------------------------------------------------------------------------------
Primary sub-process performed by myReader
--- incoming:
  1        e-      11  (3)   
                                 2.103     0.000     0.000     2.103     0.000
  2        e+     -11  (3)   
                                -2.103     0.000    -0.000     2.103     0.000
--- intermediates:
  3     gamma      22 [1,2] (4..7)   
                                -0.000     0.000     0.000     4.207     4.207
--- outgoing:
  4         g      21 [3] (8)  6>>7 {+1,-2}
                                -0.368     0.104    -0.478     0.611     0.000
  5         g      21 [3] (9)  7>>6 {+3,-4}
                                -0.374    -0.568     0.032     0.681     0.000
  6         g      21 [3] (10)  5>>4 {+2,-3}
                                 0.450    -1.152     0.213     1.255     0.000
  7         g      21 [3] (11)  4>>5 {+4,-1}
                                 0.292     1.616     0.233     1.659     0.000
------------------------------------------------------------------------------
Step 1 performed by myLesHouchesHandler
--- intermediates:
  1        e-      11  (3)   
                                 2.103     0.000     0.000     2.103     0.000
  2        e+     -11  (3)   
                                -2.103     0.000    -0.000     2.103     0.000
  3     gamma      22 [1,2] (4..7)   
                                -0.000     0.000     0.000     4.207     4.207
--- final:
  4         g      21 [3] (8)  6>>7 {+1,-2}
                                -0.368     0.104    -0.478     0.611     0.000
  5         g      21 [3] (9)  7>>6 {+3,-4}
                                -0.374    -0.568     0.032     0.681     0.000
  6         g      21 [3] (10)  5>>4 {+2,-3}
                                 0.450    -1.152     0.213     1.255     0.000
  7         g      21 [3] (11)  4>>5 {+4,-1}
                                 0.292     1.616     0.233     1.659     0.000
------------------------------------------------------------------------------
     Sum of momenta:            -2e-05    -2e-05    -2e-05      4.21      4.21
------------------------------------------------------------------------------
Step 2 performed by ShowerHandler
--- final:
  8         g      21 [4] (12,13)  10>>11 {+1,-2}
                                -0.148     0.042    -0.192     0.981     0.950
  9         g      21 [5] (14,15)  11>>10 {+3,-4}
                                -0.151    -0.228     0.013     0.989     0.950
 10         g      21 [6] (16,17)  9>>8 {+2,-3}
                                 0.181    -0.463     0.086     1.076     0.950
 11         g      21 [7] (18,19)  8>>9 {+4,-1}
                                 0.117     0.650     0.094     1.161     0.950
------------------------------------------------------------------------------
     Sum of momenta:            -2e-05    -2e-05    -2e-05      4.21      4.21
------------------------------------------------------------------------------
Step 3 performed by ClusterHadHandler
--- intermediates:
 12         d       1 [8] (20)   {+1}
                                -0.123    -0.269     0.092     0.449     0.325
 13      dbar      -1 [8] (23)   {-2}
                                -0.025     0.311    -0.284     0.532     0.325
 14         d       1 [9] (21)   {+3}
                                -0.236    -0.393    -0.149     0.581     0.325
 15      dbar      -1 [9] (22)   {-4}
                                 0.086     0.164     0.162     0.407     0.325
 16         s       3 [10] (22)   {+2}
                                -0.034    -0.184    -0.045     0.490     0.450
 17      sbar      -3 [10] (21)   {-3}
                                 0.215    -0.279     0.131     0.586     0.450
 18         d       1 [11] (23)   {+4}
                                 0.080     0.219    -0.293     0.496     0.325
 19      dbar      -1 [11] (20)   {-1}
                                 0.037     0.431     0.386     0.665     0.325
 20   Cluster      81 [12,19] (24,25)   
                                -0.085     0.162     0.478     1.114     0.989
 21   Cluster      81 [14,17] (30,31)   
                                -0.021    -0.672    -0.018     1.167     0.954
 22   Cluster      81 [15,16] (26,27)   
                                 0.052    -0.020     0.117     0.897     0.888
 23   Cluster      81 [13,18] (28,29)   
                                 0.055     0.529    -0.577     1.028     0.664
--- final:
 24      rho-    -213 [20] (32,33)   
                                -0.223     0.077     0.312     0.844     0.747
 25       pi+     211 [20]    
                                 0.137     0.085     0.166     0.271     0.140
 26        K-    -321 [22]    
                                -0.073    -0.011    -0.193     0.535     0.494
 27       pi+     211 [22]    
                                 0.125    -0.009     0.309     0.362     0.140
 28       pi-    -211 [23]    
                                -0.148     0.562    -0.454     0.751     0.140
 29       pi+     211 [23]    
                                 0.203    -0.033    -0.123     0.277     0.140
 30       pi-    -211 [21]    
                                 0.204    -0.536    -0.110     0.601     0.140
 31        K+     321 [21]    
                                -0.225    -0.135     0.092     0.567     0.494
------------------------------------------------------------------------------
     Sum of momenta:            -2e-05    -2e-05    -2e-05      4.21      4.21
------------------------------------------------------------------------------
Step 4 performed by DecayHandler
--- intermediates:
 32       pi0     111 [24] (34,35)   
                                -0.021     0.140     0.494     0.532     0.135
--- final:
 25       pi+     211 [20]    
                                 0.137     0.085     0.166     0.271     0.140
 26        K-    -321 [22]    
                                -0.073    -0.011    -0.193     0.535     0.494
 27       pi+     211 [22]    
                                 0.125    -0.009     0.309     0.362     0.140
 28       pi-    -211 [23]    
                                -0.148     0.562    -0.454     0.751     0.140
 29       pi+     211 [23]    
                                 0.203    -0.033    -0.123     0.277     0.140
 30       pi-    -211 [21]    
                                 0.204    -0.536    -0.110     0.601     0.140
 31        K+     321 [21]    
                                -0.225    -0.135     0.092     0.567     0.494
 33       pi-    -211 [24]    
                                -0.202    -0.063    -0.182     0.312     0.140
 34     gamma      22 [32]    
                                 0.050     0.024     0.201     0.208     0.000
 35     gamma      22 [32]    
                                -0.070     0.116     0.294     0.324     0.000
------------------------------------------------------------------------------
     Sum of momenta:            -2e-05    -2e-05    -2e-05      4.21      4.21

The following exception classes were reported in this run:
ThePEG::EventHandler::ConsistencyException warning (1 times)
ThePEG::LesHouchesReader::LesHouchesReopenWarning warning (1 times)
