>>>>>>>>>>>>>>>>>>>>>>>>>>>>>>>>>>>>>>>>>>>>>>>>>>>>>>>>>>>>>>>>>>>>>>>>>>>>>>
>>>> Toolkit for HEP Event Generation - ThePEG 2.2.0 <<<<<<<<<<<<<<<<<<<<<<<<<
>>>> Tue Jun 30 00:32:53 2020                                             <<<<
<<<<<<<<<<<<<<<<<<<<<<<<<<<<<<<<<<<<<<<<<<<<<<<<<<<<<<<<<<<<<<<<<<<<<<<<<<<<<<

>> Herwig 7.2.0 / ThePEG 2.2.0

/Herwig/EventHandlers/NoCuts:
MHat  = 2 .. 22.2903 GeV
Scale = 0 .. 1e+12 GeV2
YHat  = -100 .. 100
X1    = 0 .. 1
X2    = 0 .. 1

* A warning exception of type ThePEG::LesHouchesReader::LesHouchesReopenWarning occurred while generating event number 1: 
Reopening LesHouchesReader 'myReader' after accessing 2 events out of 1
* A warning exception of type ThePEG::EventHandler::ConsistencyException occurred while generating event number 1: 
Event handler 'myLesHouchesHandler' found energy-momentum non-conservation by (-2e-05,-3e-05,-1e-05;9.99969e-06) GeV after generating step number 4.

******************************************************************************
Event number 1 (id: ./OUTPUT/0.95MB1.05/1511417446/TMP/Cluster_HERWIGOutput_21) performed by myLesHouchesHandler
Weight: 1
==============================================================================

--- Colliding particles:
  1        e-      11  (3)   
                                 5.573     0.000     0.000     5.573     0.000
  2        e+     -11  (3)   
                                -5.573     0.000    -0.000     5.573     0.000
------------------------------------------------------------------------------
Primary sub-process performed by myReader
--- incoming:
  1        e-      11  (3)   
                                 5.573     0.000     0.000     5.573     0.000
  2        e+     -11  (3)   
                                -5.573     0.000    -0.000     5.573     0.000
--- intermediates:
  3     gamma      22 [1,2] (4..7)   
                                 0.000     0.000     0.000    11.145    11.145
--- outgoing:
  4         g      21 [3] (8)  7>>7 {+1,-2}
                                 0.883    -2.069    -2.754     3.556     0.000
  5         g      21 [3] (11)  6>>6 {+3,-4}
                                -1.558     0.385     0.057     1.606     0.000
  6         g      21 [3] (12)  5>>5 {+4,-3}
                                 1.032     0.266    -1.327     1.702     0.000
  7         g      21 [3] (13)  4>>4 {+2,-1}
                                -0.358     1.418     4.024     4.281     0.000
------------------------------------------------------------------------------
Step 1 performed by myLesHouchesHandler
--- intermediates:
  1        e-      11  (3)   
                                 5.573     0.000     0.000     5.573     0.000
  2        e+     -11  (3)   
                                -5.573     0.000    -0.000     5.573     0.000
  3     gamma      22 [1,2] (4..7)   
                                 0.000     0.000     0.000    11.145    11.145
--- final:
  4         g      21 [3] (8)  7>>7 {+1,-2}
                                 0.883    -2.069    -2.754     3.556     0.000
  5         g      21 [3] (11)  6>>6 {+3,-4}
                                -1.558     0.385     0.057     1.606     0.000
  6         g      21 [3] (12)  5>>5 {+4,-3}
                                 1.032     0.266    -1.327     1.702     0.000
  7         g      21 [3] (13)  4>>4 {+2,-1}
                                -0.358     1.418     4.024     4.281     0.000
------------------------------------------------------------------------------
     Sum of momenta:            -3e-05    -3e-05    -1e-05      11.1      11.1
------------------------------------------------------------------------------
Step 2 performed by ShowerHandler
--- intermediates:
  8         g      21 [4] (9,10)   {+1,-2}
                                 0.655    -1.536    -2.044     4.725     3.919
--- final:
  9         g      21 [8] (20,21)  10>>13 {+1,-5}
                                -0.249    -1.607     0.423     1.930     0.950
 10         g      21 [8] (22,23)  13>>9 {+5,-2}
                                 0.904     0.071    -2.467     2.795     0.950
 11         g      21 [5] (14,15)  12>>12 {+3,-4}
                                -1.156     0.286     0.042     1.524     0.950
 12         g      21 [6] (16,17)  11>>11 {+4,-3}
                                 0.766     0.197    -0.984     1.580     0.950
 13         g      21 [7] (18,19)  9>>10 {+2,-1}
                                -0.265     1.052     2.986     3.316     0.950
------------------------------------------------------------------------------
     Sum of momenta:            -3e-05    -3e-05    -1e-05      11.1      11.1
------------------------------------------------------------------------------
Step 3 performed by ClusterHadHandler
--- intermediates:
 14         u       2 [11] (27)   {+3}
                                -0.125     0.015     0.195     0.400     0.325
 15      ubar      -2 [11] (26)   {-4}
                                -1.031     0.271    -0.153     1.124     0.325
 16         u       2 [12] (25)   {+4}
                                 0.594    -0.181    -0.646     0.953     0.325
 17      ubar      -2 [12] (28)   {-3}
                                 0.172     0.379    -0.339     0.627     0.325
 18         u       2 [13] (26)   {+2}
                                -0.453     0.403     1.553     1.699     0.325
 19      ubar      -2 [13] (24)   {-1}
                                 0.188     0.649     1.433     1.617     0.325
 20         d       1 [9] (24)   {+1}
                                 0.078    -0.539     0.432     0.767     0.325
 21      dbar      -1 [9] (27)   {-5}
                                -0.327    -1.068    -0.008     1.163     0.325
 22         s       3 [10] (28)   {+5}
                                 0.495     0.044    -1.606     1.741     0.450
 23      sbar      -3 [10] (25)   {-2}
                                 0.409     0.027    -0.861     1.054     0.450
 24   Cluster      81 [19,20] (33,34)   
                                 0.266     0.110     1.864     2.384     1.458
 25   Cluster      81 [16,23] (31,32)   
                                 1.003    -0.154    -1.506     2.007     0.854
 26   Cluster      81 [15,18] (35,36)   
                                -1.484     0.674     1.400     2.823     1.831
 27   Cluster      81 [14,21] (37,38)   
                                -0.452    -1.053     0.187     1.563     1.046
 28   Cluster      81 [17,22] (29,30)   
                                 0.667     0.423    -1.945     2.368     1.095
--- final:
 29     Kbar0    -311 [28] (39)   
                                 0.686     0.577    -1.892     2.152     0.498
 30       pi-    -211 [28]    
                                -0.019    -0.155    -0.053     0.216     0.140
 31       pi+     211 [25]    
                                 0.052     0.057    -0.485     0.511     0.140
 32        K0     311 [25] (42)   
                                 0.951    -0.211    -1.021     1.497     0.498
 33       pi-    -211 [24]    
                                -0.079     0.325     0.273     0.454     0.140
 34      rho0     113 [24] (45,46)   
                                 0.345    -0.215     1.592     1.930     1.014
 35       pi+     211 [26]    
                                -0.475    -0.289     0.486     0.751     0.140
 36      a_2-    -215 [26] (47,48)   
                                -1.009     0.963     0.915     2.072     1.229
 37       pi0     111 [27] (54,55)   
                                -0.231    -0.199     0.069     0.340     0.135
 38      rho+     213 [27] (56,57)   
                                -0.221    -0.854     0.117     1.222     0.838
------------------------------------------------------------------------------
     Sum of momenta:            -3e-05    -3e-05    -1e-05      11.1      11.1
------------------------------------------------------------------------------
Step 4 performed by DecayHandler
--- intermediates:
 39      K_S0     310 [29] (40,41)   
                                 0.686     0.577    -1.892     2.152     0.498
 42      K_S0     310 [32] (43,44)   
                                 0.951    -0.211    -1.021     1.497     0.498
 47       eta     221 [36] (49..51)   
                                -0.610     1.127     0.586     1.512     0.548
 51       pi0     111 [47] (52,53)   
                                -0.219     0.244     0.101     0.369     0.135
 56       pi0     111 [38] (58,59)   
                                -0.157    -0.707     0.424     0.849     0.135
--- final:
 30       pi-    -211 [28]    
                                -0.019    -0.155    -0.053     0.216     0.140
 31       pi+     211 [25]    
                                 0.052     0.057    -0.485     0.511     0.140
 33       pi-    -211 [24]    
                                -0.079     0.325     0.273     0.454     0.140
 35       pi+     211 [26]    
                                -0.475    -0.289     0.486     0.751     0.140
 40       pi+     211 [39]    
                                 0.240    -0.005    -0.558     0.623     0.140
 41       pi-    -211 [39]    
                                 0.446     0.582    -1.335     1.529     0.140
 43       pi+     211 [42]    
                                 0.324    -0.071    -0.645     0.739     0.140
 44       pi-    -211 [42]    
                                 0.628    -0.140    -0.376     0.758     0.140
 45       pi+     211 [34]    
                                -0.024    -0.491     0.412     0.656     0.140
 46       pi-    -211 [34]    
                                 0.368     0.276     1.180     1.274     0.140
 48       pi-    -211 [36]    
                                -0.399    -0.164     0.329     0.560     0.140
 49       pi+     211 [47]    
                                -0.366     0.630     0.306     0.802     0.140
 50       pi-    -211 [47]    
                                -0.026     0.253     0.179     0.341     0.140
 52     gamma      22 [51]    
                                -0.196     0.260     0.101     0.341     0.000
 53     gamma      22 [51]    
                                -0.022    -0.016    -0.000     0.027     0.000
 54     gamma      22 [37]    
                                -0.016    -0.069    -0.021     0.074     0.000
 55     gamma      22 [37]    
                                -0.214    -0.130     0.090     0.266     0.000
 57       pi+     211 [38]    
                                -0.064    -0.147    -0.306     0.373     0.140
 58     gamma      22 [56]    
                                -0.002    -0.316     0.189     0.368     0.000
 59     gamma      22 [56]    
                                -0.155    -0.391     0.234     0.481     0.000
------------------------------------------------------------------------------
     Sum of momenta:            -3e-05    -3e-05    -1e-05      11.1      11.1

The following exception classes were reported in this run:
ThePEG::EventHandler::ConsistencyException warning (1 times)
ThePEG::LesHouchesReader::LesHouchesReopenWarning warning (1 times)
