>>>>>>>>>>>>>>>>>>>>>>>>>>>>>>>>>>>>>>>>>>>>>>>>>>>>>>>>>>>>>>>>>>>>>>>>>>>>>>
>>>> Toolkit for HEP Event Generation - ThePEG 2.2.0 <<<<<<<<<<<<<<<<<<<<<<<<<
>>>> Tue Jun 30 00:26:19 2020                                             <<<<
<<<<<<<<<<<<<<<<<<<<<<<<<<<<<<<<<<<<<<<<<<<<<<<<<<<<<<<<<<<<<<<<<<<<<<<<<<<<<<

>> Herwig 7.2.0 / ThePEG 2.2.0

/Herwig/EventHandlers/NoCuts:
MHat  = 2 .. 23.9203 GeV
Scale = 0 .. 1e+12 GeV2
YHat  = -100 .. 100
X1    = 0 .. 1
X2    = 0 .. 1

* A warning exception of type ThePEG::LesHouchesReader::LesHouchesReopenWarning occurred while generating event number 1: 
Reopening LesHouchesReader 'myReader' after accessing 2 events out of 1
* A warning exception of type ThePEG::EventHandler::ConsistencyException occurred while generating event number 1: 
Event handler 'myLesHouchesHandler' found energy-momentum non-conservation by (-3e-05,-2e-05,-3e-05;-1.22827e-09) GeV after generating step number 4.

******************************************************************************
Event number 1 (id: ./OUTPUT/0.95MB1.05/1514773608/TMP/Cluster_HERWIGOutput_13) performed by myLesHouchesHandler
Weight: 1
==============================================================================

--- Colliding particles:
  1        e-      11  (3)   
                                 5.980     0.000     0.000     5.980     0.000
  2        e+     -11  (3)   
                                -5.980     0.000    -0.000     5.980     0.000
------------------------------------------------------------------------------
Primary sub-process performed by myReader
--- incoming:
  1        e-      11  (3)   
                                 5.980     0.000     0.000     5.980     0.000
  2        e+     -11  (3)   
                                -5.980     0.000    -0.000     5.980     0.000
--- intermediates:
  3     gamma      22 [1,2] (4..8)   
                                -0.000     0.000     0.000    11.960    11.960
--- outgoing:
  4         g      21 [3] (9)  5>>6 {+1,-2}
                                -1.076    -1.449     0.298     1.830     0.000
  5         g      21 [3] (10)  6>>4 {+2,-3}
                                 1.663    -0.728    -1.611     2.427     0.000
  6         g      21 [3] (11)  4>>5 {+3,-1}
                                -0.285    -2.260     2.139     3.125     0.000
  7         g      21 [3] (12)  8>>8 {+4,-5}
                                 0.008     0.293    -0.245     0.382     0.000
  8         g      21 [3] (13)  7>>7 {+5,-4}
                                -0.310     4.144    -0.581     4.196     0.000
------------------------------------------------------------------------------
Step 1 performed by myLesHouchesHandler
--- intermediates:
  1        e-      11  (3)   
                                 5.980     0.000     0.000     5.980     0.000
  2        e+     -11  (3)   
                                -5.980     0.000    -0.000     5.980     0.000
  3     gamma      22 [1,2] (4..8)   
                                -0.000     0.000     0.000    11.960    11.960
--- final:
  4         g      21 [3] (9)  5>>6 {+1,-2}
                                -1.076    -1.449     0.298     1.830     0.000
  5         g      21 [3] (10)  6>>4 {+2,-3}
                                 1.663    -0.728    -1.611     2.427     0.000
  6         g      21 [3] (11)  4>>5 {+3,-1}
                                -0.285    -2.260     2.139     3.125     0.000
  7         g      21 [3] (12)  8>>8 {+4,-5}
                                 0.008     0.293    -0.245     0.382     0.000
  8         g      21 [3] (13)  7>>7 {+5,-4}
                                -0.310     4.144    -0.581     4.196     0.000
------------------------------------------------------------------------------
     Sum of momenta:            -4e-05    -2e-05    -3e-05        12        12
------------------------------------------------------------------------------
Step 2 performed by ShowerHandler
--- final:
  9         g      21 [4] (14,15)  10>>11 {+1,-2}
                                -0.950    -1.278     0.263     1.873     0.950
 10         g      21 [5] (16,17)  11>>9 {+2,-3}
                                 1.467    -0.642    -1.421     2.342     0.950
 11         g      21 [6] (18,19)  9>>10 {+3,-1}
                                -0.251    -1.994     1.887     2.916     0.950
 12         g      21 [7] (20,21)  13>>13 {+4,-5}
                                 0.007     0.259    -0.216     1.008     0.950
 13         g      21 [8] (22,23)  12>>12 {+5,-4}
                                -0.273     3.656    -0.512     3.821     0.950
------------------------------------------------------------------------------
     Sum of momenta:            -4e-05    -2e-05    -3e-05        12        12
------------------------------------------------------------------------------
Step 3 performed by ClusterHadHandler
--- intermediates:
 14         s       3 [9] (24)   {+1}
                                -0.681    -0.785     0.118     1.138     0.450
 15      sbar      -3 [9] (25)   {-2}
                                -0.268    -0.494     0.145     0.734     0.450
 16         s       3 [10] (25)   {+2}
                                 0.620    -0.180    -0.728     1.072     0.450
 17      sbar      -3 [10] (26)   {-3}
                                 0.846    -0.462    -0.693     1.270     0.450
 18         d       1 [11] (26)   {+3}
                                -0.216    -1.698     1.708     2.440     0.325
 19      dbar      -1 [11] (24)   {-1}
                                -0.035    -0.296     0.179     0.476     0.325
 20         u       2 [12] (27)   {+4}
                                 0.177    -0.137    -0.251     0.468     0.325
 21      ubar      -2 [12] (28)   {-5}
                                -0.170     0.396     0.034     0.541     0.325
 22         s       3 [13] (28)   {+5}
                                -0.191     1.456    -0.119     1.540     0.450
 23      sbar      -3 [13] (27)   {-4}
                                -0.082     2.200    -0.394     2.281     0.450
 24   Cluster      81 [14,19] (31,32)   
                                -0.716    -1.080     0.297     1.614     0.915
 25   Cluster      81 [15,16] (33,34)   
                                 0.352    -0.674    -0.583     1.806     1.531
 26   Cluster      81 [17,18] (35,36)   
                                 0.630    -2.160     1.015     3.710     2.770
 27   Cluster      81 [20,23] (29,30)   
                                 0.095     2.063    -0.644     2.749     1.696
 28   Cluster      81 [21,22] (37,38)   
                                -0.361     1.851    -0.084     2.081     0.874
--- final:
 29       pi+     211 [27]    
                                 0.009     0.858    -0.300     0.920     0.140
 30     K'_10   20313 [27] (39,40)   
                                 0.086     1.205    -0.345     1.829     1.330
 31     Kbar0    -311 [24] (45)   
                                -0.753    -0.827     0.427     1.297     0.498
 32       pi0     111 [24] (48,49)   
                                 0.037    -0.253    -0.130     0.317     0.135
 33        K0     311 [25] (50)   
                                 0.057    -0.268     0.260     0.625     0.498
 34    K*bar0    -313 [25] (51,52)   
                                 0.295    -0.406    -0.843     1.182     0.659
 35 f_0(1500) 9030221 [26] (53,54)   
                                 0.144    -1.740     1.556     2.734     1.417
 36        K0     311 [26] (55)   
                                 0.486    -0.420    -0.541     0.976     0.498
 37       pi-    -211 [28]    
                                -0.194     1.107    -0.238     1.157     0.140
 38     Kbar0    -311 [28] (58)   
                                -0.167     0.745     0.153     0.924     0.498
------------------------------------------------------------------------------
     Sum of momenta:            -4e-05    -2e-05    -3e-05        12        12
------------------------------------------------------------------------------
Step 4 performed by DecayHandler
--- intermediates:
 39       K*0     313 [30] (41,42)   
                                 0.198     1.213    -0.075     1.507     0.870
 40       pi0     111 [30] (43,44)   
                                -0.112    -0.008    -0.270     0.322     0.135
 45      K_S0     310 [31] (46,47)   
                                -0.753    -0.827     0.427     1.297     0.498
 55      K_S0     310 [36] (56,57)   
                                 0.486    -0.420    -0.541     0.976     0.498
 58      K_S0     310 [38] (59,60)   
                                -0.167     0.745     0.153     0.924     0.498
--- final:
 29       pi+     211 [27]    
                                 0.009     0.858    -0.300     0.920     0.140
 37       pi-    -211 [28]    
                                -0.194     1.107    -0.238     1.157     0.140
 41        K+     321 [39]    
                                 0.393     0.756     0.010     0.984     0.494
 42       pi-    -211 [39]    
                                -0.195     0.457    -0.085     0.523     0.140
 43     gamma      22 [40]    
                                -0.057     0.058    -0.081     0.115     0.000
 44     gamma      22 [40]    
                                -0.055    -0.066    -0.188     0.207     0.000
 46       pi+     211 [45]    
                                -0.172    -0.256    -0.050     0.342     0.140
 47       pi-    -211 [45]    
                                -0.581    -0.571     0.477     0.955     0.140
 48     gamma      22 [32]    
                                 0.026    -0.259    -0.090     0.275     0.000
 49     gamma      22 [32]    
                                 0.011     0.006    -0.040     0.042     0.000
 50      K_L0     130 [33]    
                                 0.057    -0.268     0.260     0.625     0.498
 51        K-    -321 [34]    
                                 0.258    -0.345    -0.764     1.006     0.494
 52       pi+     211 [34]    
                                 0.037    -0.062    -0.079     0.176     0.140
 53       pi+     211 [35]    
                                -0.573    -0.410     0.638     0.960     0.140
 54       pi-    -211 [35]    
                                 0.717    -1.331     0.918     1.774     0.140
 56       pi+     211 [55]    
                                 0.096    -0.322    -0.136     0.389     0.140
 57       pi-    -211 [55]    
                                 0.390    -0.098    -0.405     0.587     0.140
 59       pi+     211 [58]    
                                -0.238     0.199     0.092     0.352     0.140
 60       pi-    -211 [58]    
                                 0.071     0.546     0.061     0.571     0.140
------------------------------------------------------------------------------
     Sum of momenta:            -4e-05    -2e-05    -3e-05        12        12

The following exception classes were reported in this run:
ThePEG::EventHandler::ConsistencyException warning (1 times)
ThePEG::LesHouchesReader::LesHouchesReopenWarning warning (1 times)
