>>>>>>>>>>>>>>>>>>>>>>>>>>>>>>>>>>>>>>>>>>>>>>>>>>>>>>>>>>>>>>>>>>>>>>>>>>>>>>
>>>> Toolkit for HEP Event Generation - ThePEG 2.2.0 <<<<<<<<<<<<<<<<<<<<<<<<<
>>>> Tue Jun 30 00:17:08 2020                                             <<<<
<<<<<<<<<<<<<<<<<<<<<<<<<<<<<<<<<<<<<<<<<<<<<<<<<<<<<<<<<<<<<<<<<<<<<<<<<<<<<<

>> Herwig 7.2.0 / ThePEG 2.2.0

/Herwig/EventHandlers/NoCuts:
MHat  = 2 .. 36.481 GeV
Scale = 0 .. 1e+12 GeV2
YHat  = -100 .. 100
X1    = 0 .. 1
X2    = 0 .. 1

* A warning exception of type ThePEG::LesHouchesReader::LesHouchesReopenWarning occurred while generating event number 1: 
Reopening LesHouchesReader 'myReader' after accessing 2 events out of 1
* A warning exception of type ThePEG::EventHandler::ConsistencyException occurred while generating event number 1: 
Event handler 'myLesHouchesHandler' found energy-momentum non-conservation by (-1e-05,-3e-05,-3e-05;9.99891e-06) GeV after generating step number 4.

******************************************************************************
Event number 1 (id: ./OUTPUT/0.95MB1.05/1511299816/TMP/Cluster_HERWIGOutput_1) performed by myLesHouchesHandler
Weight: 1
==============================================================================

--- Colliding particles:
  1        e-      11  (3)   
                                 9.120     0.000    -0.000     9.120     0.000
  2        e+     -11  (3)   
                                -9.120     0.000    -0.000     9.120     0.000
------------------------------------------------------------------------------
Primary sub-process performed by myReader
--- incoming:
  1        e-      11  (3)   
                                 9.120     0.000    -0.000     9.120     0.000
  2        e+     -11  (3)   
                                -9.120     0.000    -0.000     9.120     0.000
--- intermediates:
  3     gamma      22 [1,2] (4..8)   
                                 0.000     0.000    -0.000    18.240    18.240
--- outgoing:
  4         g      21 [3] (9)  6>>8 {+1,-2}
                                -1.538     1.944     3.413     4.218     0.000
  5         g      21 [3] (10)  7>>7 {+3,-4}
                                -0.605    -1.512    -5.430     5.669     0.000
  6         g      21 [3] (13)  8>>4 {+2,-5}
                                 0.480    -0.234    -0.597     0.801     0.000
  7         g      21 [3] (14)  5>>5 {+4,-3}
                                -1.384    -2.384    -0.341     2.778     0.000
  8         g      21 [3] (15)  4>>6 {+5,-1}
                                 3.047     2.187     2.955     4.775     0.000
------------------------------------------------------------------------------
Step 1 performed by myLesHouchesHandler
--- intermediates:
  1        e-      11  (3)   
                                 9.120     0.000    -0.000     9.120     0.000
  2        e+     -11  (3)   
                                -9.120     0.000    -0.000     9.120     0.000
  3     gamma      22 [1,2] (4..8)   
                                 0.000     0.000    -0.000    18.240    18.240
--- final:
  4         g      21 [3] (9)  6>>8 {+1,-2}
                                -1.538     1.944     3.413     4.218     0.000
  5         g      21 [3] (10)  7>>7 {+3,-4}
                                -0.605    -1.512    -5.430     5.669     0.000
  6         g      21 [3] (13)  8>>4 {+2,-5}
                                 0.480    -0.234    -0.597     0.801     0.000
  7         g      21 [3] (14)  5>>5 {+4,-3}
                                -1.384    -2.384    -0.341     2.778     0.000
  8         g      21 [3] (15)  4>>6 {+5,-1}
                                 3.047     2.187     2.955     4.775     0.000
------------------------------------------------------------------------------
     Sum of momenta:            -2e-05    -3e-05    -3e-05      18.2      18.2
------------------------------------------------------------------------------
Step 2 performed by ShowerHandler
--- intermediates:
 10         g      21 [5] (11,12)   {+3,-4}
                                -0.553    -1.381    -4.960     5.901     2.829
--- final:
  9         g      21 [4] (16,17)  13>>15 {+1,-2}
                                -1.405     1.775     3.117     3.968     0.950
 11         g      21 [10] (24,25)  12>>14 {+3,-6}
                                -1.275    -0.373    -2.572     3.047     0.950
 12         g      21 [10] (26,27)  14>>11 {+6,-4}
                                 0.723    -1.008    -2.388     2.854     0.950
 13         g      21 [6] (18,19)  15>>9 {+2,-5}
                                 0.439    -0.214    -0.545     1.199     0.950
 14         g      21 [7] (20,21)  11>>12 {+4,-3}
                                -1.264    -2.178    -0.311     2.709     0.950
 15         g      21 [8] (22,23)  9>>13 {+5,-1}
                                 2.783     1.998     2.699     4.463     0.950
------------------------------------------------------------------------------
     Sum of momenta:            -2e-05    -3e-05    -3e-05      18.2      18.2
------------------------------------------------------------------------------
Step 3 performed by ClusterHadHandler
--- intermediates:
 16         s       3 [9] (28)   {+1}
                                -0.623     0.738     1.146     1.565     0.450
 17      sbar      -3 [9] (29)   {-2}
                                -0.782     1.037     1.971     2.403     0.450
 18         u       2 [13] (29)   {+2}
                                 0.340    -0.391    -0.541     0.816     0.325
 19      ubar      -2 [13] (30)   {-5}
                                 0.099     0.177    -0.004     0.383     0.325
 20         d       1 [14] (31)   {+4}
                                -0.612    -1.512    -0.422     1.716     0.325
 21      dbar      -1 [14] (32)   {-3}
                                -0.652    -0.666     0.111     0.993     0.325
 22         u       2 [15] (30)   {+5}
                                 0.521     0.637     0.826     1.211     0.325
 23      ubar      -2 [15] (28)   {-1}
                                 2.262     1.360     1.872     3.253     0.325
 24         d       1 [11] (32)   {+3}
                                -1.194    -0.283    -2.185     2.527     0.325
 25      dbar      -1 [11] (33)   {-6}
                                -0.081    -0.090    -0.387     0.520     0.325
 26         d       1 [12] (33)   {+6}
                                 0.442    -0.910    -2.008     2.272     0.325
 27      dbar      -1 [12] (31)   {-4}
                                 0.281    -0.098    -0.380     0.582     0.325
 28   Cluster      81 [16,23] (36,37)   
                                 1.639     2.099     3.019     4.818     2.646
 29   Cluster      81 [17,18] (34,35)   
                                -0.442     0.646     1.430     3.219     2.776
 30   Cluster      81 [19,22] (44,45)   
                                 0.619     0.814     0.822     1.594     0.904
 31   Cluster      81 [20,27] (38,39)   
                                -0.331    -1.610    -0.803     2.298     1.392
 32   Cluster      81 [21,24] (42,43)   
                                -1.847    -0.949    -2.074     3.520     1.945
 33   Cluster      81 [25,26] (40,41)   
                                 0.361    -1.001    -2.395     2.791     0.962
--- final:
 34Sigmabar(1750)+  -23112 [29] (46,47)   
                                -0.154     0.297     1.260     2.163     1.725
 35        n0    2112 [29]    
                                -0.288     0.350     0.170     1.057     0.940
 36       phi     333 [28] (48,49)   
                                 0.944     0.382     2.407     2.805     1.019
 37        K-    -321 [28]    
                                 0.695     1.717     0.612     2.012     0.494
 38       pi0     111 [31] (50,51)   
                                -0.127    -0.046    -0.474     0.511     0.135
 39     omega     223 [31] (52,53)   
                                -0.204    -1.564    -0.328     1.787     0.774
 40       pi+     211 [33]    
                                 0.017    -0.176    -0.137     0.264     0.140
 41      rho-    -213 [33] (58,59)   
                                 0.344    -0.824    -2.258     2.527     0.703
 42      a_1+   20213 [32] (62,63)   
                                -0.894    -0.175    -1.815     2.258     0.989
 43       pi-    -211 [32]    
                                -0.953    -0.773    -0.259     1.262     0.140
 44       pi-    -211 [30]    
                                 0.476     0.041     0.570     0.757     0.140
 45       pi+     211 [30]    
                                 0.143     0.772     0.252     0.837     0.140
------------------------------------------------------------------------------
     Sum of momenta:            -2e-05    -3e-05    -3e-05      18.2      18.2
------------------------------------------------------------------------------
Step 4 performed by DecayHandler
--- intermediates:
 52      rho0     113 [39] (54,55)   
                                -0.218    -0.538    -0.267     0.751     0.393
 53       pi0     111 [39] (56,57)   
                                 0.014    -1.026    -0.061     1.036     0.135
 58       pi0     111 [41] (60,61)   
                                 0.167    -0.167    -1.387     1.414     0.135
 62    rho''0   30113 [42] (64,65)   
                                -0.262    -0.220    -0.253     0.567     0.375
--- final:
 35        n0    2112 [29]    
                                -0.288     0.350     0.170     1.057     0.940
 37        K-    -321 [28]    
                                 0.695     1.717     0.612     2.012     0.494
 40       pi+     211 [33]    
                                 0.017    -0.176    -0.137     0.264     0.140
 43       pi-    -211 [32]    
                                -0.953    -0.773    -0.259     1.262     0.140
 44       pi-    -211 [30]    
                                 0.476     0.041     0.570     0.757     0.140
 45       pi+     211 [30]    
                                 0.143     0.772     0.252     0.837     0.140
 46     nbar0   -2112 [34]    
                                 0.264     0.464     0.878     1.393     0.940
 47        K+     321 [34]    
                                -0.418    -0.167     0.382     0.770     0.494
 48        K+     321 [36]    
                                 0.376     0.137     0.883     1.088     0.494
 49        K-    -321 [36]    
                                 0.568     0.245     1.524     1.717     0.494
 50     gamma      22 [38]    
                                -0.087    -0.073    -0.433     0.447     0.000
 51     gamma      22 [38]    
                                -0.040     0.027    -0.042     0.064     0.000
 54       pi+     211 [52]    
                                -0.049    -0.395    -0.245     0.488     0.140
 55       pi-    -211 [52]    
                                -0.169    -0.143    -0.022     0.263     0.140
 56     gamma      22 [53]    
                                -0.058    -0.325    -0.010     0.331     0.000
 57     gamma      22 [53]    
                                 0.072    -0.700    -0.051     0.706     0.000
 59       pi-    -211 [41]    
                                 0.176    -0.658    -0.870     1.114     0.140
 60     gamma      22 [58]    
                                 0.054    -0.104    -0.366     0.384     0.000
 61     gamma      22 [58]    
                                 0.114    -0.063    -1.021     1.029     0.000
 63       pi+     211 [42]    
                                -0.632     0.045    -1.561     1.691     0.140
 64       pi+     211 [62]    
                                -0.189    -0.009    -0.174     0.292     0.140
 65       pi-    -211 [62]    
                                -0.073    -0.211    -0.080     0.275     0.140
------------------------------------------------------------------------------
     Sum of momenta:            -2e-05    -3e-05    -3e-05      18.2      18.2

The following exception classes were reported in this run:
ThePEG::EventHandler::ConsistencyException warning (1 times)
ThePEG::LesHouchesReader::LesHouchesReopenWarning warning (1 times)
