>>>>>>>>>>>>>>>>>>>>>>>>>>>>>>>>>>>>>>>>>>>>>>>>>>>>>>>>>>>>>>>>>>>>>>>>>>>>>>
>>>> Toolkit for HEP Event Generation - ThePEG 2.2.0 <<<<<<<<<<<<<<<<<<<<<<<<<
>>>> Tue Jun 30 00:18:21 2020                                             <<<<
<<<<<<<<<<<<<<<<<<<<<<<<<<<<<<<<<<<<<<<<<<<<<<<<<<<<<<<<<<<<<<<<<<<<<<<<<<<<<<

>> Herwig 7.2.0 / ThePEG 2.2.0

/Herwig/EventHandlers/NoCuts:
MHat  = 2 .. 44.3127 GeV
Scale = 0 .. 1e+12 GeV2
YHat  = -100 .. 100
X1    = 0 .. 1
X2    = 0 .. 1

* A warning exception of type ThePEG::LesHouchesReader::LesHouchesReopenWarning occurred while generating event number 1: 
Reopening LesHouchesReader 'myReader' after accessing 2 events out of 1
* A warning exception of type ThePEG::EventHandler::ConsistencyException occurred while generating event number 1: 
Event handler 'myLesHouchesHandler' found energy-momentum non-conservation by (-1e-05,-2e-05,-2e-05;9.99888e-06) GeV after generating step number 4.

******************************************************************************
Event number 1 (id: ./OUTPUT/0.95MB1.05/1512769616/TMP/Cluster_HERWIGOutput_3) performed by myLesHouchesHandler
Weight: 1
==============================================================================

--- Colliding particles:
  1        e-      11  (3)   
                                11.078     0.000     0.000    11.078     0.000
  2        e+     -11  (3)   
                               -11.078     0.000    -0.000    11.078     0.000
------------------------------------------------------------------------------
Primary sub-process performed by myReader
--- incoming:
  1        e-      11  (3)   
                                11.078     0.000     0.000    11.078     0.000
  2        e+     -11  (3)   
                               -11.078     0.000    -0.000    11.078     0.000
--- intermediates:
  3     gamma      22 [1,2] (4..7)   
                                 0.000     0.000     0.000    22.156    22.156
--- outgoing:
  4         g      21 [3] (8)  6>>5 {+1,-2}
                                 3.844     2.230    -6.621     7.974     0.000
  5         g      21 [3] (9)  4>>7 {+3,-1}
                                 2.295    -1.050     4.049     4.771     0.000
  6         g      21 [3] (12)  7>>4 {+2,-4}
                                -1.719     2.399    -0.427     2.982     0.000
  7         g      21 [3] (13)  5>>6 {+4,-3}
                                -4.420    -3.579     2.999     6.430     0.000
------------------------------------------------------------------------------
Step 1 performed by myLesHouchesHandler
--- intermediates:
  1        e-      11  (3)   
                                11.078     0.000     0.000    11.078     0.000
  2        e+     -11  (3)   
                               -11.078     0.000    -0.000    11.078     0.000
  3     gamma      22 [1,2] (4..7)   
                                 0.000     0.000     0.000    22.156    22.156
--- final:
  4         g      21 [3] (8)  6>>5 {+1,-2}
                                 3.844     2.230    -6.621     7.974     0.000
  5         g      21 [3] (9)  4>>7 {+3,-1}
                                 2.295    -1.050     4.049     4.771     0.000
  6         g      21 [3] (12)  7>>4 {+2,-4}
                                -1.719     2.399    -0.427     2.982     0.000
  7         g      21 [3] (13)  5>>6 {+4,-3}
                                -4.420    -3.579     2.999     6.430     0.000
------------------------------------------------------------------------------
     Sum of momenta:            -2e-05    -2e-05    -2e-05      22.2      22.2
------------------------------------------------------------------------------
Step 2 performed by ShowerHandler
--- intermediates:
  9         g      21 [5] (10,11)   {+3,-1}
                                 1.830    -0.838     3.229     6.772     5.602
 13         g      21 [7] (14,15)   {+4,-3}
                                -3.525    -2.854     2.392     6.393     3.819
--- final:
  8         g      21 [4] (16,17)  12>>11 {+1,-2}
                                 3.066     1.779    -5.280     6.430     0.950
 10         c       4 [9] (26)  >14 {+3}
                                 1.658     1.247     3.203     4.138     1.600
 11      cbar      -4 [9] (28)  8> {-1}
                                 0.172    -2.085     0.026     2.634     1.600
 12         g      21 [6] (18,19)  15>>8 {+2,-4}
                                -1.371     1.913    -0.341     2.561     0.950
 14         g      21 [13] (20,21)  10>>15 {+5,-3}
                                -1.856     0.292     1.545     2.612     0.950
 15         g      21 [13] (22,23)  14>>12 {+4,-5}
                                -1.669    -3.146     0.846     3.782     0.950
------------------------------------------------------------------------------
     Sum of momenta:            -2e-05    -2e-05    -2e-05      22.2      22.2
------------------------------------------------------------------------------
Step 3 performed by ClusterHadHandler
--- intermediates:
 16         d       1 [8] (27)   {+1}
                                 1.085     0.802    -1.529     2.065     0.325
 17      dbar      -1 [8] (24)   {-2}
                                 1.981     0.976    -3.751     4.365     0.325
 18         d       1 [12] (24)   {+2}
                                -0.354     0.552     0.181     0.754     0.325
 19      dbar      -1 [12] (27)   {-4}
                                -1.017     1.361    -0.522     1.807     0.325
 20         d       1 [14] (25)   {+5}
                                -1.181    -0.094     0.681     1.405     0.325
 21      dbar      -1 [14] (26)   {-3}
                                -0.675     0.386     0.864     1.207     0.325
 22         d       1 [15] (28)   {+4}
                                -0.576    -1.588     0.140     1.726     0.325
 23      dbar      -1 [15] (25)   {-5}
                                -1.093    -1.558     0.706     2.056     0.325
 24   Cluster      81 [17,18] (33,34)   
                                 1.627     1.529    -3.569     5.119     2.912
 25   Cluster      81 [20,23] (31,32)   
                                -2.274    -1.652     1.388     3.461     1.466
 26   Cluster      81 [10,21] (29,30)   
                                 0.983     1.633     4.067     5.345     2.898
 27   Cluster      81 [16,19] (35,36)   
                                 0.068     2.163    -2.051     3.872     2.470
 28   Cluster      81 [11,22] (37,38)   
                                -0.404    -3.673     0.166     4.360     2.308
--- final:
 29      rho+     213 [26] (39,40)   
                                -0.333     0.444     0.881     1.250     0.690
 30        D0     421 [26] (43..47)   
                                 1.316     1.189     3.186     4.095     1.865
 31       pi0     111 [25] (53,54)   
                                -0.090    -0.058     0.106     0.202     0.135
 32       f_1   20223 [25] (55,56)   
                                -2.184    -1.594     1.282     3.258     1.290
 33      b_1+   10213 [24] (59,60)   
                                 0.887     1.653    -1.781     2.825     1.137
 34      a_1-  -20213 [24] (67,68)   
                                 0.740    -0.124    -1.788     2.293     1.224
 35       pi-    -211 [27]    
                                 1.039     1.946    -1.027     2.437     0.140
 36       pi+     211 [27]    
                                -0.971     0.218    -1.024     1.435     0.140
 37       pi-    -211 [28]    
                                -0.301    -0.458     0.023     0.566     0.140
 38    D*bar0    -423 [28] (71,72)   
                                -0.103    -3.215     0.143     3.793     2.006
------------------------------------------------------------------------------
     Sum of momenta:            -2e-05    -2e-05    -2e-05      22.2      22.2
------------------------------------------------------------------------------
Step 4 performed by DecayHandler
--- intermediates:
 39       pi0     111 [29] (41,42)   
                                -0.230     0.139     0.845     0.897     0.135
 43     Kbar0    -311 [30] (48)   
                                 0.404     0.126     0.174     0.676     0.498
 46       pi0     111 [30] (49,50)   
                                 0.316     0.514     1.278     1.420     0.135
 47       pi0     111 [30] (51,52)   
                                 0.261     0.125     0.528     0.617     0.135
 55      rho0     113 [32] (57,58)   
                                -1.024    -0.834     1.029     1.849     0.784
 59     omega     223 [33] (61,62)   
                                 0.816     1.407    -1.228     2.200     0.829
 61      rho-    -213 [59] (63,64)   
                                 0.387     0.549    -0.627     1.060     0.528
 63       pi0     111 [61] (65,66)   
                                 0.180     0.304    -0.600     0.709     0.135
 67    rho''0   30113 [34] (69,70)   
                                 0.443     0.284    -1.167     1.481     0.745
 71     Dbar0    -421 [38] (73,74)   
                                -0.090    -2.970     0.093     3.510     1.865
 72       pi0     111 [38] (89,90)   
                                -0.013    -0.244     0.050     0.284     0.135
 73     K'_1+   20323 [71] (75,76)   
                                -0.193    -2.088    -0.074     2.387     1.138
 74      rho-    -213 [71] (85,86)   
                                 0.103    -0.882     0.167     1.122     0.666
 75       K*0     313 [73] (77,78)   
                                -0.330    -1.707    -0.004     1.953     0.890
 77        K0     311 [75] (79)   
                                -0.457    -1.347    -0.168     1.517     0.498
 78       pi0     111 [75] (82..84)   
                                 0.127    -0.360     0.164     0.436     0.135
 79      K_S0     310 [77] (80,81)   
                                -0.457    -1.347    -0.168     1.517     0.498
 85       pi0     111 [74] (87,88)   
                                -0.114    -0.241    -0.181     0.349     0.135
--- final:
 35       pi-    -211 [27]    
                                 1.039     1.946    -1.027     2.437     0.140
 36       pi+     211 [27]    
                                -0.971     0.218    -1.024     1.435     0.140
 37       pi-    -211 [28]    
                                -0.301    -0.458     0.023     0.566     0.140
 40       pi+     211 [29]    
                                -0.104     0.305     0.037     0.353     0.140
 41     gamma      22 [39]    
                                -0.024     0.052     0.336     0.341     0.000
 42     gamma      22 [39]    
                                -0.206     0.087     0.509     0.556     0.000
 44       pi+     211 [30]    
                                 0.083     0.096     0.645     0.672     0.140
 45       pi-    -211 [30]    
                                 0.252     0.328     0.561     0.711     0.140
 48      K_L0     130 [43]    
                                 0.404     0.126     0.174     0.676     0.498
 49     gamma      22 [46]    
                                 0.221     0.312     0.938     1.012     0.000
 50     gamma      22 [46]    
                                 0.095     0.203     0.341     0.408     0.000
 51     gamma      22 [47]    
                                 0.232     0.072     0.487     0.545     0.000
 52     gamma      22 [47]    
                                 0.029     0.052     0.040     0.072     0.000
 53     gamma      22 [31]    
                                -0.096     0.012     0.086     0.129     0.000
 54     gamma      22 [31]    
                                 0.006    -0.070     0.020     0.073     0.000
 56     gamma      22 [32]    
                                -1.160    -0.760     0.253     1.410     0.000
 57       pi+     211 [55]    
                                -0.266    -0.487     0.079     0.577     0.140
 58       pi-    -211 [55]    
                                -0.758    -0.348     0.949     1.271     0.140
 60       pi+     211 [33]    
                                 0.071     0.245    -0.553     0.625     0.140
 62       pi+     211 [59]    
                                 0.430     0.858    -0.601     1.141     0.140
 64       pi-    -211 [61]    
                                 0.206     0.246    -0.028     0.351     0.140
 65     gamma      22 [63]    
                                 0.038     0.162    -0.189     0.252     0.000
 66     gamma      22 [63]    
                                 0.142     0.142    -0.410     0.457     0.000
 68       pi-    -211 [34]    
                                 0.297    -0.408    -0.621     0.812     0.140
 69       pi-    -211 [67]    
                                 0.554    -0.001    -0.805     0.987     0.140
 70       pi+     211 [67]    
                                -0.111     0.285    -0.362     0.494     0.140
 76       pi+     211 [73]    
                                 0.137    -0.382    -0.069     0.434     0.140
 80       pi+     211 [79]    
                                -0.281    -0.661     0.116     0.741     0.140
 81       pi-    -211 [79]    
                                -0.176    -0.686    -0.284     0.776     0.140
 82     gamma      22 [78]    
                                -0.025    -0.027     0.002     0.036     0.000
 83        e-      11 [78]    
                                 0.092    -0.202     0.099     0.243     0.001
 84        e+     -11 [78]    
                                 0.060    -0.131     0.064     0.157     0.001
 86       pi-    -211 [74]    
                                 0.216    -0.641     0.347     0.773     0.140
 87     gamma      22 [85]    
                                -0.143    -0.177    -0.148     0.271     0.000
 88     gamma      22 [85]    
                                 0.029    -0.064    -0.032     0.077     0.000
 89     gamma      22 [72]    
                                -0.020     0.010     0.015     0.027     0.000
 90     gamma      22 [72]    
                                 0.007    -0.255     0.035     0.257     0.000
------------------------------------------------------------------------------
     Sum of momenta:            -2e-05    -2e-05    -2e-05      22.2      22.2

The following exception classes were reported in this run:
ThePEG::EventHandler::ConsistencyException warning (1 times)
ThePEG::LesHouchesReader::LesHouchesReopenWarning warning (1 times)
