>>>>>>>>>>>>>>>>>>>>>>>>>>>>>>>>>>>>>>>>>>>>>>>>>>>>>>>>>>>>>>>>>>>>>>>>>>>>>>
>>>> Toolkit for HEP Event Generation - ThePEG 2.2.0 <<<<<<<<<<<<<<<<<<<<<<<<<
>>>> Tue Jun 30 00:51:07 2020                                             <<<<
<<<<<<<<<<<<<<<<<<<<<<<<<<<<<<<<<<<<<<<<<<<<<<<<<<<<<<<<<<<<<<<<<<<<<<<<<<<<<<

>> Herwig 7.2.0 / ThePEG 2.2.0

/Herwig/EventHandlers/NoCuts:
MHat  = 2 .. 11.9009 GeV
Scale = 0 .. 1e+12 GeV2
YHat  = -100 .. 100
X1    = 0 .. 1
X2    = 0 .. 1

* A warning exception of type ThePEG::LesHouchesReader::LesHouchesReopenWarning occurred while generating event number 1: 
Reopening LesHouchesReader 'myReader' after accessing 2 events out of 1
* A warning exception of type ThePEG::EventHandler::ConsistencyException occurred while generating event number 1: 
Event handler 'myLesHouchesHandler' found energy-momentum non-conservation by (-2e-05,-3e-05,-3e-05;-4.83706e-11) GeV after generating step number 4.

******************************************************************************
Event number 1 (id: ./OUTPUT/0.95MB1.05/1511410537/TMP/Cluster_HERWIGOutput_27) performed by myLesHouchesHandler
Weight: 1
==============================================================================

--- Colliding particles:
  1        e-      11  (3)   
                                 2.975     0.000     0.000     2.975     0.000
  2        e+     -11  (3)   
                                -2.975     0.000    -0.000     2.975     0.000
------------------------------------------------------------------------------
Primary sub-process performed by myReader
--- incoming:
  1        e-      11  (3)   
                                 2.975     0.000     0.000     2.975     0.000
  2        e+     -11  (3)   
                                -2.975     0.000    -0.000     2.975     0.000
--- intermediates:
  3     gamma      22 [1,2] (4..8)   
                                 0.000     0.000    -0.000     5.950     5.950
--- outgoing:
  4         g      21 [3] (9)  6>>7 {+1,-2}
                                 0.339     0.092    -0.265     0.440     0.000
  5         g      21 [3] (10)  8>>8 {+3,-4}
                                 0.465    -0.343    -0.197     0.611     0.000
  6         g      21 [3] (11)  7>>4 {+2,-5}
                                 0.056    -1.052    -0.023     1.053     0.000
  7         g      21 [3] (12)  4>>6 {+5,-1}
                                -1.687     0.539    -0.961     2.014     0.000
  8         g      21 [3] (13)  5>>5 {+4,-3}
                                 0.826     0.763     1.446     1.832     0.000
------------------------------------------------------------------------------
Step 1 performed by myLesHouchesHandler
--- intermediates:
  1        e-      11  (3)   
                                 2.975     0.000     0.000     2.975     0.000
  2        e+     -11  (3)   
                                -2.975     0.000    -0.000     2.975     0.000
  3     gamma      22 [1,2] (4..8)   
                                 0.000     0.000    -0.000     5.950     5.950
--- final:
  4         g      21 [3] (9)  6>>7 {+1,-2}
                                 0.339     0.092    -0.265     0.440     0.000
  5         g      21 [3] (10)  8>>8 {+3,-4}
                                 0.465    -0.343    -0.197     0.611     0.000
  6         g      21 [3] (11)  7>>4 {+2,-5}
                                 0.056    -1.052    -0.023     1.053     0.000
  7         g      21 [3] (12)  4>>6 {+5,-1}
                                -1.687     0.539    -0.961     2.014     0.000
  8         g      21 [3] (13)  5>>5 {+4,-3}
                                 0.826     0.763     1.446     1.832     0.000
------------------------------------------------------------------------------
     Sum of momenta:            -3e-05    -3e-05    -3e-05      5.95      5.95
------------------------------------------------------------------------------
Step 2 performed by ShowerHandler
--- final:
  9         g      21 [4] (14,15)  11>>12 {+1,-2}
                                 0.187     0.051    -0.146     0.981     0.950
 10         g      21 [5] (16,17)  13>>13 {+3,-4}
                                 0.257    -0.189    -0.109     1.008     0.950
 11         g      21 [6] (18,19)  12>>9 {+2,-5}
                                 0.031    -0.580    -0.013     1.114     0.950
 12         g      21 [7] (20,21)  9>>11 {+5,-1}
                                -0.930     0.297    -0.530     1.462     0.950
 13         g      21 [8] (22,23)  10>>10 {+4,-3}
                                 0.455     0.421     0.798     1.387     0.950
------------------------------------------------------------------------------
     Sum of momenta:            -3e-05    -3e-05    -3e-05      5.95      5.95
------------------------------------------------------------------------------
Step 3 performed by ClusterHadHandler
--- intermediates:
 14         s       3 [9] (24)   {+1}
                                -0.027     0.061    -0.158     0.482     0.450
 15      sbar      -3 [9] (25)   {-2}
                                 0.215    -0.011     0.012     0.499     0.450
 16         d       1 [10] (26)   {+3}
                                 0.163    -0.181    -0.394     0.566     0.325
 17      dbar      -1 [10] (27)   {-4}
                                 0.094    -0.008     0.285     0.442     0.325
 18         d       1 [11] (25)   {+2}
                                -0.278    -0.176    -0.164     0.491     0.325
 19      dbar      -1 [11] (28)   {-5}
                                 0.309    -0.404     0.151     0.622     0.325
 20         u       2 [12] (28)   {+5}
                                -0.428     0.486    -0.372     0.815     0.325
 21      ubar      -2 [12] (24)   {-1}
                                -0.502    -0.189    -0.157     0.647     0.325
 22         s       3 [13] (27)   {+4}
                                 0.302     0.255     0.594     0.844     0.450
 23      sbar      -3 [13] (26)   {-3}
                                 0.153     0.166     0.203     0.543     0.450
 24   Cluster      81 [14,21] (31,32)   
                                -0.529    -0.128    -0.316     1.128     0.937
 25   Cluster      81 [15,18] (33,34)   
                                -0.064    -0.187    -0.152     0.990     0.958
 26   Cluster      81 [16,23] (29,30)   
                                 0.316    -0.015    -0.191     1.108     1.045
 27   Cluster      81 [17,22] (37,38)   
                                 0.396     0.247     0.879     1.286     0.815
 28   Cluster      81 [19,20] (35,36)   
                                -0.119     0.083    -0.221     1.437     1.413
--- final:
 29       pi-    -211 [26]    
                                 0.069    -0.190     0.273     0.367     0.140
 30        K+     321 [26]    
                                 0.247     0.175    -0.463     0.741     0.494
 31        K-    -321 [24]    
                                -0.142    -0.276    -0.368     0.689     0.494
 32       pi0     111 [24] (39,40)   
                                -0.387     0.148     0.052     0.439     0.135
 33        K0     311 [25] (41)   
                                -0.038    -0.171     0.236     0.578     0.498
 34       pi0     111 [25] (42,43)   
                                -0.026    -0.016    -0.388     0.412     0.135
 35      rho0     113 [28] (44,45)   
                                -0.379    -0.288    -0.005     0.916     0.783
 36       pi+     211 [28]    
                                 0.260     0.371    -0.216     0.521     0.140
 37       pi+     211 [27]    
                                -0.056     0.066    -0.003     0.164     0.140
 38        K-    -321 [27]    
                                 0.452     0.181     0.882     1.122     0.494
------------------------------------------------------------------------------
     Sum of momenta:            -3e-05    -3e-05    -3e-05      5.95      5.95
------------------------------------------------------------------------------
Step 4 performed by DecayHandler
--- final:
 29       pi-    -211 [26]    
                                 0.069    -0.190     0.273     0.367     0.140
 30        K+     321 [26]    
                                 0.247     0.175    -0.463     0.741     0.494
 31        K-    -321 [24]    
                                -0.142    -0.276    -0.368     0.689     0.494
 36       pi+     211 [28]    
                                 0.260     0.371    -0.216     0.521     0.140
 37       pi+     211 [27]    
                                -0.056     0.066    -0.003     0.164     0.140
 38        K-    -321 [27]    
                                 0.452     0.181     0.882     1.122     0.494
 39     gamma      22 [32]    
                                -0.260     0.039     0.066     0.271     0.000
 40     gamma      22 [32]    
                                -0.127     0.109    -0.014     0.168     0.000
 41      K_L0     130 [33]    
                                -0.038    -0.171     0.236     0.578     0.498
 42     gamma      22 [34]    
                                 0.030     0.037    -0.247     0.252     0.000
 43     gamma      22 [34]    
                                -0.056    -0.052    -0.141     0.160     0.000
 44       pi+     211 [35]    
                                -0.059    -0.461    -0.140     0.505     0.140
 45       pi-    -211 [35]    
                                -0.319     0.173     0.134     0.411     0.140
------------------------------------------------------------------------------
     Sum of momenta:            -3e-05    -3e-05    -3e-05      5.95      5.95

The following exception classes were reported in this run:
ThePEG::EventHandler::ConsistencyException warning (1 times)
ThePEG::LesHouchesReader::LesHouchesReopenWarning warning (1 times)
