>>>>>>>>>>>>>>>>>>>>>>>>>>>>>>>>>>>>>>>>>>>>>>>>>>>>>>>>>>>>>>>>>>>>>>>>>>>>>>
>>>> Toolkit for HEP Event Generation - ThePEG 2.2.0 <<<<<<<<<<<<<<<<<<<<<<<<<
>>>> Tue Jun 30 00:24:45 2020                                             <<<<
<<<<<<<<<<<<<<<<<<<<<<<<<<<<<<<<<<<<<<<<<<<<<<<<<<<<<<<<<<<<<<<<<<<<<<<<<<<<<<

>> Herwig 7.2.0 / ThePEG 2.2.0

/Herwig/EventHandlers/NoCuts:
MHat  = 2 .. 14.7283 GeV
Scale = 0 .. 1e+12 GeV2
YHat  = -100 .. 100
X1    = 0 .. 1
X2    = 0 .. 1

* A warning exception of type ThePEG::LesHouchesReader::LesHouchesReopenWarning occurred while generating event number 1: 
Reopening LesHouchesReader 'myReader' after accessing 2 events out of 1
* A warning exception of type ThePEG::EventHandler::ConsistencyException occurred while generating event number 1: 
Event handler 'myLesHouchesHandler' found energy-momentum non-conservation by (-2e-05,-2e-05,-2e-05;-2.3803e-10) GeV after generating step number 4.

******************************************************************************
Event number 1 (id: ./OUTPUT/0.95MB1.05/1511410537/TMP/Cluster_HERWIGOutput_11) performed by myLesHouchesHandler
Weight: 1
==============================================================================

--- Colliding particles:
  1        e-      11  (3)   
                                 3.682     0.000     0.000     3.682     0.000
  2        e+     -11  (3)   
                                -3.682     0.000     0.000     3.682     0.000
------------------------------------------------------------------------------
Primary sub-process performed by myReader
--- incoming:
  1        e-      11  (3)   
                                 3.682     0.000     0.000     3.682     0.000
  2        e+     -11  (3)   
                                -3.682     0.000     0.000     3.682     0.000
--- intermediates:
  3     gamma      22 [1,2] (4..8)   
                                -0.000     0.000    -0.000     7.364     7.364
--- outgoing:
  4         g      21 [3] (9)  8>>5 {+1,-2}
                                 1.100     1.304     0.002     1.706     0.000
  5         g      21 [3] (10)  4>>7 {+3,-1}
                                -0.616    -0.329    -0.603     0.922     0.000
  6         g      21 [3] (11)  7>>8 {+4,-5}
                                 0.529    -1.355    -1.573     2.142     0.000
  7         g      21 [3] (12)  5>>6 {+5,-3}
                                -0.967     0.542     2.155     2.424     0.000
  8         g      21 [3] (13)  6>>4 {+2,-4}
                                -0.047    -0.162     0.019     0.170     0.000
------------------------------------------------------------------------------
Step 1 performed by myLesHouchesHandler
--- intermediates:
  1        e-      11  (3)   
                                 3.682     0.000     0.000     3.682     0.000
  2        e+     -11  (3)   
                                -3.682     0.000     0.000     3.682     0.000
  3     gamma      22 [1,2] (4..8)   
                                -0.000     0.000    -0.000     7.364     7.364
--- final:
  4         g      21 [3] (9)  8>>5 {+1,-2}
                                 1.100     1.304     0.002     1.706     0.000
  5         g      21 [3] (10)  4>>7 {+3,-1}
                                -0.616    -0.329    -0.603     0.922     0.000
  6         g      21 [3] (11)  7>>8 {+4,-5}
                                 0.529    -1.355    -1.573     2.142     0.000
  7         g      21 [3] (12)  5>>6 {+5,-3}
                                -0.967     0.542     2.155     2.424     0.000
  8         g      21 [3] (13)  6>>4 {+2,-4}
                                -0.047    -0.162     0.019     0.170     0.000
------------------------------------------------------------------------------
     Sum of momenta:            -3e-05    -2e-05    -2e-05      7.36      7.36
------------------------------------------------------------------------------
Step 2 performed by ShowerHandler
--- final:
  9         g      21 [4] (14,15)  13>>10 {+1,-2}
                                 0.772     0.915     0.001     1.529     0.950
 10         g      21 [5] (16,17)  9>>12 {+3,-1}
                                -0.432    -0.231    -0.423     1.150     0.950
 11         g      21 [6] (18,19)  12>>13 {+4,-5}
                                 0.372    -0.951    -1.104     1.779     0.950
 12         g      21 [7] (20,21)  10>>11 {+5,-3}
                                -0.679     0.381     1.513     1.949     0.950
 13         g      21 [8] (22,23)  11>>9 {+2,-4}
                                -0.033    -0.114     0.013     0.957     0.950
------------------------------------------------------------------------------
     Sum of momenta:            -3e-05    -2e-05    -2e-05      7.36      7.36
------------------------------------------------------------------------------
Step 3 performed by ClusterHadHandler
--- intermediates:
 14         s       3 [9] (24)   {+1}
                                 0.247     0.471    -0.085     0.702     0.450
 15      sbar      -3 [9] (27)   {-2}
                                 0.526     0.444     0.087     0.827     0.450
 16         d       1 [10] (28)   {+3}
                                -0.222    -0.213    -0.579     0.732     0.325
 17      dbar      -1 [10] (24)   {-1}
                                -0.210    -0.018     0.156     0.418     0.325
 18         d       1 [11] (25)   {+4}
                                -0.111    -0.371    -0.700     0.863     0.325
 19      dbar      -1 [11] (28)   {-5}
                                 0.482    -0.580    -0.404     0.916     0.325
 20         u       2 [12] (27)   {+5}
                                -0.256     0.510     0.636     0.914     0.325
 21      ubar      -2 [12] (26)   {-3}
                                -0.423    -0.129     0.877     1.035     0.325
 22         s       3 [13] (26)   {+2}
                                 0.029    -0.039     0.151     0.477     0.450
 23      sbar      -3 [13] (25)   {-4}
                                -0.062    -0.075    -0.138     0.480     0.450
 24   Cluster      81 [14,17] (31,32)   
                                 0.037     0.453     0.071     1.119     1.020
 25   Cluster      81 [18,23] (37,38)   
                                -0.172    -0.446    -0.837     1.344     0.936
 26   Cluster      81 [21,22] (33,34)   
                                -0.395    -0.168     1.028     1.512     1.022
 27   Cluster      81 [15,20] (35,36)   
                                 0.270     0.954     0.723     1.741     1.236
 28   Cluster      81 [16,19] (29,30)   
                                 0.260    -0.793    -0.984     1.648     1.025
--- final:
 29      rho0     113 [28] (39,40)   
                                 0.169    -0.338    -0.784     1.124     0.712
 30       pi0     111 [28] (41,42)   
                                 0.091    -0.455    -0.200     0.524     0.135
 31     Kbar0    -311 [24] (43)   
                                -0.250     0.245     0.297     0.677     0.498
 32       pi0     111 [24] (44,45)   
                                 0.287     0.208    -0.227     0.442     0.135
 33     Kbar0    -311 [26] (46)   
                                -0.364    -0.128     1.156     1.316     0.498
 34       pi-    -211 [26]    
                                -0.030    -0.040    -0.128     0.196     0.140
 35       pi+     211 [27]    
                                 0.293     0.700    -0.066     0.774     0.140
 36        K0     311 [27] (47)   
                                -0.023     0.255     0.789     0.967     0.498
 37       pi0     111 [25] (48,49)   
                                -0.351    -0.053    -0.407     0.557     0.135
 38        K0     311 [25] (50)   
                                 0.179    -0.393    -0.430     0.787     0.498
------------------------------------------------------------------------------
     Sum of momenta:            -3e-05    -2e-05    -2e-05      7.36      7.36
------------------------------------------------------------------------------
Step 4 performed by DecayHandler
--- final:
 34       pi-    -211 [26]    
                                -0.030    -0.040    -0.128     0.196     0.140
 35       pi+     211 [27]    
                                 0.293     0.700    -0.066     0.774     0.140
 39       pi+     211 [29]    
                                 0.237    -0.500    -0.640     0.858     0.140
 40       pi-    -211 [29]    
                                -0.069     0.162    -0.143     0.267     0.140
 41     gamma      22 [30]    
                                 0.079    -0.271    -0.186     0.338     0.000
 42     gamma      22 [30]    
                                 0.013    -0.184    -0.014     0.185     0.000
 43      K_L0     130 [31]    
                                -0.250     0.245     0.297     0.677     0.498
 44     gamma      22 [32]    
                                 0.270     0.220    -0.183     0.393     0.000
 45     gamma      22 [32]    
                                 0.017    -0.012    -0.044     0.049     0.000
 46      K_L0     130 [33]    
                                -0.364    -0.128     1.156     1.316     0.498
 47      K_L0     130 [36]    
                                -0.023     0.255     0.789     0.967     0.498
 48     gamma      22 [37]    
                                -0.125    -0.031    -0.061     0.143     0.000
 49     gamma      22 [37]    
                                -0.226    -0.022    -0.347     0.414     0.000
 50      K_L0     130 [38]    
                                 0.179    -0.393    -0.430     0.787     0.498
------------------------------------------------------------------------------
     Sum of momenta:            -3e-05    -2e-05    -2e-05      7.36      7.36

The following exception classes were reported in this run:
ThePEG::EventHandler::ConsistencyException warning (1 times)
ThePEG::LesHouchesReader::LesHouchesReopenWarning warning (1 times)
