>>>>>>>>>>>>>>>>>>>>>>>>>>>>>>>>>>>>>>>>>>>>>>>>>>>>>>>>>>>>>>>>>>>>>>>>>>>>>>
>>>> Toolkit for HEP Event Generation - ThePEG 2.2.0 <<<<<<<<<<<<<<<<<<<<<<<<<
>>>> Tue Jun 30 00:27:53 2020                                             <<<<
<<<<<<<<<<<<<<<<<<<<<<<<<<<<<<<<<<<<<<<<<<<<<<<<<<<<<<<<<<<<<<<<<<<<<<<<<<<<<<

>> Herwig 7.2.0 / ThePEG 2.2.0

/Herwig/EventHandlers/NoCuts:
MHat  = 2 .. 35.1462 GeV
Scale = 0 .. 1e+12 GeV2
YHat  = -100 .. 100
X1    = 0 .. 1
X2    = 0 .. 1

* A warning exception of type ThePEG::LesHouchesReader::LesHouchesReopenWarning occurred while generating event number 1: 
Reopening LesHouchesReader 'myReader' after accessing 2 events out of 1
* A warning exception of type ThePEG::EventHandler::ConsistencyException occurred while generating event number 1: 
Event handler 'myLesHouchesHandler' found energy-momentum non-conservation by (-2e-05,-3e-05,-3e-05;9.99953e-06) GeV after generating step number 4.

******************************************************************************
Event number 1 (id: ./OUTPUT/0.95MB1.05/1514773608/TMP/Cluster_HERWIGOutput_15) performed by myLesHouchesHandler
Weight: 1
==============================================================================

--- Colliding particles:
  1        e-      11  (3)   
                                 8.787     0.000     0.000     8.787     0.000
  2        e+     -11  (3)   
                                -8.787     0.000    -0.000     8.787     0.000
------------------------------------------------------------------------------
Primary sub-process performed by myReader
--- incoming:
  1        e-      11  (3)   
                                 8.787     0.000     0.000     8.787     0.000
  2        e+     -11  (3)   
                                -8.787     0.000    -0.000     8.787     0.000
--- intermediates:
  3     gamma      22 [1,2] (4..8)   
                                -0.000     0.000    -0.000    17.573    17.573
--- outgoing:
  4         g      21 [3] (9)  8>>5 {+1,-2}
                                -0.290     3.740     6.502     7.506     0.000
  5         g      21 [3] (14)  4>>6 {+3,-1}
                                 0.787     0.838    -2.210     2.491     0.000
  6         g      21 [3] (15)  5>>7 {+4,-3}
                                -1.285    -1.454    -2.090     2.852     0.000
  7         g      21 [3] (16)  6>>8 {+5,-4}
                                -0.135     0.337    -0.800     0.879     0.000
  8         g      21 [3] (17)  7>>4 {+2,-5}
                                 0.923    -3.460    -1.401     3.845     0.000
------------------------------------------------------------------------------
Step 1 performed by myLesHouchesHandler
--- intermediates:
  1        e-      11  (3)   
                                 8.787     0.000     0.000     8.787     0.000
  2        e+     -11  (3)   
                                -8.787     0.000    -0.000     8.787     0.000
  3     gamma      22 [1,2] (4..8)   
                                -0.000     0.000    -0.000    17.573    17.573
--- final:
  4         g      21 [3] (9)  8>>5 {+1,-2}
                                -0.290     3.740     6.502     7.506     0.000
  5         g      21 [3] (14)  4>>6 {+3,-1}
                                 0.787     0.838    -2.210     2.491     0.000
  6         g      21 [3] (15)  5>>7 {+4,-3}
                                -1.285    -1.454    -2.090     2.852     0.000
  7         g      21 [3] (16)  6>>8 {+5,-4}
                                -0.135     0.337    -0.800     0.879     0.000
  8         g      21 [3] (17)  7>>4 {+2,-5}
                                 0.923    -3.460    -1.401     3.845     0.000
------------------------------------------------------------------------------
     Sum of momenta:            -3e-05    -3e-05    -3e-05      17.6      17.6
------------------------------------------------------------------------------
Step 2 performed by ShowerHandler
--- intermediates:
  9         g      21 [4] (10,11)   {+1,-2}
                                -0.179     2.307     4.011     7.224     5.544
 11         g      21 [9] (12,13)   {+1,-6}
                                 1.074     1.689     3.930     5.532     3.339
 17         g      21 [8] (18,19)   {+2,-5}
                                 0.570    -2.135    -0.865     5.449     4.906
--- final:
 10         g      21 [9] (26,27)  18>>13 {+6,-2}
                                -1.253     0.618     0.081     1.692     0.950
 12         g      21 [11] (28,29)  13>>14 {+1,-7}
                                 0.191     1.525     0.520     1.880     0.950
 13         g      21 [11] (30,31)  10>>12 {+7,-6}
                                 0.884     0.165     3.410     3.652     0.950
 14         g      21 [5] (20,21)  12>>15 {+3,-1}
                                 0.486     0.517    -1.363     1.807     0.950
 15         g      21 [6] (22,23)  14>>16 {+4,-3}
                                -0.793    -0.897    -1.289     2.000     0.950
 16         g      21 [7] (24,25)  15>>19 {+5,-4}
                                -0.083     0.208    -0.494     1.094     0.950
 18         d       1 [17] (35)  >10 {+2}
                                 2.485    -2.329    -0.423     3.448     0.325
 19      dbar      -1 [17] (38)  16> {-5}
                                -1.915     0.195    -0.442     2.002     0.325
------------------------------------------------------------------------------
     Sum of momenta:            -3e-05    -3e-05    -3e-05      17.6      17.6
------------------------------------------------------------------------------
Step 3 performed by ClusterHadHandler
--- intermediates:
 20         d       1 [14] (32)   {+3}
                                -0.004     0.005    -0.743     0.811     0.325
 21      dbar      -1 [14] (33)   {-1}
                                 0.489     0.512    -0.621     0.996     0.325
 22         s       3 [15] (34)   {+4}
                                -0.332    -0.531    -0.512     0.926     0.450
 23      sbar      -3 [15] (32)   {-3}
                                -0.460    -0.366    -0.778     1.074     0.450
 24         u       2 [16] (37)   {+5}
                                -0.197     0.176    -0.600     0.732     0.325
 25      ubar      -2 [16] (34)   {-4}
                                 0.114     0.032     0.107     0.362     0.325
 26         u       2 [10] (38)   {+6}
                                -0.536     0.104    -0.267     0.689     0.325
 27      ubar      -2 [10] (35)   {-2}
                                -0.718     0.514     0.348     1.003     0.325
 28         d       1 [12] (33)   {+1}
                                -0.096     0.326    -0.070     0.476     0.325
 29      dbar      -1 [12] (36)   {-7}
                                 0.287     1.198     0.590     1.404     0.325
 30         u       2 [13] (36)   {+7}
                                 0.780     0.206     2.965     3.090     0.325
 31      ubar      -2 [13] (37)   {-6}
                                 0.103    -0.041     0.445     0.562     0.325
 32   Cluster      81 [20,23] (49,50)   
                                -0.464    -0.361    -1.521     1.885     0.946
 33   Cluster      81 [21,28] (51,52)   
                                 0.393     0.838    -0.690     1.472     0.912
 34   Cluster      81 [22,25] (43,44)   
                                -0.219    -0.499    -0.405     1.287     1.094
 35   Cluster      81 [18,27] (47,48)   
                                 1.767    -1.815    -0.075     4.450     3.658
 36   Cluster      81 [29,30] (41,42)   
                                 1.067     1.404     3.555     4.494     2.109
 37   Cluster      81 [24,31] (39,40)   
                                -0.094     0.135    -0.156     1.294     1.274
 38   Cluster      81 [19,26] (45,46)   
                                -2.451     0.299    -0.708     2.691     0.801
--- final:
 39       eta     221 [37] (53..55)   
                                -0.213    -0.018    -0.569     0.818     0.548
 40       pi0     111 [37] (58..60)   
                                 0.119     0.153     0.413     0.476     0.135
 41       pi0     111 [36] (61,62)   
                                 0.339    -0.282     0.705     0.843     0.135
 42      a_2+     215 [36] (63,64)   
                                 0.728     1.686     2.850     3.652     1.357
 43       K*-    -323 [34] (67,68)   
                                -0.243    -0.457    -0.391     1.143     0.942
 44       pi0     111 [34] (72,73)   
                                 0.024    -0.042    -0.014     0.144     0.135
 45       eta     221 [38] (74,75)   
                                -1.506     0.129    -0.288     1.633     0.548
 46       pi+     211 [38]    
                                -0.945     0.170    -0.421     1.057     0.140
 47     K*_2-    -325 [35] (76,77)   
                                -0.134    -0.727     0.091     1.640     1.461
 48K_2(1770)0   10315 [35] (85,86)   
                                 1.902    -1.089    -0.166     2.811     1.752
 49       pi-    -211 [32]    
                                 0.163    -0.180    -0.263     0.384     0.140
 50        K+     321 [32]    
                                -0.627    -0.181    -1.258     1.501     0.494
 51       pi+     211 [33]    
                                -0.247     0.143    -0.310     0.444     0.140
 52       pi-    -211 [33]    
                                 0.640     0.695    -0.381     1.028     0.140
------------------------------------------------------------------------------
     Sum of momenta:            -3e-05    -3e-05    -3e-05      17.6      17.6
------------------------------------------------------------------------------
Step 4 performed by DecayHandler
--- intermediates:
 55       pi0     111 [39] (56,57)   
                                -0.067     0.146    -0.282     0.352     0.135
 63      rho0     113 [42] (65,66)   
                                 0.316     1.724     2.505     3.095     0.483
 67     Kbar0    -311 [43] (69)   
                                -0.277     0.002    -0.091     0.577     0.498
 69      K_S0     310 [67] (70,71)   
                                -0.277     0.002    -0.091     0.577     0.498
 76     Kbar0    -311 [47] (78)   
                                 0.559    -0.458    -0.001     0.878     0.498
 78      K_S0     310 [76] (79,80)   
                                 0.559    -0.458    -0.001     0.878     0.498
 79       pi0     111 [78] (81,82)   
                                 0.425    -0.496     0.070     0.671     0.135
 80       pi0     111 [78] (83,84)   
                                 0.134     0.039    -0.070     0.207     0.135
 85        K0     311 [48] (87)   
                                 0.488    -0.455     0.044     0.834     0.498
 86       f_2     225 [48] (90,91)   
                                 1.414    -0.633    -0.210     1.977     1.210
 87      K_S0     310 [85] (88,89)   
                                 0.488    -0.455     0.044     0.834     0.498
--- final:
 46       pi+     211 [38]    
                                -0.945     0.170    -0.421     1.057     0.140
 49       pi-    -211 [32]    
                                 0.163    -0.180    -0.263     0.384     0.140
 50        K+     321 [32]    
                                -0.627    -0.181    -1.258     1.501     0.494
 51       pi+     211 [33]    
                                -0.247     0.143    -0.310     0.444     0.140
 52       pi-    -211 [33]    
                                 0.640     0.695    -0.381     1.028     0.140
 53       pi+     211 [39]    
                                -0.025    -0.087    -0.153     0.226     0.140
 54       pi-    -211 [39]    
                                -0.120    -0.077    -0.133     0.240     0.140
 56     gamma      22 [55]    
                                -0.095     0.154    -0.239     0.300     0.000
 57     gamma      22 [55]    
                                 0.028    -0.008    -0.043     0.052     0.000
 58     gamma      22 [40]    
                                 0.084     0.120     0.390     0.417     0.000
 59        e-      11 [40]    
                                 0.024     0.005     0.006     0.025     0.001
 60        e+     -11 [40]    
                                 0.011     0.027     0.017     0.034     0.001
 61     gamma      22 [41]    
                                 0.176    -0.062     0.308     0.360     0.000
 62     gamma      22 [41]    
                                 0.163    -0.220     0.397     0.482     0.000
 64       pi+     211 [42]    
                                 0.412    -0.038     0.345     0.557     0.140
 65       pi+     211 [63]    
                                 0.361     1.335     1.768     2.249     0.140
 66       pi-    -211 [63]    
                                -0.045     0.388     0.737     0.846     0.140
 68       pi-    -211 [43]    
                                 0.034    -0.459    -0.300     0.567     0.140
 70       pi+     211 [69]    
                                -0.340     0.042     0.039     0.372     0.140
 71       pi-    -211 [69]    
                                 0.063    -0.040    -0.130     0.205     0.140
 72     gamma      22 [44]    
                                -0.027    -0.009     0.049     0.057     0.000
 73     gamma      22 [44]    
                                 0.051    -0.033    -0.063     0.088     0.000
 74     gamma      22 [45]    
                                -0.588    -0.166    -0.273     0.669     0.000
 75     gamma      22 [45]    
                                -0.918     0.294    -0.015     0.965     0.000
 77       pi-    -211 [47]    
                                -0.694    -0.269     0.091     0.762     0.140
 81     gamma      22 [79]    
                                 0.137    -0.239    -0.014     0.276     0.000
 82     gamma      22 [79]    
                                 0.288    -0.257     0.083     0.395     0.000
 83     gamma      22 [80]    
                                 0.107    -0.032    -0.067     0.131     0.000
 84     gamma      22 [80]    
                                 0.027     0.071    -0.003     0.076     0.000
 88       pi+     211 [87]    
                                 0.231    -0.278     0.224     0.447     0.140
 89       pi-    -211 [87]    
                                 0.257    -0.178    -0.180     0.386     0.140
 90       pi-    -211 [86]    
                                 1.447    -0.614    -0.498     1.655     0.140
 91       pi+     211 [86]    
                                -0.033    -0.019     0.288     0.322     0.140
------------------------------------------------------------------------------
     Sum of momenta:            -3e-05    -3e-05    -3e-05      17.6      17.6

The following exception classes were reported in this run:
ThePEG::EventHandler::ConsistencyException warning (1 times)
ThePEG::LesHouchesReader::LesHouchesReopenWarning warning (1 times)
