>>>>>>>>>>>>>>>>>>>>>>>>>>>>>>>>>>>>>>>>>>>>>>>>>>>>>>>>>>>>>>>>>>>>>>>>>>>>>>
>>>> Toolkit for HEP Event Generation - ThePEG 2.2.0 <<<<<<<<<<<<<<<<<<<<<<<<<
>>>> Tue Jun 30 00:19:58 2020                                             <<<<
<<<<<<<<<<<<<<<<<<<<<<<<<<<<<<<<<<<<<<<<<<<<<<<<<<<<<<<<<<<<<<<<<<<<<<<<<<<<<<

>> Herwig 7.2.0 / ThePEG 2.2.0

/Herwig/EventHandlers/NoCuts:
MHat  = 2 .. 15.9488 GeV
Scale = 0 .. 1e+12 GeV2
YHat  = -100 .. 100
X1    = 0 .. 1
X2    = 0 .. 1

* A warning exception of type ThePEG::LesHouchesReader::LesHouchesReopenWarning occurred while generating event number 1: 
Reopening LesHouchesReader 'myReader' after accessing 2 events out of 1
* A warning exception of type ThePEG::EventHandler::ConsistencyException occurred while generating event number 1: 
Event handler 'myLesHouchesHandler' found energy-momentum non-conservation by (1.25056e-15,-1e-05,-3e-05;1.99996e-05) GeV after generating step number 4.

******************************************************************************
Event number 1 (id: ./OUTPUT/0.95MB1.05/1513254215/TMP/Cluster_HERWIGOutput_5) performed by myLesHouchesHandler
Weight: 1
==============================================================================

--- Colliding particles:
  1        e-      11  (3)   
                                 3.987     0.000    -0.000     3.987     0.000
  2        e+     -11  (3)   
                                -3.987     0.000     0.000     3.987     0.000
------------------------------------------------------------------------------
Primary sub-process performed by myReader
--- incoming:
  1        e-      11  (3)   
                                 3.987     0.000    -0.000     3.987     0.000
  2        e+     -11  (3)   
                                -3.987     0.000     0.000     3.987     0.000
--- intermediates:
  3     gamma      22 [1,2] (4..7)   
                                -0.000     0.000    -0.000     7.974     7.974
--- outgoing:
  4         g      21 [3] (8)  6>>7 {+1,-2}
                                 0.462    -0.279     2.693     2.746     0.000
  5         g      21 [3] (9)  7>>6 {+3,-4}
                                -0.540    -0.905    -1.349     1.712     0.000
  6         g      21 [3] (10)  5>>4 {+2,-3}
                                -0.800     0.710    -2.038     2.301     0.000
  7         g      21 [3] (11)  4>>5 {+4,-1}
                                 0.878     0.474     0.694     1.215     0.000
------------------------------------------------------------------------------
Step 1 performed by myLesHouchesHandler
--- intermediates:
  1        e-      11  (3)   
                                 3.987     0.000    -0.000     3.987     0.000
  2        e+     -11  (3)   
                                -3.987     0.000     0.000     3.987     0.000
  3     gamma      22 [1,2] (4..7)   
                                -0.000     0.000    -0.000     7.974     7.974
--- final:
  4         g      21 [3] (8)  6>>7 {+1,-2}
                                 0.462    -0.279     2.693     2.746     0.000
  5         g      21 [3] (9)  7>>6 {+3,-4}
                                -0.540    -0.905    -1.349     1.712     0.000
  6         g      21 [3] (10)  5>>4 {+2,-3}
                                -0.800     0.710    -2.038     2.301     0.000
  7         g      21 [3] (11)  4>>5 {+4,-1}
                                 0.878     0.474     0.694     1.215     0.000
------------------------------------------------------------------------------
     Sum of momenta:            -1e-05    -1e-05    -3e-05      7.97      7.97
------------------------------------------------------------------------------
Step 2 performed by ShowerHandler
--- final:
  8         g      21 [4] (12,13)  10>>11 {+1,-2}
                                 0.402    -0.243     2.343     2.571     0.950
  9         g      21 [5] (14,15)  11>>10 {+3,-4}
                                -0.470    -0.787    -1.174     1.766     0.950
 10         g      21 [6] (16,17)  9>>8 {+2,-3}
                                -0.696     0.618    -1.772     2.216     0.950
 11         g      21 [7] (18,19)  8>>9 {+4,-1}
                                 0.764     0.412     0.603     1.421     0.950
------------------------------------------------------------------------------
     Sum of momenta:            -1e-05    -1e-05    -3e-05      7.97      7.97
------------------------------------------------------------------------------
Step 3 performed by ClusterHadHandler
--- intermediates:
 12         d       1 [8] (20)   {+1}
                                 0.207    -0.445     1.691     1.791     0.325
 13      dbar      -1 [8] (23)   {-2}
                                 0.195     0.203     0.651     0.780     0.325
 14         d       1 [9] (21)   {+3}
                                -0.474    -0.804    -0.955     1.374     0.325
 15      dbar      -1 [9] (22)   {-4}
                                 0.004     0.017    -0.219     0.392     0.325
 16         s       3 [10] (22)   {+2}
                                -0.528     0.398    -1.124     1.380     0.450
 17      sbar      -3 [10] (21)   {-3}
                                -0.168     0.219    -0.648     0.836     0.450
 18         d       1 [11] (23)   {+4}
                                 0.335     0.086    -0.092     0.483     0.325
 19      dbar      -1 [11] (20)   {-1}
                                 0.429     0.326     0.695     0.938     0.325
 20   Cluster      81 [12,19] (24,25)   
                                 0.635    -0.119     2.387     2.728     1.153
 21   Cluster      81 [14,17] (30,31)   
                                -0.642    -0.585    -1.603     2.210     1.250
 22   Cluster      81 [15,16] (26,27)   
                                -0.523     0.415    -1.343     1.772     0.943
 23   Cluster      81 [13,18] (28,29)   
                                 0.530     0.289     0.559     1.264     0.959
--- final:
 24      rho-    -213 [20] (32,33)   
                                 0.104    -0.158     1.363     1.566     0.747
 25       pi+     211 [20]    
                                 0.531     0.039     1.024     1.163     0.140
 26        K-    -321 [22]    
                                -0.543     0.338    -1.387     1.605     0.494
 27       pi+     211 [22]    
                                 0.020     0.077     0.044     0.167     0.140
 28      rho-    -213 [23] (36,37)   
                                 0.272     0.351     0.356     0.902     0.699
 29       pi+     211 [23]    
                                 0.258    -0.063     0.204     0.362     0.140
 30       pi0     111 [21] (40,41)   
                                -0.351    -0.359    -0.355     0.629     0.135
 31       K*0     313 [21] (42,43)   
                                -0.291    -0.226    -1.248     1.581     0.898
------------------------------------------------------------------------------
     Sum of momenta:            -1e-05    -1e-05    -3e-05      7.97      7.97
------------------------------------------------------------------------------
Step 4 performed by DecayHandler
--- intermediates:
 32       pi0     111 [24] (34,35)   
                                 0.238    -0.069     0.124     0.308     0.135
 36       pi0     111 [28] (38,39)   
                                 0.022     0.286     0.486     0.580     0.135
 42        K0     311 [31] (44)   
                                -0.039    -0.377    -0.658     0.908     0.498
 43       pi0     111 [31] (45,46)   
                                -0.252     0.151    -0.590     0.673     0.135
--- final:
 25       pi+     211 [20]    
                                 0.531     0.039     1.024     1.163     0.140
 26        K-    -321 [22]    
                                -0.543     0.338    -1.387     1.605     0.494
 27       pi+     211 [22]    
                                 0.020     0.077     0.044     0.167     0.140
 29       pi+     211 [23]    
                                 0.258    -0.063     0.204     0.362     0.140
 33       pi-    -211 [24]    
                                -0.134    -0.089     1.239     1.257     0.140
 34     gamma      22 [32]    
                                 0.195    -0.105     0.120     0.252     0.000
 35     gamma      22 [32]    
                                 0.043     0.036     0.004     0.056     0.000
 37       pi-    -211 [28]    
                                 0.250     0.065    -0.130     0.321     0.140
 38     gamma      22 [36]    
                                -0.032     0.114     0.103     0.157     0.000
 39     gamma      22 [36]    
                                 0.054     0.172     0.382     0.423     0.000
 40     gamma      22 [30]    
                                -0.214    -0.282    -0.296     0.462     0.000
 41     gamma      22 [30]    
                                -0.137    -0.076    -0.059     0.168     0.000
 44      K_L0     130 [42]    
                                -0.039    -0.377    -0.658     0.908     0.498
 45     gamma      22 [43]    
                                -0.044     0.079    -0.267     0.282     0.000
 46     gamma      22 [43]    
                                -0.208     0.072    -0.323     0.391     0.000
------------------------------------------------------------------------------
     Sum of momenta:            -1e-05    -1e-05    -3e-05      7.97      7.97

The following exception classes were reported in this run:
ThePEG::EventHandler::ConsistencyException warning (1 times)
ThePEG::LesHouchesReader::LesHouchesReopenWarning warning (1 times)
