>>>>>>>>>>>>>>>>>>>>>>>>>>>>>>>>>>>>>>>>>>>>>>>>>>>>>>>>>>>>>>>>>>>>>>>>>>>>>>
>>>> Toolkit for HEP Event Generation - ThePEG 2.2.0 <<<<<<<<<<<<<<<<<<<<<<<<<
>>>> Tue Jun 30 00:16:07 2020                                             <<<<
<<<<<<<<<<<<<<<<<<<<<<<<<<<<<<<<<<<<<<<<<<<<<<<<<<<<<<<<<<<<<<<<<<<<<<<<<<<<<<

>> Herwig 7.2.0 / ThePEG 2.2.0

/Herwig/EventHandlers/NoCuts:
MHat  = 2 .. 29.2341 GeV
Scale = 0 .. 1e+12 GeV2
YHat  = -100 .. 100
X1    = 0 .. 1
X2    = 0 .. 1

* A warning exception of type ThePEG::LesHouchesReader::LesHouchesReopenWarning occurred while generating event number 1: 
Reopening LesHouchesReader 'myReader' after accessing 2 events out of 1
* A warning exception of type ThePEG::EventHandler::ConsistencyException occurred while generating event number 1: 
Event handler 'myLesHouchesHandler' found energy-momentum non-conservation by (-2e-05,-3e-05,-2e-05;1.99991e-05) GeV after generating step number 4.

******************************************************************************
Event number 1 (id: ./OUTPUT/0.95MB1.05/1513331030/TMP/Cluster_HERWIGOutput_0) performed by myLesHouchesHandler
Weight: 1
==============================================================================

--- Colliding particles:
  1        e-      11  (3)   
                                 7.309     0.000    -0.000     7.309     0.000
  2        e+     -11  (3)   
                                -7.309     0.000     0.000     7.309     0.000
------------------------------------------------------------------------------
Primary sub-process performed by myReader
--- incoming:
  1        e-      11  (3)   
                                 7.309     0.000    -0.000     7.309     0.000
  2        e+     -11  (3)   
                                -7.309     0.000     0.000     7.309     0.000
--- intermediates:
  3     gamma      22 [1,2] (4..8)   
                                 0.000     0.000     0.000    14.617    14.617
--- outgoing:
  4         g      21 [3] (9)  6>>7 {+1,-2}
                                 0.193    -1.294    -0.049     1.310     0.000
  5         g      21 [3] (10)  8>>8 {+3,-4}
                                 1.947     2.041     5.584     6.256     0.000
  6         g      21 [3] (11)  7>>4 {+2,-5}
                                -0.290    -0.494    -0.255     0.627     0.000
  7         g      21 [3] (12)  4>>6 {+5,-1}
                                -2.658    -0.624    -4.367     5.150     0.000
  8         g      21 [3] (13)  5>>5 {+4,-3}
                                 0.808     0.371    -0.914     1.275     0.000
------------------------------------------------------------------------------
Step 1 performed by myLesHouchesHandler
--- intermediates:
  1        e-      11  (3)   
                                 7.309     0.000    -0.000     7.309     0.000
  2        e+     -11  (3)   
                                -7.309     0.000     0.000     7.309     0.000
  3     gamma      22 [1,2] (4..8)   
                                 0.000     0.000     0.000    14.617    14.617
--- final:
  4         g      21 [3] (9)  6>>7 {+1,-2}
                                 0.193    -1.294    -0.049     1.310     0.000
  5         g      21 [3] (10)  8>>8 {+3,-4}
                                 1.947     2.041     5.584     6.256     0.000
  6         g      21 [3] (11)  7>>4 {+2,-5}
                                -0.290    -0.494    -0.255     0.627     0.000
  7         g      21 [3] (12)  4>>6 {+5,-1}
                                -2.658    -0.624    -4.367     5.150     0.000
  8         g      21 [3] (13)  5>>5 {+4,-3}
                                 0.808     0.371    -0.914     1.275     0.000
------------------------------------------------------------------------------
     Sum of momenta:            -3e-05    -3e-05    -2e-05      14.6      14.6
------------------------------------------------------------------------------
Step 2 performed by ShowerHandler
--- final:
  9         g      21 [4] (14,15)  11>>12 {+1,-2}
                                 0.175    -1.171    -0.044     1.519     0.950
 10         g      21 [5] (16,17)  13>>13 {+3,-4}
                                 1.762     1.847     5.053     5.741     0.950
 11         g      21 [6] (18,19)  12>>9 {+2,-5}
                                -0.262    -0.447    -0.230     1.106     0.950
 12         g      21 [7] (20,21)  9>>11 {+5,-1}
                                -2.406    -0.565    -3.952     4.757     0.950
 13         g      21 [8] (22,23)  10>>10 {+4,-3}
                                 0.731     0.335    -0.827     1.494     0.950
------------------------------------------------------------------------------
     Sum of momenta:            -3e-05    -3e-05    -2e-05      14.6      14.6
------------------------------------------------------------------------------
Step 3 performed by ClusterHadHandler
--- intermediates:
 14         u       2 [9] (24)   {+1}
                                 0.031    -0.720    -0.354     0.867     0.325
 15      ubar      -2 [9] (25)   {-2}
                                 0.144    -0.451     0.310     0.652     0.325
 16         u       2 [10] (26)   {+3}
                                 0.294     0.513     0.885     1.113     0.325
 17      ubar      -2 [10] (27)   {-4}
                                 1.468     1.334     4.169     4.628     0.325
 18         u       2 [11] (25)   {+2}
                                -0.098    -0.241     0.237     0.479     0.325
 19      ubar      -2 [11] (28)   {-5}
                                -0.165    -0.206    -0.467     0.627     0.325
 20         s       3 [12] (28)   {+5}
                                -1.345    -0.232    -1.937     2.412     0.450
 21      sbar      -3 [12] (24)   {-1}
                                -1.061    -0.333    -2.015     2.345     0.450
 22         u       2 [13] (27)   {+4}
                                -0.061     0.171    -0.263     0.456     0.325
 23      ubar      -2 [13] (26)   {-3}
                                 0.792     0.165    -0.564     1.038     0.325
 24   Cluster      81 [14,21] (35,36)   
                                -1.030    -1.053    -2.369     3.211     1.591
 25   Cluster      81 [15,18] (29,30)   
                                 0.047    -0.691     0.547     1.131     0.707
 26   Cluster      81 [16,23] (37,38)   
                                 1.086     0.678     0.321     2.151     1.698
 27   Cluster      81 [17,22] (31,32)   
                                 1.407     1.505     3.906     5.084     2.520
 28   Cluster      81 [19,20] (33,34)   
                                -1.510    -0.438    -2.405     3.040     0.993
--- final:
 29       pi0     111 [25] (39,40)   
                                 0.171    -0.332    -0.061     0.402     0.135
 30       pi0     111 [25] (41,42)   
                                -0.124    -0.359     0.608     0.729     0.135
 31      a_2-    -215 [27] (43,44)   
                                 0.248     0.061     1.835     2.190     1.168
 32      rho+     213 [27] (47,48)   
                                 1.159     1.444     2.071     2.894     0.812
 33       pi-    -211 [28]    
                                -0.597    -0.011    -1.415     1.542     0.140
 34     Kbar0    -311 [28] (51)   
                                -0.912    -0.427    -0.990     1.498     0.498
 35       pi+     211 [24]    
                                -0.440    -0.128    -0.565     0.740     0.140
 36     K'_10   20313 [24] (52,53)   
                                -0.590    -0.925    -1.804     2.471     1.283
 37      a_0+ 9000211 [26] (58,59)   
                                 0.004     0.144    -0.165     0.843     0.814
 38       pi-    -211 [26]    
                                 1.082     0.534     0.485     1.308     0.140
------------------------------------------------------------------------------
     Sum of momenta:            -3e-05    -3e-05    -2e-05      14.6      14.6
------------------------------------------------------------------------------
Step 4 performed by DecayHandler
--- intermediates:
 43      rho0     113 [31] (45,46)   
                                 0.141    -0.301     1.460     1.640     0.670
 47       pi0     111 [32] (49,50)   
                                 0.789     0.509     1.347     1.648     0.135
 52       K*+     323 [36] (54,55)   
                                -0.349    -0.314    -1.240     1.594     0.885
 55       pi0     111 [52] (56,57)   
                                -0.174     0.163    -0.217     0.349     0.135
 58       eta     221 [37] (60,61)   
                                 0.117    -0.042    -0.063     0.565     0.548
--- final:
 33       pi-    -211 [28]    
                                -0.597    -0.011    -1.415     1.542     0.140
 35       pi+     211 [24]    
                                -0.440    -0.128    -0.565     0.740     0.140
 38       pi-    -211 [26]    
                                 1.082     0.534     0.485     1.308     0.140
 39     gamma      22 [29]    
                                 0.122    -0.126    -0.073     0.190     0.000
 40     gamma      22 [29]    
                                 0.049    -0.206     0.011     0.212     0.000
 41     gamma      22 [30]    
                                -0.092    -0.178     0.426     0.470     0.000
 42     gamma      22 [30]    
                                -0.032    -0.181     0.182     0.259     0.000
 44       pi-    -211 [31]    
                                 0.107     0.362     0.375     0.550     0.140
 45       pi+     211 [43]    
                                 0.161    -0.054     1.291     1.309     0.140
 46       pi-    -211 [43]    
                                -0.020    -0.247     0.169     0.331     0.140
 48       pi+     211 [32]    
                                 0.369     0.934     0.724     1.246     0.140
 49     gamma      22 [47]    
                                 0.111     0.095     0.295     0.329     0.000
 50     gamma      22 [47]    
                                 0.679     0.414     1.053     1.319     0.000
 51      K_L0     130 [34]    
                                -0.912    -0.427    -0.990     1.498     0.498
 53       pi-    -211 [36]    
                                -0.241    -0.610    -0.564     0.876     0.140
 54        K+     321 [52]    
                                -0.175    -0.477    -1.023     1.245     0.494
 56     gamma      22 [55]    
                                -0.098     0.012    -0.118     0.154     0.000
 57     gamma      22 [55]    
                                -0.076     0.151    -0.099     0.196     0.000
 59       pi+     211 [37]    
                                -0.113     0.186    -0.102     0.278     0.140
 60     gamma      22 [58]    
                                 0.239     0.143     0.095     0.294     0.000
 61     gamma      22 [58]    
                                -0.121    -0.184    -0.158     0.271     0.000
------------------------------------------------------------------------------
     Sum of momenta:            -3e-05    -3e-05    -2e-05      14.6      14.6

The following exception classes were reported in this run:
ThePEG::EventHandler::ConsistencyException warning (1 times)
ThePEG::LesHouchesReader::LesHouchesReopenWarning warning (1 times)
