>>>>>>>>>>>>>>>>>>>>>>>>>>>>>>>>>>>>>>>>>>>>>>>>>>>>>>>>>>>>>>>>>>>>>>>>>>>>>>
>>>> Toolkit for HEP Event Generation - ThePEG 2.2.0 <<<<<<<<<<<<<<<<<<<<<<<<<
>>>> Tue Jun 30 00:25:31 2020                                             <<<<
<<<<<<<<<<<<<<<<<<<<<<<<<<<<<<<<<<<<<<<<<<<<<<<<<<<<<<<<<<<<<<<<<<<<<<<<<<<<<<

>> Herwig 7.2.0 / ThePEG 2.2.0

/Herwig/EventHandlers/NoCuts:
MHat  = 2 .. 45.4211 GeV
Scale = 0 .. 1e+12 GeV2
YHat  = -100 .. 100
X1    = 0 .. 1
X2    = 0 .. 1

* A warning exception of type ThePEG::LesHouchesReader::LesHouchesReopenWarning occurred while generating event number 1: 
Reopening LesHouchesReader 'myReader' after accessing 2 events out of 1
* A warning exception of type ThePEG::EventHandler::ConsistencyException occurred while generating event number 1: 
Event handler 'myLesHouchesHandler' found energy-momentum non-conservation by (-1e-05,-3e-05,-3e-05;2.99997e-05) GeV after generating step number 4.

******************************************************************************
Event number 1 (id: ./OUTPUT/0.95MB1.05/1514773608/TMP/Cluster_HERWIGOutput_12) performed by myLesHouchesHandler
Weight: 1
==============================================================================

--- Colliding particles:
  1        e-      11  (3)   
                                11.355     0.000     0.000    11.355     0.000
  2        e+     -11  (3)   
                               -11.355     0.000    -0.000    11.355     0.000
------------------------------------------------------------------------------
Primary sub-process performed by myReader
--- incoming:
  1        e-      11  (3)   
                                11.355     0.000     0.000    11.355     0.000
  2        e+     -11  (3)   
                               -11.355     0.000    -0.000    11.355     0.000
--- intermediates:
  3     gamma      22 [1,2] (4..9)   
                                 0.000     0.000    -0.000    22.711    22.711
--- outgoing:
  4         g      21 [3] (10)  5>>5 {+1,-2}
                                -0.434     1.967    -0.249     2.030     0.000
  5         g      21 [3] (11)  4>>4 {+2,-1}
                                -0.495    -0.039     1.273     1.367     0.000
  6         g      21 [3] (12)  8>>7 {+3,-4}
                                -0.717     1.460     0.578     1.726     0.000
  7         g      21 [3] (13)  6>>9 {+5,-3}
                                 2.574     1.561    -1.022     3.179     0.000
  8         g      21 [3] (14)  9>>6 {+4,-6}
                                -4.894    -7.919    -1.308     9.401     0.000
  9         g      21 [3] (15)  7>>8 {+6,-5}
                                 3.966     2.970     0.728     5.008     0.000
------------------------------------------------------------------------------
Step 1 performed by myLesHouchesHandler
--- intermediates:
  1        e-      11  (3)   
                                11.355     0.000     0.000    11.355     0.000
  2        e+     -11  (3)   
                               -11.355     0.000    -0.000    11.355     0.000
  3     gamma      22 [1,2] (4..9)   
                                 0.000     0.000    -0.000    22.711    22.711
--- final:
  4         g      21 [3] (10)  5>>5 {+1,-2}
                                -0.434     1.967    -0.249     2.030     0.000
  5         g      21 [3] (11)  4>>4 {+2,-1}
                                -0.495    -0.039     1.273     1.367     0.000
  6         g      21 [3] (12)  8>>7 {+3,-4}
                                -0.717     1.460     0.578     1.726     0.000
  7         g      21 [3] (13)  6>>9 {+5,-3}
                                 2.574     1.561    -1.022     3.179     0.000
  8         g      21 [3] (14)  9>>6 {+4,-6}
                                -4.894    -7.919    -1.308     9.401     0.000
  9         g      21 [3] (15)  7>>8 {+6,-5}
                                 3.966     2.970     0.728     5.008     0.000
------------------------------------------------------------------------------
     Sum of momenta:            -2e-05    -3e-05    -3e-05      22.7      22.7
------------------------------------------------------------------------------
Step 2 performed by ShowerHandler
--- final:
 10         g      21 [4] (16,17)  11>>11 {+1,-2}
                                -0.413     1.874    -0.237     2.154     0.950
 11         g      21 [5] (18,19)  10>>10 {+2,-1}
                                -0.472    -0.037     1.213     1.612     0.950
 12         g      21 [6] (20,21)  14>>13 {+3,-4}
                                -0.683     1.391     0.551     1.899     0.950
 13         g      21 [7] (22,23)  12>>15 {+5,-3}
                                 2.453     1.487    -0.974     3.174     0.950
 14         g      21 [8] (24,25)  15>>12 {+4,-6}
                                -4.663    -7.544    -1.246     9.006     0.950
 15         g      21 [9] (26,27)  13>>14 {+6,-5}
                                 3.778     2.830     0.693     4.865     0.950
------------------------------------------------------------------------------
     Sum of momenta:            -2e-05    -3e-05    -3e-05      22.7      22.7
------------------------------------------------------------------------------
Step 3 performed by ClusterHadHandler
--- intermediates:
 16         s       3 [10] (28)   {+1}
                                -0.236     0.949    -0.271     1.110     0.450
 17      sbar      -3 [10] (32)   {-2}
                                -0.178     0.925     0.034     1.045     0.450
 18         u       2 [11] (31)   {+2}
                                -0.304    -0.059     1.157     1.241     0.325
 19      ubar      -2 [11] (28)   {-1}
                                -0.168     0.022     0.056     0.371     0.325
 20         d       1 [12] (32)   {+3}
                                -0.254     0.161    -0.014     0.443     0.325
 21      dbar      -1 [12] (29)   {-4}
                                -0.429     1.229     0.565     1.456     0.325
 22         u       2 [13] (30)   {+5}
                                 1.103     0.460    -0.109     1.244     0.325
 23      ubar      -2 [13] (33)   {-3}
                                 1.349     1.027    -0.865     1.931     0.325
 24         u       2 [14] (29)   {+4}
                                -2.626    -4.868    -0.794     5.597     0.325
 25      ubar      -2 [14] (31)   {-6}
                                -2.037    -2.676    -0.452     3.409     0.325
 26         d       1 [15] (33)   {+6}
                                 1.914     1.769     0.596     2.694     0.325
 27      dbar      -1 [15] (30)   {-5}
                                 1.864     1.060     0.098     2.171     0.325
 28   Cluster      81 [16,19] (44,45)   
                                -0.403     0.970    -0.215     1.480     1.020
 29   Cluster      81 [21,24] (34,35)   
                                -3.055    -3.639    -0.229     7.053     5.208
 30   Cluster      81 [22,27] (46,47)   
                                 2.967     1.521    -0.011     3.415     0.737
 31   Cluster      81 [18,25] (40,41)   
                                -2.341    -2.735     0.705     4.650     2.858
 32   Cluster      81 [17,20] (42,43)   
                                -0.431     1.087     0.020     1.488     0.920
 33   Cluster      81 [23,26] (38,39)   
                                 3.264     2.796    -0.269     4.624     1.686
 34   Cluster      81 [29] (48,49)   
                                -0.324     0.105     0.144     0.879     0.797
 35   Cluster      81 [29] (36,37)   
                                -2.731    -3.744    -0.373     6.174     4.063
 36   Cluster      81 [35] (50,51)   
                                -2.129    -3.991    -0.659     4.650     0.855
 37   Cluster      81 [35] (52,53)   
                                -0.602     0.247     0.285     1.524     1.348
--- final:
 38       eta     221 [33] (54..56)   
                                 1.878     1.246     0.375     2.349     0.548
 39      rho-    -213 [33] (59,60)   
                                 1.386     1.550    -0.644     2.275     0.662
 40      pi'+  100211 [31] (63,64)   
                                -2.864    -2.238     0.303     3.813     1.113
 41       pi-    -211 [31]    
                                 0.523    -0.497     0.402     0.837     0.140
 42       pi-    -211 [32]    
                                -0.376     0.202    -0.117     0.464     0.140
 43        K+     321 [32]    
                                -0.056     0.885     0.137     1.024     0.494
 44        K-    -321 [28]    
                                -0.187     0.985    -0.376     1.179     0.494
 45       pi0     111 [28] (67,68)   
                                -0.216    -0.014     0.160     0.302     0.135
 46       pi0     111 [30] (69,70)   
                                 1.350     1.020     0.173     1.706     0.135
 47       pi+     211 [30]    
                                 1.617     0.501    -0.185     1.709     0.140
 48       pi+     211 [34]    
                                 0.049     0.306     0.248     0.421     0.140
 49       pi-    -211 [34]    
                                -0.373    -0.201    -0.104     0.458     0.140
 50       pi+     211 [36]    
                                -0.257    -0.518     0.166     0.617     0.140
 51       pi0     111 [36] (71,72)   
                                -1.872    -3.473    -0.825     4.033     0.135
 52      rho+     213 [37] (73,74)   
                                -0.763     0.235    -0.082     1.099     0.750
 53       pi-    -211 [37]    
                                 0.161     0.012     0.368     0.425     0.140
------------------------------------------------------------------------------
     Sum of momenta:            -2e-05    -3e-05    -3e-05      22.7      22.7
------------------------------------------------------------------------------
Step 4 performed by DecayHandler
--- intermediates:
 56       pi0     111 [38] (57,58)   
                                 0.364     0.235     0.061     0.458     0.135
 59       pi0     111 [39] (61,62)   
                                 1.011     1.416    -0.622     1.853     0.135
 64      rho0     113 [40] (65,66)   
                                -1.288    -1.207    -0.058     1.891     0.675
 73       pi0     111 [52] (75,76)   
                                -0.222    -0.246    -0.044     0.361     0.135
--- final:
 41       pi-    -211 [31]    
                                 0.523    -0.497     0.402     0.837     0.140
 42       pi-    -211 [32]    
                                -0.376     0.202    -0.117     0.464     0.140
 43        K+     321 [32]    
                                -0.056     0.885     0.137     1.024     0.494
 44        K-    -321 [28]    
                                -0.187     0.985    -0.376     1.179     0.494
 47       pi+     211 [30]    
                                 1.617     0.501    -0.185     1.709     0.140
 48       pi+     211 [34]    
                                 0.049     0.306     0.248     0.421     0.140
 49       pi-    -211 [34]    
                                -0.373    -0.201    -0.104     0.458     0.140
 50       pi+     211 [36]    
                                -0.257    -0.518     0.166     0.617     0.140
 53       pi-    -211 [37]    
                                 0.161     0.012     0.368     0.425     0.140
 54       pi+     211 [38]    
                                 0.562     0.547     0.113     0.805     0.140
 55       pi-    -211 [38]    
                                 0.951     0.463     0.201     1.086     0.140
 57     gamma      22 [56]    
                                 0.047     0.048    -0.038     0.077     0.000
 58     gamma      22 [56]    
                                 0.317     0.187     0.098     0.381     0.000
 60       pi-    -211 [39]    
                                 0.375     0.134    -0.022     0.423     0.140
 61     gamma      22 [59]    
                                 0.144     0.140    -0.047     0.206     0.000
 62     gamma      22 [59]    
                                 0.867     1.277    -0.575     1.647     0.000
 63       pi+     211 [40]    
                                -1.576    -1.031     0.361     1.922     0.140
 65       pi+     211 [64]    
                                -0.222     0.006     0.048     0.266     0.140
 66       pi-    -211 [64]    
                                -1.066    -1.213    -0.106     1.625     0.140
 67     gamma      22 [45]    
                                 0.014     0.014     0.028     0.034     0.000
 68     gamma      22 [45]    
                                -0.230    -0.028     0.132     0.267     0.000
 69     gamma      22 [46]    
                                 1.020     0.742     0.074     1.263     0.000
 70     gamma      22 [46]    
                                 0.330     0.278     0.099     0.443     0.000
 71     gamma      22 [51]    
                                -0.668    -1.177    -0.225     1.372     0.000
 72     gamma      22 [51]    
                                -1.204    -2.296    -0.600     2.661     0.000
 74       pi+     211 [52]    
                                -0.541     0.481    -0.038     0.738     0.140
 75     gamma      22 [73]    
                                -0.129    -0.089     0.037     0.161     0.000
 76     gamma      22 [73]    
                                -0.094    -0.157    -0.081     0.200     0.000
------------------------------------------------------------------------------
     Sum of momenta:            -2e-05    -3e-05    -3e-05      22.7      22.7

The following exception classes were reported in this run:
ThePEG::EventHandler::ConsistencyException warning (1 times)
ThePEG::LesHouchesReader::LesHouchesReopenWarning warning (1 times)
