>>>>>>>>>>>>>>>>>>>>>>>>>>>>>>>>>>>>>>>>>>>>>>>>>>>>>>>>>>>>>>>>>>>>>>>>>>>>>>
>>>> Toolkit for HEP Event Generation - ThePEG 2.2.0 <<<<<<<<<<<<<<<<<<<<<<<<<
>>>> Tue Jun 30 00:37:11 2020                                             <<<<
<<<<<<<<<<<<<<<<<<<<<<<<<<<<<<<<<<<<<<<<<<<<<<<<<<<<<<<<<<<<<<<<<<<<<<<<<<<<<<

>> Herwig 7.2.0 / ThePEG 2.2.0

/Herwig/EventHandlers/NoCuts:
MHat  = 2 .. 19.5342 GeV
Scale = 0 .. 1e+12 GeV2
YHat  = -100 .. 100
X1    = 0 .. 1
X2    = 0 .. 1

* A warning exception of type ThePEG::LesHouchesReader::LesHouchesReopenWarning occurred while generating event number 1: 
Reopening LesHouchesReader 'myReader' after accessing 2 events out of 1
* A warning exception of type ThePEG::EventHandler::ConsistencyException occurred while generating event number 1: 
Event handler 'myLesHouchesHandler' found energy-momentum non-conservation by (-3e-05,-2e-05,-3e-05;1.99995e-05) GeV after generating step number 4.

******************************************************************************
Event number 1 (id: ./OUTPUT/0.95MB1.05/1512173926/TMP/Cluster_HERWIGOutput_9) performed by myLesHouchesHandler
Weight: 1
==============================================================================

--- Colliding particles:
  1        e-      11  (3)   
                                 4.884     0.000     0.000     4.884     0.000
  2        e+     -11  (3)   
                                -4.884     0.000     0.000     4.884     0.000
------------------------------------------------------------------------------
Primary sub-process performed by myReader
--- incoming:
  1        e-      11  (3)   
                                 4.884     0.000     0.000     4.884     0.000
  2        e+     -11  (3)   
                                -4.884     0.000     0.000     4.884     0.000
--- intermediates:
  3     gamma      22 [1,2] (4..7)   
                                 0.000     0.000     0.000     9.767     9.767
--- outgoing:
  4         g      21 [3] (8)  6>>7 {+1,-2}
                                 0.781     0.331     0.583     1.029     0.000
  5         g      21 [3] (9)  7>>6 {+3,-4}
                                 0.425    -0.026    -2.142     2.184     0.000
  6         g      21 [3] (10)  5>>4 {+2,-3}
                                 1.121     0.611    -1.898     2.288     0.000
  7         g      21 [3] (11)  4>>5 {+4,-1}
                                -2.327    -0.917     3.457     4.267     0.000
------------------------------------------------------------------------------
Step 1 performed by myLesHouchesHandler
--- intermediates:
  1        e-      11  (3)   
                                 4.884     0.000     0.000     4.884     0.000
  2        e+     -11  (3)   
                                -4.884     0.000     0.000     4.884     0.000
  3     gamma      22 [1,2] (4..7)   
                                 0.000     0.000     0.000     9.767     9.767
--- final:
  4         g      21 [3] (8)  6>>7 {+1,-2}
                                 0.781     0.331     0.583     1.029     0.000
  5         g      21 [3] (9)  7>>6 {+3,-4}
                                 0.425    -0.026    -2.142     2.184     0.000
  6         g      21 [3] (10)  5>>4 {+2,-3}
                                 1.121     0.611    -1.898     2.288     0.000
  7         g      21 [3] (11)  4>>5 {+4,-1}
                                -2.327    -0.917     3.457     4.267     0.000
------------------------------------------------------------------------------
     Sum of momenta:            -3e-05    -2e-05    -3e-05      9.77      9.77
------------------------------------------------------------------------------
Step 2 performed by ShowerHandler
--- final:
  8         g      21 [4] (12,13)  10>>11 {+1,-2}
                                 0.705     0.300     0.527     1.329     0.950
  9         g      21 [5] (14,15)  11>>10 {+3,-4}
                                 0.384    -0.024    -1.936     2.190     0.950
 10         g      21 [6] (16,17)  9>>8 {+2,-3}
                                 1.014     0.552    -1.715     2.275     0.950
 11         g      21 [7] (18,19)  8>>9 {+4,-1}
                                -2.104    -0.829     3.124     3.972     0.950
------------------------------------------------------------------------------
     Sum of momenta:            -3e-05    -2e-05    -3e-05      9.77      9.77
------------------------------------------------------------------------------
Step 3 performed by ClusterHadHandler
--- intermediates:
 12         d       1 [8] (20)   {+1}
                                 0.292    -0.143     0.441     0.637     0.325
 13      dbar      -1 [8] (23)   {-2}
                                 0.413     0.442     0.086     0.692     0.325
 14         d       1 [9] (21)   {+3}
                                 0.070    -0.282    -1.285     1.357     0.325
 15      dbar      -1 [9] (22)   {-4}
                                 0.314     0.258    -0.651     0.833     0.325
 16         s       3 [10] (22)   {+2}
                                 0.402     0.321    -0.969     1.186     0.450
 17      sbar      -3 [10] (21)   {-3}
                                 0.612     0.232    -0.746     1.090     0.450
 18         d       1 [11] (23)   {+4}
                                -0.558    -0.311     0.532     0.893     0.325
 19      dbar      -1 [11] (20)   {-1}
                                -1.545    -0.518     2.592     3.079     0.325
 20   Cluster      81 [12,19] (24,25)   
                                -1.253    -0.661     3.033     3.716     1.614
 21   Cluster      81 [14,17] (30,31)   
                                 0.682    -0.050    -2.031     2.447     1.180
 22   Cluster      81 [15,16] (26,27)   
                                 0.716     0.579    -1.620     2.019     0.778
 23   Cluster      81 [13,18] (28,29)   
                                -0.145     0.132     0.618     1.585     1.447
--- final:
 24      a_0- -9000211 [20] (32,33)   
                                -1.331    -0.598     1.967     2.637     0.975
 25       pi+     211 [20]    
                                 0.079    -0.063     1.065     1.079     0.140
 26        K-    -321 [22]    
                                 0.499     0.465    -1.483     1.705     0.494
 27       pi+     211 [22]    
                                 0.217     0.114    -0.137     0.314     0.140
 28      rho-    -213 [23] (39,40)   
                                -0.365     0.414     0.300     1.087     0.887
 29       pi+     211 [23]    
                                 0.220    -0.282     0.318     0.498     0.140
 30        K0     311 [21] (43)   
                                 0.523    -0.044    -1.509     1.674     0.498
 31       eta     221 [21] (44..46)   
                                 0.159    -0.006    -0.522     0.773     0.548
------------------------------------------------------------------------------
     Sum of momenta:            -3e-05    -2e-05    -3e-05      9.77      9.77
------------------------------------------------------------------------------
Step 4 performed by DecayHandler
--- intermediates:
 32       eta     221 [24] (34..36)   
                                -0.397    -0.283     0.614     0.956     0.548
 36       pi0     111 [32] (37,38)   
                                -0.166    -0.016     0.343     0.405     0.135
 39       pi0     111 [28] (41,42)   
                                -0.229     0.583     0.456     0.786     0.135
 44       pi0     111 [31] (47,48)   
                                 0.093     0.048    -0.331     0.372     0.135
 45       pi0     111 [31] (49,50)   
                                 0.004     0.058    -0.150     0.210     0.135
 46       pi0     111 [31] (51,52)   
                                 0.062    -0.112    -0.041     0.191     0.135
--- final:
 25       pi+     211 [20]    
                                 0.079    -0.063     1.065     1.079     0.140
 26        K-    -321 [22]    
                                 0.499     0.465    -1.483     1.705     0.494
 27       pi+     211 [22]    
                                 0.217     0.114    -0.137     0.314     0.140
 29       pi+     211 [23]    
                                 0.220    -0.282     0.318     0.498     0.140
 33       pi-    -211 [24]    
                                -0.934    -0.315     1.354     1.680     0.140
 34       pi+     211 [32]    
                                -0.035    -0.051     0.123     0.196     0.140
 35       pi-    -211 [32]    
                                -0.196    -0.216     0.147     0.355     0.140
 37     gamma      22 [36]    
                                -0.143     0.034     0.300     0.335     0.000
 38     gamma      22 [36]    
                                -0.023    -0.051     0.043     0.070     0.000
 40       pi-    -211 [28]    
                                -0.136    -0.169    -0.155     0.301     0.140
 41     gamma      22 [39]    
                                -0.105     0.291     0.143     0.341     0.000
 42     gamma      22 [39]    
                                -0.124     0.291     0.312     0.445     0.000
 43      K_L0     130 [30]    
                                 0.523    -0.044    -1.509     1.674     0.498
 47     gamma      22 [44]    
                                 0.097    -0.000    -0.299     0.314     0.000
 48     gamma      22 [44]    
                                -0.004     0.048    -0.032     0.058     0.000
 49     gamma      22 [45]    
                                 0.041     0.030    -0.155     0.163     0.000
 50     gamma      22 [45]    
                                -0.037     0.028     0.005     0.047     0.000
 51     gamma      22 [46]    
                                -0.023    -0.081    -0.052     0.099     0.000
 52     gamma      22 [46]    
                                 0.086    -0.031     0.011     0.092     0.000
------------------------------------------------------------------------------
     Sum of momenta:            -3e-05    -2e-05    -3e-05      9.77      9.77

The following exception classes were reported in this run:
ThePEG::EventHandler::ConsistencyException warning (1 times)
ThePEG::LesHouchesReader::LesHouchesReopenWarning warning (1 times)
