>>>>>>>>>>>>>>>>>>>>>>>>>>>>>>>>>>>>>>>>>>>>>>>>>>>>>>>>>>>>>>>>>>>>>>>>>>>>>>
>>>> Toolkit for HEP Event Generation - ThePEG 2.2.0 <<<<<<<<<<<<<<<<<<<<<<<<<
>>>> Tue Jun 30 00:39:55 2020                                             <<<<
<<<<<<<<<<<<<<<<<<<<<<<<<<<<<<<<<<<<<<<<<<<<<<<<<<<<<<<<<<<<<<<<<<<<<<<<<<<<<<

>> Herwig 7.2.0 / ThePEG 2.2.0

/Herwig/EventHandlers/NoCuts:
MHat  = 2 .. 43.1741 GeV
Scale = 0 .. 1e+12 GeV2
YHat  = -100 .. 100
X1    = 0 .. 1
X2    = 0 .. 1

* A warning exception of type ThePEG::LesHouchesReader::LesHouchesReopenWarning occurred while generating event number 1: 
Reopening LesHouchesReader 'myReader' after accessing 2 events out of 1
* A warning exception of type ThePEG::EventHandler::ConsistencyException occurred while generating event number 1: 
Event handler 'myLesHouchesHandler' found energy-momentum non-conservation by (2.30926e-16,-3e-05,-2e-05;1.99993e-05) GeV after generating step number 4.

******************************************************************************
Event number 1 (id: ./OUTPUT/0.95MB1.05/1511395746/TMP/Cluster_HERWIGOutput_11) performed by myLesHouchesHandler
Weight: 1
==============================================================================

--- Colliding particles:
  1        e-      11  (3)   
                                10.794     0.000    -0.000    10.794     0.000
  2        e+     -11  (3)   
                               -10.794     0.000     0.000    10.794     0.000
------------------------------------------------------------------------------
Primary sub-process performed by myReader
--- incoming:
  1        e-      11  (3)   
                                10.794     0.000    -0.000    10.794     0.000
  2        e+     -11  (3)   
                               -10.794     0.000     0.000    10.794     0.000
--- intermediates:
  3     gamma      22 [1,2] (4..8)   
                                -0.000     0.000     0.000    21.587    21.587
--- outgoing:
  4         g      21 [3] (9)  5>>5 {+1,-2}
                                 2.443     0.558     4.901     5.505     0.000
  5         g      21 [3] (10)  4>>4 {+2,-1}
                                -0.096    -1.025    -0.279     1.067     0.000
  6         g      21 [3] (11)  8>>7 {+3,-4}
                                -1.060     1.060    -9.539     9.656     0.000
  7         g      21 [3] (12)  6>>8 {+5,-3}
                                -0.509    -0.357     4.285     4.330     0.000
  8         g      21 [3] (13)  7>>6 {+4,-5}
                                -0.779    -0.235     0.632     1.030     0.000
------------------------------------------------------------------------------
Step 1 performed by myLesHouchesHandler
--- intermediates:
  1        e-      11  (3)   
                                10.794     0.000    -0.000    10.794     0.000
  2        e+     -11  (3)   
                               -10.794     0.000     0.000    10.794     0.000
  3     gamma      22 [1,2] (4..8)   
                                -0.000     0.000     0.000    21.587    21.587
--- final:
  4         g      21 [3] (9)  5>>5 {+1,-2}
                                 2.443     0.558     4.901     5.505     0.000
  5         g      21 [3] (10)  4>>4 {+2,-1}
                                -0.096    -1.025    -0.279     1.067     0.000
  6         g      21 [3] (11)  8>>7 {+3,-4}
                                -1.060     1.060    -9.539     9.656     0.000
  7         g      21 [3] (12)  6>>8 {+5,-3}
                                -0.509    -0.357     4.285     4.330     0.000
  8         g      21 [3] (13)  7>>6 {+4,-5}
                                -0.779    -0.235     0.632     1.030     0.000
------------------------------------------------------------------------------
     Sum of momenta:            -1e-05    -3e-05    -2e-05      21.6      21.6
------------------------------------------------------------------------------
Step 2 performed by ShowerHandler
--- final:
  9         g      21 [4] (14,15)  10>>10 {+1,-2}
                                 2.330     0.532     4.674     5.335     0.950
 10         g      21 [5] (16,17)  9>>9 {+2,-1}
                                -0.091    -0.978    -0.266     1.392     0.950
 11         g      21 [6] (18,19)  13>>12 {+3,-4}
                                -1.010     1.010    -9.097     9.257     0.950
 12         g      21 [7] (20,21)  11>>13 {+5,-3}
                                -0.485    -0.341     4.086     4.237     0.950
 13         g      21 [8] (22,23)  12>>11 {+4,-5}
                                -0.742    -0.224     0.603     1.366     0.950
------------------------------------------------------------------------------
     Sum of momenta:            -1e-05    -3e-05    -2e-05      21.6      21.6
------------------------------------------------------------------------------
Step 3 performed by ClusterHadHandler
--- intermediates:
 14         d       1 [9] (25)   {+1}
                                 0.945    -0.113     1.980     2.221     0.325
 15      dbar      -1 [9] (27)   {-2}
                                 1.384     0.645     2.694     3.114     0.325
 16         d       1 [10] (28)   {+2}
                                -0.162    -0.241     0.177     0.470     0.325
 17      dbar      -1 [10] (26)   {-1}
                                 0.071    -0.737    -0.443     0.922     0.325
 18         s       3 [11] (26)   {+3}
                                -0.517     0.611    -5.609     5.683     0.450
 19      sbar      -3 [11] (24)   {-4}
                                -0.494     0.399    -3.488     3.574     0.450
 20         u       2 [12] (27)   {+5}
                                -0.421     0.124     1.846     1.926     0.325
 21      ubar      -2 [12] (25)   {-3}
                                -0.065    -0.465     2.240     2.311     0.325
 22         u       2 [13] (24)   {+4}
                                -0.294    -0.436     0.416     0.745     0.325
 23      ubar      -2 [13] (28)   {-5}
                                -0.448     0.212     0.187     0.621     0.325
 24   Cluster      81 [19,22] (31,32)   
                                -0.788    -0.036    -3.072     4.319     2.931
 25   Cluster      81 [14,21] (29,30)   
                                 0.881    -0.578     4.220     4.532     1.275
 26   Cluster      81 [17,18] (33,34)   
                                -0.446    -0.126    -6.051     6.605     2.606
 27   Cluster      81 [15,20] (37,38)   
                                 0.964     0.769     4.540     5.039     1.805
 28   Cluster      81 [16,23] (35,36)   
                                -0.611    -0.029     0.363     1.092     0.829
--- final:
 29       pi0     111 [25] (39,40)   
                                 0.521    -0.269     2.610     2.679     0.135
 30      rho-    -213 [25] (41,42)   
                                 0.360    -0.309     1.610     1.854     0.788
 31      K_1+   10323 [24] (45,46)   
                                 0.215     0.777    -1.836     2.373     1.269
 32      rho0     113 [24] (49,50)   
                                -1.003    -0.813    -1.236     1.946     0.769
 33    K*bar0    -313 [26] (51,52)   
                                -0.457     0.510    -5.123     5.248     0.909
 34     omega     223 [26] (58,59)   
                                 0.011    -0.635    -0.928     1.357     0.759
 35       eta     221 [28] (64..66)   
                                -0.547    -0.158     0.405     0.887     0.548
 36       pi-    -211 [28]    
                                -0.064     0.129    -0.041     0.204     0.140
 37      a_1+   20213 [27] (73,74)   
                                 1.001     0.037     3.692     3.910     0.807
 38       pi0     111 [27] (77,78)   
                                -0.038     0.732     0.848     1.129     0.135
------------------------------------------------------------------------------
     Sum of momenta:            -1e-05    -3e-05    -2e-05      21.6      21.6
------------------------------------------------------------------------------
Step 4 performed by DecayHandler
--- intermediates:
 41       pi0     111 [30] (43,44)   
                                 0.033     0.130     1.018     1.036     0.135
 45      rho0     113 [31] (47,48)   
                                 0.021     0.439    -0.843     1.197     0.728
 51     Kbar0    -311 [33] (53)   
                                -0.199     0.114    -3.746     3.785     0.498
 52       pi0     111 [33] (56,57)   
                                -0.258     0.396    -1.377     1.462     0.135
 53      K_S0     310 [51] (54,55)   
                                -0.199     0.114    -3.746     3.785     0.498
 58      rho0     113 [34] (60,61)   
                                 0.234    -0.595    -0.730     1.027     0.336
 59       pi0     111 [34] (62,63)   
                                -0.223    -0.040    -0.199     0.330     0.135
 64       pi0     111 [35] (67,68)   
                                -0.199     0.085     0.142     0.292     0.135
 65       pi0     111 [35] (69,70)   
                                -0.251    -0.106     0.221     0.376     0.135
 66       pi0     111 [35] (71,72)   
                                -0.096    -0.137     0.041     0.219     0.135
 73    rho''0   30113 [37] (75,76)   
                                 0.242    -0.092     1.297     1.390     0.428
--- final:
 36       pi-    -211 [28]    
                                -0.064     0.129    -0.041     0.204     0.140
 39     gamma      22 [29]    
                                 0.411    -0.202     2.248     2.294     0.000
 40     gamma      22 [29]    
                                 0.110    -0.068     0.362     0.384     0.000
 42       pi-    -211 [30]    
                                 0.327    -0.439     0.592     0.818     0.140
 43     gamma      22 [41]    
                                -0.002    -0.019     0.029     0.035     0.000
 44     gamma      22 [41]    
                                 0.035     0.149     0.989     1.001     0.000
 46        K+     321 [31]    
                                 0.195     0.337    -0.994     1.176     0.494
 47       pi+     211 [45]    
                                 0.255     0.255    -0.769     0.861     0.140
 48       pi-    -211 [45]    
                                -0.234     0.184    -0.074     0.337     0.140
 49       pi+     211 [32]    
                                -0.697    -0.874    -1.108     1.580     0.140
 50       pi-    -211 [32]    
                                -0.307     0.061    -0.128     0.366     0.140
 54       pi+     211 [53]    
                                 0.011    -0.114    -1.922     1.930     0.140
 55       pi-    -211 [53]    
                                -0.211     0.228    -1.824     1.855     0.140
 56     gamma      22 [52]    
                                -0.038     0.075    -0.431     0.439     0.000
 57     gamma      22 [52]    
                                -0.220     0.321    -0.946     1.023     0.000
 60       pi+     211 [58]    
                                 0.135    -0.155    -0.287     0.380     0.140
 61       pi-    -211 [58]    
                                 0.099    -0.440    -0.443     0.647     0.140
 62     gamma      22 [59]    
                                -0.130    -0.090    -0.128     0.203     0.000
 63     gamma      22 [59]    
                                -0.093     0.050    -0.070     0.127     0.000
 67     gamma      22 [64]    
                                -0.035     0.084     0.052     0.105     0.000
 68     gamma      22 [64]    
                                -0.164     0.001     0.090     0.187     0.000
 69     gamma      22 [65]    
                                -0.194    -0.128     0.211     0.314     0.000
 70     gamma      22 [65]    
                                -0.057     0.022     0.010     0.062     0.000
 71     gamma      22 [66]    
                                 0.019    -0.027    -0.030     0.045     0.000
 72     gamma      22 [66]    
                                -0.115    -0.110     0.071     0.174     0.000
 74       pi+     211 [37]    
                                 0.760     0.129     2.395     2.519     0.140
 75       pi+     211 [73]    
                                 0.304    -0.042     0.823     0.890     0.140
 76       pi-    -211 [73]    
                                -0.062    -0.050     0.474     0.501     0.140
 77     gamma      22 [38]    
                                -0.058     0.143     0.148     0.214     0.000
 78     gamma      22 [38]    
                                 0.021     0.590     0.700     0.916     0.000
------------------------------------------------------------------------------
     Sum of momenta:            -1e-05    -3e-05    -2e-05      21.6      21.6

The following exception classes were reported in this run:
ThePEG::EventHandler::ConsistencyException warning (1 times)
ThePEG::LesHouchesReader::LesHouchesReopenWarning warning (1 times)
