>>>>>>>>>>>>>>>>>>>>>>>>>>>>>>>>>>>>>>>>>>>>>>>>>>>>>>>>>>>>>>>>>>>>>>>>>>>>>>
>>>> Toolkit for HEP Event Generation - ThePEG 2.2.0 <<<<<<<<<<<<<<<<<<<<<<<<<
>>>> Tue Jun 30 00:42:35 2020                                             <<<<
<<<<<<<<<<<<<<<<<<<<<<<<<<<<<<<<<<<<<<<<<<<<<<<<<<<<<<<<<<<<<<<<<<<<<<<<<<<<<<

>> Herwig 7.2.0 / ThePEG 2.2.0

/Herwig/EventHandlers/NoCuts:
MHat  = 2 .. 15.5182 GeV
Scale = 0 .. 1e+12 GeV2
YHat  = -100 .. 100
X1    = 0 .. 1
X2    = 0 .. 1

* A warning exception of type ThePEG::LesHouchesReader::LesHouchesReopenWarning occurred while generating event number 1: 
Reopening LesHouchesReader 'myReader' after accessing 2 events out of 1
* A warning exception of type ThePEG::EventHandler::ConsistencyException occurred while generating event number 1: 
Event handler 'myLesHouchesHandler' found energy-momentum non-conservation by (-2e-05,-3e-05,-3e-05;9.99949e-06) GeV after generating step number 4.

******************************************************************************
Event number 1 (id: ./OUTPUT/0.95MB1.05/1513012799/TMP/Cluster_HERWIGOutput_12) performed by myLesHouchesHandler
Weight: 1
==============================================================================

--- Colliding particles:
  1        e-      11  (3)   
                                 3.880     0.000     0.000     3.880     0.000
  2        e+     -11  (3)   
                                -3.880     0.000    -0.000     3.880     0.000
------------------------------------------------------------------------------
Primary sub-process performed by myReader
--- incoming:
  1        e-      11  (3)   
                                 3.880     0.000     0.000     3.880     0.000
  2        e+     -11  (3)   
                                -3.880     0.000    -0.000     3.880     0.000
--- intermediates:
  3     gamma      22 [1,2] (4..7)   
                                -0.000     0.000    -0.000     7.759     7.759
--- outgoing:
  4         g      21 [3] (8)  7>>6 {+1,-2}
                                 0.121    -1.060    -1.161     1.577     0.000
  5         g      21 [3] (9)  6>>7 {+3,-4}
                                 0.059     1.884     1.694     2.534     0.000
  6         g      21 [3] (10)  4>>5 {+4,-1}
                                -1.335     0.793     0.115     1.557     0.000
  7         g      21 [3] (11)  5>>4 {+2,-3}
                                 1.155    -1.618    -0.648     2.091     0.000
------------------------------------------------------------------------------
Step 1 performed by myLesHouchesHandler
--- intermediates:
  1        e-      11  (3)   
                                 3.880     0.000     0.000     3.880     0.000
  2        e+     -11  (3)   
                                -3.880     0.000    -0.000     3.880     0.000
  3     gamma      22 [1,2] (4..7)   
                                -0.000     0.000    -0.000     7.759     7.759
--- final:
  4         g      21 [3] (8)  7>>6 {+1,-2}
                                 0.121    -1.060    -1.161     1.577     0.000
  5         g      21 [3] (9)  6>>7 {+3,-4}
                                 0.059     1.884     1.694     2.534     0.000
  6         g      21 [3] (10)  4>>5 {+4,-1}
                                -1.335     0.793     0.115     1.557     0.000
  7         g      21 [3] (11)  5>>4 {+2,-3}
                                 1.155    -1.618    -0.648     2.091     0.000
------------------------------------------------------------------------------
     Sum of momenta:            -3e-05    -3e-05    -3e-05      7.76      7.76
------------------------------------------------------------------------------
Step 2 performed by ShowerHandler
--- final:
  8         g      21 [4] (12,13)  11>>10 {+1,-2}
                                 0.105    -0.919    -1.007     1.665     0.950
  9         g      21 [5] (14,15)  10>>11 {+3,-4}
                                 0.051     1.634     1.470     2.395     0.950
 10         g      21 [6] (16,17)  8>>9 {+4,-1}
                                -1.158     0.688     0.100     1.651     0.950
 11         g      21 [7] (18,19)  9>>8 {+2,-3}
                                 1.002    -1.403    -0.562     2.048     0.950
------------------------------------------------------------------------------
     Sum of momenta:            -3e-05    -3e-05    -3e-05      7.76      7.76
------------------------------------------------------------------------------
Step 3 performed by ClusterHadHandler
--- intermediates:
 12         d       1 [8] (23)   {+1}
                                 0.004    -0.776    -0.350     0.912     0.325
 13      dbar      -1 [8] (20)   {-2}
                                 0.101    -0.143    -0.657     0.754     0.325
 14         d       1 [9] (22)   {+3}
                                -0.140     0.202     0.267     0.487     0.325
 15      dbar      -1 [9] (21)   {-4}
                                 0.191     1.433     1.203     1.908     0.325
 16         s       3 [10] (21)   {+4}
                                -0.772     0.424    -0.030     0.989     0.450
 17      sbar      -3 [10] (23)   {-1}
                                -0.386     0.264     0.130     0.662     0.450
 18         d       1 [11] (20)   {+2}
                                 0.643    -0.943    -0.682     1.369     0.325
 19      dbar      -1 [11] (22)   {-3}
                                 0.360    -0.460     0.120     0.679     0.325
 20   Cluster      81 [13,18] (26,27)   
                                 0.744    -1.086    -1.339     2.123     0.990
 21   Cluster      81 [15,16] (28,29)   
                                -0.581     1.856     1.173     2.898     1.799
 22   Cluster      81 [14,19] (30,31)   
                                 0.220    -0.258     0.386     1.165     1.046
 23   Cluster      81 [12,17] (24,25)   
                                -0.382    -0.512    -0.221     1.574     1.421
--- final:
 24      rho-    -213 [23] (32,33)   
                                -0.182    -0.316     0.255     0.833     0.705
 25        K+     321 [23]    
                                -0.200    -0.196    -0.475     0.740     0.494
 26     omega     223 [20] (36,37)   
                                 0.641    -1.055    -1.243     1.926     0.798
 27       pi0     111 [20] (42,43)   
                                 0.103    -0.031    -0.096     0.197     0.135
 28     omega     223 [21] (44,45)   
                                -0.413     0.266     0.183     0.952     0.794
 29     Kbar0    -311 [21] (50)   
                                -0.168     1.590     0.991     1.946     0.498
 30       pi0     111 [22] (53,54)   
                                 0.223    -0.045    -0.005     0.265     0.135
 31     omega     223 [22] (55,56)   
                                -0.003    -0.213     0.392     0.901     0.783
------------------------------------------------------------------------------
     Sum of momenta:            -3e-05    -3e-05    -3e-05      7.76      7.76
------------------------------------------------------------------------------
Step 4 performed by DecayHandler
--- intermediates:
 32       pi0     111 [24] (34,35)   
                                -0.187     0.168     0.050     0.290     0.135
 36      rho-    -213 [26] (38,39)   
                                 0.394    -0.471    -0.513     0.948     0.509
 38       pi0     111 [36] (40,41)   
                                 0.315    -0.292    -0.544     0.706     0.135
 44      rho+     213 [28] (46,47)   
                                -0.245    -0.090    -0.015     0.490     0.414
 46       pi0     111 [44] (48,49)   
                                 0.054    -0.010     0.023     0.148     0.135
 50      K_S0     310 [29] (51,52)   
                                -0.168     1.590     0.991     1.946     0.498
 55      rho0     113 [31] (57,58)   
                                -0.042    -0.275     0.384     0.747     0.577
 56       pi0     111 [31] (59,60)   
                                 0.039     0.062     0.008     0.154     0.135
--- final:
 25        K+     321 [23]    
                                -0.200    -0.196    -0.475     0.740     0.494
 33       pi-    -211 [24]    
                                 0.004    -0.484     0.205     0.543     0.140
 34     gamma      22 [32]    
                                -0.182     0.185     0.027     0.261     0.000
 35     gamma      22 [32]    
                                -0.005    -0.017     0.023     0.029     0.000
 37       pi+     211 [26]    
                                 0.247    -0.584    -0.730     0.977     0.140
 39       pi-    -211 [36]    
                                 0.080    -0.179     0.031     0.243     0.140
 40     gamma      22 [38]    
                                 0.194    -0.207    -0.256     0.382     0.000
 41     gamma      22 [38]    
                                 0.120    -0.084    -0.288     0.324     0.000
 42     gamma      22 [27]    
                                 0.068     0.019     0.014     0.072     0.000
 43     gamma      22 [27]    
                                 0.035    -0.050    -0.109     0.125     0.000
 45       pi-    -211 [28]    
                                -0.168     0.356     0.198     0.462     0.140
 47       pi+     211 [44]    
                                -0.299    -0.081    -0.039     0.342     0.140
 48     gamma      22 [46]    
                                 0.008     0.048     0.049     0.069     0.000
 49     gamma      22 [46]    
                                 0.046    -0.058    -0.026     0.078     0.000
 51       pi+     211 [50]    
                                -0.290     0.928     0.511     1.107     0.140
 52       pi-    -211 [50]    
                                 0.122     0.662     0.480     0.839     0.140
 53     gamma      22 [30]    
                                 0.163    -0.058     0.052     0.181     0.000
 54     gamma      22 [30]    
                                 0.060     0.013    -0.057     0.084     0.000
 57       pi+     211 [55]    
                                 0.150     0.068     0.075     0.228     0.140
 58       pi-    -211 [55]    
                                -0.192    -0.343     0.309     0.519     0.140
 59     gamma      22 [56]    
                                 0.030     0.044     0.070     0.088     0.000
 60     gamma      22 [56]    
                                 0.009     0.018    -0.062     0.066     0.000
------------------------------------------------------------------------------
     Sum of momenta:            -3e-05    -3e-05    -3e-05      7.76      7.76

The following exception classes were reported in this run:
ThePEG::EventHandler::ConsistencyException warning (1 times)
ThePEG::LesHouchesReader::LesHouchesReopenWarning warning (1 times)
