>>>>>>>>>>>>>>>>>>>>>>>>>>>>>>>>>>>>>>>>>>>>>>>>>>>>>>>>>>>>>>>>>>>>>>>>>>>>>>
>>>> Toolkit for HEP Event Generation - ThePEG 2.2.0 <<<<<<<<<<<<<<<<<<<<<<<<<
>>>> Tue Jun 30 00:19:05 2020                                             <<<<
<<<<<<<<<<<<<<<<<<<<<<<<<<<<<<<<<<<<<<<<<<<<<<<<<<<<<<<<<<<<<<<<<<<<<<<<<<<<<<

>> Herwig 7.2.0 / ThePEG 2.2.0

/Herwig/EventHandlers/NoCuts:
MHat  = 2 .. 17.2559 GeV
Scale = 0 .. 1e+12 GeV2
YHat  = -100 .. 100
X1    = 0 .. 1
X2    = 0 .. 1

* A warning exception of type ThePEG::LesHouchesReader::LesHouchesReopenWarning occurred while generating event number 1: 
Reopening LesHouchesReader 'myReader' after accessing 2 events out of 1
* A warning exception of type ThePEG::EventHandler::ConsistencyException occurred while generating event number 1: 
Event handler 'myLesHouchesHandler' found energy-momentum non-conservation by (-2e-05,-1e-05,-2e-05;9.9994e-06) GeV after generating step number 4.

******************************************************************************
Event number 1 (id: ./OUTPUT/0.95MB1.05/1514773608/TMP/Cluster_HERWIGOutput_4) performed by myLesHouchesHandler
Weight: 1
==============================================================================

--- Colliding particles:
  1        e-      11  (3)   
                                 4.314     0.000     0.000     4.314     0.000
  2        e+     -11  (3)   
                                -4.314     0.000     0.000     4.314     0.000
------------------------------------------------------------------------------
Primary sub-process performed by myReader
--- incoming:
  1        e-      11  (3)   
                                 4.314     0.000     0.000     4.314     0.000
  2        e+     -11  (3)   
                                -4.314     0.000     0.000     4.314     0.000
--- intermediates:
  3     gamma      22 [1,2] (4..7)   
                                 0.000     0.000    -0.000     8.628     8.628
--- outgoing:
  4         g      21 [3] (8)  6>>7 {+1,-2}
                                -0.148    -2.330    -3.000     3.802     0.000
  5         g      21 [3] (9)  7>>6 {+3,-4}
                                 0.694     2.767     2.354     3.699     0.000
  6         g      21 [3] (10)  5>>4 {+2,-3}
                                 0.096    -0.137    -0.002     0.167     0.000
  7         g      21 [3] (11)  4>>5 {+4,-1}
                                -0.643    -0.300     0.648     0.960     0.000
------------------------------------------------------------------------------
Step 1 performed by myLesHouchesHandler
--- intermediates:
  1        e-      11  (3)   
                                 4.314     0.000     0.000     4.314     0.000
  2        e+     -11  (3)   
                                -4.314     0.000     0.000     4.314     0.000
  3     gamma      22 [1,2] (4..7)   
                                 0.000     0.000    -0.000     8.628     8.628
--- final:
  4         g      21 [3] (8)  6>>7 {+1,-2}
                                -0.148    -2.330    -3.000     3.802     0.000
  5         g      21 [3] (9)  7>>6 {+3,-4}
                                 0.694     2.767     2.354     3.699     0.000
  6         g      21 [3] (10)  5>>4 {+2,-3}
                                 0.096    -0.137    -0.002     0.167     0.000
  7         g      21 [3] (11)  4>>5 {+4,-1}
                                -0.643    -0.300     0.648     0.960     0.000
------------------------------------------------------------------------------
     Sum of momenta:            -3e-05    -1e-05    -2e-05      8.63      8.63
------------------------------------------------------------------------------
Step 2 performed by ShowerHandler
--- final:
  8         g      21 [4] (12,13)  10>>11 {+1,-2}
                                -0.122    -1.910    -2.459     3.258     0.950
  9         g      21 [5] (14,15)  11>>10 {+3,-4}
                                 0.569     2.268     1.929     3.177     0.950
 10         g      21 [6] (16,17)  9>>8 {+2,-3}
                                 0.079    -0.112    -0.001     0.960     0.950
 11         g      21 [7] (18,19)  8>>9 {+4,-1}
                                -0.527    -0.246     0.531     1.234     0.950
------------------------------------------------------------------------------
     Sum of momenta:            -3e-05    -1e-05    -2e-05      8.63      8.63
------------------------------------------------------------------------------
Step 3 performed by ClusterHadHandler
--- intermediates:
 12         d       1 [8] (23)   {+1}
                                -0.116    -1.295    -1.111     1.741     0.325
 13      dbar      -1 [8] (20)   {-2}
                                -0.006    -0.615    -1.348     1.517     0.325
 14         d       1 [9] (22)   {+3}
                                -0.014     0.289     0.318     0.539     0.325
 15      dbar      -1 [9] (21)   {-4}
                                 0.584     1.979     1.611     2.638     0.325
 16         s       3 [10] (20)   {+2}
                                -0.081    -0.019    -0.086     0.466     0.450
 17      sbar      -3 [10] (23)   {-3}
                                 0.160    -0.093     0.085     0.494     0.450
 18         d       1 [11] (21)   {+4}
                                -0.193    -0.183    -0.115     0.435     0.325
 19      dbar      -1 [11] (22)   {-1}
                                -0.333    -0.063     0.645     0.798     0.325
 20   Cluster      81 [13,16] (26,27)   
                                -0.087    -0.634    -1.434     1.983     1.210
 21   Cluster      81 [15,18] (28,29)   
                                 0.390     1.796     1.496     3.073     1.956
 22   Cluster      81 [14,19] (30,31)   
                                -0.348     0.226     0.964     1.338     0.830
 23   Cluster      81 [12,17] (24,25)   
                                 0.044    -1.388    -1.026     2.235     1.419
--- final:
 24      rho-    -213 [23] (32,33)   
                                -0.280    -0.954    -0.743     1.449     0.747
 25        K+     321 [23]    
                                 0.325    -0.434    -0.283     0.786     0.494
 26       pi+     211 [20]    
                                -0.121    -0.204    -0.698     0.750     0.140
 27       K*-    -323 [20] (36,37)   
                                 0.034    -0.430    -0.736     1.232     0.889
 28     nbar0   -2112 [21]    
                                 0.110     1.230     0.882     1.785     0.940
 29        n0    2112 [21]    
                                 0.280     0.565     0.614     1.288     0.940
 30       pi-    -211 [22]    
                                 0.049     0.044    -0.097     0.182     0.140
 31       pi+     211 [22]    
                                -0.396     0.182     1.061     1.155     0.140
------------------------------------------------------------------------------
     Sum of momenta:            -3e-05    -1e-05    -2e-05      8.63      8.63
------------------------------------------------------------------------------
Step 4 performed by DecayHandler
--- intermediates:
 32       pi0     111 [24] (34,35)   
                                 0.184    -0.214    -0.382     0.494     0.135
 36     Kbar0    -311 [27] (38)   
                                -0.102    -0.155    -0.143     0.550     0.498
 38      K_S0     310 [36] (39,40)   
                                -0.102    -0.155    -0.143     0.550     0.498
--- final:
 25        K+     321 [23]    
                                 0.325    -0.434    -0.283     0.786     0.494
 26       pi+     211 [20]    
                                -0.121    -0.204    -0.698     0.750     0.140
 28     nbar0   -2112 [21]    
                                 0.110     1.230     0.882     1.785     0.940
 29        n0    2112 [21]    
                                 0.280     0.565     0.614     1.288     0.940
 30       pi-    -211 [22]    
                                 0.049     0.044    -0.097     0.182     0.140
 31       pi+     211 [22]    
                                -0.396     0.182     1.061     1.155     0.140
 33       pi-    -211 [24]    
                                -0.464    -0.740    -0.361     0.955     0.140
 34     gamma      22 [32]    
                                 0.195    -0.184    -0.375     0.461     0.000
 35     gamma      22 [32]    
                                -0.011    -0.030    -0.007     0.032     0.000
 37       pi-    -211 [27]    
                                 0.136    -0.275    -0.593     0.682     0.140
 39       pi+     211 [38]    
                                -0.164     0.092    -0.106     0.257     0.140
 40       pi-    -211 [38]    
                                 0.062    -0.247    -0.038     0.293     0.140
------------------------------------------------------------------------------
     Sum of momenta:            -3e-05    -1e-05    -2e-05      8.63      8.63

The following exception classes were reported in this run:
ThePEG::EventHandler::ConsistencyException warning (1 times)
ThePEG::LesHouchesReader::LesHouchesReopenWarning warning (1 times)
