>>>>>>>>>>>>>>>>>>>>>>>>>>>>>>>>>>>>>>>>>>>>>>>>>>>>>>>>>>>>>>>>>>>>>>>>>>>>>>
>>>> Toolkit for HEP Event Generation - ThePEG 2.2.0 <<<<<<<<<<<<<<<<<<<<<<<<<
>>>> Tue Jun 30 00:42:06 2020                                             <<<<
<<<<<<<<<<<<<<<<<<<<<<<<<<<<<<<<<<<<<<<<<<<<<<<<<<<<<<<<<<<<<<<<<<<<<<<<<<<<<<

>> Herwig 7.2.0 / ThePEG 2.2.0

/Herwig/EventHandlers/NoCuts:
MHat  = 2 .. 10.2452 GeV
Scale = 0 .. 1e+12 GeV2
YHat  = -100 .. 100
X1    = 0 .. 1
X2    = 0 .. 1

* A warning exception of type ThePEG::LesHouchesReader::LesHouchesReopenWarning occurred while generating event number 1: 
Reopening LesHouchesReader 'myReader' after accessing 2 events out of 1
* A warning exception of type ThePEG::EventHandler::ConsistencyException occurred while generating event number 1: 
Event handler 'myLesHouchesHandler' found energy-momentum non-conservation by (-6.82121e-16,-2e-05,-2e-05;-1.1971e-10) GeV after generating step number 4.

******************************************************************************
Event number 1 (id: ./OUTPUT/0.95MB1.05/1511552937/TMP/Cluster_HERWIGOutput_33) performed by myLesHouchesHandler
Weight: 1
==============================================================================

--- Colliding particles:
  1        e-      11  (3)   
                                 2.561     0.000     0.000     2.561     0.000
  2        e+     -11  (3)   
                                -2.561     0.000    -0.000     2.561     0.000
------------------------------------------------------------------------------
Primary sub-process performed by myReader
--- incoming:
  1        e-      11  (3)   
                                 2.561     0.000     0.000     2.561     0.000
  2        e+     -11  (3)   
                                -2.561     0.000    -0.000     2.561     0.000
--- intermediates:
  3     gamma      22 [1,2] (4..7)   
                                 0.000     0.000     0.000     5.123     5.123
--- outgoing:
  4         g      21 [3] (8)  5>>6 {+1,-2}
                                 1.214    -0.175     0.291     1.261     0.000
  5         g      21 [3] (9)  7>>4 {+2,-3}
                                -0.428    -0.120    -0.327     0.552     0.000
  6         g      21 [3] (10)  4>>7 {+4,-1}
                                -0.881    -1.224    -0.649     1.642     0.000
  7         g      21 [3] (11)  6>>5 {+3,-4}
                                 0.095     1.519     0.685     1.669     0.000
------------------------------------------------------------------------------
Step 1 performed by myLesHouchesHandler
--- intermediates:
  1        e-      11  (3)   
                                 2.561     0.000     0.000     2.561     0.000
  2        e+     -11  (3)   
                                -2.561     0.000    -0.000     2.561     0.000
  3     gamma      22 [1,2] (4..7)   
                                 0.000     0.000     0.000     5.123     5.123
--- final:
  4         g      21 [3] (8)  5>>6 {+1,-2}
                                 1.214    -0.175     0.291     1.261     0.000
  5         g      21 [3] (9)  7>>4 {+2,-3}
                                -0.428    -0.120    -0.327     0.552     0.000
  6         g      21 [3] (10)  4>>7 {+4,-1}
                                -0.881    -1.224    -0.649     1.642     0.000
  7         g      21 [3] (11)  6>>5 {+3,-4}
                                 0.095     1.519     0.685     1.669     0.000
------------------------------------------------------------------------------
     Sum of momenta:            -1e-05    -2e-05    -2e-05      5.12      5.12
------------------------------------------------------------------------------
Step 2 performed by ShowerHandler
--- final:
  8         g      21 [4] (12,13)  9>>10 {+1,-2}
                                 0.783    -0.113     0.188     1.250     0.950
  9         g      21 [5] (14,15)  11>>8 {+2,-3}
                                -0.276    -0.077    -0.211     1.014     0.950
 10         g      21 [6] (16,17)  8>>11 {+4,-1}
                                -0.568    -0.789    -0.418     1.422     0.950
 11         g      21 [7] (18,19)  10>>9 {+3,-4}
                                 0.061     0.979     0.441     1.435     0.950
------------------------------------------------------------------------------
     Sum of momenta:            -1e-05    -2e-05    -2e-05      5.12      5.12
------------------------------------------------------------------------------
Step 3 performed by ClusterHadHandler
--- intermediates:
 12         d       1 [8] (20)   {+1}
                                 0.350    -0.347     0.280     0.653     0.325
 13      dbar      -1 [8] (21)   {-2}
                                 0.433     0.234    -0.092     0.597     0.325
 14         d       1 [9] (21)   {+2}
                                -0.306    -0.311    -0.272     0.609     0.325
 15      dbar      -1 [9] (22)   {-3}
                                 0.031     0.233     0.061     0.406     0.325
 16         s       3 [10] (23)   {+4}
                                -0.423    -0.385    -0.309     0.791     0.450
 17      sbar      -3 [10] (20)   {-1}
                                -0.145    -0.404    -0.109     0.632     0.450
 18         d       1 [11] (22)   {+3}
                                 0.051     0.312    -0.159     0.480     0.325
 19      dbar      -1 [11] (23)   {-4}
                                 0.011     0.667     0.601     0.955     0.325
 20   Cluster      81 [12,17] (24,25)   
                                 0.205    -0.751     0.171     1.285     1.008
 21   Cluster      81 [13,14] (26,27)   
                                 0.127    -0.077    -0.365     1.206     1.140
 22   Cluster      81 [15,18] (30,31)   
                                 0.081     0.545    -0.098     0.886     0.687
 23   Cluster      81 [16,19] (28,29)   
                                -0.413     0.283     0.292     1.746     1.647
--- final:
 24       pi0     111 [20] (32,33)   
                                 0.068    -0.561     0.382     0.696     0.135
 25        K0     311 [20] (34)   
                                 0.136    -0.190    -0.211     0.589     0.498
 26       eta     221 [21] (37..39)   
                                -0.072     0.019    -0.112     0.564     0.548
 27       eta     221 [21] (40..42)   
                                 0.199    -0.095    -0.253     0.642     0.548
 28     Kbar0    -311 [23] (45)   
                                -0.059    -0.114     0.571     0.769     0.498
 29      rho0     113 [23] (46,47)   
                                -0.353     0.397    -0.280     0.977     0.770
 30       pi+     211 [22]    
                                 0.227     0.259     0.204     0.424     0.140
 31       pi-    -211 [22]    
                                -0.146     0.286    -0.302     0.462     0.140
------------------------------------------------------------------------------
     Sum of momenta:            -1e-05    -2e-05    -2e-05      5.12      5.12
------------------------------------------------------------------------------
Step 4 performed by DecayHandler
--- intermediates:
 34      K_S0     310 [25] (35,36)   
                                 0.136    -0.190    -0.211     0.589     0.498
 42       pi0     111 [27] (43,44)   
                                 0.103    -0.065    -0.169     0.248     0.135
--- final:
 30       pi+     211 [22]    
                                 0.227     0.259     0.204     0.424     0.140
 31       pi-    -211 [22]    
                                -0.146     0.286    -0.302     0.462     0.140
 32     gamma      22 [24]    
                                -0.029    -0.195     0.087     0.215     0.000
 33     gamma      22 [24]    
                                 0.097    -0.367     0.295     0.480     0.000
 35       pi+     211 [34]    
                                 0.247    -0.005    -0.165     0.328     0.140
 36       pi-    -211 [34]    
                                -0.110    -0.185    -0.047     0.261     0.140
 37       pi+     211 [26]    
                                -0.045    -0.001    -0.185     0.236     0.140
 38       pi-    -211 [26]    
                                 0.094     0.003    -0.026     0.170     0.140
 39     gamma      22 [26]    
                                -0.120     0.016     0.100     0.157     0.000
 40       pi+     211 [27]    
                                -0.007     0.018     0.070     0.157     0.140
 41       pi-    -211 [27]    
                                 0.103    -0.049    -0.154     0.237     0.140
 43     gamma      22 [42]    
                                 0.003     0.029    -0.079     0.084     0.000
 44     gamma      22 [42]    
                                 0.100    -0.094    -0.090     0.164     0.000
 45      K_L0     130 [28]    
                                -0.059    -0.114     0.571     0.769     0.498
 46       pi+     211 [29]    
                                -0.004    -0.143    -0.247     0.318     0.140
 47       pi-    -211 [29]    
                                -0.349     0.541    -0.033     0.659     0.140
------------------------------------------------------------------------------
     Sum of momenta:            -1e-05    -2e-05    -2e-05      5.12      5.12

The following exception classes were reported in this run:
ThePEG::EventHandler::ConsistencyException warning (1 times)
ThePEG::LesHouchesReader::LesHouchesReopenWarning warning (1 times)
