>>>>>>>>>>>>>>>>>>>>>>>>>>>>>>>>>>>>>>>>>>>>>>>>>>>>>>>>>>>>>>>>>>>>>>>>>>>>>>
>>>> Toolkit for HEP Event Generation - ThePEG 2.2.0 <<<<<<<<<<<<<<<<<<<<<<<<<
>>>> Tue Jun 30 00:23:17 2020                                             <<<<
<<<<<<<<<<<<<<<<<<<<<<<<<<<<<<<<<<<<<<<<<<<<<<<<<<<<<<<<<<<<<<<<<<<<<<<<<<<<<<

>> Herwig 7.2.0 / ThePEG 2.2.0

/Herwig/EventHandlers/NoCuts:
MHat  = 2 .. 50.8255 GeV
Scale = 0 .. 1e+12 GeV2
YHat  = -100 .. 100
X1    = 0 .. 1
X2    = 0 .. 1

* A warning exception of type ThePEG::LesHouchesReader::LesHouchesReopenWarning occurred while generating event number 1: 
Reopening LesHouchesReader 'myReader' after accessing 2 events out of 1
* A warning exception of type ThePEG::EventHandler::ConsistencyException occurred while generating event number 1: 
Event handler 'myLesHouchesHandler' found energy-momentum non-conservation by (-2e-05,-3e-05,-3e-05;9.99994e-06) GeV after generating step number 4.

******************************************************************************
Event number 1 (id: ./OUTPUT/0.95MB1.05/1512972536/TMP/Cluster_HERWIGOutput_9) performed by myLesHouchesHandler
Weight: 1
==============================================================================

--- Colliding particles:
  1        e-      11  (3)   
                                12.706     0.000    -0.000    12.706     0.000
  2        e+     -11  (3)   
                               -12.706     0.000     0.000    12.706     0.000
------------------------------------------------------------------------------
Primary sub-process performed by myReader
--- incoming:
  1        e-      11  (3)   
                                12.706     0.000    -0.000    12.706     0.000
  2        e+     -11  (3)   
                               -12.706     0.000     0.000    12.706     0.000
--- intermediates:
  3     gamma      22 [1,2] (4..8)   
                                 0.000     0.000     0.000    25.413    25.413
--- outgoing:
  4         g      21 [3] (9)  7>>6 {+1,-2}
                                 3.999    -1.286     3.294     5.338     0.000
  5         g      21 [3] (12)  8>>8 {+3,-4}
                                -1.683     0.630     0.255     1.815     0.000
  6         g      21 [3] (13)  4>>7 {+5,-1}
                                 5.558     5.551     0.316     7.862     0.000
  7         g      21 [3] (16)  6>>4 {+2,-5}
                                -8.038    -4.983    -3.851    10.211     0.000
  8         g      21 [3] (17)  5>>5 {+4,-3}
                                 0.164     0.088    -0.013     0.187     0.000
------------------------------------------------------------------------------
Step 1 performed by myLesHouchesHandler
--- intermediates:
  1        e-      11  (3)   
                                12.706     0.000    -0.000    12.706     0.000
  2        e+     -11  (3)   
                               -12.706     0.000     0.000    12.706     0.000
  3     gamma      22 [1,2] (4..8)   
                                 0.000     0.000     0.000    25.413    25.413
--- final:
  4         g      21 [3] (9)  7>>6 {+1,-2}
                                 3.999    -1.286     3.294     5.338     0.000
  5         g      21 [3] (12)  8>>8 {+3,-4}
                                -1.683     0.630     0.255     1.815     0.000
  6         g      21 [3] (13)  4>>7 {+5,-1}
                                 5.558     5.551     0.316     7.862     0.000
  7         g      21 [3] (16)  6>>4 {+2,-5}
                                -8.038    -4.983    -3.851    10.211     0.000
  8         g      21 [3] (17)  5>>5 {+4,-3}
                                 0.164     0.088    -0.013     0.187     0.000
------------------------------------------------------------------------------
     Sum of momenta:            -3e-05    -3e-05    -3e-05      25.4      25.4
------------------------------------------------------------------------------
Step 2 performed by ShowerHandler
--- intermediates:
  9         g      21 [4] (10,11)   {+1,-2}
                                 2.921    -0.939     2.406     5.102     3.290
 13         g      21 [6] (14,15)   {+5,-1}
                                 4.061     4.055     0.231    10.200     8.429
--- final:
 10         g      21 [9] (24,25)  16>>11 {+6,-2}
                                 2.056     0.102     2.585     3.438     0.950
 11         g      21 [9] (26,27)  10>>15 {+1,-6}
                                 0.865    -1.042    -0.178     1.664     0.950
 12         g      21 [5] (18,19)  17>>17 {+3,-4}
                                -1.230     0.460     0.186     1.631     0.950
 14         s       3 [13] (33)  >16 {+5}
                                 4.472     3.100    -3.376     6.419     0.450
 15      sbar      -3 [13] (30)  11> {-1}
                                -0.411     0.955     3.607     3.781     0.450
 16         g      21 [7] (20,21)  14>>10 {+2,-5}
                                -5.872    -3.640    -2.813     7.520     0.950
 17         g      21 [8] (22,23)  12>>12 {+4,-3}
                                 0.120     0.065    -0.010     0.960     0.950
------------------------------------------------------------------------------
     Sum of momenta:            -3e-05    -3e-05    -3e-05      25.4      25.4
------------------------------------------------------------------------------
Step 3 performed by ClusterHadHandler
--- intermediates:
 18         s       3 [12] (32)   {+3}
                                -0.496     0.064     0.057     0.675     0.450
 19      sbar      -3 [12] (28)   {-4}
                                -0.734     0.395     0.130     0.956     0.450
 20         s       3 [16] (29)   {+2}
                                -3.632    -2.299    -1.646     4.625     0.450
 21      sbar      -3 [16] (32)   {-5}
                                -2.240    -1.341    -1.167     2.895     0.450
 22         u       2 [17] (28)   {+4}
                                -0.091     0.207    -0.263     0.475     0.325
 23      ubar      -2 [17] (31)   {-3}
                                 0.210    -0.142     0.254     0.484     0.325
 24         s       3 [10] (31)   {+6}
                                 0.845     0.173     1.078     1.452     0.450
 25      sbar      -3 [10] (29)   {-2}
                                 1.212    -0.071     1.506     1.986     0.450
 26         u       2 [11] (30)   {+1}
                                 0.619    -0.664     0.209     0.986     0.325
 27      ubar      -2 [11] (33)   {-6}
                                 0.246    -0.378    -0.387     0.677     0.325
 28   Cluster      81 [19,22] (40,41)   
                                -0.824     0.603    -0.134     1.431     0.994
 29   Cluster      81 [20,25] (34,35)   
                                -2.420    -2.371    -0.140     6.611     5.675
 30   Cluster      81 [15,26] (38,39)   
                                 0.208     0.291     3.816     4.767     2.835
 31   Cluster      81 [23,24] (42,43)   
                                 1.055     0.031     1.332     1.936     0.928
 32   Cluster      81 [18,21] (44,45)   
                                -2.736    -1.276    -1.111     3.570     1.548
 33   Cluster      81 [14,27] (36,37)   
                                 4.718     2.722    -3.763     7.096     2.555
 34   Cluster      81 [29] (46,47)   
                                -3.087    -2.060    -1.278     4.377     1.938
 35   Cluster      81 [29] (48,49)   
                                 0.666    -0.310     1.138     2.234     1.776
--- final:
 36    K*bar0    -313 [33] (50,51)   
                                 1.785     1.221    -2.822     3.667     0.897
 37       pi-    -211 [33]    
                                 2.933     1.502    -0.941     3.430     0.140
 38      a_1+   20213 [30] (52,53)   
                                 0.320     0.373     1.474     2.083     1.387
 39      K_10   10313 [30] (56,57)   
                                -0.113    -0.082     2.342     2.684     1.305
 40        K+     321 [28]    
                                -0.853     0.313    -0.290     1.074     0.494
 41       pi0     111 [28] (65,66)   
                                 0.029     0.290     0.157     0.357     0.135
 42        K-    -321 [31]    
                                 0.569     0.072     0.355     0.836     0.494
 43       pi0     111 [31] (67,68)   
                                 0.486    -0.041     0.977     1.100     0.135
 44       K*-    -323 [32] (69,70)   
                                -1.938    -0.588    -0.629     2.310     0.917
 45        K+     321 [32]    
                                -0.798    -0.689    -0.482     1.260     0.494
 46        K-    -321 [34]    
                                -3.044    -2.157    -0.769     3.841     0.494
 47       pi0     111 [34] (78,79)   
                                -0.043     0.096    -0.509     0.537     0.135
 48        K+     321 [35]    
                                 0.679     0.330     0.426     0.997     0.494
 49     omega     223 [35] (80,81)   
                                -0.012    -0.640     0.712     1.237     0.782
------------------------------------------------------------------------------
     Sum of momenta:            -3e-05    -3e-05    -3e-05      25.4      25.4
------------------------------------------------------------------------------
Step 4 performed by DecayHandler
--- intermediates:
 52    rho''0   30113 [38] (54,55)   
                                -0.138    -0.211     0.435     0.798     0.620
 56     omega     223 [39] (58,59)   
                                -0.018    -0.161     1.444     1.650     0.783
 57        K0     311 [39] (64)   
                                -0.094     0.079     0.898     1.034     0.498
 58      rho-    -213 [56] (60,61)   
                                -0.055    -0.300     1.126     1.274     0.513
 60       pi0     111 [58] (62,63)   
                                -0.085    -0.173     0.149     0.279     0.135
 69     Kbar0    -311 [44] (71)   
                                -0.781    -0.230    -0.519     1.086     0.498
 71      K_S0     310 [69] (72,73)   
                                -0.781    -0.230    -0.519     1.086     0.498
 72       pi0     111 [71] (74,75)   
                                -0.611    -0.265    -0.537     0.866     0.135
 73       pi0     111 [71] (76,77)   
                                -0.170     0.035     0.017     0.221     0.135
 81       pi0     111 [49] (82,83)   
                                -0.128    -0.672     0.820     1.076     0.135
--- final:
 37       pi-    -211 [33]    
                                 2.933     1.502    -0.941     3.430     0.140
 40        K+     321 [28]    
                                -0.853     0.313    -0.290     1.074     0.494
 42        K-    -321 [31]    
                                 0.569     0.072     0.355     0.836     0.494
 45        K+     321 [32]    
                                -0.798    -0.689    -0.482     1.260     0.494
 46        K-    -321 [34]    
                                -3.044    -2.157    -0.769     3.841     0.494
 48        K+     321 [35]    
                                 0.679     0.330     0.426     0.997     0.494
 50        K-    -321 [36]    
                                 1.048     1.038    -2.069     2.588     0.494
 51       pi+     211 [36]    
                                 0.737     0.183    -0.753     1.078     0.140
 53       pi+     211 [38]    
                                 0.459     0.584     1.038     1.284     0.140
 54       pi+     211 [52]    
                                -0.328    -0.061     0.357     0.508     0.140
 55       pi-    -211 [52]    
                                 0.190    -0.150     0.078     0.290     0.140
 59       pi+     211 [56]    
                                 0.037     0.140     0.318     0.376     0.140
 61       pi-    -211 [58]    
                                 0.030    -0.127     0.977     0.995     0.140
 62     gamma      22 [60]    
                                -0.073    -0.040     0.112     0.140     0.000
 63     gamma      22 [60]    
                                -0.012    -0.134     0.037     0.139     0.000
 64      K_L0     130 [57]    
                                -0.094     0.079     0.898     1.034     0.498
 65     gamma      22 [41]    
                                -0.027     0.213     0.151     0.262     0.000
 66     gamma      22 [41]    
                                 0.056     0.077     0.006     0.095     0.000
 67     gamma      22 [43]    
                                 0.046     0.020     0.043     0.066     0.000
 68     gamma      22 [43]    
                                 0.440    -0.061     0.934     1.035     0.000
 70       pi-    -211 [44]    
                                -1.157    -0.358    -0.110     1.224     0.140
 74     gamma      22 [72]    
                                -0.294    -0.200    -0.296     0.463     0.000
 75     gamma      22 [72]    
                                -0.317    -0.065    -0.240     0.403     0.000
 76     gamma      22 [73]    
                                -0.070     0.031    -0.057     0.096     0.000
 77     gamma      22 [73]    
                                -0.100     0.004     0.075     0.125     0.000
 78     gamma      22 [47]    
                                -0.068     0.085    -0.209     0.236     0.000
 79     gamma      22 [47]    
                                 0.026     0.011    -0.300     0.301     0.000
 80     gamma      22 [49]    
                                 0.116     0.032    -0.107     0.161     0.000
 82     gamma      22 [81]    
                                -0.057    -0.517     0.679     0.855     0.000
 83     gamma      22 [81]    
                                -0.070    -0.154     0.141     0.220     0.000
------------------------------------------------------------------------------
     Sum of momenta:            -3e-05    -3e-05    -3e-05      25.4      25.4

The following exception classes were reported in this run:
ThePEG::EventHandler::ConsistencyException warning (1 times)
ThePEG::LesHouchesReader::LesHouchesReopenWarning warning (1 times)
