>>>>>>>>>>>>>>>>>>>>>>>>>>>>>>>>>>>>>>>>>>>>>>>>>>>>>>>>>>>>>>>>>>>>>>>>>>>>>>
>>>> Toolkit for HEP Event Generation - ThePEG 2.2.0 <<<<<<<<<<<<<<<<<<<<<<<<<
>>>> Tue Jun 30 00:50:52 2020                                             <<<<
<<<<<<<<<<<<<<<<<<<<<<<<<<<<<<<<<<<<<<<<<<<<<<<<<<<<<<<<<<<<<<<<<<<<<<<<<<<<<<

>> Herwig 7.2.0 / ThePEG 2.2.0

/Herwig/EventHandlers/NoCuts:
MHat  = 2 .. 17.379 GeV
Scale = 0 .. 1e+12 GeV2
YHat  = -100 .. 100
X1    = 0 .. 1
X2    = 0 .. 1

* A warning exception of type ThePEG::LesHouchesReader::LesHouchesReopenWarning occurred while generating event number 1: 
Reopening LesHouchesReader 'myReader' after accessing 2 events out of 1
* A warning exception of type ThePEG::EventHandler::ConsistencyException occurred while generating event number 1: 
Event handler 'myLesHouchesHandler' found energy-momentum non-conservation by (-3e-05,-2e-05,-3e-05;1.99999e-05) GeV after generating step number 4.

******************************************************************************
Event number 1 (id: ./OUTPUT/0.95MB1.05/1513012799/TMP/Cluster_HERWIGOutput_23) performed by myLesHouchesHandler
Weight: 1
==============================================================================

--- Colliding particles:
  1        e-      11  (3)   
                                 4.345     0.000     0.000     4.345     0.000
  2        e+     -11  (3)   
                                -4.345     0.000    -0.000     4.345     0.000
------------------------------------------------------------------------------
Primary sub-process performed by myReader
--- incoming:
  1        e-      11  (3)   
                                 4.345     0.000     0.000     4.345     0.000
  2        e+     -11  (3)   
                                -4.345     0.000    -0.000     4.345     0.000
--- intermediates:
  3     gamma      22 [1,2] (4..9)   
                                -0.000     0.000     0.000     8.690     8.689
--- outgoing:
  4         g      21 [3] (10)  7>>8 {+1,-2}
                                -0.664    -0.977    -0.086     1.184     0.000
  5         g      21 [3] (11)  6>>7 {+3,-4}
                                -0.514     0.845     0.063     0.991     0.000
  6         g      21 [3] (12)  9>>5 {+4,-5}
                                 0.653    -0.232    -1.770     1.901     0.000
  7         g      21 [3] (13)  5>>4 {+2,-3}
                                -0.101     0.749    -0.862     1.147     0.000
  8         g      21 [3] (14)  4>>9 {+6,-1}
                                -0.264    -0.026    -0.275     0.382     0.000
  9         g      21 [3] (15)  8>>6 {+5,-6}
                                 0.890    -0.358     2.931     3.084     0.000
------------------------------------------------------------------------------
Step 1 performed by myLesHouchesHandler
--- intermediates:
  1        e-      11  (3)   
                                 4.345     0.000     0.000     4.345     0.000
  2        e+     -11  (3)   
                                -4.345     0.000    -0.000     4.345     0.000
  3     gamma      22 [1,2] (4..9)   
                                -0.000     0.000     0.000     8.690     8.689
--- final:
  4         g      21 [3] (10)  7>>8 {+1,-2}
                                -0.664    -0.977    -0.086     1.184     0.000
  5         g      21 [3] (11)  6>>7 {+3,-4}
                                -0.514     0.845     0.063     0.991     0.000
  6         g      21 [3] (12)  9>>5 {+4,-5}
                                 0.653    -0.232    -1.770     1.901     0.000
  7         g      21 [3] (13)  5>>4 {+2,-3}
                                -0.101     0.749    -0.862     1.147     0.000
  8         g      21 [3] (14)  4>>9 {+6,-1}
                                -0.264    -0.026    -0.275     0.382     0.000
  9         g      21 [3] (15)  8>>6 {+5,-6}
                                 0.890    -0.358     2.931     3.084     0.000
------------------------------------------------------------------------------
     Sum of momenta:            -4e-05    -2e-05    -3e-05      8.69      8.69
------------------------------------------------------------------------------
Step 2 performed by ShowerHandler
--- intermediates:
 15         g      21 [9] (16,17)   {+5,-6}
                                 0.400    -0.161     1.319     3.226     2.912
--- final:
 10         g      21 [4] (18,19)  13>>14 {+1,-2}
                                -0.299    -0.440    -0.039     1.089     0.950
 11         g      21 [5] (20,21)  12>>13 {+3,-4}
                                -0.231     0.380     0.028     1.049     0.950
 12         g      21 [6] (22,23)  17>>11 {+4,-5}
                                 0.294    -0.104    -0.797     1.278     0.950
 13         g      21 [7] (24,25)  11>>10 {+2,-3}
                                -0.046     0.337    -0.388     1.081     0.950
 14         g      21 [8] (26,27)  10>>16 {+6,-1}
                                -0.119    -0.012    -0.124     0.965     0.950
 16         g      21 [15] (28,29)  14>>17 {+7,-6}
                                 1.267    -0.405     0.684     1.771     0.950
 17         g      21 [15] (30,31)  16>>12 {+5,-7}
                                -0.866     0.244     0.635     1.455     0.950
------------------------------------------------------------------------------
     Sum of momenta:            -4e-05    -2e-05    -3e-05      8.69      8.69
------------------------------------------------------------------------------
Step 3 performed by ClusterHadHandler
--- intermediates:
 18         u       2 [10] (36)   {+1}
                                 0.142    -0.294     0.162     0.488     0.325
 19      ubar      -2 [10] (32)   {-2}
                                -0.441    -0.146    -0.201     0.601     0.325
 20         u       2 [11] (33)   {+3}
                                 0.065    -0.133    -0.078     0.365     0.325
 21      ubar      -2 [11] (37)   {-4}
                                -0.296     0.513     0.106     0.684     0.325
 22         u       2 [12] (36)   {+4}
                                -0.186    -0.180    -0.327     0.529     0.325
 23      ubar      -2 [12] (34)   {-5}
                                 0.480     0.076    -0.469     0.750     0.325
 24         d       1 [13] (32)   {+2}
                                 0.164     0.313     0.066     0.485     0.325
 25      dbar      -1 [13] (33)   {-3}
                                -0.209     0.024    -0.454     0.597     0.325
 26         s       3 [14] (35)   {+6}
                                -0.101    -0.004    -0.210     0.507     0.450
 27      sbar      -3 [14] (37)   {-1}
                                -0.018    -0.008     0.086     0.459     0.450
 28         u       2 [16] (36)   {+7}
                                 0.738    -0.473     0.144     0.946     0.325
 29      ubar      -2 [16] (35)   {-6}
                                 0.529     0.068     0.540     0.826     0.325
 30         d       1 [17] (34)   {+5}
                                -0.165    -0.121    -0.009     0.384     0.325
 31      dbar      -1 [17] (37)   {-7}
                                -0.702     0.365     0.644     1.071     0.325
 32   Cluster      81 [19,24] (40,41)   
                                -0.277     0.167    -0.135     1.086     1.028
 33   Cluster      81 [20,25] (44,45)   
                                -0.144    -0.109    -0.532     0.962     0.781
 34   Cluster      81 [23,30] (42,43)   
                                 0.315    -0.045    -0.478     1.133     0.977
 35   Cluster      81 [26,29] (46,47)   
                                 0.428     0.064     0.330     1.332     1.216
 36   Cluster      81 [18,22,28] (38)   
                                 0.694    -0.947    -0.022     1.963     1.573
 37   Cluster      81 [21,27,31] (39)   
                                -1.016     0.870     0.837     2.213     1.552
 38   Cluster      81 [36] (48,49)   
                                 0.694    -0.947    -0.022     1.963     1.573
 39   Cluster      81 [37] (50,51)   
                                -1.016     0.870     0.837     2.213     1.552
--- final:
 40       pi-    -211 [32]    
                                -0.235     0.114    -0.078     0.306     0.140
 41     omega     223 [32] (52,53)   
                                -0.042     0.053    -0.056     0.780     0.775
 42      rho-    -213 [34] (58,59)   
                                -0.071    -0.125    -0.468     0.717     0.524
 43       pi0     111 [34] (62,63)   
                                 0.386     0.079    -0.011     0.417     0.135
 44       pi+     211 [33]    
                                -0.199    -0.331    -0.052     0.414     0.140
 45       pi0     111 [33] (64,65)   
                                 0.055     0.222    -0.480     0.548     0.135
 46        K-    -321 [35]    
                                -0.258     0.096     0.280     0.631     0.494
 47       pi0     111 [35] (66,67)   
                                 0.686    -0.031     0.050     0.702     0.135
 48       pi+     211 [38]    
                                 0.588    -0.181     0.309     0.703     0.140
 49        p+    2212 [38]    
                                 0.106    -0.766    -0.331     1.260     0.938
 50        K0     311 [39] (68)   
                                -0.271    -0.001     0.224     0.609     0.498
 51     nbar0   -2112 [39]    
                                -0.745     0.871     0.613     1.604     0.940
------------------------------------------------------------------------------
     Sum of momenta:            -4e-05    -2e-05    -3e-05      8.69      8.69
------------------------------------------------------------------------------
Step 4 performed by DecayHandler
--- intermediates:
 52      rho0     113 [41] (54,55)   
                                -0.069    -0.062     0.027     0.582     0.574
 53       pi0     111 [41] (56,57)   
                                 0.026     0.115    -0.084     0.198     0.135
 58       pi0     111 [42] (60,61)   
                                -0.203    -0.187    -0.156     0.345     0.135
--- final:
 40       pi-    -211 [32]    
                                -0.235     0.114    -0.078     0.306     0.140
 44       pi+     211 [33]    
                                -0.199    -0.331    -0.052     0.414     0.140
 46        K-    -321 [35]    
                                -0.258     0.096     0.280     0.631     0.494
 48       pi+     211 [38]    
                                 0.588    -0.181     0.309     0.703     0.140
 49        p+    2212 [38]    
                                 0.106    -0.766    -0.331     1.260     0.938
 51     nbar0   -2112 [39]    
                                -0.745     0.871     0.613     1.604     0.940
 54       pi+     211 [52]    
                                 0.137     0.145    -0.053     0.249     0.140
 55       pi-    -211 [52]    
                                -0.206    -0.206     0.080     0.333     0.140
 56     gamma      22 [53]    
                                 0.020     0.057     0.032     0.068     0.000
 57     gamma      22 [53]    
                                 0.007     0.057    -0.116     0.129     0.000
 59       pi-    -211 [42]    
                                 0.133     0.063    -0.312     0.372     0.140
 60     gamma      22 [58]    
                                -0.016     0.005     0.018     0.025     0.000
 61     gamma      22 [58]    
                                -0.187    -0.192    -0.174     0.320     0.000
 62     gamma      22 [43]    
                                 0.368     0.091    -0.039     0.381     0.000
 63     gamma      22 [43]    
                                 0.018    -0.012     0.029     0.036     0.000
 64     gamma      22 [45]    
                                -0.001     0.062    -0.278     0.285     0.000
 65     gamma      22 [45]    
                                 0.056     0.160    -0.202     0.264     0.000
 66     gamma      22 [47]    
                                 0.349    -0.083     0.031     0.361     0.000
 67     gamma      22 [47]    
                                 0.337     0.052     0.018     0.341     0.000
 68      K_L0     130 [50]    
                                -0.271    -0.001     0.224     0.609     0.498
------------------------------------------------------------------------------
     Sum of momenta:            -4e-05    -2e-05    -3e-05      8.69      8.69

The following exception classes were reported in this run:
ThePEG::EventHandler::ConsistencyException warning (1 times)
ThePEG::LesHouchesReader::LesHouchesReopenWarning warning (1 times)
