>>>>>>>>>>>>>>>>>>>>>>>>>>>>>>>>>>>>>>>>>>>>>>>>>>>>>>>>>>>>>>>>>>>>>>>>>>>>>>
>>>> Toolkit for HEP Event Generation - ThePEG 2.2.0 <<<<<<<<<<<<<<<<<<<<<<<<<
>>>> Tue Jun 30 00:38:29 2020                                             <<<<
<<<<<<<<<<<<<<<<<<<<<<<<<<<<<<<<<<<<<<<<<<<<<<<<<<<<<<<<<<<<<<<<<<<<<<<<<<<<<<

>> Herwig 7.2.0 / ThePEG 2.2.0

/Herwig/EventHandlers/NoCuts:
MHat  = 2 .. 10.7998 GeV
Scale = 0 .. 1e+12 GeV2
YHat  = -100 .. 100
X1    = 0 .. 1
X2    = 0 .. 1

* A warning exception of type ThePEG::LesHouchesReader::LesHouchesReopenWarning occurred while generating event number 1: 
Reopening LesHouchesReader 'myReader' after accessing 2 events out of 1
* A warning exception of type ThePEG::EventHandler::ConsistencyException occurred while generating event number 1: 
Event handler 'myLesHouchesHandler' found energy-momentum non-conservation by (-1e-05,-1e-05,-2e-05;-3.48286e-10) GeV after generating step number 4.

******************************************************************************
Event number 1 (id: ./OUTPUT/0.95MB1.05/1513126133/TMP/Cluster_HERWIGOutput_28) performed by myLesHouchesHandler
Weight: 1
==============================================================================

--- Colliding particles:
  1        e-      11  (3)   
                                 2.700     0.000     0.000     2.700     0.000
  2        e+     -11  (3)   
                                -2.700     0.000     0.000     2.700     0.000
------------------------------------------------------------------------------
Primary sub-process performed by myReader
--- incoming:
  1        e-      11  (3)   
                                 2.700     0.000     0.000     2.700     0.000
  2        e+     -11  (3)   
                                -2.700     0.000     0.000     2.700     0.000
--- intermediates:
  3     gamma      22 [1,2] (4..7)   
                                 0.000     0.000     0.000     5.400     5.400
--- outgoing:
  4         g      21 [3] (8)  7>>7 {+1,-2}
                                 1.294     1.129    -0.844     1.913     0.000
  5         g      21 [3] (9)  6>>6 {+3,-4}
                                 0.306    -1.013     1.033     1.479     0.000
  6         g      21 [3] (10)  5>>5 {+4,-3}
                                -1.140    -0.556    -0.412     1.333     0.000
  7         g      21 [3] (11)  4>>4 {+2,-1}
                                -0.460     0.440     0.222     0.675     0.000
------------------------------------------------------------------------------
Step 1 performed by myLesHouchesHandler
--- intermediates:
  1        e-      11  (3)   
                                 2.700     0.000     0.000     2.700     0.000
  2        e+     -11  (3)   
                                -2.700     0.000     0.000     2.700     0.000
  3     gamma      22 [1,2] (4..7)   
                                 0.000     0.000     0.000     5.400     5.400
--- final:
  4         g      21 [3] (8)  7>>7 {+1,-2}
                                 1.294     1.129    -0.844     1.913     0.000
  5         g      21 [3] (9)  6>>6 {+3,-4}
                                 0.306    -1.013     1.033     1.479     0.000
  6         g      21 [3] (10)  5>>5 {+4,-3}
                                -1.140    -0.556    -0.412     1.333     0.000
  7         g      21 [3] (11)  4>>4 {+2,-1}
                                -0.460     0.440     0.222     0.675     0.000
------------------------------------------------------------------------------
     Sum of momenta:            -2e-05    -1e-05    -2e-05       5.4       5.4
------------------------------------------------------------------------------
Step 2 performed by ShowerHandler
--- final:
  8         g      21 [4] (12,13)  11>>11 {+1,-2}
                                 0.893     0.779    -0.582     1.626     0.950
  9         g      21 [5] (14,15)  10>>10 {+3,-4}
                                 0.211    -0.699     0.713     1.394     0.950
 10         g      21 [6] (16,17)  9>>9 {+4,-3}
                                -0.786    -0.384    -0.284     1.322     0.950
 11         g      21 [7] (18,19)  8>>8 {+2,-1}
                                -0.317     0.304     0.153     1.058     0.950
------------------------------------------------------------------------------
     Sum of momenta:            -2e-05    -1e-05    -2e-05       5.4       5.4
------------------------------------------------------------------------------
Step 3 performed by ClusterHadHandler
--- intermediates:
 12         d       1 [8] (20)   {+1}
                                 0.257    -0.020    -0.017     0.415     0.325
 13      dbar      -1 [8] (21)   {-2}
                                 0.636     0.799    -0.565     1.211     0.325
 14         d       1 [9] (22)   {+3}
                                -0.045    -0.631     0.214     0.743     0.325
 15      dbar      -1 [9] (23)   {-4}
                                 0.256    -0.068     0.498     0.651     0.325
 16         s       3 [10] (23)   {+4}
                                -0.551    -0.174    -0.242     0.771     0.450
 17      sbar      -3 [10] (22)   {-3}
                                -0.235    -0.210    -0.042     0.551     0.450
 18         d       1 [11] (21)   {+2}
                                -0.118     0.058    -0.266     0.440     0.325
 19      dbar      -1 [11] (20)   {-1}
                                -0.199     0.246     0.419     0.617     0.325
 20   Cluster      81 [12,19] (24,25)   
                                 0.058     0.226     0.402     1.032     0.922
 21   Cluster      81 [13,18] (26,27)   
                                 0.518     0.857    -0.831     1.652     1.017
 22   Cluster      81 [14,17] (30,31)   
                                -0.279    -0.841     0.172     1.294     0.927
 23   Cluster      81 [15,16] (28,29)   
                                -0.296    -0.242     0.257     1.422     1.346
--- final:
 24       pi0     111 [20] (32,33)   
                                -0.001    -0.073     0.375     0.405     0.135
 25       eta     221 [20] (34,35)   
                                 0.058     0.299     0.027     0.627     0.548
 26      rho+     213 [21] (36,37)   
                                 0.190     0.133    -0.676     0.830     0.421
 27       pi-    -211 [21]    
                                 0.327     0.724    -0.154     0.822     0.140
 28       pi0     111 [23] (40,41)   
                                -0.007    -0.378     0.612     0.732     0.135
 29     Kbar0    -311 [23] (42)   
                                -0.289     0.137    -0.356     0.690     0.498
 30       pi-    -211 [22]    
                                -0.054    -0.607    -0.117     0.636     0.140
 31        K+     321 [22]    
                                -0.225    -0.234     0.289     0.658     0.494
------------------------------------------------------------------------------
     Sum of momenta:            -2e-05    -1e-05    -2e-05       5.4       5.4
------------------------------------------------------------------------------
Step 4 performed by DecayHandler
--- intermediates:
 36       pi0     111 [26] (38,39)   
                                -0.024     0.172    -0.270     0.348     0.135
--- final:
 27       pi-    -211 [21]    
                                 0.327     0.724    -0.154     0.822     0.140
 30       pi-    -211 [22]    
                                -0.054    -0.607    -0.117     0.636     0.140
 31        K+     321 [22]    
                                -0.225    -0.234     0.289     0.658     0.494
 32     gamma      22 [24]    
                                 0.056     0.002     0.178     0.187     0.000
 33     gamma      22 [24]    
                                -0.057    -0.075     0.197     0.218     0.000
 34     gamma      22 [25]    
                                -0.245     0.121    -0.005     0.274     0.000
 35     gamma      22 [25]    
                                 0.304     0.178     0.032     0.353     0.000
 37       pi+     211 [26]    
                                 0.214    -0.039    -0.406     0.482     0.140
 38     gamma      22 [36]    
                                 0.017     0.158    -0.259     0.304     0.000
 39     gamma      22 [36]    
                                -0.041     0.014    -0.011     0.044     0.000
 40     gamma      22 [28]    
                                -0.047    -0.096     0.103     0.148     0.000
 41     gamma      22 [28]    
                                 0.041    -0.283     0.510     0.584     0.000
 42      K_L0     130 [29]    
                                -0.289     0.137    -0.356     0.690     0.498
------------------------------------------------------------------------------
     Sum of momenta:            -2e-05    -1e-05    -2e-05       5.4       5.4

The following exception classes were reported in this run:
ThePEG::EventHandler::ConsistencyException warning (1 times)
ThePEG::LesHouchesReader::LesHouchesReopenWarning warning (1 times)
