>>>>>>>>>>>>>>>>>>>>>>>>>>>>>>>>>>>>>>>>>>>>>>>>>>>>>>>>>>>>>>>>>>>>>>>>>>>>>>
>>>> Toolkit for HEP Event Generation - ThePEG 2.2.0 <<<<<<<<<<<<<<<<<<<<<<<<<
>>>> Tue Jun 30 00:28:03 2020                                             <<<<
<<<<<<<<<<<<<<<<<<<<<<<<<<<<<<<<<<<<<<<<<<<<<<<<<<<<<<<<<<<<<<<<<<<<<<<<<<<<<<

>> Herwig 7.2.0 / ThePEG 2.2.0

/Herwig/EventHandlers/NoCuts:
MHat  = 2 .. 44.7782 GeV
Scale = 0 .. 1e+12 GeV2
YHat  = -100 .. 100
X1    = 0 .. 1
X2    = 0 .. 1

* A warning exception of type ThePEG::LesHouchesReader::LesHouchesReopenWarning occurred while generating event number 1: 
Reopening LesHouchesReader 'myReader' after accessing 2 events out of 1
* A warning exception of type ThePEG::EventHandler::ConsistencyException occurred while generating event number 1: 
Event handler 'myLesHouchesHandler' found energy-momentum non-conservation by (5.96856e-15,-3e-05,-2e-05;9.99939e-06) GeV after generating step number 4.

******************************************************************************
Event number 1 (id: ./OUTPUT/0.95MB1.05/1512173935/TMP/Cluster_HERWIGOutput_15) performed by myLesHouchesHandler
Weight: 1
==============================================================================

--- Colliding particles:
  1        e-      11  (3)   
                                11.195     0.000     0.000    11.195     0.000
  2        e+     -11  (3)   
                               -11.195     0.000    -0.000    11.195     0.000
------------------------------------------------------------------------------
Primary sub-process performed by myReader
--- incoming:
  1        e-      11  (3)   
                                11.195     0.000     0.000    11.195     0.000
  2        e+     -11  (3)   
                               -11.195     0.000    -0.000    11.195     0.000
--- intermediates:
  3     gamma      22 [1,2] (4..7)   
                                -0.000     0.000     0.000    22.389    22.389
--- outgoing:
  4         g      21 [3] (8)  6>>5 {+1,-2}
                                -3.521    -0.247    -4.631     5.822     0.000
  5         g      21 [3] (9)  4>>7 {+3,-1}
                                 7.688    -1.455     7.472    10.819     0.000
  6         g      21 [3] (10)  7>>4 {+2,-4}
                                -0.090    -0.329    -0.554     0.651     0.000
  7         g      21 [3] (11)  5>>6 {+4,-3}
                                -4.077     2.030    -2.287     5.097     0.000
------------------------------------------------------------------------------
Step 1 performed by myLesHouchesHandler
--- intermediates:
  1        e-      11  (3)   
                                11.195     0.000     0.000    11.195     0.000
  2        e+     -11  (3)   
                               -11.195     0.000    -0.000    11.195     0.000
  3     gamma      22 [1,2] (4..7)   
                                -0.000     0.000     0.000    22.389    22.389
--- final:
  4         g      21 [3] (8)  6>>5 {+1,-2}
                                -3.521    -0.247    -4.631     5.822     0.000
  5         g      21 [3] (9)  4>>7 {+3,-1}
                                 7.688    -1.455     7.472    10.819     0.000
  6         g      21 [3] (10)  7>>4 {+2,-4}
                                -0.090    -0.329    -0.554     0.651     0.000
  7         g      21 [3] (11)  5>>6 {+4,-3}
                                -4.077     2.030    -2.287     5.097     0.000
------------------------------------------------------------------------------
     Sum of momenta:            -1e-05    -3e-05    -2e-05      22.4      22.4
------------------------------------------------------------------------------
Step 2 performed by ShowerHandler
--- intermediates:
 11         g      21 [7] (12,13)   {+4,-3}
                                -3.807     1.896    -2.135     5.598     2.948
--- final:
  8         g      21 [4] (14,15)  10>>9 {+1,-2}
                                -3.287    -0.230    -4.323     5.518     0.950
  9         g      21 [5] (16,17)  8>>13 {+3,-1}
                                 7.177    -1.358     6.976    10.145     0.950
 10         g      21 [6] (18,19)  12>>8 {+2,-4}
                                -0.084    -0.307    -0.518     1.128     0.950
 12         g      21 [11] (20,21)  13>>10 {+4,-5}
                                -1.415    -0.343    -0.465     1.800     0.950
 13         g      21 [11] (22,23)  9>>12 {+5,-3}
                                -2.392     2.239    -1.670     3.798     0.950
------------------------------------------------------------------------------
     Sum of momenta:            -1e-05    -3e-05    -2e-05      22.4      22.4
------------------------------------------------------------------------------
Step 3 performed by ClusterHadHandler
--- intermediates:
 14         d       1 [8] (24)   {+1}
                                -1.908    -0.196    -3.023     3.594     0.325
 15      dbar      -1 [8] (28)   {-2}
                                -1.380    -0.034    -1.301     1.924     0.325
 16         s       3 [9] (25)   {+3}
                                 3.278    -0.495     3.277     4.683     0.450
 17      sbar      -3 [9] (24)   {-1}
                                 3.899    -0.863     3.699     5.462     0.450
 18         u       2 [10] (27)   {+2}
                                -0.034    -0.190     0.124     0.398     0.325
 19      ubar      -2 [10] (26)   {-4}
                                -0.049    -0.117    -0.641     0.730     0.325
 20         u       2 [12] (26)   {+4}
                                -1.162    -0.035    -0.440     1.285     0.325
 21      ubar      -2 [12] (27)   {-5}
                                -0.253    -0.308    -0.026     0.515     0.325
 22         u       2 [13] (28)   {+5}
                                -0.495     0.430    -0.608     0.952     0.325
 23      ubar      -2 [13] (25)   {-3}
                                -1.896     1.809    -1.062     2.846     0.325
 24   Cluster      81 [14,17] (33,34)   
                                 1.992    -1.059     0.677     9.057     8.745
 25   Cluster      81 [16,23] (29,30)   
                                 1.382     1.314     2.215     7.530     6.939
 26   Cluster      81 [19,20] (37,38)   
                                -1.211    -0.153    -1.081     2.015     1.184
 27   Cluster      81 [18,21] (39,40)   
                                -0.287    -0.498     0.098     0.913     0.702
 28   Cluster      81 [15,22] (35,36)   
                                -1.875     0.396    -1.909     2.875     0.977
 29   Cluster      81 [25] (41,42)   
                                 1.158    -0.116     1.190     1.871     0.853
 30   Cluster      81 [25] (31,32)   
                                 0.224     1.430     1.025     5.659     5.374
 31   Cluster      81 [30] (43,44)   
                                -1.498     1.578    -0.757     3.025     1.961
 32   Cluster      81 [30] (45,46)   
                                 1.721    -0.149     1.782     2.634     0.882
 33   Cluster      81 [24] (47,48)   
                                -1.381    -0.232    -2.365     3.517     2.193
 34   Cluster      81 [24] (49,50)   
                                 3.373    -0.827     3.042     5.540     3.063
--- final:
 35       pi+     211 [28]    
                                -0.389     0.123    -0.255     0.501     0.140
 36     omega     223 [28] (51,52)   
                                -1.486     0.273    -1.654     2.375     0.789
 37      rho-    -213 [26] (53,54)   
                                -1.260    -0.292    -1.047     1.809     0.710
 38       pi+     211 [26]    
                                 0.048     0.140    -0.034     0.206     0.140
 39       pi+     211 [27]    
                                -0.395    -0.479    -0.102     0.645     0.140
 40       pi-    -211 [27]    
                                 0.108    -0.019     0.200     0.268     0.140
 41        K-    -321 [29]    
                                 0.491    -0.109     0.342     0.783     0.494
 42       pi0     111 [29] (57,58)   
                                 0.668    -0.007     0.848     1.087     0.135
 43      rho-    -213 [31] (59,60)   
                                -0.169     0.844    -0.374     1.250     0.825
 44      rho0     113 [31] (63,64)   
                                -1.329     0.734    -0.383     1.775     0.838
 45       eta     221 [32] (65..67)   
                                 0.669    -0.146     0.756     1.157     0.548
 46       pi+     211 [32]    
                                 1.053    -0.002     1.026     1.477     0.140
 47       K*0     313 [33] (68,69)   
                                -0.958     0.465    -1.588     2.086     0.834
 48       K*-    -323 [33] (70,71)   
                                -0.423    -0.697    -0.777     1.431     0.882
 49       K*0     313 [34] (73,74)   
                                 0.405     0.006     1.583     1.861     0.890
 50    rho''+   30213 [34] (75,76)   
                                 2.967    -0.833     1.459     3.680     1.382
------------------------------------------------------------------------------
     Sum of momenta:            -1e-05    -3e-05    -2e-05      22.4      22.4
------------------------------------------------------------------------------
Step 4 performed by DecayHandler
--- intermediates:
 53       pi0     111 [37] (55,56)   
                                -1.139    -0.081    -0.643     1.318     0.135
 59       pi0     111 [43] (61,62)   
                                -0.334     0.799    -0.486     1.002     0.135
 70     Kbar0    -311 [48] (72)   
                                -0.503    -0.637    -0.433     1.046     0.498
 75      rho+     213 [50] (77,78)   
                                 2.190    -0.651     1.090     2.732     1.027
 76     sigma 9000221 [50] (81,82)   
                                 0.777    -0.182     0.369     0.948     0.353
 77       pi0     111 [75] (79,80)   
                                 1.149    -0.724     0.257     1.389     0.135
--- final:
 35       pi+     211 [28]    
                                -0.389     0.123    -0.255     0.501     0.140
 38       pi+     211 [26]    
                                 0.048     0.140    -0.034     0.206     0.140
 39       pi+     211 [27]    
                                -0.395    -0.479    -0.102     0.645     0.140
 40       pi-    -211 [27]    
                                 0.108    -0.019     0.200     0.268     0.140
 41        K-    -321 [29]    
                                 0.491    -0.109     0.342     0.783     0.494
 46       pi+     211 [32]    
                                 1.053    -0.002     1.026     1.477     0.140
 51       pi+     211 [36]    
                                -0.171     0.259    -0.149     0.371     0.140
 52       pi-    -211 [36]    
                                -1.315     0.014    -1.505     2.003     0.140
 54       pi-    -211 [37]    
                                -0.120    -0.211    -0.403     0.491     0.140
 55     gamma      22 [53]    
                                -0.809    -0.119    -0.452     0.934     0.000
 56     gamma      22 [53]    
                                -0.330     0.037    -0.191     0.383     0.000
 57     gamma      22 [42]    
                                 0.344     0.046     0.362     0.501     0.000
 58     gamma      22 [42]    
                                 0.324    -0.053     0.485     0.586     0.000
 60       pi-    -211 [43]    
                                 0.165     0.046     0.112     0.248     0.140
 61     gamma      22 [59]    
                                -0.049     0.034    -0.039     0.072     0.000
 62     gamma      22 [59]    
                                -0.285     0.765    -0.447     0.931     0.000
 63       pi+     211 [44]    
                                 0.009     0.159    -0.218     0.304     0.140
 64       pi-    -211 [44]    
                                -1.338     0.575    -0.165     1.472     0.140
 65     gamma      22 [45]    
                                 0.676    -0.286     0.666     0.991     0.000
 66        e-      11 [45]    
                                -0.002     0.047     0.031     0.057     0.001
 67        e+     -11 [45]    
                                -0.005     0.093     0.059     0.110     0.001
 68        K+     321 [47]    
                                -0.980     0.487    -1.484     1.909     0.494
 69       pi-    -211 [47]    
                                 0.023    -0.021    -0.104     0.177     0.140
 71       pi-    -211 [48]    
                                 0.080    -0.060    -0.344     0.385     0.140
 72      K_L0     130 [70]    
                                -0.503    -0.637    -0.433     1.046     0.498
 73        K+     321 [49]    
                                -0.025     0.117     0.740     0.897     0.494
 74       pi-    -211 [49]    
                                 0.431    -0.111     0.843     0.963     0.140
 78       pi+     211 [75]    
                                 1.041     0.073     0.834     1.343     0.140
 79     gamma      22 [77]    
                                 0.393    -0.318     0.121     0.520     0.000
 80     gamma      22 [77]    
                                 0.756    -0.406     0.136     0.869     0.000
 81       pi+     211 [76]    
                                 0.526    -0.208     0.220     0.623     0.140
 82       pi-    -211 [76]    
                                 0.251     0.026     0.149     0.325     0.140
------------------------------------------------------------------------------
     Sum of momenta:            -1e-05    -3e-05    -2e-05      22.4      22.4

The following exception classes were reported in this run:
ThePEG::EventHandler::ConsistencyException warning (1 times)
ThePEG::LesHouchesReader::LesHouchesReopenWarning warning (1 times)
