>>>>>>>>>>>>>>>>>>>>>>>>>>>>>>>>>>>>>>>>>>>>>>>>>>>>>>>>>>>>>>>>>>>>>>>>>>>>>>
>>>> Toolkit for HEP Event Generation - ThePEG 2.2.0 <<<<<<<<<<<<<<<<<<<<<<<<<
>>>> Tue Jun 30 00:34:19 2020                                             <<<<
<<<<<<<<<<<<<<<<<<<<<<<<<<<<<<<<<<<<<<<<<<<<<<<<<<<<<<<<<<<<<<<<<<<<<<<<<<<<<<

>> Herwig 7.2.0 / ThePEG 2.2.0

/Herwig/EventHandlers/NoCuts:
MHat  = 2 .. 37.1824 GeV
Scale = 0 .. 1e+12 GeV2
YHat  = -100 .. 100
X1    = 0 .. 1
X2    = 0 .. 1

* A warning exception of type ThePEG::LesHouchesReader::LesHouchesReopenWarning occurred while generating event number 1: 
Reopening LesHouchesReader 'myReader' after accessing 2 events out of 1
* A warning exception of type ThePEG::EventHandler::ConsistencyException occurred while generating event number 1: 
Event handler 'myLesHouchesHandler' found energy-momentum non-conservation by (-2e-05,-3e-05,-3e-05;1.99999e-05) GeV after generating step number 4.

******************************************************************************
Event number 1 (id: ./OUTPUT/0.95MB1.05/1512495814/TMP/Cluster_HERWIGOutput_5) performed by myLesHouchesHandler
Weight: 1
==============================================================================

--- Colliding particles:
  1        e-      11  (3)   
                                 9.296     0.000     0.000     9.296     0.000
  2        e+     -11  (3)   
                                -9.296     0.000     0.000     9.296     0.000
------------------------------------------------------------------------------
Primary sub-process performed by myReader
--- incoming:
  1        e-      11  (3)   
                                 9.296     0.000     0.000     9.296     0.000
  2        e+     -11  (3)   
                                -9.296     0.000     0.000     9.296     0.000
--- intermediates:
  3     gamma      22 [1,2] (4..8)   
                                 0.000     0.000     0.000    18.591    18.591
--- outgoing:
  4         g      21 [3] (9)  8>>5 {+1,-2}
                                 1.889    -0.382    -4.705     5.085     0.000
  5         g      21 [3] (12)  4>>7 {+3,-1}
                                -0.426     0.308    -0.188     0.558     0.000
  6         g      21 [3] (13)  7>>8 {+4,-5}
                                 0.387     0.243    -1.893     1.947     0.000
  7         g      21 [3] (16)  5>>6 {+5,-3}
                                 0.022    -2.912    -0.536     2.961     0.000
  8         g      21 [3] (17)  6>>4 {+2,-4}
                                -1.873     2.743     7.322     8.040     0.000
------------------------------------------------------------------------------
Step 1 performed by myLesHouchesHandler
--- intermediates:
  1        e-      11  (3)   
                                 9.296     0.000     0.000     9.296     0.000
  2        e+     -11  (3)   
                                -9.296     0.000     0.000     9.296     0.000
  3     gamma      22 [1,2] (4..8)   
                                 0.000     0.000     0.000    18.591    18.591
--- final:
  4         g      21 [3] (9)  8>>5 {+1,-2}
                                 1.889    -0.382    -4.705     5.085     0.000
  5         g      21 [3] (12)  4>>7 {+3,-1}
                                -0.426     0.308    -0.188     0.558     0.000
  6         g      21 [3] (13)  7>>8 {+4,-5}
                                 0.387     0.243    -1.893     1.947     0.000
  7         g      21 [3] (16)  5>>6 {+5,-3}
                                 0.022    -2.912    -0.536     2.961     0.000
  8         g      21 [3] (17)  6>>4 {+2,-4}
                                -1.873     2.743     7.322     8.040     0.000
------------------------------------------------------------------------------
     Sum of momenta:            -3e-05    -3e-05    -3e-05      18.6      18.6
------------------------------------------------------------------------------
Step 2 performed by ShowerHandler
--- intermediates:
  9         g      21 [4] (10,11)   {+1,-2}
                                 1.404    -0.284    -3.497     4.898     3.115
 13         g      21 [6] (14,15)   {+4,-5}
                                 0.288     0.180    -1.407     4.209     3.952
--- final:
 10         g      21 [9] (24,25)  17>>11 {+6,-2}
                                 1.802    -0.890    -2.460     3.315     0.950
 11         g      21 [9] (26,27)  10>>12 {+1,-6}
                                -0.397     0.606    -1.037     1.582     0.950
 12         g      21 [5] (18,19)  11>>16 {+3,-1}
                                -0.317     0.229    -0.139     1.037     0.950
 14         g      21 [13] (28,29)  15>>17 {+4,-7}
                                 1.127     0.854     0.542     1.788     0.950
 15         g      21 [13] (30,31)  16>>14 {+7,-5}
                                -0.839    -0.674    -1.949     2.421     0.950
 16         g      21 [7] (20,21)  12>>15 {+5,-3}
                                 0.017    -2.164    -0.398     2.397     0.950
 17         g      21 [8] (22,23)  14>>10 {+2,-4}
                                -1.392     2.039     5.442     6.051     0.950
------------------------------------------------------------------------------
     Sum of momenta:            -3e-05    -3e-05    -3e-05      18.6      18.6
------------------------------------------------------------------------------
Step 3 performed by ClusterHadHandler
--- intermediates:
 18         d       1 [12] (35)   {+3}
                                -0.480     0.306    -0.099     0.663     0.325
 19      dbar      -1 [12] (38)   {-1}
                                 0.163    -0.077    -0.041     0.374     0.325
 20         s       3 [16] (38)   {+5}
                                -0.125    -0.923    -0.135     1.043     0.450
 21      sbar      -3 [16] (36)   {-3}
                                 0.142    -1.241    -0.264     1.354     0.450
 22         s       3 [17] (34)   {+2}
                                -0.539     0.725     2.284     2.497     0.450
 23      sbar      -3 [17] (32)   {-4}
                                -0.853     1.314     3.159     3.554     0.450
 24         s       3 [10] (36)   {+6}
                                 0.718    -0.510    -1.063     1.452     0.450
 25      sbar      -3 [10] (33)   {-2}
                                 1.084    -0.380    -1.397     1.863     0.450
 26         u       2 [11] (37)   {+1}
                                -0.421     0.587    -0.964     1.248     0.325
 27      ubar      -2 [11] (35)   {-6}
                                 0.023     0.019    -0.073     0.334     0.325
 28         s       3 [14] (32)   {+4}
                                 0.511     0.560     0.217     0.908     0.450
 29      sbar      -3 [14] (34)   {-7}
                                 0.616     0.294     0.325     0.880     0.450
 30         u       2 [15] (33)   {+7}
                                -0.112    -0.280    -0.265     0.516     0.325
 31      ubar      -2 [15] (37)   {-5}
                                -0.728    -0.394    -1.684     1.905     0.325
 32   Cluster      81 [23,28] (39,40)   
                                -0.342     1.874     3.375     4.462     2.211
 33   Cluster      81 [25,30] (43,44)   
                                 0.972    -0.660    -1.661     2.380     1.234
 34   Cluster      81 [22,29] (41,42)   
                                 0.077     1.020     2.609     3.377     1.885
 35   Cluster      81 [18,27] (45,46)   
                                -0.457     0.324    -0.172     0.997     0.807
 36   Cluster      81 [21,24] (49,50)   
                                 0.859    -1.751    -1.327     2.806     1.519
 37   Cluster      81 [26,31] (47,48)   
                                -1.148     0.193    -2.649     3.152     1.251
 38   Cluster      81 [19,20] (51,52)   
                                 0.038    -1.000    -0.175     1.417     0.988
--- final:
 39        K+     321 [32]    
                                -0.394     0.419     0.107     0.766     0.494
 40       K*-    -323 [32] (53,54)   
                                 0.052     1.455     3.268     3.696     0.930
 41       K*-    -323 [34] (58,59)   
                                 0.662     0.269     1.477     1.818     0.783
 42        K+     321 [34]    
                                -0.585     0.751     1.132     1.559     0.494
 43       pi+     211 [33]    
                                 0.222    -0.427    -0.466     0.684     0.140
 44       K*0     313 [33] (61,62)   
                                 0.750    -0.233    -1.196     1.696     0.910
 45       pi0     111 [35] (63,64)   
                                -0.312    -0.139     0.151     0.397     0.135
 46       pi-    -211 [35]    
                                -0.145     0.464    -0.323     0.600     0.140
 47       pi0     111 [37] (65,66)   
                                -0.129     0.118    -0.141     0.262     0.135
 48      rho0     113 [37] (67,68)   
                                -1.019     0.075    -2.508     2.891     1.011
 49        K-    -321 [36]    
                                 0.186    -0.239    -0.372     0.689     0.494
 50       K*+     323 [36] (69,70)   
                                 0.673    -1.511    -0.955     2.117     0.913
 51     Kbar0    -311 [38] (73)   
                                -0.001    -0.885    -0.432     1.103     0.498
 52       pi0     111 [38] (76,77)   
                                 0.039    -0.115     0.256     0.314     0.135
------------------------------------------------------------------------------
     Sum of momenta:            -3e-05    -3e-05    -3e-05      18.6      18.6
------------------------------------------------------------------------------
Step 4 performed by DecayHandler
--- intermediates:
 53     Kbar0    -311 [40] (55)   
                                 0.327     0.774     1.729     1.986     0.498
 55      K_S0     310 [53] (56,57)   
                                 0.327     0.774     1.729     1.986     0.498
 58     Kbar0    -311 [41] (60)   
                                 0.571     0.382     1.086     1.378     0.498
 70       pi0     111 [50] (71,72)   
                                 0.505    -1.006    -0.398     1.202     0.135
 73      K_S0     310 [51] (74,75)   
                                -0.001    -0.885    -0.432     1.103     0.498
--- final:
 39        K+     321 [32]    
                                -0.394     0.419     0.107     0.766     0.494
 42        K+     321 [34]    
                                -0.585     0.751     1.132     1.559     0.494
 43       pi+     211 [33]    
                                 0.222    -0.427    -0.466     0.684     0.140
 46       pi-    -211 [35]    
                                -0.145     0.464    -0.323     0.600     0.140
 49        K-    -321 [36]    
                                 0.186    -0.239    -0.372     0.689     0.494
 54       pi-    -211 [40]    
                                -0.275     0.680     1.539     1.711     0.140
 56       pi+     211 [55]    
                                 0.008     0.472     0.677     0.837     0.140
 57       pi-    -211 [55]    
                                 0.319     0.302     1.052     1.149     0.140
 59       pi-    -211 [41]    
                                 0.091    -0.113     0.391     0.440     0.140
 60      K_L0     130 [58]    
                                 0.571     0.382     1.086     1.378     0.498
 61        K+     321 [44]    
                                 0.500    -0.456    -0.872     1.209     0.494
 62       pi-    -211 [44]    
                                 0.250     0.223    -0.323     0.486     0.140
 63     gamma      22 [45]    
                                -0.120    -0.074    -0.005     0.141     0.000
 64     gamma      22 [45]    
                                -0.192    -0.066     0.157     0.256     0.000
 65     gamma      22 [47]    
                                -0.149     0.115    -0.148     0.240     0.000
 66     gamma      22 [47]    
                                 0.021     0.003     0.007     0.022     0.000
 67       pi+     211 [48]    
                                -1.025    -0.010    -2.522     2.726     0.140
 68       pi-    -211 [48]    
                                 0.005     0.085     0.015     0.164     0.140
 69        K+     321 [50]    
                                 0.168    -0.505    -0.558     0.915     0.494
 71     gamma      22 [70]    
                                 0.160    -0.441    -0.124     0.485     0.000
 72     gamma      22 [70]    
                                 0.345    -0.566    -0.273     0.717     0.000
 74       pi+     211 [73]    
                                -0.091    -0.074    -0.035     0.185     0.140
 75       pi-    -211 [73]    
                                 0.090    -0.811    -0.397     0.918     0.140
 76     gamma      22 [52]    
                                 0.083    -0.047     0.177     0.200     0.000
 77     gamma      22 [52]    
                                -0.044    -0.068     0.080     0.113     0.000
------------------------------------------------------------------------------
     Sum of momenta:            -3e-05    -3e-05    -3e-05      18.6      18.6

The following exception classes were reported in this run:
ThePEG::EventHandler::ConsistencyException warning (1 times)
ThePEG::LesHouchesReader::LesHouchesReopenWarning warning (1 times)
