>>>>>>>>>>>>>>>>>>>>>>>>>>>>>>>>>>>>>>>>>>>>>>>>>>>>>>>>>>>>>>>>>>>>>>>>>>>>>>
>>>> Toolkit for HEP Event Generation - ThePEG 2.2.0 <<<<<<<<<<<<<<<<<<<<<<<<<
>>>> Tue Jun 30 01:01:24 2020                                             <<<<
<<<<<<<<<<<<<<<<<<<<<<<<<<<<<<<<<<<<<<<<<<<<<<<<<<<<<<<<<<<<<<<<<<<<<<<<<<<<<<

>> Herwig 7.2.0 / ThePEG 2.2.0

/Herwig/EventHandlers/NoCuts:
MHat  = 2 .. 29.246 GeV
Scale = 0 .. 1e+12 GeV2
YHat  = -100 .. 100
X1    = 0 .. 1
X2    = 0 .. 1

* A warning exception of type ThePEG::LesHouchesReader::LesHouchesReopenWarning occurred while generating event number 1: 
Reopening LesHouchesReader 'myReader' after accessing 2 events out of 1
* A warning exception of type ThePEG::EventHandler::ConsistencyException occurred while generating event number 1: 
Event handler 'myLesHouchesHandler' found energy-momentum non-conservation by (-3e-05,-4e-05,-3e-05;1.99985e-05) GeV after generating step number 4.

******************************************************************************
Event number 1 (id: ./OUTPUT/0.95MB1.05/1513012799/TMP/Cluster_HERWIGOutput_33) performed by myLesHouchesHandler
Weight: 1
==============================================================================

--- Colliding particles:
  1        e-      11  (3)   
                                 7.311     0.000     0.000     7.312     0.000
  2        e+     -11  (3)   
                                -7.311     0.000     0.000     7.311     0.000
------------------------------------------------------------------------------
Primary sub-process performed by myReader
--- incoming:
  1        e-      11  (3)   
                                 7.311     0.000     0.000     7.312     0.000
  2        e+     -11  (3)   
                                -7.311     0.000     0.000     7.311     0.000
--- intermediates:
  3     gamma      22 [1,2] (4..8)   
                                 0.000     0.000     0.000    14.623    14.623
--- outgoing:
  4         g      21 [3] (9)  5>>8 {+1,-2}
                                -0.283     1.184     0.306     1.255     0.000
  5         g      21 [3] (10)  6>>4 {+2,-3}
                                 1.711    -3.539    -1.175     4.103     0.000
  6         g      21 [3] (11)  7>>5 {+3,-4}
                                -0.097    -0.538     1.371     1.476     0.000
  7         g      21 [3] (12)  8>>6 {+4,-5}
                                -1.507     4.002     2.239     4.827     0.000
  8         g      21 [3] (13)  4>>7 {+5,-1}
                                 0.176    -1.108    -2.741     2.962     0.000
------------------------------------------------------------------------------
Step 1 performed by myLesHouchesHandler
--- intermediates:
  1        e-      11  (3)   
                                 7.311     0.000     0.000     7.312     0.000
  2        e+     -11  (3)   
                                -7.311     0.000     0.000     7.311     0.000
  3     gamma      22 [1,2] (4..8)   
                                 0.000     0.000     0.000    14.623    14.623
--- final:
  4         g      21 [3] (9)  5>>8 {+1,-2}
                                -0.283     1.184     0.306     1.255     0.000
  5         g      21 [3] (10)  6>>4 {+2,-3}
                                 1.711    -3.539    -1.175     4.103     0.000
  6         g      21 [3] (11)  7>>5 {+3,-4}
                                -0.097    -0.538     1.371     1.476     0.000
  7         g      21 [3] (12)  8>>6 {+4,-5}
                                -1.507     4.002     2.239     4.827     0.000
  8         g      21 [3] (13)  4>>7 {+5,-1}
                                 0.176    -1.108    -2.741     2.962     0.000
------------------------------------------------------------------------------
     Sum of momenta:            -4e-05    -4e-05    -3e-05      14.6      14.6
------------------------------------------------------------------------------
Step 2 performed by ShowerHandler
--- final:
  9         g      21 [4] (14,15)  10>>13 {+1,-2}
                                -0.264     1.102     0.285     1.506     0.950
 10         g      21 [5] (16,17)  11>>9 {+2,-3}
                                 1.593    -3.295    -1.094     3.937     0.950
 11         g      21 [6] (18,19)  12>>10 {+3,-4}
                                -0.091    -0.501     1.276     1.670     0.950
 12         g      21 [7] (20,21)  13>>11 {+4,-5}
                                -1.403     3.726     2.084     4.593     0.950
 13         g      21 [8] (22,23)  9>>12 {+5,-1}
                                 0.164    -1.032    -2.552     2.917     0.950
------------------------------------------------------------------------------
     Sum of momenta:            -4e-05    -4e-05    -3e-05      14.6      14.6
------------------------------------------------------------------------------
Step 3 performed by ClusterHadHandler
--- intermediates:
 14         s       3 [9] (26)   {+1}
                                -0.267     0.482     0.107     0.719     0.450
 15      sbar      -3 [9] (24)   {-2}
                                 0.003     0.620     0.179     0.787     0.450
 16         s       3 [10] (25)   {+2}
                                 0.575    -1.210    -0.502     1.500     0.450
 17      sbar      -3 [10] (28)   {-3}
                                 1.018    -2.085    -0.592     2.437     0.450
 18         d       1 [11] (27)   {+3}
                                -0.089    -0.538     1.161     1.324     0.325
 19      dbar      -1 [11] (25)   {-4}
                                -0.001     0.038     0.115     0.347     0.325
 20         u       2 [12] (24)   {+4}
                                -0.122     0.524     0.293     0.693     0.325
 21      ubar      -2 [12] (27)   {-5}
                                -1.281     3.202     1.792     3.900     0.325
 22         s       3 [13] (28)   {+5}
                                -0.002    -0.556    -1.060     1.279     0.450
 23      sbar      -3 [13] (26)   {-1}
                                 0.166    -0.476    -1.492     1.638     0.450
 24   Cluster      81 [15,20] (29,30)   
                                -0.119     1.144     0.471     1.480     0.803
 25   Cluster      81 [16,19] (33,34)   
                                 0.574    -1.173    -0.387     1.847     1.247
 26   Cluster      81 [14,23] (31,32)   
                                -0.101     0.006    -1.386     2.357     1.904
 27   Cluster      81 [18,21] (35,36)   
                                -1.370     2.664     2.953     5.224     3.098
 28   Cluster      81 [17,22] (37,38)   
                                 1.017    -2.641    -1.652     3.715     1.751
--- final:
 29       pi0     111 [24] (39,40)   
                                -0.086     0.051    -0.045     0.174     0.135
 30        K+     321 [24]    
                                -0.033     1.092     0.516     1.305     0.494
 31     Kbar0    -311 [26] (41)   
                                -0.050    -0.052    -1.403     1.490     0.498
 32       K*0     313 [26] (44,45)   
                                -0.051     0.058     0.017     0.867     0.863
 33       K*-    -323 [25] (46,47)   
                                 0.640    -0.938    -0.505     1.542     0.913
 34       pi+     211 [25]    
                                -0.066    -0.234     0.118     0.304     0.140
 35    rho_3-    -217 [27] (51,52)   
                                -0.319     0.828     1.472     2.526     1.851
 36     omega     223 [27] (62,63)   
                                -1.052     1.836     1.481     2.698     0.780
 37       eta     221 [28] (68..70)   
                                 0.791    -2.368    -1.686     3.062     0.548
 38       eta     221 [28] (73,74)   
                                 0.226    -0.273     0.035     0.653     0.548
------------------------------------------------------------------------------
     Sum of momenta:            -4e-05    -4e-05    -3e-05      14.6      14.6
------------------------------------------------------------------------------
Step 4 performed by DecayHandler
--- intermediates:
 41      K_S0     310 [31] (42,43)   
                                -0.050    -0.052    -1.403     1.490     0.498
 46     Kbar0    -311 [33] (48)   
                                 0.471    -1.003    -0.341     1.261     0.498
 48      K_S0     310 [46] (49,50)   
                                 0.471    -1.003    -0.341     1.261     0.498
 51      a_2-    -215 [35] (53,54)   
                                 0.153     0.750     1.309     2.004     1.310
 52       pi0     111 [35] (60,61)   
                                -0.471     0.078     0.163     0.523     0.135
 53       eta     221 [51] (55..57)   
                                 0.184     1.019     0.830     1.436     0.548
 57       pi0     111 [53] (58,59)   
                                -0.023     0.162     0.120     0.244     0.135
 62      rho0     113 [36] (64,65)   
                                -0.533     1.153     1.117     1.757     0.474
 63       pi0     111 [36] (66,67)   
                                -0.518     0.682     0.364     0.941     0.135
 70       pi0     111 [37] (71,72)   
                                 0.163    -0.723    -0.567     0.943     0.135
--- final:
 30        K+     321 [24]    
                                -0.033     1.092     0.516     1.305     0.494
 34       pi+     211 [25]    
                                -0.066    -0.234     0.118     0.304     0.140
 39     gamma      22 [29]    
                                -0.100    -0.014    -0.025     0.104     0.000
 40     gamma      22 [29]    
                                 0.014     0.065    -0.021     0.070     0.000
 42       pi+     211 [41]    
                                -0.040    -0.210    -0.480     0.543     0.140
 43       pi-    -211 [41]    
                                -0.010     0.158    -0.923     0.947     0.140
 44        K+     321 [32]    
                                 0.193    -0.102    -0.030     0.540     0.494
 45       pi-    -211 [32]    
                                -0.244     0.160     0.047     0.327     0.140
 47       pi-    -211 [33]    
                                 0.169     0.064    -0.164     0.281     0.140
 49       pi+     211 [48]    
                                 0.246    -0.266     0.040     0.390     0.140
 50       pi-    -211 [48]    
                                 0.224    -0.737    -0.382     0.871     0.140
 54       pi-    -211 [51]    
                                -0.031    -0.269     0.479     0.568     0.140
 55       pi+     211 [53]    
                                 0.005     0.525     0.380     0.663     0.140
 56       pi-    -211 [53]    
                                 0.203     0.332     0.330     0.529     0.140
 58     gamma      22 [57]    
                                -0.036     0.184     0.109     0.217     0.000
 59     gamma      22 [57]    
                                 0.013    -0.021     0.011     0.027     0.000
 60     gamma      22 [52]    
                                -0.013     0.001    -0.019     0.023     0.000
 61     gamma      22 [52]    
                                -0.459     0.077     0.182     0.499     0.000
 64       pi+     211 [62]    
                                -0.143     0.725     0.716     1.039     0.140
 65       pi-    -211 [62]    
                                -0.391     0.428     0.401     0.719     0.140
 66     gamma      22 [63]    
                                -0.189     0.356     0.152     0.431     0.000
 67     gamma      22 [63]    
                                -0.329     0.326     0.212     0.510     0.000
 68       pi+     211 [37]    
                                 0.264    -0.688    -0.613     0.969     0.140
 69       pi-    -211 [37]    
                                 0.363    -0.957    -0.506     1.150     0.140
 71     gamma      22 [70]    
                                 0.170    -0.699    -0.512     0.883     0.000
 72     gamma      22 [70]    
                                -0.006    -0.024    -0.055     0.060     0.000
 73     gamma      22 [38]    
                                 0.277    -0.410    -0.021     0.496     0.000
 74     gamma      22 [38]    
                                -0.052     0.137     0.056     0.157     0.000
------------------------------------------------------------------------------
     Sum of momenta:            -4e-05    -4e-05    -3e-05      14.6      14.6

The following exception classes were reported in this run:
ThePEG::EventHandler::ConsistencyException warning (1 times)
ThePEG::LesHouchesReader::LesHouchesReopenWarning warning (1 times)
