>>>>>>>>>>>>>>>>>>>>>>>>>>>>>>>>>>>>>>>>>>>>>>>>>>>>>>>>>>>>>>>>>>>>>>>>>>>>>>
>>>> Toolkit for HEP Event Generation - ThePEG 2.2.0 <<<<<<<<<<<<<<<<<<<<<<<<<
>>>> Tue Jun 30 00:32:16 2020                                             <<<<
<<<<<<<<<<<<<<<<<<<<<<<<<<<<<<<<<<<<<<<<<<<<<<<<<<<<<<<<<<<<<<<<<<<<<<<<<<<<<<

>> Herwig 7.2.0 / ThePEG 2.2.0

/Herwig/EventHandlers/NoCuts:
MHat  = 2 .. 13.1193 GeV
Scale = 0 .. 1e+12 GeV2
YHat  = -100 .. 100
X1    = 0 .. 1
X2    = 0 .. 1

* A warning exception of type ThePEG::LesHouchesReader::LesHouchesReopenWarning occurred while generating event number 1: 
Reopening LesHouchesReader 'myReader' after accessing 2 events out of 1
* A warning exception of type ThePEG::EventHandler::ConsistencyException occurred while generating event number 1: 
Event handler 'myLesHouchesHandler' found energy-momentum non-conservation by (-1e-05,-2e-05,-2e-05;-6.15122e-10) GeV after generating step number 4.

******************************************************************************
Event number 1 (id: ./OUTPUT/0.95MB1.05/1515259493/TMP/Cluster_HERWIGOutput_20) performed by myLesHouchesHandler
Weight: 1
==============================================================================

--- Colliding particles:
  1        e-      11  (3)   
                                 3.280     0.000     0.000     3.280     0.000
  2        e+     -11  (3)   
                                -3.280     0.000    -0.000     3.280     0.000
------------------------------------------------------------------------------
Primary sub-process performed by myReader
--- incoming:
  1        e-      11  (3)   
                                 3.280     0.000     0.000     3.280     0.000
  2        e+     -11  (3)   
                                -3.280     0.000    -0.000     3.280     0.000
--- intermediates:
  3     gamma      22 [1,2] (4..7)   
                                -0.000     0.000     0.000     6.560     6.560
--- outgoing:
  4         g      21 [3] (8)  5>>7 {+1,-2}
                                 0.650     0.783     0.676     1.222     0.000
  5         g      21 [3] (9)  6>>4 {+2,-3}
                                 0.442     0.842     0.631     1.141     0.000
  6         g      21 [3] (10)  7>>5 {+3,-4}
                                 0.659     0.722    -0.709     1.208     0.000
  7         g      21 [3] (11)  4>>6 {+4,-1}
                                -1.751    -2.347    -0.598     2.989     0.000
------------------------------------------------------------------------------
Step 1 performed by myLesHouchesHandler
--- intermediates:
  1        e-      11  (3)   
                                 3.280     0.000     0.000     3.280     0.000
  2        e+     -11  (3)   
                                -3.280     0.000    -0.000     3.280     0.000
  3     gamma      22 [1,2] (4..7)   
                                -0.000     0.000     0.000     6.560     6.560
--- final:
  4         g      21 [3] (8)  5>>7 {+1,-2}
                                 0.650     0.783     0.676     1.222     0.000
  5         g      21 [3] (9)  6>>4 {+2,-3}
                                 0.442     0.842     0.631     1.141     0.000
  6         g      21 [3] (10)  7>>5 {+3,-4}
                                 0.659     0.722    -0.709     1.208     0.000
  7         g      21 [3] (11)  4>>6 {+4,-1}
                                -1.751    -2.347    -0.598     2.989     0.000
------------------------------------------------------------------------------
     Sum of momenta:            -2e-05    -2e-05    -2e-05      6.56      6.56
------------------------------------------------------------------------------
Step 2 performed by ShowerHandler
--- final:
  8         g      21 [4] (12,13)  9>>11 {+1,-2}
                                 0.514     0.620     0.535     1.355     0.950
  9         g      21 [5] (14,15)  10>>8 {+2,-3}
                                 0.350     0.665     0.499     1.310     0.950
 10         g      21 [6] (16,17)  11>>9 {+3,-4}
                                 0.521     0.571    -0.561     1.347     0.950
 11         g      21 [7] (18,19)  8>>10 {+4,-1}
                                -1.385    -1.856    -0.473     2.547     0.950
------------------------------------------------------------------------------
     Sum of momenta:            -2e-05    -2e-05    -2e-05      6.56      6.56
------------------------------------------------------------------------------
Step 3 performed by ClusterHadHandler
--- intermediates:
 12         d       1 [8] (23)   {+1}
                                 0.180    -0.010     0.425     0.564     0.325
 13      dbar      -1 [8] (20)   {-2}
                                 0.334     0.629     0.110     0.791     0.325
 14         d       1 [9] (20)   {+2}
                                -0.030    -0.032     0.021     0.329     0.325
 15      dbar      -1 [9] (23)   {-3}
                                 0.380     0.697     0.477     0.981     0.325
 16         s       3 [10] (22)   {+3}
                                 0.142     0.324    -0.368     0.680     0.450
 17      sbar      -3 [10] (21)   {-4}
                                 0.379     0.248    -0.193     0.667     0.450
 18         d       1 [11] (21)   {+4}
                                -0.779    -1.160    -0.611     1.559     0.325
 19      dbar      -1 [11] (22)   {-1}
                                -0.606    -0.696     0.138     0.988     0.325
 20   Cluster      81 [13,14] (26,27)   
                                 0.304     0.598     0.131     1.119     0.886
 21   Cluster      81 [17,18] (28,29)   
                                -0.400    -0.912    -0.804     2.226     1.822
 22   Cluster      81 [16,19] (30,31)   
                                -0.464    -0.373    -0.230     1.668     1.541
 23   Cluster      81 [12,15] (24,25)   
                                 0.560     0.687     0.902     1.546     0.889
--- final:
 24       pi-    -211 [23]    
                                -0.211     0.098     0.147     0.308     0.140
 25       pi+     211 [23]    
                                 0.771     0.589     0.756     1.238     0.140
 26       pi0     111 [20] (32,33)   
                                 0.029     0.191     0.283     0.368     0.135
 27       eta     221 [20] (34,35)   
                                 0.275     0.406    -0.152     0.751     0.548
 28     K'_1+   20323 [21] (36,37)   
                                -0.230    -0.826    -0.914     1.965     1.514
 29       pi-    -211 [21]    
                                -0.170    -0.087     0.110     0.261     0.140
 30       phi     333 [22] (40,41)   
                                -0.263    -0.255    -0.270     1.117     1.020
 31     Kbar0    -311 [22] (46)   
                                -0.200    -0.118     0.041     0.551     0.498
------------------------------------------------------------------------------
     Sum of momenta:            -2e-05    -2e-05    -2e-05      6.56      6.56
------------------------------------------------------------------------------
Step 4 performed by DecayHandler
--- intermediates:
 36       K*0     313 [28] (38,39)   
                                 0.227    -0.495    -0.710     1.349     1.010
 40      rho-    -213 [30] (42,43)   
                                -0.226     0.056    -0.085     0.728     0.684
 42       pi0     111 [40] (44,45)   
                                -0.059     0.201     0.215     0.330     0.135
 46      K_S0     310 [31] (47,48)   
                                -0.200    -0.118     0.041     0.551     0.498
 47       pi0     111 [46] (49,50)   
                                -0.049    -0.089    -0.182     0.248     0.135
 48       pi0     111 [46] (51,52)   
                                -0.151    -0.028     0.222     0.302     0.135
--- final:
 24       pi-    -211 [23]    
                                -0.211     0.098     0.147     0.308     0.140
 25       pi+     211 [23]    
                                 0.771     0.589     0.756     1.238     0.140
 29       pi-    -211 [21]    
                                -0.170    -0.087     0.110     0.261     0.140
 32     gamma      22 [26]    
                                 0.078     0.091     0.183     0.218     0.000
 33     gamma      22 [26]    
                                -0.049     0.100     0.101     0.150     0.000
 34     gamma      22 [27]    
                                -0.057     0.183    -0.272     0.333     0.000
 35     gamma      22 [27]    
                                 0.332     0.223     0.120     0.418     0.000
 37       pi+     211 [28]    
                                -0.457    -0.331    -0.204     0.616     0.140
 38        K+     321 [36]    
                                 0.315     0.001    -0.199     0.619     0.494
 39       pi-    -211 [36]    
                                -0.088    -0.496    -0.510     0.730     0.140
 41       pi+     211 [30]    
                                -0.037    -0.311    -0.185     0.389     0.140
 43       pi-    -211 [40]    
                                -0.167    -0.146    -0.300     0.398     0.140
 44     gamma      22 [42]    
                                -0.041     0.007     0.003     0.041     0.000
 45     gamma      22 [42]    
                                -0.019     0.195     0.212     0.288     0.000
 49     gamma      22 [47]    
                                -0.085    -0.016    -0.083     0.120     0.000
 50     gamma      22 [47]    
                                 0.036    -0.074    -0.099     0.129     0.000
 51     gamma      22 [48]    
                                -0.005     0.004     0.122     0.123     0.000
 52     gamma      22 [48]    
                                -0.146    -0.032     0.100     0.180     0.000
------------------------------------------------------------------------------
     Sum of momenta:            -2e-05    -2e-05    -2e-05      6.56      6.56

The following exception classes were reported in this run:
ThePEG::EventHandler::ConsistencyException warning (1 times)
ThePEG::LesHouchesReader::LesHouchesReopenWarning warning (1 times)
