>>>>>>>>>>>>>>>>>>>>>>>>>>>>>>>>>>>>>>>>>>>>>>>>>>>>>>>>>>>>>>>>>>>>>>>>>>>>>>
>>>> Toolkit for HEP Event Generation - ThePEG 2.2.0 <<<<<<<<<<<<<<<<<<<<<<<<<
>>>> Tue Jun 30 00:24:38 2020                                             <<<<
<<<<<<<<<<<<<<<<<<<<<<<<<<<<<<<<<<<<<<<<<<<<<<<<<<<<<<<<<<<<<<<<<<<<<<<<<<<<<<

>> Herwig 7.2.0 / ThePEG 2.2.0

/Herwig/EventHandlers/NoCuts:
MHat  = 2 .. 62.6807 GeV
Scale = 0 .. 1e+12 GeV2
YHat  = -100 .. 100
X1    = 0 .. 1
X2    = 0 .. 1

* A warning exception of type ThePEG::LesHouchesReader::LesHouchesReopenWarning occurred while generating event number 1: 
Reopening LesHouchesReader 'myReader' after accessing 2 events out of 1
* A warning exception of type ThePEG::EventHandler::ConsistencyException occurred while generating event number 1: 
Event handler 'myLesHouchesHandler' found energy-momentum non-conservation by (-2e-05,-2e-05,-2e-05;1.99968e-05) GeV after generating step number 4.

******************************************************************************
Event number 1 (id: ./OUTPUT/0.95MB1.05/1512903328/TMP/Cluster_HERWIGOutput_11) performed by myLesHouchesHandler
Weight: 1
==============================================================================

--- Colliding particles:
  1        e-      11  (3)   
                                15.670     0.000     0.000    15.670     0.000
  2        e+     -11  (3)   
                               -15.670     0.000     0.000    15.670     0.000
------------------------------------------------------------------------------
Primary sub-process performed by myReader
--- incoming:
  1        e-      11  (3)   
                                15.670     0.000     0.000    15.670     0.000
  2        e+     -11  (3)   
                               -15.670     0.000     0.000    15.670     0.000
--- intermediates:
  3     gamma      22 [1,2] (4..8)   
                                 0.000     0.000     0.000    31.340    31.340
--- outgoing:
  4         g      21 [3] (9)  5>>8 {+1,-2}
                                 7.165    -1.198     1.755     7.474     0.000
  5         g      21 [3] (14)  6>>4 {+2,-3}
                                -3.748    -0.439    -0.604     3.822     0.000
  6         g      21 [3] (15)  7>>5 {+3,-4}
                                 0.939     5.660     3.124     6.533     0.000
  7         g      21 [3] (18)  8>>6 {+4,-5}
                                 0.876    -1.800     3.408     3.953     0.000
  8         g      21 [3] (21)  4>>7 {+5,-1}
                                -5.232    -2.223    -7.684     9.558     0.000
------------------------------------------------------------------------------
Step 1 performed by myLesHouchesHandler
--- intermediates:
  1        e-      11  (3)   
                                15.670     0.000     0.000    15.670     0.000
  2        e+     -11  (3)   
                               -15.670     0.000     0.000    15.670     0.000
  3     gamma      22 [1,2] (4..8)   
                                 0.000     0.000     0.000    31.340    31.340
--- final:
  4         g      21 [3] (9)  5>>8 {+1,-2}
                                 7.165    -1.198     1.755     7.474     0.000
  5         g      21 [3] (14)  6>>4 {+2,-3}
                                -3.748    -0.439    -0.604     3.822     0.000
  6         g      21 [3] (15)  7>>5 {+3,-4}
                                 0.939     5.660     3.124     6.533     0.000
  7         g      21 [3] (18)  8>>6 {+4,-5}
                                 0.876    -1.800     3.408     3.953     0.000
  8         g      21 [3] (21)  4>>7 {+5,-1}
                                -5.232    -2.223    -7.684     9.558     0.000
------------------------------------------------------------------------------
     Sum of momenta:            -2e-05    -2e-05    -2e-05      31.3      31.3
------------------------------------------------------------------------------
Step 2 performed by ShowerHandler
--- intermediates:
  9         g      21 [4] (10,13)   {+1,-2}
                                 6.406    -1.071     1.569     8.061     4.510
 10         g      21 [9] (11,12)   {+6,-2}
                                 4.788    -0.215     2.116     5.927     2.773
 15         g      21 [6] (16,17)   {+3,-4}
                                 0.840     5.061     2.793     6.235     2.180
 18         g      21 [7] (19,20)   {+4,-5}
                                 0.783    -1.610     3.047     4.899     3.393
--- final:
 11         g      21 [10] (28,29)  14>>12 {+7,-2}
                                 2.730    -0.666     0.286     2.980     0.950
 12         g      21 [10] (30,31)  11>>13 {+6,-7}
                                 2.058     0.451     1.829     2.947     0.950
 13         g      21 [9] (26,27)  12>>21 {+1,-6}
                                 1.619    -0.856    -0.546     2.134     0.950
 14         g      21 [5] (22,23)  16>>11 {+2,-3}
                                -3.351    -0.393    -0.540     3.547     0.950
 16         d       1 [15] (39)  >14 {+3}
                                -0.479     2.993     1.961     3.624     0.325
 17      dbar      -1 [15] (41)  19> {-4}
                                 1.318     2.068     0.833     2.610     0.325
 19         g      21 [18] (32,33)  20>>17 {+4,-8}
                                 0.454    -0.158    -0.308     1.108     0.950
 20         g      21 [18] (34,35)  21>>19 {+8,-5}
                                 0.329    -1.451     3.355     3.791     0.950
 21         g      21 [8] (24,25)  13>>20 {+5,-1}
                                -4.678    -1.987    -6.870     8.598     0.950
------------------------------------------------------------------------------
     Sum of momenta:            -2e-05    -2e-05    -2e-05      31.3      31.3
------------------------------------------------------------------------------
Step 3 performed by ClusterHadHandler
--- intermediates:
 22         u       2 [14] (39)   {+2}
                                -1.398     0.150    -0.097     1.446     0.325
 23      ubar      -2 [14] (38)   {-3}
                                -1.953    -0.543    -0.442     2.100     0.325
 24         d       1 [21] (39)   {+5}
                                -3.613    -1.259    -5.067     6.358     0.325
 25      dbar      -1 [21] (36)   {-1}
                                -1.065    -0.728    -1.802     2.240     0.325
 26         u       2 [13] (36)   {+1}
                                 0.738    -0.515    -0.608     1.134     0.325
 27      ubar      -2 [13] (42)   {-6}
                                 0.880    -0.342     0.061     1.001     0.325
 28         s       3 [11] (37)   {+7}
                                 1.310    -0.168     0.156     1.404     0.450
 29      sbar      -3 [11] (40)   {-2}
                                 1.420    -0.498     0.131     1.576     0.450
 30         d       1 [12] (42)   {+6}
                                 0.993     0.510     1.183     1.658     0.325
 31      dbar      -1 [12] (40)   {-7}
                                 1.065    -0.059     0.647     1.289     0.325
 32         s       3 [19] (41)   {+4}
                                 0.175    -0.172    -0.265     0.577     0.450
 33      sbar      -3 [19] (37)   {-8}
                                 0.279     0.014    -0.043     0.531     0.450
 34         d       1 [20] (38)   {+8}
                                 0.249    -1.177     1.891     2.265     0.325
 35      dbar      -1 [20] (40)   {-5}
                                 0.081    -0.275     1.464     1.526     0.325
 36   Cluster      81 [25,26] (51,52)   
                                -0.327    -1.243    -2.410     3.374     1.980
 37   Cluster      81 [28,33] (49,50)   
                                 1.589    -0.154     0.113     1.935     1.088
 38   Cluster      81 [23,34] (53,54)   
                                -1.705    -1.720     1.449     4.365     3.330
 39   Cluster      81 [16,22,24] (44)   
                                -5.490     1.884    -3.204    11.429     9.309
 40   Cluster      81 [29,31,35] (43)   
                                 2.566    -0.832     2.241     4.392     2.644
 41   Cluster      81 [17,32] (57,58)   
                                 1.493     1.896     0.568     3.187     2.003
 42   Cluster      81 [27,30] (55,56)   
                                 1.873     0.169     1.244     2.659     1.409
 43   Cluster      81 [40] (59,60)   
                                 2.566    -0.832     2.241     4.392     2.644
 44   Cluster      81 [39] (45,46)   
                                -5.490     1.884    -3.204    11.429     9.309
 45   Cluster      81 [44] (61,62)   
                                -1.321     2.398     0.769     4.557     3.561
 46   Cluster      81 [44] (47,48)   
                                -4.169    -0.514    -3.973     6.871     3.713
 47   Cluster      81 [46] (63,64)   
                                -2.677    -0.738    -2.875     4.274     1.513
 48   Cluster      81 [46] (65,66)   
                                -1.491     0.224    -1.098     2.597     1.807
--- final:
 49        K-    -321 [37]    
                                 0.621    -0.186    -0.120     0.823     0.494
 50        K+     321 [37]    
                                 0.969     0.032     0.233     1.112     0.494
 51      rho0     113 [36] (67,68)   
                                -0.131    -1.507    -1.057     1.974     0.701
 52       pi+     211 [36]    
                                -0.196     0.264    -1.353     1.400     0.140
 53     rho'0  100113 [38] (69,70)   
                                -2.185    -1.135     1.628     3.321     1.523
 54      a_1-  -20213 [38] (79,80)   
                                 0.480    -0.584    -0.179     1.044     0.697
 55       pi-    -211 [42]    
                                 0.089    -0.019     0.607     0.630     0.140
 56      rho0     113 [42] (87,88)   
                                 1.784     0.188     0.637     2.029     0.702
 57     Kbar0    -311 [41] (89)   
                                 0.391     1.093    -0.423     1.332     0.498
 58      rho0     113 [41] (96,97)   
                                 1.103     0.803     0.991     1.855     0.774
 59      rho+     213 [43] (98,99)   
                                 0.599     0.284     0.458     1.111     0.765
 60Lambdabar(1600)0  -23122 [43] (102,103)   
                                 1.966    -1.116     1.783     3.280     1.571
 61    Delta+    2214 [45] (104,105)   
                                -0.119     1.869     0.058     2.215     1.182
 62Sigmabar(1750)-  -23222 [45] (106,107)   
                                -1.202     0.529     0.711     2.342     1.804
 63        p+    2212 [47]    
                                -2.584    -0.805    -2.305     3.677     0.938
 64       pi-    -211 [47]    
                                -0.093     0.066    -0.569     0.597     0.140
 65       K*-    -323 [48] (109,110)   
                                -0.997     0.385    -0.383     1.517     1.005
 66      rho+     213 [48] (114,115)   
                                -0.494    -0.161    -0.715     1.081     0.622
------------------------------------------------------------------------------
     Sum of momenta:            -2e-05    -2e-05    -2e-05      31.3      31.3
------------------------------------------------------------------------------
Step 4 performed by DecayHandler
--- intermediates:
 69      rho+     213 [53] (71,72)   
                                -0.850    -0.347     0.624     1.330     0.734
 70      rho-    -213 [53] (75,76)   
                                -1.335    -0.788     1.004     1.991     0.743
 71       pi0     111 [69] (73,74)   
                                 0.076    -0.130     0.184     0.273     0.135
 75       pi0     111 [70] (77,78)   
                                -0.558    -0.667     0.740     1.149     0.135
 79      rho-    -213 [54] (81,82)   
                                 0.301    -0.246    -0.242     0.633     0.437
 80       pi0     111 [54] (85,86)   
                                 0.179    -0.338     0.063     0.411     0.135
 81       pi0     111 [79] (83,84)   
                                 0.072    -0.153     0.054     0.223     0.135
 89      K_S0     310 [57] (90,91)   
                                 0.391     1.093    -0.423     1.332     0.498
 90       pi0     111 [89] (92,93)   
                                 0.287     0.265    -0.089     0.423     0.135
 91       pi0     111 [89] (94,95)   
                                 0.103     0.829    -0.334     0.909     0.135
 98       pi0     111 [59] (100,101)   
                                -0.129     0.189     0.127     0.294     0.135
107        K0     311 [62] (108)   
                                -0.340    -0.337     0.244     0.732     0.498
109     Kbar0    -311 [65] (111)   
                                -0.674    -0.073    -0.415     0.938     0.498
111      K_S0     310 [109] (112,113)   
                                -0.674    -0.073    -0.415     0.938     0.498
114       pi0     111 [66] (116,117)   
                                -0.083    -0.306    -0.230     0.414     0.135
--- final:
 49        K-    -321 [37]    
                                 0.621    -0.186    -0.120     0.823     0.494
 50        K+     321 [37]    
                                 0.969     0.032     0.233     1.112     0.494
 52       pi+     211 [36]    
                                -0.196     0.264    -1.353     1.400     0.140
 55       pi-    -211 [42]    
                                 0.089    -0.019     0.607     0.630     0.140
 63        p+    2212 [47]    
                                -2.584    -0.805    -2.305     3.677     0.938
 64       pi-    -211 [47]    
                                -0.093     0.066    -0.569     0.597     0.140
 67       pi+     211 [51]    
                                -0.174    -0.222    -0.440     0.541     0.140
 68       pi-    -211 [51]    
                                 0.043    -1.286    -0.617     1.433     0.140
 72       pi+     211 [69]    
                                -0.926    -0.217     0.440     1.057     0.140
 73     gamma      22 [71]    
                                -0.006    -0.115     0.131     0.175     0.000
 74     gamma      22 [71]    
                                 0.082    -0.015     0.053     0.099     0.000
 76       pi-    -211 [70]    
                                -0.777    -0.121     0.264     0.841     0.140
 77     gamma      22 [75]    
                                -0.083    -0.062     0.044     0.113     0.000
 78     gamma      22 [75]    
                                -0.475    -0.605     0.695     1.036     0.000
 82       pi-    -211 [79]    
                                 0.228    -0.093    -0.296     0.410     0.140
 83     gamma      22 [81]    
                                -0.036    -0.076     0.022     0.087     0.000
 84     gamma      22 [81]    
                                 0.108    -0.077     0.032     0.137     0.000
 85     gamma      22 [80]    
                                 0.175    -0.252     0.091     0.319     0.000
 86     gamma      22 [80]    
                                 0.004    -0.087    -0.028     0.091     0.000
 87       pi+     211 [56]    
                                 0.134     0.147    -0.027     0.245     0.140
 88       pi-    -211 [56]    
                                 1.650     0.041     0.664     1.784     0.140
 92     gamma      22 [90]    
                                 0.084     0.024    -0.061     0.106     0.000
 93     gamma      22 [90]    
                                 0.203     0.241    -0.029     0.316     0.000
 94     gamma      22 [91]    
                                -0.024     0.049    -0.009     0.056     0.000
 95     gamma      22 [91]    
                                 0.127     0.779    -0.325     0.854     0.000
 96       pi+     211 [58]    
                                 0.382     0.120     0.687     0.807     0.140
 97       pi-    -211 [58]    
                                 0.721     0.683     0.304     1.048     0.140
 99       pi+     211 [59]    
                                 0.728     0.096     0.331     0.817     0.140
100     gamma      22 [98]    
                                -0.089     0.180     0.050     0.207     0.000
101     gamma      22 [98]    
                                -0.040     0.008     0.077     0.087     0.000
102     pbar-   -2212 [60]    
                                 0.784    -0.409     0.865     1.552     0.938
103        K+     321 [60]    
                                 1.182    -0.707     0.918     1.728     0.494
104        n0    2112 [61]    
                                 0.038     1.302    -0.016     1.606     0.940
105       pi+     211 [61]    
                                -0.157     0.567     0.074     0.609     0.140
106     pbar-   -2212 [62]    
                                -0.862     0.866     0.467     1.610     0.938
108      K_L0     130 [107]    
                                -0.340    -0.337     0.244     0.732     0.498
110       pi-    -211 [65]    
                                -0.323     0.458     0.032     0.578     0.140
112       pi+     211 [111]    
                                -0.610     0.071    -0.286     0.691     0.140
113       pi-    -211 [111]    
                                -0.065    -0.144    -0.129     0.247     0.140
115       pi+     211 [66]    
                                -0.411     0.145    -0.485     0.667     0.140
116     gamma      22 [114]    
                                -0.063    -0.038    -0.030     0.080     0.000
117     gamma      22 [114]    
                                -0.020    -0.267    -0.200     0.334     0.000
------------------------------------------------------------------------------
     Sum of momenta:            -2e-05    -2e-05    -2e-05      31.3      31.3

The following exception classes were reported in this run:
ThePEG::EventHandler::ConsistencyException warning (1 times)
ThePEG::LesHouchesReader::LesHouchesReopenWarning warning (1 times)
