>>>>>>>>>>>>>>>>>>>>>>>>>>>>>>>>>>>>>>>>>>>>>>>>>>>>>>>>>>>>>>>>>>>>>>>>>>>>>>
>>>> Toolkit for HEP Event Generation - ThePEG 2.2.0 <<<<<<<<<<<<<<<<<<<<<<<<<
>>>> Tue Jun 30 00:34:07 2020                                             <<<<
<<<<<<<<<<<<<<<<<<<<<<<<<<<<<<<<<<<<<<<<<<<<<<<<<<<<<<<<<<<<<<<<<<<<<<<<<<<<<<

>> Herwig 7.2.0 / ThePEG 2.2.0

/Herwig/EventHandlers/NoCuts:
MHat  = 2 .. 19.1062 GeV
Scale = 0 .. 1e+12 GeV2
YHat  = -100 .. 100
X1    = 0 .. 1
X2    = 0 .. 1

* A warning exception of type ThePEG::LesHouchesReader::LesHouchesReopenWarning occurred while generating event number 1: 
Reopening LesHouchesReader 'myReader' after accessing 2 events out of 1
* A warning exception of type ThePEG::EventHandler::ConsistencyException occurred while generating event number 1: 
Event handler 'myLesHouchesHandler' found energy-momentum non-conservation by (-1e-05,-2e-05,-2e-05;1.99996e-05) GeV after generating step number 4.

******************************************************************************
Event number 1 (id: ./OUTPUT/0.95MB1.05/1511393700/TMP/Cluster_HERWIGOutput_5) performed by myLesHouchesHandler
Weight: 1
==============================================================================

--- Colliding particles:
  1        e-      11  (3)   
                                 4.777     0.000     0.000     4.777     0.000
  2        e+     -11  (3)   
                                -4.777     0.000    -0.000     4.777     0.000
------------------------------------------------------------------------------
Primary sub-process performed by myReader
--- incoming:
  1        e-      11  (3)   
                                 4.777     0.000     0.000     4.777     0.000
  2        e+     -11  (3)   
                                -4.777     0.000    -0.000     4.777     0.000
--- intermediates:
  3     gamma      22 [1,2] (4..7)   
                                -0.000     0.000     0.000     9.553     9.553
--- outgoing:
  4         g      21 [3] (8)  7>>6 {+1,-2}
                                 1.754     2.918     1.689     3.801     0.000
  5         g      21 [3] (11)  6>>7 {+3,-4}
                                -2.615    -1.930     0.084     3.252     0.000
  6         g      21 [3] (12)  4>>5 {+4,-1}
                                 0.331     0.224    -0.202     0.448     0.000
  7         g      21 [3] (13)  5>>4 {+2,-3}
                                 0.530    -1.212    -1.570     2.053     0.000
------------------------------------------------------------------------------
Step 1 performed by myLesHouchesHandler
--- intermediates:
  1        e-      11  (3)   
                                 4.777     0.000     0.000     4.777     0.000
  2        e+     -11  (3)   
                                -4.777     0.000    -0.000     4.777     0.000
  3     gamma      22 [1,2] (4..7)   
                                -0.000     0.000     0.000     9.553     9.553
--- final:
  4         g      21 [3] (8)  7>>6 {+1,-2}
                                 1.754     2.918     1.689     3.801     0.000
  5         g      21 [3] (11)  6>>7 {+3,-4}
                                -2.615    -1.930     0.084     3.252     0.000
  6         g      21 [3] (12)  4>>5 {+4,-1}
                                 0.331     0.224    -0.202     0.448     0.000
  7         g      21 [3] (13)  5>>4 {+2,-3}
                                 0.530    -1.212    -1.570     2.053     0.000
------------------------------------------------------------------------------
     Sum of momenta:            -2e-05    -2e-05    -2e-05      9.55      9.55
------------------------------------------------------------------------------
Step 2 performed by ShowerHandler
--- intermediates:
  8         g      21 [4] (9,10)   {+1,-2}
                                 1.303     2.167     1.254     4.156     3.050
--- final:
  9         g      21 [8] (20,21)  10>>12 {+1,-5}
                                -0.532     0.884    -0.035     1.403     0.950
 10         g      21 [8] (22,23)  13>>9 {+5,-2}
                                 1.835     1.283     1.289     2.753     0.950
 11         g      21 [5] (14,15)  12>>13 {+3,-4}
                                -1.942    -1.433     0.062     2.595     0.950
 12         g      21 [6] (16,17)  9>>11 {+4,-1}
                                 0.246     0.167    -0.150     1.007     0.950
 13         g      21 [7] (18,19)  11>>10 {+2,-3}
                                 0.394    -0.900    -1.166     1.796     0.950
------------------------------------------------------------------------------
     Sum of momenta:            -2e-05    -2e-05    -2e-05      9.55      9.55
------------------------------------------------------------------------------
Step 3 performed by ClusterHadHandler
--- intermediates:
 14         u       2 [11] (24)   {+3}
                                -0.960    -0.760     0.375     1.321     0.325
 15      ubar      -2 [11] (27)   {-4}
                                -0.982    -0.674    -0.313     1.273     0.325
 16         s       3 [12] (28)   {+4}
                                -0.009     0.134    -0.010     0.470     0.450
 17      sbar      -3 [12] (25)   {-1}
                                 0.255     0.033    -0.140     0.537     0.450
 18         u       2 [13] (27)   {+2}
                                -0.178    -0.327    -0.427     0.653     0.325
 19      ubar      -2 [13] (24)   {-3}
                                 0.572    -0.573    -0.739     1.143     0.325
 20         u       2 [9] (25)   {+1}
                                -0.564     0.419    -0.221     0.805     0.325
 21      ubar      -2 [9] (26)   {-5}
                                 0.032     0.465     0.186     0.598     0.325
 22         u       2 [10] (26)   {+5}
                                 1.535     0.790     1.059     2.052     0.325
 23      ubar      -2 [10] (28)   {-2}
                                 0.300     0.494     0.229     0.701     0.325
 24   Cluster      81 [14,19] (37,38)   
                                -0.388    -1.333    -0.363     2.465     2.003
 25   Cluster      81 [17,20] (33,34)   
                                -0.309     0.451    -0.360     1.342     1.171
 26   Cluster      81 [21,22] (29,30)   
                                 1.567     1.255     1.245     2.650     1.199
 27   Cluster      81 [15,18] (35,36)   
                                -1.160    -1.000    -0.740     1.926     0.904
 28   Cluster      81 [16,23] (31,32)   
                                 0.290     0.628     0.219     1.171     0.919
--- final:
 29       pi-    -211 [26]    
                                 0.131     0.082     0.127     0.244     0.140
 30      a_0+ 9000211 [26] (39,40)   
                                 1.436     1.172     1.119     2.406     1.048
 31     Kbar0    -311 [28] (43)   
                                 0.303     0.597    -0.081     0.838     0.498
 32       pi-    -211 [28]    
                                -0.013     0.030     0.300     0.332     0.140
 33       K*0     313 [25] (44,45)   
                                -0.468     0.458    -0.348     1.130     0.853
 34       pi+     211 [25]    
                                 0.158    -0.007    -0.012     0.212     0.140
 35       pi+     211 [27]    
                                -1.244    -0.895    -0.784     1.727     0.140
 36       pi-    -211 [27]    
                                 0.084    -0.105     0.044     0.199     0.140
 37       pi+     211 [24]    
                                -0.163    -0.740    -0.010     0.771     0.140
 38    rho_3-    -217 [24] (46,47)   
                                -0.225    -0.593    -0.353     1.693     1.530
------------------------------------------------------------------------------
     Sum of momenta:            -2e-05    -2e-05    -2e-05      9.55      9.55
------------------------------------------------------------------------------
Step 4 performed by DecayHandler
--- intermediates:
 39       eta     221 [30] (41,42)   
                                 1.258     1.266     1.082     2.158     0.548
 47       pi0     111 [38] (48,49)   
                                 0.624    -0.057    -0.102     0.649     0.135
--- final:
 29       pi-    -211 [26]    
                                 0.131     0.082     0.127     0.244     0.140
 32       pi-    -211 [28]    
                                -0.013     0.030     0.300     0.332     0.140
 34       pi+     211 [25]    
                                 0.158    -0.007    -0.012     0.212     0.140
 35       pi+     211 [27]    
                                -1.244    -0.895    -0.784     1.727     0.140
 36       pi-    -211 [27]    
                                 0.084    -0.105     0.044     0.199     0.140
 37       pi+     211 [24]    
                                -0.163    -0.740    -0.010     0.771     0.140
 40       pi+     211 [30]    
                                 0.179    -0.094     0.037     0.248     0.140
 41     gamma      22 [39]    
                                 1.241     1.044     0.832     1.823     0.000
 42     gamma      22 [39]    
                                 0.017     0.222     0.250     0.335     0.000
 43      K_L0     130 [31]    
                                 0.303     0.597    -0.081     0.838     0.498
 44        K+     321 [33]    
                                -0.155     0.052    -0.054     0.523     0.494
 45       pi-    -211 [33]    
                                -0.313     0.406    -0.295     0.608     0.140
 46       pi-    -211 [38]    
                                -0.849    -0.536    -0.251     1.044     0.140
 48     gamma      22 [47]    
                                 0.344    -0.059    -0.118     0.369     0.000
 49     gamma      22 [47]    
                                 0.280     0.002     0.017     0.280     0.000
------------------------------------------------------------------------------
     Sum of momenta:            -2e-05    -2e-05    -2e-05      9.55      9.55

The following exception classes were reported in this run:
ThePEG::EventHandler::ConsistencyException warning (1 times)
ThePEG::LesHouchesReader::LesHouchesReopenWarning warning (1 times)
