>>>>>>>>>>>>>>>>>>>>>>>>>>>>>>>>>>>>>>>>>>>>>>>>>>>>>>>>>>>>>>>>>>>>>>>>>>>>>>
>>>> Toolkit for HEP Event Generation - ThePEG 2.2.0 <<<<<<<<<<<<<<<<<<<<<<<<<
>>>> Tue Jun 30 00:31:56 2020                                             <<<<
<<<<<<<<<<<<<<<<<<<<<<<<<<<<<<<<<<<<<<<<<<<<<<<<<<<<<<<<<<<<<<<<<<<<<<<<<<<<<<

>> Herwig 7.2.0 / ThePEG 2.2.0

/Herwig/EventHandlers/NoCuts:
MHat  = 2 .. 73.4149 GeV
Scale = 0 .. 1e+12 GeV2
YHat  = -100 .. 100
X1    = 0 .. 1
X2    = 0 .. 1

* A warning exception of type ThePEG::LesHouchesReader::LesHouchesReopenWarning occurred while generating event number 1: 
Reopening LesHouchesReader 'myReader' after accessing 2 events out of 1
* A warning exception of type ThePEG::EventHandler::ConsistencyException occurred while generating event number 1: 
Event handler 'myLesHouchesHandler' found energy-momentum non-conservation by (-2.1e-05,-3e-05,-3e-05;2.99977e-06) GeV after generating step number 4.

******************************************************************************
Event number 1 (id: ./OUTPUT/0.95MB1.05/1512750994/TMP/Cluster_HERWIGOutput_20) performed by myLesHouchesHandler
Weight: 1
==============================================================================

--- Colliding particles:
  1        e-      11  (3)   
                                18.354     0.000    -0.000    18.354     0.000
  2        e+     -11  (3)   
                               -18.354     0.000     0.000    18.354     0.000
------------------------------------------------------------------------------
Primary sub-process performed by myReader
--- incoming:
  1        e-      11  (3)   
                                18.354     0.000    -0.000    18.354     0.000
  2        e+     -11  (3)   
                               -18.354     0.000     0.000    18.354     0.000
--- intermediates:
  3     gamma      22 [1,2] (4..8)   
                                -0.000     0.000    -0.000    36.707    36.707
--- outgoing:
  4         g      21 [3] (9)  6>>8 {+1,-2}
                                -2.129     1.010     1.266     2.675     0.000
  5         g      21 [3] (10)  8>>7 {+3,-4}
                                -0.706     0.097     1.355     1.531     0.000
  6         g      21 [3] (11)  7>>4 {+2,-5}
                                 1.675    -0.685     1.480     2.338     0.000
  7         g      21 [3] (12)  5>>6 {+5,-3}
                                 2.102     9.430     9.363    13.454     0.000
  8         g      21 [3] (13)  4>>5 {+4,-1}
                                -0.942    -9.851   -13.464    16.710     0.000
------------------------------------------------------------------------------
Step 1 performed by myLesHouchesHandler
--- intermediates:
  1        e-      11  (3)   
                                18.354     0.000    -0.000    18.354     0.000
  2        e+     -11  (3)   
                               -18.354     0.000     0.000    18.354     0.000
  3     gamma      22 [1,2] (4..8)   
                                -0.000     0.000    -0.000    36.707    36.707
--- final:
  4         g      21 [3] (9)  6>>8 {+1,-2}
                                -2.129     1.010     1.266     2.675     0.000
  5         g      21 [3] (10)  8>>7 {+3,-4}
                                -0.706     0.097     1.355     1.531     0.000
  6         g      21 [3] (11)  7>>4 {+2,-5}
                                 1.675    -0.685     1.480     2.338     0.000
  7         g      21 [3] (12)  5>>6 {+5,-3}
                                 2.102     9.430     9.363    13.454     0.000
  8         g      21 [3] (13)  4>>5 {+4,-1}
                                -0.942    -9.851   -13.464    16.710     0.000
------------------------------------------------------------------------------
     Sum of momenta:            -3e-05    -3e-05    -3e-05      36.7      36.7
------------------------------------------------------------------------------
Step 2 performed by ShowerHandler
--- intermediates:
 13         g      21 [8] (14,15)   {+4,-1}
                                -0.914    -9.556   -13.060    16.638     3.759
--- final:
  9         g      21 [4] (16,17)  11>>14 {+1,-2}
                                -2.065     0.980     1.228     2.763     0.950
 10         g      21 [5] (18,19)  15>>12 {+3,-4}
                                -0.685     0.094     1.314     1.763     0.950
 11         g      21 [6] (20,21)  12>>9 {+2,-5}
                                 1.624    -0.665     1.436     2.459     0.950
 12         g      21 [7] (22,23)  10>>11 {+5,-3}
                                 2.039     9.147     9.082    13.084     0.950
 14         g      21 [13] (24,25)  9>>15 {+6,-1}
                                -1.343    -2.049    -2.399     3.559     0.950
 15         g      21 [13] (26,27)  14>>10 {+4,-6}
                                 0.430    -7.506   -10.660    13.080     0.950
------------------------------------------------------------------------------
     Sum of momenta:            -3e-05    -3e-05    -3e-05      36.7      36.7
------------------------------------------------------------------------------
Step 3 performed by ClusterHadHandler
--- intermediates:
 16         u       2 [9] (28)   {+1}
                                -1.457     0.943     0.724     1.908     0.325
 17      ubar      -2 [9] (29)   {-2}
                                -0.608     0.037     0.504     0.855     0.325
 18         s       3 [10] (30)   {+3}
                                -0.413    -0.090     0.670     0.911     0.450
 19      sbar      -3 [10] (31)   {-4}
                                -0.272     0.185     0.644     0.852     0.450
 20         s       3 [11] (29)   {+2}
                                 0.961    -0.408     0.664     1.317     0.450
 21      sbar      -3 [11] (32)   {-5}
                                 0.663    -0.257     0.771     1.142     0.450
 22         s       3 [12] (32)   {+5}
                                 0.864     3.661     3.500     5.157     0.450
 23      sbar      -3 [12] (30)   {-3}
                                 1.175     5.486     5.582     7.927     0.450
 24         u       2 [14] (33)   {+6}
                                -0.874    -1.217    -1.872     2.420     0.325
 25      ubar      -2 [14] (28)   {-1}
                                -0.469    -0.833    -0.527     1.139     0.325
 26         u       2 [15] (31)   {+4}
                                -0.083    -4.430    -6.213     7.638     0.325
 27      ubar      -2 [15] (33)   {-6}
                                 0.513    -3.077    -4.447     5.442     0.325
 28   Cluster      81 [16,25] (42,43)   
                                -1.927     0.110     0.197     3.047     2.350
 29   Cluster      81 [17,20] (36,37)   
                                 0.353    -0.371     1.169     2.172     1.758
 30   Cluster      81 [18,23] (44,45)   
                                 0.763     5.396     6.252     8.838     3.054
 31   Cluster      81 [19,26] (34,35)   
                                -0.355    -4.245    -5.569     8.490     4.786
 32   Cluster      81 [21,22] (38,39)   
                                 1.527     3.404     4.271     6.299     2.741
 33   Cluster      81 [24,27] (40,41)   
                                -0.361    -4.293    -6.319     7.861     1.817
 34   Cluster      81 [31] (46,47)   
                                -0.228    -0.288    -0.092     1.443     1.393
 35   Cluster      81 [31] (48,49)   
                                -0.126    -3.957    -5.478     7.046     1.993
--- final:
 36       pi0     111 [29] (50,51)   
                                -0.122     0.138     0.051     0.234     0.135
 37     K*_2-    -325 [29] (52,53)   
                                 0.475    -0.509     1.117     1.938     1.422
 38       f_0 9010221 [32] (55,56)   
                                 1.406     2.658     2.166     3.842     1.015
 39       phi     333 [32] (57,58)   
                                 0.121     0.746     2.106     2.457     1.016
 40       pi0     111 [33] (59,60)   
                                -0.141    -1.249    -2.587     2.879     0.135
 41      a_10   20113 [33] (61,62)   
                                -0.220    -3.045    -3.733     4.982     1.254
 42        n0    2112 [28]    
                                -1.134    -0.359     0.659     1.653     0.940
 43     nbar0   -2112 [28]    
                                -0.792     0.469    -0.462     1.394     0.940
 44      K'*- -100323 [30] (67,68)   
                                 0.220     1.686     1.924     2.950     1.453
 45     K'_1+   20323 [30] (80,81)   
                                 0.542     3.710     4.328     5.888     1.372
 46        K0     311 [34] (89)   
                                 0.069    -0.256     0.020     0.564     0.498
 47      rho+     213 [34] (90,91)   
                                -0.297    -0.032    -0.112     0.879     0.819
 48     K'_1+   20323 [35] (94,95)   
                                 0.108    -3.470    -4.575     5.884     1.280
 49        K-    -321 [35]    
                                -0.235    -0.487    -0.903     1.163     0.494
------------------------------------------------------------------------------
     Sum of momenta:            -3e-05    -3e-05    -3e-05      36.7      36.7
------------------------------------------------------------------------------
Step 4 performed by DecayHandler
--- intermediates:
 52     Kbar0    -311 [37] (54)   
                                 0.290    -0.675     1.318     1.589     0.498
 61     rho'- -100213 [41] (63,64)   
                                -0.418    -2.553    -3.310     4.290     0.871
 64       pi0     111 [61] (65,66)   
                                -0.384    -1.394    -2.419     2.822     0.135
 67       K*-    -323 [44] (69,70)   
                                 0.539     1.172     1.645     2.270     0.887
 68       pi0     111 [44] (78,79)   
                                -0.319     0.514     0.280     0.680     0.135
 69     Kbar0    -311 [67] (71)   
                                 0.353     0.809     0.698     1.230     0.498
 71      K_S0     310 [69] (72,73)   
                                 0.353     0.809     0.698     1.230     0.498
 72       pi0     111 [71] (74,75)   
                                 0.112     0.026     0.077     0.193     0.135
 73       pi0     111 [71] (76,77)   
                                 0.240     0.783     0.622     1.037     0.135
 80       K*+     323 [45] (82,83)   
                                 0.516     2.153     2.288     3.318     0.935
 81       pi0     111 [45] (87,88)   
                                 0.026     1.557     2.040     2.570     0.135
 82        K0     311 [80] (84)   
                                 0.060     0.645     0.880     1.200     0.498
 84      K_S0     310 [82] (85,86)   
                                 0.060     0.645     0.880     1.200     0.498
 90       pi0     111 [47] (92,93)   
                                -0.082     0.290     0.178     0.375     0.135
 94       K*0     313 [48] (96,97)   
                                 0.216    -3.164    -3.785     5.019     0.898
 96        K0     311 [94] (98)   
                                 0.014    -1.192    -1.746     2.172     0.498
 97       pi0     111 [94] (101,102)   
                                 0.202    -1.972    -2.039     2.847     0.135
 98      K_S0     310 [96] (99,100)   
                                 0.014    -1.192    -1.746     2.172     0.498
--- final:
 42        n0    2112 [28]    
                                -1.134    -0.359     0.659     1.653     0.940
 43     nbar0   -2112 [28]    
                                -0.792     0.469    -0.462     1.394     0.940
 49        K-    -321 [35]    
                                -0.235    -0.487    -0.903     1.163     0.494
 50     gamma      22 [36]    
                                 0.004     0.083    -0.010     0.084     0.000
 51     gamma      22 [36]    
                                -0.126     0.055     0.061     0.151     0.000
 53       pi-    -211 [37]    
                                 0.185     0.166    -0.201     0.349     0.140
 54      K_L0     130 [52]    
                                 0.290    -0.675     1.318     1.589     0.498
 55       pi+     211 [38]    
                                 1.014     2.454     2.069     3.369     0.140
 56       pi-    -211 [38]    
                                 0.391     0.204     0.097     0.473     0.140
 57        K+     321 [39]    
                                 0.065     0.425     1.321     1.474     0.494
 58        K-    -321 [39]    
                                 0.055     0.321     0.785     0.983     0.494
 59     gamma      22 [40]    
                                -0.134    -0.643    -1.280     1.438     0.000
 60     gamma      22 [40]    
                                -0.007    -0.606    -1.307     1.441     0.000
 62       pi+     211 [41]    
                                 0.198    -0.492    -0.423     0.692     0.140
 63       pi-    -211 [61]    
                                -0.034    -1.158    -0.890     1.468     0.140
 65     gamma      22 [64]    
                                -0.299    -1.248    -2.148     2.502     0.000
 66     gamma      22 [64]    
                                -0.085    -0.147    -0.272     0.320     0.000
 70       pi-    -211 [67]    
                                 0.186     0.363     0.946     1.040     0.140
 74     gamma      22 [72]    
                                 0.110     0.059     0.094     0.156     0.000
 75     gamma      22 [72]    
                                 0.003    -0.033    -0.017     0.037     0.000
 76     gamma      22 [73]    
                                 0.056     0.412     0.314     0.521     0.000
 77     gamma      22 [73]    
                                 0.184     0.371     0.308     0.516     0.000
 78     gamma      22 [68]    
                                -0.085     0.081     0.106     0.158     0.000
 79     gamma      22 [68]    
                                -0.234     0.433     0.174     0.522     0.000
 83       pi+     211 [80]    
                                 0.456     1.508     1.408     2.118     0.140
 85       pi+     211 [84]    
                                -0.029     0.370     0.762     0.858     0.140
 86       pi-    -211 [84]    
                                 0.088     0.275     0.118     0.342     0.140
 87     gamma      22 [81]    
                                -0.050     0.635     0.876     1.083     0.000
 88     gamma      22 [81]    
                                 0.076     0.922     1.164     1.487     0.000
 89      K_L0     130 [46]    
                                 0.069    -0.256     0.020     0.564     0.498
 91       pi+     211 [47]    
                                -0.215    -0.322    -0.290     0.504     0.140
 92     gamma      22 [90]    
                                 0.023     0.031     0.061     0.072     0.000
 93     gamma      22 [90]    
                                -0.105     0.259     0.117     0.303     0.000
 95       pi+     211 [48]    
                                -0.107    -0.306    -0.789     0.865     0.140
 99       pi+     211 [98]    
                                 0.136    -0.194    -0.424     0.505     0.140
100       pi-    -211 [98]    
                                -0.122    -0.998    -1.323     1.667     0.140
101     gamma      22 [97]    
                                 0.149    -1.119    -1.078     1.561     0.000
102     gamma      22 [97]    
                                 0.053    -0.853    -0.961     1.286     0.000
------------------------------------------------------------------------------
     Sum of momenta:            -3e-05    -3e-05    -3e-05      36.7      36.7

The following exception classes were reported in this run:
ThePEG::EventHandler::ConsistencyException warning (1 times)
ThePEG::LesHouchesReader::LesHouchesReopenWarning warning (1 times)
