>>>>>>>>>>>>>>>>>>>>>>>>>>>>>>>>>>>>>>>>>>>>>>>>>>>>>>>>>>>>>>>>>>>>>>>>>>>>>>
>>>> Toolkit for HEP Event Generation - ThePEG 2.2.0 <<<<<<<<<<<<<<<<<<<<<<<<<
>>>> Tue Jun 30 00:43:31 2020                                             <<<<
<<<<<<<<<<<<<<<<<<<<<<<<<<<<<<<<<<<<<<<<<<<<<<<<<<<<<<<<<<<<<<<<<<<<<<<<<<<<<<

>> Herwig 7.2.0 / ThePEG 2.2.0

/Herwig/EventHandlers/NoCuts:
MHat  = 2 .. 30.3075 GeV
Scale = 0 .. 1e+12 GeV2
YHat  = -100 .. 100
X1    = 0 .. 1
X2    = 0 .. 1

* A warning exception of type ThePEG::LesHouchesReader::LesHouchesReopenWarning occurred while generating event number 1: 
Reopening LesHouchesReader 'myReader' after accessing 2 events out of 1
* A warning exception of type ThePEG::EventHandler::ConsistencyException occurred while generating event number 1: 
Event handler 'myLesHouchesHandler' found energy-momentum non-conservation by (-2e-05,-3e-05,-3e-05;9.999e-06) GeV after generating step number 4.

******************************************************************************
Event number 1 (id: ./OUTPUT/0.95MB1.05/1511416763/TMP/Cluster_HERWIGOutput_17) performed by myLesHouchesHandler
Weight: 1
==============================================================================

--- Colliding particles:
  1        e-      11  (3)   
                                 7.577     0.000     0.000     7.577     0.000
  2        e+     -11  (3)   
                                -7.577     0.000    -0.000     7.577     0.000
------------------------------------------------------------------------------
Primary sub-process performed by myReader
--- incoming:
  1        e-      11  (3)   
                                 7.577     0.000     0.000     7.577     0.000
  2        e+     -11  (3)   
                                -7.577     0.000    -0.000     7.577     0.000
--- intermediates:
  3     gamma      22 [1,2] (4..9)   
                                 0.000     0.000     0.000    15.154    15.154
--- outgoing:
  4         g      21 [3] (10)  8>>7 {+1,-2}
                                 3.548    -1.112    -1.325     3.947     0.000
  5         g      21 [3] (11)  7>>8 {+3,-4}
                                 0.711    -1.966    -1.361     2.495     0.000
  6         g      21 [3] (14)  9>>9 {+5,-6}
                                -0.102     1.524    -1.522     2.156     0.000
  7         g      21 [3] (15)  4>>5 {+4,-1}
                                -2.715     0.874     3.582     4.579     0.000
  8         g      21 [3] (18)  5>>4 {+2,-3}
                                -0.255     0.208     0.617     0.699     0.000
  9         g      21 [3] (19)  6>>6 {+6,-5}
                                -1.187     0.472     0.010     1.277     0.000
------------------------------------------------------------------------------
Step 1 performed by myLesHouchesHandler
--- intermediates:
  1        e-      11  (3)   
                                 7.577     0.000     0.000     7.577     0.000
  2        e+     -11  (3)   
                                -7.577     0.000    -0.000     7.577     0.000
  3     gamma      22 [1,2] (4..9)   
                                 0.000     0.000     0.000    15.154    15.154
--- final:
  4         g      21 [3] (10)  8>>7 {+1,-2}
                                 3.548    -1.112    -1.325     3.947     0.000
  5         g      21 [3] (11)  7>>8 {+3,-4}
                                 0.711    -1.966    -1.361     2.495     0.000
  6         g      21 [3] (14)  9>>9 {+5,-6}
                                -0.102     1.524    -1.522     2.156     0.000
  7         g      21 [3] (15)  4>>5 {+4,-1}
                                -2.715     0.874     3.582     4.579     0.000
  8         g      21 [3] (18)  5>>4 {+2,-3}
                                -0.255     0.208     0.617     0.699     0.000
  9         g      21 [3] (19)  6>>6 {+6,-5}
                                -1.187     0.472     0.010     1.277     0.000
------------------------------------------------------------------------------
     Sum of momenta:            -3e-05    -3e-05    -3e-05      15.2      15.2
------------------------------------------------------------------------------
Step 2 performed by ShowerHandler
--- intermediates:
 11         g      21 [5] (12,13)   {+3,-4}
                                 0.474    -1.310    -0.906     3.776     3.391
 15         g      21 [7] (16,17)   {+4,-1}
                                -1.809     0.582     2.386     4.527     3.345
--- final:
 10         g      21 [4] (20,21)  18>>16 {+1,-2}
                                 2.363    -0.741    -0.883     2.796     0.950
 12         g      21 [11] (32,33)  13>>18 {+3,-7}
                                 0.642    -1.139     0.804     1.805     0.950
 13         g      21 [11] (34,35)  17>>12 {+7,-4}
                                -0.168    -0.171    -1.710     1.971     0.950
 14         g      21 [6] (22,23)  19>>19 {+5,-6}
                                -0.068     1.015    -1.014     1.722     0.950
 16         g      21 [15] (28,29)  10>>17 {+8,-1}
                                -0.539     0.843    -0.286     1.409     0.950
 17         g      21 [15] (30,31)  16>>13 {+4,-8}
                                -1.270    -0.261     2.672     3.118     0.950
 18         g      21 [8] (24,25)  12>>10 {+2,-3}
                                -0.170     0.139     0.411     1.058     0.950
 19         g      21 [9] (26,27)  14>>14 {+6,-5}
                                -0.790     0.314     0.006     1.275     0.950
------------------------------------------------------------------------------
     Sum of momenta:            -3e-05    -3e-05    -3e-05      15.2      15.2
------------------------------------------------------------------------------
Step 3 performed by ClusterHadHandler
--- intermediates:
 20         u       2 [10] (42)   {+1}
                                 0.862    -0.356    -0.010     0.988     0.325
 21      ubar      -2 [10] (36)   {-2}
                                 1.501    -0.385    -0.872     1.808     0.325
 22         d       1 [14] (38)   {+5}
                                -0.002     0.657    -0.178     0.755     0.325
 23      dbar      -1 [14] (41)   {-6}
                                -0.066     0.358    -0.835     0.967     0.325
 24         d       1 [18] (36)   {+2}
                                 0.033    -0.042     0.524     0.619     0.325
 25      dbar      -1 [18] (37)   {-3}
                                -0.203     0.181    -0.114     0.439     0.325
 26         d       1 [19] (40)   {+6}
                                -0.627    -0.079    -0.131     0.722     0.325
 27      dbar      -1 [19] (39)   {-5}
                                -0.164     0.393     0.137     0.553     0.325
 28         d       1 [16] (41)   {+8}
                                -0.035     0.244    -0.379     0.557     0.325
 29      dbar      -1 [16] (43)   {-1}
                                -0.504     0.599     0.093     0.853     0.325
 30         u       2 [17] (39)   {+4}
                                -1.091    -0.028     2.177     2.457     0.325
 31      ubar      -2 [17] (40)   {-8}
                                -0.178    -0.233     0.494     0.660     0.325
 32         u       2 [12] (37)   {+3}
                                 0.441    -1.047     0.770     1.410     0.325
 33      ubar      -2 [12] (42)   {-7}
                                 0.201    -0.092     0.033     0.395     0.325
 34         s       3 [13] (43)   {+7}
                                -0.235    -0.122    -0.928     1.064     0.450
 35      sbar      -3 [13] (38)   {-4}
                                 0.067    -0.049    -0.783     0.907     0.450
 36   Cluster      81 [21,24] (58,59)   
                                 1.534    -0.427    -0.348     2.427     1.798
 37   Cluster      81 [25,32] (56,57)   
                                 0.238    -0.866     0.657     1.849     1.477
 38   Cluster      81 [22,35] (48,49)   
                                 0.065     0.608    -0.961     1.661     1.209
 39   Cluster      81 [27,30] (46,47)   
                                -1.255     0.366     2.315     3.010     1.413
 40   Cluster      81 [26,31] (52,53)   
                                -0.805    -0.312     0.364     1.383     1.017
 41   Cluster      81 [23,28] (50,51)   
                                -0.102     0.602    -1.214     1.524     0.690
 42   Cluster      81 [20,33] (54,55)   
                                 1.063    -0.448     0.023     1.382     0.761
 43   Cluster      81 [29,34] (44,45)   
                                -0.739     0.478    -0.835     1.917     1.485
--- final:
 44     Kbar0    -311 [43] (60)   
                                -0.054     0.238    -0.104     0.564     0.498
 45      rho0     113 [43] (61,62)   
                                -0.685     0.240    -0.731     1.353     0.878
 46       eta     221 [39] (63,64)   
                                -0.443     0.322     0.620     0.992     0.548
 47      rho+     213 [39] (65,66)   
                                -0.813     0.044     1.694     2.018     0.736
 48       pi0     111 [38] (69,70)   
                                 0.171     0.180    -0.477     0.555     0.135
 49       K*0     313 [38] (71,72)   
                                -0.106     0.428    -0.484     1.107     0.892
 50       pi-    -211 [41]    
                                 0.058     0.566    -0.474     0.753     0.140
 51       pi+     211 [41]    
                                -0.160     0.036    -0.740     0.771     0.140
 52       pi0     111 [40] (73,74)   
                                -0.032    -0.281    -0.237     0.393     0.135
 53       pi-    -211 [40]    
                                -0.773    -0.031     0.601     0.989     0.140
 54       pi+     211 [42]    
                                -0.071    -0.095    -0.027     0.185     0.140
 55       pi-    -211 [42]    
                                 1.134    -0.353     0.050     1.197     0.140
 56       pi0     111 [37] (75,76)   
                                 0.042    -0.563    -0.228     0.623     0.135
 57      rho+     213 [37] (77,78)   
                                 0.196    -0.304     0.884     1.226     0.768
 58       pi-    -211 [36]    
                                 1.171    -0.712     0.155     1.386     0.140
 59     omega     223 [36] (81,82)   
                                 0.363     0.285    -0.503     1.040     0.785
------------------------------------------------------------------------------
     Sum of momenta:            -3e-05    -3e-05    -3e-05      15.2      15.2
------------------------------------------------------------------------------
Step 4 performed by DecayHandler
--- intermediates:
 65       pi0     111 [47] (67,68)   
                                -0.337     0.345     0.960     1.083     0.135
 77       pi0     111 [57] (79,80)   
                                -0.059     0.136     0.589     0.622     0.135
 81      rho-    -213 [59] (83,84)   
                                 0.196     0.260    -0.144     0.620     0.507
 83       pi0     111 [81] (85,86)   
                                -0.112     0.053     0.032     0.186     0.135
--- final:
 50       pi-    -211 [41]    
                                 0.058     0.566    -0.474     0.753     0.140
 51       pi+     211 [41]    
                                -0.160     0.036    -0.740     0.771     0.140
 53       pi-    -211 [40]    
                                -0.773    -0.031     0.601     0.989     0.140
 54       pi+     211 [42]    
                                -0.071    -0.095    -0.027     0.185     0.140
 55       pi-    -211 [42]    
                                 1.134    -0.353     0.050     1.197     0.140
 58       pi-    -211 [36]    
                                 1.171    -0.712     0.155     1.386     0.140
 60      K_L0     130 [44]    
                                -0.054     0.238    -0.104     0.564     0.498
 61       pi+     211 [45]    
                                -0.657     0.129    -0.093     0.690     0.140
 62       pi-    -211 [45]    
                                -0.028     0.110    -0.638     0.663     0.140
 63     gamma      22 [46]    
                                -0.542     0.350     0.431     0.776     0.000
 64     gamma      22 [46]    
                                 0.100    -0.028     0.189     0.216     0.000
 66       pi+     211 [47]    
                                -0.475    -0.301     0.734     0.936     0.140
 67     gamma      22 [65]    
                                -0.053     0.137     0.325     0.357     0.000
 68     gamma      22 [65]    
                                -0.284     0.207     0.635     0.726     0.000
 69     gamma      22 [48]    
                                 0.190     0.158    -0.458     0.520     0.000
 70     gamma      22 [48]    
                                -0.019     0.022    -0.020     0.035     0.000
 71        K+     321 [49]    
                                 0.006    -0.035    -0.286     0.572     0.494
 72       pi-    -211 [49]    
                                -0.112     0.464    -0.197     0.535     0.140
 73     gamma      22 [52]    
                                -0.034    -0.039     0.004     0.052     0.000
 74     gamma      22 [52]    
                                 0.001    -0.242    -0.241     0.342     0.000
 75     gamma      22 [56]    
                                -0.027    -0.051     0.003     0.058     0.000
 76     gamma      22 [56]    
                                 0.069    -0.512    -0.231     0.566     0.000
 78       pi+     211 [57]    
                                 0.254    -0.439     0.295     0.604     0.140
 79     gamma      22 [77]    
                                -0.012    -0.015     0.009     0.021     0.000
 80     gamma      22 [77]    
                                -0.046     0.150     0.580     0.601     0.000
 82       pi+     211 [59]    
                                 0.167     0.025    -0.359     0.421     0.140
 84       pi-    -211 [81]    
                                 0.308     0.207    -0.176     0.434     0.140
 85     gamma      22 [83]    
                                -0.104    -0.019     0.038     0.113     0.000
 86     gamma      22 [83]    
                                -0.007     0.072    -0.006     0.073     0.000
------------------------------------------------------------------------------
     Sum of momenta:            -3e-05    -3e-05    -3e-05      15.2      15.2

The following exception classes were reported in this run:
ThePEG::EventHandler::ConsistencyException warning (1 times)
ThePEG::LesHouchesReader::LesHouchesReopenWarning warning (1 times)
