>>>>>>>>>>>>>>>>>>>>>>>>>>>>>>>>>>>>>>>>>>>>>>>>>>>>>>>>>>>>>>>>>>>>>>>>>>>>>>
>>>> Toolkit for HEP Event Generation - ThePEG 2.2.0 <<<<<<<<<<<<<<<<<<<<<<<<<
>>>> Tue Jun 30 00:16:08 2020                                             <<<<
<<<<<<<<<<<<<<<<<<<<<<<<<<<<<<<<<<<<<<<<<<<<<<<<<<<<<<<<<<<<<<<<<<<<<<<<<<<<<<

>> Herwig 7.2.0 / ThePEG 2.2.0

/Herwig/EventHandlers/NoCuts:
MHat  = 2 .. 12.6879 GeV
Scale = 0 .. 1e+12 GeV2
YHat  = -100 .. 100
X1    = 0 .. 1
X2    = 0 .. 1

* A warning exception of type ThePEG::LesHouchesReader::LesHouchesReopenWarning occurred while generating event number 1: 
Reopening LesHouchesReader 'myReader' after accessing 2 events out of 1
* A warning exception of type ThePEG::EventHandler::ConsistencyException occurred while generating event number 1: 
Event handler 'myLesHouchesHandler' found energy-momentum non-conservation by (-8.52651e-16,-2e-05,-3e-05;9.99981e-06) GeV after generating step number 4.

******************************************************************************
Event number 1 (id: ./OUTPUT/0.95MB1.05/1511425928/TMP/Cluster_HERWIGOutput_0) performed by myLesHouchesHandler
Weight: 1
==============================================================================

--- Colliding particles:
  1        e-      11  (3)   
                                 3.172     0.000    -0.000     3.172     0.000
  2        e+     -11  (3)   
                                -3.172     0.000     0.000     3.172     0.000
------------------------------------------------------------------------------
Primary sub-process performed by myReader
--- incoming:
  1        e-      11  (3)   
                                 3.172     0.000    -0.000     3.172     0.000
  2        e+     -11  (3)   
                                -3.172     0.000     0.000     3.172     0.000
--- intermediates:
  3     gamma      22 [1,2] (4..7)   
                                -0.000     0.000    -0.000     6.344     6.344
--- outgoing:
  4         g      21 [3] (8)  7>>5 {+1,-2}
                                 0.960     2.085     1.089     2.541     0.000
  5         g      21 [3] (9)  4>>6 {+3,-1}
                                -0.629     0.360    -1.047     1.274     0.000
  6         g      21 [3] (10)  5>>7 {+4,-3}
                                -0.100    -1.792    -0.234     1.810     0.000
  7         g      21 [3] (11)  6>>4 {+2,-4}
                                -0.231    -0.653     0.192     0.719     0.000
------------------------------------------------------------------------------
Step 1 performed by myLesHouchesHandler
--- intermediates:
  1        e-      11  (3)   
                                 3.172     0.000    -0.000     3.172     0.000
  2        e+     -11  (3)   
                                -3.172     0.000     0.000     3.172     0.000
  3     gamma      22 [1,2] (4..7)   
                                -0.000     0.000    -0.000     6.344     6.344
--- final:
  4         g      21 [3] (8)  7>>5 {+1,-2}
                                 0.960     2.085     1.089     2.541     0.000
  5         g      21 [3] (9)  4>>6 {+3,-1}
                                -0.629     0.360    -1.047     1.274     0.000
  6         g      21 [3] (10)  5>>7 {+4,-3}
                                -0.100    -1.792    -0.234     1.810     0.000
  7         g      21 [3] (11)  6>>4 {+2,-4}
                                -0.231    -0.653     0.192     0.719     0.000
------------------------------------------------------------------------------
     Sum of momenta:            -1e-05    -2e-05    -3e-05      6.34      6.34
------------------------------------------------------------------------------
Step 2 performed by ShowerHandler
--- final:
  8         g      21 [4] (12,13)  11>>9 {+1,-2}
                                 0.743     1.613     0.842     2.183     0.950
  9         g      21 [5] (14,15)  8>>10 {+3,-1}
                                -0.487     0.278    -0.810     1.369     0.950
 10         g      21 [6] (16,17)  9>>11 {+4,-3}
                                -0.077    -1.386    -0.181     1.692     0.950
 11         g      21 [7] (18,19)  10>>8 {+2,-4}
                                -0.179    -0.505     0.149     1.101     0.950
------------------------------------------------------------------------------
     Sum of momenta:            -1e-05    -2e-05    -3e-05      6.34      6.34
------------------------------------------------------------------------------
Step 3 performed by ClusterHadHandler
--- intermediates:
 12         d       1 [8] (23)   {+1}
                                 0.232     0.328     0.506     0.723     0.325
 13      dbar      -1 [8] (20)   {-2}
                                 0.510     1.285     0.336     1.460     0.325
 14         d       1 [9] (21)   {+3}
                                -0.426    -0.113    -0.608     0.818     0.325
 15      dbar      -1 [9] (23)   {-1}
                                -0.061     0.391    -0.203     0.551     0.325
 16         s       3 [10] (22)   {+4}
                                -0.158    -0.643    -0.175     0.819     0.450
 17      sbar      -3 [10] (21)   {-3}
                                 0.081    -0.744    -0.007     0.873     0.450
 18         d       1 [11] (20)   {+2}
                                -0.062    -0.329    -0.263     0.535     0.325
 19      dbar      -1 [11] (22)   {-4}
                                -0.117    -0.176     0.411     0.565     0.325
 20   Cluster      81 [13,18] (26,27)   
                                 0.449     0.956     0.074     1.995     1.691
 21   Cluster      81 [14,17] (30,31)   
                                -0.345    -0.857    -0.614     1.691     1.276
 22   Cluster      81 [16,19] (28,29)   
                                -0.275    -0.818     0.237     1.384     1.056
 23   Cluster      81 [12,15] (24,25)   
                                 0.171     0.719     0.304     1.274     0.992
--- final:
 24       pi-    -211 [23]    
                                 0.039    -0.072    -0.009     0.162     0.140
 25      rho+     213 [23] (32,33)   
                                 0.132     0.791     0.312     1.112     0.704
 26      a_2+     215 [20] (36,37)   
                                 0.535     0.533    -0.120     1.502     1.293
 27       pi-    -211 [20]    
                                -0.087     0.422     0.194     0.493     0.140
 28       K*-    -323 [22] (40,41)   
                                -0.260    -0.766     0.157     1.215     0.892
 29       pi+     211 [22]    
                                -0.015    -0.052     0.079     0.169     0.140
 30       pi-    -211 [21]    
                                -0.632    -0.746    -0.315     1.037     0.140
 31        K+     321 [21]    
                                 0.287    -0.110    -0.299     0.654     0.494
------------------------------------------------------------------------------
     Sum of momenta:            -1e-05    -2e-05    -3e-05      6.34      6.34
------------------------------------------------------------------------------
Step 4 performed by DecayHandler
--- intermediates:
 32       pi0     111 [25] (34,35)   
                                -0.057     0.562     0.470     0.747     0.135
 36      rho0     113 [26] (38,39)   
                                 0.103     0.421     0.386     0.813     0.569
 40     Kbar0    -311 [28] (42)   
                                -0.166    -0.793    -0.043     0.952     0.498
 42      K_S0     310 [40] (43,44)   
                                -0.166    -0.793    -0.043     0.952     0.498
--- final:
 24       pi-    -211 [23]    
                                 0.039    -0.072    -0.009     0.162     0.140
 27       pi-    -211 [20]    
                                -0.087     0.422     0.194     0.493     0.140
 29       pi+     211 [22]    
                                -0.015    -0.052     0.079     0.169     0.140
 30       pi-    -211 [21]    
                                -0.632    -0.746    -0.315     1.037     0.140
 31        K+     321 [21]    
                                 0.287    -0.110    -0.299     0.654     0.494
 33       pi+     211 [25]    
                                 0.189     0.230    -0.158     0.365     0.140
 34     gamma      22 [32]    
                                -0.064     0.270     0.157     0.319     0.000
 35     gamma      22 [32]    
                                 0.007     0.291     0.314     0.428     0.000
 37       pi+     211 [26]    
                                 0.432     0.112    -0.506     0.689     0.140
 38       pi+     211 [36]    
                                -0.073     0.169    -0.074     0.242     0.140
 39       pi-    -211 [36]    
                                 0.176     0.252     0.460     0.571     0.140
 41       pi-    -211 [28]    
                                -0.095     0.026     0.200     0.263     0.140
 43       pi+     211 [42]    
                                 0.034    -0.433    -0.189     0.494     0.140
 44       pi-    -211 [42]    
                                -0.199    -0.360     0.145     0.458     0.140
------------------------------------------------------------------------------
     Sum of momenta:            -1e-05    -2e-05    -3e-05      6.34      6.34

The following exception classes were reported in this run:
ThePEG::EventHandler::ConsistencyException warning (1 times)
ThePEG::LesHouchesReader::LesHouchesReopenWarning warning (1 times)
