>>>>>>>>>>>>>>>>>>>>>>>>>>>>>>>>>>>>>>>>>>>>>>>>>>>>>>>>>>>>>>>>>>>>>>>>>>>>>>
>>>> Toolkit for HEP Event Generation - ThePEG 2.2.0 <<<<<<<<<<<<<<<<<<<<<<<<<
>>>> Tue Jun 30 00:16:57 2020                                             <<<<
<<<<<<<<<<<<<<<<<<<<<<<<<<<<<<<<<<<<<<<<<<<<<<<<<<<<<<<<<<<<<<<<<<<<<<<<<<<<<<

>> Herwig 7.2.0 / ThePEG 2.2.0

/Herwig/EventHandlers/NoCuts:
MHat  = 2 .. 48.3752 GeV
Scale = 0 .. 1e+12 GeV2
YHat  = -100 .. 100
X1    = 0 .. 1
X2    = 0 .. 1

* A warning exception of type ThePEG::LesHouchesReader::LesHouchesReopenWarning occurred while generating event number 1: 
Reopening LesHouchesReader 'myReader' after accessing 2 events out of 1
* A warning exception of type ThePEG::EventHandler::ConsistencyException occurred while generating event number 1: 
Event handler 'myLesHouchesHandler' found energy-momentum non-conservation by (-2e-05,-3e-05,-3e-05;2.99998e-05) GeV after generating step number 4.

******************************************************************************
Event number 1 (id: ./OUTPUT/0.95MB1.05/1513342148/TMP/Cluster_HERWIGOutput_1) performed by myLesHouchesHandler
Weight: 1
==============================================================================

--- Colliding particles:
  1        e-      11  (3)   
                                12.094     0.000    -0.000    12.094     0.000
  2        e+     -11  (3)   
                               -12.094     0.000     0.000    12.094     0.000
------------------------------------------------------------------------------
Primary sub-process performed by myReader
--- incoming:
  1        e-      11  (3)   
                                12.094     0.000    -0.000    12.094     0.000
  2        e+     -11  (3)   
                               -12.094     0.000     0.000    12.094     0.000
--- intermediates:
  3     gamma      22 [1,2] (4..9)   
                                 0.000     0.000    -0.000    24.188    24.188
--- outgoing:
  4         g      21 [3] (10)  8>>8 {+1,-2}
                                 0.033     0.579    -0.504     0.768     0.000
  5         g      21 [3] (11)  9>>6 {+3,-4}
                                -0.104     0.026     0.790     0.797     0.000
  6         g      21 [3] (12)  5>>7 {+5,-3}
                                -2.367    -1.443    -0.341     2.793     0.000
  7         g      21 [3] (13)  6>>9 {+6,-5}
                                 1.902    -4.140     8.571     9.707     0.000
  8         g      21 [3] (16)  4>>4 {+2,-1}
                                 0.434     0.409    -2.481     2.552     0.000
  9         g      21 [3] (17)  7>>5 {+4,-6}
                                 0.101     4.569    -6.035     7.570     0.000
------------------------------------------------------------------------------
Step 1 performed by myLesHouchesHandler
--- intermediates:
  1        e-      11  (3)   
                                12.094     0.000    -0.000    12.094     0.000
  2        e+     -11  (3)   
                               -12.094     0.000     0.000    12.094     0.000
  3     gamma      22 [1,2] (4..9)   
                                 0.000     0.000    -0.000    24.188    24.188
--- final:
  4         g      21 [3] (10)  8>>8 {+1,-2}
                                 0.033     0.579    -0.504     0.768     0.000
  5         g      21 [3] (11)  9>>6 {+3,-4}
                                -0.104     0.026     0.790     0.797     0.000
  6         g      21 [3] (12)  5>>7 {+5,-3}
                                -2.367    -1.443    -0.341     2.793     0.000
  7         g      21 [3] (13)  6>>9 {+6,-5}
                                 1.902    -4.140     8.571     9.707     0.000
  8         g      21 [3] (16)  4>>4 {+2,-1}
                                 0.434     0.409    -2.481     2.552     0.000
  9         g      21 [3] (17)  7>>5 {+4,-6}
                                 0.101     4.569    -6.035     7.570     0.000
------------------------------------------------------------------------------
     Sum of momenta:            -3e-05    -3e-05    -3e-05      24.2      24.2
------------------------------------------------------------------------------
Step 2 performed by ShowerHandler
--- intermediates:
 13         g      21 [7] (14,15)   {+6,-5}
                                 1.753    -3.814     7.897     9.485     3.161
--- final:
 10         g      21 [4] (18,19)  16>>16 {+1,-2}
                                 0.030     0.533    -0.464     1.185     0.950
 11         g      21 [5] (20,21)  17>>12 {+3,-4}
                                -0.095     0.024     0.728     1.201     0.950
 12         g      21 [6] (22,23)  11>>14 {+5,-3}
                                -2.180    -1.329    -0.314     2.743     0.950
 14         g      21 [13] (28,29)  12>>15 {+7,-5}
                                -0.185    -0.405     2.765     2.957     0.950
 15         g      21 [13] (30,31)  14>>17 {+6,-7}
                                 1.937    -3.409     5.132     6.528     0.950
 16         g      21 [8] (24,25)  10>>10 {+2,-1}
                                 0.400     0.377    -2.286     2.536     0.950
 17         g      21 [9] (26,27)  15>>11 {+4,-6}
                                 0.093     4.209    -5.560     7.039     0.950
------------------------------------------------------------------------------
     Sum of momenta:            -3e-05    -3e-05    -3e-05      24.2      24.2
------------------------------------------------------------------------------
Step 3 performed by ClusterHadHandler
--- intermediates:
 18         u       2 [10] (36)   {+1}
                                 0.091    -0.005    -0.437     0.552     0.325
 19      ubar      -2 [10] (37)   {-2}
                                -0.061     0.539    -0.028     0.633     0.325
 20         d       1 [11] (32)   {+3}
                                 0.106    -0.198     0.060     0.400     0.325
 21      dbar      -1 [11] (33)   {-4}
                                -0.201     0.222     0.668     0.801     0.325
 22         u       2 [12] (36)   {+5}
                                -1.895    -0.929    -0.237     2.148     0.325
 23      ubar      -2 [12] (32)   {-3}
                                -0.286    -0.400    -0.077     0.594     0.325
 24         d       1 [16] (36)   {+2}
                                 0.022     0.241    -1.730     1.776     0.325
 25      dbar      -1 [16] (37)   {-1}
                                 0.378     0.136    -0.556     0.759     0.325
 26         d       1 [17] (33)   {+4}
                                -0.024     2.365    -3.649     4.360     0.325
 27      dbar      -1 [17] (34)   {-6}
                                 0.117     1.844    -1.911     2.678     0.325
 28         s       3 [14] (35)   {+7}
                                 0.006    -0.322     1.491     1.591     0.450
 29      sbar      -3 [14] (37)   {-5}
                                -0.191    -0.084     1.273     1.367     0.450
 30         u       2 [15] (34)   {+6}
                                 0.560    -1.451     2.431     2.904     0.325
 31      ubar      -2 [15] (35)   {-7}
                                 1.377    -1.958     2.701     3.624     0.325
 32   Cluster      81 [20,23] (44,45)   
                                -0.180    -0.599    -0.017     0.994     0.773
 33   Cluster      81 [21,26] (46,47)   
                                -0.225     2.587    -2.981     5.162     3.318
 34   Cluster      81 [27,30] (40,41)   
                                 0.677     0.393     0.520     5.582     5.502
 35   Cluster      81 [28,31] (42,43)   
                                 1.383    -2.280     4.192     5.214     1.583
 36   Cluster      81 [18,22,24] (38)   
                                -1.782    -0.694    -2.404     4.477     3.257
 37   Cluster      81 [19,25,29] (39)   
                                 0.127     0.591     0.690     2.759     2.602
 38   Cluster      81 [36] (48,49)   
                                -1.782    -0.694    -2.404     4.477     3.257
 39   Cluster      81 [37] (50,51)   
                                 0.127     0.591     0.690     2.759     2.602
 40   Cluster      81 [34] (52,53)   
                                 0.110     1.524    -1.561     2.315     0.767
 41   Cluster      81 [34] (54,55)   
                                 0.567    -1.131     2.080     3.267     2.179
--- final:
 42     Kbar0    -311 [35] (56)   
                                 0.336    -0.566     1.067     1.349     0.498
 43      rho-    -213 [35] (57,58)   
                                 1.047    -1.714     3.125     3.865     1.069
 44       pi-    -211 [32]    
                                 0.003    -0.012    -0.092     0.168     0.140
 45       eta     221 [32] (61,62)   
                                -0.183    -0.587     0.075     0.827     0.548
 46      a_10   20113 [33] (63,64)   
                                -0.285     1.480    -2.297     3.008     1.224
 47   omega_3     227 [33] (69,70)   
                                 0.060     1.107    -0.684     2.154     1.715
 48      rho+     213 [38] (75,76)   
                                 0.313    -0.485    -1.093     1.530     0.901
 49  n(1440)0   12112 [38] (79,80)   
                                -2.095    -0.208    -1.310     2.947     1.592
 50     K'_1+   20323 [39] (87,88)   
                                -0.387     0.414     0.018     1.484     1.371
 51     pbar-   -2212 [39]    
                                 0.513     0.178     0.671     1.275     0.938
 52       pi+     211 [40]    
                                 0.131     1.482    -1.575     2.171     0.140
 53       pi0     111 [40] (100,101)   
                                -0.022     0.042     0.015     0.144     0.135
 54     omega     223 [41] (102,103)   
                                 0.071     0.248     0.925     1.241     0.786
 55     omega     223 [41] (108,109)   
                                 0.496    -1.379     1.156     2.026     0.790
------------------------------------------------------------------------------
     Sum of momenta:            -3e-05    -3e-05    -3e-05      24.2      24.2
------------------------------------------------------------------------------
Step 4 performed by DecayHandler
--- intermediates:
 57       pi0     111 [43] (59,60)   
                                 0.177     0.110     0.378     0.452     0.135
 63    rho''+   30213 [46] (65,66)   
                                -0.377     1.205    -0.993     1.665     0.438
 66       pi0     111 [63] (67,68)   
                                -0.020     0.359    -0.156     0.414     0.135
 69      rho0     113 [47] (71,72)   
                                 0.279     0.587    -1.058     1.463     0.774
 70       pi0     111 [47] (73,74)   
                                -0.219     0.520     0.374     0.691     0.135
 75       pi0     111 [48] (77,78)   
                                -0.091     0.195    -0.168     0.304     0.135
 79    Delta0    2114 [49] (81,82)   
                                -1.848    -0.127    -0.829     2.383     1.250
 80       pi0     111 [49] (85,86)   
                                -0.247    -0.081    -0.481     0.563     0.135
 82       pi0     111 [79] (83,84)   
                                -0.726    -0.016    -0.103     0.746     0.135
 87       K*+     323 [50] (89,90)   
                                -0.138     0.417     0.366     1.035     0.862
 88       pi0     111 [50] (98,99)   
                                -0.249    -0.004    -0.348     0.449     0.135
 89        K0     311 [87] (91)   
                                -0.014     0.314    -0.025     0.589     0.498
 91      K_S0     310 [89] (92,93)   
                                -0.014     0.314    -0.025     0.589     0.498
 92       pi0     111 [91] (94,95)   
                                -0.171     0.302     0.031     0.374     0.135
 93       pi0     111 [91] (96,97)   
                                 0.157     0.011    -0.056     0.215     0.135
102      rho0     113 [54] (104,105)   
                                 0.046     0.264     0.653     0.936     0.615
103       pi0     111 [54] (106,107)   
                                 0.025    -0.016     0.272     0.305     0.135
108      rho-    -213 [55] (110,111)   
                                 0.492    -0.717     0.742     1.234     0.464
110       pi0     111 [108] (112,113)   
                                 0.296    -0.287     0.560     0.709     0.135
--- final:
 44       pi-    -211 [32]    
                                 0.003    -0.012    -0.092     0.168     0.140
 51     pbar-   -2212 [39]    
                                 0.513     0.178     0.671     1.275     0.938
 52       pi+     211 [40]    
                                 0.131     1.482    -1.575     2.171     0.140
 56      K_L0     130 [42]    
                                 0.336    -0.566     1.067     1.349     0.498
 58       pi-    -211 [43]    
                                 0.871    -1.824     2.747     3.413     0.140
 59     gamma      22 [57]    
                                 0.114     0.013     0.272     0.296     0.000
 60     gamma      22 [57]    
                                 0.063     0.097     0.106     0.157     0.000
 61     gamma      22 [45]    
                                -0.266    -0.586    -0.082     0.649     0.000
 62     gamma      22 [45]    
                                 0.083    -0.001     0.157     0.178     0.000
 64       pi-    -211 [46]    
                                 0.092     0.276    -1.304     1.343     0.140
 65       pi+     211 [63]    
                                -0.357     0.846    -0.837     1.250     0.140
 67     gamma      22 [66]    
                                 0.012     0.000    -0.031     0.033     0.000
 68     gamma      22 [66]    
                                -0.032     0.359    -0.125     0.381     0.000
 71       pi+     211 [69]    
                                 0.005     0.645    -0.890     1.108     0.140
 72       pi-    -211 [69]    
                                 0.274    -0.058    -0.168     0.355     0.140
 73     gamma      22 [70]    
                                -0.235     0.446     0.316     0.595     0.000
 74     gamma      22 [70]    
                                 0.016     0.074     0.059     0.096     0.000
 76       pi+     211 [48]    
                                 0.404    -0.680    -0.926     1.226     0.140
 77     gamma      22 [75]    
                                -0.058     0.082    -0.157     0.186     0.000
 78     gamma      22 [75]    
                                -0.033     0.113    -0.011     0.118     0.000
 81        n0    2112 [79]    
                                -1.121    -0.112    -0.726     1.637     0.940
 83     gamma      22 [82]    
                                -0.410    -0.035     0.004     0.411     0.000
 84     gamma      22 [82]    
                                -0.317     0.019    -0.107     0.335     0.000
 85     gamma      22 [80]    
                                -0.255    -0.097    -0.467     0.541     0.000
 86     gamma      22 [80]    
                                 0.008     0.016    -0.014     0.023     0.000
 90       pi+     211 [87]    
                                -0.123     0.104     0.392     0.446     0.140
 94     gamma      22 [92]    
                                -0.069     0.041    -0.032     0.086     0.000
 95     gamma      22 [92]    
                                -0.103     0.261     0.063     0.288     0.000
 96     gamma      22 [93]    
                                 0.086     0.010    -0.099     0.132     0.000
 97     gamma      22 [93]    
                                 0.071     0.001     0.043     0.083     0.000
 98     gamma      22 [88]    
                                -0.099     0.062    -0.113     0.163     0.000
 99     gamma      22 [88]    
                                -0.149    -0.065    -0.235     0.286     0.000
100     gamma      22 [53]    
                                -0.061     0.068     0.026     0.095     0.000
101     gamma      22 [53]    
                                 0.039    -0.026    -0.011     0.049     0.000
104       pi+     211 [102]    
                                 0.203     0.074     0.593     0.646     0.140
105       pi-    -211 [102]    
                                -0.157     0.191     0.060     0.290     0.140
106     gamma      22 [103]    
                                 0.042    -0.041     0.040     0.072     0.000
107     gamma      22 [103]    
                                -0.017     0.025     0.231     0.233     0.000
109       pi+     211 [55]    
                                 0.004    -0.661     0.413     0.792     0.140
111       pi-    -211 [108]    
                                 0.195    -0.431     0.182     0.526     0.140
112     gamma      22 [110]    
                                 0.157    -0.090     0.324     0.371     0.000
113     gamma      22 [110]    
                                 0.139    -0.197     0.236     0.338     0.000
------------------------------------------------------------------------------
     Sum of momenta:            -3e-05    -3e-05    -3e-05      24.2      24.2

The following exception classes were reported in this run:
ThePEG::EventHandler::ConsistencyException warning (1 times)
ThePEG::LesHouchesReader::LesHouchesReopenWarning warning (1 times)
