>>>>>>>>>>>>>>>>>>>>>>>>>>>>>>>>>>>>>>>>>>>>>>>>>>>>>>>>>>>>>>>>>>>>>>>>>>>>>>
>>>> Toolkit for HEP Event Generation - ThePEG 2.2.0 <<<<<<<<<<<<<<<<<<<<<<<<<
>>>> Tue Jun 30 00:48:58 2020                                             <<<<
<<<<<<<<<<<<<<<<<<<<<<<<<<<<<<<<<<<<<<<<<<<<<<<<<<<<<<<<<<<<<<<<<<<<<<<<<<<<<<

>> Herwig 7.2.0 / ThePEG 2.2.0

/Herwig/EventHandlers/NoCuts:
MHat  = 2 .. 71.5967 GeV
Scale = 0 .. 1e+12 GeV2
YHat  = -100 .. 100
X1    = 0 .. 1
X2    = 0 .. 1

* A warning exception of type ThePEG::LesHouchesReader::LesHouchesReopenWarning occurred while generating event number 1: 
Reopening LesHouchesReader 'myReader' after accessing 2 events out of 1
* A warning exception of type ThePEG::EventHandler::ConsistencyException occurred while generating event number 1: 
Event handler 'myLesHouchesHandler' found energy-momentum non-conservation by (-2e-05,-4e-05,-3e-05;2.99997e-05) GeV after generating step number 4.

******************************************************************************
Event number 1 (id: ./OUTPUT/0.95MB1.05/1512335477/TMP/Cluster_HERWIGOutput_41) performed by myLesHouchesHandler
Weight: 1
==============================================================================

--- Colliding particles:
  1        e-      11  (3)   
                                17.899     0.000     0.000    17.899     0.000
  2        e+     -11  (3)   
                               -17.899     0.000     0.000    17.899     0.000
------------------------------------------------------------------------------
Primary sub-process performed by myReader
--- incoming:
  1        e-      11  (3)   
                                17.899     0.000     0.000    17.899     0.000
  2        e+     -11  (3)   
                               -17.899     0.000     0.000    17.899     0.000
--- intermediates:
  3     gamma      22 [1,2] (4..9)   
                                 0.000     0.000    -0.000    35.798    35.798
--- outgoing:
  4         g      21 [3] (10)  6>>7 {+1,-2}
                                 1.623    -1.115     9.644     9.843     0.000
  5         g      21 [3] (13)  9>>6 {+3,-4}
                                 0.795    -4.790    -7.389     8.842     0.000
  6         g      21 [3] (16)  5>>4 {+2,-3}
                                -0.850     4.896    -0.027     4.970     0.000
  7         g      21 [3] (19)  4>>8 {+5,-1}
                                -2.013     2.457     4.201     5.267     0.000
  8         g      21 [3] (22)  7>>9 {+6,-5}
                                 0.543    -0.719    -5.904     5.972     0.000
  9         g      21 [3] (23)  8>>5 {+4,-6}
                                -0.099    -0.731    -0.525     0.905     0.000
------------------------------------------------------------------------------
Step 1 performed by myLesHouchesHandler
--- intermediates:
  1        e-      11  (3)   
                                17.899     0.000     0.000    17.899     0.000
  2        e+     -11  (3)   
                               -17.899     0.000     0.000    17.899     0.000
  3     gamma      22 [1,2] (4..9)   
                                 0.000     0.000    -0.000    35.798    35.798
--- final:
  4         g      21 [3] (10)  6>>7 {+1,-2}
                                 1.623    -1.115     9.644     9.843     0.000
  5         g      21 [3] (13)  9>>6 {+3,-4}
                                 0.795    -4.790    -7.389     8.842     0.000
  6         g      21 [3] (16)  5>>4 {+2,-3}
                                -0.850     4.896    -0.027     4.970     0.000
  7         g      21 [3] (19)  4>>8 {+5,-1}
                                -2.013     2.457     4.201     5.267     0.000
  8         g      21 [3] (22)  7>>9 {+6,-5}
                                 0.543    -0.719    -5.904     5.972     0.000
  9         g      21 [3] (23)  8>>5 {+4,-6}
                                -0.099    -0.731    -0.525     0.905     0.000
------------------------------------------------------------------------------
     Sum of momenta:            -3e-05    -4e-05    -3e-05      35.8      35.8
------------------------------------------------------------------------------
Step 2 performed by ShowerHandler
--- intermediates:
 10         g      21 [4] (11,12)   {+1,-2}
                                 1.448    -0.994     8.603     9.300     3.065
 13         g      21 [5] (14,15)   {+3,-4}
                                 0.709    -4.273    -6.592     8.641     3.530
 16         g      21 [6] (17,18)   {+2,-3}
                                -0.758     4.368    -0.024     5.436     3.145
 19         g      21 [7] (20,21)   {+5,-1}
                                -1.796     2.192     3.747     5.763     3.338
--- final:
 11         g      21 [10] (28,29)  12>>20 {+1,-7}
                                 0.828     0.676     4.597     4.814     0.950
 12         g      21 [10] (30,31)  18>>11 {+7,-2}
                                 0.620    -1.670     4.006     4.486     0.950
 14         g      21 [13] (36,37)  15>>17 {+3,-8}
                                -0.938    -0.965    -1.210     2.044     0.950
 15         g      21 [13] (38,39)  23>>14 {+8,-4}
                                 1.648    -3.307    -5.381     6.597     0.950
 17         g      21 [16] (40,41)  14>>18 {+9,-3}
                                 0.328     3.699    -0.181     3.837     0.950
 18         g      21 [16] (42,43)  17>>12 {+2,-9}
                                -1.086     0.669     0.157     1.599     0.950
 20         g      21 [19] (32,33)  11>>21 {+10,-1}
                                -1.155     1.928     3.876     4.580     0.950
 21         g      21 [19] (34,35)  20>>22 {+5,-10}
                                -0.641     0.264    -0.129     1.183     0.950
 22         g      21 [8] (24,25)  21>>23 {+6,-5}
                                 0.484    -0.641    -5.267     5.412     0.950
 23         g      21 [9] (26,27)  22>>15 {+4,-6}
                                -0.088    -0.652    -0.469     1.247     0.950
------------------------------------------------------------------------------
     Sum of momenta:            -3e-05    -4e-05    -3e-05      35.8      35.8
------------------------------------------------------------------------------
Step 3 performed by ClusterHadHandler
--- intermediates:
 24         d       1 [22] (50)   {+6}
                                 0.022    -0.217    -3.275     3.298     0.325
 25      dbar      -1 [22] (44)   {-5}
                                 0.463    -0.424    -1.992     2.113     0.325
 26         u       2 [23] (45)   {+4}
                                -0.159    -0.458    -0.603     0.839     0.325
 27      ubar      -2 [23] (51)   {-6}
                                 0.071    -0.194     0.134     0.408     0.325
 28         s       3 [11] (46)   {+1}
                                 0.448     0.512     2.480     2.610     0.450
 29      sbar      -3 [11] (47)   {-7}
                                 0.380     0.163     2.117     2.204     0.450
 30         d       1 [12] (47)   {+7}
                                 0.201    -0.637     2.342     2.457     0.325
 31      dbar      -1 [12] (52)   {-2}
                                 0.419    -1.032     1.664     2.029     0.325
 32         s       3 [20] (52)   {+10}
                                -0.519     0.680     1.442     1.736     0.450
 33      sbar      -3 [20] (46)   {-1}
                                -0.636     1.248     2.434     2.844     0.450
 34         d       1 [21] (44)   {+5}
                                -0.224    -0.222    -0.104     0.465     0.325
 35      dbar      -1 [21] (53)   {-10}
                                -0.417     0.486    -0.025     0.718     0.325
 36         u       2 [14] (48)   {+3}
                                -0.767    -0.764    -0.536     1.251     0.325
 37      ubar      -2 [14] (50)   {-8}
                                -0.172    -0.201    -0.674     0.793     0.325
 38         d       1 [15] (51)   {+8}
                                 1.064    -2.135    -2.872     3.748     0.325
 39      dbar      -1 [15] (45)   {-4}
                                 0.584    -1.173    -2.509     2.849     0.325
 40         u       2 [17] (49)   {+9}
                                 0.505     2.702    -0.077     2.769     0.325
 41      ubar      -2 [17] (48)   {-3}
                                -0.177     0.996    -0.104     1.068     0.325
 42         d       1 [18] (53)   {+2}
                                -0.902     0.287    -0.099     1.006     0.325
 43      dbar      -1 [18] (49)   {-9}
                                -0.184     0.382     0.256     0.593     0.325
 44   Cluster      81 [25,34] (56,57)   
                                 0.239    -0.646    -2.096     2.578     1.333
 45   Cluster      81 [26,39] (58,59)   
                                 0.425    -1.631    -3.112     3.688     1.038
 46   Cluster      81 [28,33] (68,69)   
                                -0.188     1.761     4.914     5.455     1.573
 47   Cluster      81 [29,30] (60,61)   
                                 0.581    -0.474     4.460     4.661     1.129
 48   Cluster      81 [36,41] (66,67)   
                                -0.943     0.233    -0.640     2.319     2.006
 49   Cluster      81 [40,43] (72,73)   
                                 0.320     3.084     0.179     3.362     1.286
 50   Cluster      81 [24,37] (64,65)   
                                -0.150    -0.418    -3.949     4.092     0.976
 51   Cluster      81 [27,38] (62,63)   
                                 1.134    -2.328    -2.738     4.155     1.750
 52   Cluster      81 [31,32] (70,71)   
                                -0.099    -0.353     3.106     3.765     2.096
 53   Cluster      81 [35,42] (54,55)   
                                -1.319     0.773    -0.124     1.724     0.788
--- final:
 54       pi0     111 [53] (74,75)   
                                -0.549     0.389     0.308     0.752     0.135
 55       pi0     111 [53] (76,77)   
                                -0.770     0.384    -0.432     0.972     0.135
 56       pi+     211 [44]    
                                -0.080    -0.612    -1.537     1.662     0.140
 57      rho-    -213 [44] (78,79)   
                                 0.319    -0.034    -0.559     0.916     0.651
 58       pi+     211 [45]    
                                 0.045    -0.686    -1.127     1.328     0.140
 59     omega     223 [45] (82,83)   
                                 0.380    -0.945    -1.985     2.360     0.772
 60       eta     221 [47] (88..90)   
                                 0.279    -0.302     1.644     1.781     0.548
 61        K0     311 [47] (97)   
                                 0.302    -0.173     2.815     2.880     0.498
 62       pi0     111 [51] (98,99)   
                                 0.788    -2.075    -1.752     2.831     0.135
 63      rho-    -213 [51] (100,101)   
                                 0.347    -0.254    -0.986     1.325     0.773
 64     omega     223 [50] (104,105)   
                                -0.225    -0.296    -3.137     3.256     0.788
 65       pi-    -211 [50]    
                                 0.075    -0.123    -0.811     0.836     0.140
 66       f_0 9010221 [48] (108,109)   
                                -0.509    -0.331    -0.495     1.264     0.991
 67      rho0     113 [48] (114,115)   
                                -0.434     0.564    -0.145     1.055     0.765
 68     Kbar0    -311 [46] (116)   
                                -0.617     1.394     3.082     3.474     0.498
 69        K0     311 [46] (117)   
                                 0.429     0.367     1.832     1.981     0.498
 70     Kbar0    -311 [52] (118)   
                                -0.489    -0.771     2.428     2.641     0.498
 71      rho0     113 [52] (125,126)   
                                 0.389     0.419     0.678     1.124     0.690
 72       pi+     211 [49]    
                                 0.177     0.111     0.101     0.271     0.140
 73     omega     223 [49] (127,128)   
                                 0.143     2.973     0.078     3.091     0.830
------------------------------------------------------------------------------
     Sum of momenta:            -3e-05    -4e-05    -3e-05      35.8      35.8
------------------------------------------------------------------------------
Step 4 performed by DecayHandler
--- intermediates:
 78       pi0     111 [57] (80,81)   
                                 0.125    -0.053     0.099     0.216     0.135
 82      rho0     113 [59] (84,85)   
                                 0.516    -0.868    -1.579     1.905     0.342
 83       pi0     111 [59] (86,87)   
                                -0.136    -0.077    -0.405     0.455     0.135
 88       pi0     111 [60] (91,92)   
                                 0.077     0.040     0.540     0.564     0.135
 89       pi0     111 [60] (93,94)   
                                 0.064    -0.164     0.710     0.744     0.135
 90       pi0     111 [60] (95,96)   
                                 0.138    -0.178     0.394     0.473     0.135
100       pi0     111 [63] (102,103)   
                                 0.375    -0.475    -0.678     0.919     0.135
105       pi0     111 [64] (106,107)   
                                -0.175    -0.277    -0.473     0.592     0.135
108       pi0     111 [66] (110,111)   
                                -0.407     0.163     0.101     0.470     0.135
109       pi0     111 [66] (112,113)   
                                -0.102    -0.495    -0.597     0.793     0.135
118      K_S0     310 [70] (119,120)   
                                -0.489    -0.771     2.428     2.641     0.498
119       pi0     111 [118] (121,122)   
                                -0.257    -0.701     1.873     2.021     0.135
120       pi0     111 [118] (123,124)   
                                -0.232    -0.070     0.554     0.620     0.135
127      rho-    -213 [73] (129,130)   
                                 0.152     1.506     0.274     1.605     0.457
129       pi0     111 [127] (131,132)   
                                 0.210     1.308     0.245     1.354     0.135
--- final:
 56       pi+     211 [44]    
                                -0.080    -0.612    -1.537     1.662     0.140
 58       pi+     211 [45]    
                                 0.045    -0.686    -1.127     1.328     0.140
 65       pi-    -211 [50]    
                                 0.075    -0.123    -0.811     0.836     0.140
 72       pi+     211 [49]    
                                 0.177     0.111     0.101     0.271     0.140
 74     gamma      22 [54]    
                                -0.532     0.369     0.260     0.698     0.000
 75     gamma      22 [54]    
                                -0.017     0.020     0.047     0.054     0.000
 76     gamma      22 [55]    
                                -0.183     0.098    -0.171     0.269     0.000
 77     gamma      22 [55]    
                                -0.587     0.286    -0.260     0.702     0.000
 79       pi-    -211 [57]    
                                 0.193     0.019    -0.658     0.700     0.140
 80     gamma      22 [78]    
                                -0.005    -0.048    -0.005     0.049     0.000
 81     gamma      22 [78]    
                                 0.130    -0.005     0.104     0.167     0.000
 84       pi+     211 [82]    
                                 0.249    -0.261    -0.628     0.737     0.140
 85       pi-    -211 [82]    
                                 0.268    -0.607    -0.951     1.168     0.140
 86     gamma      22 [83]    
                                -0.086    -0.115    -0.268     0.304     0.000
 87     gamma      22 [83]    
                                -0.050     0.038    -0.138     0.151     0.000
 91     gamma      22 [88]    
                                 0.086     0.071     0.280     0.301     0.000
 92     gamma      22 [88]    
                                -0.009    -0.031     0.261     0.263     0.000
 93     gamma      22 [89]    
                                 0.047    -0.187     0.642     0.670     0.000
 94     gamma      22 [89]    
                                 0.017     0.023     0.069     0.074     0.000
 95     gamma      22 [90]    
                                 0.096    -0.044     0.091     0.140     0.000
 96     gamma      22 [90]    
                                 0.042    -0.134     0.303     0.334     0.000
 97      K_L0     130 [61]    
                                 0.302    -0.173     2.815     2.880     0.498
 98     gamma      22 [62]    
                                 0.683    -1.842    -1.497     2.470     0.000
 99     gamma      22 [62]    
                                 0.104    -0.232    -0.255     0.360     0.000
101       pi-    -211 [63]    
                                -0.028     0.222    -0.308     0.405     0.140
102     gamma      22 [100]    
                                 0.001    -0.022    -0.070     0.073     0.000
103     gamma      22 [100]    
                                 0.374    -0.453    -0.608     0.846     0.000
104     gamma      22 [64]    
                                -0.050    -0.018    -2.664     2.664     0.000
106     gamma      22 [105]    
                                 0.008    -0.056    -0.032     0.065     0.000
107     gamma      22 [105]    
                                -0.183    -0.221    -0.441     0.526     0.000
110     gamma      22 [108]    
                                -0.298     0.073     0.022     0.308     0.000
111     gamma      22 [108]    
                                -0.109     0.090     0.079     0.162     0.000
112     gamma      22 [109]    
                                -0.119    -0.484    -0.588     0.771     0.000
113     gamma      22 [109]    
                                 0.018    -0.011    -0.008     0.022     0.000
114       pi+     211 [67]    
                                -0.563     0.390    -0.292     0.758     0.140
115       pi-    -211 [67]    
                                 0.129     0.174     0.148     0.297     0.140
116      K_L0     130 [68]    
                                -0.617     1.394     3.082     3.474     0.498
117      K_L0     130 [69]    
                                 0.429     0.367     1.832     1.981     0.498
121     gamma      22 [119]    
                                -0.062    -0.214     0.409     0.465     0.000
122     gamma      22 [119]    
                                -0.195    -0.488     1.465     1.556     0.000
123     gamma      22 [120]    
                                -0.030    -0.063     0.203     0.215     0.000
124     gamma      22 [120]    
                                -0.201    -0.007     0.352     0.405     0.000
125       pi+     211 [71]    
                                 0.442     0.132     0.635     0.797     0.140
126       pi-    -211 [71]    
                                -0.053     0.287     0.043     0.326     0.140
128       pi+     211 [73]    
                                -0.009     1.467    -0.195     1.486     0.140
130       pi-    -211 [127]    
                                -0.058     0.198     0.029     0.251     0.140
131     gamma      22 [129]    
                                -0.019     0.064     0.013     0.068     0.000
132     gamma      22 [129]    
                                 0.229     1.244     0.232     1.286     0.000
------------------------------------------------------------------------------
     Sum of momenta:            -3e-05    -4e-05    -3e-05      35.8      35.8

The following exception classes were reported in this run:
ThePEG::EventHandler::ConsistencyException warning (1 times)
ThePEG::LesHouchesReader::LesHouchesReopenWarning warning (1 times)
