>>>>>>>>>>>>>>>>>>>>>>>>>>>>>>>>>>>>>>>>>>>>>>>>>>>>>>>>>>>>>>>>>>>>>>>>>>>>>>
>>>> Toolkit for HEP Event Generation - ThePEG 2.2.0 <<<<<<<<<<<<<<<<<<<<<<<<<
>>>> Tue Jun 30 00:49:27 2020                                             <<<<
<<<<<<<<<<<<<<<<<<<<<<<<<<<<<<<<<<<<<<<<<<<<<<<<<<<<<<<<<<<<<<<<<<<<<<<<<<<<<<

>> Herwig 7.2.0 / ThePEG 2.2.0

/Herwig/EventHandlers/NoCuts:
MHat  = 2 .. 121.731 GeV
Scale = 0 .. 1e+12 GeV2
YHat  = -100 .. 100
X1    = 0 .. 1
X2    = 0 .. 1

* A warning exception of type ThePEG::LesHouchesReader::LesHouchesReopenWarning occurred while generating event number 1: 
Reopening LesHouchesReader 'myReader' after accessing 2 events out of 1
* A warning exception of type ThePEG::EventHandler::ConsistencyException occurred while generating event number 1: 
Event handler 'myLesHouchesHandler' found energy-momentum non-conservation by (-5e-05,-4e-05,-5e-05;4.79971e-05) GeV after generating step number 4.

******************************************************************************
Event number 1 (id: ./OUTPUT/0.95MB1.05/1511391750/TMP/Cluster_HERWIGOutput_42) performed by myLesHouchesHandler
Weight: 1
==============================================================================

--- Colliding particles:
  1        e-      11  (3)   
                                30.433     0.000     0.000    30.433     0.000
  2        e+     -11  (3)   
                               -30.433     0.000     0.000    30.433     0.000
------------------------------------------------------------------------------
Primary sub-process performed by myReader
--- incoming:
  1        e-      11  (3)   
                                30.433     0.000     0.000    30.433     0.000
  2        e+     -11  (3)   
                               -30.433     0.000     0.000    30.433     0.000
--- intermediates:
  3     gamma      22 [1,2] (4..14)   
                                 0.000     0.000     0.000    60.865    60.865
--- outgoing:
  4         g      21 [3] (15)  14>>12 {+1,-2}
                                -0.890     5.314    -2.076     5.775     0.000
  5         g      21 [3] (18)  10>>14 {+3,-4}
                                 2.917    -5.039    -2.041     6.170     0.000
  6         g      21 [3] (19)  7>>7 {+5,-6}
                                 1.210     6.456    -7.303     9.822     0.000
  7         g      21 [3] (20)  6>>6 {+6,-5}
                                -1.227     1.280    -0.439     1.827     0.000
  8         g      21 [3] (21)  9>>10 {+7,-8}
                                -0.260    -2.575     8.217     8.614     0.000
  9         g      21 [3] (24)  12>>8 {+8,-9}
                                -6.721    -5.989     5.771    10.694     0.000
 10         g      21 [3] (27)  8>>5 {+4,-7}
                                -0.234     2.571    -0.730     2.683     0.000
 11         g      21 [3] (28)  13>>13 {+10,-11}
                                 2.365     1.037     4.958     5.590     0.000
 12         g      21 [3] (29)  4>>9 {+9,-1}
                                 0.685    -0.588    -1.959     2.157     0.000
 13         g      21 [3] (30)  11>>11 {+11,-10}
                                 0.410     0.531     0.948     1.161     0.000
 14         g      21 [3] (31)  5>>4 {+2,-3}
                                 1.744    -2.999    -5.345     6.372     0.000
------------------------------------------------------------------------------
Step 1 performed by myLesHouchesHandler
--- intermediates:
  1        e-      11  (3)   
                                30.433     0.000     0.000    30.433     0.000
  2        e+     -11  (3)   
                               -30.433     0.000     0.000    30.433     0.000
  3     gamma      22 [1,2] (4..14)   
                                 0.000     0.000     0.000    60.865    60.865
--- final:
  4         g      21 [3] (15)  14>>12 {+1,-2}
                                -0.890     5.314    -2.076     5.775     0.000
  5         g      21 [3] (18)  10>>14 {+3,-4}
                                 2.917    -5.039    -2.041     6.170     0.000
  6         g      21 [3] (19)  7>>7 {+5,-6}
                                 1.210     6.456    -7.303     9.822     0.000
  7         g      21 [3] (20)  6>>6 {+6,-5}
                                -1.227     1.280    -0.439     1.827     0.000
  8         g      21 [3] (21)  9>>10 {+7,-8}
                                -0.260    -2.575     8.217     8.614     0.000
  9         g      21 [3] (24)  12>>8 {+8,-9}
                                -6.721    -5.989     5.771    10.694     0.000
 10         g      21 [3] (27)  8>>5 {+4,-7}
                                -0.234     2.571    -0.730     2.683     0.000
 11         g      21 [3] (28)  13>>13 {+10,-11}
                                 2.365     1.037     4.958     5.590     0.000
 12         g      21 [3] (29)  4>>9 {+9,-1}
                                 0.685    -0.588    -1.959     2.157     0.000
 13         g      21 [3] (30)  11>>11 {+11,-10}
                                 0.410     0.531     0.948     1.161     0.000
 14         g      21 [3] (31)  5>>4 {+2,-3}
                                 1.744    -2.999    -5.345     6.372     0.000
------------------------------------------------------------------------------
     Sum of momenta:            -5e-05    -4e-05    -5e-05      60.9      60.9
------------------------------------------------------------------------------
Step 2 performed by ShowerHandler
--- intermediates:
 15         g      21 [4] (16,17)   {+1,-2}
                                -0.826     4.936    -1.929     7.013     4.519
 21         g      21 [8] (22,23)   {+7,-8}
                                -0.241    -2.391     7.632     8.634     3.244
 24         g      21 [9] (25,26)   {+8,-9}
                                -6.243    -5.563     5.361    10.696     3.966
--- final:
 16         d       1 [15] (60)  >29 {+1}
                                 1.093     4.459    -1.976     5.009     0.325
 17      dbar      -1 [15] (61)  31> {-2}
                                -1.919     0.478     0.048     2.005     0.325
 18         g      21 [5] (32,33)  27>>31 {+3,-4}
                                 2.710    -4.680    -1.896     5.809     0.950
 19         g      21 [6] (34,35)  20>>20 {+5,-6}
                                 1.124     5.997    -6.784     9.173     0.950
 20         g      21 [7] (36,37)  19>>19 {+6,-5}
                                -1.140     1.189    -0.408     1.945     0.950
 22         g      21 [21] (52,53)  23>>27 {+7,-12}
                                -1.295    -1.898     4.083     4.780     0.950
 23         g      21 [21] (54,55)  25>>22 {+12,-8}
                                 1.053    -0.493     3.549     3.854     0.950
 25         g      21 [24] (48,49)  26>>23 {+8,-13}
                                -4.450    -3.489     5.277     7.792     0.950
 26         g      21 [24] (50,51)  29>>25 {+13,-9}
                                -1.793    -2.074     0.084     2.903     0.950
 27         g      21 [10] (38,39)  22>>18 {+4,-7}
                                -0.218     2.388    -0.678     2.667     0.950
 28         g      21 [11] (40,41)  30>>30 {+10,-11}
                                 2.197     0.963     4.605     5.279     0.950
 29         g      21 [12] (42,43)  16>>26 {+9,-1}
                                 0.636    -0.546    -1.820     2.217     0.950
 30         g      21 [13] (44,45)  28>>28 {+11,-10}
                                 0.381     0.494     0.880     1.437     0.950
 31         g      21 [14] (46,47)  18>>17 {+2,-3}
                                 1.620    -2.785    -4.965     5.995     0.950
------------------------------------------------------------------------------
     Sum of momenta:            -5e-05    -4e-05    -5e-05      60.9      60.9
------------------------------------------------------------------------------
Step 3 performed by ClusterHadHandler
--- intermediates:
 32         u       2 [18] (56)   {+3}
                                 2.396    -3.966    -1.569     4.903     0.325
 33      ubar      -2 [18] (57)   {-4}
                                 0.313    -0.714    -0.327     0.906     0.325
 34         d       1 [19] (58)   {+5}
                                 0.371     1.752    -1.602     2.425     0.325
 35      dbar      -1 [19] (59)   {-6}
                                 0.753     4.245    -5.182     6.748     0.325
 36         u       2 [20] (59)   {+6}
                                -0.087     0.499    -0.129     0.615     0.325
 37      ubar      -2 [20] (58)   {-5}
                                -1.052     0.690    -0.279     1.329     0.325
 38         d       1 [27] (57)   {+4}
                                 0.218     0.838    -0.121     0.933     0.325
 39      dbar      -1 [27] (67)   {-7}
                                -0.435     1.550    -0.557     1.734     0.325
 40         s       3 [28] (64)   {+10}
                                 1.030     0.614     2.350     2.677     0.450
 41      sbar      -3 [28] (66)   {-11}
                                 1.166     0.349     2.255     2.602     0.450
 42         u       2 [29] (64)   {+9}
                                 0.552    -0.021    -1.001     1.188     0.325
 43      ubar      -2 [29] (60)   {-1}
                                 0.085    -0.525    -0.819     1.029     0.325
 44         d       1 [30] (67)   {+11}
                                 0.525     0.450     0.489     0.907     0.325
 45      dbar      -1 [30] (65)   {-10}
                                -0.144     0.044     0.392     0.531     0.325
 46         u       2 [31] (61)   {+2}
                                 1.468    -2.066    -3.811     4.588     0.325
 47      ubar      -2 [31] (56)   {-3}
                                 0.152    -0.719    -1.154     1.407     0.325
 48         d       1 [25] (62)   {+8}
                                -3.120    -2.783     3.861     5.700     0.325
 49      dbar      -1 [25] (63)   {-13}
                                -1.330    -0.706     1.416     2.092     0.325
 50         u       2 [26] (63)   {+13}
                                -0.724    -1.262    -0.163     1.500     0.325
 51      ubar      -2 [26] (65)   {-9}
                                -1.069    -0.812     0.247     1.404     0.325
 52         s       3 [22] (66)   {+7}
                                -0.896    -1.238     2.578     3.030     0.450
 53      sbar      -3 [22] (65)   {-12}
                                -0.399    -0.660     1.505     1.750     0.450
 54         s       3 [23] (64)   {+12}
                                 0.309    -0.196     1.487     1.596     0.450
 55      sbar      -3 [23] (62)   {-8}
                                 0.744    -0.298     2.062     2.258     0.450
 56   Cluster      81 [32,47] (76,77)   
                                 2.549    -4.685    -2.723     6.310     1.987
 57   Cluster      81 [33,38] (88,89)   
                                 0.531     0.124    -0.448     1.839     1.698
 58   Cluster      81 [34,37] (78,79)   
                                -0.681     2.442    -1.880     3.754     2.031
 59   Cluster      81 [35,36] (82,83)   
                                 0.665     4.743    -5.311     7.364     1.754
 60   Cluster      81 [16,43] (74,75)   
                                 1.178     3.934    -2.795     6.038     3.432
 61   Cluster      81 [17,46] (72,73)   
                                -0.451    -1.589    -3.763     6.593     5.156
 62   Cluster      81 [48,55] (80,81)   
                                -2.376    -3.081     5.923     7.958     3.621
 63   Cluster      81 [49,50] (90,91)   
                                -2.054    -1.968     1.253     3.592     1.800
 64   Cluster      81 [40,42,54] (69)   
                                 1.891     0.398     2.836     5.461     4.248
 65   Cluster      81 [45,51,53] (68)   
                                -1.612    -1.429     2.144     3.684     2.083
 66   Cluster      81 [41,52] (84,85)   
                                 0.271    -0.889     4.833     5.632     2.739
 67   Cluster      81 [39,44] (86,87)   
                                 0.090     2.000    -0.068     2.641     1.721
 68   Cluster      81 [65] (92,93)   
                                -1.612    -1.429     2.144     3.684     2.083
 69   Cluster      81 [64] (70,71)   
                                 1.891     0.398     2.836     5.461     4.248
 70   Cluster      81 [69] (94,95)   
                                 0.884     0.125     0.513     2.372     2.137
 71   Cluster      81 [69] (96,97)   
                                 1.008     0.273     2.323     3.089     1.748
 72   Cluster      81 [61] (98,99)   
                                 0.518    -1.695    -3.488     5.096     3.265
 73   Cluster      81 [61] (100,101)   
                                -0.969     0.107    -0.275     1.497     1.102
--- final:
 74      a_10   20113 [60] (102,103)   
                                -0.226     1.444    -1.274     2.377     1.375
 75     rho'- -100213 [60] (108,109)   
                                 1.404     2.490    -1.521     3.661     1.709
 76       h_1   10223 [56] (112,113)   
                                 1.547    -2.304    -1.456     3.361     1.213
 77      rho0     113 [56] (118,119)   
                                 1.002    -2.381    -1.267     2.949     0.646
 78       f_2     225 [58] (120,121)   
                                -0.931     2.229    -1.152     2.942     1.224
 79       pi-    -211 [58]    
                                 0.250     0.214    -0.728     0.811     0.140
 80      b_1-  -10213 [62] (122,123)   
                                -2.067    -2.874     2.581     4.484     0.959
 81       K*+     323 [62] (130,131)   
                                -0.310    -0.207     3.342     3.474     0.872
 82      rho0     113 [59] (134,135)   
                                 0.483     4.559    -4.367     6.375     0.743
 83       pi+     211 [59]    
                                 0.182     0.185    -0.944     0.989     0.140
 84K_2(1820)-  -20325 [66] (136,137)   
                                 0.063    -0.697     3.412     3.922     1.803
 85       K*+     323 [66] (140,141)   
                                 0.208    -0.192     1.421     1.710     0.908
 86       pi-    -211 [67]    
                                -0.076     0.549     0.298     0.645     0.140
 87      a_1+   20213 [67] (144,145)   
                                 0.166     1.451    -0.366     1.996     1.311
 88      rho0     113 [57] (148,149)   
                                 0.334    -0.482     0.045     1.021     0.835
 89       pi-    -211 [57]    
                                 0.197     0.606    -0.493     0.818     0.140
 90      a_2+     215 [63] (150,151)   
                                -1.572    -1.872     0.739     2.868     1.305
 91       pi0     111 [63] (162,163)   
                                -0.482    -0.096     0.514     0.724     0.135
 92      rho-    -213 [68] (164,165)   
                                -1.043    -0.596     0.679     1.540     0.684
 93 Sigmabar+   -3112 [68] (168,169)   
                                -0.569    -0.833     1.465     2.144     1.197
 94        p+    2212 [70]    
                                 0.237    -0.268     0.590     1.165     0.938
 95     pbar-   -2212 [70]    
                                 0.646     0.393    -0.076     1.208     0.938
 96       Xi-    3312 [71] (170,171)   
                                 0.560     0.492     1.788     2.345     1.321
 97       pi+     211 [71]    
                                 0.448    -0.219     0.535     0.744     0.140
 98  n(1535)0   22112 [72] (174,175)   
                                -0.065    -0.795    -0.982     2.006     1.557
 99nbar(1535)  -22112 [72] (178,179)   
                                 0.583    -0.900    -2.507     3.090     1.454
100     omega     223 [73] (180,181)   
                                -0.556    -0.137    -0.125     0.975     0.779
101       pi+     211 [73]    
                                -0.414     0.244    -0.150     0.522     0.140
------------------------------------------------------------------------------
     Sum of momenta:            -5e-05    -4e-05    -5e-05      60.9      60.9
------------------------------------------------------------------------------
Step 4 performed by DecayHandler
--- intermediates:
102      rho+     213 [74] (104,105)   
                                -0.278     1.599    -1.190     2.146     0.744
105       pi0     111 [102] (106,107)   
                                -0.406     1.120    -0.535     1.313     0.135
108       pi0     111 [75] (110,111)   
                                 0.044     0.077     0.302     0.342     0.135
112      rho0     113 [76] (114,115)   
                                 0.747    -1.276    -0.577     1.783     0.813
113       pi0     111 [76] (116,117)   
                                 0.800    -1.028    -0.880     1.578     0.135
122     omega     223 [80] (124,125)   
                                -1.671    -2.347     1.990     3.589     0.785
124      rho0     113 [122] (126,127)   
                                -1.549    -2.135     1.921     3.301     0.497
125       pi0     111 [122] (128,129)   
                                -0.122    -0.212     0.069     0.288     0.135
131       pi0     111 [81] (132,133)   
                                 0.079    -0.126     1.735     1.746     0.135
136  K*_2bar0    -315 [84] (138,139)   
                                 0.293    -0.578     2.891     3.324     1.507
141       pi0     111 [85] (142,143)   
                                -0.024    -0.104     1.003     1.017     0.135
144    rho''0   30113 [87] (146,147)   
                                 0.282     0.992    -0.155     1.460     1.022
150     omega     223 [90] (152,153)   
                                -0.969    -1.052     0.572     1.730     0.788
151      rho+     213 [90] (158,159)   
                                -0.604    -0.820     0.167     1.138     0.480
152      rho-    -213 [150] (154,155)   
                                -0.912    -0.963     0.546     1.553     0.595
154       pi0     111 [152] (156,157)   
                                -0.304    -0.052     0.043     0.339     0.135
158       pi0     111 [151] (160,161)   
                                -0.210    -0.275     0.248     0.446     0.135
164       pi0     111 [92] (166,167)   
                                -0.489    -0.409     0.676     0.939     0.135
170   Lambda0    3122 [96] (172,173)   
                                 0.579     0.329     1.578     2.044     1.116
175       eta     221 [98] (176,177)   
                                 0.040    -0.533    -0.487     0.907     0.548
180      rho-    -213 [100] (182,183)   
                                -0.412    -0.218     0.077     0.679     0.488
182       pi0     111 [180] (184,185)   
                                -0.451    -0.143     0.128     0.508     0.135
--- final:
 79       pi-    -211 [58]    
                                 0.250     0.214    -0.728     0.811     0.140
 83       pi+     211 [59]    
                                 0.182     0.185    -0.944     0.989     0.140
 86       pi-    -211 [67]    
                                -0.076     0.549     0.298     0.645     0.140
 89       pi-    -211 [57]    
                                 0.197     0.606    -0.493     0.818     0.140
 94        p+    2212 [70]    
                                 0.237    -0.268     0.590     1.165     0.938
 95     pbar-   -2212 [70]    
                                 0.646     0.393    -0.076     1.208     0.938
 97       pi+     211 [71]    
                                 0.448    -0.219     0.535     0.744     0.140
101       pi+     211 [73]    
                                -0.414     0.244    -0.150     0.522     0.140
103       pi-    -211 [74]    
                                 0.052    -0.155    -0.084     0.231     0.140
104       pi+     211 [102]    
                                 0.128     0.479    -0.655     0.833     0.140
106     gamma      22 [105]    
                                -0.011     0.040    -0.050     0.065     0.000
107     gamma      22 [105]    
                                -0.395     1.080    -0.486     1.248     0.000
109       pi-    -211 [75]    
                                 1.360     2.413    -1.823     3.318     0.140
110     gamma      22 [108]    
                                 0.067     0.007     0.230     0.239     0.000
111     gamma      22 [108]    
                                -0.023     0.070     0.072     0.103     0.000
114       pi+     211 [112]    
                                 0.492    -1.240    -0.636     1.485     0.140
115       pi-    -211 [112]    
                                 0.254    -0.036     0.059     0.298     0.140
116     gamma      22 [113]    
                                 0.216    -0.338    -0.212     0.454     0.000
117     gamma      22 [113]    
                                 0.584    -0.690    -0.668     1.124     0.000
118       pi+     211 [77]    
                                 0.528    -0.905    -0.794     1.323     0.140
119       pi-    -211 [77]    
                                 0.473    -1.476    -0.472     1.626     0.140
120       pi-    -211 [78]    
                                -0.229     0.550     0.230     0.654     0.140
121       pi+     211 [78]    
                                -0.702     1.679    -1.382     2.289     0.140
123       pi-    -211 [80]    
                                -0.396    -0.526     0.591     0.896     0.140
126       pi+     211 [124]    
                                -0.917    -1.366     1.420     2.177     0.140
127       pi-    -211 [124]    
                                -0.632    -0.770     0.501     1.123     0.140
128     gamma      22 [125]    
                                -0.010    -0.140     0.006     0.141     0.000
129     gamma      22 [125]    
                                -0.112    -0.072     0.063     0.147     0.000
130        K+     321 [81]    
                                -0.389    -0.081     1.607     1.727     0.494
132     gamma      22 [131]    
                                -0.021    -0.067     0.366     0.373     0.000
133     gamma      22 [131]    
                                 0.100    -0.059     1.369     1.374     0.000
134       pi+     211 [82]    
                                 0.275     2.310    -2.686     3.556     0.140
135       pi-    -211 [82]    
                                 0.209     2.249    -1.681     2.819     0.140
137       pi-    -211 [84]    
                                -0.229    -0.119     0.520     0.598     0.140
138        K-    -321 [136]    
                                -0.011     0.295     1.789     1.879     0.494
139       pi+     211 [136]    
                                 0.303    -0.873     1.102     1.445     0.140
140        K+     321 [85]    
                                 0.231    -0.088     0.419     0.693     0.494
142     gamma      22 [141]    
                                 0.048    -0.014     0.458     0.461     0.000
143     gamma      22 [141]    
                                -0.071    -0.090     0.545     0.557     0.000
145       pi+     211 [87]    
                                -0.116     0.458    -0.211     0.536     0.140
146       pi+     211 [144]    
                                -0.227     0.757    -0.313     0.861     0.140
147       pi-    -211 [144]    
                                 0.509     0.235     0.158     0.599     0.140
148       pi+     211 [88]    
                                 0.312     0.146     0.063     0.377     0.140
149       pi-    -211 [88]    
                                 0.022    -0.628    -0.018     0.644     0.140
153       pi+     211 [150]    
                                -0.056    -0.088     0.025     0.176     0.140
155       pi-    -211 [152]    
                                -0.608    -0.911     0.503     1.214     0.140
156     gamma      22 [154]    
                                -0.216    -0.086     0.068     0.242     0.000
157     gamma      22 [154]    
                                -0.088     0.034    -0.024     0.098     0.000
159       pi+     211 [151]    
                                -0.394    -0.545    -0.081     0.692     0.140
160     gamma      22 [158]    
                                 0.009    -0.009     0.045     0.047     0.000
161     gamma      22 [158]    
                                -0.219    -0.266     0.203     0.399     0.000
162     gamma      22 [91]    
                                -0.405    -0.039     0.365     0.547     0.000
163     gamma      22 [91]    
                                -0.077    -0.057     0.149     0.177     0.000
165       pi-    -211 [92]    
                                -0.555    -0.186     0.003     0.602     0.140
166     gamma      22 [164]    
                                -0.019    -0.000    -0.001     0.019     0.000
167     gamma      22 [164]    
                                -0.470    -0.409     0.677     0.920     0.000
168     nbar0   -2112 [93]    
                                -0.639    -0.732     1.402     1.948     0.940
169       pi+     211 [93]    
                                 0.070    -0.101     0.062     0.196     0.140
171       pi-    -211 [96]    
                                -0.019     0.163     0.210     0.301     0.140
172        p+    2212 [170]    
                                 0.494     0.253     1.483     1.840     0.938
173       pi-    -211 [170]    
                                 0.086     0.076     0.096     0.204     0.140
174        n0    2112 [98]    
                                -0.105    -0.262    -0.494     1.098     0.940
176     gamma      22 [175]    
                                -0.204    -0.464    -0.276     0.577     0.000
177     gamma      22 [175]    
                                 0.244    -0.069    -0.212     0.330     0.000
178     pbar-   -2212 [99]    
                                 0.783    -0.771    -2.385     2.789     0.938
179       pi+     211 [99]    
                                -0.200    -0.129    -0.121     0.301     0.140
181       pi+     211 [100]    
                                -0.144     0.081    -0.202     0.296     0.140
183       pi-    -211 [180]    
                                 0.039    -0.075    -0.051     0.171     0.140
184     gamma      22 [182]    
                                -0.400    -0.109     0.153     0.442     0.000
185     gamma      22 [182]    
                                -0.051    -0.034    -0.025     0.067     0.000
------------------------------------------------------------------------------
     Sum of momenta:            -5e-05    -4e-05    -5e-05      60.9      60.9

The following exception classes were reported in this run:
ThePEG::EventHandler::ConsistencyException warning (1 times)
ThePEG::LesHouchesReader::LesHouchesReopenWarning warning (1 times)
