>>>>>>>>>>>>>>>>>>>>>>>>>>>>>>>>>>>>>>>>>>>>>>>>>>>>>>>>>>>>>>>>>>>>>>>>>>>>>>
>>>> Toolkit for HEP Event Generation - ThePEG 2.2.0 <<<<<<<<<<<<<<<<<<<<<<<<<
>>>> Tue Jun 30 00:31:29 2020                                             <<<<
<<<<<<<<<<<<<<<<<<<<<<<<<<<<<<<<<<<<<<<<<<<<<<<<<<<<<<<<<<<<<<<<<<<<<<<<<<<<<<

>> Herwig 7.2.0 / ThePEG 2.2.0

/Herwig/EventHandlers/NoCuts:
MHat  = 2 .. 16.3919 GeV
Scale = 0 .. 1e+12 GeV2
YHat  = -100 .. 100
X1    = 0 .. 1
X2    = 0 .. 1

* A warning exception of type ThePEG::LesHouchesReader::LesHouchesReopenWarning occurred while generating event number 1: 
Reopening LesHouchesReader 'myReader' after accessing 2 events out of 1
* A warning exception of type ThePEG::EventHandler::ConsistencyException occurred while generating event number 1: 
Event handler 'myLesHouchesHandler' found energy-momentum non-conservation by (-1e-05,-2e-05,-3e-05;9.99996e-06) GeV after generating step number 4.

******************************************************************************
Event number 1 (id: ./OUTPUT/0.95MB1.05/1512289876/TMP/Cluster_HERWIGOutput_19) performed by myLesHouchesHandler
Weight: 1
==============================================================================

--- Colliding particles:
  1        e-      11  (3)   
                                 4.098     0.000     0.000     4.098     0.000
  2        e+     -11  (3)   
                                -4.098     0.000    -0.000     4.098     0.000
------------------------------------------------------------------------------
Primary sub-process performed by myReader
--- incoming:
  1        e-      11  (3)   
                                 4.098     0.000     0.000     4.098     0.000
  2        e+     -11  (3)   
                                -4.098     0.000    -0.000     4.098     0.000
--- intermediates:
  3     gamma      22 [1,2] (4..7)   
                                -0.000     0.000    -0.000     8.196     8.196
--- outgoing:
  4         g      21 [3] (8)  7>>5 {+1,-2}
                                 0.960    -0.424    -1.656     1.961     0.000
  5         g      21 [3] (9)  4>>6 {+3,-1}
                                -1.077    -0.614     1.502     1.947     0.000
  6         g      21 [3] (10)  5>>7 {+4,-3}
                                -0.424    -1.249    -1.013     1.663     0.000
  7         g      21 [3] (11)  6>>4 {+2,-4}
                                 0.542     2.287     1.167     2.624     0.000
------------------------------------------------------------------------------
Step 1 performed by myLesHouchesHandler
--- intermediates:
  1        e-      11  (3)   
                                 4.098     0.000     0.000     4.098     0.000
  2        e+     -11  (3)   
                                -4.098     0.000    -0.000     4.098     0.000
  3     gamma      22 [1,2] (4..7)   
                                -0.000     0.000    -0.000     8.196     8.196
--- final:
  4         g      21 [3] (8)  7>>5 {+1,-2}
                                 0.960    -0.424    -1.656     1.961     0.000
  5         g      21 [3] (9)  4>>6 {+3,-1}
                                -1.077    -0.614     1.502     1.947     0.000
  6         g      21 [3] (10)  5>>7 {+4,-3}
                                -0.424    -1.249    -1.013     1.663     0.000
  7         g      21 [3] (11)  6>>4 {+2,-4}
                                 0.542     2.287     1.167     2.624     0.000
------------------------------------------------------------------------------
     Sum of momenta:            -2e-05    -2e-05    -3e-05       8.2       8.2
------------------------------------------------------------------------------
Step 2 performed by ShowerHandler
--- final:
  8         g      21 [4] (12,13)  11>>9 {+1,-2}
                                 0.848    -0.375    -1.463     1.976     0.950
  9         g      21 [5] (14,15)  8>>10 {+3,-1}
                                -0.952    -0.542     1.327     1.965     0.950
 10         g      21 [6] (16,17)  9>>11 {+4,-3}
                                -0.375    -1.104    -0.895     1.750     0.950
 11         g      21 [7] (18,19)  10>>8 {+2,-4}
                                 0.479     2.020     1.031     2.505     0.950
------------------------------------------------------------------------------
     Sum of momenta:            -2e-05    -2e-05    -3e-05       8.2       8.2
------------------------------------------------------------------------------
Step 3 performed by ClusterHadHandler
--- intermediates:
 12         u       2 [8] (20)   {+1}
                                 0.738    -0.511    -1.120     1.472     0.325
 13      ubar      -2 [8] (21)   {-2}
                                 0.110     0.136    -0.343     0.504     0.325
 14         s       3 [9] (22)   {+3}
                                -0.638    -0.408     0.881     1.246     0.450
 15      sbar      -3 [9] (20)   {-1}
                                -0.314    -0.134     0.446     0.720     0.450
 16         u       2 [10] (23)   {+4}
                                -0.438    -0.394    -0.633     0.924     0.325
 17      ubar      -2 [10] (22)   {-3}
                                 0.064    -0.710    -0.262     0.826     0.325
 18         s       3 [11] (21)   {+2}
                                 0.157     0.676     0.318     0.886     0.450
 19      sbar      -3 [11] (23)   {-4}
                                 0.322     1.345     0.713     1.619     0.450
 20   Cluster      81 [12,15] (26,27)   
                                 0.424    -0.645    -0.674     2.191     1.937
 21   Cluster      81 [13,18] (28,29)   
                                 0.267     0.812    -0.025     1.390     1.096
 22   Cluster      81 [14,17] (30,31)   
                                -0.574    -1.118     0.619     2.071     1.526
 23   Cluster      81 [16,19] (24,25)   
                                -0.117     0.951     0.080     2.543     2.355
--- final:
 24        n0    2112 [23]    
                                 0.182    -0.023    -0.095     0.962     0.940
 25 Sigmabar+   -3112 [23] (32,33)   
                                -0.299     0.973     0.174     1.581     1.197
 26      rho+     213 [20] (34,35)   
                                 0.098    -0.935    -0.748     1.525     0.940
 27        K0     311 [20] (38)   
                                 0.326     0.290     0.073     0.666     0.498
 28       pi-    -211 [21]    
                                 0.491     0.396    -0.211     0.679     0.140
 29     Kbar0    -311 [21] (39)   
                                -0.224     0.416     0.186     0.711     0.498
 30   K_1bar0  -10313 [22] (40,41)   
                                -0.533    -1.029     0.621     1.901     1.373
 31       pi-    -211 [22]    
                                -0.041    -0.089    -0.002     0.170     0.140
------------------------------------------------------------------------------
     Sum of momenta:            -2e-05    -2e-05    -3e-05       8.2       8.2
------------------------------------------------------------------------------
Step 4 performed by DecayHandler
--- intermediates:
 34       pi0     111 [26] (36,37)   
                                 0.482    -0.379    -0.455     0.776     0.135
 40      rho0     113 [30] (42,43)   
                                -0.172    -0.467     0.210     0.972     0.808
 41     Kbar0    -311 [30] (44)   
                                -0.361    -0.562     0.410     0.929     0.498
 44      K_S0     310 [41] (45,46)   
                                -0.361    -0.562     0.410     0.929     0.498
 45       pi0     111 [44] (47,48)   
                                -0.253    -0.451     0.082     0.541     0.135
 46       pi0     111 [44] (49,50)   
                                -0.108    -0.110     0.329     0.387     0.135
--- final:
 24        n0    2112 [23]    
                                 0.182    -0.023    -0.095     0.962     0.940
 28       pi-    -211 [21]    
                                 0.491     0.396    -0.211     0.679     0.140
 31       pi-    -211 [22]    
                                -0.041    -0.089    -0.002     0.170     0.140
 32     nbar0   -2112 [25]    
                                -0.148     0.560     0.057     1.105     0.940
 33       pi+     211 [25]    
                                -0.151     0.413     0.117     0.476     0.140
 35       pi+     211 [26]    
                                -0.385    -0.556    -0.292     0.750     0.140
 36     gamma      22 [34]    
                                 0.363    -0.224    -0.361     0.559     0.000
 37     gamma      22 [34]    
                                 0.120    -0.155    -0.095     0.217     0.000
 38      K_L0     130 [27]    
                                 0.326     0.290     0.073     0.666     0.498
 39      K_L0     130 [29]    
                                -0.224     0.416     0.186     0.711     0.498
 42       pi+     211 [40]    
                                -0.406    -0.392    -0.056     0.584     0.140
 43       pi-    -211 [40]    
                                 0.234    -0.075     0.267     0.388     0.140
 47     gamma      22 [45]    
                                -0.072    -0.252     0.010     0.262     0.000
 48     gamma      22 [45]    
                                -0.182    -0.200     0.071     0.279     0.000
 49     gamma      22 [46]    
                                 0.007    -0.012    -0.009     0.017     0.000
 50     gamma      22 [46]    
                                -0.115    -0.098     0.338     0.370     0.000
------------------------------------------------------------------------------
     Sum of momenta:            -2e-05    -2e-05    -3e-05       8.2       8.2

The following exception classes were reported in this run:
ThePEG::EventHandler::ConsistencyException warning (1 times)
ThePEG::LesHouchesReader::LesHouchesReopenWarning warning (1 times)
