>>>>>>>>>>>>>>>>>>>>>>>>>>>>>>>>>>>>>>>>>>>>>>>>>>>>>>>>>>>>>>>>>>>>>>>>>>>>>>
>>>> Toolkit for HEP Event Generation - ThePEG 2.2.0 <<<<<<<<<<<<<<<<<<<<<<<<<
>>>> Tue Jun 30 00:45:30 2020                                             <<<<
<<<<<<<<<<<<<<<<<<<<<<<<<<<<<<<<<<<<<<<<<<<<<<<<<<<<<<<<<<<<<<<<<<<<<<<<<<<<<<

>> Herwig 7.2.0 / ThePEG 2.2.0

/Herwig/EventHandlers/NoCuts:
MHat  = 2 .. 13.8714 GeV
Scale = 0 .. 1e+12 GeV2
YHat  = -100 .. 100
X1    = 0 .. 1
X2    = 0 .. 1

* A warning exception of type ThePEG::LesHouchesReader::LesHouchesReopenWarning occurred while generating event number 1: 
Reopening LesHouchesReader 'myReader' after accessing 2 events out of 1
* A warning exception of type ThePEG::EventHandler::ConsistencyException occurred while generating event number 1: 
Event handler 'myLesHouchesHandler' found energy-momentum non-conservation by (-2e-05,-1e-05,-3e-05;1.99996e-05) GeV after generating step number 4.

******************************************************************************
Event number 1 (id: ./OUTPUT/0.95MB1.05/1513243360/TMP/Cluster_HERWIGOutput_37) performed by myLesHouchesHandler
Weight: 1
==============================================================================

--- Colliding particles:
  1        e-      11  (3)   
                                 3.468     0.000     0.000     3.468     0.000
  2        e+     -11  (3)   
                                -3.468     0.000     0.000     3.468     0.000
------------------------------------------------------------------------------
Primary sub-process performed by myReader
--- incoming:
  1        e-      11  (3)   
                                 3.468     0.000     0.000     3.468     0.000
  2        e+     -11  (3)   
                                -3.468     0.000     0.000     3.468     0.000
--- intermediates:
  3     gamma      22 [1,2] (4..7)   
                                 0.000     0.000     0.000     6.936     6.936
--- outgoing:
  4         g      21 [3] (8)  5>>7 {+1,-2}
                                -0.479    -1.212     0.650     1.456     0.000
  5         g      21 [3] (9)  6>>4 {+2,-3}
                                -1.743     0.772    -0.519     1.976     0.000
  6         g      21 [3] (10)  7>>5 {+3,-4}
                                 1.010     1.549     0.058     1.850     0.000
  7         g      21 [3] (11)  4>>6 {+4,-1}
                                 1.212    -1.109    -0.188     1.653     0.000
------------------------------------------------------------------------------
Step 1 performed by myLesHouchesHandler
--- intermediates:
  1        e-      11  (3)   
                                 3.468     0.000     0.000     3.468     0.000
  2        e+     -11  (3)   
                                -3.468     0.000     0.000     3.468     0.000
  3     gamma      22 [1,2] (4..7)   
                                 0.000     0.000     0.000     6.936     6.936
--- final:
  4         g      21 [3] (8)  5>>7 {+1,-2}
                                -0.479    -1.212     0.650     1.456     0.000
  5         g      21 [3] (9)  6>>4 {+2,-3}
                                -1.743     0.772    -0.519     1.976     0.000
  6         g      21 [3] (10)  7>>5 {+3,-4}
                                 1.010     1.549     0.058     1.850     0.000
  7         g      21 [3] (11)  4>>6 {+4,-1}
                                 1.212    -1.109    -0.188     1.653     0.000
------------------------------------------------------------------------------
     Sum of momenta:            -2e-05    -1e-05    -3e-05      6.94      6.94
------------------------------------------------------------------------------
Step 2 performed by ShowerHandler
--- final:
  8         g      21 [4] (12,13)  9>>11 {+1,-2}
                                -0.400    -1.012     0.542     1.543     0.950
  9         g      21 [5] (14,15)  10>>8 {+2,-3}
                                -1.455     0.645    -0.433     1.904     0.950
 10         g      21 [6] (16,17)  11>>9 {+3,-4}
                                 0.843     1.293     0.048     1.813     0.950
 11         g      21 [7] (18,19)  8>>10 {+4,-1}
                                 1.012    -0.926    -0.157     1.676     0.950
------------------------------------------------------------------------------
     Sum of momenta:            -2e-05    -1e-05    -3e-05      6.94      6.94
------------------------------------------------------------------------------
Step 3 performed by ClusterHadHandler
--- intermediates:
 12         d       1 [8] (23)   {+1}
                                -0.321    -0.972     0.550     1.206     0.325
 13      dbar      -1 [8] (20)   {-2}
                                -0.078    -0.041    -0.007     0.337     0.325
 14         d       1 [9] (21)   {+2}
                                -0.946     0.083    -0.392     1.077     0.325
 15      dbar      -1 [9] (23)   {-3}
                                -0.509     0.562    -0.042     0.826     0.325
 16         s       3 [10] (22)   {+3}
                                 0.283     0.654    -0.063     0.845     0.450
 17      sbar      -3 [10] (21)   {-4}
                                 0.561     0.639     0.111     0.968     0.450
 18         d       1 [11] (20)   {+4}
                                 0.594    -0.600    -0.424     1.000     0.325
 19      dbar      -1 [11] (22)   {-1}
                                 0.417    -0.326     0.267     0.676     0.325
 20   Cluster      81 [13,18] (28,29)   
                                 0.516    -0.641    -0.431     1.336     0.961
 21   Cluster      81 [14,17] (26,27)   
                                -0.385     0.722    -0.281     2.046     1.854
 22   Cluster      81 [16,19] (30,31)   
                                 0.700     0.329     0.204     1.521     1.294
 23   Cluster      81 [12,15] (24,25)   
                                -0.831    -0.409     0.508     2.032     1.736
--- final:
 24      a_2-    -215 [23] (32,33)   
                                -0.631    -0.361     0.786     1.660     1.268
 25       pi+     211 [23]    
                                -0.199    -0.048    -0.278     0.373     0.140
 26     omega     223 [21] (36,37)   
                                -0.211     0.021    -0.332     0.890     0.798
 27       K*0     313 [21] (42,43)   
                                -0.174     0.701     0.052     1.156     0.900
 28       pi-    -211 [20]    
                                 0.452    -0.783    -0.577     1.082     0.140
 29       pi+     211 [20]    
                                 0.064     0.142     0.145     0.255     0.140
 30     Kbar0    -311 [22] (47)   
                                 0.650     0.191    -0.053     0.842     0.498
 31      rho0     113 [22] (48,49)   
                                 0.050     0.137     0.257     0.679     0.611
------------------------------------------------------------------------------
     Sum of momenta:            -2e-05    -1e-05    -3e-05      6.94      6.94
------------------------------------------------------------------------------
Step 4 performed by DecayHandler
--- intermediates:
 32       eta     221 [24] (34,35)   
                                -0.323     0.074    -0.068     0.644     0.548
 36      rho-    -213 [26] (38,39)   
                                -0.179     0.224    -0.124     0.566     0.472
 38       pi0     111 [36] (40,41)   
                                -0.063     0.229     0.088     0.287     0.135
 42        K0     311 [27] (44)   
                                 0.027     0.139    -0.095     0.526     0.498
 43       pi0     111 [27] (45,46)   
                                -0.201     0.562     0.147     0.629     0.135
--- final:
 25       pi+     211 [23]    
                                -0.199    -0.048    -0.278     0.373     0.140
 28       pi-    -211 [20]    
                                 0.452    -0.783    -0.577     1.082     0.140
 29       pi+     211 [20]    
                                 0.064     0.142     0.145     0.255     0.140
 33       pi-    -211 [24]    
                                -0.308    -0.435     0.854     1.016     0.140
 34     gamma      22 [32]    
                                -0.212     0.299    -0.121     0.386     0.000
 35     gamma      22 [32]    
                                -0.112    -0.226     0.054     0.258     0.000
 37       pi+     211 [26]    
                                -0.032    -0.203    -0.208     0.324     0.140
 39       pi-    -211 [36]    
                                -0.116    -0.005    -0.212     0.279     0.140
 40     gamma      22 [38]    
                                -0.045     0.027    -0.021     0.057     0.000
 41     gamma      22 [38]    
                                -0.018     0.202     0.109     0.230     0.000
 44      K_L0     130 [42]    
                                 0.027     0.139    -0.095     0.526     0.498
 45     gamma      22 [43]    
                                -0.218     0.467     0.121     0.529     0.000
 46     gamma      22 [43]    
                                 0.017     0.095     0.026     0.100     0.000
 47      K_L0     130 [30]    
                                 0.650     0.191    -0.053     0.842     0.498
 48       pi+     211 [31]    
                                -0.236     0.126     0.071     0.310     0.140
 49       pi-    -211 [31]    
                                 0.286     0.012     0.186     0.369     0.140
------------------------------------------------------------------------------
     Sum of momenta:            -2e-05    -1e-05    -3e-05      6.94      6.94

The following exception classes were reported in this run:
ThePEG::EventHandler::ConsistencyException warning (1 times)
ThePEG::LesHouchesReader::LesHouchesReopenWarning warning (1 times)
