>>>>>>>>>>>>>>>>>>>>>>>>>>>>>>>>>>>>>>>>>>>>>>>>>>>>>>>>>>>>>>>>>>>>>>>>>>>>>>
>>>> Toolkit for HEP Event Generation - ThePEG 2.2.0 <<<<<<<<<<<<<<<<<<<<<<<<<
>>>> Tue Jun 30 00:53:54 2020                                             <<<<
<<<<<<<<<<<<<<<<<<<<<<<<<<<<<<<<<<<<<<<<<<<<<<<<<<<<<<<<<<<<<<<<<<<<<<<<<<<<<<

>> Herwig 7.2.0 / ThePEG 2.2.0

/Herwig/EventHandlers/NoCuts:
MHat  = 2 .. 44.3789 GeV
Scale = 0 .. 1e+12 GeV2
YHat  = -100 .. 100
X1    = 0 .. 1
X2    = 0 .. 1

* A warning exception of type ThePEG::LesHouchesReader::LesHouchesReopenWarning occurred while generating event number 1: 
Reopening LesHouchesReader 'myReader' after accessing 2 events out of 1
* A warning exception of type ThePEG::EventHandler::ConsistencyException occurred while generating event number 1: 
Event handler 'myLesHouchesHandler' found energy-momentum non-conservation by (-1e-05,-2e-05,-3e-05;9.9994e-06) GeV after generating step number 4.

******************************************************************************
Event number 1 (id: ./OUTPUT/0.95MB1.05/1514773608/TMP/Cluster_HERWIGOutput_34) performed by myLesHouchesHandler
Weight: 1
==============================================================================

--- Colliding particles:
  1        e-      11  (3)   
                                11.095     0.000     0.000    11.095     0.000
  2        e+     -11  (3)   
                               -11.095     0.000     0.000    11.095     0.000
------------------------------------------------------------------------------
Primary sub-process performed by myReader
--- incoming:
  1        e-      11  (3)   
                                11.095     0.000     0.000    11.095     0.000
  2        e+     -11  (3)   
                               -11.095     0.000     0.000    11.095     0.000
--- intermediates:
  3     gamma      22 [1,2] (4..8)   
                                -0.000     0.000     0.000    22.189    22.189
--- outgoing:
  4         g      21 [3] (9)  6>>7 {+1,-2}
                                -0.041    -0.790    -0.881     1.184     0.000
  5         g      21 [3] (10)  7>>8 {+3,-4}
                                -1.938     0.091     4.426     4.832     0.000
  6         g      21 [3] (11)  8>>4 {+2,-5}
                                 0.196    -5.908     0.003     5.911     0.000
  7         g      21 [3] (12)  4>>5 {+4,-1}
                                -0.924    -0.200     1.203     1.530     0.000
  8         g      21 [3] (13)  5>>6 {+5,-3}
                                 2.707     6.808    -4.752     8.732     0.000
------------------------------------------------------------------------------
Step 1 performed by myLesHouchesHandler
--- intermediates:
  1        e-      11  (3)   
                                11.095     0.000     0.000    11.095     0.000
  2        e+     -11  (3)   
                               -11.095     0.000     0.000    11.095     0.000
  3     gamma      22 [1,2] (4..8)   
                                -0.000     0.000     0.000    22.189    22.189
--- final:
  4         g      21 [3] (9)  6>>7 {+1,-2}
                                -0.041    -0.790    -0.881     1.184     0.000
  5         g      21 [3] (10)  7>>8 {+3,-4}
                                -1.938     0.091     4.426     4.832     0.000
  6         g      21 [3] (11)  8>>4 {+2,-5}
                                 0.196    -5.908     0.003     5.911     0.000
  7         g      21 [3] (12)  4>>5 {+4,-1}
                                -0.924    -0.200     1.203     1.530     0.000
  8         g      21 [3] (13)  5>>6 {+5,-3}
                                 2.707     6.808    -4.752     8.732     0.000
------------------------------------------------------------------------------
     Sum of momenta:            -2e-05    -2e-05    -3e-05      22.2      22.2
------------------------------------------------------------------------------
Step 2 performed by ShowerHandler
--- final:
  9         g      21 [4] (14,15)  11>>12 {+1,-2}
                                -0.040    -0.760    -0.847     1.483     0.950
 10         g      21 [5] (16,17)  12>>13 {+3,-4}
                                -1.863     0.088     4.255     4.742     0.950
 11         g      21 [6] (18,19)  13>>9 {+2,-5}
                                 0.188    -5.681     0.003     5.763     0.950
 12         g      21 [7] (20,21)  9>>10 {+4,-1}
                                -0.888    -0.193     1.157     1.751     0.950
 13         g      21 [8] (22,23)  10>>11 {+5,-3}
                                 2.603     6.546    -4.569     8.450     0.950
------------------------------------------------------------------------------
     Sum of momenta:            -2e-05    -2e-05    -3e-05      22.2      22.2
------------------------------------------------------------------------------
Step 3 performed by ClusterHadHandler
--- intermediates:
 14         u       2 [9] (27)   {+1}
                                -0.359    -0.316    -0.348     0.675     0.325
 15      ubar      -2 [9] (24)   {-2}
                                 0.319    -0.444    -0.498     0.808     0.325
 16         u       2 [10] (28)   {+3}
                                -1.085    -0.024     1.649     2.001     0.325
 17      ubar      -2 [10] (25)   {-4}
                                -0.778     0.112     2.607     2.742     0.325
 18         u       2 [11] (24)   {+2}
                                 0.393    -3.409     0.182     3.452     0.325
 19      ubar      -2 [11] (26)   {-5}
                                -0.205    -2.272    -0.179     2.311     0.325
 20         u       2 [12] (25)   {+4}
                                -0.216    -0.375     0.402     0.674     0.325
 21      ubar      -2 [12] (28)   {-1}
                                -0.672     0.182     0.755     1.077     0.325
 22         u       2 [13] (26)   {+5}
                                 0.446     1.789    -1.310     2.284     0.325
 23      ubar      -2 [13] (27)   {-3}
                                 2.157     4.757    -3.259     6.165     0.325
 24   Cluster      81 [15,18] (37,38)   
                                 0.712    -3.853    -0.316     4.260     1.641
 25   Cluster      81 [17,20] (31,32)   
                                -0.994    -0.263     3.009     3.416     1.248
 26   Cluster      81 [19,22] (29,30)   
                                 0.241    -0.483    -1.488     4.596     4.314
 27   Cluster      81 [14,23] (35,36)   
                                 1.798     4.441    -3.608     6.840     3.289
 28   Cluster      81 [16,21] (33,34)   
                                -1.757     0.158     2.404     3.078     0.763
 29   Cluster      81 [26] (39,40)   
                                 0.052    -0.511    -0.541     1.937     1.787
 30   Cluster      81 [26] (41,42)   
                                 0.189     0.028    -0.947     2.659     2.477
--- final:
 31       pi-    -211 [25]    
                                -0.392    -0.191     0.342     0.572     0.140
 32      rho+     213 [25] (43,44)   
                                -0.602    -0.072     2.666     2.844     0.782
 33       pi+     211 [28]    
                                -0.831     0.342     1.550     1.797     0.140
 34       pi-    -211 [28]    
                                -0.926    -0.184     0.853     1.280     0.140
 35      a_2+     215 [27] (47,48)   
                                -0.144     1.581    -1.589     2.541     1.189
 36    rho_3-    -217 [27] (56,57)   
                                 1.943     2.860    -2.019     4.299     1.566
 37      rho-    -213 [24] (60,61)   
                                 0.110    -2.384    -0.335     2.517     0.726
 38      rho+     213 [24] (64,65)   
                                 0.602    -1.469     0.019     1.743     0.718
 39       pi-    -211 [29]    
                                -0.442    -0.304    -0.577     0.800     0.140
 40       h_1   10223 [29] (68,69)   
                                 0.494    -0.207     0.036     1.136     1.001
 41        p+    2212 [30]    
                                 0.421    -0.649    -0.131     1.223     0.938
 42     nbar0   -2112 [30]    
                                -0.233     0.676    -0.817     1.436     0.940
------------------------------------------------------------------------------
     Sum of momenta:            -2e-05    -2e-05    -3e-05      22.2      22.2
------------------------------------------------------------------------------
Step 4 performed by DecayHandler
--- intermediates:
 43       pi0     111 [32] (45,46)   
                                -0.315    -0.386     1.742     1.817     0.135
 47      rho+     213 [35] (49,50)   
                                 0.056     1.570    -1.485     2.278     0.720
 48       pi0     111 [35] (54,55)   
                                -0.200     0.011    -0.104     0.263     0.135
 49       pi0     111 [47] (51..53)   
                                 0.303     0.580    -0.383     0.770     0.135
 57       pi0     111 [36] (58,59)   
                                 0.742     0.838    -1.517     1.890     0.135
 60       pi0     111 [37] (62,63)   
                                 0.108    -0.094     0.009     0.197     0.135
 64       pi0     111 [38] (66,67)   
                                 0.473    -0.346     0.048     0.603     0.135
 68      rho0     113 [40] (70,71)   
                                 0.369     0.039    -0.036     0.821     0.731
 69       pi0     111 [40] (72,73)   
                                 0.125    -0.246     0.072     0.316     0.135
--- final:
 31       pi-    -211 [25]    
                                -0.392    -0.191     0.342     0.572     0.140
 33       pi+     211 [28]    
                                -0.831     0.342     1.550     1.797     0.140
 34       pi-    -211 [28]    
                                -0.926    -0.184     0.853     1.280     0.140
 39       pi-    -211 [29]    
                                -0.442    -0.304    -0.577     0.800     0.140
 41        p+    2212 [30]    
                                 0.421    -0.649    -0.131     1.223     0.938
 42     nbar0   -2112 [30]    
                                -0.233     0.676    -0.817     1.436     0.940
 44       pi+     211 [32]    
                                -0.287     0.314     0.924     1.027     0.140
 45     gamma      22 [43]    
                                -0.112    -0.239     0.823     0.864     0.000
 46     gamma      22 [43]    
                                -0.203    -0.147     0.919     0.953     0.000
 50       pi+     211 [47]    
                                -0.247     0.990    -1.102     1.508     0.140
 51     gamma      22 [49]    
                                 0.068     0.148    -0.033     0.166     0.000
 52        e-      11 [49]    
                                 0.135     0.227    -0.197     0.329     0.001
 53        e+     -11 [49]    
                                 0.100     0.206    -0.153     0.275     0.001
 54     gamma      22 [48]    
                                -0.054     0.066    -0.043     0.096     0.000
 55     gamma      22 [48]    
                                -0.146    -0.055    -0.061     0.167     0.000
 56       pi-    -211 [36]    
                                 1.200     2.022    -0.501     2.409     0.140
 58     gamma      22 [57]    
                                 0.586     0.688    -1.302     1.585     0.000
 59     gamma      22 [57]    
                                 0.157     0.150    -0.215     0.305     0.000
 61       pi-    -211 [37]    
                                 0.002    -2.290    -0.345     2.320     0.140
 62     gamma      22 [60]    
                                 0.131    -0.041    -0.004     0.137     0.000
 63     gamma      22 [60]    
                                -0.023    -0.053     0.013     0.060     0.000
 65       pi+     211 [38]    
                                 0.129    -1.123    -0.029     1.140     0.140
 66     gamma      22 [64]    
                                 0.394    -0.343     0.036     0.524     0.000
 67     gamma      22 [64]    
                                 0.078    -0.003     0.012     0.079     0.000
 70       pi+     211 [68]    
                                 0.458    -0.001    -0.255     0.543     0.140
 71       pi-    -211 [68]    
                                -0.089     0.040     0.219     0.278     0.140
 72     gamma      22 [69]    
                                 0.066    -0.186     0.107     0.224     0.000
 73     gamma      22 [69]    
                                 0.059    -0.060    -0.035     0.091     0.000
------------------------------------------------------------------------------
     Sum of momenta:            -2e-05    -2e-05    -3e-05      22.2      22.2

The following exception classes were reported in this run:
ThePEG::EventHandler::ConsistencyException warning (1 times)
ThePEG::LesHouchesReader::LesHouchesReopenWarning warning (1 times)
