>>>>>>>>>>>>>>>>>>>>>>>>>>>>>>>>>>>>>>>>>>>>>>>>>>>>>>>>>>>>>>>>>>>>>>>>>>>>>>
>>>> Toolkit for HEP Event Generation - ThePEG 2.2.0 <<<<<<<<<<<<<<<<<<<<<<<<<
>>>> Tue Jun 30 00:37:39 2020                                             <<<<
<<<<<<<<<<<<<<<<<<<<<<<<<<<<<<<<<<<<<<<<<<<<<<<<<<<<<<<<<<<<<<<<<<<<<<<<<<<<<<

>> Herwig 7.2.0 / ThePEG 2.2.0

/Herwig/EventHandlers/NoCuts:
MHat  = 2 .. 10.3178 GeV
Scale = 0 .. 1e+12 GeV2
YHat  = -100 .. 100
X1    = 0 .. 1
X2    = 0 .. 1

* A warning exception of type ThePEG::LesHouchesReader::LesHouchesReopenWarning occurred while generating event number 1: 
Reopening LesHouchesReader 'myReader' after accessing 2 events out of 1
* A warning exception of type ThePEG::EventHandler::ConsistencyException occurred while generating event number 1: 
Event handler 'myLesHouchesHandler' found energy-momentum non-conservation by (-2e-05,-3e-05,-3e-05;1e-05) GeV after generating step number 4.

******************************************************************************
Event number 1 (id: ./OUTPUT/0.95MB1.05/1513342141/TMP/Cluster_HERWIGOutput_27) performed by myLesHouchesHandler
Weight: 1
==============================================================================

--- Colliding particles:
  1        e-      11  (3)   
                                 2.579     0.000     0.000     2.579     0.000
  2        e+     -11  (3)   
                                -2.579     0.000    -0.000     2.579     0.000
------------------------------------------------------------------------------
Primary sub-process performed by myReader
--- incoming:
  1        e-      11  (3)   
                                 2.579     0.000     0.000     2.579     0.000
  2        e+     -11  (3)   
                                -2.579     0.000    -0.000     2.579     0.000
--- intermediates:
  3     gamma      22 [1,2] (4..8)   
                                 0.000     0.000     0.000     5.159     5.159
--- outgoing:
  4         g      21 [3] (9)  6>>7 {+1,-2}
                                -0.835    -0.680     0.783     1.332     0.000
  5         g      21 [3] (10)  7>>8 {+3,-4}
                                 0.058     1.055    -0.695     1.264     0.000
  6         g      21 [3] (11)  8>>4 {+2,-5}
                                -0.096     0.758    -0.364     0.846     0.000
  7         g      21 [3] (12)  4>>5 {+4,-1}
                                 0.674    -1.134     0.505     1.413     0.000
  8         g      21 [3] (13)  5>>6 {+5,-3}
                                 0.199     0.002    -0.230     0.304     0.000
------------------------------------------------------------------------------
Step 1 performed by myLesHouchesHandler
--- intermediates:
  1        e-      11  (3)   
                                 2.579     0.000     0.000     2.579     0.000
  2        e+     -11  (3)   
                                -2.579     0.000    -0.000     2.579     0.000
  3     gamma      22 [1,2] (4..8)   
                                 0.000     0.000     0.000     5.159     5.159
--- final:
  4         g      21 [3] (9)  6>>7 {+1,-2}
                                -0.835    -0.680     0.783     1.332     0.000
  5         g      21 [3] (10)  7>>8 {+3,-4}
                                 0.058     1.055    -0.695     1.264     0.000
  6         g      21 [3] (11)  8>>4 {+2,-5}
                                -0.096     0.758    -0.364     0.846     0.000
  7         g      21 [3] (12)  4>>5 {+4,-1}
                                 0.674    -1.134     0.505     1.413     0.000
  8         g      21 [3] (13)  5>>6 {+5,-3}
                                 0.199     0.002    -0.230     0.304     0.000
------------------------------------------------------------------------------
     Sum of momenta:            -3e-05    -3e-05    -3e-05      5.16      5.16
------------------------------------------------------------------------------
Step 2 performed by ShowerHandler
--- final:
  9         g      21 [4] (14,15)  11>>12 {+1,-2}
                                -0.305    -0.248     0.286     1.067     0.950
 10         g      21 [5] (16,17)  12>>13 {+3,-4}
                                 0.021     0.385    -0.253     1.056     0.950
 11         g      21 [6] (18,19)  13>>9 {+2,-5}
                                -0.035     0.276    -0.133     0.999     0.950
 12         g      21 [7] (20,21)  9>>10 {+4,-1}
                                 0.246    -0.413     0.184     1.081     0.950
 13         g      21 [8] (22,23)  10>>11 {+5,-3}
                                 0.073     0.001    -0.084     0.956     0.950
------------------------------------------------------------------------------
     Sum of momenta:            -3e-05    -3e-05    -3e-05      5.16      5.16
------------------------------------------------------------------------------
Step 3 performed by ClusterHadHandler
--- intermediates:
 14         s       3 [9] (24)   {+1}
                                -0.273    -0.088     0.057     0.537     0.450
 15      sbar      -3 [9] (25)   {-2}
                                -0.032    -0.160     0.228     0.530     0.450
 16         d       1 [10] (26)   {+3}
                                 0.037     0.123    -0.470     0.586     0.325
 17      dbar      -1 [10] (27)   {-4}
                                -0.016     0.262     0.217     0.470     0.325
 18         d       1 [11] (25)   {+2}
                                -0.312     0.242    -0.229     0.560     0.325
 19      dbar      -1 [11] (28)   {-5}
                                 0.277     0.034     0.096     0.439     0.325
 20         u       2 [12] (28)   {+4}
                                 0.175     0.150    -0.010     0.399     0.325
 21      ubar      -2 [12] (24)   {-1}
                                 0.071    -0.563     0.194     0.682     0.325
 22         s       3 [13] (27)   {+5}
                                 0.081     0.018     0.103     0.469     0.450
 23      sbar      -3 [13] (26)   {-3}
                                -0.008    -0.017    -0.187     0.488     0.450
 24   Cluster      81 [14,21] (31,32)   
                                -0.202    -0.651     0.251     1.219     0.978
 25   Cluster      81 [15,18] (33,34)   
                                -0.343     0.082    -0.000     1.090     1.032
 26   Cluster      81 [16,23] (29,30)   
                                 0.029     0.106    -0.656     1.073     0.842
 27   Cluster      81 [17,22] (35,36)   
                                 0.065     0.280     0.319     0.939     0.835
 28   Cluster      81 [19,20] (37,38)   
                                 0.452     0.184     0.086     0.837     0.675
--- final:
 29       pi0     111 [26] (39,40)   
                                -0.028     0.033    -0.534     0.552     0.135
 30        K0     311 [26] (41)   
                                 0.057     0.073    -0.122     0.521     0.498
 31     Kbar0    -311 [24] (42)   
                                -0.458    -0.584     0.206     0.917     0.498
 32       pi-    -211 [24]    
                                 0.255    -0.067     0.046     0.302     0.140
 33        K+     321 [25]    
                                 0.033     0.038     0.306     0.583     0.494
 34       pi-    -211 [25]    
                                -0.377     0.044    -0.307     0.507     0.140
 35        K-    -321 [27]    
                                -0.019     0.035    -0.013     0.495     0.494
 36       pi+     211 [27]    
                                 0.084     0.245     0.333     0.444     0.140
 37       pi0     111 [28] (49,50)   
                                 0.586     0.062     0.057     0.607     0.135
 38       pi+     211 [28]    
                                -0.134     0.121     0.029     0.230     0.140
------------------------------------------------------------------------------
     Sum of momenta:            -3e-05    -3e-05    -3e-05      5.16      5.16
------------------------------------------------------------------------------
Step 4 performed by DecayHandler
--- intermediates:
 42      K_S0     310 [31] (43,44)   
                                -0.458    -0.584     0.206     0.917     0.498
 43       pi0     111 [42] (45,46)   
                                -0.271    -0.124     0.233     0.402     0.135
 44       pi0     111 [42] (47,48)   
                                -0.187    -0.460    -0.027     0.515     0.135
--- final:
 32       pi-    -211 [24]    
                                 0.255    -0.067     0.046     0.302     0.140
 33        K+     321 [25]    
                                 0.033     0.038     0.306     0.583     0.494
 34       pi-    -211 [25]    
                                -0.377     0.044    -0.307     0.507     0.140
 35        K-    -321 [27]    
                                -0.019     0.035    -0.013     0.495     0.494
 36       pi+     211 [27]    
                                 0.084     0.245     0.333     0.444     0.140
 38       pi+     211 [28]    
                                -0.134     0.121     0.029     0.230     0.140
 39     gamma      22 [29]    
                                -0.054     0.075    -0.332     0.345     0.000
 40     gamma      22 [29]    
                                 0.026    -0.041    -0.202     0.208     0.000
 41      K_L0     130 [30]    
                                 0.057     0.073    -0.122     0.521     0.498
 45     gamma      22 [43]    
                                -0.233    -0.079     0.238     0.343     0.000
 46     gamma      22 [43]    
                                -0.038    -0.045    -0.005     0.059     0.000
 47     gamma      22 [44]    
                                -0.069    -0.130    -0.069     0.162     0.000
 48     gamma      22 [44]    
                                -0.117    -0.330     0.041     0.353     0.000
 49     gamma      22 [37]    
                                 0.492     0.102     0.043     0.504     0.000
 50     gamma      22 [37]    
                                 0.094    -0.040     0.015     0.103     0.000
------------------------------------------------------------------------------
     Sum of momenta:            -3e-05    -3e-05    -3e-05      5.16      5.16

The following exception classes were reported in this run:
ThePEG::EventHandler::ConsistencyException warning (1 times)
ThePEG::LesHouchesReader::LesHouchesReopenWarning warning (1 times)
