>>>>>>>>>>>>>>>>>>>>>>>>>>>>>>>>>>>>>>>>>>>>>>>>>>>>>>>>>>>>>>>>>>>>>>>>>>>>>>
>>>> Toolkit for HEP Event Generation - ThePEG 2.2.0 <<<<<<<<<<<<<<<<<<<<<<<<<
>>>> Tue Jun 30 00:20:03 2020                                             <<<<
<<<<<<<<<<<<<<<<<<<<<<<<<<<<<<<<<<<<<<<<<<<<<<<<<<<<<<<<<<<<<<<<<<<<<<<<<<<<<<

>> Herwig 7.2.0 / ThePEG 2.2.0

/Herwig/EventHandlers/NoCuts:
MHat  = 2 .. 14.0762 GeV
Scale = 0 .. 1e+12 GeV2
YHat  = -100 .. 100
X1    = 0 .. 1
X2    = 0 .. 1

* A warning exception of type ThePEG::LesHouchesReader::LesHouchesReopenWarning occurred while generating event number 1: 
Reopening LesHouchesReader 'myReader' after accessing 2 events out of 1
* A warning exception of type ThePEG::EventHandler::ConsistencyException occurred while generating event number 1: 
Event handler 'myLesHouchesHandler' found energy-momentum non-conservation by (-1e-05,-3e-05,-3e-05;-1.00003e-05) GeV after generating step number 4.

******************************************************************************
Event number 1 (id: ./OUTPUT/0.95MB1.05/1513342141/TMP/Cluster_HERWIGOutput_5) performed by myLesHouchesHandler
Weight: 1
==============================================================================

--- Colliding particles:
  1        e-      11  (3)   
                                 3.519     0.000    -0.000     3.519     0.000
  2        e+     -11  (3)   
                                -3.519     0.000     0.000     3.519     0.000
------------------------------------------------------------------------------
Primary sub-process performed by myReader
--- incoming:
  1        e-      11  (3)   
                                 3.519     0.000    -0.000     3.519     0.000
  2        e+     -11  (3)   
                                -3.519     0.000     0.000     3.519     0.000
--- intermediates:
  3     gamma      22 [1,2] (4..7)   
                                 0.000     0.000     0.000     7.038     7.038
--- outgoing:
  4         g      21 [3] (8)  7>>7 {+1,-2}
                                 0.645     2.370    -0.474     2.501     0.000
  5         g      21 [3] (9)  6>>6 {+3,-4}
                                 0.265    -0.201    -0.026     0.334     0.000
  6         g      21 [3] (10)  5>>5 {+4,-3}
                                 0.575    -1.872    -0.886     2.150     0.000
  7         g      21 [3] (11)  4>>4 {+2,-1}
                                -1.485    -0.296     1.386     2.053     0.000
------------------------------------------------------------------------------
Step 1 performed by myLesHouchesHandler
--- intermediates:
  1        e-      11  (3)   
                                 3.519     0.000    -0.000     3.519     0.000
  2        e+     -11  (3)   
                                -3.519     0.000     0.000     3.519     0.000
  3     gamma      22 [1,2] (4..7)   
                                 0.000     0.000     0.000     7.038     7.038
--- final:
  4         g      21 [3] (8)  7>>7 {+1,-2}
                                 0.645     2.370    -0.474     2.501     0.000
  5         g      21 [3] (9)  6>>6 {+3,-4}
                                 0.265    -0.201    -0.026     0.334     0.000
  6         g      21 [3] (10)  5>>5 {+4,-3}
                                 0.575    -1.872    -0.886     2.150     0.000
  7         g      21 [3] (11)  4>>4 {+2,-1}
                                -1.485    -0.296     1.386     2.053     0.000
------------------------------------------------------------------------------
     Sum of momenta:            -2e-05    -3e-05    -3e-05      7.04      7.04
------------------------------------------------------------------------------
Step 2 performed by ShowerHandler
--- final:
  8         g      21 [4] (12,13)  11>>11 {+1,-2}
                                 0.513     1.886    -0.377     2.205     0.950
  9         g      21 [5] (14,15)  10>>10 {+3,-4}
                                 0.211    -0.160    -0.021     0.986     0.950
 10         g      21 [6] (16,17)  9>>9 {+4,-3}
                                 0.457    -1.490    -0.705     1.957     0.950
 11         g      21 [7] (18,19)  8>>8 {+2,-1}
                                -1.182    -0.236     1.103     1.890     0.950
------------------------------------------------------------------------------
     Sum of momenta:            -2e-05    -3e-05    -3e-05      7.04      7.04
------------------------------------------------------------------------------
Step 3 performed by ClusterHadHandler
--- intermediates:
 12         u       2 [8] (20)   {+1}
                                 0.443     1.702    -0.364     1.825     0.325
 13      ubar      -2 [8] (21)   {-2}
                                 0.070     0.183    -0.013     0.380     0.325
 14         s       3 [9] (22)   {+3}
                                 0.151    -0.063     0.134     0.497     0.450
 15      sbar      -3 [9] (23)   {-4}
                                 0.060    -0.097    -0.155     0.489     0.450
 16         u       2 [10] (23)   {+4}
                                 0.219    -1.006    -0.766     1.324     0.325
 17      ubar      -2 [10] (22)   {-3}
                                 0.239    -0.484     0.061     0.633     0.325
 18         u       2 [11] (21)   {+2}
                                -0.620    -0.024     0.148     0.716     0.325
 19      ubar      -2 [11] (20)   {-1}
                                -0.562    -0.212     0.955     1.174     0.325
 20   Cluster      81 [12,19] (28,29)   
                                -0.118     1.490     0.591     2.999     2.532
 21   Cluster      81 [13,18] (24,25)   
                                -0.550     0.159     0.135     1.096     0.924
 22   Cluster      81 [14,17] (26,27)   
                                 0.390    -0.546     0.195     1.130     0.888
 23   Cluster      81 [15,16] (30,31)   
                                 0.279    -1.103    -0.921     1.813     1.070
--- final:
 24       pi-    -211 [21]    
                                -0.340     0.055    -0.368     0.523     0.140
 25       pi+     211 [21]    
                                -0.211     0.105     0.503     0.573     0.140
 26     Kbar0    -311 [22] (32)   
                                -0.017    -0.450     0.147     0.687     0.498
 27       pi-    -211 [22]    
                                 0.406    -0.097     0.047     0.443     0.140
 28      a_2+     215 [20] (33,34)   
                                 0.396     0.877     0.981     1.852     1.241
 29      rho-    -213 [20] (37,38)   
                                -0.514     0.614    -0.390     1.148     0.724
 30        K0     311 [23] (41)   
                                -0.008    -0.957    -0.980     1.458     0.498
 31       pi+     211 [23]    
                                 0.286    -0.146     0.060     0.355     0.140
------------------------------------------------------------------------------
     Sum of momenta:            -2e-05    -3e-05    -3e-05      7.04      7.04
------------------------------------------------------------------------------
Step 4 performed by DecayHandler
--- intermediates:
 33      rho0     113 [28] (35,36)   
                                 0.025     0.938     0.581     1.286     0.660
 37       pi0     111 [29] (39,40)   
                                -0.079     0.602    -0.221     0.660     0.135
 41      K_S0     310 [30] (42,43)   
                                -0.008    -0.957    -0.980     1.458     0.498
--- final:
 24       pi-    -211 [21]    
                                -0.340     0.055    -0.368     0.523     0.140
 25       pi+     211 [21]    
                                -0.211     0.105     0.503     0.573     0.140
 27       pi-    -211 [22]    
                                 0.406    -0.097     0.047     0.443     0.140
 31       pi+     211 [23]    
                                 0.286    -0.146     0.060     0.355     0.140
 32      K_L0     130 [26]    
                                -0.017    -0.450     0.147     0.687     0.498
 34       pi+     211 [28]    
                                 0.371    -0.061     0.400     0.566     0.140
 35       pi+     211 [33]    
                                 0.301     0.557     0.255     0.696     0.140
 36       pi-    -211 [33]    
                                -0.276     0.381     0.326     0.589     0.140
 38       pi-    -211 [29]    
                                -0.435     0.012    -0.169     0.488     0.140
 39     gamma      22 [37]    
                                -0.055     0.563    -0.168     0.590     0.000
 40     gamma      22 [37]    
                                -0.024     0.039    -0.053     0.070     0.000
 42       pi+     211 [41]    
                                 0.084    -0.452    -0.719     0.865     0.140
 43       pi-    -211 [41]    
                                -0.092    -0.506    -0.261     0.593     0.140
------------------------------------------------------------------------------
     Sum of momenta:            -2e-05    -3e-05    -3e-05      7.04      7.04

The following exception classes were reported in this run:
ThePEG::EventHandler::ConsistencyException warning (1 times)
ThePEG::LesHouchesReader::LesHouchesReopenWarning warning (1 times)
