>>>>>>>>>>>>>>>>>>>>>>>>>>>>>>>>>>>>>>>>>>>>>>>>>>>>>>>>>>>>>>>>>>>>>>>>>>>>>>
>>>> Toolkit for HEP Event Generation - ThePEG 2.2.0 <<<<<<<<<<<<<<<<<<<<<<<<<
>>>> Tue Jun 30 00:19:11 2020                                             <<<<
<<<<<<<<<<<<<<<<<<<<<<<<<<<<<<<<<<<<<<<<<<<<<<<<<<<<<<<<<<<<<<<<<<<<<<<<<<<<<<

>> Herwig 7.2.0 / ThePEG 2.2.0

/Herwig/EventHandlers/NoCuts:
MHat  = 2 .. 32.4278 GeV
Scale = 0 .. 1e+12 GeV2
YHat  = -100 .. 100
X1    = 0 .. 1
X2    = 0 .. 1

* A warning exception of type ThePEG::LesHouchesReader::LesHouchesReopenWarning occurred while generating event number 1: 
Reopening LesHouchesReader 'myReader' after accessing 2 events out of 1
* A warning exception of type ThePEG::EventHandler::ConsistencyException occurred while generating event number 1: 
Event handler 'myLesHouchesHandler' found energy-momentum non-conservation by (-3e-05,-4e-05,-3e-05;3e-05) GeV after generating step number 4.

******************************************************************************
Event number 1 (id: ./OUTPUT/0.95MB1.05/1511886132/TMP/Cluster_HERWIGOutput_4) performed by myLesHouchesHandler
Weight: 1
==============================================================================

--- Colliding particles:
  1        e-      11  (3)   
                                 8.107     0.000     0.000     8.107     0.000
  2        e+     -11  (3)   
                                -8.107     0.000     0.000     8.107     0.000
------------------------------------------------------------------------------
Primary sub-process performed by myReader
--- incoming:
  1        e-      11  (3)   
                                 8.107     0.000     0.000     8.107     0.000
  2        e+     -11  (3)   
                                -8.107     0.000     0.000     8.107     0.000
--- intermediates:
  3     gamma      22 [1,2] (4..9)   
                                 0.000     0.000     0.000    16.214    16.214
--- outgoing:
  4         g      21 [3] (10)  7>>8 {+1,-2}
                                -0.276     0.690    -1.270     1.471     0.000
  5         g      21 [3] (11)  8>>6 {+3,-4}
                                 0.170    -1.654    -3.298     3.693     0.000
  6         g      21 [3] (12)  5>>9 {+5,-3}
                                 0.031     1.543     3.669     3.981     0.000
  7         g      21 [3] (13)  9>>4 {+2,-6}
                                 0.441     0.864    -2.025     2.246     0.000
  8         g      21 [3] (14)  4>>5 {+4,-1}
                                -1.401     0.395     2.107     2.561     0.000
  9         g      21 [3] (15)  6>>7 {+6,-5}
                                 1.035    -1.838     0.817     2.262     0.000
------------------------------------------------------------------------------
Step 1 performed by myLesHouchesHandler
--- intermediates:
  1        e-      11  (3)   
                                 8.107     0.000     0.000     8.107     0.000
  2        e+     -11  (3)   
                                -8.107     0.000     0.000     8.107     0.000
  3     gamma      22 [1,2] (4..9)   
                                 0.000     0.000     0.000    16.214    16.214
--- final:
  4         g      21 [3] (10)  7>>8 {+1,-2}
                                -0.276     0.690    -1.270     1.471     0.000
  5         g      21 [3] (11)  8>>6 {+3,-4}
                                 0.170    -1.654    -3.298     3.693     0.000
  6         g      21 [3] (12)  5>>9 {+5,-3}
                                 0.031     1.543     3.669     3.981     0.000
  7         g      21 [3] (13)  9>>4 {+2,-6}
                                 0.441     0.864    -2.025     2.246     0.000
  8         g      21 [3] (14)  4>>5 {+4,-1}
                                -1.401     0.395     2.107     2.561     0.000
  9         g      21 [3] (15)  6>>7 {+6,-5}
                                 1.035    -1.838     0.817     2.262     0.000
------------------------------------------------------------------------------
     Sum of momenta:            -4e-05    -4e-05    -3e-05      16.2      16.2
------------------------------------------------------------------------------
Step 2 performed by ShowerHandler
--- intermediates:
 15         g      21 [9] (16,17)   {+6,-5}
                                 0.878    -1.559     0.693     3.366     2.766
--- final:
 10         g      21 [4] (18,19)  13>>14 {+1,-2}
                                -0.234     0.585    -1.077     1.568     0.950
 11         g      21 [5] (20,21)  14>>12 {+3,-4}
                                 0.144    -1.403    -2.797     3.273     0.950
 12         g      21 [6] (22,23)  11>>16 {+5,-3}
                                 0.026     1.309     3.112     3.507     0.950
 13         g      21 [7] (24,25)  17>>10 {+2,-6}
                                 0.374     0.733    -1.718     2.128     0.950
 14         g      21 [8] (26,27)  10>>11 {+4,-1}
                                -1.188     0.335     1.787     2.370     0.950
 16         g      21 [15] (28,29)  12>>17 {+7,-5}
                                 1.027     0.015     0.010     1.399     0.950
 17         g      21 [15] (30,31)  16>>13 {+6,-7}
                                -0.149    -1.574     0.683     1.967     0.950
------------------------------------------------------------------------------
     Sum of momenta:            -4e-05    -4e-05    -3e-05      16.2      16.2
------------------------------------------------------------------------------
Step 3 performed by ClusterHadHandler
--- intermediates:
 18         d       1 [10] (36)   {+1}
                                -0.255     0.503    -0.290     0.713     0.325
 19      dbar      -1 [10] (32)   {-2}
                                 0.021     0.082    -0.787     0.856     0.325
 20         s       3 [11] (36)   {+3}
                                 0.044    -0.960    -1.739     2.037     0.450
 21      sbar      -3 [11] (33)   {-4}
                                 0.101    -0.443    -1.058     1.236     0.450
 22         u       2 [12] (34)   {+5}
                                 0.225     0.912     2.465     2.658     0.325
 23      ubar      -2 [12] (37)   {-3}
                                -0.199     0.397     0.647     0.849     0.325
 24         u       2 [13] (32)   {+2}
                                -0.141     0.286    -0.938     1.043     0.325
 25      ubar      -2 [13] (35)   {-6}
                                 0.515     0.446    -0.780     1.085     0.325
 26         s       3 [14] (33)   {+4}
                                -0.688     0.203     1.196     1.466     0.450
 27      sbar      -3 [14] (37)   {-1}
                                -0.500     0.131     0.591     0.905     0.450
 28         u       2 [16] (36)   {+7}
                                 0.961     0.034    -0.158     1.027     0.325
 29      ubar      -2 [16] (34)   {-5}
                                 0.066    -0.018     0.168     0.372     0.325
 30         u       2 [17] (35)   {+6}
                                -0.108    -0.150     0.220     0.434     0.325
 31      ubar      -2 [17] (37)   {-7}
                                -0.041    -1.425     0.463     1.534     0.325
 32   Cluster      81 [19,24] (42,43)   
                                -0.120     0.368    -1.725     1.899     0.692
 33   Cluster      81 [21,26] (40,41)   
                                -0.588    -0.240     0.138     2.702     2.622
 34   Cluster      81 [22,29] (44,45)   
                                 0.291     0.894     2.633     3.030     1.169
 35   Cluster      81 [25,30] (46,47)   
                                 0.407     0.297    -0.560     1.519     1.319
 36   Cluster      81 [18,20,28] (38)   
                                 0.750    -0.423    -2.187     3.777     2.957
 37   Cluster      81 [23,27,31] (39)   
                                -0.741    -0.897     1.700     3.287     2.562
 38   Cluster      81 [36] (48,49)   
                                 0.750    -0.423    -2.187     3.777     2.957
 39   Cluster      81 [37] (50,51)   
                                -0.741    -0.897     1.700     3.287     2.562
--- final:
 40Sigma*bar+   -3114 [33] (52,53)   
                                -0.248    -0.289     0.228     1.453     1.383
 41    Sigma-    3112 [33] (56,57)   
                                -0.340     0.049    -0.090     1.249     1.197
 42       pi0     111 [32] (58..60)   
                                -0.112     0.530    -1.421     1.526     0.135
 43       pi+     211 [32]    
                                -0.008    -0.162    -0.305     0.372     0.140
 44       pi+     211 [34]    
                                 0.388     0.568     1.016     1.234     0.140
 45      rho-    -213 [34] (61,62)   
                                -0.097     0.326     1.617     1.796     0.703
 46       eta     221 [35] (65,66)   
                                 0.491     0.526    -0.756     1.178     0.548
 47       pi0     111 [35] (67,68)   
                                -0.083    -0.229     0.197     0.341     0.135
 48  K*_2bar0    -315 [38] (69,70)   
                                 0.712     0.185    -0.843     1.858     1.484
 49    Delta0    2114 [38] (76,77)   
                                 0.038    -0.608    -1.344     1.919     1.227
 50      rho0     113 [39] (80,81)   
                                 0.524    -0.640     0.169     0.958     0.453
 51 Sigmabar-   -3222 [39] (82,83)   
                                -1.265    -0.257     1.532     2.329     1.189
------------------------------------------------------------------------------
     Sum of momenta:            -4e-05    -4e-05    -3e-05      16.2      16.2
------------------------------------------------------------------------------
Step 4 performed by DecayHandler
--- intermediates:
 52Lambdabar0   -3122 [40] (54,55)   
                                -0.219    -0.337     0.374     1.243     1.116
 61       pi0     111 [45] (63,64)   
                                -0.060     0.417     0.510     0.675     0.135
 69       K*-    -323 [48] (71,72)   
                                 0.701     0.531    -0.622     1.425     0.933
 71     Kbar0    -311 [69] (73)   
                                 0.349     0.306    -0.701     0.977     0.498
 73      K_S0     310 [71] (74,75)   
                                 0.349     0.306    -0.701     0.977     0.498
 77       pi0     111 [49] (78,79)   
                                 0.129    -0.310    -0.232     0.430     0.135
 83       pi0     111 [51] (84,85)   
                                -0.032    -0.055     0.012     0.150     0.135
--- final:
 43       pi+     211 [32]    
                                -0.008    -0.162    -0.305     0.372     0.140
 44       pi+     211 [34]    
                                 0.388     0.568     1.016     1.234     0.140
 53       pi+     211 [40]    
                                -0.029     0.048    -0.146     0.210     0.140
 54     pbar-   -2212 [52]    
                                -0.261    -0.358     0.342     1.093     0.938
 55       pi+     211 [52]    
                                 0.042     0.021     0.032     0.151     0.140
 56        n0    2112 [41]    
                                -0.225    -0.149    -0.062     0.979     0.940
 57       pi-    -211 [41]    
                                -0.115     0.198    -0.028     0.269     0.140
 58     gamma      22 [42]    
                                -0.113     0.422    -0.991     1.083     0.000
 59        e-      11 [42]    
                                -0.000     0.069    -0.234     0.244     0.001
 60        e+     -11 [42]    
                                 0.001     0.039    -0.196     0.200     0.001
 62       pi-    -211 [45]    
                                -0.037    -0.091     1.108     1.121     0.140
 63     gamma      22 [61]    
                                -0.023     0.140     0.276     0.311     0.000
 64     gamma      22 [61]    
                                -0.037     0.278     0.233     0.365     0.000
 65     gamma      22 [46]    
                                 0.066     0.031    -0.454     0.460     0.000
 66     gamma      22 [46]    
                                 0.425     0.495    -0.302     0.719     0.000
 67     gamma      22 [47]    
                                -0.037    -0.146     0.194     0.246     0.000
 68     gamma      22 [47]    
                                -0.046    -0.083     0.002     0.095     0.000
 70       pi+     211 [48]    
                                 0.010    -0.346    -0.221     0.433     0.140
 72       pi-    -211 [69]    
                                 0.352     0.225     0.079     0.448     0.140
 74       pi+     211 [73]    
                                 0.203    -0.064    -0.320     0.409     0.140
 75       pi-    -211 [73]    
                                 0.146     0.370    -0.382     0.568     0.140
 76        n0    2112 [49]    
                                -0.091    -0.297    -1.112     1.489     0.940
 78     gamma      22 [77]    
                                 0.003    -0.148    -0.052     0.157     0.000
 79     gamma      22 [77]    
                                 0.126    -0.163    -0.180     0.273     0.000
 80       pi+     211 [50]    
                                 0.242    -0.534     0.170     0.626     0.140
 81       pi-    -211 [50]    
                                 0.282    -0.106    -0.001     0.332     0.140
 82     pbar-   -2212 [51]    
                                -1.233    -0.201     1.520     2.180     0.938
 84     gamma      22 [83]    
                                 0.034    -0.030    -0.041     0.061     0.000
 85     gamma      22 [83]    
                                -0.066    -0.025     0.053     0.088     0.000
------------------------------------------------------------------------------
     Sum of momenta:            -4e-05    -4e-05    -3e-05      16.2      16.2

The following exception classes were reported in this run:
ThePEG::EventHandler::ConsistencyException warning (1 times)
ThePEG::LesHouchesReader::LesHouchesReopenWarning warning (1 times)
