>>>>>>>>>>>>>>>>>>>>>>>>>>>>>>>>>>>>>>>>>>>>>>>>>>>>>>>>>>>>>>>>>>>>>>>>>>>>>>
>>>> Toolkit for HEP Event Generation - ThePEG 2.2.0 <<<<<<<<<<<<<<<<<<<<<<<<<
>>>> Tue Jun 30 00:17:50 2020                                             <<<<
<<<<<<<<<<<<<<<<<<<<<<<<<<<<<<<<<<<<<<<<<<<<<<<<<<<<<<<<<<<<<<<<<<<<<<<<<<<<<<

>> Herwig 7.2.0 / ThePEG 2.2.0

/Herwig/EventHandlers/NoCuts:
MHat  = 2 .. 15.6638 GeV
Scale = 0 .. 1e+12 GeV2
YHat  = -100 .. 100
X1    = 0 .. 1
X2    = 0 .. 1

* A warning exception of type ThePEG::LesHouchesReader::LesHouchesReopenWarning occurred while generating event number 1: 
Reopening LesHouchesReader 'myReader' after accessing 2 events out of 1
* A warning exception of type ThePEG::EventHandler::ConsistencyException occurred while generating event number 1: 
Event handler 'myLesHouchesHandler' found energy-momentum non-conservation by (-1e-05,-1e-05,-3e-05;9.99997e-06) GeV after generating step number 4.

******************************************************************************
Event number 1 (id: ./OUTPUT/0.95MB1.05/1515259493/TMP/Cluster_HERWIGOutput_2) performed by myLesHouchesHandler
Weight: 1
==============================================================================

--- Colliding particles:
  1        e-      11  (3)   
                                 3.916     0.000     0.000     3.916     0.000
  2        e+     -11  (3)   
                                -3.916     0.000    -0.000     3.916     0.000
------------------------------------------------------------------------------
Primary sub-process performed by myReader
--- incoming:
  1        e-      11  (3)   
                                 3.916     0.000     0.000     3.916     0.000
  2        e+     -11  (3)   
                                -3.916     0.000    -0.000     3.916     0.000
--- intermediates:
  3     gamma      22 [1,2] (4..7)   
                                 0.000     0.000    -0.000     7.832     7.832
--- outgoing:
  4         g      21 [3] (8)  5>>6 {+1,-2}
                                 1.253    -0.453    -0.958     1.641     0.000
  5         g      21 [3] (9)  7>>4 {+2,-3}
                                 1.935    -0.204     1.781     2.638     0.000
  6         g      21 [3] (10)  4>>7 {+4,-1}
                                -0.711     0.075     0.296     0.774     0.000
  7         g      21 [3] (11)  6>>5 {+3,-4}
                                -2.477     0.582    -1.119     2.779     0.000
------------------------------------------------------------------------------
Step 1 performed by myLesHouchesHandler
--- intermediates:
  1        e-      11  (3)   
                                 3.916     0.000     0.000     3.916     0.000
  2        e+     -11  (3)   
                                -3.916     0.000    -0.000     3.916     0.000
  3     gamma      22 [1,2] (4..7)   
                                 0.000     0.000    -0.000     7.832     7.832
--- final:
  4         g      21 [3] (8)  5>>6 {+1,-2}
                                 1.253    -0.453    -0.958     1.641     0.000
  5         g      21 [3] (9)  7>>4 {+2,-3}
                                 1.935    -0.204     1.781     2.638     0.000
  6         g      21 [3] (10)  4>>7 {+4,-1}
                                -0.711     0.075     0.296     0.774     0.000
  7         g      21 [3] (11)  6>>5 {+3,-4}
                                -2.477     0.582    -1.119     2.779     0.000
------------------------------------------------------------------------------
     Sum of momenta:            -2e-05    -1e-05    -3e-05      7.83      7.83
------------------------------------------------------------------------------
Step 2 performed by ShowerHandler
--- final:
  8         g      21 [4] (12,13)  9>>10 {+1,-2}
                                 1.066    -0.385    -0.816     1.689     0.950
  9         g      21 [5] (14,15)  11>>8 {+2,-3}
                                 1.647    -0.174     1.516     2.438     0.950
 10         g      21 [6] (16,17)  8>>11 {+4,-1}
                                -0.605     0.064     0.252     1.156     0.950
 11         g      21 [7] (18,19)  10>>9 {+3,-4}
                                -2.108     0.495    -0.952     2.549     0.950
------------------------------------------------------------------------------
     Sum of momenta:            -2e-05    -1e-05    -3e-05      7.83      7.83
------------------------------------------------------------------------------
Step 3 performed by ClusterHadHandler
--- intermediates:
 12         s       3 [8] (20)   {+1}
                                 0.562    -0.243    -0.261     0.804     0.450
 13      sbar      -3 [8] (21)   {-2}
                                 0.504    -0.143    -0.554     0.885     0.450
 14         u       2 [9] (21)   {+2}
                                 1.325    -0.211     0.824     1.608     0.325
 15      ubar      -2 [9] (22)   {-3}
                                 0.322     0.037     0.692     0.830     0.325
 16         s       3 [10] (23)   {+4}
                                -0.463    -0.020     0.103     0.654     0.450
 17      sbar      -3 [10] (20)   {-1}
                                -0.142     0.084     0.149     0.502     0.450
 18         s       3 [11] (22)   {+3}
                                -1.289     0.408    -0.611     1.551     0.450
 19      sbar      -3 [11] (23)   {-4}
                                -0.819     0.087    -0.341     0.998     0.450
 20   Cluster      81 [12,17] (30,31)   
                                 0.420    -0.159    -0.112     1.305     1.221
 21   Cluster      81 [13,14] (26,27)   
                                 1.829    -0.353     0.270     2.493     1.635
 22   Cluster      81 [15,18] (28,29)   
                                -0.967     0.445     0.080     2.381     2.128
 23   Cluster      81 [16,19] (24,25)   
                                -1.282     0.067    -0.238     1.652     1.013
--- final:
 24        K-    -321 [23]    
                                -0.615     0.022    -0.003     0.789     0.494
 25        K+     321 [23]    
                                -0.666     0.046    -0.235     0.863     0.494
 26     K*_00   10311 [21] (32,33)   
                                 1.512    -0.318     0.505     2.073     1.286
 27       pi+     211 [21]    
                                 0.317    -0.035    -0.236     0.420     0.140
 28       K*-    -323 [22] (34,35)   
                                -0.696     0.548     0.350     1.290     0.870
 29       phi     333 [22] (38,39)   
                                -0.271    -0.103    -0.269     1.091     1.017
 30        K-    -321 [20]    
                                -0.045    -0.078    -0.316     0.593     0.494
 31        K+     321 [20]    
                                 0.465    -0.080     0.203     0.713     0.494
------------------------------------------------------------------------------
     Sum of momenta:            -2e-05    -1e-05    -3e-05      7.83      7.83
------------------------------------------------------------------------------
Step 4 performed by DecayHandler
--- intermediates:
 35       pi0     111 [28] (36,37)   
                                -0.357     0.367    -0.073     0.535     0.135
--- final:
 24        K-    -321 [23]    
                                -0.615     0.022    -0.003     0.789     0.494
 25        K+     321 [23]    
                                -0.666     0.046    -0.235     0.863     0.494
 27       pi+     211 [21]    
                                 0.317    -0.035    -0.236     0.420     0.140
 30        K-    -321 [20]    
                                -0.045    -0.078    -0.316     0.593     0.494
 31        K+     321 [20]    
                                 0.465    -0.080     0.203     0.713     0.494
 32        K+     321 [26]    
                                 0.232    -0.139    -0.196     0.596     0.494
 33       pi-    -211 [26]    
                                 1.279    -0.179     0.701     1.476     0.140
 34        K-    -321 [28]    
                                -0.339     0.181     0.423     0.755     0.494
 36     gamma      22 [35]    
                                -0.247     0.243     0.015     0.347     0.000
 37     gamma      22 [35]    
                                -0.109     0.124    -0.088     0.187     0.000
 38        K+     321 [29]    
                                -0.080    -0.028    -0.241     0.556     0.494
 39        K-    -321 [29]    
                                -0.191    -0.075    -0.029     0.535     0.494
------------------------------------------------------------------------------
     Sum of momenta:            -2e-05    -1e-05    -3e-05      7.83      7.83

The following exception classes were reported in this run:
ThePEG::EventHandler::ConsistencyException warning (1 times)
ThePEG::LesHouchesReader::LesHouchesReopenWarning warning (1 times)
