>>>>>>>>>>>>>>>>>>>>>>>>>>>>>>>>>>>>>>>>>>>>>>>>>>>>>>>>>>>>>>>>>>>>>>>>>>>>>>
>>>> Toolkit for HEP Event Generation - ThePEG 2.2.0 <<<<<<<<<<<<<<<<<<<<<<<<<
>>>> Tue Jun 30 00:22:17 2020                                             <<<<
<<<<<<<<<<<<<<<<<<<<<<<<<<<<<<<<<<<<<<<<<<<<<<<<<<<<<<<<<<<<<<<<<<<<<<<<<<<<<<

>> Herwig 7.2.0 / ThePEG 2.2.0

/Herwig/EventHandlers/NoCuts:
MHat  = 2 .. 46.9863 GeV
Scale = 0 .. 1e+12 GeV2
YHat  = -100 .. 100
X1    = 0 .. 1
X2    = 0 .. 1

* A warning exception of type ThePEG::LesHouchesReader::LesHouchesReopenWarning occurred while generating event number 1: 
Reopening LesHouchesReader 'myReader' after accessing 2 events out of 1
* A warning exception of type ThePEG::EventHandler::ConsistencyException occurred while generating event number 1: 
Event handler 'myLesHouchesHandler' found energy-momentum non-conservation by (-2e-05,-3e-05,-3e-05;1.99994e-05) GeV after generating step number 4.

******************************************************************************
Event number 1 (id: ./OUTPUT/0.95MB1.05/1514657259/TMP/Cluster_HERWIGOutput_8) performed by myLesHouchesHandler
Weight: 1
==============================================================================

--- Colliding particles:
  1        e-      11  (3)   
                                11.747     0.000     0.000    11.747     0.000
  2        e+     -11  (3)   
                               -11.747     0.000    -0.000    11.747     0.000
------------------------------------------------------------------------------
Primary sub-process performed by myReader
--- incoming:
  1        e-      11  (3)   
                                11.747     0.000     0.000    11.747     0.000
  2        e+     -11  (3)   
                               -11.747     0.000    -0.000    11.747     0.000
--- intermediates:
  3     gamma      22 [1,2] (4..8)   
                                 0.000     0.000     0.000    23.493    23.493
--- outgoing:
  4         g      21 [3] (9)  6>>7 {+1,-2}
                                 0.104    -0.146    -0.615     0.641     0.000
  5         g      21 [3] (10)  8>>8 {+3,-4}
                                -2.498     1.249     0.156     2.797     0.000
  6         g      21 [3] (11)  7>>4 {+2,-5}
                                 1.790     0.500    -2.290     2.949     0.000
  7         g      21 [3] (12)  4>>6 {+5,-1}
                                 1.391    -0.893    -7.055     7.246     0.000
  8         g      21 [3] (13)  5>>5 {+4,-3}
                                -0.788    -0.709     9.803     9.860     0.000
------------------------------------------------------------------------------
Step 1 performed by myLesHouchesHandler
--- intermediates:
  1        e-      11  (3)   
                                11.747     0.000     0.000    11.747     0.000
  2        e+     -11  (3)   
                               -11.747     0.000    -0.000    11.747     0.000
  3     gamma      22 [1,2] (4..8)   
                                 0.000     0.000     0.000    23.493    23.493
--- final:
  4         g      21 [3] (9)  6>>7 {+1,-2}
                                 0.104    -0.146    -0.615     0.641     0.000
  5         g      21 [3] (10)  8>>8 {+3,-4}
                                -2.498     1.249     0.156     2.797     0.000
  6         g      21 [3] (11)  7>>4 {+2,-5}
                                 1.790     0.500    -2.290     2.949     0.000
  7         g      21 [3] (12)  4>>6 {+5,-1}
                                 1.391    -0.893    -7.055     7.246     0.000
  8         g      21 [3] (13)  5>>5 {+4,-3}
                                -0.788    -0.709     9.803     9.860     0.000
------------------------------------------------------------------------------
     Sum of momenta:            -3e-05    -3e-05    -3e-05      23.5      23.5
------------------------------------------------------------------------------
Step 2 performed by ShowerHandler
--- intermediates:
 13         g      21 [8] (14,15)   {+4,-3}
                                -0.734    -0.661     9.139     9.865     3.581
--- final:
  9         g      21 [4] (16,17)  11>>12 {+1,-2}
                                 0.097    -0.136    -0.573     1.122     0.950
 10         g      21 [5] (18,19)  15>>14 {+3,-4}
                                -2.329     1.164     0.146     2.775     0.950
 11         g      21 [6] (20,21)  12>>9 {+2,-5}
                                 1.669     0.466    -2.135     2.909     0.950
 12         g      21 [7] (22,23)  9>>11 {+5,-1}
                                 1.297    -0.833    -6.577     6.822     0.950
 14         g      21 [13] (24,25)  10>>15 {+6,-3}
                                 0.452     0.092     7.249     7.326     0.950
 15         g      21 [13] (26,27)  14>>10 {+4,-6}
                                -1.187    -0.753     1.890     2.540     0.950
------------------------------------------------------------------------------
     Sum of momenta:            -3e-05    -3e-05    -3e-05      23.5      23.5
------------------------------------------------------------------------------
Step 3 performed by ClusterHadHandler
--- intermediates:
 16         d       1 [9] (28)   {+1}
                                 0.226     0.096     0.005     0.408     0.325
 17      dbar      -1 [9] (29)   {-2}
                                -0.129    -0.232    -0.578     0.715     0.325
 18         s       3 [10] (30)   {+3}
                                -1.253     0.608    -0.071     1.465     0.450
 19      sbar      -3 [10] (31)   {-4}
                                -1.076     0.556     0.217     1.310     0.450
 20         u       2 [11] (29)   {+2}
                                 1.121     0.030    -1.549     1.940     0.325
 21      ubar      -2 [11] (32)   {-5}
                                 0.548     0.436    -0.585     0.969     0.325
 22         d       1 [12] (32)   {+5}
                                 1.130    -0.840    -5.229     5.425     0.325
 23      dbar      -1 [12] (28)   {-1}
                                 0.167     0.008    -1.348     1.397     0.325
 24         u       2 [14] (33)   {+6}
                                -0.134     0.058     3.374     3.392     0.325
 25      ubar      -2 [14] (30)   {-3}
                                 0.587     0.034     3.875     3.933     0.325
 26         d       1 [15] (31)   {+4}
                                -0.760    -0.335     0.580     1.064     0.325
 27      dbar      -1 [15] (33)   {-6}
                                -0.427    -0.418     1.310     1.476     0.325
 28   Cluster      81 [16,23] (38,39)   
                                 0.394     0.104    -1.343     1.804     1.134
 29   Cluster      81 [17,20] (42,43)   
                                 0.991    -0.203    -2.127     2.654     1.223
 30   Cluster      81 [18,25] (34,35)   
                                -0.666     0.642     3.805     5.398     3.717
 31   Cluster      81 [19,26] (36,37)   
                                -1.836     0.221     0.797     2.374     1.257
 32   Cluster      81 [21,22] (44,45)   
                                 1.678    -0.404    -5.815     6.394     2.024
 33   Cluster      81 [24,27] (40,41)   
                                -0.561    -0.360     4.684     4.868     1.150
 34   Cluster      81 [30] (46,47)   
                                -1.032     0.550     0.534     1.919     1.425
 35   Cluster      81 [30] (48,49)   
                                 0.366     0.092     3.270     3.479     1.126
--- final:
 36       K*+     323 [31] (50,51)   
                                -1.180    -0.102     0.505     1.574     0.906
 37       pi-    -211 [31]    
                                -0.656     0.324     0.292     0.799     0.140
 38       pi0     111 [28] (54,55)   
                                 0.203    -0.054     0.010     0.249     0.135
 39      rho0     113 [28] (56,57)   
                                 0.191     0.157    -1.353     1.555     0.724
 40       pi+     211 [33]    
                                -0.202    -0.181     0.443     0.538     0.140
 41     omega     223 [33] (58,59)   
                                -0.359    -0.180     4.241     4.331     0.781
 42       pi0     111 [29] (64,65)   
                                 0.307    -0.338    -0.411     0.629     0.135
 43      a_0+ 9000211 [29] (66,67)   
                                 0.684     0.135    -1.717     2.026     0.818
 44    rho''-  -30213 [32] (70,71)   
                                 1.252    -0.434    -4.450     4.958     1.739
 45       pi0     111 [32] (78,79)   
                                 0.425     0.030    -1.365     1.436     0.135
 46    K*bar0    -313 [34] (80,81)   
                                -0.504     0.389     0.268     1.130     0.894
 47        K0     311 [34] (82)   
                                -0.528     0.161     0.267     0.789     0.498
 48       pi-    -211 [35]    
                                -0.117     0.392     1.131     1.210     0.140
 49     Kbar0    -311 [35] (85)   
                                 0.482    -0.300     2.139     2.269     0.498
------------------------------------------------------------------------------
     Sum of momenta:            -3e-05    -3e-05    -3e-05      23.5      23.5
------------------------------------------------------------------------------
Step 4 performed by DecayHandler
--- intermediates:
 51       pi0     111 [36] (52,53)   
                                -0.045     0.161     0.008     0.215     0.135
 58      rho-    -213 [41] (60,61)   
                                -0.328    -0.031     2.722     2.798     0.558
 60       pi0     111 [58] (62,63)   
                                -0.329    -0.215     1.867     1.912     0.135
 66       eta     221 [43] (68,69)   
                                 0.584    -0.073    -1.319     1.544     0.547
 70      rho-    -213 [44] (72,73)   
                                 0.467    -0.315    -2.182     2.406     0.841
 71     sigma 9000221 [44] (76,77)   
                                 0.785    -0.118    -2.268     2.552     0.861
 72       pi0     111 [70] (74,75)   
                                -0.042     0.207    -0.368     0.445     0.135
 82      K_S0     310 [47] (83,84)   
                                -0.528     0.161     0.267     0.789     0.498
 85      K_S0     310 [49] (86,87)   
                                 0.482    -0.300     2.139     2.269     0.498
 86       pi0     111 [85] (88,89)   
                                 0.422    -0.041     1.076     1.164     0.135
 87       pi0     111 [85] (90,91)   
                                 0.060    -0.259     1.063     1.104     0.135
--- final:
 37       pi-    -211 [31]    
                                -0.656     0.324     0.292     0.799     0.140
 40       pi+     211 [33]    
                                -0.202    -0.181     0.443     0.538     0.140
 48       pi-    -211 [35]    
                                -0.117     0.392     1.131     1.210     0.140
 50        K+     321 [36]    
                                -1.135    -0.263     0.497     1.360     0.494
 52     gamma      22 [51]    
                                -0.017     0.026     0.060     0.068     0.000
 53     gamma      22 [51]    
                                -0.028     0.135    -0.052     0.147     0.000
 54     gamma      22 [38]    
                                 0.209    -0.061     0.037     0.221     0.000
 55     gamma      22 [38]    
                                -0.006     0.008    -0.027     0.029     0.000
 56       pi+     211 [39]    
                                 0.266    -0.207    -0.577     0.682     0.140
 57       pi-    -211 [39]    
                                -0.075     0.364    -0.777     0.872     0.140
 59       pi+     211 [41]    
                                -0.031    -0.148     1.518     1.532     0.140
 61       pi-    -211 [58]    
                                 0.001     0.183     0.856     0.886     0.140
 62     gamma      22 [60]    
                                -0.165    -0.147     1.296     1.315     0.000
 63     gamma      22 [60]    
                                -0.164    -0.067     0.570     0.597     0.000
 64     gamma      22 [42]    
                                 0.056    -0.067    -0.161     0.183     0.000
 65     gamma      22 [42]    
                                 0.251    -0.271    -0.250     0.446     0.000
 67       pi+     211 [43]    
                                 0.100     0.208    -0.398     0.481     0.140
 68     gamma      22 [66]    
                                 0.648     0.016    -0.884     1.096     0.000
 69     gamma      22 [66]    
                                -0.064    -0.089    -0.435     0.449     0.000
 73       pi-    -211 [70]    
                                 0.509    -0.523    -1.814     1.960     0.140
 74     gamma      22 [72]    
                                 0.013     0.156    -0.319     0.356     0.000
 75     gamma      22 [72]    
                                -0.055     0.051    -0.048     0.089     0.000
 76       pi+     211 [71]    
                                 0.507    -0.131    -0.438     0.697     0.140
 77       pi-    -211 [71]    
                                 0.279     0.012    -1.829     1.856     0.140
 78     gamma      22 [45]    
                                 0.105    -0.010    -0.546     0.556     0.000
 79     gamma      22 [45]    
                                 0.320     0.040    -0.819     0.880     0.000
 80        K-    -321 [46]    
                                -0.502     0.522     0.315     0.931     0.494
 81       pi+     211 [46]    
                                -0.002    -0.133    -0.047     0.199     0.140
 83       pi+     211 [82]    
                                -0.547     0.153     0.278     0.648     0.140
 84       pi-    -211 [82]    
                                 0.020     0.008    -0.011     0.142     0.140
 88     gamma      22 [86]    
                                 0.393    -0.023     1.049     1.120     0.000
 89     gamma      22 [86]    
                                 0.029    -0.019     0.027     0.044     0.000
 90     gamma      22 [87]    
                                -0.000    -0.227     0.751     0.784     0.000
 91     gamma      22 [87]    
                                 0.060    -0.032     0.313     0.320     0.000
------------------------------------------------------------------------------
     Sum of momenta:            -3e-05    -3e-05    -3e-05      23.5      23.5

The following exception classes were reported in this run:
ThePEG::EventHandler::ConsistencyException warning (1 times)
ThePEG::LesHouchesReader::LesHouchesReopenWarning warning (1 times)
