>>>>>>>>>>>>>>>>>>>>>>>>>>>>>>>>>>>>>>>>>>>>>>>>>>>>>>>>>>>>>>>>>>>>>>>>>>>>>>
>>>> Toolkit for HEP Event Generation - ThePEG 2.2.0 <<<<<<<<<<<<<<<<<<<<<<<<<
>>>> Tue Jun 30 00:37:38 2020                                             <<<<
<<<<<<<<<<<<<<<<<<<<<<<<<<<<<<<<<<<<<<<<<<<<<<<<<<<<<<<<<<<<<<<<<<<<<<<<<<<<<<

>> Herwig 7.2.0 / ThePEG 2.2.0

/Herwig/EventHandlers/NoCuts:
MHat  = 2 .. 16.3836 GeV
Scale = 0 .. 1e+12 GeV2
YHat  = -100 .. 100
X1    = 0 .. 1
X2    = 0 .. 1

* A warning exception of type ThePEG::LesHouchesReader::LesHouchesReopenWarning occurred while generating event number 1: 
Reopening LesHouchesReader 'myReader' after accessing 2 events out of 1
* A warning exception of type ThePEG::EventHandler::ConsistencyException occurred while generating event number 1: 
Event handler 'myLesHouchesHandler' found energy-momentum non-conservation by (-1e-05,-1e-05,-2e-05;9.99971e-06) GeV after generating step number 4.

******************************************************************************
Event number 1 (id: ./OUTPUT/0.95MB1.05/1511996808/TMP/Cluster_HERWIGOutput_27) performed by myLesHouchesHandler
Weight: 1
==============================================================================

--- Colliding particles:
  1        e-      11  (3)   
                                 4.096     0.000     0.000     4.096     0.000
  2        e+     -11  (3)   
                                -4.096     0.000     0.000     4.096     0.000
------------------------------------------------------------------------------
Primary sub-process performed by myReader
--- incoming:
  1        e-      11  (3)   
                                 4.096     0.000     0.000     4.096     0.000
  2        e+     -11  (3)   
                                -4.096     0.000     0.000     4.096     0.000
--- intermediates:
  3     gamma      22 [1,2] (4..7)   
                                 0.000     0.000     0.000     8.192     8.192
--- outgoing:
  4         g      21 [3] (8)  5>>5 {+1,-2}
                                 2.608    -1.573     1.386     3.346     0.000
  5         g      21 [3] (11)  4>>4 {+2,-1}
                                -1.358     1.843    -0.349     2.316     0.000
  6         g      21 [3] (12)  7>>7 {+3,-4}
                                -1.566    -0.746    -0.786     1.905     0.000
  7         g      21 [3] (13)  6>>6 {+4,-3}
                                 0.317     0.477    -0.251     0.625     0.000
------------------------------------------------------------------------------
Step 1 performed by myLesHouchesHandler
--- intermediates:
  1        e-      11  (3)   
                                 4.096     0.000     0.000     4.096     0.000
  2        e+     -11  (3)   
                                -4.096     0.000     0.000     4.096     0.000
  3     gamma      22 [1,2] (4..7)   
                                 0.000     0.000     0.000     8.192     8.192
--- final:
  4         g      21 [3] (8)  5>>5 {+1,-2}
                                 2.608    -1.573     1.386     3.346     0.000
  5         g      21 [3] (11)  4>>4 {+2,-1}
                                -1.358     1.843    -0.349     2.316     0.000
  6         g      21 [3] (12)  7>>7 {+3,-4}
                                -1.566    -0.746    -0.786     1.905     0.000
  7         g      21 [3] (13)  6>>6 {+4,-3}
                                 0.317     0.477    -0.251     0.625     0.000
------------------------------------------------------------------------------
     Sum of momenta:            -2e-05    -1e-05    -2e-05      8.19      8.19
------------------------------------------------------------------------------
Step 2 performed by ShowerHandler
--- intermediates:
  8         g      21 [4] (9,10)   {+1,-2}
                                 1.687    -1.018     0.896     3.829     3.159
--- final:
  9         g      21 [8] (20,21)  10>>11 {+1,-5}
                                 1.013     0.671     0.883     1.778     0.950
 10         g      21 [8] (22,23)  11>>9 {+5,-2}
                                 0.674    -1.689     0.013     2.052     0.950
 11         g      21 [5] (14,15)  9>>10 {+2,-1}
                                -0.879     1.192    -0.226     1.774     0.950
 12         g      21 [6] (16,17)  13>>13 {+3,-4}
                                -1.013    -0.483    -0.508     1.556     0.950
 13         g      21 [7] (18,19)  12>>12 {+4,-3}
                                 0.205     0.309    -0.163     1.033     0.950
------------------------------------------------------------------------------
     Sum of momenta:            -2e-05    -1e-05    -2e-05      8.19      8.19
------------------------------------------------------------------------------
Step 3 performed by ClusterHadHandler
--- intermediates:
 14         s       3 [11] (24)   {+2}
                                -0.623     0.724    -0.065     1.058     0.450
 15      sbar      -3 [11] (26)   {-1}
                                -0.256     0.468    -0.161     0.716     0.450
 16         u       2 [12] (26)   {+3}
                                -0.973    -0.259    -0.266     1.091     0.325
 17      ubar      -2 [12] (28)   {-4}
                                -0.040    -0.224    -0.242     0.465     0.325
 18         u       2 [13] (27)   {+4}
                                -0.177     0.085    -0.279     0.471     0.325
 19      ubar      -2 [13] (25)   {-3}
                                 0.382     0.223     0.117     0.561     0.325
 20         u       2 [9] (25)   {+1}
                                 0.942     0.350     0.754     1.298     0.325
 21      ubar      -2 [9] (27)   {-5}
                                 0.072     0.321     0.129     0.480     0.325
 22         u       2 [10] (28)   {+5}
                                 0.641    -1.494    -0.081     1.660     0.325
 23      ubar      -2 [10] (24)   {-2}
                                 0.033    -0.195     0.094     0.392     0.325
 24   Cluster      81 [14,23] (33,34)   
                                -0.590     0.529     0.029     1.450     1.213
 25   Cluster      81 [19,20] (31,32)   
                                 1.324     0.574     0.871     1.859     0.785
 26   Cluster      81 [15,16] (35,36)   
                                -1.229     0.209    -0.427     1.807     1.236
 27   Cluster      81 [18,21] (37,38)   
                                -0.105     0.406    -0.150     0.951     0.840
 28   Cluster      81 [17,22] (29,30)   
                                 0.601    -1.718    -0.323     2.125     1.048
--- final:
 29       pi+     211 [28]    
                                 0.040    -0.612    -0.032     0.630     0.140
 30      rho-    -213 [28] (39,40)   
                                 0.560    -1.106    -0.291     1.495     0.783
 31       pi+     211 [25]    
                                 0.103     0.164    -0.081     0.252     0.140
 32       pi-    -211 [25]    
                                 1.220     0.410     0.952     1.607     0.140
 33     Kbar0    -311 [24] (43)   
                                -0.403     0.679    -0.335     0.992     0.498
 34       pi-    -211 [24]    
                                -0.187    -0.150     0.364     0.458     0.140
 35       pi+     211 [26]    
                                -0.175    -0.056     0.322     0.396     0.140
 36        K0     311 [26] (46)   
                                -1.054     0.265    -0.749     1.411     0.498
 37       pi+     211 [27]    
                                -0.186    -0.139     0.149     0.309     0.140
 38       pi-    -211 [27]    
                                 0.081     0.545    -0.299     0.642     0.140
------------------------------------------------------------------------------
     Sum of momenta:            -2e-05    -1e-05    -2e-05      8.19      8.19
------------------------------------------------------------------------------
Step 4 performed by DecayHandler
--- intermediates:
 39       pi0     111 [30] (41,42)   
                                 0.706    -0.738    -0.102     1.035     0.135
 43      K_S0     310 [33] (44,45)   
                                -0.403     0.679    -0.335     0.992     0.498
 46      K_S0     310 [36] (47,48)   
                                -1.054     0.265    -0.749     1.411     0.498
--- final:
 29       pi+     211 [28]    
                                 0.040    -0.612    -0.032     0.630     0.140
 31       pi+     211 [25]    
                                 0.103     0.164    -0.081     0.252     0.140
 32       pi-    -211 [25]    
                                 1.220     0.410     0.952     1.607     0.140
 34       pi-    -211 [24]    
                                -0.187    -0.150     0.364     0.458     0.140
 35       pi+     211 [26]    
                                -0.175    -0.056     0.322     0.396     0.140
 37       pi+     211 [27]    
                                -0.186    -0.139     0.149     0.309     0.140
 38       pi-    -211 [27]    
                                 0.081     0.545    -0.299     0.642     0.140
 40       pi-    -211 [30]    
                                -0.145    -0.368    -0.188     0.460     0.140
 41     gamma      22 [39]    
                                 0.089    -0.045     0.012     0.100     0.000
 42     gamma      22 [39]    
                                 0.617    -0.693    -0.114     0.935     0.000
 44       pi+     211 [43]    
                                -0.150     0.397    -0.379     0.586     0.140
 45       pi-    -211 [43]    
                                -0.253     0.282     0.043     0.406     0.140
 47       pi+     211 [46]    
                                -0.262     0.239    -0.159     0.413     0.140
 48       pi-    -211 [46]    
                                -0.792     0.026    -0.590     0.998     0.140
------------------------------------------------------------------------------
     Sum of momenta:            -2e-05    -1e-05    -2e-05      8.19      8.19

The following exception classes were reported in this run:
ThePEG::EventHandler::ConsistencyException warning (1 times)
ThePEG::LesHouchesReader::LesHouchesReopenWarning warning (1 times)
