>>>>>>>>>>>>>>>>>>>>>>>>>>>>>>>>>>>>>>>>>>>>>>>>>>>>>>>>>>>>>>>>>>>>>>>>>>>>>>
>>>> Toolkit for HEP Event Generation - ThePEG 2.2.0 <<<<<<<<<<<<<<<<<<<<<<<<<
>>>> Tue Jun 30 00:54:15 2020                                             <<<<
<<<<<<<<<<<<<<<<<<<<<<<<<<<<<<<<<<<<<<<<<<<<<<<<<<<<<<<<<<<<<<<<<<<<<<<<<<<<<<

>> Herwig 7.2.0 / ThePEG 2.2.0

/Herwig/EventHandlers/NoCuts:
MHat  = 2 .. 20.685 GeV
Scale = 0 .. 1e+12 GeV2
YHat  = -100 .. 100
X1    = 0 .. 1
X2    = 0 .. 1

* A warning exception of type ThePEG::LesHouchesReader::LesHouchesReopenWarning occurred while generating event number 1: 
Reopening LesHouchesReader 'myReader' after accessing 2 events out of 1
* A warning exception of type ThePEG::EventHandler::ConsistencyException occurred while generating event number 1: 
Event handler 'myLesHouchesHandler' found energy-momentum non-conservation by (-3e-05,-2e-05,-2e-05;1.9999e-05) GeV after generating step number 4.

******************************************************************************
Event number 1 (id: ./OUTPUT/0.95MB1.05/1511650143/TMP/Cluster_HERWIGOutput_33) performed by myLesHouchesHandler
Weight: 1
==============================================================================

--- Colliding particles:
  1        e-      11  (3)   
                                 5.171     0.000     0.000     5.171     0.000
  2        e+     -11  (3)   
                                -5.171     0.000     0.000     5.171     0.000
------------------------------------------------------------------------------
Primary sub-process performed by myReader
--- incoming:
  1        e-      11  (3)   
                                 5.171     0.000     0.000     5.171     0.000
  2        e+     -11  (3)   
                                -5.171     0.000     0.000     5.171     0.000
--- intermediates:
  3     gamma      22 [1,2] (4..7)   
                                 0.000     0.000     0.000    10.342    10.342
--- outgoing:
  4         g      21 [3] (8)  5>>6 {+1,-2}
                                 0.148     2.830    -1.147     3.057     0.000
  5         g      21 [3] (9)  7>>4 {+2,-3}
                                -0.518     0.431     2.942     3.018     0.000
  6         g      21 [3] (10)  4>>7 {+4,-1}
                                 0.493     0.104    -0.227     0.552     0.000
  7         g      21 [3] (11)  6>>5 {+3,-4}
                                -0.123    -3.365    -1.568     3.715     0.000
------------------------------------------------------------------------------
Step 1 performed by myLesHouchesHandler
--- intermediates:
  1        e-      11  (3)   
                                 5.171     0.000     0.000     5.171     0.000
  2        e+     -11  (3)   
                                -5.171     0.000     0.000     5.171     0.000
  3     gamma      22 [1,2] (4..7)   
                                 0.000     0.000     0.000    10.342    10.342
--- final:
  4         g      21 [3] (8)  5>>6 {+1,-2}
                                 0.148     2.830    -1.147     3.057     0.000
  5         g      21 [3] (9)  7>>4 {+2,-3}
                                -0.518     0.431     2.942     3.018     0.000
  6         g      21 [3] (10)  4>>7 {+4,-1}
                                 0.493     0.104    -0.227     0.552     0.000
  7         g      21 [3] (11)  6>>5 {+3,-4}
                                -0.123    -3.365    -1.568     3.715     0.000
------------------------------------------------------------------------------
     Sum of momenta:            -3e-05    -2e-05    -2e-05      10.3      10.3
------------------------------------------------------------------------------
Step 2 performed by ShowerHandler
--- final:
  8         g      21 [4] (12,13)  9>>10 {+1,-2}
                                 0.134     2.549    -1.033     2.913     0.950
  9         g      21 [5] (14,15)  11>>8 {+2,-3}
                                -0.467     0.388     2.650     2.879     0.950
 10         g      21 [6] (16,17)  8>>11 {+4,-1}
                                 0.444     0.094    -0.204     1.072     0.950
 11         g      21 [7] (18,19)  10>>9 {+3,-4}
                                -0.111    -3.031    -1.412     3.478     0.950
------------------------------------------------------------------------------
     Sum of momenta:            -3e-05    -2e-05    -2e-05      10.3      10.3
------------------------------------------------------------------------------
Step 3 performed by ClusterHadHandler
--- intermediates:
 12         u       2 [8] (20)   {+1}
                                 0.170     2.252    -0.869     2.442     0.325
 13      ubar      -2 [8] (21)   {-2}
                                -0.037     0.297    -0.164     0.471     0.325
 14         s       3 [9] (21)   {+2}
                                -0.235     0.251     1.737     1.827     0.450
 15      sbar      -3 [9] (22)   {-3}
                                -0.231     0.137     0.913     1.053     0.450
 16         u       2 [10] (23)   {+4}
                                 0.165    -0.036    -0.435     0.569     0.325
 17      ubar      -2 [10] (20)   {-1}
                                 0.279     0.129     0.231     0.504     0.325
 18         u       2 [11] (22)   {+3}
                                -0.186    -1.607    -1.098     1.982     0.325
 19      ubar      -2 [11] (23)   {-4}
                                 0.075    -1.424    -0.314     1.496     0.325
 20   Cluster      81 [12,17] (28,29)   
                                 0.450     2.381    -0.638     2.946     1.548
 21   Cluster      81 [13,14] (24,25)   
                                -0.272     0.548     1.573     2.298     1.560
 22   Cluster      81 [15,18] (26,27)   
                                -0.417    -1.470    -0.185     3.034     2.615
 23   Cluster      81 [16,19] (30,31)   
                                 0.240    -1.460    -0.749     2.065     1.230
--- final:
 24       pi-    -211 [21]    
                                -0.187     0.115    -0.248     0.360     0.140
 25     Kbar0    -311 [21] (32)   
                                -0.085     0.432     1.821     1.938     0.498
 26     K*_20     315 [22] (35,36)   
                                -0.878    -1.234    -0.065     2.140     1.510
 27      rho+     213 [22] (37,38)   
                                 0.461    -0.235    -0.121     0.895     0.720
 28       pi+     211 [20]    
                                 0.231     1.100     0.475     1.228     0.140
 29       pi-    -211 [20]    
                                 0.219     1.282    -1.113     1.717     0.140
 30       pi+     211 [23]    
                                -0.455    -0.394    -0.088     0.624     0.140
 31       pi-    -211 [23]    
                                 0.695    -1.066    -0.661     1.441     0.140
------------------------------------------------------------------------------
     Sum of momenta:            -3e-05    -2e-05    -2e-05      10.3      10.3
------------------------------------------------------------------------------
Step 4 performed by DecayHandler
--- intermediates:
 32      K_S0     310 [25] (33,34)   
                                -0.085     0.432     1.821     1.938     0.498
 37       pi0     111 [27] (39,40)   
                                 0.442     0.142    -0.071     0.489     0.135
--- final:
 24       pi-    -211 [21]    
                                -0.187     0.115    -0.248     0.360     0.140
 28       pi+     211 [20]    
                                 0.231     1.100     0.475     1.228     0.140
 29       pi-    -211 [20]    
                                 0.219     1.282    -1.113     1.717     0.140
 30       pi+     211 [23]    
                                -0.455    -0.394    -0.088     0.624     0.140
 31       pi-    -211 [23]    
                                 0.695    -1.066    -0.661     1.441     0.140
 33       pi+     211 [32]    
                                 0.084     0.331     0.693     0.785     0.140
 34       pi-    -211 [32]    
                                -0.169     0.101     1.128     1.153     0.140
 35        K+     321 [26]    
                                 0.275    -0.377    -0.142     0.694     0.494
 36       pi-    -211 [26]    
                                -1.153    -0.857     0.078     1.446     0.140
 38       pi+     211 [27]    
                                 0.018    -0.377    -0.049     0.406     0.140
 39     gamma      22 [37]    
                                 0.298     0.157    -0.032     0.338     0.000
 40     gamma      22 [37]    
                                 0.145    -0.015    -0.040     0.151     0.000
------------------------------------------------------------------------------
     Sum of momenta:            -3e-05    -2e-05    -2e-05      10.3      10.3

The following exception classes were reported in this run:
ThePEG::EventHandler::ConsistencyException warning (1 times)
ThePEG::LesHouchesReader::LesHouchesReopenWarning warning (1 times)
