>>>>>>>>>>>>>>>>>>>>>>>>>>>>>>>>>>>>>>>>>>>>>>>>>>>>>>>>>>>>>>>>>>>>>>>>>>>>>>
>>>> Toolkit for HEP Event Generation - ThePEG 2.2.0 <<<<<<<<<<<<<<<<<<<<<<<<<
>>>> Tue Jun 30 00:44:06 2020                                             <<<<
<<<<<<<<<<<<<<<<<<<<<<<<<<<<<<<<<<<<<<<<<<<<<<<<<<<<<<<<<<<<<<<<<<<<<<<<<<<<<<

>> Herwig 7.2.0 / ThePEG 2.2.0

/Herwig/EventHandlers/NoCuts:
MHat  = 2 .. 87.2286 GeV
Scale = 0 .. 1e+12 GeV2
YHat  = -100 .. 100
X1    = 0 .. 1
X2    = 0 .. 1

* A warning exception of type ThePEG::LesHouchesReader::LesHouchesReopenWarning occurred while generating event number 1: 
Reopening LesHouchesReader 'myReader' after accessing 2 events out of 1
* A warning exception of type ThePEG::EventHandler::ConsistencyException occurred while generating event number 1: 
Event handler 'myLesHouchesHandler' found energy-momentum non-conservation by (-1.1e-05,-3e-05,-3e-05;1.19992e-05) GeV after generating step number 4.

******************************************************************************
Event number 1 (id: ./OUTPUT/0.95MB1.05/1513126133/TMP/Cluster_HERWIGOutput_35) performed by myLesHouchesHandler
Weight: 1
==============================================================================

--- Colliding particles:
  1        e-      11  (3)   
                                21.807     0.000     0.000    21.807     0.000
  2        e+     -11  (3)   
                               -21.807     0.000    -0.000    21.807     0.000
------------------------------------------------------------------------------
Primary sub-process performed by myReader
--- incoming:
  1        e-      11  (3)   
                                21.807     0.000     0.000    21.807     0.000
  2        e+     -11  (3)   
                               -21.807     0.000    -0.000    21.807     0.000
--- intermediates:
  3     gamma      22 [1,2] (4..8)   
                                 0.000     0.000    -0.000    43.614    43.614
--- outgoing:
  4         g      21 [3] (9)  5>>7 {+1,-2}
                                 3.034    -0.154    -3.588     4.702     0.000
  5         g      21 [3] (12)  8>>4 {+2,-3}
                                 1.368   -10.240    12.665    16.344     0.000
  6         g      21 [3] (17)  7>>8 {+4,-5}
                                 2.232    10.401    -6.596    12.516     0.000
  7         g      21 [3] (20)  4>>6 {+5,-1}
                                -3.455    -0.408    -4.920     6.026     0.000
  8         g      21 [3] (21)  6>>5 {+3,-4}
                                -3.179     0.402     2.439     4.027     0.000
------------------------------------------------------------------------------
Step 1 performed by myLesHouchesHandler
--- intermediates:
  1        e-      11  (3)   
                                21.807     0.000     0.000    21.807     0.000
  2        e+     -11  (3)   
                               -21.807     0.000    -0.000    21.807     0.000
  3     gamma      22 [1,2] (4..8)   
                                 0.000     0.000    -0.000    43.614    43.614
--- final:
  4         g      21 [3] (9)  5>>7 {+1,-2}
                                 3.034    -0.154    -3.588     4.702     0.000
  5         g      21 [3] (12)  8>>4 {+2,-3}
                                 1.368   -10.240    12.665    16.344     0.000
  6         g      21 [3] (17)  7>>8 {+4,-5}
                                 2.232    10.401    -6.596    12.516     0.000
  7         g      21 [3] (20)  4>>6 {+5,-1}
                                -3.455    -0.408    -4.920     6.026     0.000
  8         g      21 [3] (21)  6>>5 {+3,-4}
                                -3.179     0.402     2.439     4.027     0.000
------------------------------------------------------------------------------
     Sum of momenta:            -2e-05    -3e-05    -3e-05      43.6      43.6
------------------------------------------------------------------------------
Step 2 performed by ShowerHandler
--- intermediates:
  9         g      21 [4] (10,11)   {+1,-2}
                                 2.625    -0.133    -3.105     5.225     3.279
 12         g      21 [5] (13,14)   {+2,-3}
                                 1.184    -8.861    10.959    16.423     8.349
 14         g      21 [12] (15,16)   {+2,-6}
                                 1.028    -8.746     6.046    11.415     4.024
 17         g      21 [6] (18,19)   {+4,-5}
                                 1.931     8.999    -5.707    11.709     4.451
 21         g      21 [8] (22,23)   {+3,-4}
                                -2.751     0.347     2.110     4.957     3.526
--- final:
 10         g      21 [9] (26,27)  15>>11 {+7,-2}
                                 0.154     0.498     0.017     1.084     0.950
 11         g      21 [9] (28,29)  10>>20 {+1,-7}
                                 2.471    -0.631    -3.122     4.141     0.950
 13         g      21 [12] (30,31)  23>>16 {+6,-3}
                                 0.156    -0.114     4.914     5.008     0.950
 15         s       3 [14] (46)  >10 {+2}
                                 2.142    -2.606     2.501     4.224     0.450
 16      sbar      -3 [14] (43)  13> {-6}
                                -1.115    -6.140     3.544     7.191     0.450
 18         g      21 [17] (36,37)  20>>19 {+8,-5}
                                 1.241     0.496    -0.873     1.858     0.950
 19         g      21 [17] (38,39)  18>>22 {+4,-8}
                                 0.690     8.504    -4.834     9.852     0.950
 20         g      21 [7] (24,25)  11>>18 {+5,-1}
                                -2.989    -0.353    -4.257     5.300     0.950
 22         g      21 [21] (32,33)  19>>23 {+9,-4}
                                -0.928    -1.290     0.744     1.995     0.950
 23         g      21 [21] (34,35)  22>>13 {+3,-9}
                                -1.823     1.638     1.366     2.962     0.950
------------------------------------------------------------------------------
     Sum of momenta:            -2e-05    -3e-05    -3e-05      43.6      43.6
------------------------------------------------------------------------------
Step 3 performed by ClusterHadHandler
--- intermediates:
 24         d       1 [20] (40)   {+5}
                                -1.695    -0.350    -1.897     2.589     0.325
 25      dbar      -1 [20] (41)   {-1}
                                -1.294    -0.003    -2.360     2.711     0.325
 26         d       1 [10] (42)   {+7}
                                 0.362     0.121    -0.144     0.521     0.325
 27      dbar      -1 [10] (47)   {-2}
                                -0.207     0.376     0.161     0.562     0.325
 28         d       1 [11] (41)   {+1}
                                 1.867    -0.401    -2.631     3.267     0.325
 29      dbar      -1 [11] (42)   {-7}
                                 0.604    -0.230    -0.490     0.874     0.325
 30         s       3 [13] (43)   {+6}
                                -0.053    -0.025     1.945     1.997     0.450
 31      sbar      -3 [13] (44)   {-3}
                                 0.209    -0.089     2.969     3.012     0.450
 32         s       3 [22] (46)   {+9}
                                -0.339    -0.389     0.263     0.734     0.450
 33      sbar      -3 [22] (45)   {-4}
                                -0.589    -0.901     0.481     1.262     0.450
 34         s       3 [23] (44)   {+3}
                                -1.124     0.822     0.779     1.658     0.450
 35      sbar      -3 [23] (47)   {-9}
                                -0.699     0.815     0.587     1.304     0.450
 36         s       3 [18] (46)   {+8}
                                 0.427     0.296    -0.399     0.795     0.450
 37      sbar      -3 [18] (40)   {-5}
                                 0.814     0.200    -0.474     1.062     0.450
 38         u       2 [19] (45)   {+4}
                                 0.052     4.337    -2.251     4.898     0.325
 39      ubar      -2 [19] (47)   {-8}
                                 0.639     4.166    -2.582     4.954     0.325
 40   Cluster      81 [24,37] (64,65)   
                                -0.882    -0.150    -2.371     3.651     2.629
 41   Cluster      81 [25,28] (58,59)   
                                 0.572    -0.405    -4.991     5.978     3.215
 42   Cluster      81 [26,29] (62,63)   
                                 0.966    -0.108    -0.634     1.396     0.775
 43   Cluster      81 [16,30] (56,57)   
                                -1.168    -6.165     5.489     9.187     3.861
 44   Cluster      81 [31,34] (60,61)   
                                -0.916     0.734     3.748     4.670     2.526
 45   Cluster      81 [33,38] (54,55)   
                                -0.537     3.437    -1.771     6.160     4.765
 46   Cluster      81 [15,32,36] (48)   
                                 2.231    -2.700     2.365     5.753     3.903
 47   Cluster      81 [27,35,39] (49)   
                                -0.267     5.358    -1.835     6.819     3.789
 48   Cluster      81 [46] (52,53)   
                                 2.231    -2.700     2.365     5.753     3.903
 49   Cluster      81 [47] (50,51)   
                                -0.267     5.358    -1.835     6.819     3.789
 50   Cluster      81 [49] (66,67)   
                                 0.309     4.040    -2.082     4.932     1.890
 52   Cluster      81 [48] (68,69)   
                                 2.004    -2.438     2.331     4.001     0.784
 53   Cluster      81 [48] (70,71)   
                                 0.227    -0.262     0.034     1.751     1.716
 54   Cluster      81 [45] (72,73)   
                                -0.441    -0.294     0.163     1.393     1.278
 55   Cluster      81 [45] (74,75)   
                                -0.096     3.731    -1.933     4.767     2.249
 56   Cluster      81 [43] (76,77)   
                                -0.611    -3.164     3.294     5.201     2.412
 57   Cluster      81 [43] (78,79)   
                                -0.556    -3.001     2.195     3.986     1.325
--- final:
 51 Sigmabar+   -3112 [49] (80,81)   
                                -0.577     1.317     0.246     1.887     1.197
 58       f_2     225 [41] (82,83)   
                                 0.285    -0.041    -3.250     3.499     1.265
 59   omega''   30223 [41] (88..90)   
                                 0.287    -0.364    -1.742     2.479     1.703
 60 Sigmabar-   -3222 [44] (101,102)   
                                -0.346     0.257     2.458     2.765     1.189
 61    Sigma+    3222 [44] (103,104)   
                                -0.569     0.476     1.290     1.905     1.189
 62       pi-    -211 [42]    
                                 0.695    -0.351    -0.208     0.818     0.140
 63       pi+     211 [42]    
                                 0.271     0.243    -0.426     0.578     0.140
 64     omega     223 [40] (105,106)   
                                -0.698     0.458    -2.273     2.559     0.826
 65       K*0     313 [40] (109,110)   
                                -0.183    -0.607    -0.098     1.093     0.884
 66       f_0 9010221 [50] (111,112)   
                                -0.052     3.950    -2.012     4.528     0.924
 67       pi-    -211 [50]    
                                 0.361     0.091    -0.069     0.404     0.140
 68        K-    -321 [52]    
                                 1.633    -2.112     1.768     3.240     0.494
 69       pi0     111 [52] (113,114)   
                                 0.372    -0.326     0.564     0.762     0.135
 70       Xi0    3322 [53] (115,116)   
                                 0.070    -0.316     0.323     1.392     1.315
 71       pi0     111 [53] (121,122)   
                                 0.157     0.054    -0.289     0.359     0.135
 72        K+     321 [54]    
                                -0.170     0.024     0.090     0.530     0.494
 73      rho0     113 [54] (123,124)   
                                -0.271    -0.318     0.073     0.862     0.751
 74      rho+     213 [55] (125,126)   
                                 0.322     0.890    -0.501     1.336     0.799
 75      pi'- -100211 [55] (129,130)   
                                -0.418     2.841    -1.432     3.430     1.214
 76       K*-    -323 [56] (133,134)   
                                -0.516    -0.445     0.435     1.180     0.859
 77      rho0     113 [56] (138,139)   
                                -0.095    -2.719     2.859     4.022     0.773
 78        K0     311 [57] (140)   
                                -0.197    -1.383     0.787     1.678     0.498
 79      rho+     213 [57] (141,142)   
                                -0.359    -1.619     1.408     2.308     0.770
------------------------------------------------------------------------------
     Sum of momenta:            -2e-05    -3e-05    -3e-05      43.6      43.6
------------------------------------------------------------------------------
Step 4 performed by DecayHandler
--- intermediates:
 82       pi0     111 [58] (84,85)   
                                 0.544    -0.421    -1.163     1.358     0.135
 83       pi0     111 [58] (86,87)   
                                -0.259     0.380    -2.087     2.141     0.135
 88     omega     223 [59] (91,92)   
                                 0.263     0.145    -0.891     1.222     0.779
 89       pi0     111 [59] (97,98)   
                                -0.328    -0.350    -0.335     0.600     0.135
 90       pi0     111 [59] (99,100)   
                                 0.351    -0.159    -0.515     0.657     0.135
 91      rho0     113 [88] (93,94)   
                                 0.153     0.312    -0.732     0.932     0.461
 92       pi0     111 [88] (95,96)   
                                 0.110    -0.167    -0.160     0.289     0.135
106       pi0     111 [64] (107,108)   
                                -0.664     0.415    -0.968     1.252     0.135
115   Lambda0    3122 [70] (117,118)   
                                -0.065    -0.235     0.229     1.165     1.116
116       pi0     111 [70] (119,120)   
                                 0.135    -0.081     0.094     0.227     0.135
125       pi0     111 [74] (127,128)   
                                -0.015    -0.024    -0.302     0.332     0.135
130      rho0     113 [75] (131,132)   
                                -0.153     2.522    -1.143     2.906     0.869
133     Kbar0    -311 [76] (135)   
                                -0.428    -0.275     0.566     0.909     0.498
135      K_S0     310 [133] (136,137)   
                                -0.428    -0.275     0.566     0.909     0.498
141       pi0     111 [79] (143,144)   
                                -0.107    -1.481     1.276     1.962     0.135
--- final:
 62       pi-    -211 [42]    
                                 0.695    -0.351    -0.208     0.818     0.140
 63       pi+     211 [42]    
                                 0.271     0.243    -0.426     0.578     0.140
 67       pi-    -211 [50]    
                                 0.361     0.091    -0.069     0.404     0.140
 68        K-    -321 [52]    
                                 1.633    -2.112     1.768     3.240     0.494
 72        K+     321 [54]    
                                -0.170     0.024     0.090     0.530     0.494
 80     nbar0   -2112 [51]    
                                -0.301     1.064     0.076     1.453     0.940
 81       pi+     211 [51]    
                                -0.276     0.254     0.170     0.435     0.140
 84     gamma      22 [82]    
                                 0.144    -0.187    -0.349     0.421     0.000
 85     gamma      22 [82]    
                                 0.400    -0.234    -0.814     0.937     0.000
 86     gamma      22 [83]    
                                -0.039     0.045    -0.541     0.544     0.000
 87     gamma      22 [83]    
                                -0.220     0.335    -1.546     1.597     0.000
 93       pi+     211 [91]    
                                 0.215     0.070    -0.492     0.559     0.140
 94       pi-    -211 [91]    
                                -0.062     0.242    -0.240     0.373     0.140
 95     gamma      22 [92]    
                                 0.107    -0.185    -0.118     0.244     0.000
 96     gamma      22 [92]    
                                 0.003     0.018    -0.042     0.046     0.000
 97     gamma      22 [89]    
                                 0.005     0.006    -0.016     0.018     0.000
 98     gamma      22 [89]    
                                -0.333    -0.356    -0.319     0.582     0.000
 99     gamma      22 [90]    
                                 0.192    -0.047    -0.168     0.259     0.000
100     gamma      22 [90]    
                                 0.159    -0.113    -0.347     0.398     0.000
101     nbar0   -2112 [60]    
                                -0.150     0.067     1.952     2.172     0.940
102       pi-    -211 [60]    
                                -0.196     0.191     0.507     0.593     0.140
103        n0    2112 [61]    
                                -0.271     0.280     0.896     1.356     0.940
104       pi+     211 [61]    
                                -0.298     0.196     0.394     0.549     0.140
105     gamma      22 [64]    
                                -0.035     0.042    -1.305     1.306     0.000
107     gamma      22 [106]    
                                -0.577     0.305    -0.766     1.006     0.000
108     gamma      22 [106]    
                                -0.087     0.111    -0.202     0.246     0.000
109        K+     321 [65]    
                                -0.310    -0.163    -0.047     0.607     0.494
110       pi-    -211 [65]    
                                 0.127    -0.444    -0.051     0.485     0.140
111       pi+     211 [66]    
                                -0.290     0.980    -0.240     1.059     0.140
112       pi-    -211 [66]    
                                 0.238     2.970    -1.772     3.470     0.140
113     gamma      22 [69]    
                                 0.092    -0.023     0.065     0.115     0.000
114     gamma      22 [69]    
                                 0.280    -0.302     0.499     0.647     0.000
117        p+    2212 [115]    
                                -0.023    -0.122     0.129     0.955     0.938
118       pi-    -211 [115]    
                                -0.042    -0.113     0.100     0.209     0.140
119     gamma      22 [116]    
                                 0.131    -0.085     0.025     0.158     0.000
120     gamma      22 [116]    
                                 0.004     0.004     0.069     0.069     0.000
121     gamma      22 [71]    
                                 0.098     0.064    -0.273     0.297     0.000
122     gamma      22 [71]    
                                 0.059    -0.010    -0.015     0.062     0.000
123       pi+     211 [73]    
                                -0.355    -0.218     0.325     0.546     0.140
124       pi-    -211 [73]    
                                 0.084    -0.100    -0.252     0.316     0.140
126       pi+     211 [74]    
                                 0.337     0.915    -0.199     1.005     0.140
127     gamma      22 [125]    
                                -0.057    -0.036    -0.075     0.101     0.000
128     gamma      22 [125]    
                                 0.042     0.011    -0.226     0.231     0.000
129       pi-    -211 [75]    
                                -0.265     0.319    -0.289     0.524     0.140
131       pi+     211 [130]    
                                 0.215     1.345    -0.289     1.400     0.140
132       pi-    -211 [130]    
                                -0.368     1.177    -0.855     1.507     0.140
134       pi-    -211 [76]    
                                -0.088    -0.171    -0.131     0.271     0.140
136       pi+     211 [135]    
                                -0.120    -0.172     0.485     0.546     0.140
137       pi-    -211 [135]    
                                -0.308    -0.103     0.081     0.363     0.140
138       pi+     211 [77]    
                                -0.325    -0.842     0.720     1.163     0.140
139       pi-    -211 [77]    
                                 0.230    -1.877     2.139     2.859     0.140
140      K_L0     130 [78]    
                                -0.197    -1.383     0.787     1.678     0.498
142       pi+     211 [79]    
                                -0.252    -0.138     0.132     0.346     0.140
143     gamma      22 [141]    
                                -0.061    -0.509     0.520     0.730     0.000
144     gamma      22 [141]    
                                -0.046    -0.972     0.756     1.232     0.000
------------------------------------------------------------------------------
     Sum of momenta:            -2e-05    -3e-05    -3e-05      43.6      43.6

The following exception classes were reported in this run:
ThePEG::EventHandler::ConsistencyException warning (1 times)
ThePEG::LesHouchesReader::LesHouchesReopenWarning warning (1 times)
