>>>>>>>>>>>>>>>>>>>>>>>>>>>>>>>>>>>>>>>>>>>>>>>>>>>>>>>>>>>>>>>>>>>>>>>>>>>>>>
>>>> Toolkit for HEP Event Generation - ThePEG 2.2.0 <<<<<<<<<<<<<<<<<<<<<<<<<
>>>> Tue Jun 30 00:20:34 2020                                             <<<<
<<<<<<<<<<<<<<<<<<<<<<<<<<<<<<<<<<<<<<<<<<<<<<<<<<<<<<<<<<<<<<<<<<<<<<<<<<<<<<

>> Herwig 7.2.0 / ThePEG 2.2.0

/Herwig/EventHandlers/NoCuts:
MHat  = 2 .. 20.4617 GeV
Scale = 0 .. 1e+12 GeV2
YHat  = -100 .. 100
X1    = 0 .. 1
X2    = 0 .. 1

* A warning exception of type ThePEG::LesHouchesReader::LesHouchesReopenWarning occurred while generating event number 1: 
Reopening LesHouchesReader 'myReader' after accessing 2 events out of 1
* A warning exception of type ThePEG::EventHandler::ConsistencyException occurred while generating event number 1: 
Event handler 'myLesHouchesHandler' found energy-momentum non-conservation by (9.30811e-16,-2e-05,-2e-05;-9.22482e-10) GeV after generating step number 4.

******************************************************************************
Event number 1 (id: ./OUTPUT/0.95MB1.05/1511552937/TMP/Cluster_HERWIGOutput_6) performed by myLesHouchesHandler
Weight: 1
==============================================================================

--- Colliding particles:
  1        e-      11  (3)   
                                 5.115     0.000    -0.000     5.115     0.000
  2        e+     -11  (3)   
                                -5.115     0.000     0.000     5.115     0.000
------------------------------------------------------------------------------
Primary sub-process performed by myReader
--- incoming:
  1        e-      11  (3)   
                                 5.115     0.000    -0.000     5.115     0.000
  2        e+     -11  (3)   
                                -5.115     0.000     0.000     5.115     0.000
--- intermediates:
  3     gamma      22 [1,2] (4..7)   
                                -0.000     0.000     0.000    10.231    10.231
--- outgoing:
  4         g      21 [3] (8)  6>>5 {+1,-2}
                                -1.384     1.640    -1.097     2.410     0.000
  5         g      21 [3] (11)  4>>7 {+3,-1}
                                -0.244     1.514    -0.184     1.544     0.000
  6         g      21 [3] (12)  7>>4 {+2,-4}
                                 1.747     0.652     1.600     2.457     0.000
  7         g      21 [3] (13)  5>>6 {+4,-3}
                                -0.118    -3.805    -0.320     3.820     0.000
------------------------------------------------------------------------------
Step 1 performed by myLesHouchesHandler
--- intermediates:
  1        e-      11  (3)   
                                 5.115     0.000    -0.000     5.115     0.000
  2        e+     -11  (3)   
                                -5.115     0.000     0.000     5.115     0.000
  3     gamma      22 [1,2] (4..7)   
                                -0.000     0.000     0.000    10.231    10.231
--- final:
  4         g      21 [3] (8)  6>>5 {+1,-2}
                                -1.384     1.640    -1.097     2.410     0.000
  5         g      21 [3] (11)  4>>7 {+3,-1}
                                -0.244     1.514    -0.184     1.544     0.000
  6         g      21 [3] (12)  7>>4 {+2,-4}
                                 1.747     0.652     1.600     2.457     0.000
  7         g      21 [3] (13)  5>>6 {+4,-3}
                                -0.118    -3.805    -0.320     3.820     0.000
------------------------------------------------------------------------------
     Sum of momenta:            -1e-05    -2e-05    -2e-05      10.2      10.2
------------------------------------------------------------------------------
Step 2 performed by ShowerHandler
--- intermediates:
  8         g      21 [4] (9,10)   {+1,-2}
                                -1.091     1.292    -0.864     3.373     2.787
--- final:
  9         g      21 [8] (20,21)  12>>10 {+5,-2}
                                -1.172     0.894     0.340     1.786     0.950
 10         g      21 [8] (22,23)  9>>11 {+1,-5}
                                 0.081     0.398    -1.204     1.587     0.950
 11         g      21 [5] (14,15)  10>>13 {+3,-1}
                                -0.192     1.193    -0.145     1.544     0.950
 12         g      21 [6] (16,17)  13>>9 {+2,-4}
                                 1.377     0.514     1.261     2.157     0.950
 13         g      21 [7] (18,19)  11>>12 {+4,-3}
                                -0.093    -2.999    -0.252     3.157     0.950
------------------------------------------------------------------------------
     Sum of momenta:            -1e-05    -2e-05    -2e-05      10.2      10.2
------------------------------------------------------------------------------
Step 3 performed by ClusterHadHandler
--- intermediates:
 14         s       3 [11] (26)   {+3}
                                -0.122     0.597    -0.223     0.790     0.450
 15      sbar      -3 [11] (28)   {-1}
                                -0.070     0.596     0.079     0.754     0.450
 16         u       2 [12] (28)   {+2}
                                 0.903     0.299     1.160     1.535     0.325
 17      ubar      -2 [12] (24)   {-4}
                                 0.474     0.215     0.101     0.622     0.325
 18         d       1 [13] (24)   {+4}
                                -0.102    -2.487    -0.376     2.538     0.325
 19      dbar      -1 [13] (27)   {-3}
                                 0.009    -0.512     0.124     0.619     0.325
 20         u       2 [9] (25)   {+5}
                                -0.443     0.241     0.449     0.749     0.325
 21      ubar      -2 [9] (26)   {-2}
                                -0.729     0.653    -0.109     1.037     0.325
 22         u       2 [10] (27)   {+1}
                                 0.257    -0.076    -0.612     0.743     0.325
 23      ubar      -2 [10] (25)   {-5}
                                -0.176     0.474    -0.592     0.844     0.325
 24   Cluster      81 [17,18] (37,38)   
                                 0.372    -2.271    -0.276     3.160     2.148
 25   Cluster      81 [20,23] (31,32)   
                                -0.619     0.715    -0.143     1.593     1.274
 26   Cluster      81 [14,21] (35,36)   
                                -0.851     1.251    -0.332     1.827     0.969
 27   Cluster      81 [19,22] (33,34)   
                                 0.266    -0.588    -0.488     1.362     1.096
 28   Cluster      81 [15,16] (29,30)   
                                 0.832     0.894     1.239     2.289     1.487
--- final:
 29       pi0     111 [28] (39,40)   
                                 0.871     0.426     0.130     0.987     0.135
 30        K+     321 [28]    
                                -0.038     0.469     1.109     1.302     0.494
 31       pi0     111 [25] (41,42)   
                                -0.349     0.295    -0.049     0.479     0.135
 32      a_00 9000111 [25] (43,44)   
                                -0.270     0.420    -0.095     1.113     0.991
 33       pi+     211 [27]    
                                -0.092     0.202    -0.402     0.480     0.140
 34       pi0     111 [27] (52,53)   
                                 0.358    -0.790    -0.085     0.882     0.135
 35     Kbar0    -311 [26] (54)   
                                -0.812     0.956    -0.523     1.447     0.498
 36       pi-    -211 [26]    
                                -0.039     0.294     0.191     0.380     0.140
 37       pi0     111 [24] (55,56)   
                                 0.138    -1.495    -0.033     1.508     0.135
 38      a_1-  -20213 [24] (57,58)   
                                 0.234    -0.777    -0.242     1.652     1.419
------------------------------------------------------------------------------
     Sum of momenta:            -1e-05    -2e-05    -2e-05      10.2      10.2
------------------------------------------------------------------------------
Step 4 performed by DecayHandler
--- intermediates:
 43       eta     221 [32] (45..47)   
                                -0.487     0.433    -0.038     0.852     0.548
 44       pi0     111 [32] (50,51)   
                                 0.217    -0.013    -0.056     0.262     0.135
 47       pi0     111 [43] (48,49)   
                                -0.024     0.040    -0.029     0.146     0.135
 57      rho0     113 [38] (59,60)   
                                -0.454    -0.424    -0.237     0.867     0.556
--- final:
 30        K+     321 [28]    
                                -0.038     0.469     1.109     1.302     0.494
 33       pi+     211 [27]    
                                -0.092     0.202    -0.402     0.480     0.140
 36       pi-    -211 [26]    
                                -0.039     0.294     0.191     0.380     0.140
 39     gamma      22 [29]    
                                 0.141     0.041    -0.022     0.149     0.000
 40     gamma      22 [29]    
                                 0.729     0.384     0.152     0.838     0.000
 41     gamma      22 [31]    
                                -0.047     0.089     0.030     0.105     0.000
 42     gamma      22 [31]    
                                -0.302     0.206    -0.079     0.374     0.000
 45       pi+     211 [43]    
                                -0.253     0.344    -0.016     0.450     0.140
 46       pi-    -211 [43]    
                                -0.209     0.049     0.006     0.256     0.140
 48     gamma      22 [47]    
                                 0.033     0.054     0.023     0.067     0.000
 49     gamma      22 [47]    
                                -0.057    -0.014    -0.052     0.079     0.000
 50     gamma      22 [44]    
                                 0.084     0.059    -0.037     0.109     0.000
 51     gamma      22 [44]    
                                 0.133    -0.072    -0.019     0.152     0.000
 52     gamma      22 [34]    
                                 0.217    -0.570    -0.010     0.610     0.000
 53     gamma      22 [34]    
                                 0.141    -0.220    -0.075     0.272     0.000
 54      K_L0     130 [35]    
                                -0.812     0.956    -0.523     1.447     0.498
 55     gamma      22 [37]    
                                 0.145    -1.421    -0.058     1.430     0.000
 56     gamma      22 [37]    
                                -0.007    -0.073     0.024     0.078     0.000
 58       pi-    -211 [38]    
                                 0.688    -0.353    -0.005     0.786     0.140
 59       pi-    -211 [57]    
                                -0.414    -0.242     0.045     0.501     0.140
 60       pi+     211 [57]    
                                -0.040    -0.181    -0.282     0.365     0.140
------------------------------------------------------------------------------
     Sum of momenta:            -1e-05    -2e-05    -2e-05      10.2      10.2

The following exception classes were reported in this run:
ThePEG::EventHandler::ConsistencyException warning (1 times)
ThePEG::LesHouchesReader::LesHouchesReopenWarning warning (1 times)
