>>>>>>>>>>>>>>>>>>>>>>>>>>>>>>>>>>>>>>>>>>>>>>>>>>>>>>>>>>>>>>>>>>>>>>>>>>>>>>
>>>> Toolkit for HEP Event Generation - ThePEG 2.2.0 <<<<<<<<<<<<<<<<<<<<<<<<<
>>>> Tue Jun 30 00:48:54 2020                                             <<<<
<<<<<<<<<<<<<<<<<<<<<<<<<<<<<<<<<<<<<<<<<<<<<<<<<<<<<<<<<<<<<<<<<<<<<<<<<<<<<<

>> Herwig 7.2.0 / ThePEG 2.2.0

/Herwig/EventHandlers/NoCuts:
MHat  = 2 .. 18.1408 GeV
Scale = 0 .. 1e+12 GeV2
YHat  = -100 .. 100
X1    = 0 .. 1
X2    = 0 .. 1

* A warning exception of type ThePEG::LesHouchesReader::LesHouchesReopenWarning occurred while generating event number 1: 
Reopening LesHouchesReader 'myReader' after accessing 2 events out of 1
* A warning exception of type ThePEG::EventHandler::ConsistencyException occurred while generating event number 1: 
Event handler 'myLesHouchesHandler' found energy-momentum non-conservation by (-1e-05,-2e-05,-2e-05;9.99917e-06) GeV after generating step number 4.

******************************************************************************
Event number 1 (id: ./OUTPUT/0.95MB1.05/1511299816/TMP/Cluster_HERWIGOutput_41) performed by myLesHouchesHandler
Weight: 1
==============================================================================

--- Colliding particles:
  1        e-      11  (3)   
                                 4.535     0.000    -0.000     4.535     0.000
  2        e+     -11  (3)   
                                -4.535     0.000     0.000     4.535     0.000
------------------------------------------------------------------------------
Primary sub-process performed by myReader
--- incoming:
  1        e-      11  (3)   
                                 4.535     0.000    -0.000     4.535     0.000
  2        e+     -11  (3)   
                                -4.535     0.000     0.000     4.535     0.000
--- intermediates:
  3     gamma      22 [1,2] (4..7)   
                                 0.000     0.000     0.000     9.070     9.070
--- outgoing:
  4         g      21 [3] (8)  7>>7 {+1,-2}
                                 0.777     1.482    -0.734     1.827     0.000
  5         g      21 [3] (9)  6>>6 {+3,-4}
                                 1.760     0.666    -0.869     2.073     0.000
  6         g      21 [3] (10)  5>>5 {+4,-3}
                                -2.821    -1.084     2.359     3.834     0.000
  7         g      21 [3] (11)  4>>4 {+2,-1}
                                 0.284    -1.064    -0.756     1.336     0.000
------------------------------------------------------------------------------
Step 1 performed by myLesHouchesHandler
--- intermediates:
  1        e-      11  (3)   
                                 4.535     0.000    -0.000     4.535     0.000
  2        e+     -11  (3)   
                                -4.535     0.000     0.000     4.535     0.000
  3     gamma      22 [1,2] (4..7)   
                                 0.000     0.000     0.000     9.070     9.070
--- final:
  4         g      21 [3] (8)  7>>7 {+1,-2}
                                 0.777     1.482    -0.734     1.827     0.000
  5         g      21 [3] (9)  6>>6 {+3,-4}
                                 1.760     0.666    -0.869     2.073     0.000
  6         g      21 [3] (10)  5>>5 {+4,-3}
                                -2.821    -1.084     2.359     3.834     0.000
  7         g      21 [3] (11)  4>>4 {+2,-1}
                                 0.284    -1.064    -0.756     1.336     0.000
------------------------------------------------------------------------------
     Sum of momenta:            -2e-05    -2e-05    -2e-05      9.07      9.07
------------------------------------------------------------------------------
Step 2 performed by ShowerHandler
--- final:
  8         g      21 [4] (12,13)  11>>11 {+1,-2}
                                 0.696     1.328    -0.658     1.893     0.950
  9         g      21 [5] (14,15)  10>>10 {+3,-4}
                                 1.577     0.597    -0.778     2.086     0.950
 10         g      21 [6] (16,17)  9>>9 {+4,-3}
                                -2.527    -0.971     2.114     3.564     0.950
 11         g      21 [7] (18,19)  8>>8 {+2,-1}
                                 0.254    -0.953    -0.678     1.528     0.950
------------------------------------------------------------------------------
     Sum of momenta:            -2e-05    -2e-05    -2e-05      9.07      9.07
------------------------------------------------------------------------------
Step 3 performed by ClusterHadHandler
--- intermediates:
 12         u       2 [8] (22)   {+1}
                                 0.557     1.258    -0.550     1.517     0.325
 13      ubar      -2 [8] (20)   {-2}
                                 0.139     0.070    -0.108     0.376     0.325
 14         s       3 [9] (21)   {+3}
                                 0.817     0.310    -0.237     1.011     0.450
 15      sbar      -3 [9] (22)   {-4}
                                 0.760     0.287    -0.542     1.075     0.450
 16         u       2 [10] (23)   {+4}
                                -1.061    -0.467     0.504     1.306     0.325
 17      ubar      -2 [10] (21)   {-3}
                                -1.466    -0.504     1.610     2.258     0.325
 18         u       2 [11] (20)   {+2}
                                 0.014    -0.446    -0.685     0.880     0.325
 19      ubar      -2 [11] (23)   {-1}
                                 0.240    -0.507     0.007     0.648     0.325
 20   Cluster      81 [13,18] (24,25)   
                                 0.153    -0.376    -0.793     1.256     0.885
 21   Cluster      81 [14,17] (26,27)   
                                -0.649    -0.194     1.373     3.269     2.888
 22   Cluster      81 [12,15] (28,29)   
                                 1.317     1.545    -1.091     2.592     1.185
 23   Cluster      81 [16,19] (30,31)   
                                -0.822    -0.974     0.511     1.954     1.390
--- final:
 24       pi-    -211 [20]    
                                 0.051     0.201    -0.553     0.607     0.140
 25       pi+     211 [20]    
                                 0.102    -0.578    -0.240     0.649     0.140
 26    Sigma-    3112 [21] (32,33)   
                                -0.731     0.760     0.974     1.869     1.197
 27     nbar0   -2112 [21]    
                                 0.082    -0.954     0.399     1.400     0.940
 28        K+     321 [22]    
                                 0.856     0.867    -0.885     1.585     0.494
 29       eta     221 [22] (34..36)   
                                 0.462     0.677    -0.207     1.007     0.548
 30       pi+     211 [23]    
                                -0.027     0.046    -0.267     0.306     0.140
 31      rho-    -213 [23] (39,40)   
                                -0.795    -1.020     0.778     1.648     0.661
------------------------------------------------------------------------------
     Sum of momenta:            -2e-05    -2e-05    -2e-05      9.07      9.07
------------------------------------------------------------------------------
Step 4 performed by DecayHandler
--- intermediates:
 36       pi0     111 [29] (37,38)   
                                 0.182     0.269    -0.013     0.352     0.135
 39       pi0     111 [31] (41,42)   
                                -0.615    -0.913     0.371     1.169     0.135
--- final:
 24       pi-    -211 [20]    
                                 0.051     0.201    -0.553     0.607     0.140
 25       pi+     211 [20]    
                                 0.102    -0.578    -0.240     0.649     0.140
 27     nbar0   -2112 [21]    
                                 0.082    -0.954     0.399     1.400     0.940
 28        K+     321 [22]    
                                 0.856     0.867    -0.885     1.585     0.494
 30       pi+     211 [23]    
                                -0.027     0.046    -0.267     0.306     0.140
 32        n0    2112 [26]    
                                -0.697     0.677     0.638     1.495     0.940
 33       pi-    -211 [26]    
                                -0.034     0.082     0.336     0.375     0.140
 34       pi+     211 [29]    
                                 0.157     0.056    -0.014     0.218     0.140
 35       pi-    -211 [29]    
                                 0.122     0.352    -0.180     0.437     0.140
 37     gamma      22 [36]    
                                 0.020     0.148     0.000     0.149     0.000
 38     gamma      22 [36]    
                                 0.162     0.121    -0.013     0.203     0.000
 40       pi-    -211 [31]    
                                -0.180    -0.107     0.407     0.479     0.140
 41     gamma      22 [39]    
                                -0.591    -0.910     0.364     1.144     0.000
 42     gamma      22 [39]    
                                -0.024    -0.003     0.007     0.025     0.000
------------------------------------------------------------------------------
     Sum of momenta:            -2e-05    -2e-05    -2e-05      9.07      9.07

The following exception classes were reported in this run:
ThePEG::EventHandler::ConsistencyException warning (1 times)
ThePEG::LesHouchesReader::LesHouchesReopenWarning warning (1 times)
