>>>>>>>>>>>>>>>>>>>>>>>>>>>>>>>>>>>>>>>>>>>>>>>>>>>>>>>>>>>>>>>>>>>>>>>>>>>>>>
>>>> Toolkit for HEP Event Generation - ThePEG 2.2.0 <<<<<<<<<<<<<<<<<<<<<<<<<
>>>> Tue Jun 30 00:20:42 2020                                             <<<<
<<<<<<<<<<<<<<<<<<<<<<<<<<<<<<<<<<<<<<<<<<<<<<<<<<<<<<<<<<<<<<<<<<<<<<<<<<<<<<

>> Herwig 7.2.0 / ThePEG 2.2.0

/Herwig/EventHandlers/NoCuts:
MHat  = 2 .. 17.523 GeV
Scale = 0 .. 1e+12 GeV2
YHat  = -100 .. 100
X1    = 0 .. 1
X2    = 0 .. 1

* A warning exception of type ThePEG::LesHouchesReader::LesHouchesReopenWarning occurred while generating event number 1: 
Reopening LesHouchesReader 'myReader' after accessing 2 events out of 1
* A warning exception of type ThePEG::EventHandler::ConsistencyException occurred while generating event number 1: 
Event handler 'myLesHouchesHandler' found energy-momentum non-conservation by (-1e-05,-2e-05,-2e-05;-8.34518e-10) GeV after generating step number 4.

******************************************************************************
Event number 1 (id: ./OUTPUT/0.95MB1.05/1511391750/TMP/Cluster_HERWIGOutput_6) performed by myLesHouchesHandler
Weight: 1
==============================================================================

--- Colliding particles:
  1        e-      11  (3)   
                                 4.381     0.000     0.000     4.381     0.000
  2        e+     -11  (3)   
                                -4.381     0.000    -0.000     4.381     0.000
------------------------------------------------------------------------------
Primary sub-process performed by myReader
--- incoming:
  1        e-      11  (3)   
                                 4.381     0.000     0.000     4.381     0.000
  2        e+     -11  (3)   
                                -4.381     0.000    -0.000     4.381     0.000
--- intermediates:
  3     gamma      22 [1,2] (4..7)   
                                -0.000     0.000     0.000     8.762     8.762
--- outgoing:
  4         g      21 [3] (8)  7>>5 {+1,-2}
                                 0.133    -0.088    -0.835     0.851     0.000
  5         g      21 [3] (9)  4>>6 {+3,-1}
                                -0.781     0.686    -0.292     1.080     0.000
  6         g      21 [3] (10)  5>>7 {+4,-3}
                                -1.468     2.532     0.825     3.041     0.000
  7         g      21 [3] (11)  6>>4 {+2,-4}
                                 2.116    -3.130     0.302     3.790     0.000
------------------------------------------------------------------------------
Step 1 performed by myLesHouchesHandler
--- intermediates:
  1        e-      11  (3)   
                                 4.381     0.000     0.000     4.381     0.000
  2        e+     -11  (3)   
                                -4.381     0.000    -0.000     4.381     0.000
  3     gamma      22 [1,2] (4..7)   
                                -0.000     0.000     0.000     8.762     8.762
--- final:
  4         g      21 [3] (8)  7>>5 {+1,-2}
                                 0.133    -0.088    -0.835     0.851     0.000
  5         g      21 [3] (9)  4>>6 {+3,-1}
                                -0.781     0.686    -0.292     1.080     0.000
  6         g      21 [3] (10)  5>>7 {+4,-3}
                                -1.468     2.532     0.825     3.041     0.000
  7         g      21 [3] (11)  6>>4 {+2,-4}
                                 2.116    -3.130     0.302     3.790     0.000
------------------------------------------------------------------------------
     Sum of momenta:            -2e-05    -2e-05    -2e-05      8.76      8.76
------------------------------------------------------------------------------
Step 2 performed by ShowerHandler
--- final:
  8         g      21 [4] (12,13)  11>>9 {+1,-2}
                                 0.116    -0.076    -0.724     1.203     0.950
  9         g      21 [5] (14,15)  8>>10 {+3,-1}
                                -0.678     0.595    -0.253     1.334     0.950
 10         g      21 [6] (16,17)  9>>11 {+4,-3}
                                -1.273     2.196     0.715     2.803     0.950
 11         g      21 [7] (18,19)  10>>8 {+2,-4}
                                 1.835    -2.715     0.262     3.422     0.950
------------------------------------------------------------------------------
     Sum of momenta:            -2e-05    -2e-05    -2e-05      8.76      8.76
------------------------------------------------------------------------------
Step 3 performed by ClusterHadHandler
--- intermediates:
 12         d       1 [8] (23)   {+1}
                                 0.098    -0.128    -0.788     0.867     0.325
 13      dbar      -1 [8] (20)   {-2}
                                 0.017     0.052     0.063     0.336     0.325
 14         d       1 [9] (21)   {+3}
                                -0.724     0.474    -0.319     0.978     0.325
 15      dbar      -1 [9] (22)   {-1}
                                 0.046     0.121     0.066     0.356     0.325
 16         u       2 [10] (22)   {+4}
                                -0.769     1.775     0.382     1.998     0.325
 17      ubar      -2 [10] (21)   {-3}
                                -0.503     0.421     0.333     0.805     0.325
 18         s       3 [11] (20)   {+2}
                                 0.994    -1.387     0.280     1.787     0.450
 19      sbar      -3 [11] (23)   {-4}
                                 0.840    -1.328    -0.018     1.635     0.450
 20   Cluster      81 [13,18] (24,25)   
                                 1.012    -1.335     0.343     2.123     1.257
 21   Cluster      81 [14,17] (28,29)   
                                -1.228     0.895     0.014     1.783     0.932
 22   Cluster      81 [15,16] (26,27)   
                                -0.723     1.896     0.449     2.354     1.107
 23   Cluster      81 [12,19] (30,31)   
                                 0.939    -1.456    -0.805     2.502     1.616
--- final:
 24       pi0     111 [20] (32,33)   
                                 0.815    -0.387    -0.154     0.925     0.135
 25     Kbar0    -311 [20] (34)   
                                 0.197    -0.949     0.497     1.197     0.498
 26       pi0     111 [22] (37,38)   
                                -0.940     1.495     0.120     1.776     0.135
 27       pi+     211 [22]    
                                 0.217     0.400     0.329     0.579     0.140
 28       pi-    -211 [21]    
                                -0.201     0.099    -0.028     0.266     0.140
 29     omega     223 [21] (39,40)   
                                -1.026     0.796     0.042     1.517     0.783
 30       pi-    -211 [23]    
                                -0.129    -0.783    -0.260     0.847     0.140
 31       K*+     323 [23] (45,46)   
                                 1.068    -0.673    -0.545     1.655     0.921
------------------------------------------------------------------------------
     Sum of momenta:            -2e-05    -2e-05    -2e-05      8.76      8.76
------------------------------------------------------------------------------
Step 4 performed by DecayHandler
--- intermediates:
 34      K_S0     310 [25] (35,36)   
                                 0.197    -0.949     0.497     1.197     0.498
 39      rho0     113 [29] (41,42)   
                                -0.513     0.627    -0.098     0.943     0.472
 40       pi0     111 [29] (43,44)   
                                -0.513     0.168     0.139     0.574     0.135
 46       pi0     111 [31] (47,48)   
                                 0.441    -0.125    -0.492     0.686     0.135
--- final:
 27       pi+     211 [22]    
                                 0.217     0.400     0.329     0.579     0.140
 28       pi-    -211 [21]    
                                -0.201     0.099    -0.028     0.266     0.140
 30       pi-    -211 [23]    
                                -0.129    -0.783    -0.260     0.847     0.140
 32     gamma      22 [24]    
                                 0.407    -0.233    -0.022     0.470     0.000
 33     gamma      22 [24]    
                                 0.408    -0.154    -0.132     0.455     0.000
 35       pi+     211 [34]    
                                 0.025    -0.413     0.432     0.614     0.140
 36       pi-    -211 [34]    
                                 0.171    -0.536     0.065     0.583     0.140
 37     gamma      22 [26]    
                                -0.177     0.240    -0.025     0.299     0.000
 38     gamma      22 [26]    
                                -0.764     1.256     0.145     1.477     0.000
 41       pi+     211 [39]    
                                -0.473     0.547    -0.179     0.758     0.140
 42       pi-    -211 [39]    
                                -0.041     0.080     0.082     0.185     0.140
 43     gamma      22 [40]    
                                -0.453     0.178     0.155     0.510     0.000
 44     gamma      22 [40]    
                                -0.060    -0.009    -0.016     0.063     0.000
 45        K+     321 [31]    
                                 0.627    -0.547    -0.053     0.969     0.494
 47     gamma      22 [46]    
                                 0.404    -0.099    -0.374     0.560     0.000
 48     gamma      22 [46]    
                                 0.036    -0.026    -0.118     0.126     0.000
------------------------------------------------------------------------------
     Sum of momenta:            -2e-05    -2e-05    -2e-05      8.76      8.76

The following exception classes were reported in this run:
ThePEG::EventHandler::ConsistencyException warning (1 times)
ThePEG::LesHouchesReader::LesHouchesReopenWarning warning (1 times)
