>>>>>>>>>>>>>>>>>>>>>>>>>>>>>>>>>>>>>>>>>>>>>>>>>>>>>>>>>>>>>>>>>>>>>>>>>>>>>>
>>>> Toolkit for HEP Event Generation - ThePEG 2.2.0 <<<<<<<<<<<<<<<<<<<<<<<<<
>>>> Tue Jun 30 00:47:11 2020                                             <<<<
<<<<<<<<<<<<<<<<<<<<<<<<<<<<<<<<<<<<<<<<<<<<<<<<<<<<<<<<<<<<<<<<<<<<<<<<<<<<<<

>> Herwig 7.2.0 / ThePEG 2.2.0

/Herwig/EventHandlers/NoCuts:
MHat  = 2 .. 36.0844 GeV
Scale = 0 .. 1e+12 GeV2
YHat  = -100 .. 100
X1    = 0 .. 1
X2    = 0 .. 1

* A warning exception of type ThePEG::LesHouchesReader::LesHouchesReopenWarning occurred while generating event number 1: 
Reopening LesHouchesReader 'myReader' after accessing 2 events out of 1
* A warning exception of type ThePEG::EventHandler::ConsistencyException occurred while generating event number 1: 
Event handler 'myLesHouchesHandler' found energy-momentum non-conservation by (-2e-05,-3e-05,-1e-05;1.99999e-05) GeV after generating step number 4.

******************************************************************************
Event number 1 (id: ./OUTPUT/0.95MB1.05/1512470947/TMP/Cluster_HERWIGOutput_39) performed by myLesHouchesHandler
Weight: 1
==============================================================================

--- Colliding particles:
  1        e-      11  (3)   
                                 9.021     0.000     0.000     9.021     0.000
  2        e+     -11  (3)   
                                -9.021     0.000     0.000     9.021     0.000
------------------------------------------------------------------------------
Primary sub-process performed by myReader
--- incoming:
  1        e-      11  (3)   
                                 9.021     0.000     0.000     9.021     0.000
  2        e+     -11  (3)   
                                -9.021     0.000     0.000     9.021     0.000
--- intermediates:
  3     gamma      22 [1,2] (4..7)   
                                 0.000     0.000     0.000    18.042    18.042
--- outgoing:
  4         g      21 [3] (8)  7>>7 {+1,-2}
                                 2.778    -1.012    -2.867     4.118     0.000
  5         g      21 [3] (9)  6>>6 {+3,-4}
                                -2.218    -0.465     4.716     5.232     0.000
  6         g      21 [3] (14)  5>>5 {+4,-3}
                                -1.991     1.265    -4.832     5.377     0.000
  7         g      21 [3] (19)  4>>4 {+2,-1}
                                 1.431     0.212     2.983     3.315     0.000
------------------------------------------------------------------------------
Step 1 performed by myLesHouchesHandler
--- intermediates:
  1        e-      11  (3)   
                                 9.021     0.000     0.000     9.021     0.000
  2        e+     -11  (3)   
                                -9.021     0.000     0.000     9.021     0.000
  3     gamma      22 [1,2] (4..7)   
                                 0.000     0.000     0.000    18.042    18.042
--- final:
  4         g      21 [3] (8)  7>>7 {+1,-2}
                                 2.778    -1.012    -2.867     4.118     0.000
  5         g      21 [3] (9)  6>>6 {+3,-4}
                                -2.218    -0.465     4.716     5.232     0.000
  6         g      21 [3] (14)  5>>5 {+4,-3}
                                -1.991     1.265    -4.832     5.377     0.000
  7         g      21 [3] (19)  4>>4 {+2,-1}
                                 1.431     0.212     2.983     3.315     0.000
------------------------------------------------------------------------------
     Sum of momenta:            -2e-05    -3e-05    -1e-05        18        18
------------------------------------------------------------------------------
Step 2 performed by ShowerHandler
--- intermediates:
  9         g      21 [5] (10,13)   {+3,-4}
                                -1.414    -0.297     3.008     6.566     5.655
 10         u       2 [9] (11,12)   {+3}
                                 0.599     1.239     1.681     3.689     2.982
 14         g      21 [6] (15,16)   {+4,-3}
                                -1.270     0.807    -3.082     6.365     5.362
 16         g      21 [14] (17,18)   {+4,-5}
                                 0.676     0.796    -2.235     4.040     3.200
--- final:
  8         g      21 [4] (20,21)  19>>19 {+1,-2}
                                 1.772    -0.646    -1.829     2.793     0.950
 11         u       2 [10] (37)  >12 {+6}
                                 1.140     0.069    -0.216     1.207     0.325
 12         g      21 [10] (30,31)  11>>15 {+3,-6}
                                -0.541     1.170     1.897     2.482     0.950
 13      ubar      -2 [9] (37)  17> {-4}
                                -2.013    -1.535     1.327     2.877     0.325
 15         g      21 [14] (24,25)  12>>18 {+5,-3}
                                -1.946     0.010    -0.847     2.325     0.950
 17         g      21 [16] (26,27)  18>>13 {+4,-7}
                                -0.349    -0.710    -1.262     1.767     0.950
 18         g      21 [16] (28,29)  15>>17 {+7,-5}
                                 1.025     1.507    -0.972     2.273     0.950
 19         g      21 [7] (22,23)  8>>8 {+2,-1}
                                 0.913     0.135     1.902     2.318     0.950
------------------------------------------------------------------------------
     Sum of momenta:            -2e-05    -3e-05    -1e-05        18        18
------------------------------------------------------------------------------
Step 3 performed by ClusterHadHandler
--- intermediates:
 20         u       2 [8] (32)   {+1}
                                 0.590    -0.567    -0.832     1.212     0.325
 21      ubar      -2 [8] (38)   {-2}
                                 1.182    -0.078    -0.996     1.582     0.325
 22         u       2 [19] (36)   {+2}
                                 0.055     0.077     0.229     0.409     0.325
 23      ubar      -2 [19] (32)   {-1}
                                 0.858     0.059     1.674     1.909     0.325
 24         u       2 [15] (35)   {+5}
                                -1.152    -0.260    -0.263     1.252     0.325
 25      ubar      -2 [15] (33)   {-3}
                                -0.794     0.271    -0.584     1.072     0.325
 26         u       2 [17] (38)   {+4}
                                -0.077    -0.544    -0.306     0.708     0.325
 27      ubar      -2 [17] (34)   {-7}
                                -0.272    -0.167    -0.956     1.059     0.325
 28         s       3 [18] (34)   {+7}
                                 0.476     0.521    -0.462     0.956     0.450
 29      sbar      -3 [18] (36)   {-5}
                                 0.549     0.985    -0.510     1.317     0.450
 30         u       2 [12] (33)   {+3}
                                 0.047     0.364     0.311     0.580     0.325
 31      ubar      -2 [12] (35)   {-6}
                                -0.588     0.806     1.587     1.902     0.325
 32   Cluster      81 [20,23] (51,52)   
                                 1.448    -0.509     0.841     3.121     2.584
 33   Cluster      81 [25,30] (39,40)   
                                -0.747     0.635    -0.273     1.653     1.303
 34   Cluster      81 [27,28] (47,48)   
                                 0.203     0.355    -1.418     2.015     1.372
 35   Cluster      81 [24,31] (43,44)   
                                -1.740     0.545     1.323     3.155     2.208
 36   Cluster      81 [22,29] (41,42)   
                                 0.604     1.062    -0.282     1.726     1.186
 37   Cluster      81 [11,13] (49,50)   
                                -0.873    -1.466     1.111     4.083     3.539
 38   Cluster      81 [21,26] (45,46)   
                                 1.105    -0.622    -1.302     2.289     1.392
--- final:
 39      rho-    -213 [33] (53,54)   
                                -0.645     0.842    -0.346     1.373     0.801
 40       pi+     211 [33]    
                                -0.102    -0.207     0.073     0.280     0.140
 41       pi0     111 [36] (57,58)   
                                 0.137    -0.037    -0.084     0.213     0.135
 42       K*+     323 [36] (59,60)   
                                 0.468     1.099    -0.197     1.513     0.908
 43      rho0     113 [35] (62,63)   
                                -0.604     0.513     1.122     1.643     0.900
 44       h_1   10223 [35] (64,65)   
                                -1.136     0.032     0.201     1.512     0.977
 45        K+     321 [38]    
                                 0.459    -0.058    -0.498     0.840     0.494
 46       K*-    -323 [38] (70,71)   
                                 0.646    -0.564    -0.805     1.449     0.847
 47       pi-    -211 [34]    
                                 0.214     0.501    -0.558     0.792     0.140
 48    K*bar0    -313 [34] (75,76)   
                                -0.011    -0.146    -0.861     1.223     0.857
 49     pi_2+   10215 [37] (77,78)   
                                 0.508    -1.149     0.020     2.164     1.762
 50      a_1-  -20213 [37] (81,82)   
                                -1.381    -0.317     1.091     1.919     0.697
 51     omega     223 [32] (85,86)   
                                -0.246    -0.361     0.872     1.247     0.777
 52     omega     223 [32] (91,92)   
                                 1.694    -0.148    -0.031     1.874     0.787
------------------------------------------------------------------------------
     Sum of momenta:            -2e-05    -3e-05    -1e-05        18        18
------------------------------------------------------------------------------
Step 4 performed by DecayHandler
--- intermediates:
 53       pi0     111 [39] (55,56)   
                                -0.680     0.921    -0.363     1.208     0.135
 59        K0     311 [42] (61)   
                                 0.100     0.282     0.019     0.581     0.498
 64      rho+     213 [44] (66,67)   
                                -0.835     0.057     0.021     1.134     0.765
 66       pi0     111 [64] (68,69)   
                                -0.763     0.301    -0.060     0.833     0.135
 70     Kbar0    -311 [46] (72)   
                                 0.139    -0.291    -0.535     0.798     0.498
 72      K_S0     310 [70] (73,74)   
                                 0.139    -0.291    -0.535     0.798     0.498
 78       f_2     225 [49] (79,80)   
                                 0.167    -0.467     0.335     1.328     1.185
 81    rho''0   30113 [50] (83,84)   
                                -0.898    -0.339     0.613     1.225     0.452
 85      rho0     113 [51] (87,88)   
                                 0.101    -0.351     0.379     0.629     0.345
 86       pi0     111 [51] (89,90)   
                                -0.347    -0.009     0.493     0.618     0.135
 91      rho0     113 [52] (93,94)   
                                 0.970    -0.167     0.157     1.114     0.497
 92       pi0     111 [52] (95,96)   
                                 0.724     0.019    -0.187     0.760     0.135
--- final:
 40       pi+     211 [33]    
                                -0.102    -0.207     0.073     0.280     0.140
 45        K+     321 [38]    
                                 0.459    -0.058    -0.498     0.840     0.494
 47       pi-    -211 [34]    
                                 0.214     0.501    -0.558     0.792     0.140
 54       pi-    -211 [39]    
                                 0.035    -0.079     0.017     0.165     0.140
 55     gamma      22 [53]    
                                -0.373     0.415    -0.133     0.573     0.000
 56     gamma      22 [53]    
                                -0.307     0.506    -0.230     0.635     0.000
 57     gamma      22 [41]    
                                 0.048    -0.082    -0.052     0.109     0.000
 58     gamma      22 [41]    
                                 0.088     0.045    -0.032     0.104     0.000
 60       pi+     211 [42]    
                                 0.367     0.817    -0.216     0.932     0.140
 61      K_L0     130 [59]    
                                 0.100     0.282     0.019     0.581     0.498
 62       pi+     211 [43]    
                                -0.139    -0.193     0.069     0.285     0.140
 63       pi-    -211 [43]    
                                -0.465     0.707     1.053     1.358     0.140
 65       pi-    -211 [44]    
                                -0.301    -0.025     0.180     0.378     0.140
 67       pi+     211 [64]    
                                -0.072    -0.244     0.081     0.301     0.140
 68     gamma      22 [66]    
                                -0.124     0.067     0.038     0.146     0.000
 69     gamma      22 [66]    
                                -0.639     0.234    -0.098     0.687     0.000
 71       pi-    -211 [46]    
                                 0.507    -0.273    -0.270     0.651     0.140
 73       pi+     211 [72]    
                                -0.086    -0.276    -0.229     0.394     0.140
 74       pi-    -211 [72]    
                                 0.225    -0.015    -0.306     0.404     0.140
 75        K-    -321 [48]    
                                -0.013    -0.115    -0.934     1.063     0.494
 76       pi+     211 [48]    
                                 0.002    -0.031     0.073     0.161     0.140
 77       pi+     211 [49]    
                                 0.341    -0.682    -0.315     0.836     0.140
 79       pi-    -211 [78]    
                                 0.410    -0.667     0.507     0.943     0.140
 80       pi+     211 [78]    
                                -0.243     0.200    -0.173     0.385     0.140
 82       pi-    -211 [50]    
                                -0.483     0.022     0.477     0.694     0.140
 83       pi-    -211 [81]    
                                -0.632    -0.113     0.521     0.839     0.140
 84       pi+     211 [81]    
                                -0.265    -0.226     0.092     0.387     0.140
 87       pi+     211 [85]    
                                 0.085    -0.053     0.149     0.227     0.140
 88       pi-    -211 [85]    
                                 0.016    -0.298     0.230     0.402     0.140
 89     gamma      22 [86]    
                                -0.154    -0.070     0.207     0.268     0.000
 90     gamma      22 [86]    
                                -0.192     0.061     0.286     0.350     0.000
 93       pi+     211 [91]    
                                 0.771    -0.090     0.272     0.834     0.140
 94       pi-    -211 [91]    
                                 0.198    -0.077    -0.115     0.279     0.140
 95     gamma      22 [92]    
                                 0.656    -0.020    -0.185     0.681     0.000
 96     gamma      22 [92]    
                                 0.068     0.039    -0.003     0.079     0.000
------------------------------------------------------------------------------
     Sum of momenta:            -2e-05    -3e-05    -1e-05        18        18

The following exception classes were reported in this run:
ThePEG::EventHandler::ConsistencyException warning (1 times)
ThePEG::LesHouchesReader::LesHouchesReopenWarning warning (1 times)
