>>>>>>>>>>>>>>>>>>>>>>>>>>>>>>>>>>>>>>>>>>>>>>>>>>>>>>>>>>>>>>>>>>>>>>>>>>>>>>
>>>> Toolkit for HEP Event Generation - ThePEG 2.2.0 <<<<<<<<<<<<<<<<<<<<<<<<<
>>>> Tue Jun 30 00:48:56 2020                                             <<<<
<<<<<<<<<<<<<<<<<<<<<<<<<<<<<<<<<<<<<<<<<<<<<<<<<<<<<<<<<<<<<<<<<<<<<<<<<<<<<<

>> Herwig 7.2.0 / ThePEG 2.2.0

/Herwig/EventHandlers/NoCuts:
MHat  = 2 .. 45.6492 GeV
Scale = 0 .. 1e+12 GeV2
YHat  = -100 .. 100
X1    = 0 .. 1
X2    = 0 .. 1

* A warning exception of type ThePEG::LesHouchesReader::LesHouchesReopenWarning occurred while generating event number 1: 
Reopening LesHouchesReader 'myReader' after accessing 2 events out of 1
* A warning exception of type ThePEG::EventHandler::ConsistencyException occurred while generating event number 1: 
Event handler 'myLesHouchesHandler' found energy-momentum non-conservation by (-1e-05,-2e-05,-2e-05;9.99943e-06) GeV after generating step number 4.

******************************************************************************
Event number 1 (id: ./OUTPUT/0.95MB1.05/1514773608/TMP/Cluster_HERWIGOutput_24) performed by myLesHouchesHandler
Weight: 1
==============================================================================

--- Colliding particles:
  1        e-      11  (3)   
                                11.412     0.000     0.000    11.412     0.000
  2        e+     -11  (3)   
                               -11.412     0.000     0.000    11.412     0.000
------------------------------------------------------------------------------
Primary sub-process performed by myReader
--- incoming:
  1        e-      11  (3)   
                                11.412     0.000     0.000    11.412     0.000
  2        e+     -11  (3)   
                               -11.412     0.000     0.000    11.412     0.000
--- intermediates:
  3     gamma      22 [1,2] (4..7)   
                                -0.000     0.000     0.000    22.825    22.825
--- outgoing:
  4         g      21 [3] (8)  6>>5 {+1,-2}
                                -0.108     1.291    -4.558     4.738     0.000
  5         g      21 [3] (9)  4>>7 {+3,-1}
                                 2.627     2.221     9.994    10.569     0.000
  6         g      21 [3] (10)  7>>4 {+2,-4}
                                -1.462    -1.103    -4.256     4.633     0.000
  7         g      21 [3] (11)  5>>6 {+4,-3}
                                -1.058    -2.410    -1.180     2.884     0.000
------------------------------------------------------------------------------
Step 1 performed by myLesHouchesHandler
--- intermediates:
  1        e-      11  (3)   
                                11.412     0.000     0.000    11.412     0.000
  2        e+     -11  (3)   
                               -11.412     0.000     0.000    11.412     0.000
  3     gamma      22 [1,2] (4..7)   
                                -0.000     0.000     0.000    22.825    22.825
--- final:
  4         g      21 [3] (8)  6>>5 {+1,-2}
                                -0.108     1.291    -4.558     4.738     0.000
  5         g      21 [3] (9)  4>>7 {+3,-1}
                                 2.627     2.221     9.994    10.569     0.000
  6         g      21 [3] (10)  7>>4 {+2,-4}
                                -1.462    -1.103    -4.256     4.633     0.000
  7         g      21 [3] (11)  5>>6 {+4,-3}
                                -1.058    -2.410    -1.180     2.884     0.000
------------------------------------------------------------------------------
     Sum of momenta:            -2e-05    -2e-05    -2e-05      22.8      22.8
------------------------------------------------------------------------------
Step 2 performed by ShowerHandler
--- intermediates:
 11         g      21 [7] (12,13)   {+4,-3}
                                -0.986    -2.248    -1.101     3.975     2.926
--- final:
  8         g      21 [4] (14,15)  10>>9 {+1,-2}
                                -0.101     1.204    -4.251     4.521     0.950
  9         g      21 [5] (16,17)  8>>12 {+3,-1}
                                 2.451     2.072     9.322     9.905     0.950
 10         g      21 [6] (18,19)  13>>8 {+2,-4}
                                -1.363    -1.028    -3.970     4.425     0.950
 12         g      21 [11] (20,21)  9>>13 {+5,-3}
                                -1.458    -0.650    -0.241     1.874     0.950
 13         g      21 [11] (22,23)  12>>10 {+4,-5}
                                 0.472    -1.597    -0.860     2.101     0.950
------------------------------------------------------------------------------
     Sum of momenta:            -2e-05    -2e-05    -2e-05      22.8      22.8
------------------------------------------------------------------------------
Step 3 performed by ClusterHadHandler
--- intermediates:
 14         s       3 [8] (27)   {+1}
                                -0.087     0.740    -2.791     2.923     0.450
 15      sbar      -3 [8] (24)   {-2}
                                -0.014     0.464    -1.460     1.597     0.450
 16         u       2 [9] (25)   {+3}
                                 1.991     1.639     7.872     8.290     0.325
 17      ubar      -2 [9] (28)   {-1}
                                 0.460     0.433     1.450     1.614     0.325
 18         d       1 [10] (24)   {+2}
                                -1.009    -1.023    -3.032     3.371     0.325
 19      dbar      -1 [10] (26)   {-4}
                                -0.354    -0.006    -0.938     1.054     0.325
 20         u       2 [12] (28)   {+5}
                                -0.601    -0.464     0.184     0.846     0.325
 21      ubar      -2 [12] (25)   {-3}
                                -0.857    -0.187    -0.425     1.028     0.325
 22         u       2 [13] (26)   {+4}
                                 0.545    -1.373    -0.630     1.639     0.325
 23      ubar      -2 [13] (27)   {-5}
                                -0.073    -0.224    -0.230     0.463     0.325
 24   Cluster      81 [15,18] (33,34)   
                                -1.023    -0.559    -4.492     4.968     1.772
 25   Cluster      81 [16,21] (29,30)   
                                 1.133     1.453     7.447     9.318     5.289
 26   Cluster      81 [19,22] (37,38)   
                                 0.191    -1.379    -1.567     2.692     1.689
 27   Cluster      81 [14,23] (35,36)   
                                -0.160     0.516    -3.021     3.386     1.431
 28   Cluster      81 [17,20] (31,32)   
                                -0.141    -0.031     1.634     2.460     1.834
 29   Cluster      81 [25] (39,40)   
                                 1.559     1.330     6.428     6.900     1.446
 30   Cluster      81 [25] (41,42)   
                                -0.426     0.123     1.019     2.418     2.148
--- final:
 31       K*+     323 [28] (43,44)   
                                -0.284    -0.191     1.688     1.919     0.845
 32        K-    -321 [28]    
                                 0.143     0.160    -0.055     0.541     0.494
 33        K0     311 [24] (48)   
                                -0.432    -0.012    -2.042     2.145     0.498
 34       h_1   10223 [24] (51,52)   
                                -0.591    -0.547    -2.451     2.823     1.146
 35     Kbar0    -311 [27] (57)   
                                -0.336     0.330    -3.018     3.094     0.498
 36       pi-    -211 [27]    
                                 0.176     0.186    -0.003     0.292     0.140
 37     omega     223 [26] (58,59)   
                                -0.022    -0.923    -1.130     1.656     0.781
 38      rho+     213 [26] (60,61)   
                                 0.213    -0.456    -0.437     1.037     0.794
 39       pi+     211 [29]    
                                 0.890     0.541     4.679     4.795     0.140
 40       eta     221 [29] (64,65)   
                                 0.669     0.789     1.749     2.105     0.548
 41      a_2-    -215 [30] (66,67)   
                                -0.053     0.028     0.411     1.354     1.289
 42     omega     223 [30] (70,71)   
                                -0.373     0.095     0.608     1.064     0.784
------------------------------------------------------------------------------
     Sum of momenta:            -2e-05    -2e-05    -2e-05      22.8      22.8
------------------------------------------------------------------------------
Step 4 performed by DecayHandler
--- intermediates:
 43        K0     311 [31] (45)   
                                -0.310    -0.317     1.540     1.678     0.498
 45      K_S0     310 [43] (46,47)   
                                -0.310    -0.317     1.540     1.678     0.498
 48      K_S0     310 [33] (49,50)   
                                -0.432    -0.012    -2.042     2.145     0.498
 51      rho+     213 [34] (53,54)   
                                -0.667    -0.114    -1.752     1.985     0.644
 53       pi0     111 [51] (55,56)   
                                -0.566    -0.256    -0.882     1.087     0.135
 60       pi0     111 [38] (62,63)   
                                -0.262    -0.050    -0.112     0.319     0.135
 66      rho0     113 [41] (68,69)   
                                -0.373     0.027     0.577     0.968     0.681
 70      rho+     213 [42] (72,73)   
                                -0.426    -0.043     0.574     0.858     0.472
 72       pi0     111 [70] (74,75)   
                                -0.169    -0.209     0.270     0.404     0.135
--- final:
 32        K-    -321 [28]    
                                 0.143     0.160    -0.055     0.541     0.494
 36       pi-    -211 [27]    
                                 0.176     0.186    -0.003     0.292     0.140
 39       pi+     211 [29]    
                                 0.890     0.541     4.679     4.795     0.140
 44       pi+     211 [31]    
                                 0.026     0.126     0.148     0.241     0.140
 46       pi+     211 [45]    
                                -0.174    -0.198     1.345     1.378     0.140
 47       pi-    -211 [45]    
                                -0.136    -0.119     0.194     0.300     0.140
 49       pi+     211 [48]    
                                -0.221    -0.087    -0.419     0.501     0.140
 50       pi-    -211 [48]    
                                -0.211     0.076    -1.623     1.644     0.140
 52       pi-    -211 [34]    
                                 0.076    -0.433    -0.699     0.838     0.140
 54       pi+     211 [51]    
                                -0.101     0.142    -0.870     0.898     0.140
 55     gamma      22 [53]    
                                -0.411    -0.242    -0.616     0.779     0.000
 56     gamma      22 [53]    
                                -0.155    -0.014    -0.265     0.308     0.000
 57      K_L0     130 [35]    
                                -0.336     0.330    -3.018     3.094     0.498
 58       pi+     211 [37]    
                                 0.181    -0.047    -0.043     0.237     0.140
 59       pi-    -211 [37]    
                                -0.204    -0.876    -1.087     1.418     0.140
 61       pi+     211 [38]    
                                 0.475    -0.406    -0.325     0.718     0.140
 62     gamma      22 [60]    
                                -0.198    -0.096    -0.083     0.235     0.000
 63     gamma      22 [60]    
                                -0.064     0.046    -0.029     0.084     0.000
 64     gamma      22 [40]    
                                 0.477     0.841     1.384     1.688     0.000
 65     gamma      22 [40]    
                                 0.193    -0.053     0.365     0.417     0.000
 67       pi-    -211 [41]    
                                 0.320     0.000    -0.166     0.386     0.140
 68       pi+     211 [66]    
                                -0.399     0.133     0.093     0.453     0.140
 69       pi-    -211 [66]    
                                 0.026    -0.105     0.484     0.515     0.140
 71       pi-    -211 [42]    
                                 0.054     0.138     0.034     0.206     0.140
 73       pi+     211 [70]    
                                -0.257     0.166     0.304     0.453     0.140
 74     gamma      22 [72]    
                                 0.016    -0.015     0.061     0.064     0.000
 75     gamma      22 [72]    
                                -0.184    -0.194     0.210     0.340     0.000
------------------------------------------------------------------------------
     Sum of momenta:            -2e-05    -2e-05    -2e-05      22.8      22.8

The following exception classes were reported in this run:
ThePEG::EventHandler::ConsistencyException warning (1 times)
ThePEG::LesHouchesReader::LesHouchesReopenWarning warning (1 times)
