>>>>>>>>>>>>>>>>>>>>>>>>>>>>>>>>>>>>>>>>>>>>>>>>>>>>>>>>>>>>>>>>>>>>>>>>>>>>>>
>>>> Toolkit for HEP Event Generation - ThePEG 2.2.0 <<<<<<<<<<<<<<<<<<<<<<<<<
>>>> Tue Jun 30 00:39:51 2020                                             <<<<
<<<<<<<<<<<<<<<<<<<<<<<<<<<<<<<<<<<<<<<<<<<<<<<<<<<<<<<<<<<<<<<<<<<<<<<<<<<<<<

>> Herwig 7.2.0 / ThePEG 2.2.0

/Herwig/EventHandlers/NoCuts:
MHat  = 2 .. 66.0071 GeV
Scale = 0 .. 1e+12 GeV2
YHat  = -100 .. 100
X1    = 0 .. 1
X2    = 0 .. 1

* A warning exception of type ThePEG::LesHouchesReader::LesHouchesReopenWarning occurred while generating event number 1: 
Reopening LesHouchesReader 'myReader' after accessing 2 events out of 1
* A warning exception of type ThePEG::EventHandler::ConsistencyException occurred while generating event number 1: 
Event handler 'myLesHouchesHandler' found energy-momentum non-conservation by (-1.1e-05,-2e-05,-3e-05;2.19994e-05) GeV after generating step number 4.

******************************************************************************
Event number 1 (id: ./OUTPUT/0.95MB1.05/1514252634/TMP/Cluster_HERWIGOutput_30) performed by myLesHouchesHandler
Weight: 1
==============================================================================

--- Colliding particles:
  1        e-      11  (3)   
                                16.502     0.000     0.000    16.502     0.000
  2        e+     -11  (3)   
                               -16.502     0.000    -0.000    16.502     0.000
------------------------------------------------------------------------------
Primary sub-process performed by myReader
--- incoming:
  1        e-      11  (3)   
                                16.502     0.000     0.000    16.502     0.000
  2        e+     -11  (3)   
                               -16.502     0.000    -0.000    16.502     0.000
--- intermediates:
  3     gamma      22 [1,2] (4..8)   
                                -0.000     0.000     0.000    33.004    33.004
--- outgoing:
  4         g      21 [3] (9)  5>>7 {+1,-2}
                                 3.414     8.145   -12.466    15.277     0.000
  5         g      21 [3] (14)  8>>4 {+2,-3}
                                 0.754    -1.988     6.351     6.697     0.000
  6         g      21 [3] (15)  7>>8 {+4,-5}
                                -1.248    -4.619     1.266     4.949     0.000
  7         g      21 [3] (16)  4>>6 {+5,-1}
                                -2.122    -1.845     3.676     4.629     0.000
  8         g      21 [3] (21)  6>>5 {+3,-4}
                                -0.799     0.307     1.173     1.452     0.000
------------------------------------------------------------------------------
Step 1 performed by myLesHouchesHandler
--- intermediates:
  1        e-      11  (3)   
                                16.502     0.000     0.000    16.502     0.000
  2        e+     -11  (3)   
                               -16.502     0.000    -0.000    16.502     0.000
  3     gamma      22 [1,2] (4..8)   
                                -0.000     0.000     0.000    33.004    33.004
--- final:
  4         g      21 [3] (9)  5>>7 {+1,-2}
                                 3.414     8.145   -12.466    15.277     0.000
  5         g      21 [3] (14)  8>>4 {+2,-3}
                                 0.754    -1.988     6.351     6.697     0.000
  6         g      21 [3] (15)  7>>8 {+4,-5}
                                -1.248    -4.619     1.266     4.949     0.000
  7         g      21 [3] (16)  4>>6 {+5,-1}
                                -2.122    -1.845     3.676     4.629     0.000
  8         g      21 [3] (21)  6>>5 {+3,-4}
                                -0.799     0.307     1.173     1.452     0.000
------------------------------------------------------------------------------
     Sum of momenta:            -2e-05    -2e-05    -3e-05        33        33
------------------------------------------------------------------------------
Step 2 performed by ShowerHandler
--- intermediates:
  9         g      21 [4] (10,13)   {+1,-2}
                                 2.806     6.695   -10.246    13.457     4.838
 10         g      21 [9] (11,12)   {+6,-2}
                                 1.954     5.014    -9.221    11.110     3.076
 16         g      21 [7] (17,20)   {+5,-1}
                                -1.744    -1.517     3.022     8.258     7.330
 17         g      21 [16] (18,19)   {+5,-7}
                                -0.563    -1.720     3.986     6.451     4.738
--- final:
 11         g      21 [10] (30,31)  12>>13 {+6,-8}
                                 1.202     1.042    -4.229     4.617     0.950
 12         g      21 [10] (32,33)  14>>11 {+8,-2}
                                 0.752     3.972    -4.992     6.493     0.950
 13         g      21 [9] (28,29)  11>>20 {+1,-6}
                                 0.852     1.681    -1.026     2.346     0.950
 14         g      21 [5] (22,23)  21>>12 {+2,-3}
                                 0.620    -1.634     5.220     5.586     0.950
 15         g      21 [6] (24,25)  18>>21 {+4,-5}
                                -1.026    -3.796     1.041     4.177     0.950
 18         g      21 [17] (36,37)  19>>15 {+5,-9}
                                -0.369    -1.403     4.827     5.129     0.950
 19         g      21 [17] (38,39)  20>>18 {+9,-7}
                                -0.194    -0.317    -0.841     1.322     0.950
 20         g      21 [16] (34,35)  13>>19 {+7,-1}
                                -1.181     0.203    -0.964     1.808     0.950
 21         g      21 [8] (26,27)  15>>14 {+3,-4}
                                -0.657     0.252     0.964     1.525     0.950
------------------------------------------------------------------------------
     Sum of momenta:            -2e-05    -2e-05    -3e-05        33        33
------------------------------------------------------------------------------
Step 3 performed by ClusterHadHandler
--- intermediates:
 22         s       3 [14] (40)   {+2}
                                 0.304    -0.551     1.946     2.094     0.450
 23      sbar      -3 [14] (41)   {-3}
                                 0.316    -1.083     3.274     3.492     0.450
 24         s       3 [15] (42)   {+4}
                                -0.502    -1.709     0.329     1.866     0.450
 25      sbar      -3 [15] (48)   {-5}
                                -0.524    -2.087     0.712     2.311     0.450
 26         u       2 [21] (41)   {+3}
                                 0.065     0.196     0.368     0.533     0.325
 27      ubar      -2 [21] (42)   {-4}
                                -0.722     0.056     0.596     0.992     0.325
 28         u       2 [13] (45)   {+1}
                                -0.030     0.466    -0.204     0.605     0.325
 29      ubar      -2 [13] (47)   {-6}
                                 0.882     1.215    -0.822     1.742     0.325
 30         u       2 [11] (48)   {+6}
                                 0.744     0.715    -1.777     2.080     0.325
 31      ubar      -2 [11] (43)   {-8}
                                 0.458     0.327    -2.452     2.537     0.325
 32         u       2 [12] (43)   {+8}
                                 0.260     0.606    -0.905     1.166     0.325
 33      ubar      -2 [12] (40)   {-2}
                                 0.492     3.367    -4.087     5.328     0.325
 34         d       1 [20] (44)   {+7}
                                -0.104    -0.002    -0.421     0.542     0.325
 35      dbar      -1 [20] (46)   {-1}
                                -1.077     0.204    -0.543     1.266     0.325
 36         u       2 [18] (47)   {+5}
                                -0.447    -0.419     2.022     2.137     0.325
 37      ubar      -2 [18] (45)   {-9}
                                 0.079    -0.984     2.805     2.991     0.325
 38         d       1 [19] (46)   {+9}
                                -0.321    -0.327    -0.208     0.599     0.325
 39      dbar      -1 [19] (44)   {-7}
                                 0.128     0.010    -0.633     0.723     0.325
 40   Cluster      81 [22,33] (51,52)   
                                 0.795     2.816    -2.141     7.422     6.476
 41   Cluster      81 [23,26] (65,66)   
                                 0.382    -0.887     3.642     4.025     1.415
 42   Cluster      81 [24,27] (55,56)   
                                -1.224    -1.653     0.925     2.859     1.757
 43   Cluster      81 [31,32] (61,62)   
                                 0.718     0.933    -3.357     3.703     1.026
 44   Cluster      81 [34,39] (53,54)   
                                 0.023     0.008    -1.054     1.265     0.699
 45   Cluster      81 [28,37] (57,58)   
                                 0.049    -0.517     2.601     3.596     2.428
 46   Cluster      81 [35,38] (63,64)   
                                -1.398    -0.122    -0.751     1.865     0.971
 47   Cluster      81 [29,36] (59,60)   
                                 0.435     0.795     1.200     3.879     3.576
 48   Cluster      81 [25,30] (49,50)   
                                 0.220    -1.372    -1.065     4.391     4.027
 49   Cluster      81 [48] (67,68)   
                                 0.342    -0.142    -0.977     2.078     1.797
 50   Cluster      81 [48] (69,70)   
                                -0.122    -1.230    -0.088     2.312     1.952
 51   Cluster      81 [40] (71,72)   
                                 0.307     0.013     0.999     2.378     2.136
 52   Cluster      81 [40] (73,74)   
                                 0.488     2.803    -3.140     5.044     2.737
--- final:
 53       pi-    -211 [44]    
                                -0.215    -0.206    -0.358     0.486     0.140
 54       pi+     211 [44]    
                                 0.238     0.214    -0.696     0.779     0.140
 55     Kbar0    -311 [42] (75)   
                                -0.801    -1.356     0.038     1.652     0.498
 56      rho-    -213 [42] (76,77)   
                                -0.423    -0.297     0.887     1.207     0.635
 57       pi+     211 [45]    
                                 0.015    -0.167     2.738     2.746     0.140
 58      rho-    -213 [45] (80,81)   
                                 0.034    -0.350    -0.137     0.849     0.761
 59      a_2+     215 [47] (84,85)   
                                 0.560     0.276    -0.628     1.568     1.294
 60      a_2-    -215 [47] (92,93)   
                                -0.126     0.520     1.828     2.311     1.309
 61       pi-    -211 [43]    
                                -0.063     0.122    -0.610     0.640     0.140
 62      rho+     213 [43] (104,105)   
                                 0.781     0.811    -2.747     3.062     0.750
 63       pi-    -211 [46]    
                                -0.812     0.146    -0.455     0.953     0.140
 64      rho+     213 [46] (108,109)   
                                -0.586    -0.268    -0.295     0.912     0.574
 65        K+     321 [41]    
                                 0.223    -0.743     3.069     3.204     0.494
 66       eta     221 [41] (112..114)   
                                 0.158    -0.144     0.572     0.820     0.548
 67     rho'+  100213 [49] (117,118)   
                                 0.273     0.074    -0.985     1.812     1.494
 68       pi-    -211 [49]    
                                 0.069    -0.216     0.008     0.266     0.140
 69      K_1+   10323 [50] (121,122)   
                                 0.047    -0.316     0.215     1.325     1.268
 70       pi0     111 [50] (125,126)   
                                -0.169    -0.914    -0.303     0.987     0.135
 71     Kbar0    -311 [51] (127)   
                                 0.153    -0.641     1.003     1.300     0.498
 72       K*0     313 [51] (134,135)   
                                 0.154     0.654    -0.004     1.078     0.843
 73      a_2-    -215 [52] (136,137)   
                                -0.237     2.103    -1.491     2.915     1.338
 74    K*bar0    -313 [52] (140,141)   
                                 0.726     0.700    -1.649     2.129     0.895
------------------------------------------------------------------------------
     Sum of momenta:            -2e-05    -2e-05    -3e-05        33        33
------------------------------------------------------------------------------
Step 4 performed by DecayHandler
--- intermediates:
 76       pi0     111 [56] (78,79)   
                                 0.119    -0.136     0.342     0.409     0.135
 80       pi0     111 [58] (82,83)   
                                 0.208    -0.428     0.111     0.507     0.135
 84      rho+     213 [59] (86,87)   
                                 0.451    -0.136    -0.637     1.121     0.793
 85       pi0     111 [59] (90,91)   
                                 0.109     0.412     0.009     0.447     0.135
 86       pi0     111 [84] (88,89)   
                                 0.568    -0.056    -0.166     0.609     0.135
 92     omega     223 [60] (94,95)   
                                -0.103     0.478     1.161     1.489     0.793
 93      rho-    -213 [60] (100,101)   
                                -0.022     0.042     0.667     0.823     0.479
 94      rho0     113 [92] (96,97)   
                                -0.089     0.444     0.844     1.142     0.622
 95       pi0     111 [92] (98,99)   
                                -0.015     0.034     0.317     0.346     0.135
100       pi0     111 [93] (102,103)   
                                 0.107    -0.136     0.327     0.394     0.135
104       pi0     111 [62] (106,107)   
                                 0.753     0.615    -1.507     1.798     0.135
108       pi0     111 [64] (110,111)   
                                 0.016     0.055    -0.128     0.194     0.135
114       pi0     111 [66] (115,116)   
                                 0.034    -0.010     0.094     0.168     0.135
117       pi0     111 [67] (119,120)   
                                 0.829    -0.141    -0.811     1.176     0.135
121       K*0     313 [69] (123,124)   
                                 0.024    -0.501     0.300     1.077     0.904
127      K_S0     310 [71] (128,129)   
                                 0.153    -0.641     1.003     1.300     0.498
128       pi0     111 [127] (130,131)   
                                 0.219    -0.356     0.318     0.542     0.135
129       pi0     111 [127] (132,133)   
                                -0.066    -0.285     0.685     0.757     0.135
136      rho0     113 [73] (138,139)   
                                 0.291     1.465    -1.051     1.966     0.728
--- final:
 53       pi-    -211 [44]    
                                -0.215    -0.206    -0.358     0.486     0.140
 54       pi+     211 [44]    
                                 0.238     0.214    -0.696     0.779     0.140
 57       pi+     211 [45]    
                                 0.015    -0.167     2.738     2.746     0.140
 61       pi-    -211 [43]    
                                -0.063     0.122    -0.610     0.640     0.140
 63       pi-    -211 [46]    
                                -0.812     0.146    -0.455     0.953     0.140
 65        K+     321 [41]    
                                 0.223    -0.743     3.069     3.204     0.494
 68       pi-    -211 [49]    
                                 0.069    -0.216     0.008     0.266     0.140
 75      K_L0     130 [55]    
                                -0.801    -1.356     0.038     1.652     0.498
 77       pi-    -211 [56]    
                                -0.542    -0.161     0.545     0.798     0.140
 78     gamma      22 [76]    
                                 0.019    -0.118     0.224     0.254     0.000
 79     gamma      22 [76]    
                                 0.100    -0.017     0.118     0.156     0.000
 81       pi-    -211 [58]    
                                -0.174     0.077    -0.248     0.343     0.140
 82     gamma      22 [80]    
                                 0.049    -0.078    -0.031     0.097     0.000
 83     gamma      22 [80]    
                                 0.159    -0.349     0.142     0.409     0.000
 87       pi+     211 [84]    
                                -0.117    -0.080    -0.472     0.512     0.140
 88     gamma      22 [86]    
                                 0.551    -0.071    -0.178     0.584     0.000
 89     gamma      22 [86]    
                                 0.017     0.015     0.012     0.026     0.000
 90     gamma      22 [85]    
                                 0.104     0.211    -0.043     0.239     0.000
 91     gamma      22 [85]    
                                 0.005     0.201     0.053     0.208     0.000
 96       pi+     211 [94]    
                                 0.126     0.174     0.695     0.741     0.140
 97       pi-    -211 [94]    
                                -0.215     0.271     0.149     0.402     0.140
 98     gamma      22 [95]    
                                 0.031    -0.028     0.034     0.054     0.000
 99     gamma      22 [95]    
                                -0.045     0.062     0.282     0.293     0.000
101       pi-    -211 [93]    
                                -0.130     0.178     0.340     0.429     0.140
102     gamma      22 [100]    
                                 0.061    -0.146     0.179     0.239     0.000
103     gamma      22 [100]    
                                 0.046     0.009     0.148     0.155     0.000
105       pi+     211 [62]    
                                 0.028     0.196    -1.240     1.264     0.140
106     gamma      22 [104]    
                                 0.167     0.117    -0.226     0.305     0.000
107     gamma      22 [104]    
                                 0.586     0.498    -1.281     1.494     0.000
109       pi+     211 [64]    
                                -0.603    -0.323    -0.168     0.718     0.140
110     gamma      22 [108]    
                                 0.054    -0.011    -0.012     0.056     0.000
111     gamma      22 [108]    
                                -0.037     0.066    -0.115     0.138     0.000
112       pi+     211 [66]    
                                -0.027    -0.017     0.032     0.147     0.140
113       pi-    -211 [66]    
                                 0.151    -0.117     0.446     0.505     0.140
115     gamma      22 [114]    
                                 0.056    -0.057     0.084     0.116     0.000
116     gamma      22 [114]    
                                -0.022     0.047     0.010     0.053     0.000
118       pi+     211 [67]    
                                -0.556     0.214    -0.173     0.636     0.140
119     gamma      22 [117]    
                                 0.709    -0.156    -0.648     0.973     0.000
120     gamma      22 [117]    
                                 0.120     0.015    -0.163     0.203     0.000
122       pi+     211 [69]    
                                 0.023     0.186    -0.085     0.248     0.140
123        K+     321 [121]    
                                 0.066    -0.485    -0.050     0.697     0.494
124       pi-    -211 [121]    
                                -0.042    -0.016     0.350     0.380     0.140
125     gamma      22 [70]    
                                -0.192    -0.777    -0.263     0.843     0.000
126     gamma      22 [70]    
                                 0.023    -0.137    -0.040     0.144     0.000
130     gamma      22 [128]    
                                 0.208    -0.298     0.212     0.421     0.000
131     gamma      22 [128]    
                                 0.010    -0.058     0.106     0.122     0.000
132     gamma      22 [129]    
                                -0.015    -0.250     0.458     0.522     0.000
133     gamma      22 [129]    
                                -0.050    -0.036     0.227     0.235     0.000
134        K+     321 [72]    
                                 0.253     0.447    -0.206     0.742     0.494
135       pi-    -211 [72]    
                                -0.099     0.207     0.203     0.336     0.140
137       pi-    -211 [73]    
                                -0.528     0.638    -0.440     0.949     0.140
138       pi+     211 [136]    
                                -0.027     1.234    -0.828     1.493     0.140
139       pi-    -211 [136]    
                                 0.318     0.230    -0.223     0.473     0.140
140        K-    -321 [74]    
                                 0.676     0.769    -1.592     1.957     0.494
141       pi+     211 [74]    
                                 0.049    -0.069    -0.056     0.173     0.140
------------------------------------------------------------------------------
     Sum of momenta:            -2e-05    -2e-05    -3e-05        33        33

The following exception classes were reported in this run:
ThePEG::EventHandler::ConsistencyException warning (1 times)
ThePEG::LesHouchesReader::LesHouchesReopenWarning warning (1 times)
