>>>>>>>>>>>>>>>>>>>>>>>>>>>>>>>>>>>>>>>>>>>>>>>>>>>>>>>>>>>>>>>>>>>>>>>>>>>>>>
>>>> Toolkit for HEP Event Generation - ThePEG 2.2.0 <<<<<<<<<<<<<<<<<<<<<<<<<
>>>> Tue Jun 30 00:26:28 2020                                             <<<<
<<<<<<<<<<<<<<<<<<<<<<<<<<<<<<<<<<<<<<<<<<<<<<<<<<<<<<<<<<<<<<<<<<<<<<<<<<<<<<

>> Herwig 7.2.0 / ThePEG 2.2.0

/Herwig/EventHandlers/NoCuts:
MHat  = 2 .. 67.7455 GeV
Scale = 0 .. 1e+12 GeV2
YHat  = -100 .. 100
X1    = 0 .. 1
X2    = 0 .. 1

* A warning exception of type ThePEG::LesHouchesReader::LesHouchesReopenWarning occurred while generating event number 1: 
Reopening LesHouchesReader 'myReader' after accessing 2 events out of 1
* A warning exception of type ThePEG::EventHandler::ConsistencyException occurred while generating event number 1: 
Event handler 'myLesHouchesHandler' found energy-momentum non-conservation by (-1e-05,-2e-05,-2e-05;-1.24185e-09) GeV after generating step number 4.

******************************************************************************
Event number 1 (id: ./OUTPUT/0.95MB1.05/1513763215/TMP/Cluster_HERWIGOutput_13) performed by myLesHouchesHandler
Weight: 1
==============================================================================

--- Colliding particles:
  1        e-      11  (3)   
                                16.936     0.000     0.000    16.936     0.000
  2        e+     -11  (3)   
                               -16.936     0.000    -0.000    16.936     0.000
------------------------------------------------------------------------------
Primary sub-process performed by myReader
--- incoming:
  1        e-      11  (3)   
                                16.936     0.000     0.000    16.936     0.000
  2        e+     -11  (3)   
                               -16.936     0.000    -0.000    16.936     0.000
--- intermediates:
  3     gamma      22 [1,2] (4..7)   
                                -0.000     0.000     0.000    33.873    33.873
--- outgoing:
  4         g      21 [3] (8)  7>>7 {+1,-2}
                                -6.390    -3.131    13.501    15.261     0.000
  5         g      21 [3] (9)  6>>6 {+3,-4}
                                 7.882     3.762   -11.596    14.517     0.000
  6         g      21 [3] (10)  5>>5 {+4,-3}
                                -1.008    -0.015    -2.758     2.936     0.000
  7         g      21 [3] (11)  4>>4 {+2,-1}
                                -0.485    -0.615     0.853     1.158     0.000
------------------------------------------------------------------------------
Step 1 performed by myLesHouchesHandler
--- intermediates:
  1        e-      11  (3)   
                                16.936     0.000     0.000    16.936     0.000
  2        e+     -11  (3)   
                               -16.936     0.000    -0.000    16.936     0.000
  3     gamma      22 [1,2] (4..7)   
                                -0.000     0.000     0.000    33.873    33.873
--- final:
  4         g      21 [3] (8)  7>>7 {+1,-2}
                                -6.390    -3.131    13.501    15.261     0.000
  5         g      21 [3] (9)  6>>6 {+3,-4}
                                 7.882     3.762   -11.596    14.517     0.000
  6         g      21 [3] (10)  5>>5 {+4,-3}
                                -1.008    -0.015    -2.758     2.936     0.000
  7         g      21 [3] (11)  4>>4 {+2,-1}
                                -0.485    -0.615     0.853     1.158     0.000
------------------------------------------------------------------------------
     Sum of momenta:            -2e-05    -2e-05    -2e-05      33.9      33.9
------------------------------------------------------------------------------
Step 2 performed by ShowerHandler
--- final:
  8         g      21 [4] (12,13)  11>>11 {+1,-2}
                                -6.285    -3.080    13.278    15.040     0.950
  9         g      21 [5] (14,15)  10>>10 {+3,-4}
                                 7.752     3.700   -11.405    14.310     0.950
 10         g      21 [6] (16,17)  9>>9 {+4,-3}
                                -0.991    -0.015    -2.712     3.040     0.950
 11         g      21 [7] (18,19)  8>>8 {+2,-1}
                                -0.477    -0.605     0.839     1.483     0.950
------------------------------------------------------------------------------
     Sum of momenta:            -2e-05    -2e-05    -2e-05      33.9      33.9
------------------------------------------------------------------------------
Step 3 performed by ClusterHadHandler
--- intermediates:
 12         u       2 [8] (20)   {+1}
                                -1.986    -0.680     4.253     4.754     0.325
 13      ubar      -2 [8] (21)   {-2}
                                -4.299    -2.400     9.025    10.286     0.325
 14         s       3 [9] (22)   {+3}
                                 3.264     1.554    -4.591     5.861     0.450
 15      sbar      -3 [9] (23)   {-4}
                                 4.489     2.146    -6.814     8.449     0.450
 16         u       2 [10] (23)   {+4}
                                -0.811    -0.095    -2.373     2.530     0.325
 17      ubar      -2 [10] (22)   {-3}
                                -0.180     0.080    -0.340     0.510     0.325
 18         u       2 [11] (21)   {+2}
                                -0.311    -0.162     0.014     0.479     0.325
 19      ubar      -2 [11] (20)   {-1}
                                -0.165    -0.443     0.825     1.005     0.325
 20   Cluster      81 [12,19] (30,31)   
                                -2.151    -1.123     5.078     5.759     1.220
 21   Cluster      81 [13,18] (26,27)   
                                -4.610    -2.562     9.039    10.764     2.518
 22   Cluster      81 [14,17] (28,29)   
                                 3.084     1.634    -4.931     6.371     2.023
 23   Cluster      81 [15,16] (24,25)   
                                 3.678     2.051    -9.187    10.979     4.292
 24   Cluster      81 [23] (32,33)   
                                 2.737     1.322    -4.326     5.344     0.782
 25   Cluster      81 [23] (34,35)   
                                 0.941     0.728    -4.861     5.635     2.590
--- final:
 26     nbar0   -2112 [21]    
                                -1.605    -1.102     3.271     3.921     0.940
 27  n(1535)0   22112 [21] (36,37)   
                                -3.005    -1.460     5.768     6.843     1.548
 28  K_3*bar0    -317 [22] (41,42)   
                                 2.781     1.212    -4.526     5.697     1.665
 29       pi-    -211 [22]    
                                 0.303     0.422    -0.405     0.674     0.140
 30       pi0     111 [20] (53,54)   
                                -0.460    -0.378     0.623     0.873     0.135
 31     omega     223 [20] (55,56)   
                                -1.691    -0.744     4.455     4.886     0.784
 32        K0     311 [24] (61)   
                                 1.593     0.872    -2.324     2.991     0.498
 33       pi+     211 [24]    
                                 1.143     0.450    -2.002     2.353     0.140
 34   Delta++    2224 [25] (62,63)   
                                 0.142     0.022    -2.719     2.987     1.228
 35Deltabar--   -2224 [25] (64,65)   
                                 0.799     0.706    -2.141     2.648     1.135
------------------------------------------------------------------------------
     Sum of momenta:            -2e-05    -2e-05    -2e-05      33.9      33.9
------------------------------------------------------------------------------
Step 4 performed by DecayHandler
--- intermediates:
 37       eta     221 [27] (38..40)   
                                -1.177    -0.777     2.226     2.691     0.548
 41     Kbar0    -311 [28] (43)   
                                 1.653     0.014    -2.230     2.820     0.498
 42       eta     221 [28] (44..46)   
                                 1.128     1.198    -2.295     2.877     0.548
 44       pi0     111 [42] (47,48)   
                                 0.450     0.460    -0.614     0.900     0.135
 45       pi0     111 [42] (49,50)   
                                 0.391     0.376    -0.924     1.080     0.135
 46       pi0     111 [42] (51,52)   
                                 0.288     0.361    -0.757     0.897     0.135
 55      rho-    -213 [31] (57,58)   
                                -1.304    -0.451     2.596     2.960     0.343
 57       pi0     111 [55] (59,60)   
                                -0.905    -0.308     1.933     2.160     0.135
--- final:
 26     nbar0   -2112 [21]    
                                -1.605    -1.102     3.271     3.921     0.940
 29       pi-    -211 [22]    
                                 0.303     0.422    -0.405     0.674     0.140
 33       pi+     211 [24]    
                                 1.143     0.450    -2.002     2.353     0.140
 36        n0    2112 [27]    
                                -1.828    -0.684     3.542     4.152     0.940
 38       pi+     211 [37]    
                                -0.576    -0.517     0.981     1.258     0.140
 39       pi-    -211 [37]    
                                -0.455    -0.297     1.000     1.146     0.140
 40     gamma      22 [37]    
                                -0.146     0.037     0.245     0.287     0.000
 43      K_L0     130 [41]    
                                 1.653     0.014    -2.230     2.820     0.498
 47     gamma      22 [44]    
                                 0.346     0.309    -0.365     0.590     0.000
 48     gamma      22 [44]    
                                 0.104     0.152    -0.250     0.310     0.000
 49     gamma      22 [45]    
                                 0.263     0.213    -0.682     0.761     0.000
 50     gamma      22 [45]    
                                 0.128     0.163    -0.242     0.319     0.000
 51     gamma      22 [46]    
                                 0.099     0.214    -0.306     0.386     0.000
 52     gamma      22 [46]    
                                 0.189     0.147    -0.451     0.511     0.000
 53     gamma      22 [30]    
                                -0.352    -0.267     0.372     0.578     0.000
 54     gamma      22 [30]    
                                -0.109    -0.111     0.251     0.295     0.000
 56       pi+     211 [31]    
                                -0.387    -0.294     1.858     1.926     0.140
 58       pi-    -211 [55]    
                                -0.399    -0.143     0.664     0.800     0.140
 59     gamma      22 [57]    
                                -0.044    -0.038     0.073     0.094     0.000
 60     gamma      22 [57]    
                                -0.861    -0.270     1.859     2.067     0.000
 61      K_L0     130 [32]    
                                 1.593     0.872    -2.324     2.991     0.498
 62        p+    2212 [34]    
                                 0.169     0.222    -2.324     2.522     0.938
 63       pi+     211 [34]    
                                -0.027    -0.200    -0.395     0.466     0.140
 64     pbar-   -2212 [35]    
                                 0.775     0.693    -1.821     2.297     0.938
 65       pi-    -211 [35]    
                                 0.023     0.014    -0.320     0.350     0.140
------------------------------------------------------------------------------
     Sum of momenta:            -2e-05    -2e-05    -2e-05      33.9      33.9

The following exception classes were reported in this run:
ThePEG::EventHandler::ConsistencyException warning (1 times)
ThePEG::LesHouchesReader::LesHouchesReopenWarning warning (1 times)
