>>>>>>>>>>>>>>>>>>>>>>>>>>>>>>>>>>>>>>>>>>>>>>>>>>>>>>>>>>>>>>>>>>>>>>>>>>>>>>
>>>> Toolkit for HEP Event Generation - ThePEG 2.2.0 <<<<<<<<<<<<<<<<<<<<<<<<<
>>>> Tue Jun 30 00:49:52 2020                                             <<<<
<<<<<<<<<<<<<<<<<<<<<<<<<<<<<<<<<<<<<<<<<<<<<<<<<<<<<<<<<<<<<<<<<<<<<<<<<<<<<<

>> Herwig 7.2.0 / ThePEG 2.2.0

/Herwig/EventHandlers/NoCuts:
MHat  = 2 .. 46.0749 GeV
Scale = 0 .. 1e+12 GeV2
YHat  = -100 .. 100
X1    = 0 .. 1
X2    = 0 .. 1

* A warning exception of type ThePEG::LesHouchesReader::LesHouchesReopenWarning occurred while generating event number 1: 
Reopening LesHouchesReader 'myReader' after accessing 2 events out of 1
* A warning exception of type ThePEG::EventHandler::ConsistencyException occurred while generating event number 1: 
Event handler 'myLesHouchesHandler' found energy-momentum non-conservation by (-1.01892e-14,-2e-05,-3e-05;9.999e-06) GeV after generating step number 4.

******************************************************************************
Event number 1 (id: ./OUTPUT/0.95MB1.05/1513342148/TMP/Cluster_HERWIGOutput_25) performed by myLesHouchesHandler
Weight: 1
==============================================================================

--- Colliding particles:
  1        e-      11  (3)   
                                11.519     0.000    -0.000    11.519     0.000
  2        e+     -11  (3)   
                               -11.519     0.000     0.000    11.519     0.000
------------------------------------------------------------------------------
Primary sub-process performed by myReader
--- incoming:
  1        e-      11  (3)   
                                11.519     0.000    -0.000    11.519     0.000
  2        e+     -11  (3)   
                               -11.519     0.000     0.000    11.519     0.000
--- intermediates:
  3     gamma      22 [1,2] (4..8)   
                                -0.000     0.000    -0.000    23.037    23.037
--- outgoing:
  4         g      21 [3] (9)  5>>6 {+1,-2}
                                -3.504     2.898     2.116     5.015     0.000
  5         g      21 [3] (14)  7>>4 {+2,-3}
                                -0.245     1.103    -0.435     1.211     0.000
  6         g      21 [3] (15)  4>>8 {+4,-1}
                                 1.316    -2.508    -3.107     4.204     0.000
  7         g      21 [3] (18)  8>>5 {+3,-5}
                                 0.050    -3.943    -4.366     5.883     0.000
  8         g      21 [3] (19)  6>>7 {+5,-4}
                                 2.383     2.449     5.792     6.725     0.000
------------------------------------------------------------------------------
Step 1 performed by myLesHouchesHandler
--- intermediates:
  1        e-      11  (3)   
                                11.519     0.000    -0.000    11.519     0.000
  2        e+     -11  (3)   
                               -11.519     0.000     0.000    11.519     0.000
  3     gamma      22 [1,2] (4..8)   
                                -0.000     0.000    -0.000    23.037    23.037
--- final:
  4         g      21 [3] (9)  5>>6 {+1,-2}
                                -3.504     2.898     2.116     5.015     0.000
  5         g      21 [3] (14)  7>>4 {+2,-3}
                                -0.245     1.103    -0.435     1.211     0.000
  6         g      21 [3] (15)  4>>8 {+4,-1}
                                 1.316    -2.508    -3.107     4.204     0.000
  7         g      21 [3] (18)  8>>5 {+3,-5}
                                 0.050    -3.943    -4.366     5.883     0.000
  8         g      21 [3] (19)  6>>7 {+5,-4}
                                 2.383     2.449     5.792     6.725     0.000
------------------------------------------------------------------------------
     Sum of momenta:            -1e-05    -2e-05    -3e-05        23        23
------------------------------------------------------------------------------
Step 2 performed by ShowerHandler
--- intermediates:
  9         g      21 [4] (10,11)   {+1,-2}
                                -2.513     2.079     1.517     6.160     5.001
 11         g      21 [9] (12,13)   {+1,-6}
                                -0.902     1.349     2.245     4.025     2.920
 15         g      21 [6] (16,17)   {+4,-1}
                                 0.944    -1.798    -2.228     4.749     3.669
 19         g      21 [8] (20,21)   {+5,-4}
                                 1.709     1.756     4.154     6.516     4.382
--- final:
 10         g      21 [9] (26,27)  14>>13 {+6,-2}
                                -1.611     0.729    -0.727     2.135     0.950
 12         g      21 [11] (28,29)  13>>17 {+1,-7}
                                 0.687     0.660     1.124     1.753     0.950
 13         g      21 [11] (30,31)  10>>12 {+7,-6}
                                -1.590     0.689     1.120     2.272     0.950
 14         g      21 [5] (22,23)  18>>10 {+2,-3}
                                -0.176     0.791    -0.312     1.287     0.950
 16         g      21 [15] (36,37)  17>>21 {+4,-8}
                                 1.199    -0.822     0.396     1.781     0.950
 17         g      21 [15] (38,39)  12>>16 {+8,-1}
                                -0.255    -0.976    -2.625     2.968     0.950
 18         g      21 [7] (24,25)  20>>14 {+3,-5}
                                 0.036    -2.828    -3.131     4.325     0.950
 20         g      21 [19] (32,33)  21>>18 {+5,-9}
                                 0.963    -1.203     1.735     2.507     0.950
 21         g      21 [19] (34,35)  16>>20 {+9,-4}
                                 0.746     2.959     2.420     4.009     0.950
------------------------------------------------------------------------------
     Sum of momenta:            -1e-05    -2e-05    -3e-05        23        23
------------------------------------------------------------------------------
Step 3 performed by ClusterHadHandler
--- intermediates:
 22         u       2 [14] (40)   {+2}
                                -0.260     0.810    -0.193     0.931     0.325
 23      ubar      -2 [14] (44)   {-3}
                                 0.084    -0.019    -0.119     0.356     0.325
 24         s       3 [18] (41)   {+3}
                                 0.079    -1.365    -1.718     2.241     0.450
 25      sbar      -3 [18] (45)   {-5}
                                -0.043    -1.463    -1.413     2.084     0.450
 26         s       3 [10] (46)   {+6}
                                -0.937     0.433    -0.554     1.255     0.450
 27      sbar      -3 [10] (40)   {-2}
                                -0.674     0.296    -0.173     0.880     0.450
 28         u       2 [12] (43)   {+1}
                                 0.747     0.491     0.653     1.154     0.325
 29      ubar      -2 [12] (47)   {-7}
                                -0.059     0.169     0.471     0.600     0.325
 30         u       2 [13] (48)   {+7}
                                -1.406     0.391     0.905     1.747     0.325
 31      ubar      -2 [13] (42)   {-6}
                                -0.184     0.298     0.216     0.524     0.325
 32         u       2 [20] (42)   {+5}
                                 0.729    -0.433     1.130     1.449     0.325
 33      ubar      -2 [20] (48)   {-9}
                                 0.235    -0.770     0.605     1.058     0.325
 34         u       2 [21] (47)   {+9}
                                 0.427     1.049     1.274     1.735     0.325
 35      ubar      -2 [21] (43)   {-4}
                                 0.319     1.910     1.146     2.274     0.325
 36         d       1 [16] (44)   {+4}
                                 1.131    -0.625     0.199     1.348     0.325
 37      dbar      -1 [16] (46)   {-8}
                                 0.067    -0.197     0.197     0.434     0.325
 38         u       2 [17] (45)   {+8}
                                -0.419    -0.313    -1.388     1.518     0.325
 39      ubar      -2 [17] (41)   {-1}
                                 0.164    -0.663    -1.236     1.450     0.325
 40   Cluster      81 [22,27] (59,60)   
                                -0.934     1.106    -0.366     1.811     1.025
 41   Cluster      81 [24,39] (51,52)   
                                 0.242    -2.028    -2.954     3.691     0.849
 42   Cluster      81 [31,32] (53,54)   
                                 0.545    -0.135     1.345     1.973     1.330
 43   Cluster      81 [28,35] (55,56)   
                                 1.066     2.401     1.798     3.427     1.268
 44   Cluster      81 [23,36] (61,62)   
                                 1.215    -0.644     0.080     1.704     1.003
 45   Cluster      81 [25,38] (57,58)   
                                -0.461    -1.776    -2.801     3.602     1.327
 46   Cluster      81 [26,37] (63,64)   
                                -0.869     0.236    -0.357     1.688     1.383
 47   Cluster      81 [29,34] (65,66)   
                                 0.368     1.218     1.745     2.335     0.888
 48   Cluster      81 [30,33] (49,50)   
                                -1.171    -0.379     1.510     2.806     2.019
--- final:
 49       eta     221 [48] (67..69)   
                                -0.630    -0.394     0.143     0.934     0.548
 50       h_1   10223 [48] (72,73)   
                                -0.541     0.015     1.367     1.872     1.159
 51     Kbar0    -311 [41] (78)   
                                 0.142    -1.327    -2.356     2.753     0.498
 52       pi-    -211 [41]    
                                 0.101    -0.701    -0.599     0.938     0.140
 53       pi+     211 [42]    
                                -0.427    -0.028     0.339     0.563     0.140
 54       pi-    -211 [42]    
                                 0.972    -0.107     1.007     1.410     0.140
 55       pi+     211 [43]    
                                 0.356    -0.017     0.341     0.512     0.140
 56       pi-    -211 [43]    
                                 0.710     2.418     1.457     2.915     0.140
 57     omega     223 [45] (81,82)   
                                -0.428    -1.211    -2.025     2.522     0.781
 58        K+     321 [45]    
                                -0.033    -0.565    -0.776     1.080     0.494
 59       pi+     211 [40]    
                                -0.262    -0.056    -0.216     0.372     0.140
 60        K0     311 [40] (87)   
                                -0.672     1.162    -0.150     1.439     0.498
 61     omega     223 [44] (94,95)   
                                 0.769    -0.529     0.114     1.222     0.780
 62       pi-    -211 [44]    
                                 0.446    -0.114    -0.034     0.482     0.140
 63        K-    -321 [46]    
                                -0.226     0.182    -0.087     0.579     0.494
 64      rho+     213 [46] (100,101)   
                                -0.643     0.055    -0.269     1.109     0.861
 65       pi+     211 [47]    
                                -0.230     0.289     0.721     0.823     0.140
 66       pi-    -211 [47]    
                                 0.598     0.929     1.024     1.513     0.140
------------------------------------------------------------------------------
     Sum of momenta:            -1e-05    -2e-05    -3e-05        23        23
------------------------------------------------------------------------------
Step 4 performed by DecayHandler
--- intermediates:
 69       pi0     111 [49] (70,71)   
                                -0.256    -0.220    -0.045     0.367     0.135
 72      rho0     113 [50] (74,75)   
                                -0.529    -0.182     1.338     1.631     0.746
 73       pi0     111 [50] (76,77)   
                                -0.012     0.197     0.028     0.241     0.135
 78      K_S0     310 [51] (79,80)   
                                 0.142    -1.327    -2.356     2.753     0.498
 81      rho0     113 [57] (83,84)   
                                -0.417    -1.048    -1.808     2.219     0.618
 82       pi0     111 [57] (85,86)   
                                -0.012    -0.163    -0.218     0.303     0.135
 87      K_S0     310 [60] (88,89)   
                                -0.672     1.162    -0.150     1.439     0.498
 88       pi0     111 [87] (90,91)   
                                -0.184     0.701    -0.161     0.755     0.135
 89       pi0     111 [87] (92,93)   
                                -0.487     0.461     0.011     0.684     0.135
 94      rho0     113 [61] (96,97)   
                                 0.665    -0.397     0.228     0.978     0.552
 95       pi0     111 [61] (98,99)   
                                 0.104    -0.133    -0.114     0.244     0.135
100       pi0     111 [64] (102,103)   
                                -0.072    -0.037    -0.459     0.485     0.135
--- final:
 52       pi-    -211 [41]    
                                 0.101    -0.701    -0.599     0.938     0.140
 53       pi+     211 [42]    
                                -0.427    -0.028     0.339     0.563     0.140
 54       pi-    -211 [42]    
                                 0.972    -0.107     1.007     1.410     0.140
 55       pi+     211 [43]    
                                 0.356    -0.017     0.341     0.512     0.140
 56       pi-    -211 [43]    
                                 0.710     2.418     1.457     2.915     0.140
 58        K+     321 [45]    
                                -0.033    -0.565    -0.776     1.080     0.494
 59       pi+     211 [40]    
                                -0.262    -0.056    -0.216     0.372     0.140
 62       pi-    -211 [44]    
                                 0.446    -0.114    -0.034     0.482     0.140
 63        K-    -321 [46]    
                                -0.226     0.182    -0.087     0.579     0.494
 65       pi+     211 [47]    
                                -0.230     0.289     0.721     0.823     0.140
 66       pi-    -211 [47]    
                                 0.598     0.929     1.024     1.513     0.140
 67       pi+     211 [49]    
                                -0.176    -0.065     0.191     0.302     0.140
 68       pi-    -211 [49]    
                                -0.198    -0.108    -0.003     0.265     0.140
 70     gamma      22 [69]    
                                -0.118    -0.114     0.045     0.170     0.000
 71     gamma      22 [69]    
                                -0.139    -0.107    -0.091     0.197     0.000
 74       pi+     211 [72]    
                                -0.613    -0.039     0.631     0.892     0.140
 75       pi-    -211 [72]    
                                 0.084    -0.143     0.707     0.739     0.140
 76     gamma      22 [73]    
                                -0.057     0.041    -0.016     0.072     0.000
 77     gamma      22 [73]    
                                 0.045     0.156     0.045     0.169     0.000
 79       pi+     211 [78]    
                                 0.252    -0.952    -1.832     2.085     0.140
 80       pi-    -211 [78]    
                                -0.111    -0.374    -0.524     0.668     0.140
 83       pi+     211 [81]    
                                -0.166    -0.490    -0.374     0.654     0.140
 84       pi-    -211 [81]    
                                -0.250    -0.558    -1.434     1.565     0.140
 85     gamma      22 [82]    
                                 0.036     0.005    -0.034     0.050     0.000
 86     gamma      22 [82]    
                                -0.048    -0.168    -0.184     0.254     0.000
 90     gamma      22 [88]    
                                -0.145     0.670    -0.136     0.699     0.000
 91     gamma      22 [88]    
                                -0.039     0.031    -0.026     0.056     0.000
 92     gamma      22 [89]    
                                -0.151     0.144     0.066     0.219     0.000
 93     gamma      22 [89]    
                                -0.336     0.316    -0.055     0.465     0.000
 96       pi+     211 [94]    
                                 0.488    -0.453     0.286     0.738     0.140
 97       pi-    -211 [94]    
                                 0.177     0.057    -0.058     0.240     0.140
 98     gamma      22 [95]    
                                 0.100    -0.064    -0.127     0.174     0.000
 99     gamma      22 [95]    
                                 0.004    -0.069     0.013     0.070     0.000
101       pi+     211 [64]    
                                -0.571     0.091     0.189     0.624     0.140
102     gamma      22 [100]    
                                 0.015    -0.063    -0.234     0.242     0.000
103     gamma      22 [100]    
                                -0.087     0.026    -0.225     0.242     0.000
------------------------------------------------------------------------------
     Sum of momenta:            -1e-05    -2e-05    -3e-05        23        23

The following exception classes were reported in this run:
ThePEG::EventHandler::ConsistencyException warning (1 times)
ThePEG::LesHouchesReader::LesHouchesReopenWarning warning (1 times)
