>>>>>>>>>>>>>>>>>>>>>>>>>>>>>>>>>>>>>>>>>>>>>>>>>>>>>>>>>>>>>>>>>>>>>>>>>>>>>>
>>>> Toolkit for HEP Event Generation - ThePEG 2.2.0 <<<<<<<<<<<<<<<<<<<<<<<<<
>>>> Tue Jun 30 00:23:01 2020                                             <<<<
<<<<<<<<<<<<<<<<<<<<<<<<<<<<<<<<<<<<<<<<<<<<<<<<<<<<<<<<<<<<<<<<<<<<<<<<<<<<<<

>> Herwig 7.2.0 / ThePEG 2.2.0

/Herwig/EventHandlers/NoCuts:
MHat  = 2 .. 28.4268 GeV
Scale = 0 .. 1e+12 GeV2
YHat  = -100 .. 100
X1    = 0 .. 1
X2    = 0 .. 1

* A warning exception of type ThePEG::LesHouchesReader::LesHouchesReopenWarning occurred while generating event number 1: 
Reopening LesHouchesReader 'myReader' after accessing 2 events out of 1
* A warning exception of type ThePEG::EventHandler::ConsistencyException occurred while generating event number 1: 
Event handler 'myLesHouchesHandler' found energy-momentum non-conservation by (2.33769e-15,-2e-05,-2e-05;-1.31402e-09) GeV after generating step number 4.

******************************************************************************
Event number 1 (id: ./OUTPUT/0.95MB1.05/1513331030/TMP/Cluster_HERWIGOutput_9) performed by myLesHouchesHandler
Weight: 1
==============================================================================

--- Colliding particles:
  1        e-      11  (3)   
                                 7.107     0.000     0.000     7.107     0.000
  2        e+     -11  (3)   
                                -7.107     0.000    -0.000     7.107     0.000
------------------------------------------------------------------------------
Primary sub-process performed by myReader
--- incoming:
  1        e-      11  (3)   
                                 7.107     0.000     0.000     7.107     0.000
  2        e+     -11  (3)   
                                -7.107     0.000    -0.000     7.107     0.000
--- intermediates:
  3     gamma      22 [1,2] (4..7)   
                                -0.000     0.000    -0.000    14.213    14.213
--- outgoing:
  4         g      21 [3] (8)  7>>7 {+1,-2}
                                -0.000     0.475    -0.031     0.476     0.000
  5         g      21 [3] (9)  6>>6 {+3,-4}
                                -3.328     1.008     5.782     6.748     0.000
  6         g      21 [3] (10)  5>>5 {+4,-3}
                                 0.490    -0.732    -0.619     1.077     0.000
  7         g      21 [3] (11)  4>>4 {+2,-1}
                                 2.838    -0.751    -5.132     5.912     0.000
------------------------------------------------------------------------------
Step 1 performed by myLesHouchesHandler
--- intermediates:
  1        e-      11  (3)   
                                 7.107     0.000     0.000     7.107     0.000
  2        e+     -11  (3)   
                                -7.107     0.000    -0.000     7.107     0.000
  3     gamma      22 [1,2] (4..7)   
                                -0.000     0.000    -0.000    14.213    14.213
--- final:
  4         g      21 [3] (8)  7>>7 {+1,-2}
                                -0.000     0.475    -0.031     0.476     0.000
  5         g      21 [3] (9)  6>>6 {+3,-4}
                                -3.328     1.008     5.782     6.748     0.000
  6         g      21 [3] (10)  5>>5 {+4,-3}
                                 0.490    -0.732    -0.619     1.077     0.000
  7         g      21 [3] (11)  4>>4 {+2,-1}
                                 2.838    -0.751    -5.132     5.912     0.000
------------------------------------------------------------------------------
     Sum of momenta:            -1e-05    -2e-05    -2e-05      14.2      14.2
------------------------------------------------------------------------------
Step 2 performed by ShowerHandler
--- final:
  8         g      21 [4] (12,13)  11>>11 {+1,-2}
                                -0.000     0.437    -0.029     1.046     0.950
  9         g      21 [5] (14,15)  10>>10 {+3,-4}
                                -3.060     0.927     5.317     6.276     0.950
 10         g      21 [6] (16,17)  9>>9 {+4,-3}
                                 0.451    -0.673    -0.569     1.372     0.950
 11         g      21 [7] (18,19)  8>>8 {+2,-1}
                                 2.610    -0.691    -4.719     5.519     0.950
------------------------------------------------------------------------------
     Sum of momenta:            -1e-05    -2e-05    -2e-05      14.2      14.2
------------------------------------------------------------------------------
Step 3 performed by ClusterHadHandler
--- intermediates:
 12         u       2 [8] (22)   {+1}
                                 0.069     0.580    -0.106     0.676     0.325
 13      ubar      -2 [8] (20)   {-2}
                                -0.070    -0.143     0.077     0.370     0.325
 14         s       3 [9] (21)   {+3}
                                -1.772     0.568     3.302     3.817     0.450
 15      sbar      -3 [9] (22)   {-4}
                                -1.288     0.359     2.015     2.459     0.450
 16         u       2 [10] (23)   {+4}
                                 0.205    -0.486    -0.670     0.913     0.325
 17      ubar      -2 [10] (21)   {-3}
                                 0.246    -0.187     0.101     0.460     0.325
 18         u       2 [11] (20)   {+2}
                                 1.651    -0.395    -3.524     3.925     0.325
 19      ubar      -2 [11] (23)   {-1}
                                 0.959    -0.296    -1.195     1.594     0.325
 20   Cluster      81 [13,18] (24,25)   
                                 1.581    -0.537    -3.447     4.294     1.942
 21   Cluster      81 [14,17] (26,27)   
                                -1.527     0.381     3.403     4.277     2.058
 22   Cluster      81 [12,15] (28,29)   
                                -1.218     0.938     1.909     3.136     1.955
 23   Cluster      81 [16,19] (30,31)   
                                 1.164    -0.782    -1.865     2.507     0.916
--- final:
 24      rho-    -213 [20] (32,33)   
                                 0.928     0.434    -2.454     2.753     0.712
 25       pi+     211 [20]    
                                 0.653    -0.971    -0.993     1.541     0.140
 26   Lambda0    3122 [21] (36,37)   
                                -0.903     0.208     1.950     2.430     1.116
 27     pbar-   -2212 [21]    
                                -0.624     0.173     1.452     1.846     0.938
 28       pi0     111 [22] (38,39)   
                                -0.472     0.178     0.330     0.618     0.135
 29     K_3*+     327 [22] (40,41)   
                                -0.746     0.760     1.579     2.518     1.647
 30       pi+     211 [23]    
                                -0.117    -0.075    -0.307     0.365     0.140
 31       pi-    -211 [23]    
                                 1.281    -0.707    -1.557     2.142     0.140
------------------------------------------------------------------------------
     Sum of momenta:            -1e-05    -2e-05    -2e-05      14.2      14.2
------------------------------------------------------------------------------
Step 4 performed by DecayHandler
--- intermediates:
 32       pi0     111 [24] (34,35)   
                                 0.026     0.161    -0.149     0.259     0.135
 40        K0     311 [29] (42)   
                                 0.248     0.487     0.310     0.801     0.498
 41      rho+     213 [29] (43,44)   
                                -0.994     0.273     1.269     1.717     0.522
 43       pi0     111 [41] (45,46)   
                                -0.123     0.179     0.183     0.315     0.135
--- final:
 25       pi+     211 [20]    
                                 0.653    -0.971    -0.993     1.541     0.140
 27     pbar-   -2212 [21]    
                                -0.624     0.173     1.452     1.846     0.938
 30       pi+     211 [23]    
                                -0.117    -0.075    -0.307     0.365     0.140
 31       pi-    -211 [23]    
                                 1.281    -0.707    -1.557     2.142     0.140
 33       pi-    -211 [24]    
                                 0.902     0.273    -2.305     2.495     0.140
 34     gamma      22 [32]    
                                -0.021     0.136    -0.153     0.206     0.000
 35     gamma      22 [32]    
                                 0.047     0.025     0.004     0.053     0.000
 36        p+    2212 [26]    
                                -0.757     0.125     1.781     2.154     0.938
 37       pi-    -211 [26]    
                                -0.146     0.083     0.170     0.276     0.140
 38     gamma      22 [28]    
                                -0.043     0.017    -0.010     0.048     0.000
 39     gamma      22 [28]    
                                -0.429     0.161     0.339     0.570     0.000
 42      K_L0     130 [40]    
                                 0.248     0.487     0.310     0.801     0.498
 44       pi+     211 [41]    
                                -0.871     0.095     1.086     1.402     0.140
 45     gamma      22 [43]    
                                -0.116     0.153     0.205     0.280     0.000
 46     gamma      22 [43]    
                                -0.008     0.026    -0.021     0.034     0.000
------------------------------------------------------------------------------
     Sum of momenta:            -1e-05    -2e-05    -2e-05      14.2      14.2

The following exception classes were reported in this run:
ThePEG::EventHandler::ConsistencyException warning (1 times)
ThePEG::LesHouchesReader::LesHouchesReopenWarning warning (1 times)
