>>>>>>>>>>>>>>>>>>>>>>>>>>>>>>>>>>>>>>>>>>>>>>>>>>>>>>>>>>>>>>>>>>>>>>>>>>>>>>
>>>> Toolkit for HEP Event Generation - ThePEG 2.2.0 <<<<<<<<<<<<<<<<<<<<<<<<<
>>>> Tue Jun 30 00:25:41 2020                                             <<<<
<<<<<<<<<<<<<<<<<<<<<<<<<<<<<<<<<<<<<<<<<<<<<<<<<<<<<<<<<<<<<<<<<<<<<<<<<<<<<<

>> Herwig 7.2.0 / ThePEG 2.2.0

/Herwig/EventHandlers/NoCuts:
MHat  = 2 .. 43.9638 GeV
Scale = 0 .. 1e+12 GeV2
YHat  = -100 .. 100
X1    = 0 .. 1
X2    = 0 .. 1

* A warning exception of type ThePEG::LesHouchesReader::LesHouchesReopenWarning occurred while generating event number 1: 
Reopening LesHouchesReader 'myReader' after accessing 2 events out of 1
* A warning exception of type ThePEG::EventHandler::ConsistencyException occurred while generating event number 1: 
Event handler 'myLesHouchesHandler' found energy-momentum non-conservation by (-2e-05,-1e-05,-2e-05;2e-05) GeV after generating step number 4.

******************************************************************************
Event number 1 (id: ./OUTPUT/0.95MB1.05/1513763215/TMP/Cluster_HERWIGOutput_12) performed by myLesHouchesHandler
Weight: 1
==============================================================================

--- Colliding particles:
  1        e-      11  (3)   
                                10.991     0.000     0.000    10.991     0.000
  2        e+     -11  (3)   
                               -10.991     0.000     0.000    10.991     0.000
------------------------------------------------------------------------------
Primary sub-process performed by myReader
--- incoming:
  1        e-      11  (3)   
                                10.991     0.000     0.000    10.991     0.000
  2        e+     -11  (3)   
                               -10.991     0.000     0.000    10.991     0.000
--- intermediates:
  3     gamma      22 [1,2] (4..7)   
                                 0.000     0.000     0.000    21.982    21.982
--- outgoing:
  4         g      21 [3] (8)  7>>6 {+1,-2}
                                 0.603     0.733     2.038     2.248     0.000
  5         g      21 [3] (9)  6>>7 {+3,-4}
                                 0.369     1.101     1.445     1.854     0.000
  6         g      21 [3] (12)  4>>5 {+4,-1}
                                -0.105    -4.340     6.351     7.693     0.000
  7         g      21 [3] (13)  5>>4 {+2,-3}
                                -0.867     2.507    -9.835    10.186     0.000
------------------------------------------------------------------------------
Step 1 performed by myLesHouchesHandler
--- intermediates:
  1        e-      11  (3)   
                                10.991     0.000     0.000    10.991     0.000
  2        e+     -11  (3)   
                               -10.991     0.000     0.000    10.991     0.000
  3     gamma      22 [1,2] (4..7)   
                                 0.000     0.000     0.000    21.982    21.982
--- final:
  4         g      21 [3] (8)  7>>6 {+1,-2}
                                 0.603     0.733     2.038     2.248     0.000
  5         g      21 [3] (9)  6>>7 {+3,-4}
                                 0.369     1.101     1.445     1.854     0.000
  6         g      21 [3] (12)  4>>5 {+4,-1}
                                -0.105    -4.340     6.351     7.693     0.000
  7         g      21 [3] (13)  5>>4 {+2,-3}
                                -0.867     2.507    -9.835    10.186     0.000
------------------------------------------------------------------------------
     Sum of momenta:            -2e-05    -1e-05    -2e-05        22        22
------------------------------------------------------------------------------
Step 2 performed by ShowerHandler
--- intermediates:
  9         g      21 [5] (10,11)   {+3,-4}
                                 0.347     1.035     1.359     2.737     2.110
--- final:
  8         g      21 [4] (14,15)  13>>12 {+1,-2}
                                 0.567     0.689     1.917     2.318     0.950
 10         d       1 [9] (23)  >13 {+3}
                                 0.998     0.006     0.304     1.093     0.325
 11      dbar      -1 [9] (22)  12> {-4}
                                -0.651     1.029     1.055     1.644     0.325
 12         g      21 [6] (16,17)  8>>11 {+4,-1}
                                -0.099    -4.083     5.974     7.298     0.950
 13         g      21 [7] (18,19)  10>>8 {+2,-3}
                                -0.816     2.358    -9.251     9.628     0.950
------------------------------------------------------------------------------
     Sum of momenta:            -2e-05    -1e-05    -2e-05        22        22
------------------------------------------------------------------------------
Step 3 performed by ClusterHadHandler
--- intermediates:
 14         d       1 [8] (20)   {+1}
                                 0.143    -0.072     0.407     0.545     0.325
 15      dbar      -1 [8] (21)   {-2}
                                 0.424     0.761     1.511     1.774     0.325
 16         u       2 [12] (22)   {+4}
                                 0.001    -3.459     5.124     6.191     0.325
 17      ubar      -2 [12] (20)   {-1}
                                -0.100    -0.624     0.849     1.107     0.325
 18         u       2 [13] (21)   {+2}
                                -0.150     0.796    -4.205     4.295     0.325
 19      ubar      -2 [13] (23)   {-3}
                                -0.666     1.562    -5.045     5.333     0.325
 20   Cluster      81 [14,17] (32,33)   
                                 0.043    -0.696     1.256     1.652     0.816
 21   Cluster      81 [15,18] (28,29)   
                                 0.274     1.557    -2.695     6.069     5.203
 22   Cluster      81 [11,16] (24,25)   
                                -0.650    -2.429     6.180     7.835     4.107
 23   Cluster      81 [10,19] (26,27)   
                                 0.332     1.568    -4.741     6.426     4.031
 24   Cluster      81 [22] (34,35)   
                                -0.163    -3.092     5.232     6.414     2.043
 25   Cluster      81 [22] (36,37)   
                                -0.487     0.663     0.948     1.421     0.667
 26   Cluster      81 [23] (38,39)   
                                -0.336     1.383    -4.385     4.994     1.920
 27   Cluster      81 [23] (40,41)   
                                 0.668     0.185    -0.356     1.432     1.202
 28   Cluster      81 [21] (42,43)   
                                 0.138     0.318     0.247     0.904     0.797
 29   Cluster      81 [21] (30,31)   
                                 0.136     1.239    -2.942     5.165     4.058
 30   Cluster      81 [29] (44,45)   
                                -0.127     0.634    -3.425     3.589     0.855
 31   Cluster      81 [29] (46,47)   
                                 0.263     0.605     0.484     1.576     1.347
--- final:
 32       pi0     111 [20] (48,49)   
                                 0.195    -0.617     1.269     1.431     0.135
 33       pi-    -211 [20]    
                                -0.152    -0.079    -0.013     0.221     0.140
 34        K+     321 [24]    
                                -0.107    -2.673     4.026     4.859     0.494
 35       K*-    -323 [24] (50,51)   
                                -0.055    -0.420     1.206     1.555     0.886
 36       pi0     111 [25] (55,56)   
                                -0.479     0.155     0.371     0.640     0.135
 37       pi+     211 [25]    
                                -0.008     0.508     0.577     0.781     0.140
 38     nbar0   -2112 [26]    
                                -0.017     0.828    -2.229     2.557     0.940
 39        n0    2112 [26]    
                                -0.319     0.555    -2.156     2.437     0.940
 40       pi-    -211 [27]    
                                 0.000     0.116     0.197     0.268     0.140
 41     omega     223 [27] (57,58)   
                                 0.668     0.069    -0.553     1.165     0.775
 42       pi0     111 [28] (63,64)   
                                -0.270     0.058     0.259     0.402     0.135
 43       pi0     111 [28] (65,66)   
                                 0.408     0.260    -0.012     0.502     0.135
 44       eta     221 [30] (67..69)   
                                -0.276     0.440    -2.854     2.952     0.548
 45       pi+     211 [30]    
                                 0.149     0.194    -0.571     0.637     0.140
 46      a_0+ 9000211 [31] (76,77)   
                                 0.122     0.726     0.257     1.251     0.978
 47       pi-    -211 [31]    
                                 0.141    -0.121     0.227     0.325     0.140
------------------------------------------------------------------------------
     Sum of momenta:            -2e-05    -1e-05    -2e-05        22        22
------------------------------------------------------------------------------
Step 4 performed by DecayHandler
--- intermediates:
 50     Kbar0    -311 [35] (52)   
                                -0.241    -0.490     0.919     1.179     0.498
 52      K_S0     310 [50] (53,54)   
                                -0.241    -0.490     0.919     1.179     0.498
 57      rho0     113 [41] (59,60)   
                                 0.339     0.186    -0.373     0.749     0.523
 58       pi0     111 [41] (61,62)   
                                 0.329    -0.117    -0.180     0.416     0.135
 67       pi0     111 [44] (70,71)   
                                -0.162     0.226    -1.546     1.577     0.135
 68       pi0     111 [44] (72,73)   
                                -0.019     0.097    -0.947     0.962     0.135
 69       pi0     111 [44] (74,75)   
                                -0.095     0.117    -0.361     0.414     0.135
 76       eta     221 [46] (78..80)   
                                -0.227     0.490     0.081     0.773     0.548
 78       pi0     111 [76] (81,82)   
                                -0.100     0.166     0.119     0.264     0.135
 79       pi0     111 [76] (83,84)   
                                -0.122     0.229     0.083     0.304     0.135
 80       pi0     111 [76] (85,86)   
                                -0.005     0.095    -0.121     0.205     0.135
--- final:
 33       pi-    -211 [20]    
                                -0.152    -0.079    -0.013     0.221     0.140
 34        K+     321 [24]    
                                -0.107    -2.673     4.026     4.859     0.494
 37       pi+     211 [25]    
                                -0.008     0.508     0.577     0.781     0.140
 38     nbar0   -2112 [26]    
                                -0.017     0.828    -2.229     2.557     0.940
 39        n0    2112 [26]    
                                -0.319     0.555    -2.156     2.437     0.940
 40       pi-    -211 [27]    
                                 0.000     0.116     0.197     0.268     0.140
 45       pi+     211 [30]    
                                 0.149     0.194    -0.571     0.637     0.140
 47       pi-    -211 [31]    
                                 0.141    -0.121     0.227     0.325     0.140
 48     gamma      22 [32]    
                                 0.181    -0.615     1.261     1.415     0.000
 49     gamma      22 [32]    
                                 0.014    -0.002     0.008     0.016     0.000
 51       pi-    -211 [35]    
                                 0.186     0.070     0.286     0.376     0.140
 53       pi+     211 [52]    
                                -0.328    -0.246     0.649     0.780     0.140
 54       pi-    -211 [52]    
                                 0.086    -0.244     0.271     0.399     0.140
 55     gamma      22 [36]    
                                -0.232     0.122     0.253     0.364     0.000
 56     gamma      22 [36]    
                                -0.247     0.033     0.118     0.276     0.000
 59       pi+     211 [57]    
                                 0.336     0.290    -0.331     0.571     0.140
 60       pi-    -211 [57]    
                                 0.003    -0.103    -0.042     0.179     0.140
 61     gamma      22 [58]    
                                 0.119    -0.052     0.002     0.130     0.000
 62     gamma      22 [58]    
                                 0.210    -0.065    -0.182     0.286     0.000
 63     gamma      22 [42]    
                                -0.087     0.022     0.009     0.090     0.000
 64     gamma      22 [42]    
                                -0.183     0.036     0.250     0.312     0.000
 65     gamma      22 [43]    
                                 0.225     0.084    -0.051     0.245     0.000
 66     gamma      22 [43]    
                                 0.183     0.176     0.039     0.256     0.000
 70     gamma      22 [67]    
                                -0.065     0.173    -1.175     1.190     0.000
 71     gamma      22 [67]    
                                -0.097     0.053    -0.371     0.387     0.000
 72     gamma      22 [68]    
                                 0.002     0.128    -0.669     0.681     0.000
 73     gamma      22 [68]    
                                -0.022    -0.031    -0.278     0.280     0.000
 74     gamma      22 [69]    
                                -0.102     0.086    -0.357     0.381     0.000
 75     gamma      22 [69]    
                                 0.008     0.031    -0.004     0.033     0.000
 77       pi+     211 [46]    
                                 0.349     0.236     0.176     0.478     0.140
 81     gamma      22 [78]    
                                -0.005    -0.023     0.004     0.024     0.000
 82     gamma      22 [78]    
                                -0.095     0.189     0.115     0.241     0.000
 83     gamma      22 [79]    
                                -0.151     0.202     0.078     0.264     0.000
 84     gamma      22 [79]    
                                 0.029     0.027     0.005     0.040     0.000
 85     gamma      22 [80]    
                                -0.024     0.125    -0.106     0.166     0.000
 86     gamma      22 [80]    
                                 0.019    -0.030    -0.015     0.039     0.000
------------------------------------------------------------------------------
     Sum of momenta:            -2e-05    -1e-05    -2e-05        22        22

The following exception classes were reported in this run:
ThePEG::EventHandler::ConsistencyException warning (1 times)
ThePEG::LesHouchesReader::LesHouchesReopenWarning warning (1 times)
