>>>>>>>>>>>>>>>>>>>>>>>>>>>>>>>>>>>>>>>>>>>>>>>>>>>>>>>>>>>>>>>>>>>>>>>>>>>>>>
>>>> Toolkit for HEP Event Generation - ThePEG 2.2.0 <<<<<<<<<<<<<<<<<<<<<<<<<
>>>> Tue Jun 30 00:40:49 2020                                             <<<<
<<<<<<<<<<<<<<<<<<<<<<<<<<<<<<<<<<<<<<<<<<<<<<<<<<<<<<<<<<<<<<<<<<<<<<<<<<<<<<

>> Herwig 7.2.0 / ThePEG 2.2.0

/Herwig/EventHandlers/NoCuts:
MHat  = 2 .. 13.2964 GeV
Scale = 0 .. 1e+12 GeV2
YHat  = -100 .. 100
X1    = 0 .. 1
X2    = 0 .. 1

* A warning exception of type ThePEG::LesHouchesReader::LesHouchesReopenWarning occurred while generating event number 1: 
Reopening LesHouchesReader 'myReader' after accessing 2 events out of 1
* A warning exception of type ThePEG::EventHandler::ConsistencyException occurred while generating event number 1: 
Event handler 'myLesHouchesHandler' found energy-momentum non-conservation by (-1e-05,-2e-05,-2e-05;-1.04488e-10) GeV after generating step number 4.

******************************************************************************
Event number 1 (id: ./OUTPUT/0.95MB1.05/1511417446/TMP/Cluster_HERWIGOutput_31) performed by myLesHouchesHandler
Weight: 1
==============================================================================

--- Colliding particles:
  1        e-      11  (3)   
                                 3.324     0.000     0.000     3.324     0.000
  2        e+     -11  (3)   
                                -3.324     0.000    -0.000     3.324     0.000
------------------------------------------------------------------------------
Primary sub-process performed by myReader
--- incoming:
  1        e-      11  (3)   
                                 3.324     0.000     0.000     3.324     0.000
  2        e+     -11  (3)   
                                -3.324     0.000    -0.000     3.324     0.000
--- intermediates:
  3     gamma      22 [1,2] (4..7)   
                                 0.000     0.000    -0.000     6.648     6.648
--- outgoing:
  4         g      21 [3] (8)  6>>5 {+1,-2}
                                -1.330     0.165    -0.838     1.581     0.000
  5         g      21 [3] (9)  4>>7 {+3,-1}
                                -1.379    -0.612     0.666     1.649     0.000
  6         g      21 [3] (10)  7>>4 {+2,-4}
                                 2.581    -0.350     0.091     2.606     0.000
  7         g      21 [3] (11)  5>>6 {+4,-3}
                                 0.128     0.797     0.081     0.812     0.000
------------------------------------------------------------------------------
Step 1 performed by myLesHouchesHandler
--- intermediates:
  1        e-      11  (3)   
                                 3.324     0.000     0.000     3.324     0.000
  2        e+     -11  (3)   
                                -3.324     0.000    -0.000     3.324     0.000
  3     gamma      22 [1,2] (4..7)   
                                 0.000     0.000    -0.000     6.648     6.648
--- final:
  4         g      21 [3] (8)  6>>5 {+1,-2}
                                -1.330     0.165    -0.838     1.581     0.000
  5         g      21 [3] (9)  4>>7 {+3,-1}
                                -1.379    -0.612     0.666     1.649     0.000
  6         g      21 [3] (10)  7>>4 {+2,-4}
                                 2.581    -0.350     0.091     2.606     0.000
  7         g      21 [3] (11)  5>>6 {+4,-3}
                                 0.128     0.797     0.081     0.812     0.000
------------------------------------------------------------------------------
     Sum of momenta:            -2e-05    -2e-05    -2e-05      6.65      6.65
------------------------------------------------------------------------------
Step 2 performed by ShowerHandler
--- final:
  8         g      21 [4] (12,13)  10>>9 {+1,-2}
                                -1.064     0.132    -0.670     1.581     0.950
  9         g      21 [5] (14,15)  8>>11 {+3,-1}
                                -1.103    -0.490     0.533     1.625     0.950
 10         g      21 [6] (16,17)  11>>8 {+2,-4}
                                 2.064    -0.280     0.073     2.291     0.950
 11         g      21 [7] (18,19)  9>>10 {+4,-3}
                                 0.102     0.638     0.065     1.151     0.950
------------------------------------------------------------------------------
     Sum of momenta:            -2e-05    -2e-05    -2e-05      6.65      6.65
------------------------------------------------------------------------------
Step 3 performed by ClusterHadHandler
--- intermediates:
 12         s       3 [8] (20)   {+1}
                                -0.422     0.002    -0.161     0.637     0.450
 13      sbar      -3 [8] (21)   {-2}
                                -0.642     0.130    -0.510     0.944     0.450
 14         u       2 [9] (22)   {+3}
                                -0.081    -0.278     0.082     0.443     0.325
 15      ubar      -2 [9] (20)   {-1}
                                -1.022    -0.211     0.451     1.182     0.325
 16         s       3 [10] (21)   {+2}
                                 0.710    -0.169    -0.002     0.858     0.450
 17      sbar      -3 [10] (23)   {-4}
                                 1.354    -0.111     0.075     1.433     0.450
 18         s       3 [11] (23)   {+4}
                                -0.014     0.462    -0.025     0.645     0.450
 19      sbar      -3 [11] (22)   {-3}
                                 0.117     0.176     0.090     0.505     0.450
 20   Cluster      81 [12,15] (30,31)   
                                -1.444    -0.209     0.290     1.820     1.048
 21   Cluster      81 [13,16] (26,27)   
                                 0.068    -0.039    -0.512     1.802     1.726
 22   Cluster      81 [14,19] (28,29)   
                                 0.036    -0.102     0.172     0.948     0.926
 23   Cluster      81 [17,18] (24,25)   
                                 1.340     0.351     0.050     2.078     1.549
--- final:
 24        K+     321 [23]    
                                 0.453    -0.075    -0.044     0.676     0.494
 25       K*-    -323 [23] (32,33)   
                                 0.886     0.426     0.094     1.402     0.995
 26       K*0     313 [21] (41,42)   
                                -0.042    -0.519    -0.352     1.084     0.883
 27     Kbar0    -311 [21] (43)   
                                 0.110     0.480    -0.160     0.718     0.498
 28       pi0     111 [22] (44,45)   
                                -0.076    -0.271    -0.127     0.337     0.135
 29        K+     321 [22]    
                                 0.112     0.168     0.299     0.612     0.494
 30     Kbar0    -311 [20] (46)   
                                -0.816    -0.152    -0.225     0.994     0.498
 31       pi-    -211 [20]    
                                -0.628    -0.058     0.515     0.826     0.140
------------------------------------------------------------------------------
     Sum of momenta:            -2e-05    -2e-05    -2e-05      6.65      6.65
------------------------------------------------------------------------------
Step 4 performed by DecayHandler
--- intermediates:
 32     Kbar0    -311 [25] (34)   
                                 0.870     0.268    -0.184     1.053     0.498
 34      K_S0     310 [32] (35,36)   
                                 0.870     0.268    -0.184     1.053     0.498
 35       pi0     111 [34] (37,38)   
                                 0.181    -0.048     0.073     0.242     0.135
 36       pi0     111 [34] (39,40)   
                                 0.689     0.316    -0.257     0.811     0.135
--- final:
 24        K+     321 [23]    
                                 0.453    -0.075    -0.044     0.676     0.494
 29        K+     321 [22]    
                                 0.112     0.168     0.299     0.612     0.494
 31       pi-    -211 [20]    
                                -0.628    -0.058     0.515     0.826     0.140
 33       pi-    -211 [25]    
                                 0.017     0.158     0.278     0.349     0.140
 37     gamma      22 [35]    
                                 0.039     0.046     0.013     0.062     0.000
 38     gamma      22 [35]    
                                 0.142    -0.094     0.060     0.180     0.000
 39     gamma      22 [36]    
                                 0.065    -0.004    -0.001     0.065     0.000
 40     gamma      22 [36]    
                                 0.624     0.320    -0.256     0.746     0.000
 41        K+     321 [26]    
                                 0.245    -0.269    -0.271     0.670     0.494
 42       pi-    -211 [26]    
                                -0.287    -0.251    -0.082     0.414     0.140
 43      K_L0     130 [27]    
                                 0.110     0.480    -0.160     0.718     0.498
 44     gamma      22 [28]    
                                -0.037    -0.065    -0.101     0.125     0.000
 45     gamma      22 [28]    
                                -0.039    -0.206    -0.026     0.211     0.000
 46      K_L0     130 [30]    
                                -0.816    -0.152    -0.225     0.994     0.498
------------------------------------------------------------------------------
     Sum of momenta:            -2e-05    -2e-05    -2e-05      6.65      6.65

The following exception classes were reported in this run:
ThePEG::EventHandler::ConsistencyException warning (1 times)
ThePEG::LesHouchesReader::LesHouchesReopenWarning warning (1 times)
