>>>>>>>>>>>>>>>>>>>>>>>>>>>>>>>>>>>>>>>>>>>>>>>>>>>>>>>>>>>>>>>>>>>>>>>>>>>>>>
>>>> Toolkit for HEP Event Generation - ThePEG 2.2.0 <<<<<<<<<<<<<<<<<<<<<<<<<
>>>> Tue Jun 30 00:32:16 2020                                             <<<<
<<<<<<<<<<<<<<<<<<<<<<<<<<<<<<<<<<<<<<<<<<<<<<<<<<<<<<<<<<<<<<<<<<<<<<<<<<<<<<

>> Herwig 7.2.0 / ThePEG 2.2.0

/Herwig/EventHandlers/NoCuts:
MHat  = 2 .. 12.5497 GeV
Scale = 0 .. 1e+12 GeV2
YHat  = -100 .. 100
X1    = 0 .. 1
X2    = 0 .. 1

* A warning exception of type ThePEG::LesHouchesReader::LesHouchesReopenWarning occurred while generating event number 1: 
Reopening LesHouchesReader 'myReader' after accessing 2 events out of 1
* A warning exception of type ThePEG::EventHandler::ConsistencyException occurred while generating event number 1: 
Event handler 'myLesHouchesHandler' found energy-momentum non-conservation by (-1e-05,-2e-05,-2e-05;2e-05) GeV after generating step number 4.

******************************************************************************
Event number 1 (id: ./OUTPUT/0.95MB1.05/1511422153/TMP/Cluster_HERWIGOutput_20) performed by myLesHouchesHandler
Weight: 1
==============================================================================

--- Colliding particles:
  1        e-      11  (3)   
                                 3.137     0.000     0.000     3.137     0.000
  2        e+     -11  (3)   
                                -3.137     0.000    -0.000     3.137     0.000
------------------------------------------------------------------------------
Primary sub-process performed by myReader
--- incoming:
  1        e-      11  (3)   
                                 3.137     0.000     0.000     3.137     0.000
  2        e+     -11  (3)   
                                -3.137     0.000    -0.000     3.137     0.000
--- intermediates:
  3     gamma      22 [1,2] (4..7)   
                                 0.000     0.000     0.000     6.275     6.275
--- outgoing:
  4         g      21 [3] (8)  6>>6 {+1,-2}
                                 0.960     1.912     1.648     2.701     0.000
  5         g      21 [3] (11)  7>>7 {+3,-4}
                                 0.101     0.044     0.049     0.121     0.000
  6         g      21 [3] (12)  4>>4 {+2,-1}
                                -0.192    -1.020    -1.895     2.160     0.000
  7         g      21 [3] (13)  5>>5 {+4,-3}
                                -0.870    -0.937     0.197     1.293     0.000
------------------------------------------------------------------------------
Step 1 performed by myLesHouchesHandler
--- intermediates:
  1        e-      11  (3)   
                                 3.137     0.000     0.000     3.137     0.000
  2        e+     -11  (3)   
                                -3.137     0.000    -0.000     3.137     0.000
  3     gamma      22 [1,2] (4..7)   
                                 0.000     0.000     0.000     6.275     6.275
--- final:
  4         g      21 [3] (8)  6>>6 {+1,-2}
                                 0.960     1.912     1.648     2.701     0.000
  5         g      21 [3] (11)  7>>7 {+3,-4}
                                 0.101     0.044     0.049     0.121     0.000
  6         g      21 [3] (12)  4>>4 {+2,-1}
                                -0.192    -1.020    -1.895     2.160     0.000
  7         g      21 [3] (13)  5>>5 {+4,-3}
                                -0.870    -0.937     0.197     1.293     0.000
------------------------------------------------------------------------------
     Sum of momenta:            -2e-05    -2e-05    -2e-05      6.27      6.27
------------------------------------------------------------------------------
Step 2 performed by ShowerHandler
--- intermediates:
  8         g      21 [4] (9,10)   {+1,-2}
                                 0.314     0.625     0.539     3.100     2.972
--- final:
  9         g      21 [8] (20,21)  12>>10 {+5,-2}
                                 1.227    -0.071     0.151     1.561     0.950
 10         g      21 [8] (22,23)  9>>12 {+1,-5}
                                -0.913     0.696     0.388     1.540     0.950
 11         g      21 [5] (14,15)  13>>13 {+3,-4}
                                 0.033     0.014     0.016     0.951     0.950
 12         g      21 [6] (16,17)  10>>9 {+2,-1}
                                -0.063    -0.333    -0.619     1.184     0.950
 13         g      21 [7] (18,19)  11>>11 {+4,-3}
                                -0.284    -0.306     0.064     1.040     0.950
------------------------------------------------------------------------------
     Sum of momenta:            -2e-05    -2e-05    -2e-05      6.27      6.27
------------------------------------------------------------------------------
Step 3 performed by ClusterHadHandler
--- intermediates:
 14         u       2 [11] (24)   {+3}
                                 0.041    -0.026     0.352     0.482     0.325
 15      ubar      -2 [11] (28)   {-4}
                                -0.007     0.041    -0.336     0.469     0.325
 16         s       3 [12] (25)   {+2}
                                -0.158    -0.105    -0.233     0.541     0.450
 17      sbar      -3 [12] (26)   {-1}
                                 0.095    -0.228    -0.387     0.643     0.450
 18         u       2 [13] (27)   {+4}
                                -0.495    -0.124     0.087     0.611     0.325
 19      ubar      -2 [13] (24)   {-3}
                                 0.211    -0.182    -0.022     0.429     0.325
 20         u       2 [9] (28)   {+5}
                                 0.152    -0.087    -0.149     0.398     0.325
 21      ubar      -2 [9] (25)   {-2}
                                 1.075     0.016     0.300     1.162     0.325
 22         u       2 [10] (26)   {+1}
                                -0.077     0.189     0.333     0.508     0.325
 23      ubar      -2 [10] (27)   {-5}
                                -0.836     0.507     0.055     1.031     0.325
 24   Cluster      81 [14,19] (37,38)   
                                 0.251    -0.208     0.330     0.910     0.783
 25   Cluster      81 [16,21] (33,34)   
                                 0.917    -0.089     0.067     1.703     1.431
 26   Cluster      81 [17,22] (35,36)   
                                 0.018    -0.039    -0.053     1.151     1.149
 27   Cluster      81 [18,23] (31,32)   
                                -1.331     0.383     0.142     1.643     0.872
 28   Cluster      81 [15,20] (29,30)   
                                 0.145    -0.046    -0.485     0.867     0.703
--- final:
 29       pi+     211 [28]    
                                -0.103    -0.294    -0.242     0.418     0.140
 30       pi-    -211 [28]    
                                 0.248     0.248    -0.244     0.449     0.140
 31       pi+     211 [27]    
                                -0.070     0.134    -0.220     0.301     0.140
 32       pi-    -211 [27]    
                                -1.260     0.249     0.361     1.342     0.140
 33        K-    -321 [25]    
                                 0.047     0.129     0.006     0.513     0.494
 34     omega     223 [25] (39,40)   
                                 0.870    -0.218     0.061     1.191     0.781
 35       K*+     323 [26] (45,46)   
                                -0.054     0.090     0.123     0.885     0.870
 36       pi0     111 [26] (50,51)   
                                 0.072    -0.129    -0.176     0.267     0.135
 37       pi+     211 [24]    
                                -0.107    -0.037    -0.176     0.252     0.140
 38       pi-    -211 [24]    
                                 0.358    -0.172     0.506     0.658     0.140
------------------------------------------------------------------------------
     Sum of momenta:            -2e-05    -2e-05    -2e-05      6.27      6.27
------------------------------------------------------------------------------
Step 4 performed by DecayHandler
--- intermediates:
 39      rho+     213 [34] (41,42)   
                                 0.553    -0.374    -0.075     0.788     0.412
 41       pi0     111 [39] (43,44)   
                                 0.440    -0.139     0.008     0.481     0.135
 45        K0     311 [35] (47)   
                                 0.006     0.326     0.062     0.598     0.498
 47      K_S0     310 [45] (48,49)   
                                 0.006     0.326     0.062     0.598     0.498
--- final:
 29       pi+     211 [28]    
                                -0.103    -0.294    -0.242     0.418     0.140
 30       pi-    -211 [28]    
                                 0.248     0.248    -0.244     0.449     0.140
 31       pi+     211 [27]    
                                -0.070     0.134    -0.220     0.301     0.140
 32       pi-    -211 [27]    
                                -1.260     0.249     0.361     1.342     0.140
 33        K-    -321 [25]    
                                 0.047     0.129     0.006     0.513     0.494
 37       pi+     211 [24]    
                                -0.107    -0.037    -0.176     0.252     0.140
 38       pi-    -211 [24]    
                                 0.358    -0.172     0.506     0.658     0.140
 40       pi-    -211 [34]    
                                 0.317     0.155     0.136     0.403     0.140
 42       pi+     211 [39]    
                                 0.113    -0.235    -0.083     0.307     0.140
 43     gamma      22 [41]    
                                 0.122     0.008     0.041     0.128     0.000
 44     gamma      22 [41]    
                                 0.319    -0.148    -0.033     0.353     0.000
 46       pi+     211 [35]    
                                -0.060    -0.235     0.061     0.287     0.140
 48       pi+     211 [47]    
                                 0.140     0.293     0.149     0.384     0.140
 49       pi-    -211 [47]    
                                -0.134     0.032    -0.087     0.214     0.140
 50     gamma      22 [36]    
                                 0.089    -0.147    -0.134     0.218     0.000
 51     gamma      22 [36]    
                                -0.017     0.017    -0.042     0.049     0.000
------------------------------------------------------------------------------
     Sum of momenta:            -2e-05    -2e-05    -2e-05      6.27      6.27

The following exception classes were reported in this run:
ThePEG::EventHandler::ConsistencyException warning (1 times)
ThePEG::LesHouchesReader::LesHouchesReopenWarning warning (1 times)
