>>>>>>>>>>>>>>>>>>>>>>>>>>>>>>>>>>>>>>>>>>>>>>>>>>>>>>>>>>>>>>>>>>>>>>>>>>>>>>
>>>> Toolkit for HEP Event Generation - ThePEG 2.2.0 <<<<<<<<<<<<<<<<<<<<<<<<<
>>>> Tue Jun 30 00:26:13 2020                                             <<<<
<<<<<<<<<<<<<<<<<<<<<<<<<<<<<<<<<<<<<<<<<<<<<<<<<<<<<<<<<<<<<<<<<<<<<<<<<<<<<<

>> Herwig 7.2.0 / ThePEG 2.2.0

/Herwig/EventHandlers/NoCuts:
MHat  = 2 .. 31.7191 GeV
Scale = 0 .. 1e+12 GeV2
YHat  = -100 .. 100
X1    = 0 .. 1
X2    = 0 .. 1

* A warning exception of type ThePEG::LesHouchesReader::LesHouchesReopenWarning occurred while generating event number 1: 
Reopening LesHouchesReader 'myReader' after accessing 2 events out of 1
* A warning exception of type ThePEG::EventHandler::ConsistencyException occurred while generating event number 1: 
Event handler 'myLesHouchesHandler' found energy-momentum non-conservation by (-2e-05,-2e-05,-3e-05;1.99989e-05) GeV after generating step number 4.

******************************************************************************
Event number 1 (id: ./OUTPUT/0.95MB1.05/1513331030/TMP/Cluster_HERWIGOutput_13) performed by myLesHouchesHandler
Weight: 1
==============================================================================

--- Colliding particles:
  1        e-      11  (3)   
                                 7.930     0.000     0.000     7.930     0.000
  2        e+     -11  (3)   
                                -7.930     0.000     0.000     7.930     0.000
------------------------------------------------------------------------------
Primary sub-process performed by myReader
--- incoming:
  1        e-      11  (3)   
                                 7.930     0.000     0.000     7.930     0.000
  2        e+     -11  (3)   
                                -7.930     0.000     0.000     7.930     0.000
--- intermediates:
  3     gamma      22 [1,2] (4..8)   
                                 0.000     0.000     0.000    15.860    15.860
--- outgoing:
  4         g      21 [3] (9)  8>>8 {+1,-2}
                                 2.710    -0.271    -0.336     2.744     0.000
  5         g      21 [3] (10)  6>>7 {+3,-4}
                                 0.104    -2.806     1.554     3.209     0.000
  6         g      21 [3] (11)  7>>5 {+4,-5}
                                 0.113     3.494    -1.111     3.668     0.000
  7         g      21 [3] (12)  5>>6 {+5,-3}
                                -1.854     2.092     1.394     3.123     0.000
  8         g      21 [3] (15)  4>>4 {+2,-1}
                                -1.074    -2.509    -1.501     3.115     0.000
------------------------------------------------------------------------------
Step 1 performed by myLesHouchesHandler
--- intermediates:
  1        e-      11  (3)   
                                 7.930     0.000     0.000     7.930     0.000
  2        e+     -11  (3)   
                                -7.930     0.000     0.000     7.930     0.000
  3     gamma      22 [1,2] (4..8)   
                                 0.000     0.000     0.000    15.860    15.860
--- final:
  4         g      21 [3] (9)  8>>8 {+1,-2}
                                 2.710    -0.271    -0.336     2.744     0.000
  5         g      21 [3] (10)  6>>7 {+3,-4}
                                 0.104    -2.806     1.554     3.209     0.000
  6         g      21 [3] (11)  7>>5 {+4,-5}
                                 0.113     3.494    -1.111     3.668     0.000
  7         g      21 [3] (12)  5>>6 {+5,-3}
                                -1.854     2.092     1.394     3.123     0.000
  8         g      21 [3] (15)  4>>4 {+2,-1}
                                -1.074    -2.509    -1.501     3.115     0.000
------------------------------------------------------------------------------
     Sum of momenta:            -2e-05    -2e-05    -3e-05      15.9      15.9
------------------------------------------------------------------------------
Step 2 performed by ShowerHandler
--- intermediates:
 12         g      21 [7] (13,14)   {+5,-3}
                                -1.616     1.823     1.215     4.119     3.091
--- final:
  9         g      21 [4] (16,17)  15>>15 {+1,-2}
                                 2.363    -0.236    -0.292     2.574     0.950
 10         g      21 [5] (18,19)  11>>13 {+3,-4}
                                 0.091    -2.446     1.354     2.954     0.950
 11         g      21 [6] (20,21)  14>>10 {+4,-5}
                                 0.099     3.046    -0.969     3.336     0.950
 13         g      21 [12] (24,25)  10>>14 {+6,-3}
                                -0.155     1.144     1.621     2.205     0.950
 14         g      21 [12] (26,27)  13>>11 {+5,-6}
                                -1.461     0.679    -0.406     1.914     0.950
 15         g      21 [8] (22,23)  9>>9 {+2,-1}
                                -0.936    -2.187    -1.308     2.876     0.950
------------------------------------------------------------------------------
     Sum of momenta:            -2e-05    -2e-05    -3e-05      15.9      15.9
------------------------------------------------------------------------------
Step 3 performed by ClusterHadHandler
--- intermediates:
 16         s       3 [9] (33)   {+1}
                                 1.105    -0.240    -0.218     1.237     0.450
 17      sbar      -3 [9] (31)   {-2}
                                 1.257     0.004    -0.075     1.337     0.450
 18         u       2 [10] (28)   {+3}
                                 0.262    -1.504     1.106     1.913     0.325
 19      ubar      -2 [10] (29)   {-4}
                                -0.172    -0.942     0.248     1.042     0.325
 20         u       2 [11] (29)   {+4}
                                -0.280     1.319    -0.534     1.486     0.325
 21      ubar      -2 [11] (33)   {-5}
                                 0.379     1.727    -0.434     1.849     0.325
 22         s       3 [15] (30)   {+2}
                                -0.405    -0.953    -0.423     1.205     0.450
 23      sbar      -3 [15] (32)   {-1}
                                -0.531    -1.234    -0.886     1.671     0.450
 24         u       2 [13] (31)   {+6}
                                 0.241     0.487     0.492     0.802     0.325
 25      ubar      -2 [13] (28)   {-3}
                                -0.397     0.657     1.129     1.404     0.325
 26         u       2 [14] (32)   {+5}
                                -0.963     0.760    -0.243     1.292     0.325
 27      ubar      -2 [14] (30)   {-6}
                                -0.498    -0.081    -0.163     0.622     0.325
 28   Cluster      81 [18,25] (40,41)   
                                -0.134    -0.846     2.235     3.316     2.295
 29   Cluster      81 [19,20] (44,45)   
                                -0.452     0.377    -0.286     2.528     2.442
 30   Cluster      81 [22,27] (36,37)   
                                -0.903    -1.033    -0.586     1.827     1.055
 31   Cluster      81 [17,24] (38,39)   
                                 1.499     0.491     0.417     2.139     1.384
 32   Cluster      81 [23,26] (42,43)   
                                -1.494    -0.475    -1.129     2.963     2.247
 33   Cluster      81 [16,21] (34,35)   
                                 1.485     1.487    -0.652     3.086     2.164
--- final:
 34    Sigma-    3112 [33] (46,47)   
                                 0.856     0.692    -0.243     1.644     1.197
 35     nbar0   -2112 [33]    
                                 0.629     0.795    -0.409     1.441     0.940
 36    K*bar0    -313 [30] (48,49)   
                                -0.880    -0.964    -0.568     1.669     0.871
 37       pi-    -211 [30]    
                                -0.023    -0.070    -0.018     0.159     0.140
 38       pi0     111 [31] (53,54)   
                                -0.015    -0.191    -0.193     0.303     0.135
 39        K+     321 [31]    
                                 1.513     0.682     0.610     1.836     0.494
 40       f_2     225 [28] (55,56)   
                                -0.267    -0.549     0.502     1.430     1.191
 41      rho0     113 [28] (57,58)   
                                 0.132    -0.297     1.733     1.887     0.671
 42        n0    2112 [32]    
                                -0.494    -0.484    -0.342     1.216     0.940
 43 Sigmabar+   -3112 [32] (59,60)   
                                -0.999     0.010    -0.786     1.747     1.197
 44     rho'- -100213 [29] (61,62)   
                                -0.533     0.024     0.045     1.510     1.412
 45      rho+     213 [29] (73,74)   
                                 0.080     0.353    -0.331     1.018     0.892
------------------------------------------------------------------------------
     Sum of momenta:            -2e-05    -2e-05    -3e-05      15.9      15.9
------------------------------------------------------------------------------
Step 4 performed by DecayHandler
--- intermediates:
 48     Kbar0    -311 [36] (50)   
                                -0.586    -0.750    -0.127     1.082     0.498
 49       pi0     111 [36] (51,52)   
                                -0.295    -0.214    -0.441     0.587     0.135
 61      a_1-  -20213 [44] (63,64)   
                                -0.251    -0.081    -0.334     1.008     0.914
 62       pi0     111 [44] (71,72)   
                                -0.282     0.105     0.379     0.502     0.135
 63    rho''-  -30213 [61] (65,66)   
                                -0.468    -0.275    -0.222     0.668     0.320
 64       pi0     111 [61] (69,70)   
                                 0.217     0.194    -0.112     0.340     0.135
 65       pi0     111 [63] (67,68)   
                                -0.274    -0.078    -0.070     0.323     0.135
 73       pi0     111 [45] (75,76)   
                                -0.143     0.528    -0.005     0.563     0.135
--- final:
 35     nbar0   -2112 [33]    
                                 0.629     0.795    -0.409     1.441     0.940
 37       pi-    -211 [30]    
                                -0.023    -0.070    -0.018     0.159     0.140
 39        K+     321 [31]    
                                 1.513     0.682     0.610     1.836     0.494
 42        n0    2112 [32]    
                                -0.494    -0.484    -0.342     1.216     0.940
 46        n0    2112 [34]    
                                 0.828     0.444    -0.123     1.335     0.940
 47       pi-    -211 [34]    
                                 0.028     0.248    -0.120     0.310     0.140
 50      K_L0     130 [48]    
                                -0.586    -0.750    -0.127     1.082     0.498
 51     gamma      22 [49]    
                                -0.081    -0.059    -0.041     0.108     0.000
 52     gamma      22 [49]    
                                -0.213    -0.155    -0.400     0.479     0.000
 53     gamma      22 [38]    
                                -0.052    -0.145    -0.189     0.244     0.000
 54     gamma      22 [38]    
                                 0.037    -0.046    -0.003     0.059     0.000
 55       pi-    -211 [40]    
                                -0.135     0.305    -0.091     0.373     0.140
 56       pi+     211 [40]    
                                -0.132    -0.854     0.593     1.057     0.140
 57       pi+     211 [41]    
                                 0.349    -0.165     0.677     0.792     0.140
 58       pi-    -211 [41]    
                                -0.216    -0.132     1.056     1.095     0.140
 59     nbar0   -2112 [43]    
                                -0.728     0.020    -0.400     1.254     0.940
 60       pi+     211 [43]    
                                -0.272    -0.010    -0.386     0.493     0.140
 66       pi-    -211 [63]    
                                -0.194    -0.198    -0.152     0.345     0.140
 67     gamma      22 [65]    
                                -0.287    -0.085    -0.061     0.305     0.000
 68     gamma      22 [65]    
                                 0.013     0.007    -0.009     0.017     0.000
 69     gamma      22 [64]    
                                 0.057     0.099     0.014     0.115     0.000
 70     gamma      22 [64]    
                                 0.160     0.095    -0.126     0.225     0.000
 71     gamma      22 [62]    
                                -0.271     0.130     0.359     0.468     0.000
 72     gamma      22 [62]    
                                -0.011    -0.025     0.020     0.034     0.000
 74       pi+     211 [45]    
                                 0.224    -0.175    -0.325     0.454     0.140
 75     gamma      22 [73]    
                                -0.054     0.149    -0.062     0.170     0.000
 76     gamma      22 [73]    
                                -0.089     0.379     0.056     0.393     0.000
------------------------------------------------------------------------------
     Sum of momenta:            -2e-05    -2e-05    -3e-05      15.9      15.9

The following exception classes were reported in this run:
ThePEG::EventHandler::ConsistencyException warning (1 times)
ThePEG::LesHouchesReader::LesHouchesReopenWarning warning (1 times)
