>>>>>>>>>>>>>>>>>>>>>>>>>>>>>>>>>>>>>>>>>>>>>>>>>>>>>>>>>>>>>>>>>>>>>>>>>>>>>>
>>>> Toolkit for HEP Event Generation - ThePEG 2.2.0 <<<<<<<<<<<<<<<<<<<<<<<<<
>>>> Tue Jun 30 00:44:27 2020                                             <<<<
<<<<<<<<<<<<<<<<<<<<<<<<<<<<<<<<<<<<<<<<<<<<<<<<<<<<<<<<<<<<<<<<<<<<<<<<<<<<<<

>> Herwig 7.2.0 / ThePEG 2.2.0

/Herwig/EventHandlers/NoCuts:
MHat  = 2 .. 15.6958 GeV
Scale = 0 .. 1e+12 GeV2
YHat  = -100 .. 100
X1    = 0 .. 1
X2    = 0 .. 1

* A warning exception of type ThePEG::LesHouchesReader::LesHouchesReopenWarning occurred while generating event number 1: 
Reopening LesHouchesReader 'myReader' after accessing 2 events out of 1
* A warning exception of type ThePEG::EventHandler::ConsistencyException occurred while generating event number 1: 
Event handler 'myLesHouchesHandler' found energy-momentum non-conservation by (-2e-05,-2e-05,-2e-05;9.99938e-06) GeV after generating step number 4.

******************************************************************************
Event number 1 (id: ./OUTPUT/0.95MB1.05/1511658038/TMP/Cluster_HERWIGOutput_18) performed by myLesHouchesHandler
Weight: 1
==============================================================================

--- Colliding particles:
  1        e-      11  (3)   
                                 3.924     0.000     0.000     3.924     0.000
  2        e+     -11  (3)   
                                -3.924     0.000     0.000     3.924     0.000
------------------------------------------------------------------------------
Primary sub-process performed by myReader
--- incoming:
  1        e-      11  (3)   
                                 3.924     0.000     0.000     3.924     0.000
  2        e+     -11  (3)   
                                -3.924     0.000     0.000     3.924     0.000
--- intermediates:
  3     gamma      22 [1,2] (4..7)   
                                -0.000     0.000     0.000     7.848     7.848
--- outgoing:
  4         g      21 [3] (8)  6>>7 {+1,-2}
                                 1.129    -1.451     0.576     1.926     0.000
  5         g      21 [3] (9)  7>>6 {+3,-4}
                                 0.550     2.090    -0.109     2.164     0.000
  6         g      21 [3] (10)  5>>4 {+2,-3}
                                 0.185    -1.183    -1.188     1.687     0.000
  7         g      21 [3] (11)  4>>5 {+4,-1}
                                -1.864     0.544     0.721     2.071     0.000
------------------------------------------------------------------------------
Step 1 performed by myLesHouchesHandler
--- intermediates:
  1        e-      11  (3)   
                                 3.924     0.000     0.000     3.924     0.000
  2        e+     -11  (3)   
                                -3.924     0.000     0.000     3.924     0.000
  3     gamma      22 [1,2] (4..7)   
                                -0.000     0.000     0.000     7.848     7.848
--- final:
  4         g      21 [3] (8)  6>>7 {+1,-2}
                                 1.129    -1.451     0.576     1.926     0.000
  5         g      21 [3] (9)  7>>6 {+3,-4}
                                 0.550     2.090    -0.109     2.164     0.000
  6         g      21 [3] (10)  5>>4 {+2,-3}
                                 0.185    -1.183    -1.188     1.687     0.000
  7         g      21 [3] (11)  4>>5 {+4,-1}
                                -1.864     0.544     0.721     2.071     0.000
------------------------------------------------------------------------------
     Sum of momenta:            -3e-05    -2e-05    -2e-05      7.85      7.85
------------------------------------------------------------------------------
Step 2 performed by ShowerHandler
--- final:
  8         g      21 [4] (12,13)  10>>11 {+1,-2}
                                 0.987    -1.268     0.503     1.933     0.950
  9         g      21 [5] (14,15)  11>>10 {+3,-4}
                                 0.481     1.826    -0.095     2.116     0.950
 10         g      21 [6] (16,17)  9>>8 {+2,-3}
                                 0.162    -1.034    -1.038     1.754     0.950
 11         g      21 [7] (18,19)  8>>9 {+4,-1}
                                -1.629     0.476     0.630     2.045     0.950
------------------------------------------------------------------------------
     Sum of momenta:            -3e-05    -2e-05    -2e-05      7.85      7.85
------------------------------------------------------------------------------
Step 3 performed by ClusterHadHandler
--- intermediates:
 12         d       1 [8] (22)   {+1}
                                 0.588    -1.112     0.510     1.396     0.325
 13      dbar      -1 [8] (20)   {-2}
                                 0.398    -0.156    -0.007     0.537     0.325
 14         d       1 [9] (23)   {+3}
                                -0.005     0.301    -0.185     0.480     0.325
 15      dbar      -1 [9] (21)   {-4}
                                 0.485     1.526     0.090     1.636     0.325
 16         s       3 [10] (20)   {+2}
                                -0.037    -0.494    -0.618     0.911     0.450
 17      sbar      -3 [10] (22)   {-3}
                                 0.199    -0.540    -0.420     0.843     0.450
 18         d       1 [11] (21)   {+4}
                                -0.621     0.109    -0.086     0.714     0.325
 19      dbar      -1 [11] (23)   {-1}
                                -1.008     0.367     0.716     1.330     0.325
 20   Cluster      81 [13,16] (26,27)   
                                 0.361    -0.650    -0.625     1.448     1.074
 21   Cluster      81 [15,18] (28,29)   
                                -0.136     1.634     0.005     2.350     1.684
 22   Cluster      81 [12,17] (24,25)   
                                 0.787    -1.652     0.090     2.239     1.286
 23   Cluster      81 [14,19] (30,31)   
                                -1.013     0.668     0.530     1.811     1.235
--- final:
 24       pi-    -211 [22]    
                                -0.094    -0.501    -0.078     0.534     0.140
 25       K*+     323 [22] (32,33)   
                                 0.882    -1.151     0.168     1.705     0.881
 26       pi+     211 [20]    
                                 0.026    -0.119    -0.218     0.286     0.140
 27       K*-    -323 [20] (36,37)   
                                 0.336    -0.531    -0.408     1.162     0.889
 28       pi0     111 [21] (40,41)   
                                -0.195     0.895     0.088     0.930     0.135
 29      rho0     113 [21] (42,43)   
                                 0.060     0.740    -0.083     1.421     1.209
 30       pi0     111 [23] (44,45)   
                                -0.489     0.278     0.616     0.845     0.135
 31     omega     223 [23] (46,47)   
                                -0.525     0.389    -0.085     0.966     0.706
------------------------------------------------------------------------------
     Sum of momenta:            -3e-05    -2e-05    -2e-05      7.85      7.85
------------------------------------------------------------------------------
Step 4 performed by DecayHandler
--- intermediates:
 33       pi0     111 [25] (34,35)   
                                 0.168    -0.529    -0.150     0.591     0.135
 37       pi0     111 [27] (38,39)   
                                 0.246    -0.500    -0.130     0.588     0.135
 46      rho0     113 [31] (48,49)   
                                -0.223     0.349    -0.149     0.627     0.447
 47       pi0     111 [31] (50,51)   
                                -0.301     0.040     0.064     0.339     0.135
--- final:
 24       pi-    -211 [22]    
                                -0.094    -0.501    -0.078     0.534     0.140
 26       pi+     211 [20]    
                                 0.026    -0.119    -0.218     0.286     0.140
 32        K+     321 [25]    
                                 0.714    -0.622     0.318     1.114     0.494
 34     gamma      22 [33]    
                                 0.191    -0.452    -0.122     0.505     0.000
 35     gamma      22 [33]    
                                -0.023    -0.078    -0.028     0.086     0.000
 36        K-    -321 [27]    
                                 0.089    -0.031    -0.277     0.574     0.494
 38     gamma      22 [37]    
                                -0.003    -0.016    -0.030     0.034     0.000
 39     gamma      22 [37]    
                                 0.249    -0.485    -0.100     0.554     0.000
 40     gamma      22 [28]    
                                -0.022     0.227     0.074     0.240     0.000
 41     gamma      22 [28]    
                                -0.173     0.668     0.014     0.690     0.000
 42       pi+     211 [29]    
                                 0.598     0.523    -0.147     0.820     0.140
 43       pi-    -211 [29]    
                                -0.539     0.217     0.064     0.601     0.140
 44     gamma      22 [30]    
                                -0.086     0.103     0.100     0.167     0.000
 45     gamma      22 [30]    
                                -0.403     0.176     0.516     0.678     0.000
 48       pi+     211 [46]    
                                -0.245     0.321    -0.204     0.473     0.140
 49       pi-    -211 [46]    
                                 0.021     0.027     0.054     0.154     0.140
 50     gamma      22 [47]    
                                -0.254     0.070     0.088     0.278     0.000
 51     gamma      22 [47]    
                                -0.048    -0.030    -0.024     0.061     0.000
------------------------------------------------------------------------------
     Sum of momenta:            -3e-05    -2e-05    -2e-05      7.85      7.85

The following exception classes were reported in this run:
ThePEG::EventHandler::ConsistencyException warning (1 times)
ThePEG::LesHouchesReader::LesHouchesReopenWarning warning (1 times)
