>>>>>>>>>>>>>>>>>>>>>>>>>>>>>>>>>>>>>>>>>>>>>>>>>>>>>>>>>>>>>>>>>>>>>>>>>>>>>>
>>>> Toolkit for HEP Event Generation - ThePEG 2.2.0 <<<<<<<<<<<<<<<<<<<<<<<<<
>>>> Tue Jun 30 00:17:46 2020                                             <<<<
<<<<<<<<<<<<<<<<<<<<<<<<<<<<<<<<<<<<<<<<<<<<<<<<<<<<<<<<<<<<<<<<<<<<<<<<<<<<<<

>> Herwig 7.2.0 / ThePEG 2.2.0

/Herwig/EventHandlers/NoCuts:
MHat  = 2 .. 65.9289 GeV
Scale = 0 .. 1e+12 GeV2
YHat  = -100 .. 100
X1    = 0 .. 1
X2    = 0 .. 1

* A warning exception of type ThePEG::LesHouchesReader::LesHouchesReopenWarning occurred while generating event number 1: 
Reopening LesHouchesReader 'myReader' after accessing 2 events out of 1
* A warning exception of type ThePEG::EventHandler::ConsistencyException occurred while generating event number 1: 
Event handler 'myLesHouchesHandler' found energy-momentum non-conservation by (-8e-06,-1e-05,-3e-05;7.99732e-06) GeV after generating step number 4.

******************************************************************************
Event number 1 (id: ./OUTPUT/0.95MB1.05/1511630960/TMP/Cluster_HERWIGOutput_2) performed by myLesHouchesHandler
Weight: 1
==============================================================================

--- Colliding particles:
  1        e-      11  (3)   
                                16.482     0.000    -0.000    16.482     0.000
  2        e+     -11  (3)   
                               -16.482     0.000     0.000    16.482     0.000
------------------------------------------------------------------------------
Primary sub-process performed by myReader
--- incoming:
  1        e-      11  (3)   
                                16.482     0.000    -0.000    16.482     0.000
  2        e+     -11  (3)   
                               -16.482     0.000     0.000    16.482     0.000
--- intermediates:
  3     gamma      22 [1,2] (4..7)   
                                -0.000     0.000     0.000    32.964    32.964
--- outgoing:
  4         g      21 [3] (8)  7>>5 {+1,-2}
                                 0.532     2.587    -5.296     5.918     0.000
  5         g      21 [3] (9)  4>>6 {+3,-1}
                                -1.396    -1.534    12.914    13.080     0.000
  6         g      21 [3] (12)  5>>7 {+4,-3}
                                 1.787    -1.749   -10.536    10.828     0.000
  7         g      21 [3] (17)  6>>4 {+2,-4}
                                -0.923     0.695     2.917     3.138     0.000
------------------------------------------------------------------------------
Step 1 performed by myLesHouchesHandler
--- intermediates:
  1        e-      11  (3)   
                                16.482     0.000    -0.000    16.482     0.000
  2        e+     -11  (3)   
                               -16.482     0.000     0.000    16.482     0.000
  3     gamma      22 [1,2] (4..7)   
                                -0.000     0.000     0.000    32.964    32.964
--- final:
  4         g      21 [3] (8)  7>>5 {+1,-2}
                                 0.532     2.587    -5.296     5.918     0.000
  5         g      21 [3] (9)  4>>6 {+3,-1}
                                -1.396    -1.534    12.914    13.080     0.000
  6         g      21 [3] (12)  5>>7 {+4,-3}
                                 1.787    -1.749   -10.536    10.828     0.000
  7         g      21 [3] (17)  6>>4 {+2,-4}
                                -0.923     0.695     2.917     3.138     0.000
------------------------------------------------------------------------------
     Sum of momenta:            -2e-05    -1e-05    -3e-05        33        33
------------------------------------------------------------------------------
Step 2 performed by ShowerHandler
--- intermediates:
  9         g      21 [5] (10,11)   {+3,-1}
                                -1.194    -1.311    11.043    11.744     3.583
 12         g      21 [6] (13,14)   {+4,-3}
                                 1.528    -1.495    -9.009    11.144     6.201
 14         g      21 [12] (15,16)   {+4,-5}
                                 0.405     0.064    -7.745     8.656     3.843
 17         g      21 [7] (18,19)   {+2,-4}
                                -0.789     0.595     2.495     4.927     4.132
--- final:
  8         g      21 [4] (20,21)  19>>11 {+1,-2}
                                 0.455     2.212    -4.529     5.149     0.950
 10         g      21 [9] (32,33)  11>>13 {+3,-6}
                                -0.089    -1.135     1.574     2.163     0.950
 11         g      21 [9] (34,35)  8>>10 {+6,-1}
                                -1.104    -0.176     9.469     9.582     0.950
 13         g      21 [12] (22,23)  10>>16 {+5,-3}
                                 1.123    -1.559    -1.263     2.488     0.950
 15         g      21 [14] (24,25)  16>>18 {+4,-7}
                                 1.709    -0.095    -2.556     3.220     0.950
 16         g      21 [14] (26,27)  13>>15 {+7,-5}
                                -1.303     0.158    -5.189     5.436     0.950
 18         g      21 [17] (28,29)  15>>19 {+8,-4}
                                 1.140     1.123     1.842     2.618     0.950
 19         g      21 [17] (30,31)  18>>8 {+2,-8}
                                -1.929    -0.528     0.653     2.308     0.950
------------------------------------------------------------------------------
     Sum of momenta:            -2e-05    -1e-05    -3e-05        33        33
------------------------------------------------------------------------------
Step 3 performed by ClusterHadHandler
--- intermediates:
 20         u       2 [8] (41)   {+1}
                                 0.220     1.520    -3.574     3.903     0.325
 21      ubar      -2 [8] (43)   {-2}
                                 0.234     0.692    -0.955     1.246     0.325
 22         s       3 [13] (36)   {+5}
                                 0.479    -0.508    -0.515     0.977     0.450
 23      sbar      -3 [13] (37)   {-3}
                                 0.644    -1.052    -0.749     1.511     0.450
 24         d       1 [15] (38)   {+4}
                                 0.412     0.233    -0.635     0.856     0.325
 25      dbar      -1 [15] (39)   {-7}
                                 1.297    -0.328    -1.922     2.364     0.325
 26         s       3 [16] (39)   {+7}
                                -0.842     0.004    -3.231     3.369     0.450
 27      sbar      -3 [16] (36)   {-5}
                                -0.462     0.154    -1.958     2.067     0.450
 28         d       1 [18] (43)   {+8}
                                 0.494     0.091     0.656     0.887     0.325
 29      dbar      -1 [18] (38)   {-4}
                                 0.646     1.032     1.186     1.731     0.325
 30         u       2 [19] (42)   {+2}
                                -1.596    -0.583     0.625     1.839     0.325
 31      ubar      -2 [19] (41)   {-8}
                                -0.333     0.054     0.028     0.470     0.325
 32         d       1 [10] (37)   {+3}
                                 0.081    -1.054     1.207     1.637     0.325
 33      dbar      -1 [10] (40)   {-6}
                                -0.171    -0.081     0.367     0.526     0.325
 34         u       2 [11] (40)   {+6}
                                -0.279     0.106     4.859     4.879     0.325
 35      ubar      -2 [11] (42)   {-1}
                                -0.825    -0.282     4.610     4.703     0.325
 36   Cluster      81 [22,27] (52,53)   
                                 0.017    -0.354    -2.473     3.044     1.740
 37   Cluster      81 [23,32] (50,51)   
                                 0.725    -2.106     0.458     3.148     2.177
 38   Cluster      81 [24,29] (58,59)   
                                 1.058     1.265     0.552     2.587     1.915
 39   Cluster      81 [25,26] (54,55)   
                                 0.455    -0.323    -5.153     5.733     2.451
 40   Cluster      81 [33,34] (56,57)   
                                -0.450     0.025     5.226     5.404     1.301
 41   Cluster      81 [20,31] (48,49)   
                                -0.113     1.574    -3.546     4.373     2.015
 42   Cluster      81 [30,35] (46,47)   
                                -2.421    -0.865     5.235     6.542     2.964
 43   Cluster      81 [21,28] (44,45)   
                                 0.728     0.783    -0.299     2.133     1.822
--- final:
 44     rho'- -100213 [43] (60,61)   
                                 0.414     0.493    -0.112     1.648     1.512
 45       pi0     111 [43] (68,69)   
                                 0.314     0.290    -0.187     0.486     0.135
 46       pi0     111 [42] (70,71)   
                                -0.121    -0.460     2.217     2.272     0.135
 47     pi_20   10115 [42] (72,73)   
                                -2.300    -0.405     3.017     4.270     1.917
 48     pi_2+   10215 [41] (78,79)   
                                -0.511     0.999    -2.723     3.284     1.453
 49       pi-    -211 [41]    
                                 0.398     0.576    -0.822     1.089     0.140
 50       phi     333 [37] (86,87)   
                                 0.397    -0.386     0.378     1.211     1.009
 51       K*0     313 [37] (94,95)   
                                 0.328    -1.720     0.080     1.937     0.825
 52     Kbar0    -311 [36] (101)   
                                -0.375    -0.273    -1.584     1.724     0.498
 53       K*0     313 [36] (108,109)   
                                 0.392    -0.081    -0.889     1.320     0.891
 54       pi0     111 [39] (110,111)   
                                 0.557    -0.052    -3.574     3.621     0.135
 55  K'_1bar0  -20313 [39] (112,113)   
                                -0.102    -0.271    -1.578     2.113     1.374
 56      rho0     113 [40] (118,119)   
                                -0.268    -0.388     2.887     3.018     0.742
 57       pi+     211 [40]    
                                -0.181     0.414     2.339     2.386     0.140
 58       pi-    -211 [38]    
                                 0.857     0.340     0.441     1.032     0.140
 59      b_1+   10213 [38] (120,121)   
                                 0.201     0.925     0.110     1.555     1.228
------------------------------------------------------------------------------
     Sum of momenta:            -2e-05    -1e-05    -3e-05        33        33
------------------------------------------------------------------------------
Step 4 performed by DecayHandler
--- intermediates:
 60      a_1-  -20213 [44] (62,63)   
                                 0.558     0.203    -0.137     1.297     1.145
 61       pi0     111 [44] (66,67)   
                                -0.143     0.290     0.025     0.351     0.135
 62    rho''0   30113 [60] (64,65)   
                                 0.340     0.426    -0.126     0.955     0.774
 72     sigma 9000221 [47] (74,75)   
                                -0.812     0.315     1.921     2.282     0.870
 73       pi0     111 [47] (76,77)   
                                -1.488    -0.720     1.096     1.988     0.135
 79       f_2     225 [48] (80,81)   
                                -0.427     0.885    -2.251     2.772     1.285
 80       pi0     111 [79] (82,83)   
                                 0.307     0.476    -0.327     0.668     0.135
 81       pi0     111 [79] (84,85)   
                                -0.735     0.409    -1.924     2.104     0.135
 87      K_S0     310 [50] (88,89)   
                                 0.152    -0.226     0.124     0.581     0.498
 88       pi0     111 [87] (90,91)   
                                 0.023     0.114     0.024     0.180     0.135
 89       pi0     111 [87] (92,93)   
                                 0.130    -0.340     0.101     0.401     0.135
 94        K0     311 [51] (96)   
                                 0.011    -0.741    -0.031     0.893     0.498
 95       pi0     111 [51] (99,100)   
                                 0.318    -0.979     0.111     1.044     0.135
 96      K_S0     310 [94] (97,98)   
                                 0.011    -0.741    -0.031     0.893     0.498
101      K_S0     310 [52] (102,103)   
                                -0.375    -0.273    -1.584     1.724     0.498
102       pi0     111 [101] (104,105)   
                                -0.431    -0.129    -1.193     1.282     0.135
103       pi0     111 [101] (106,107)   
                                 0.057    -0.144    -0.391     0.441     0.135
112    K*bar0    -313 [55] (114,115)   
                                -0.325    -0.449    -1.244     1.653     0.937
113       pi0     111 [55] (116,117)   
                                 0.223     0.178    -0.334     0.459     0.135
120     omega     223 [59] (122,123)   
                                 0.066     1.044     0.174     1.318     0.783
122      rho0     113 [120] (124,125)   
                                 0.077     0.743     0.208     0.986     0.609
123       pi0     111 [120] (126,127)   
                                -0.011     0.301    -0.035     0.332     0.135
--- final:
 49       pi-    -211 [41]    
                                 0.398     0.576    -0.822     1.089     0.140
 57       pi+     211 [40]    
                                -0.181     0.414     2.339     2.386     0.140
 58       pi-    -211 [38]    
                                 0.857     0.340     0.441     1.032     0.140
 63       pi-    -211 [60]    
                                 0.218    -0.223    -0.011     0.342     0.140
 64       pi-    -211 [62]    
                                 0.117    -0.163     0.109     0.268     0.140
 65       pi+     211 [62]    
                                 0.223     0.590    -0.235     0.687     0.140
 66     gamma      22 [61]    
                                -0.127     0.204     0.074     0.251     0.000
 67     gamma      22 [61]    
                                -0.017     0.086    -0.049     0.100     0.000
 68     gamma      22 [45]    
                                 0.234     0.256    -0.196     0.398     0.000
 69     gamma      22 [45]    
                                 0.080     0.034     0.009     0.087     0.000
 70     gamma      22 [46]    
                                -0.059    -0.313     1.178     1.220     0.000
 71     gamma      22 [46]    
                                -0.062    -0.147     1.040     1.052     0.000
 74       pi+     211 [72]    
                                -0.049     0.057     1.141     1.151     0.140
 75       pi-    -211 [72]    
                                -0.763     0.259     0.780     1.130     0.140
 76     gamma      22 [73]    
                                -1.427    -0.689     1.015     1.882     0.000
 77     gamma      22 [73]    
                                -0.061    -0.032     0.081     0.106     0.000
 78       pi+     211 [48]    
                                -0.084     0.114    -0.472     0.512     0.140
 82     gamma      22 [80]    
                                 0.117     0.224    -0.219     0.334     0.000
 83     gamma      22 [80]    
                                 0.191     0.252    -0.109     0.334     0.000
 84     gamma      22 [81]    
                                -0.211     0.172    -0.520     0.586     0.000
 85     gamma      22 [81]    
                                -0.524     0.237    -1.404     1.517     0.000
 86      K_L0     130 [50]    
                                 0.244    -0.160     0.254     0.630     0.498
 90     gamma      22 [88]    
                                 0.039     0.133     0.046     0.146     0.000
 91     gamma      22 [88]    
                                -0.017    -0.019    -0.023     0.034     0.000
 92     gamma      22 [89]    
                                 0.004    -0.005     0.037     0.037     0.000
 93     gamma      22 [89]    
                                 0.126    -0.335     0.064     0.364     0.000
 97       pi+     211 [96]    
                                 0.187    -0.533    -0.062     0.585     0.140
 98       pi-    -211 [96]    
                                -0.176    -0.208     0.031     0.308     0.140
 99     gamma      22 [95]    
                                 0.206    -0.463     0.013     0.507     0.000
100     gamma      22 [95]    
                                 0.111    -0.515     0.098     0.536     0.000
104     gamma      22 [102]    
                                -0.114    -0.060    -0.510     0.526     0.000
105     gamma      22 [102]    
                                -0.317    -0.069    -0.683     0.756     0.000
106     gamma      22 [103]    
                                 0.057    -0.058    -0.321     0.331     0.000
107     gamma      22 [103]    
                                 0.000    -0.085    -0.070     0.110     0.000
108        K+     321 [53]    
                                -0.001    -0.185    -0.617     0.812     0.494
109       pi-    -211 [53]    
                                 0.393     0.105    -0.271     0.508     0.140
110     gamma      22 [54]    
                                 0.485    -0.023    -3.287     3.323     0.000
111     gamma      22 [54]    
                                 0.072    -0.029    -0.287     0.298     0.000
114        K-    -321 [112]    
                                 0.065    -0.394    -0.536     0.831     0.494
115       pi+     211 [112]    
                                -0.390    -0.056    -0.709     0.823     0.140
116     gamma      22 [113]    
                                 0.091    -0.001    -0.121     0.152     0.000
117     gamma      22 [113]    
                                 0.131     0.179    -0.213     0.307     0.000
118       pi+     211 [56]    
                                 0.027    -0.482     1.277     1.372     0.140
119       pi-    -211 [56]    
                                -0.296     0.094     1.610     1.646     0.140
121       pi+     211 [59]    
                                 0.135    -0.119    -0.064     0.236     0.140
124       pi+     211 [122]    
                                 0.286     0.541     0.216     0.664     0.140
125       pi-    -211 [122]    
                                -0.209     0.202    -0.007     0.323     0.140
126     gamma      22 [123]    
                                -0.071     0.120    -0.020     0.141     0.000
127     gamma      22 [123]    
                                 0.060     0.181    -0.015     0.191     0.000
------------------------------------------------------------------------------
     Sum of momenta:            -2e-05    -1e-05    -3e-05        33        33

The following exception classes were reported in this run:
ThePEG::EventHandler::ConsistencyException warning (1 times)
ThePEG::LesHouchesReader::LesHouchesReopenWarning warning (1 times)
