>>>>>>>>>>>>>>>>>>>>>>>>>>>>>>>>>>>>>>>>>>>>>>>>>>>>>>>>>>>>>>>>>>>>>>>>>>>>>>
>>>> Toolkit for HEP Event Generation - ThePEG 2.2.0 <<<<<<<<<<<<<<<<<<<<<<<<<
>>>> Tue Jun 30 00:31:28 2020                                             <<<<
<<<<<<<<<<<<<<<<<<<<<<<<<<<<<<<<<<<<<<<<<<<<<<<<<<<<<<<<<<<<<<<<<<<<<<<<<<<<<<

>> Herwig 7.2.0 / ThePEG 2.2.0

/Herwig/EventHandlers/NoCuts:
MHat  = 2 .. 24.9239 GeV
Scale = 0 .. 1e+12 GeV2
YHat  = -100 .. 100
X1    = 0 .. 1
X2    = 0 .. 1

* A warning exception of type ThePEG::LesHouchesReader::LesHouchesReopenWarning occurred while generating event number 1: 
Reopening LesHouchesReader 'myReader' after accessing 2 events out of 1
* A warning exception of type ThePEG::EventHandler::ConsistencyException occurred while generating event number 1: 
Event handler 'myLesHouchesHandler' found energy-momentum non-conservation by (-2e-05,-2e-05,-2e-05;9.99949e-06) GeV after generating step number 4.

******************************************************************************
Event number 1 (id: ./OUTPUT/0.95MB1.05/1515259493/TMP/Cluster_HERWIGOutput_19) performed by myLesHouchesHandler
Weight: 1
==============================================================================

--- Colliding particles:
  1        e-      11  (3)   
                                 6.231     0.000     0.000     6.231     0.000
  2        e+     -11  (3)   
                                -6.231     0.000    -0.000     6.231     0.000
------------------------------------------------------------------------------
Primary sub-process performed by myReader
--- incoming:
  1        e-      11  (3)   
                                 6.231     0.000     0.000     6.231     0.000
  2        e+     -11  (3)   
                                -6.231     0.000    -0.000     6.231     0.000
--- intermediates:
  3     gamma      22 [1,2] (4..7)   
                                 0.000     0.000     0.000    12.462    12.462
--- outgoing:
  4         g      21 [3] (8)  7>>7 {+1,-2}
                                 1.301     0.533    -0.530     1.503     0.000
  5         g      21 [3] (11)  6>>6 {+3,-4}
                                 0.980    -2.035    -2.675     3.501     0.000
  6         g      21 [3] (12)  5>>5 {+4,-3}
                                -0.524    -0.549    -1.698     1.860     0.000
  7         g      21 [3] (13)  4>>4 {+2,-1}
                                -1.757     2.051     4.904     5.598     0.000
------------------------------------------------------------------------------
Step 1 performed by myLesHouchesHandler
--- intermediates:
  1        e-      11  (3)   
                                 6.231     0.000     0.000     6.231     0.000
  2        e+     -11  (3)   
                                -6.231     0.000    -0.000     6.231     0.000
  3     gamma      22 [1,2] (4..7)   
                                 0.000     0.000     0.000    12.462    12.462
--- final:
  4         g      21 [3] (8)  7>>7 {+1,-2}
                                 1.301     0.533    -0.530     1.503     0.000
  5         g      21 [3] (11)  6>>6 {+3,-4}
                                 0.980    -2.035    -2.675     3.501     0.000
  6         g      21 [3] (12)  5>>5 {+4,-3}
                                -0.524    -0.549    -1.698     1.860     0.000
  7         g      21 [3] (13)  4>>4 {+2,-1}
                                -1.757     2.051     4.904     5.598     0.000
------------------------------------------------------------------------------
     Sum of momenta:            -3e-05    -2e-05    -2e-05      12.5      12.5
------------------------------------------------------------------------------
Step 2 performed by ShowerHandler
--- intermediates:
  8         g      21 [4] (9,10)   {+1,-2}
                                 1.033     0.424    -0.421     3.219     2.989
--- final:
  9         g      21 [8] (20,21)  10>>13 {+1,-5}
                                 1.721     0.184    -0.088     1.976     0.950
 10         g      21 [8] (22,23)  13>>9 {+5,-2}
                                -0.687     0.239    -0.334     1.242     0.950
 11         g      21 [5] (14,15)  12>>12 {+3,-4}
                                 0.779    -1.617    -2.125     2.939     0.950
 12         g      21 [6] (16,17)  11>>11 {+4,-3}
                                -0.417    -0.436    -1.349     1.757     0.950
 13         g      21 [7] (18,19)  9>>10 {+2,-1}
                                -1.396     1.629     3.896     4.548     0.950
------------------------------------------------------------------------------
     Sum of momenta:            -3e-05    -2e-05    -2e-05      12.5      12.5
------------------------------------------------------------------------------
Step 3 performed by ClusterHadHandler
--- intermediates:
 14         u       2 [11] (24)   {+3}
                                 0.274    -0.554    -0.340     0.777     0.325
 15      ubar      -2 [11] (25)   {-4}
                                 0.504    -1.063    -1.785     2.162     0.325
 16         s       3 [12] (25)   {+4}
                                -0.328    -0.155    -0.584     0.822     0.450
 17      sbar      -3 [12] (24)   {-3}
                                -0.089    -0.281    -0.765     0.935     0.450
 18         u       2 [13] (26)   {+2}
                                -1.237     1.090     2.556     3.059     0.325
 19      ubar      -2 [13] (27)   {-1}
                                -0.159     0.539     1.340     1.488     0.325
 20         u       2 [9] (27)   {+1}
                                 0.297    -0.001    -0.231     0.497     0.325
 21      ubar      -2 [9] (28)   {-5}
                                 1.424     0.185     0.143     1.479     0.325
 22         u       2 [10] (28)   {+5}
                                 0.030     0.002     0.057     0.331     0.325
 23      ubar      -2 [10] (26)   {-2}
                                -0.718     0.237    -0.391     0.911     0.325
 24   Cluster      81 [14,17] (37,38)   
                                 0.186    -0.834    -1.105     1.712     0.989
 25   Cluster      81 [15,16] (31,32)   
                                 0.177    -1.218    -2.369     2.984     1.333
 26   Cluster      81 [18,23] (33,34)   
                                -1.955     1.328     2.165     3.970     2.343
 27   Cluster      81 [19,20] (35,36)   
                                 0.138     0.538     1.109     1.986     1.551
 28   Cluster      81 [21,22] (29,30)   
                                 1.454     0.187     0.201     1.810     1.043
--- final:
 29       pi-    -211 [28]    
                                 0.769     0.011     0.601     0.986     0.140
 30       pi+     211 [28]    
                                 0.685     0.176    -0.400     0.825     0.140
 31       pi-    -211 [25]    
                                -0.168    -0.592    -0.573     0.852     0.140
 32    K*bar0    -313 [25] (39,40)   
                                 0.345    -0.626    -1.797     2.132     0.898
 33       pi0     111 [26] (41,42)   
                                -1.004     0.434     0.052     1.104     0.135
 34 eta(1405) 9020221 [26] (43,44)   
                                -0.950     0.893     2.113     2.866     1.431
 35      eta'     331 [27] (49..51)   
                                 0.348    -0.034     0.627     1.197     0.958
 36       pi0     111 [27] (65,66)   
                                -0.210     0.572     0.482     0.788     0.135
 37       pi+     211 [24]    
                                -0.127    -0.665    -0.517     0.863     0.140
 38        K0     311 [24] (67)   
                                 0.312    -0.169    -0.588     0.848     0.498
------------------------------------------------------------------------------
     Sum of momenta:            -3e-05    -2e-05    -2e-05      12.5      12.5
------------------------------------------------------------------------------
Step 4 performed by DecayHandler
--- intermediates:
 43      a_00 9000111 [34] (45,46)   
                                -0.395     0.448     1.267     1.752     1.053
 44       pi0     111 [34] (47,48)   
                                -0.555     0.446     0.846     1.114     0.135
 49       pi0     111 [35] (52,53)   
                                -0.078     0.038     0.034     0.164     0.135
 50       pi0     111 [35] (54,55)   
                                 0.029    -0.013     0.012     0.139     0.135
 51       eta     221 [35] (56..58)   
                                 0.398    -0.059     0.581     0.894     0.548
 56       pi0     111 [51] (59,60)   
                                 0.046     0.075     0.204     0.260     0.135
 57       pi0     111 [51] (61,62)   
                                 0.321    -0.071     0.292     0.460     0.135
 58       pi0     111 [51] (63,64)   
                                 0.031    -0.062     0.085     0.174     0.135
 67      K_S0     310 [38] (68,69)   
                                 0.312    -0.169    -0.588     0.848     0.498
--- final:
 29       pi-    -211 [28]    
                                 0.769     0.011     0.601     0.986     0.140
 30       pi+     211 [28]    
                                 0.685     0.176    -0.400     0.825     0.140
 31       pi-    -211 [25]    
                                -0.168    -0.592    -0.573     0.852     0.140
 37       pi+     211 [24]    
                                -0.127    -0.665    -0.517     0.863     0.140
 39        K-    -321 [32]    
                                 0.009    -0.554    -1.428     1.609     0.494
 40       pi+     211 [32]    
                                 0.336    -0.073    -0.369     0.523     0.140
 41     gamma      22 [33]    
                                -0.485     0.230     0.090     0.544     0.000
 42     gamma      22 [33]    
                                -0.519     0.204    -0.039     0.559     0.000
 45        K+     321 [43]    
                                -0.389     0.228     0.653     0.935     0.494
 46        K-    -321 [43]    
                                -0.007     0.219     0.614     0.818     0.494
 47     gamma      22 [44]    
                                -0.230     0.124     0.379     0.460     0.000
 48     gamma      22 [44]    
                                -0.325     0.321     0.467     0.654     0.000
 52     gamma      22 [49]    
                                -0.077     0.079     0.048     0.120     0.000
 53     gamma      22 [49]    
                                -0.001    -0.041    -0.015     0.044     0.000
 54     gamma      22 [50]    
                                -0.044    -0.031    -0.021     0.057     0.000
 55     gamma      22 [50]    
                                 0.073     0.018     0.033     0.082     0.000
 59     gamma      22 [56]    
                                 0.011     0.110     0.151     0.187     0.000
 60     gamma      22 [56]    
                                 0.035    -0.035     0.054     0.073     0.000
 61     gamma      22 [57]    
                                 0.234    -0.050     0.124     0.269     0.000
 62     gamma      22 [57]    
                                 0.087    -0.021     0.168     0.191     0.000
 63     gamma      22 [58]    
                                -0.019     0.009     0.084     0.087     0.000
 64     gamma      22 [58]    
                                 0.049    -0.072     0.001     0.087     0.000
 65     gamma      22 [36]    
                                -0.022     0.151     0.186     0.241     0.000
 66     gamma      22 [36]    
                                -0.188     0.421     0.295     0.547     0.000
 68       pi+     211 [67]    
                                 0.296    -0.247    -0.267     0.490     0.140
 69       pi-    -211 [67]    
                                 0.016     0.078    -0.321     0.359     0.140
------------------------------------------------------------------------------
     Sum of momenta:            -3e-05    -2e-05    -2e-05      12.5      12.5

The following exception classes were reported in this run:
ThePEG::EventHandler::ConsistencyException warning (1 times)
ThePEG::LesHouchesReader::LesHouchesReopenWarning warning (1 times)
