>>>>>>>>>>>>>>>>>>>>>>>>>>>>>>>>>>>>>>>>>>>>>>>>>>>>>>>>>>>>>>>>>>>>>>>>>>>>>>
>>>> Toolkit for HEP Event Generation - ThePEG 2.2.0 <<<<<<<<<<<<<<<<<<<<<<<<<
>>>> Tue Jun 30 00:53:22 2020                                             <<<<
<<<<<<<<<<<<<<<<<<<<<<<<<<<<<<<<<<<<<<<<<<<<<<<<<<<<<<<<<<<<<<<<<<<<<<<<<<<<<<

>> Herwig 7.2.0 / ThePEG 2.2.0

/Herwig/EventHandlers/NoCuts:
MHat  = 2 .. 14.4518 GeV
Scale = 0 .. 1e+12 GeV2
YHat  = -100 .. 100
X1    = 0 .. 1
X2    = 0 .. 1

* A warning exception of type ThePEG::LesHouchesReader::LesHouchesReopenWarning occurred while generating event number 1: 
Reopening LesHouchesReader 'myReader' after accessing 2 events out of 1
* A warning exception of type ThePEG::EventHandler::ConsistencyException occurred while generating event number 1: 
Event handler 'myLesHouchesHandler' found energy-momentum non-conservation by (-2e-05,-2e-05,-2e-05;9.9993e-06) GeV after generating step number 4.

******************************************************************************
Event number 1 (id: ./OUTPUT/0.95MB1.05/1515259493/TMP/Cluster_HERWIGOutput_32) performed by myLesHouchesHandler
Weight: 1
==============================================================================

--- Colliding particles:
  1        e-      11  (3)   
                                 3.613     0.000     0.000     3.613     0.000
  2        e+     -11  (3)   
                                -3.613     0.000     0.000     3.613     0.000
------------------------------------------------------------------------------
Primary sub-process performed by myReader
--- incoming:
  1        e-      11  (3)   
                                 3.613     0.000     0.000     3.613     0.000
  2        e+     -11  (3)   
                                -3.613     0.000     0.000     3.613     0.000
--- intermediates:
  3     gamma      22 [1,2] (4..7)   
                                 0.000     0.000     0.000     7.226     7.226
--- outgoing:
  4         g      21 [3] (8)  7>>5 {+1,-2}
                                 0.622    -0.863    -1.707     2.011     0.000
  5         g      21 [3] (9)  4>>6 {+3,-1}
                                -0.030    -0.157    -1.539     1.548     0.000
  6         g      21 [3] (10)  5>>7 {+4,-3}
                                -0.600     1.070     1.585     2.004     0.000
  7         g      21 [3] (11)  6>>4 {+2,-4}
                                 0.009    -0.051     1.662     1.662     0.000
------------------------------------------------------------------------------
Step 1 performed by myLesHouchesHandler
--- intermediates:
  1        e-      11  (3)   
                                 3.613     0.000     0.000     3.613     0.000
  2        e+     -11  (3)   
                                -3.613     0.000     0.000     3.613     0.000
  3     gamma      22 [1,2] (4..7)   
                                 0.000     0.000     0.000     7.226     7.226
--- final:
  4         g      21 [3] (8)  7>>5 {+1,-2}
                                 0.622    -0.863    -1.707     2.011     0.000
  5         g      21 [3] (9)  4>>6 {+3,-1}
                                -0.030    -0.157    -1.539     1.548     0.000
  6         g      21 [3] (10)  5>>7 {+4,-3}
                                -0.600     1.070     1.585     2.004     0.000
  7         g      21 [3] (11)  6>>4 {+2,-4}
                                 0.009    -0.051     1.662     1.662     0.000
------------------------------------------------------------------------------
     Sum of momenta:            -3e-05    -2e-05    -2e-05      7.23      7.23
------------------------------------------------------------------------------
Step 2 performed by ShowerHandler
--- final:
  8         g      21 [4] (12,13)  11>>9 {+1,-2}
                                 0.528    -0.733    -1.449     1.954     0.950
  9         g      21 [5] (14,15)  8>>10 {+3,-1}
                                -0.026    -0.133    -1.307     1.621     0.950
 10         g      21 [6] (16,17)  9>>11 {+4,-3}
                                -0.510     0.909     1.345     1.949     0.950
 11         g      21 [7] (18,19)  10>>8 {+2,-4}
                                 0.007    -0.043     1.411     1.701     0.950
------------------------------------------------------------------------------
     Sum of momenta:            -3e-05    -2e-05    -2e-05      7.23      7.23
------------------------------------------------------------------------------
Step 3 performed by ClusterHadHandler
--- intermediates:
 12         d       1 [8] (20)   {+1}
                                 0.197    -0.634    -0.498     0.891     0.325
 13      dbar      -1 [8] (23)   {-2}
                                 0.332    -0.099    -0.952     1.063     0.325
 14         d       1 [9] (23)   {+3}
                                -0.170    -0.348    -0.939     1.067     0.325
 15      dbar      -1 [9] (20)   {-1}
                                 0.144     0.215    -0.367     0.554     0.325
 16         s       3 [10] (21)   {+4}
                                -0.371     0.484     0.576     0.952     0.450
 17      sbar      -3 [10] (22)   {-3}
                                -0.139     0.425     0.769     0.997     0.450
 18         d       1 [11] (22)   {+2}
                                 0.029    -0.094     0.106     0.356     0.325
 19      dbar      -1 [11] (21)   {-4}
                                -0.021     0.051     1.305     1.346     0.325
 20   Cluster      81 [12,15] (24,25)   
                                 0.341    -0.419    -0.865     1.445     1.024
 21   Cluster      81 [16,19] (28,29)   
                                -0.392     0.534     1.881     2.298     1.141
 22   Cluster      81 [17,18] (26,27)   
                                -0.110     0.331     0.875     1.353     0.970
 23   Cluster      81 [13,14] (30,31)   
                                 0.162    -0.447    -1.891     2.130     0.858
--- final:
 24      rho-    -213 [20] (32,33)   
                                 0.072    -0.375    -0.725     1.109     0.747
 25       pi+     211 [20]    
                                 0.268    -0.043    -0.140     0.336     0.140
 26       pi-    -211 [22]    
                                -0.156     0.090    -0.087     0.244     0.140
 27        K+     321 [22]    
                                 0.045     0.242     0.962     1.109     0.494
 28       K*-    -323 [21] (36,37)   
                                -0.410     0.546     1.527     1.917     0.935
 29       pi+     211 [21]    
                                 0.018    -0.012     0.354     0.381     0.140
 30       pi-    -211 [23]    
                                 0.278    -0.373    -1.871     1.933     0.140
 31       pi+     211 [23]    
                                -0.116    -0.074    -0.020     0.197     0.140
------------------------------------------------------------------------------
     Sum of momenta:            -3e-05    -2e-05    -2e-05      7.23      7.23
------------------------------------------------------------------------------
Step 4 performed by DecayHandler
--- intermediates:
 32       pi0     111 [24] (34,35)   
                                 0.332    -0.032    -0.463     0.586     0.135
 36     Kbar0    -311 [28] (38)   
                                -0.472     0.532     1.534     1.763     0.498
 38      K_S0     310 [36] (39,40)   
                                -0.472     0.532     1.534     1.763     0.498
--- final:
 25       pi+     211 [20]    
                                 0.268    -0.043    -0.140     0.336     0.140
 26       pi-    -211 [22]    
                                -0.156     0.090    -0.087     0.244     0.140
 27        K+     321 [22]    
                                 0.045     0.242     0.962     1.109     0.494
 29       pi+     211 [21]    
                                 0.018    -0.012     0.354     0.381     0.140
 30       pi-    -211 [23]    
                                 0.278    -0.373    -1.871     1.933     0.140
 31       pi+     211 [23]    
                                -0.116    -0.074    -0.020     0.197     0.140
 33       pi-    -211 [24]    
                                -0.259    -0.344    -0.262     0.523     0.140
 34     gamma      22 [32]    
                                 0.337    -0.033    -0.469     0.578     0.000
 35     gamma      22 [32]    
                                -0.006     0.001     0.005     0.008     0.000
 37       pi-    -211 [28]    
                                 0.062     0.015    -0.007     0.154     0.140
 39       pi+     211 [38]    
                                -0.387     0.474     0.849     1.056     0.140
 40       pi-    -211 [38]    
                                -0.085     0.058     0.685     0.706     0.140
------------------------------------------------------------------------------
     Sum of momenta:            -3e-05    -2e-05    -2e-05      7.23      7.23

The following exception classes were reported in this run:
ThePEG::EventHandler::ConsistencyException warning (1 times)
ThePEG::LesHouchesReader::LesHouchesReopenWarning warning (1 times)
