>>>>>>>>>>>>>>>>>>>>>>>>>>>>>>>>>>>>>>>>>>>>>>>>>>>>>>>>>>>>>>>>>>>>>>>>>>>>>>
>>>> Toolkit for HEP Event Generation - ThePEG 2.2.0 <<<<<<<<<<<<<<<<<<<<<<<<<
>>>> Tue Jun 30 00:24:49 2020                                             <<<<
<<<<<<<<<<<<<<<<<<<<<<<<<<<<<<<<<<<<<<<<<<<<<<<<<<<<<<<<<<<<<<<<<<<<<<<<<<<<<<

>> Herwig 7.2.0 / ThePEG 2.2.0

/Herwig/EventHandlers/NoCuts:
MHat  = 2 .. 17.6133 GeV
Scale = 0 .. 1e+12 GeV2
YHat  = -100 .. 100
X1    = 0 .. 1
X2    = 0 .. 1

* A warning exception of type ThePEG::LesHouchesReader::LesHouchesReopenWarning occurred while generating event number 1: 
Reopening LesHouchesReader 'myReader' after accessing 2 events out of 1
* A warning exception of type ThePEG::EventHandler::ConsistencyException occurred while generating event number 1: 
Event handler 'myLesHouchesHandler' found energy-momentum non-conservation by (-2e-05,-3e-05,-3e-05;9.99936e-06) GeV after generating step number 4.

******************************************************************************
Event number 1 (id: ./OUTPUT/0.95MB1.05/1513254215/TMP/Cluster_HERWIGOutput_11) performed by myLesHouchesHandler
Weight: 1
==============================================================================

--- Colliding particles:
  1        e-      11  (3)   
                                 4.403     0.000     0.000     4.403     0.000
  2        e+     -11  (3)   
                                -4.403     0.000    -0.000     4.403     0.000
------------------------------------------------------------------------------
Primary sub-process performed by myReader
--- incoming:
  1        e-      11  (3)   
                                 4.403     0.000     0.000     4.403     0.000
  2        e+     -11  (3)   
                                -4.403     0.000    -0.000     4.403     0.000
--- intermediates:
  3     gamma      22 [1,2] (4..8)   
                                -0.000     0.000     0.000     8.807     8.807
--- outgoing:
  4         g      21 [3] (9)  8>>6 {+1,-2}
                                -1.070    -1.633    -1.135     2.258     0.000
  5         g      21 [3] (10)  7>>8 {+3,-4}
                                -1.146     0.795    -0.101     1.399     0.000
  6         g      21 [3] (11)  4>>7 {+5,-1}
                                 1.400    -0.137    -0.949     1.697     0.000
  7         g      21 [3] (12)  6>>5 {+4,-5}
                                 1.175     1.273     0.652     1.851     0.000
  8         g      21 [3] (13)  5>>4 {+2,-3}
                                -0.359    -0.298     1.533     1.602     0.000
------------------------------------------------------------------------------
Step 1 performed by myLesHouchesHandler
--- intermediates:
  1        e-      11  (3)   
                                 4.403     0.000     0.000     4.403     0.000
  2        e+     -11  (3)   
                                -4.403     0.000    -0.000     4.403     0.000
  3     gamma      22 [1,2] (4..8)   
                                -0.000     0.000     0.000     8.807     8.807
--- final:
  4         g      21 [3] (9)  8>>6 {+1,-2}
                                -1.070    -1.633    -1.135     2.258     0.000
  5         g      21 [3] (10)  7>>8 {+3,-4}
                                -1.146     0.795    -0.101     1.399     0.000
  6         g      21 [3] (11)  4>>7 {+5,-1}
                                 1.400    -0.137    -0.949     1.697     0.000
  7         g      21 [3] (12)  6>>5 {+4,-5}
                                 1.175     1.273     0.652     1.851     0.000
  8         g      21 [3] (13)  5>>4 {+2,-3}
                                -0.359    -0.298     1.533     1.602     0.000
------------------------------------------------------------------------------
     Sum of momenta:            -3e-05    -3e-05    -3e-05      8.81      8.81
------------------------------------------------------------------------------
Step 2 performed by ShowerHandler
--- final:
  9         g      21 [4] (14,15)  13>>11 {+1,-2}
                                -0.898    -1.370    -0.952     2.119     0.950
 10         g      21 [5] (16,17)  12>>13 {+3,-4}
                                -0.962     0.667    -0.085     1.510     0.950
 11         g      21 [6] (18,19)  9>>12 {+5,-1}
                                 1.175    -0.115    -0.796     1.711     0.950
 12         g      21 [7] (20,21)  11>>10 {+4,-5}
                                 0.986     1.068     0.547     1.820     0.950
 13         g      21 [8] (22,23)  10>>9 {+2,-3}
                                -0.301    -0.250     1.286     1.646     0.950
------------------------------------------------------------------------------
     Sum of momenta:            -3e-05    -3e-05    -3e-05      8.81      8.81
------------------------------------------------------------------------------
Step 3 performed by ClusterHadHandler
--- intermediates:
 14         s       3 [9] (28)   {+1}
                                -0.612    -0.714    -0.607     1.207     0.450
 15      sbar      -3 [9] (26)   {-2}
                                -0.286    -0.656    -0.344     0.912     0.450
 16         d       1 [10] (24)   {+3}
                                -0.434     0.239    -0.376     0.702     0.325
 17      dbar      -1 [10] (27)   {-4}
                                -0.528     0.428     0.292     0.808     0.325
 18         d       1 [11] (26)   {+5}
                                 0.188     0.048    -0.484     0.615     0.325
 19      dbar      -1 [11] (28)   {-1}
                                 0.987    -0.163    -0.312     1.097     0.325
 20         u       2 [12] (27)   {+4}
                                 0.701     1.011     0.261     1.299     0.325
 21      ubar      -2 [12] (25)   {-5}
                                 0.285     0.056     0.286     0.521     0.325
 22         s       3 [13] (25)   {+2}
                                -0.126    -0.124     0.874     0.999     0.450
 23      sbar      -3 [13] (24)   {-3}
                                -0.175    -0.126     0.411     0.647     0.450
 24   Cluster      81 [16,23] (29,30)   
                                -0.609     0.113     0.035     1.349     1.198
 25   Cluster      81 [21,22] (33,34)   
                                 0.159    -0.068     1.160     1.520     0.968
 26   Cluster      81 [15,18] (35,36)   
                                -0.098    -0.607    -0.829     1.527     1.126
 27   Cluster      81 [17,20] (37,38)   
                                 0.173     1.439     0.553     2.107     1.425
 28   Cluster      81 [14,19] (31,32)   
                                 0.375    -0.877    -0.919     2.304     1.884
--- final:
 29       pi-    -211 [24]    
                                -0.721     0.257    -0.147     0.792     0.140
 30        K+     321 [24]    
                                 0.112    -0.144     0.182     0.557     0.494
 31      K'*- -100323 [28] (39,40)   
                                 0.202    -1.023    -1.003     2.025     1.417
 32       pi+     211 [28]    
                                 0.173     0.146     0.084     0.279     0.140
 33     Kbar0    -311 [25] (43)   
                                -0.187    -0.225     0.719     0.922     0.498
 34       pi-    -211 [25]    
                                 0.346     0.157     0.441     0.599     0.140
 35       pi-    -211 [26]    
                                 0.078    -0.120    -0.275     0.340     0.140
 36       K*+     323 [26] (44,45)   
                                -0.176    -0.487    -0.553     1.187     0.913
 37      a_00 9000111 [27] (49,50)   
                                 0.320     0.596     0.280     1.197     0.947
 38       pi+     211 [27]    
                                -0.147     0.844     0.273     0.910     0.140
------------------------------------------------------------------------------
     Sum of momenta:            -3e-05    -3e-05    -3e-05      8.81      8.81
------------------------------------------------------------------------------
Step 4 performed by DecayHandler
--- intermediates:
 39    K*bar0    -313 [31] (41,42)   
                                 0.200    -0.364    -0.227     0.997     0.878
 44        K0     311 [36] (46)   
                                -0.230    -0.615    -0.548     0.990     0.498
 46      K_S0     310 [44] (47,48)   
                                -0.230    -0.615    -0.548     0.990     0.498
 49       eta     221 [37] (51..53)   
                                 0.454     0.502     0.032     0.871     0.548
 50       pi0     111 [37] (60,61)   
                                -0.134     0.094     0.248     0.326     0.135
 51       pi0     111 [49] (54,55)   
                                 0.144     0.345    -0.042     0.400     0.135
 52       pi0     111 [49] (56,57)   
                                 0.122    -0.002     0.004     0.182     0.135
 53       pi0     111 [49] (58,59)   
                                 0.189     0.158     0.071     0.290     0.135
--- final:
 29       pi-    -211 [24]    
                                -0.721     0.257    -0.147     0.792     0.140
 30        K+     321 [24]    
                                 0.112    -0.144     0.182     0.557     0.494
 32       pi+     211 [28]    
                                 0.173     0.146     0.084     0.279     0.140
 34       pi-    -211 [25]    
                                 0.346     0.157     0.441     0.599     0.140
 35       pi-    -211 [26]    
                                 0.078    -0.120    -0.275     0.340     0.140
 38       pi+     211 [27]    
                                -0.147     0.844     0.273     0.910     0.140
 40       pi-    -211 [31]    
                                 0.001    -0.660    -0.775     1.028     0.140
 41        K-    -321 [39]    
                                 0.244    -0.461    -0.010     0.718     0.494
 42       pi+     211 [39]    
                                -0.044     0.097    -0.217     0.279     0.140
 43      K_L0     130 [33]    
                                -0.187    -0.225     0.719     0.922     0.498
 45       pi+     211 [36]    
                                 0.054     0.128    -0.005     0.197     0.140
 47       pi+     211 [46]    
                                -0.159    -0.031    -0.096     0.234     0.140
 48       pi-    -211 [46]    
                                -0.071    -0.584    -0.452     0.755     0.140
 54     gamma      22 [51]    
                                 0.058     0.036    -0.039     0.079     0.000
 55     gamma      22 [51]    
                                 0.085     0.310    -0.003     0.321     0.000
 56     gamma      22 [52]    
                                 0.087     0.012     0.066     0.110     0.000
 57     gamma      22 [52]    
                                 0.035    -0.013    -0.062     0.072     0.000
 58     gamma      22 [53]    
                                 0.028    -0.024    -0.001     0.036     0.000
 59     gamma      22 [53]    
                                 0.162     0.182     0.072     0.253     0.000
 60     gamma      22 [50]    
                                -0.131     0.042     0.235     0.272     0.000
 61     gamma      22 [50]    
                                -0.003     0.052     0.013     0.054     0.000
------------------------------------------------------------------------------
     Sum of momenta:            -3e-05    -3e-05    -3e-05      8.81      8.81

The following exception classes were reported in this run:
ThePEG::EventHandler::ConsistencyException warning (1 times)
ThePEG::LesHouchesReader::LesHouchesReopenWarning warning (1 times)
