>>>>>>>>>>>>>>>>>>>>>>>>>>>>>>>>>>>>>>>>>>>>>>>>>>>>>>>>>>>>>>>>>>>>>>>>>>>>>>
>>>> Toolkit for HEP Event Generation - ThePEG 2.2.0 <<<<<<<<<<<<<<<<<<<<<<<<<
>>>> Tue Jun 30 00:39:57 2020                                             <<<<
<<<<<<<<<<<<<<<<<<<<<<<<<<<<<<<<<<<<<<<<<<<<<<<<<<<<<<<<<<<<<<<<<<<<<<<<<<<<<<

>> Herwig 7.2.0 / ThePEG 2.2.0

/Herwig/EventHandlers/NoCuts:
MHat  = 2 .. 29.8193 GeV
Scale = 0 .. 1e+12 GeV2
YHat  = -100 .. 100
X1    = 0 .. 1
X2    = 0 .. 1

* A warning exception of type ThePEG::LesHouchesReader::LesHouchesReopenWarning occurred while generating event number 1: 
Reopening LesHouchesReader 'myReader' after accessing 2 events out of 1
* A warning exception of type ThePEG::EventHandler::ConsistencyException occurred while generating event number 1: 
Event handler 'myLesHouchesHandler' found energy-momentum non-conservation by (-1e-05,-2e-05,-2e-05;1.99993e-05) GeV after generating step number 4.

******************************************************************************
Event number 1 (id: ./OUTPUT/0.95MB1.05/1511630960/TMP/Cluster_HERWIGOutput_30) performed by myLesHouchesHandler
Weight: 1
==============================================================================

--- Colliding particles:
  1        e-      11  (3)   
                                 7.455     0.000     0.000     7.455     0.000
  2        e+     -11  (3)   
                                -7.455     0.000    -0.000     7.455     0.000
------------------------------------------------------------------------------
Primary sub-process performed by myReader
--- incoming:
  1        e-      11  (3)   
                                 7.455     0.000     0.000     7.455     0.000
  2        e+     -11  (3)   
                                -7.455     0.000    -0.000     7.455     0.000
--- intermediates:
  3     gamma      22 [1,2] (4..7)   
                                 0.000     0.000     0.000    14.910    14.910
--- outgoing:
  4         g      21 [3] (8)  5>>5 {+1,-2}
                                -0.244    -0.709     0.039     0.751     0.000
  5         g      21 [3] (9)  4>>4 {+2,-1}
                                -4.291    -0.518     1.984     4.756     0.000
  6         g      21 [3] (10)  7>>7 {+3,-4}
                                 3.236     1.362    -5.025     6.130     0.000
  7         g      21 [3] (11)  6>>6 {+4,-3}
                                 1.300    -0.135     3.001     3.274     0.000
------------------------------------------------------------------------------
Step 1 performed by myLesHouchesHandler
--- intermediates:
  1        e-      11  (3)   
                                 7.455     0.000     0.000     7.455     0.000
  2        e+     -11  (3)   
                                -7.455     0.000    -0.000     7.455     0.000
  3     gamma      22 [1,2] (4..7)   
                                 0.000     0.000     0.000    14.910    14.910
--- final:
  4         g      21 [3] (8)  5>>5 {+1,-2}
                                -0.244    -0.709     0.039     0.751     0.000
  5         g      21 [3] (9)  4>>4 {+2,-1}
                                -4.291    -0.518     1.984     4.756     0.000
  6         g      21 [3] (10)  7>>7 {+3,-4}
                                 3.236     1.362    -5.025     6.130     0.000
  7         g      21 [3] (11)  6>>6 {+4,-3}
                                 1.300    -0.135     3.001     3.274     0.000
------------------------------------------------------------------------------
     Sum of momenta:            -2e-05    -2e-05    -2e-05      14.9      14.9
------------------------------------------------------------------------------
Step 2 performed by ShowerHandler
--- final:
  8         g      21 [4] (12,13)  9>>9 {+1,-2}
                                -0.231    -0.671     0.037     1.186     0.950
  9         g      21 [5] (14,15)  8>>8 {+2,-1}
                                -4.062    -0.491     1.879     4.602     0.950
 10         g      21 [6] (16,17)  11>>11 {+3,-4}
                                 3.063     1.289    -4.757     5.880     0.950
 11         g      21 [7] (18,19)  10>>10 {+4,-3}
                                 1.231    -0.128     2.841     3.241     0.950
------------------------------------------------------------------------------
     Sum of momenta:            -2e-05    -2e-05    -2e-05      14.9      14.9
------------------------------------------------------------------------------
Step 3 performed by ClusterHadHandler
--- intermediates:
 12         d       1 [8] (20)   {+1}
                                -0.160    -0.579     0.306     0.748     0.325
 13      dbar      -1 [8] (22)   {-2}
                                -0.072    -0.092    -0.270     0.438     0.325
 14         u       2 [9] (23)   {+2}
                                -1.201    -0.428     0.489     1.404     0.325
 15      ubar      -2 [9] (20)   {-1}
                                -2.861    -0.063     1.389     3.198     0.325
 16         s       3 [10] (22)   {+3}
                                 1.072     0.395    -1.686     2.086     0.450
 17      sbar      -3 [10] (21)   {-4}
                                 1.991     0.894    -3.071     3.794     0.450
 18         u       2 [11] (21)   {+4}
                                 0.122     0.140     0.677     0.774     0.325
 19      ubar      -2 [11] (23)   {-3}
                                 1.108    -0.268     2.164     2.467     0.325
 20   Cluster      81 [12,15] (30,31)   
                                -3.021    -0.642     1.696     3.946     1.777
 21   Cluster      81 [17,18] (26,27)   
                                 2.113     1.034    -2.394     4.568     3.099
 22   Cluster      81 [13,16] (28,29)   
                                 1.001     0.303    -1.955     2.524     1.206
 23   Cluster      81 [14,19] (24,25)   
                                -0.093    -0.695     2.653     3.871     2.730
--- final:
 24      rho0     113 [23] (32,33)   
                                -0.466     0.037     0.501     0.901     0.586
 25   omega''   30223 [23] (34,35)   
                                 0.373    -0.732     2.153     2.970     1.874
 26 Omegabar+   -3334 [21] (40,41)   
                                 1.433     0.608    -1.832     2.929     1.672
 27       Xi0    3322 [21] (48,49)   
                                 0.680     0.426    -0.561     1.640     1.315
 28       K*-    -323 [22] (54,55)   
                                 0.761     0.209    -1.680     2.123     1.028
 29       pi+     211 [22]    
                                 0.239     0.094    -0.275     0.401     0.140
 30       f_0 9010221 [20] (58,59)   
                                -2.859    -0.222     1.112     3.196     0.869
 31       pi-    -211 [20]    
                                -0.162    -0.420     0.584     0.751     0.140
------------------------------------------------------------------------------
     Sum of momenta:            -2e-05    -2e-05    -2e-05      14.9      14.9
------------------------------------------------------------------------------
Step 4 performed by DecayHandler
--- intermediates:
 34      rho-    -213 [25] (36,37)   
                                 0.615     0.010     0.555     1.187     0.850
 36       pi0     111 [34] (38,39)   
                                -0.131    -0.138    -0.004     0.233     0.135
 40    Xibar0   -3322 [26] (42,43)   
                                 1.200     0.358    -1.803     2.559     1.315
 42Lambdabar0   -3122 [40] (44,45)   
                                 1.018     0.366    -1.377     2.076     1.116
 43       pi0     111 [40] (46,47)   
                                 0.182    -0.007    -0.426     0.483     0.135
 48   Lambda0    3122 [27] (50,51)   
                                 0.653     0.459    -0.593     1.495     1.116
 49       pi0     111 [27] (52,53)   
                                 0.026    -0.032     0.032     0.145     0.135
 55       pi0     111 [28] (56,57)   
                                 0.697     0.007    -0.661     0.970     0.135
 58       pi0     111 [30] (60,61)   
                                -0.241     0.193     0.066     0.344     0.135
 59       pi0     111 [30] (62,63)   
                                -2.617    -0.415     1.046     2.852     0.135
--- final:
 29       pi+     211 [22]    
                                 0.239     0.094    -0.275     0.401     0.140
 31       pi-    -211 [20]    
                                -0.162    -0.420     0.584     0.751     0.140
 32       pi+     211 [24]    
                                 0.088     0.066     0.128     0.219     0.140
 33       pi-    -211 [24]    
                                -0.554    -0.029     0.373     0.683     0.140
 35       pi+     211 [25]    
                                -0.242    -0.742     1.597     1.783     0.140
 37       pi-    -211 [34]    
                                 0.745     0.148     0.560     0.954     0.140
 38     gamma      22 [36]    
                                -0.044    -0.043     0.063     0.088     0.000
 39     gamma      22 [36]    
                                -0.086    -0.095    -0.067     0.145     0.000
 41       pi+     211 [26]    
                                 0.233     0.249    -0.030     0.370     0.140
 44     pbar-   -2212 [42]    
                                 0.876     0.228    -1.079     1.692     0.938
 45       pi+     211 [42]    
                                 0.142     0.138    -0.298     0.384     0.140
 46     gamma      22 [43]    
                                 0.079    -0.067    -0.152     0.184     0.000
 47     gamma      22 [43]    
                                 0.103     0.059    -0.274     0.299     0.000
 50        p+    2212 [48]    
                                 0.503     0.286    -0.503     1.212     0.938
 51       pi-    -211 [48]    
                                 0.150     0.173    -0.090     0.283     0.140
 52     gamma      22 [49]    
                                -0.023    -0.064     0.049     0.084     0.000
 53     gamma      22 [49]    
                                 0.050     0.031    -0.017     0.061     0.000
 54        K-    -321 [28]    
                                 0.064     0.202    -1.020     1.153     0.494
 56     gamma      22 [55]    
                                 0.093    -0.039    -0.063     0.119     0.000
 57     gamma      22 [55]    
                                 0.604     0.046    -0.598     0.851     0.000
 60     gamma      22 [58]    
                                -0.142     0.052     0.080     0.171     0.000
 61     gamma      22 [58]    
                                -0.100     0.141    -0.014     0.173     0.000
 62     gamma      22 [59]    
                                -1.611    -0.190     0.656     1.750     0.000
 63     gamma      22 [59]    
                                -1.006    -0.224     0.390     1.102     0.000
------------------------------------------------------------------------------
     Sum of momenta:            -2e-05    -2e-05    -2e-05      14.9      14.9

The following exception classes were reported in this run:
ThePEG::EventHandler::ConsistencyException warning (1 times)
ThePEG::LesHouchesReader::LesHouchesReopenWarning warning (1 times)
