>>>>>>>>>>>>>>>>>>>>>>>>>>>>>>>>>>>>>>>>>>>>>>>>>>>>>>>>>>>>>>>>>>>>>>>>>>>>>>
>>>> Toolkit for HEP Event Generation - ThePEG 2.2.0 <<<<<<<<<<<<<<<<<<<<<<<<<
>>>> Tue Jun 30 00:58:01 2020                                             <<<<
<<<<<<<<<<<<<<<<<<<<<<<<<<<<<<<<<<<<<<<<<<<<<<<<<<<<<<<<<<<<<<<<<<<<<<<<<<<<<<

>> Herwig 7.2.0 / ThePEG 2.2.0

/Herwig/EventHandlers/NoCuts:
MHat  = 2 .. 56.2212 GeV
Scale = 0 .. 1e+12 GeV2
YHat  = -100 .. 100
X1    = 0 .. 1
X2    = 0 .. 1

* A warning exception of type ThePEG::LesHouchesReader::LesHouchesReopenWarning occurred while generating event number 1: 
Reopening LesHouchesReader 'myReader' after accessing 2 events out of 1
* A warning exception of type ThePEG::EventHandler::ConsistencyException occurred while generating event number 1: 
Event handler 'myLesHouchesHandler' found energy-momentum non-conservation by (-1e-05,-2e-05,-2e-05;1.9999e-05) GeV after generating step number 4.

******************************************************************************
Event number 1 (id: ./OUTPUT/0.95MB1.05/1514252642/TMP/Cluster_HERWIGOutput_23) performed by myLesHouchesHandler
Weight: 1
==============================================================================

--- Colliding particles:
  1        e-      11  (3)   
                                14.055     0.000     0.000    14.055     0.000
  2        e+     -11  (3)   
                               -14.055     0.000    -0.000    14.055     0.000
------------------------------------------------------------------------------
Primary sub-process performed by myReader
--- incoming:
  1        e-      11  (3)   
                                14.055     0.000     0.000    14.055     0.000
  2        e+     -11  (3)   
                               -14.055     0.000    -0.000    14.055     0.000
--- intermediates:
  3     gamma      22 [1,2] (4..8)   
                                 0.000     0.000     0.000    28.111    28.111
--- outgoing:
  4         g      21 [3] (9)  6>>7 {+1,-2}
                                 0.146    -0.162    -0.869     0.896     0.000
  5         g      21 [3] (10)  8>>8 {+3,-4}
                                 1.313    -0.429    -2.723     3.054     0.000
  6         g      21 [3] (11)  7>>4 {+2,-5}
                                -3.948    -3.234    -5.506     7.507     0.000
  7         g      21 [3] (12)  4>>6 {+5,-1}
                                -0.869    -3.506    -0.984     3.744     0.000
  8         g      21 [3] (13)  5>>5 {+4,-3}
                                 3.358     7.332    10.081    12.910     0.000
------------------------------------------------------------------------------
Step 1 performed by myLesHouchesHandler
--- intermediates:
  1        e-      11  (3)   
                                14.055     0.000     0.000    14.055     0.000
  2        e+     -11  (3)   
                               -14.055     0.000    -0.000    14.055     0.000
  3     gamma      22 [1,2] (4..8)   
                                 0.000     0.000     0.000    28.111    28.111
--- final:
  4         g      21 [3] (9)  6>>7 {+1,-2}
                                 0.146    -0.162    -0.869     0.896     0.000
  5         g      21 [3] (10)  8>>8 {+3,-4}
                                 1.313    -0.429    -2.723     3.054     0.000
  6         g      21 [3] (11)  7>>4 {+2,-5}
                                -3.948    -3.234    -5.506     7.507     0.000
  7         g      21 [3] (12)  4>>6 {+5,-1}
                                -0.869    -3.506    -0.984     3.744     0.000
  8         g      21 [3] (13)  5>>5 {+4,-3}
                                 3.358     7.332    10.081    12.910     0.000
------------------------------------------------------------------------------
     Sum of momenta:            -2e-05    -2e-05    -2e-05      28.1      28.1
------------------------------------------------------------------------------
Step 2 performed by ShowerHandler
--- final:
  9         g      21 [4] (14,15)  11>>12 {+1,-2}
                                 0.142    -0.157    -0.844     1.289     0.950
 10         g      21 [5] (16,17)  13>>13 {+3,-4}
                                 1.276    -0.417    -2.647     3.117     0.950
 11         g      21 [6] (18,19)  12>>9 {+2,-5}
                                -3.838    -3.144    -5.352     7.359     0.950
 12         g      21 [7] (20,21)  9>>11 {+5,-1}
                                -0.845    -3.408    -0.956     3.761     0.950
 13         g      21 [8] (22,23)  10>>10 {+4,-3}
                                 3.265     7.127     9.799    12.585     0.950
------------------------------------------------------------------------------
     Sum of momenta:            -2e-05    -2e-05    -2e-05      28.1      28.1
------------------------------------------------------------------------------
Step 3 performed by ClusterHadHandler
--- intermediates:
 14         u       2 [9] (24)   {+1}
                                -0.251    -0.208    -0.370     0.591     0.325
 15      ubar      -2 [9] (25)   {-2}
                                 0.393     0.051    -0.474     0.698     0.325
 16         d       1 [10] (26)   {+3}
                                 0.662    -0.002    -0.741     1.045     0.325
 17      dbar      -1 [10] (27)   {-4}
                                 0.614    -0.415    -1.906     2.071     0.325
 18         s       3 [11] (25)   {+2}
                                -2.412    -1.941    -3.455     4.661     0.450
 19      sbar      -3 [11] (28)   {-5}
                                -1.426    -1.203    -1.897     2.698     0.450
 20         u       2 [12] (28)   {+5}
                                -0.541    -2.752    -0.912     2.967     0.325
 21      ubar      -2 [12] (24)   {-1}
                                -0.304    -0.656    -0.044     0.794     0.325
 22         d       1 [13] (27)   {+4}
                                 0.934     1.514     2.131     2.795     0.325
 23      dbar      -1 [13] (26)   {-3}
                                 2.331     5.613     7.668     9.790     0.325
 24   Cluster      81 [14,21] (37,38)   
                                -0.555    -0.864    -0.415     1.385     0.832
 25   Cluster      81 [15,18] (33,34)   
                                -2.019    -1.891    -3.928     5.358     2.372
 26   Cluster      81 [16,23] (31,32)   
                                 2.993     5.611     6.927    10.836     5.383
 27   Cluster      81 [17,22] (29,30)   
                                 1.548     1.098     0.225     4.866     4.475
 28   Cluster      81 [19,20] (35,36)   
                                -1.967    -3.955    -2.809     5.666     2.168
 29   Cluster      81 [27] (39,40)   
                                 0.299    -0.029    -0.522     0.978     0.771
 30   Cluster      81 [27] (41,42)   
                                 1.249     1.128     0.747     3.888     3.424
 31   Cluster      81 [26] (43,44)   
                                 0.671     0.173    -0.430     1.250     0.947
 32   Cluster      81 [26] (45,46)   
                                 2.322     5.438     7.357     9.585     1.671
--- final:
 33      rho-    -213 [25] (47,48)   
                                -0.283    -0.896    -0.507     1.364     0.849
 34     Kbar0    -311 [25] (51)   
                                -1.736    -0.995    -3.421     3.995     0.498
 35        K0     311 [28] (52)   
                                -1.660    -2.391    -2.636     3.958     0.498
 36      rho+     213 [28] (55,56)   
                                -0.306    -1.564    -0.173     1.707     0.587
 37       pi0     111 [24] (59,60)   
                                -0.631    -0.811    -0.549     1.173     0.135
 38       pi0     111 [24] (61,62)   
                                 0.076    -0.053     0.134     0.212     0.135
 39       pi+     211 [29]    
                                 0.047    -0.093     0.159     0.236     0.140
 40       pi-    -211 [29]    
                                 0.251     0.064    -0.681     0.742     0.140
 41      a_2-    -215 [30] (63,64)   
                                 0.738     1.805     0.566     2.383     1.246
 42      b_1+   10213 [30] (72,73)   
                                 0.511    -0.678     0.180     1.505     1.229
 43       pi-    -211 [31]    
                                 0.431    -0.273     0.059     0.532     0.140
 44       pi+     211 [31]    
                                 0.241     0.447    -0.488     0.718     0.140
 45       pi+     211 [32]    
                                 1.260     1.479     2.435     3.119     0.140
 46      rho-    -213 [32] (80,81)   
                                 1.062     3.959     4.922     6.467     0.892
------------------------------------------------------------------------------
     Sum of momenta:            -2e-05    -2e-05    -2e-05      28.1      28.1
------------------------------------------------------------------------------
Step 4 performed by DecayHandler
--- intermediates:
 47       pi0     111 [33] (49,50)   
                                 0.041    -0.884    -0.258     0.932     0.135
 52      K_S0     310 [35] (53,54)   
                                -1.660    -2.391    -2.636     3.958     0.498
 55       pi0     111 [36] (57,58)   
                                -0.337    -1.496    -0.170     1.549     0.135
 64        K0     311 [41] (65)   
                                -0.003     0.787     0.043     0.932     0.498
 65      K_S0     310 [64] (66,67)   
                                -0.003     0.787     0.043     0.932     0.498
 66       pi0     111 [65] (68,69)   
                                 0.029     0.385    -0.186     0.450     0.135
 67       pi0     111 [65] (70,71)   
                                -0.032     0.402     0.229     0.483     0.135
 72     omega     223 [42] (74,75)   
                                 0.605    -0.209     0.166     1.006     0.759
 74      rho+     213 [72] (76,77)   
                                 0.244    -0.234     0.219     0.615     0.465
 76       pi0     111 [74] (78,79)   
                                 0.211    -0.313     0.102     0.414     0.135
 80       pi0     111 [46] (82,83)   
                                 0.348     1.589     2.603     3.072     0.135
--- final:
 39       pi+     211 [29]    
                                 0.047    -0.093     0.159     0.236     0.140
 40       pi-    -211 [29]    
                                 0.251     0.064    -0.681     0.742     0.140
 43       pi-    -211 [31]    
                                 0.431    -0.273     0.059     0.532     0.140
 44       pi+     211 [31]    
                                 0.241     0.447    -0.488     0.718     0.140
 45       pi+     211 [32]    
                                 1.260     1.479     2.435     3.119     0.140
 48       pi-    -211 [33]    
                                -0.324    -0.012    -0.249     0.432     0.140
 49     gamma      22 [47]    
                                -0.003    -0.691    -0.245     0.733     0.000
 50     gamma      22 [47]    
                                 0.044    -0.194    -0.013     0.199     0.000
 51      K_L0     130 [34]    
                                -1.736    -0.995    -3.421     3.995     0.498
 53       pi+     211 [52]    
                                -0.966    -1.314    -1.739     2.388     0.140
 54       pi-    -211 [52]    
                                -0.694    -1.077    -0.897     1.571     0.140
 56       pi+     211 [36]    
                                 0.030    -0.068    -0.003     0.158     0.140
 57     gamma      22 [55]    
                                -0.006    -0.216    -0.046     0.221     0.000
 58     gamma      22 [55]    
                                -0.330    -1.280    -0.124     1.328     0.000
 59     gamma      22 [37]    
                                 0.003    -0.021    -0.002     0.021     0.000
 60     gamma      22 [37]    
                                -0.634    -0.791    -0.547     1.152     0.000
 61     gamma      22 [38]    
                                -0.001     0.022     0.095     0.097     0.000
 62     gamma      22 [38]    
                                 0.078    -0.074     0.040     0.115     0.000
 63        K-    -321 [41]    
                                 0.742     1.018     0.524     1.451     0.494
 68     gamma      22 [66]    
                                -0.039     0.149    -0.026     0.156     0.000
 69     gamma      22 [66]    
                                 0.068     0.237    -0.160     0.294     0.000
 70     gamma      22 [67]    
                                 0.012     0.080    -0.007     0.081     0.000
 71     gamma      22 [67]    
                                -0.044     0.322     0.236     0.402     0.000
 73       pi+     211 [42]    
                                -0.094    -0.469     0.014     0.498     0.140
 75       pi-    -211 [72]    
                                 0.361     0.025    -0.053     0.392     0.140
 77       pi+     211 [74]    
                                 0.032     0.079     0.117     0.201     0.140
 78     gamma      22 [76]    
                                 0.163    -0.121     0.046     0.208     0.000
 79     gamma      22 [76]    
                                 0.049    -0.192     0.056     0.206     0.000
 81       pi-    -211 [46]    
                                 0.714     2.370     2.319     3.395     0.140
 82     gamma      22 [80]    
                                 0.099     0.594     1.074     1.231     0.000
 83     gamma      22 [80]    
                                 0.248     0.995     1.529     1.841     0.000
------------------------------------------------------------------------------
     Sum of momenta:            -2e-05    -2e-05    -2e-05      28.1      28.1

The following exception classes were reported in this run:
ThePEG::EventHandler::ConsistencyException warning (1 times)
ThePEG::LesHouchesReader::LesHouchesReopenWarning warning (1 times)
