>>>>>>>>>>>>>>>>>>>>>>>>>>>>>>>>>>>>>>>>>>>>>>>>>>>>>>>>>>>>>>>>>>>>>>>>>>>>>>
>>>> Toolkit for HEP Event Generation - ThePEG 2.2.0 <<<<<<<<<<<<<<<<<<<<<<<<<
>>>> Tue Jun 30 00:54:33 2020                                             <<<<
<<<<<<<<<<<<<<<<<<<<<<<<<<<<<<<<<<<<<<<<<<<<<<<<<<<<<<<<<<<<<<<<<<<<<<<<<<<<<<

>> Herwig 7.2.0 / ThePEG 2.2.0

/Herwig/EventHandlers/NoCuts:
MHat  = 2 .. 28.8148 GeV
Scale = 0 .. 1e+12 GeV2
YHat  = -100 .. 100
X1    = 0 .. 1
X2    = 0 .. 1

* A warning exception of type ThePEG::LesHouchesReader::LesHouchesReopenWarning occurred while generating event number 1: 
Reopening LesHouchesReader 'myReader' after accessing 2 events out of 1
* A warning exception of type ThePEG::EventHandler::ConsistencyException occurred while generating event number 1: 
Event handler 'myLesHouchesHandler' found energy-momentum non-conservation by (-2e-05,-2e-05,-2e-05;1.99993e-05) GeV after generating step number 4.

******************************************************************************
Event number 1 (id: ./OUTPUT/0.95MB1.05/1512903328/TMP/Cluster_HERWIGOutput_30) performed by myLesHouchesHandler
Weight: 1
==============================================================================

--- Colliding particles:
  1        e-      11  (3)   
                                 7.204     0.000     0.000     7.204     0.000
  2        e+     -11  (3)   
                                -7.204     0.000     0.000     7.204     0.000
------------------------------------------------------------------------------
Primary sub-process performed by myReader
--- incoming:
  1        e-      11  (3)   
                                 7.204     0.000     0.000     7.204     0.000
  2        e+     -11  (3)   
                                -7.204     0.000     0.000     7.204     0.000
--- intermediates:
  3     gamma      22 [1,2] (4..7)   
                                 0.000     0.000     0.000    14.407    14.407
--- outgoing:
  4         g      21 [3] (8)  5>>6 {+1,-2}
                                 1.452    -1.427    -0.419     2.078     0.000
  5         g      21 [3] (9)  7>>4 {+2,-3}
                                -1.560    -5.064    -1.035     5.398     0.000
  6         g      21 [3] (10)  4>>7 {+4,-1}
                                -0.383     0.443    -0.237     0.632     0.000
  7         g      21 [3] (11)  6>>5 {+3,-4}
                                 0.491     6.047     1.691     6.298     0.000
------------------------------------------------------------------------------
Step 1 performed by myLesHouchesHandler
--- intermediates:
  1        e-      11  (3)   
                                 7.204     0.000     0.000     7.204     0.000
  2        e+     -11  (3)   
                                -7.204     0.000     0.000     7.204     0.000
  3     gamma      22 [1,2] (4..7)   
                                 0.000     0.000     0.000    14.407    14.407
--- final:
  4         g      21 [3] (8)  5>>6 {+1,-2}
                                 1.452    -1.427    -0.419     2.078     0.000
  5         g      21 [3] (9)  7>>4 {+2,-3}
                                -1.560    -5.064    -1.035     5.398     0.000
  6         g      21 [3] (10)  4>>7 {+4,-1}
                                -0.383     0.443    -0.237     0.632     0.000
  7         g      21 [3] (11)  6>>5 {+3,-4}
                                 0.491     6.047     1.691     6.298     0.000
------------------------------------------------------------------------------
     Sum of momenta:            -2e-05    -2e-05    -2e-05      14.4      14.4
------------------------------------------------------------------------------
Step 2 performed by ShowerHandler
--- intermediates:
 11         g      21 [7] (12,13)   {+3,-4}
                                 0.433     5.327     1.490     6.394     3.177
--- final:
  8         g      21 [4] (14,15)  9>>10 {+1,-2}
                                 1.279    -1.257    -0.369     2.063     0.950
  9         g      21 [5] (16,17)  12>>8 {+2,-3}
                                -1.374    -4.461    -0.912     4.850     0.950
 10         g      21 [6] (18,19)  8>>13 {+4,-1}
                                -0.338     0.391    -0.209     1.101     0.950
 12         d       1 [11] (22)  >9 {+3}
                                -1.326     2.532     0.423     2.907     0.325
 13      dbar      -1 [11] (21)  10> {-4}
                                 1.759     2.796     1.067     3.486     0.325
------------------------------------------------------------------------------
     Sum of momenta:            -2e-05    -2e-05    -2e-05      14.4      14.4
------------------------------------------------------------------------------
Step 3 performed by ClusterHadHandler
--- intermediates:
 14         u       2 [8] (23)   {+1}
                                 0.639    -0.638     0.166     0.974     0.325
 15      ubar      -2 [8] (20)   {-2}
                                 0.640    -0.619    -0.536     1.089     0.325
 16         s       3 [9] (20)   {+2}
                                -0.785    -2.080    -0.374     2.299     0.450
 17      sbar      -3 [9] (23)   {-3}
                                -0.589    -2.381    -0.538     2.551     0.450
 18         u       2 [10] (21)   {+4}
                                -0.530     0.263    -0.066     0.678     0.325
 19      ubar      -2 [10] (22)   {-1}
                                 0.192     0.128    -0.143     0.424     0.325
 20   Cluster      81 [15,16] (24,25)   
                                -0.145    -2.699    -0.910     3.388     1.828
 21   Cluster      81 [13,18] (26,27)   
                                 1.229     3.058     1.001     4.164     2.339
 22   Cluster      81 [12,19] (30,31)   
                                -1.135     2.660     0.280     3.331     1.630
 23   Cluster      81 [14,17] (28,29)   
                                 0.050    -3.019    -0.371     3.525     1.781
--- final:
 24     omega     223 [20] (32,33)   
                                -0.456    -0.725    -0.586     1.304     0.790
 25        K-    -321 [20]    
                                 0.311    -1.973    -0.323     2.083     0.494
 26    Delta+    2214 [21] (38,39)   
                                 0.551     0.921     0.622     1.703     1.167
 27     nbar0   -2112 [21]    
                                 0.678     2.138     0.380     2.461     0.940
 28       pi+     211 [23]    
                                -0.454    -0.612     0.074     0.778     0.140
 29       K*0     313 [23] (42,43)   
                                 0.504    -2.407    -0.446     2.747     1.140
 30       pi-    -211 [22]    
                                -0.071     1.028     0.104     1.045     0.140
 31       f_2     225 [22] (49,50)   
                                -1.063     1.632     0.175     2.286     1.184
------------------------------------------------------------------------------
     Sum of momenta:            -2e-05    -2e-05    -2e-05      14.4      14.4
------------------------------------------------------------------------------
Step 4 performed by DecayHandler
--- intermediates:
 32      rho+     213 [24] (34,35)   
                                -0.421    -0.667    -0.558     1.147     0.618
 34       pi0     111 [32] (36,37)   
                                -0.107    -0.549    -0.138     0.591     0.135
 39       pi0     111 [26] (40,41)   
                                 0.138     0.297     0.291     0.458     0.135
 42        K0     311 [29] (44)   
                                 0.209    -1.972     0.000     2.044     0.498
 43       pi0     111 [29] (47,48)   
                                 0.295    -0.435    -0.446     0.703     0.135
 44      K_S0     310 [42] (45,46)   
                                 0.209    -1.972     0.000     2.044     0.498
 49       pi0     111 [31] (51,52)   
                                -0.482     0.429     0.586     0.882     0.135
 50       pi0     111 [31] (53,54)   
                                -0.581     1.202    -0.411     1.404     0.135
--- final:
 25        K-    -321 [20]    
                                 0.311    -1.973    -0.323     2.083     0.494
 27     nbar0   -2112 [21]    
                                 0.678     2.138     0.380     2.461     0.940
 28       pi+     211 [23]    
                                -0.454    -0.612     0.074     0.778     0.140
 30       pi-    -211 [22]    
                                -0.071     1.028     0.104     1.045     0.140
 33       pi-    -211 [24]    
                                -0.035    -0.058    -0.028     0.158     0.140
 35       pi+     211 [32]    
                                -0.314    -0.118    -0.420     0.555     0.140
 36     gamma      22 [34]    
                                -0.116    -0.540    -0.152     0.572     0.000
 37     gamma      22 [34]    
                                 0.009    -0.009     0.014     0.019     0.000
 38        p+    2212 [26]    
                                 0.413     0.624     0.331     1.245     0.938
 40     gamma      22 [39]    
                                 0.077     0.279     0.247     0.381     0.000
 41     gamma      22 [39]    
                                 0.061     0.017     0.044     0.078     0.000
 45       pi+     211 [44]    
                                 0.152    -0.847     0.194     0.893     0.140
 46       pi-    -211 [44]    
                                 0.057    -1.125    -0.194     1.152     0.140
 47     gamma      22 [43]    
                                 0.248    -0.335    -0.277     0.501     0.000
 48     gamma      22 [43]    
                                 0.047    -0.100    -0.169     0.202     0.000
 51     gamma      22 [49]    
                                -0.058     0.109     0.154     0.198     0.000
 52     gamma      22 [49]    
                                -0.424     0.321     0.432     0.685     0.000
 53     gamma      22 [50]    
                                -0.285     0.734    -0.220     0.817     0.000
 54     gamma      22 [50]    
                                -0.297     0.468    -0.191     0.586     0.000
------------------------------------------------------------------------------
     Sum of momenta:            -2e-05    -2e-05    -2e-05      14.4      14.4

The following exception classes were reported in this run:
ThePEG::EventHandler::ConsistencyException warning (1 times)
ThePEG::LesHouchesReader::LesHouchesReopenWarning warning (1 times)
