>>>>>>>>>>>>>>>>>>>>>>>>>>>>>>>>>>>>>>>>>>>>>>>>>>>>>>>>>>>>>>>>>>>>>>>>>>>>>>
>>>> Toolkit for HEP Event Generation - ThePEG 2.2.0 <<<<<<<<<<<<<<<<<<<<<<<<<
>>>> Tue Jun 30 00:51:22 2020                                             <<<<
<<<<<<<<<<<<<<<<<<<<<<<<<<<<<<<<<<<<<<<<<<<<<<<<<<<<<<<<<<<<<<<<<<<<<<<<<<<<<<

>> Herwig 7.2.0 / ThePEG 2.2.0

/Herwig/EventHandlers/NoCuts:
MHat  = 2 .. 23.6545 GeV
Scale = 0 .. 1e+12 GeV2
YHat  = -100 .. 100
X1    = 0 .. 1
X2    = 0 .. 1

* A warning exception of type ThePEG::LesHouchesReader::LesHouchesReopenWarning occurred while generating event number 1: 
Reopening LesHouchesReader 'myReader' after accessing 2 events out of 1
* A warning exception of type ThePEG::EventHandler::ConsistencyException occurred while generating event number 1: 
Event handler 'myLesHouchesHandler' found energy-momentum non-conservation by (-2e-05,-3e-05,-2e-05;9.99949e-06) GeV after generating step number 4.

******************************************************************************
Event number 1 (id: ./OUTPUT/0.95MB1.05/1514773608/TMP/Cluster_HERWIGOutput_28) performed by myLesHouchesHandler
Weight: 1
==============================================================================

--- Colliding particles:
  1        e-      11  (3)   
                                 5.914     0.000    -0.000     5.914     0.000
  2        e+     -11  (3)   
                                -5.914     0.000     0.000     5.914     0.000
------------------------------------------------------------------------------
Primary sub-process performed by myReader
--- incoming:
  1        e-      11  (3)   
                                 5.914     0.000    -0.000     5.914     0.000
  2        e+     -11  (3)   
                                -5.914     0.000     0.000     5.914     0.000
--- intermediates:
  3     gamma      22 [1,2] (4..8)   
                                 0.000     0.000    -0.000    11.827    11.827
--- outgoing:
  4         g      21 [3] (9)  8>>5 {+1,-2}
                                 1.470     0.594    -1.208     1.993     0.000
  5         g      21 [3] (10)  4>>6 {+3,-1}
                                 1.237     0.034     0.007     1.237     0.000
  6         g      21 [3] (11)  5>>7 {+4,-3}
                                -0.267    -1.442     0.440     1.531     0.000
  7         g      21 [3] (12)  6>>8 {+5,-4}
                                -1.162    -0.698     3.461     3.717     0.000
  8         g      21 [3] (13)  7>>4 {+2,-5}
                                -1.278     1.512    -2.701     3.348     0.000
------------------------------------------------------------------------------
Step 1 performed by myLesHouchesHandler
--- intermediates:
  1        e-      11  (3)   
                                 5.914     0.000    -0.000     5.914     0.000
  2        e+     -11  (3)   
                                -5.914     0.000     0.000     5.914     0.000
  3     gamma      22 [1,2] (4..8)   
                                 0.000     0.000    -0.000    11.827    11.827
--- final:
  4         g      21 [3] (9)  8>>5 {+1,-2}
                                 1.470     0.594    -1.208     1.993     0.000
  5         g      21 [3] (10)  4>>6 {+3,-1}
                                 1.237     0.034     0.007     1.237     0.000
  6         g      21 [3] (11)  5>>7 {+4,-3}
                                -0.267    -1.442     0.440     1.531     0.000
  7         g      21 [3] (12)  6>>8 {+5,-4}
                                -1.162    -0.698     3.461     3.717     0.000
  8         g      21 [3] (13)  7>>4 {+2,-5}
                                -1.278     1.512    -2.701     3.348     0.000
------------------------------------------------------------------------------
     Sum of momenta:            -3e-05    -3e-05    -2e-05      11.8      11.8
------------------------------------------------------------------------------
Step 2 performed by ShowerHandler
--- final:
  9         g      21 [4] (14,15)  13>>10 {+1,-2}
                                 1.326     0.536    -1.089     2.034     0.950
 10         g      21 [5] (16,17)  9>>11 {+3,-1}
                                 1.115     0.030     0.006     1.466     0.950
 11         g      21 [6] (18,19)  10>>12 {+4,-3}
                                -0.241    -1.301     0.397     1.676     0.950
 12         g      21 [7] (20,21)  11>>13 {+5,-4}
                                -1.048    -0.630     3.122     3.485     0.950
 13         g      21 [8] (22,23)  12>>9 {+2,-5}
                                -1.153     1.364    -2.436     3.166     0.950
------------------------------------------------------------------------------
     Sum of momenta:            -3e-05    -3e-05    -2e-05      11.8      11.8
------------------------------------------------------------------------------
Step 3 performed by ClusterHadHandler
--- intermediates:
 14         s       3 [9] (24)   {+1}
                                 0.521     0.296    -0.613     0.968     0.450
 15      sbar      -3 [9] (25)   {-2}
                                 0.805     0.241    -0.477     1.066     0.450
 16         d       1 [10] (27)   {+3}
                                 0.596    -0.065    -0.333     0.759     0.325
 17      dbar      -1 [10] (24)   {-1}
                                 0.520     0.095     0.339     0.707     0.325
 18         d       1 [11] (26)   {+4}
                                -0.402    -0.494     0.022     0.716     0.325
 19      dbar      -1 [11] (28)   {-3}
                                 0.161    -0.806     0.375     0.961     0.325
 20         u       2 [12] (28)   {+5}
                                -0.316     0.096     1.059     1.156     0.325
 21      ubar      -2 [12] (26)   {-4}
                                -0.732    -0.726     2.063     2.329     0.325
 22         s       3 [13] (25)   {+2}
                                -0.420     0.568    -0.838     1.184     0.450
 23      sbar      -3 [13] (27)   {-5}
                                -0.733     0.796    -1.598     1.982     0.450
 24   Cluster      81 [14,17] (31,32)   
                                 1.041     0.391    -0.274     1.675     1.222
 25   Cluster      81 [15,22] (33,34)   
                                 0.385     0.808    -1.314     2.250     1.591
 26   Cluster      81 [18,21] (37,38)   
                                -1.134    -1.220     2.085     3.045     1.466
 27   Cluster      81 [16,23] (29,30)   
                                -0.137     0.732    -1.931     2.741     1.797
 28   Cluster      81 [19,20] (35,36)   
                                -0.155    -0.711     1.434     2.117     1.376
--- final:
 29       pi0     111 [27] (39,40)   
                                -0.107     0.214    -1.006     1.043     0.135
 30       K*0     313 [27] (41,42)   
                                -0.030     0.517    -0.925     1.698     1.326
 31       K*-    -323 [24] (43,44)   
                                 0.982     0.090    -0.240     1.337     0.870
 32       pi+     211 [24]    
                                 0.059     0.300    -0.034     0.338     0.140
 33        K0     311 [25] (46)   
                                 0.169     0.333     0.130     0.635     0.498
 34     Kbar0    -311 [25] (49)   
                                 0.217     0.475    -1.444     1.615     0.498
 35       pi+     211 [28]    
                                -0.177    -0.079     0.300     0.384     0.140
 36      rho0     113 [28] (52,53)   
                                 0.023    -0.631     1.134     1.733     1.148
 37       pi-    -211 [26]    
                                -0.703    -0.798     0.616     1.237     0.140
 38       f_0 9010221 [26] (54,55)   
                                -0.432    -0.422     1.469     1.808     0.865
------------------------------------------------------------------------------
     Sum of momenta:            -3e-05    -3e-05    -2e-05      11.8      11.8
------------------------------------------------------------------------------
Step 4 performed by DecayHandler
--- intermediates:
 43     Kbar0    -311 [31] (45)   
                                 0.907     0.200    -0.355     1.112     0.498
 46      K_S0     310 [33] (47,48)   
                                 0.169     0.333     0.130     0.635     0.498
 49      K_S0     310 [34] (50,51)   
                                 0.217     0.475    -1.444     1.615     0.498
--- final:
 32       pi+     211 [24]    
                                 0.059     0.300    -0.034     0.338     0.140
 35       pi+     211 [28]    
                                -0.177    -0.079     0.300     0.384     0.140
 37       pi-    -211 [26]    
                                -0.703    -0.798     0.616     1.237     0.140
 39     gamma      22 [29]    
                                -0.074     0.202    -0.964     0.988     0.000
 40     gamma      22 [29]    
                                -0.034     0.013    -0.042     0.055     0.000
 41        K+     321 [30]    
                                 0.239     0.659    -1.037     1.345     0.494
 42       pi-    -211 [30]    
                                -0.269    -0.142     0.111     0.353     0.140
 44       pi-    -211 [31]    
                                 0.075    -0.110     0.115     0.225     0.140
 45      K_L0     130 [43]    
                                 0.907     0.200    -0.355     1.112     0.498
 47       pi+     211 [46]    
                                -0.104     0.056    -0.044     0.188     0.140
 48       pi-    -211 [46]    
                                 0.272     0.277     0.174     0.447     0.140
 50       pi+     211 [49]    
                                 0.089     0.170    -0.173     0.294     0.140
 51       pi-    -211 [49]    
                                 0.127     0.306    -1.271     1.321     0.140
 52       pi+     211 [36]    
                                -0.142    -0.720     0.204     0.774     0.140
 53       pi-    -211 [36]    
                                 0.165     0.088     0.930     0.959     0.140
 54       pi+     211 [38]    
                                 0.085    -0.056    -0.030     0.175     0.140
 55       pi-    -211 [38]    
                                -0.516    -0.366     1.499     1.633     0.140
------------------------------------------------------------------------------
     Sum of momenta:            -3e-05    -3e-05    -2e-05      11.8      11.8

The following exception classes were reported in this run:
ThePEG::EventHandler::ConsistencyException warning (1 times)
ThePEG::LesHouchesReader::LesHouchesReopenWarning warning (1 times)
