>>>>>>>>>>>>>>>>>>>>>>>>>>>>>>>>>>>>>>>>>>>>>>>>>>>>>>>>>>>>>>>>>>>>>>>>>>>>>>
>>>> Toolkit for HEP Event Generation - ThePEG 2.2.0 <<<<<<<<<<<<<<<<<<<<<<<<<
>>>> Tue Jun 30 00:21:43 2020                                             <<<<
<<<<<<<<<<<<<<<<<<<<<<<<<<<<<<<<<<<<<<<<<<<<<<<<<<<<<<<<<<<<<<<<<<<<<<<<<<<<<<

>> Herwig 7.2.0 / ThePEG 2.2.0

/Herwig/EventHandlers/NoCuts:
MHat  = 2 .. 13.3422 GeV
Scale = 0 .. 1e+12 GeV2
YHat  = -100 .. 100
X1    = 0 .. 1
X2    = 0 .. 1

* A warning exception of type ThePEG::LesHouchesReader::LesHouchesReopenWarning occurred while generating event number 1: 
Reopening LesHouchesReader 'myReader' after accessing 2 events out of 1
* A warning exception of type ThePEG::EventHandler::ConsistencyException occurred while generating event number 1: 
Event handler 'myLesHouchesHandler' found energy-momentum non-conservation by (-2e-05,-2e-05,-1e-05;-1.60826e-11) GeV after generating step number 4.

******************************************************************************
Event number 1 (id: ./OUTPUT/0.95MB1.05/1511422153/TMP/Cluster_HERWIGOutput_7) performed by myLesHouchesHandler
Weight: 1
==============================================================================

--- Colliding particles:
  1        e-      11  (3)   
                                 3.336     0.000    -0.000     3.336     0.000
  2        e+     -11  (3)   
                                -3.336     0.000     0.000     3.336     0.000
------------------------------------------------------------------------------
Primary sub-process performed by myReader
--- incoming:
  1        e-      11  (3)   
                                 3.336     0.000    -0.000     3.336     0.000
  2        e+     -11  (3)   
                                -3.336     0.000     0.000     3.336     0.000
--- intermediates:
  3     gamma      22 [1,2] (4..7)   
                                 0.000     0.000    -0.000     6.671     6.671
--- outgoing:
  4         g      21 [3] (8)  5>>5 {+1,-2}
                                 0.359     0.541     0.483     0.809     0.000
  5         g      21 [3] (9)  4>>4 {+2,-1}
                                -1.049    -1.113    -0.248     1.549     0.000
  6         g      21 [3] (10)  7>>7 {+3,-4}
                                -1.664    -0.469    -0.008     1.729     0.000
  7         g      21 [3] (11)  6>>6 {+4,-3}
                                 2.354     1.042    -0.227     2.585     0.000
------------------------------------------------------------------------------
Step 1 performed by myLesHouchesHandler
--- intermediates:
  1        e-      11  (3)   
                                 3.336     0.000    -0.000     3.336     0.000
  2        e+     -11  (3)   
                                -3.336     0.000     0.000     3.336     0.000
  3     gamma      22 [1,2] (4..7)   
                                 0.000     0.000    -0.000     6.671     6.671
--- final:
  4         g      21 [3] (8)  5>>5 {+1,-2}
                                 0.359     0.541     0.483     0.809     0.000
  5         g      21 [3] (9)  4>>4 {+2,-1}
                                -1.049    -1.113    -0.248     1.549     0.000
  6         g      21 [3] (10)  7>>7 {+3,-4}
                                -1.664    -0.469    -0.008     1.729     0.000
  7         g      21 [3] (11)  6>>6 {+4,-3}
                                 2.354     1.042    -0.227     2.585     0.000
------------------------------------------------------------------------------
     Sum of momenta:            -3e-05    -2e-05    -1e-05      6.67      6.67
------------------------------------------------------------------------------
Step 2 performed by ShowerHandler
--- final:
  8         g      21 [4] (12,13)  9>>9 {+1,-2}
                                 0.287     0.433     0.387     1.150     0.950
  9         g      21 [5] (14,15)  8>>8 {+2,-1}
                                -0.841    -0.892    -0.199     1.563     0.950
 10         g      21 [6] (16,17)  11>>11 {+3,-4}
                                -1.333    -0.376    -0.006     1.680     0.950
 11         g      21 [7] (18,19)  10>>10 {+4,-3}
                                 1.887     0.835    -0.182     2.278     0.950
------------------------------------------------------------------------------
     Sum of momenta:            -3e-05    -2e-05    -1e-05      6.67      6.67
------------------------------------------------------------------------------
Step 3 performed by ClusterHadHandler
--- intermediates:
 12         u       2 [8] (23)   {+1}
                                 0.231     0.572     0.129     0.709     0.325
 13      ubar      -2 [8] (20)   {-2}
                                 0.056    -0.139     0.258     0.441     0.325
 14         s       3 [9] (20)   {+2}
                                -0.346    -0.397     0.052     0.695     0.450
 15      sbar      -3 [9] (22)   {-1}
                                -0.494    -0.494    -0.250     0.868     0.450
 16         u       2 [10] (22)   {+3}
                                -0.795    -0.290    -0.333     0.966     0.325
 17      ubar      -2 [10] (21)   {-4}
                                -0.538    -0.086     0.327     0.714     0.325
 18         u       2 [11] (21)   {+4}
                                 0.748     0.461    -0.399     1.018     0.325
 19      ubar      -2 [11] (23)   {-3}
                                 1.138     0.374     0.217     1.260     0.325
 20   Cluster      81 [13,14] (24,25)   
                                -0.290    -0.536     0.309     1.136     0.907
 21   Cluster      81 [17,18] (30,31)   
                                 0.210     0.375    -0.072     1.732     1.676
 22   Cluster      81 [15,16] (26,27)   
                                -1.289    -0.784    -0.583     1.834     0.864
 23   Cluster      81 [12,19] (28,29)   
                                 1.370     0.945     0.346     1.969     0.994
--- final:
 24       pi-    -211 [20]    
                                -0.094     0.130    -0.034     0.215     0.140
 25     Kbar0    -311 [20] (32)   
                                -0.196    -0.666     0.343     0.920     0.498
 26       pi+     211 [22]    
                                -0.500    -0.004    -0.122     0.533     0.140
 27        K0     311 [22] (33)   
                                -0.789    -0.780    -0.462     1.301     0.498
 28        K+     321 [23]    
                                 0.710     0.473     0.120     0.993     0.494
 29        K-    -321 [23]    
                                 0.660     0.473     0.226     0.976     0.494
 30       pi0     111 [21] (36,37)   
                                -0.140    -0.043    -0.060     0.208     0.135
 31       f_2     225 [21] (38,39)   
                                 0.349     0.418    -0.012     1.524     1.424
------------------------------------------------------------------------------
     Sum of momenta:            -3e-05    -2e-05    -1e-05      6.67      6.67
------------------------------------------------------------------------------
Step 4 performed by DecayHandler
--- intermediates:
 33      K_S0     310 [27] (34,35)   
                                -0.789    -0.780    -0.462     1.301     0.498
--- final:
 24       pi-    -211 [20]    
                                -0.094     0.130    -0.034     0.215     0.140
 26       pi+     211 [22]    
                                -0.500    -0.004    -0.122     0.533     0.140
 28        K+     321 [23]    
                                 0.710     0.473     0.120     0.993     0.494
 29        K-    -321 [23]    
                                 0.660     0.473     0.226     0.976     0.494
 32      K_L0     130 [25]    
                                -0.196    -0.666     0.343     0.920     0.498
 34       pi+     211 [33]    
                                -0.123    -0.092    -0.222     0.304     0.140
 35       pi-    -211 [33]    
                                -0.667    -0.688    -0.240     0.997     0.140
 36     gamma      22 [30]    
                                -0.118     0.030    -0.047     0.131     0.000
 37     gamma      22 [30]    
                                -0.021    -0.073    -0.013     0.077     0.000
 38       pi-    -211 [31]    
                                 0.871     0.383    -0.128     0.971     0.140
 39       pi+     211 [31]    
                                -0.522     0.035     0.116     0.554     0.140
------------------------------------------------------------------------------
     Sum of momenta:            -3e-05    -2e-05    -1e-05      6.67      6.67

The following exception classes were reported in this run:
ThePEG::EventHandler::ConsistencyException warning (1 times)
ThePEG::LesHouchesReader::LesHouchesReopenWarning warning (1 times)
