>>>>>>>>>>>>>>>>>>>>>>>>>>>>>>>>>>>>>>>>>>>>>>>>>>>>>>>>>>>>>>>>>>>>>>>>>>>>>>
>>>> Toolkit for HEP Event Generation - ThePEG 2.2.0 <<<<<<<<<<<<<<<<<<<<<<<<<
>>>> Tue Jun 30 00:48:09 2020                                             <<<<
<<<<<<<<<<<<<<<<<<<<<<<<<<<<<<<<<<<<<<<<<<<<<<<<<<<<<<<<<<<<<<<<<<<<<<<<<<<<<<

>> Herwig 7.2.0 / ThePEG 2.2.0

/Herwig/EventHandlers/NoCuts:
MHat  = 2 .. 35.7623 GeV
Scale = 0 .. 1e+12 GeV2
YHat  = -100 .. 100
X1    = 0 .. 1
X2    = 0 .. 1

* A warning exception of type ThePEG::LesHouchesReader::LesHouchesReopenWarning occurred while generating event number 1: 
Reopening LesHouchesReader 'myReader' after accessing 2 events out of 1
* A warning exception of type ThePEG::EventHandler::ConsistencyException occurred while generating event number 1: 
Event handler 'myLesHouchesHandler' found energy-momentum non-conservation by (1.67688e-15,-3e-05,-1e-05;9.99982e-06) GeV after generating step number 4.

******************************************************************************
Event number 1 (id: ./OUTPUT/0.95MB1.05/1513012799/TMP/Cluster_HERWIGOutput_19) performed by myLesHouchesHandler
Weight: 1
==============================================================================

--- Colliding particles:
  1        e-      11  (3)   
                                 8.941     0.000    -0.000     8.941     0.000
  2        e+     -11  (3)   
                                -8.941     0.000     0.000     8.941     0.000
------------------------------------------------------------------------------
Primary sub-process performed by myReader
--- incoming:
  1        e-      11  (3)   
                                 8.941     0.000    -0.000     8.941     0.000
  2        e+     -11  (3)   
                                -8.941     0.000     0.000     8.941     0.000
--- intermediates:
  3     gamma      22 [1,2] (4..7)   
                                -0.000     0.000    -0.000    17.881    17.881
--- outgoing:
  4         g      21 [3] (8)  6>>5 {+1,-2}
                                 4.004    -5.211    -4.219     7.810     0.000
  5         g      21 [3] (11)  4>>7 {+3,-1}
                                -0.961     1.779    -1.580     2.566     0.000
  6         g      21 [3] (12)  7>>4 {+2,-4}
                                -0.261     1.007     1.656     1.956     0.000
  7         g      21 [3] (13)  5>>6 {+4,-3}
                                -2.782     2.425     4.143     5.549     0.000
------------------------------------------------------------------------------
Step 1 performed by myLesHouchesHandler
--- intermediates:
  1        e-      11  (3)   
                                 8.941     0.000    -0.000     8.941     0.000
  2        e+     -11  (3)   
                                -8.941     0.000     0.000     8.941     0.000
  3     gamma      22 [1,2] (4..7)   
                                -0.000     0.000    -0.000    17.881    17.881
--- final:
  4         g      21 [3] (8)  6>>5 {+1,-2}
                                 4.004    -5.211    -4.219     7.810     0.000
  5         g      21 [3] (11)  4>>7 {+3,-1}
                                -0.961     1.779    -1.580     2.566     0.000
  6         g      21 [3] (12)  7>>4 {+2,-4}
                                -0.261     1.007     1.656     1.956     0.000
  7         g      21 [3] (13)  5>>6 {+4,-3}
                                -2.782     2.425     4.143     5.549     0.000
------------------------------------------------------------------------------
     Sum of momenta:            -1e-05    -3e-05    -1e-05      17.9      17.9
------------------------------------------------------------------------------
Step 2 performed by ShowerHandler
--- intermediates:
  8         g      21 [4] (9,10)   {+1,-2}
                                 3.671    -4.777    -3.868     8.141     3.876
--- final:
  9         g      21 [8] (20,21)  10>>11 {+1,-5}
                                 0.974    -2.238     0.113     2.622     0.950
 10         g      21 [8] (22,23)  12>>9 {+5,-2}
                                 2.696    -2.539    -3.981     5.519     0.950
 11         g      21 [5] (14,15)  9>>13 {+3,-1}
                                -0.881     1.631    -1.449     2.537     0.950
 12         g      21 [6] (16,17)  13>>10 {+2,-4}
                                -0.239     0.923     1.518     2.029     0.950
 13         g      21 [7] (18,19)  11>>12 {+4,-3}
                                -2.550     2.223     3.798     5.174     0.950
------------------------------------------------------------------------------
     Sum of momenta:            -1e-05    -3e-05    -1e-05      17.9      17.9
------------------------------------------------------------------------------
Step 3 performed by ClusterHadHandler
--- intermediates:
 14         d       1 [11] (24)   {+3}
                                -0.183     0.835    -0.356     0.981     0.325
 15      dbar      -1 [11] (25)   {-1}
                                -0.698     0.795    -1.093     1.555     0.325
 16         s       3 [12] (26)   {+2}
                                -0.142     0.394     0.499     0.792     0.450
 17      sbar      -3 [12] (27)   {-4}
                                -0.098     0.528     1.019     1.237     0.450
 18         u       2 [13] (27)   {+4}
                                -0.503     0.243     0.649     0.916     0.325
 19      ubar      -2 [13] (24)   {-3}
                                -2.048     1.980     3.149     4.259     0.325
 20         d       1 [9] (25)   {+1}
                                 0.799    -1.710    -0.160     1.922     0.325
 21      dbar      -1 [9] (28)   {-5}
                                 0.176    -0.528     0.273     0.700     0.325
 22         u       2 [10] (28)   {+5}
                                 0.601    -0.876    -1.412     1.796     0.325
 23      ubar      -2 [10] (26)   {-2}
                                 2.095    -1.663    -2.569     3.723     0.325
 24   Cluster      81 [14,19] (31,32)   
                                -2.231     2.815     2.793     5.240     2.599
 25   Cluster      81 [15,20] (33,34)   
                                 0.101    -0.914    -1.253     3.477     3.110
 26   Cluster      81 [16,23] (37,38)   
                                 1.954    -1.268    -2.070     4.515     3.267
 27   Cluster      81 [17,18] (29,30)   
                                -0.600     0.771     1.668     2.153     0.946
 28   Cluster      81 [21,22] (35,36)   
                                 0.777    -1.404    -1.138     2.497     1.537
--- final:
 29        K+     321 [27]    
                                -0.575     0.521     1.620     1.863     0.494
 30       pi0     111 [27] (39,40)   
                                -0.025     0.251     0.048     0.290     0.135
 31      a_1-  -20213 [24] (41,42)   
                                -0.777     0.628     1.154     2.047     1.364
 32     omega     223 [24] (49,50)   
                                -1.454     2.187     1.639     3.193     0.781
 33      rho0     113 [25] (55,56)   
                                -0.287    -0.571    -1.526     1.828     0.778
 34     pi_20   10115 [25] (57,58)   
                                 0.388    -0.343     0.273     1.649     1.541
 35     omega     223 [28] (67,68)   
                                 0.186    -0.843    -1.193     1.668     0.784
 36       pi+     211 [28]    
                                 0.591    -0.561     0.054     0.829     0.140
 37    K*bar0    -313 [26] (73,74)   
                                 0.522    -1.209     0.253     1.578     0.832
 38      a_0- -9000211 [26] (75,76)   
                                 1.431    -0.059    -2.323     2.936     1.083
------------------------------------------------------------------------------
     Sum of momenta:            -1e-05    -3e-05    -1e-05      17.9      17.9
------------------------------------------------------------------------------
Step 4 performed by DecayHandler
--- intermediates:
 41    rho''-  -30213 [31] (43,44)   
                                -0.261    -0.175     0.573     0.922     0.650
 42       pi0     111 [31] (47,48)   
                                -0.516     0.803     0.581     1.126     0.135
 43       pi0     111 [41] (45,46)   
                                 0.184    -0.101     0.174     0.304     0.135
 49      rho0     113 [32] (51,52)   
                                -0.771     1.346     1.193     2.014     0.474
 50       pi0     111 [32] (53,54)   
                                -0.683     0.841     0.446     1.179     0.135
 57       pi0     111 [34] (59,60)   
                                 0.042    -0.080     0.042     0.168     0.135
 58       f_2     225 [34] (61,62)   
                                 0.345    -0.263     0.232     1.481     1.397
 61       pi0     111 [58] (63,64)   
                                 0.834    -0.127     0.382     0.935     0.135
 62       pi0     111 [58] (65,66)   
                                -0.488    -0.135    -0.150     0.545     0.135
 67      rho0     113 [35] (69,70)   
                                 0.100    -0.742    -0.828     1.257     0.578
 68       pi0     111 [35] (71,72)   
                                 0.085    -0.101    -0.365     0.411     0.135
 75       eta     221 [38] (77..79)   
                                 1.475     0.104    -2.064     2.597     0.548
 79       pi0     111 [75] (80,81)   
                                 0.762     0.018    -0.995     1.261     0.135
--- final:
 29        K+     321 [27]    
                                -0.575     0.521     1.620     1.863     0.494
 36       pi+     211 [28]    
                                 0.591    -0.561     0.054     0.829     0.140
 39     gamma      22 [30]    
                                 0.046     0.159     0.053     0.173     0.000
 40     gamma      22 [30]    
                                -0.071     0.092    -0.005     0.117     0.000
 44       pi-    -211 [41]    
                                -0.444    -0.073     0.399     0.618     0.140
 45     gamma      22 [43]    
                                -0.008     0.010     0.046     0.048     0.000
 46     gamma      22 [43]    
                                 0.192    -0.111     0.128     0.256     0.000
 47     gamma      22 [42]    
                                -0.011     0.021     0.047     0.052     0.000
 48     gamma      22 [42]    
                                -0.505     0.782     0.535     1.073     0.000
 51       pi+     211 [49]    
                                -0.265     0.811     0.739     1.137     0.140
 52       pi-    -211 [49]    
                                -0.506     0.535     0.454     0.876     0.140
 53     gamma      22 [50]    
                                -0.256     0.419     0.184     0.525     0.000
 54     gamma      22 [50]    
                                -0.426     0.422     0.262     0.654     0.000
 55       pi+     211 [33]    
                                -0.096    -0.538    -0.437     0.714     0.140
 56       pi-    -211 [33]    
                                -0.191    -0.033    -1.089     1.115     0.140
 59     gamma      22 [57]    
                                 0.089    -0.047     0.006     0.101     0.000
 60     gamma      22 [57]    
                                -0.047    -0.033     0.035     0.067     0.000
 63     gamma      22 [61]    
                                 0.221    -0.040     0.169     0.281     0.000
 64     gamma      22 [61]    
                                 0.612    -0.087     0.212     0.654     0.000
 65     gamma      22 [62]    
                                -0.236    -0.087    -0.141     0.288     0.000
 66     gamma      22 [62]    
                                -0.253    -0.048    -0.009     0.257     0.000
 69       pi+     211 [67]    
                                 0.205    -0.118    -0.384     0.472     0.140
 70       pi-    -211 [67]    
                                -0.104    -0.624    -0.445     0.786     0.140
 71     gamma      22 [68]    
                                 0.023    -0.007     0.005     0.025     0.000
 72     gamma      22 [68]    
                                 0.062    -0.094    -0.369     0.386     0.000
 73        K-    -321 [37]    
                                 0.184    -0.994     0.258     1.154     0.494
 74       pi+     211 [37]    
                                 0.338    -0.215    -0.005     0.424     0.140
 76       pi-    -211 [38]    
                                -0.043    -0.163    -0.259     0.339     0.140
 77       pi+     211 [75]    
                                 0.371     0.156    -0.537     0.686     0.140
 78       pi-    -211 [75]    
                                 0.341    -0.069    -0.532     0.651     0.140
 80     gamma      22 [79]    
                                 0.604     0.018    -0.869     1.058     0.000
 81     gamma      22 [79]    
                                 0.159    -0.000    -0.126     0.203     0.000
------------------------------------------------------------------------------
     Sum of momenta:            -1e-05    -3e-05    -1e-05      17.9      17.9

The following exception classes were reported in this run:
ThePEG::EventHandler::ConsistencyException warning (1 times)
ThePEG::LesHouchesReader::LesHouchesReopenWarning warning (1 times)
