>>>>>>>>>>>>>>>>>>>>>>>>>>>>>>>>>>>>>>>>>>>>>>>>>>>>>>>>>>>>>>>>>>>>>>>>>>>>>>
>>>> Toolkit for HEP Event Generation - ThePEG 2.2.0 <<<<<<<<<<<<<<<<<<<<<<<<<
>>>> Tue Jun 30 00:45:23 2020                                             <<<<
<<<<<<<<<<<<<<<<<<<<<<<<<<<<<<<<<<<<<<<<<<<<<<<<<<<<<<<<<<<<<<<<<<<<<<<<<<<<<<

>> Herwig 7.2.0 / ThePEG 2.2.0

/Herwig/EventHandlers/NoCuts:
MHat  = 2 .. 27.5343 GeV
Scale = 0 .. 1e+12 GeV2
YHat  = -100 .. 100
X1    = 0 .. 1
X2    = 0 .. 1

* A warning exception of type ThePEG::LesHouchesReader::LesHouchesReopenWarning occurred while generating event number 1: 
Reopening LesHouchesReader 'myReader' after accessing 2 events out of 1
* A warning exception of type ThePEG::EventHandler::ConsistencyException occurred while generating event number 1: 
Event handler 'myLesHouchesHandler' found energy-momentum non-conservation by (-2e-05,-1e-05,-3e-05;9.99984e-06) GeV after generating step number 4.

******************************************************************************
Event number 1 (id: ./OUTPUT/0.95MB1.05/1511425928/TMP/Cluster_HERWIGOutput_37) performed by myLesHouchesHandler
Weight: 1
==============================================================================

--- Colliding particles:
  1        e-      11  (3)   
                                 6.884     0.000     0.000     6.884     0.000
  2        e+     -11  (3)   
                                -6.884     0.000    -0.000     6.884     0.000
------------------------------------------------------------------------------
Primary sub-process performed by myReader
--- incoming:
  1        e-      11  (3)   
                                 6.884     0.000     0.000     6.884     0.000
  2        e+     -11  (3)   
                                -6.884     0.000    -0.000     6.884     0.000
--- intermediates:
  3     gamma      22 [1,2] (4..7)   
                                 0.000     0.000     0.000    13.767    13.767
--- outgoing:
  4         g      21 [3] (8)  7>>7 {+1,-2}
                                 2.060     1.163    -5.854     6.314     0.000
  5         g      21 [3] (9)  6>>6 {+3,-4}
                                -2.178     0.448     1.873     2.907     0.000
  6         g      21 [3] (10)  5>>5 {+4,-3}
                                 0.260    -1.602     4.068     4.380     0.000
  7         g      21 [3] (11)  4>>4 {+2,-1}
                                -0.141    -0.009    -0.087     0.166     0.000
------------------------------------------------------------------------------
Step 1 performed by myLesHouchesHandler
--- intermediates:
  1        e-      11  (3)   
                                 6.884     0.000     0.000     6.884     0.000
  2        e+     -11  (3)   
                                -6.884     0.000    -0.000     6.884     0.000
  3     gamma      22 [1,2] (4..7)   
                                 0.000     0.000     0.000    13.767    13.767
--- final:
  4         g      21 [3] (8)  7>>7 {+1,-2}
                                 2.060     1.163    -5.854     6.314     0.000
  5         g      21 [3] (9)  6>>6 {+3,-4}
                                -2.178     0.448     1.873     2.907     0.000
  6         g      21 [3] (10)  5>>5 {+4,-3}
                                 0.260    -1.602     4.068     4.380     0.000
  7         g      21 [3] (11)  4>>4 {+2,-1}
                                -0.141    -0.009    -0.087     0.166     0.000
------------------------------------------------------------------------------
     Sum of momenta:            -3e-05    -1e-05    -3e-05      13.8      13.8
------------------------------------------------------------------------------
Step 2 performed by ShowerHandler
--- final:
  8         g      21 [4] (12,13)  11>>11 {+1,-2}
                                 1.886     1.065    -5.359     5.858     0.950
  9         g      21 [5] (14,15)  10>>10 {+3,-4}
                                -1.994     0.410     1.714     2.826     0.950
 10         g      21 [6] (16,17)  9>>9 {+4,-3}
                                 0.238    -1.467     3.725     4.121     0.950
 11         g      21 [7] (18,19)  8>>8 {+2,-1}
                                -0.129    -0.008    -0.080     0.962     0.950
------------------------------------------------------------------------------
     Sum of momenta:            -3e-05    -1e-05    -3e-05      13.8      13.8
------------------------------------------------------------------------------
Step 3 performed by ClusterHadHandler
--- intermediates:
 12         d       1 [8] (20)   {+1}
                                 0.486     0.014    -1.343     1.465     0.325
 13      dbar      -1 [8] (21)   {-2}
                                 1.400     1.050    -4.016     4.393     0.325
 14         d       1 [9] (22)   {+3}
                                -1.113    -0.071     0.668     1.340     0.325
 15      dbar      -1 [9] (23)   {-4}
                                -0.881     0.481     1.046     1.486     0.325
 16         s       3 [10] (23)   {+4}
                                -0.021    -0.575     1.466     1.638     0.450
 17      sbar      -3 [10] (22)   {-3}
                                 0.259    -0.892     2.259     2.483     0.450
 18         d       1 [11] (21)   {+2}
                                -0.040    -0.085    -0.377     0.506     0.325
 19      dbar      -1 [11] (20)   {-1}
                                -0.089     0.076     0.297     0.456     0.325
 20   Cluster      81 [12,19] (24,25)   
                                 0.396     0.091    -1.046     1.921     1.559
 21   Cluster      81 [13,18] (26,27)   
                                 1.360     0.966    -4.393     4.899     1.387
 22   Cluster      81 [14,17] (30,31)   
                                -0.854    -0.963     2.927     3.823     2.096
 23   Cluster      81 [15,16] (28,29)   
                                -0.903    -0.094     2.512     3.124     1.620
--- final:
 24       pi0     111 [20] (32,33)   
                                 0.033    -0.110     0.046     0.183     0.135
 25      a_20     115 [20] (34,35)   
                                 0.363     0.201    -1.093     1.738     1.286
 26      a_1+   20213 [21] (40,41)   
                                 0.863     0.290    -3.410     3.600     0.706
 27       pi-    -211 [21]    
                                 0.498     0.676    -0.982     1.299     0.140
 28       pi0     111 [23] (44,45)   
                                -0.316    -0.301     1.715     1.775     0.135
 29    K*bar0    -313 [23] (46,47)   
                                -0.586     0.207     0.797     1.349     0.893
 30      b_10   10113 [22] (51,52)   
                                -0.276    -0.710     2.577     2.947     1.209
 31        K0     311 [22] (61)   
                                -0.578    -0.253     0.350     0.876     0.498
------------------------------------------------------------------------------
     Sum of momenta:            -3e-05    -1e-05    -3e-05      13.8      13.8
------------------------------------------------------------------------------
Step 4 performed by DecayHandler
--- intermediates:
 34      rho+     213 [25] (36,37)   
                                 0.336     0.225    -0.338     0.970     0.814
 36       pi0     111 [34] (38,39)   
                                 0.050     0.475    -0.249     0.556     0.135
 40      rho0     113 [26] (42,43)   
                                 0.740     0.244    -2.782     2.943     0.560
 46     Kbar0    -311 [29] (48)   
                                -0.233     0.361     0.355     0.747     0.498
 47       pi0     111 [29] (49,50)   
                                -0.353    -0.154     0.442     0.602     0.135
 51     omega     223 [30] (53,54)   
                                 0.086    -0.358     1.312     1.578     0.796
 52       pi0     111 [30] (59,60)   
                                -0.362    -0.352     1.266     1.369     0.135
 53      rho0     113 [51] (55,56)   
                                 0.232    -0.332     1.185     1.340     0.477
 54       pi0     111 [51] (57,58)   
                                -0.146    -0.025     0.126     0.237     0.135
 61      K_S0     310 [31] (62,63)   
                                -0.578    -0.253     0.350     0.876     0.498
 62       pi0     111 [61] (64,65)   
                                 0.020    -0.102     0.049     0.177     0.135
 63       pi0     111 [61] (66,67)   
                                -0.598    -0.151     0.301     0.699     0.135
--- final:
 27       pi-    -211 [21]    
                                 0.498     0.676    -0.982     1.299     0.140
 32     gamma      22 [24]    
                                -0.026    -0.097     0.065     0.120     0.000
 33     gamma      22 [24]    
                                 0.059    -0.013    -0.019     0.064     0.000
 35       pi-    -211 [25]    
                                 0.028    -0.024    -0.754     0.768     0.140
 37       pi+     211 [34]    
                                 0.285    -0.250    -0.090     0.414     0.140
 38     gamma      22 [36]    
                                 0.002     0.431    -0.209     0.479     0.000
 39     gamma      22 [36]    
                                 0.048     0.045    -0.040     0.077     0.000
 41       pi+     211 [26]    
                                 0.123     0.046    -0.628     0.656     0.140
 42       pi+     211 [40]    
                                 0.575     0.313    -2.458     2.547     0.140
 43       pi-    -211 [40]    
                                 0.165    -0.068    -0.325     0.396     0.140
 44     gamma      22 [28]    
                                -0.151    -0.088     0.889     0.906     0.000
 45     gamma      22 [28]    
                                -0.165    -0.213     0.826     0.869     0.000
 48      K_L0     130 [46]    
                                -0.233     0.361     0.355     0.747     0.498
 49     gamma      22 [47]    
                                -0.313    -0.113     0.428     0.542     0.000
 50     gamma      22 [47]    
                                -0.041    -0.041     0.013     0.059     0.000
 55       pi+     211 [53]    
                                 0.326    -0.192     0.842     0.934     0.140
 56       pi-    -211 [53]    
                                -0.093    -0.140     0.343     0.407     0.140
 57     gamma      22 [54]    
                                 0.009     0.033     0.019     0.039     0.000
 58     gamma      22 [54]    
                                -0.156    -0.058     0.107     0.198     0.000
 59     gamma      22 [52]    
                                -0.164    -0.170     0.770     0.806     0.000
 60     gamma      22 [52]    
                                -0.198    -0.182     0.495     0.563     0.000
 64     gamma      22 [62]    
                                 0.021    -0.053     0.095     0.110     0.000
 65     gamma      22 [62]    
                                -0.001    -0.049    -0.046     0.067     0.000
 66     gamma      22 [63]    
                                -0.001    -0.019     0.017     0.026     0.000
 67     gamma      22 [63]    
                                -0.596    -0.132     0.284     0.674     0.000
------------------------------------------------------------------------------
     Sum of momenta:            -3e-05    -1e-05    -3e-05      13.8      13.8

The following exception classes were reported in this run:
ThePEG::EventHandler::ConsistencyException warning (1 times)
ThePEG::LesHouchesReader::LesHouchesReopenWarning warning (1 times)
