>>>>>>>>>>>>>>>>>>>>>>>>>>>>>>>>>>>>>>>>>>>>>>>>>>>>>>>>>>>>>>>>>>>>>>>>>>>>>>
>>>> Toolkit for HEP Event Generation - ThePEG 2.2.0 <<<<<<<<<<<<<<<<<<<<<<<<<
>>>> Tue Jun 30 00:50:09 2020                                             <<<<
<<<<<<<<<<<<<<<<<<<<<<<<<<<<<<<<<<<<<<<<<<<<<<<<<<<<<<<<<<<<<<<<<<<<<<<<<<<<<<

>> Herwig 7.2.0 / ThePEG 2.2.0

/Herwig/EventHandlers/NoCuts:
MHat  = 2 .. 11.0042 GeV
Scale = 0 .. 1e+12 GeV2
YHat  = -100 .. 100
X1    = 0 .. 1
X2    = 0 .. 1

* A warning exception of type ThePEG::LesHouchesReader::LesHouchesReopenWarning occurred while generating event number 1: 
Reopening LesHouchesReader 'myReader' after accessing 2 events out of 1
* A warning exception of type ThePEG::EventHandler::ConsistencyException occurred while generating event number 1: 
Event handler 'myLesHouchesHandler' found energy-momentum non-conservation by (-2e-05,-2e-05,-2e-05;2e-05) GeV after generating step number 4.

******************************************************************************
Event number 1 (id: ./OUTPUT/0.95MB1.05/1512173935/TMP/Cluster_HERWIGOutput_43) performed by myLesHouchesHandler
Weight: 1
==============================================================================

--- Colliding particles:
  1        e-      11  (3)   
                                 2.751     0.000    -0.000     2.751     0.000
  2        e+     -11  (3)   
                                -2.751     0.000     0.000     2.751     0.000
------------------------------------------------------------------------------
Primary sub-process performed by myReader
--- incoming:
  1        e-      11  (3)   
                                 2.751     0.000    -0.000     2.751     0.000
  2        e+     -11  (3)   
                                -2.751     0.000     0.000     2.751     0.000
--- intermediates:
  3     gamma      22 [1,2] (4..8)   
                                -0.000     0.000    -0.000     5.502     5.502
--- outgoing:
  4         g      21 [3] (9)  6>>8 {+1,-2}
                                 0.054     1.644    -0.165     1.653     0.000
  5         g      21 [3] (10)  7>>7 {+3,-4}
                                -0.056    -0.611     1.625     1.737     0.000
  6         g      21 [3] (11)  8>>4 {+2,-5}
                                -0.118     0.200    -0.164     0.284     0.000
  7         g      21 [3] (12)  5>>5 {+4,-3}
                                 0.104    -0.426    -0.248     0.504     0.000
  8         g      21 [3] (13)  4>>6 {+5,-1}
                                 0.016    -0.807    -1.049     1.324     0.000
------------------------------------------------------------------------------
Step 1 performed by myLesHouchesHandler
--- intermediates:
  1        e-      11  (3)   
                                 2.751     0.000    -0.000     2.751     0.000
  2        e+     -11  (3)   
                                -2.751     0.000     0.000     2.751     0.000
  3     gamma      22 [1,2] (4..8)   
                                -0.000     0.000    -0.000     5.502     5.502
--- final:
  4         g      21 [3] (9)  6>>8 {+1,-2}
                                 0.054     1.644    -0.165     1.653     0.000
  5         g      21 [3] (10)  7>>7 {+3,-4}
                                -0.056    -0.611     1.625     1.737     0.000
  6         g      21 [3] (11)  8>>4 {+2,-5}
                                -0.118     0.200    -0.164     0.284     0.000
  7         g      21 [3] (12)  5>>5 {+4,-3}
                                 0.104    -0.426    -0.248     0.504     0.000
  8         g      21 [3] (13)  4>>6 {+5,-1}
                                 0.016    -0.807    -1.049     1.324     0.000
------------------------------------------------------------------------------
     Sum of momenta:            -3e-05    -2e-05    -2e-05       5.5       5.5
------------------------------------------------------------------------------
Step 2 performed by ShowerHandler
--- final:
  9         g      21 [4] (14,15)  11>>13 {+1,-2}
                                 0.025     0.745    -0.075     1.210     0.950
 10         g      21 [5] (16,17)  12>>12 {+3,-4}
                                -0.025    -0.277     0.736     1.233     0.950
 11         g      21 [6] (18,19)  13>>9 {+2,-5}
                                -0.054     0.091    -0.074     0.959     0.950
 12         g      21 [7] (20,21)  10>>10 {+4,-3}
                                 0.047    -0.193    -0.112     0.977     0.950
 13         g      21 [8] (22,23)  9>>11 {+5,-1}
                                 0.007    -0.366    -0.475     1.123     0.950
------------------------------------------------------------------------------
     Sum of momenta:            -3e-05    -2e-05    -2e-05       5.5       5.5
------------------------------------------------------------------------------
Step 3 performed by ClusterHadHandler
--- intermediates:
 14         s       3 [9] (24)   {+1}
                                -0.107     0.420    -0.124     0.637     0.450
 15      sbar      -3 [9] (25)   {-2}
                                 0.132     0.325     0.050     0.573     0.450
 16         d       1 [10] (26)   {+3}
                                 0.016    -0.189    -0.048     0.379     0.325
 17      dbar      -1 [10] (27)   {-4}
                                -0.042    -0.088     0.784     0.854     0.325
 18         d       1 [11] (25)   {+2}
                                -0.321     0.143    -0.197     0.517     0.325
 19      dbar      -1 [11] (28)   {-5}
                                 0.267    -0.052     0.123     0.441     0.325
 20         u       2 [12] (27)   {+4}
                                 0.092     0.236    -0.142     0.436     0.325
 21      ubar      -2 [12] (26)   {-3}
                                -0.045    -0.429     0.030     0.541     0.325
 22         s       3 [13] (28)   {+5}
                                 0.048    -0.151    -0.075     0.483     0.450
 23      sbar      -3 [13] (24)   {-1}
                                -0.041    -0.214    -0.400     0.640     0.450
 24   Cluster      81 [14,23] (31,32)   
                                -0.149     0.205    -0.524     1.277     1.137
 25   Cluster      81 [15,18] (33,34)   
                                -0.189     0.467    -0.147     1.090     0.955
 26   Cluster      81 [16,21] (29,30)   
                                -0.028    -0.618    -0.018     0.920     0.681
 27   Cluster      81 [17,20] (37,38)   
                                 0.050     0.148     0.642     1.290     1.108
 28   Cluster      81 [19,22] (35,36)   
                                 0.316    -0.203     0.047     0.924     0.844
--- final:
 29       pi-    -211 [26]    
                                -0.053    -0.506     0.262     0.589     0.140
 30       pi0     111 [26] (39,40)   
                                 0.025    -0.112    -0.280     0.331     0.135
 31        K-    -321 [24]    
                                 0.088    -0.069    -0.417     0.656     0.494
 32        K+     321 [24]    
                                -0.236     0.274    -0.107     0.621     0.494
 33        K0     311 [25] (41)   
                                -0.110     0.216     0.240     0.603     0.498
 34       pi0     111 [25] (44,45)   
                                -0.079     0.251    -0.387     0.487     0.135
 35       pi0     111 [28] (46,47)   
                                -0.055    -0.248     0.088     0.301     0.135
 36     Kbar0    -311 [28] (48)   
                                 0.371     0.045    -0.041     0.624     0.498
 37     Kbar0    -311 [27] (49)   
                                -0.048     0.013     0.579     0.765     0.498
 38        K+     321 [27]    
                                 0.098     0.135     0.062     0.525     0.494
------------------------------------------------------------------------------
     Sum of momenta:            -3e-05    -2e-05    -2e-05       5.5       5.5
------------------------------------------------------------------------------
Step 4 performed by DecayHandler
--- intermediates:
 41      K_S0     310 [33] (42,43)   
                                -0.110     0.216     0.240     0.603     0.498
 49      K_S0     310 [37] (50,51)   
                                -0.048     0.013     0.579     0.765     0.498
--- final:
 29       pi-    -211 [26]    
                                -0.053    -0.506     0.262     0.589     0.140
 31        K-    -321 [24]    
                                 0.088    -0.069    -0.417     0.656     0.494
 32        K+     321 [24]    
                                -0.236     0.274    -0.107     0.621     0.494
 38        K+     321 [27]    
                                 0.098     0.135     0.062     0.525     0.494
 39     gamma      22 [30]    
                                 0.053    -0.013    -0.179     0.187     0.000
 40     gamma      22 [30]    
                                -0.028    -0.099    -0.101     0.144     0.000
 42       pi+     211 [41]    
                                -0.173     0.180    -0.034     0.288     0.140
 43       pi-    -211 [41]    
                                 0.063     0.037     0.274     0.316     0.140
 44     gamma      22 [34]    
                                 0.011    -0.006     0.002     0.013     0.000
 45     gamma      22 [34]    
                                -0.090     0.257    -0.388     0.474     0.000
 46     gamma      22 [35]    
                                -0.019    -0.033     0.073     0.083     0.000
 47     gamma      22 [35]    
                                -0.036    -0.215     0.015     0.218     0.000
 48      K_L0     130 [36]    
                                 0.371     0.045    -0.041     0.624     0.498
 50       pi+     211 [49]    
                                 0.053     0.033    -0.008     0.153     0.140
 51       pi-    -211 [49]    
                                -0.101    -0.020     0.587     0.612     0.140
------------------------------------------------------------------------------
     Sum of momenta:            -3e-05    -2e-05    -2e-05       5.5       5.5

The following exception classes were reported in this run:
ThePEG::EventHandler::ConsistencyException warning (1 times)
ThePEG::LesHouchesReader::LesHouchesReopenWarning warning (1 times)
