>>>>>>>>>>>>>>>>>>>>>>>>>>>>>>>>>>>>>>>>>>>>>>>>>>>>>>>>>>>>>>>>>>>>>>>>>>>>>>
>>>> Toolkit for HEP Event Generation - ThePEG 2.2.0 <<<<<<<<<<<<<<<<<<<<<<<<<
>>>> Tue Jun 30 01:01:04 2020                                             <<<<
<<<<<<<<<<<<<<<<<<<<<<<<<<<<<<<<<<<<<<<<<<<<<<<<<<<<<<<<<<<<<<<<<<<<<<<<<<<<<<

>> Herwig 7.2.0 / ThePEG 2.2.0

/Herwig/EventHandlers/NoCuts:
MHat  = 2 .. 15.4149 GeV
Scale = 0 .. 1e+12 GeV2
YHat  = -100 .. 100
X1    = 0 .. 1
X2    = 0 .. 1

* A warning exception of type ThePEG::LesHouchesReader::LesHouchesReopenWarning occurred while generating event number 1: 
Reopening LesHouchesReader 'myReader' after accessing 2 events out of 1
* A warning exception of type ThePEG::EventHandler::ConsistencyException occurred while generating event number 1: 
Event handler 'myLesHouchesHandler' found energy-momentum non-conservation by (-1e-05,-2e-05,-2e-05;1.99994e-05) GeV after generating step number 4.

******************************************************************************
Event number 1 (id: ./OUTPUT/0.95MB1.05/1514252642/TMP/Cluster_HERWIGOutput_36) performed by myLesHouchesHandler
Weight: 1
==============================================================================

--- Colliding particles:
  1        e-      11  (3)   
                                 3.854     0.000     0.000     3.854     0.000
  2        e+     -11  (3)   
                                -3.854     0.000     0.000     3.854     0.000
------------------------------------------------------------------------------
Primary sub-process performed by myReader
--- incoming:
  1        e-      11  (3)   
                                 3.854     0.000     0.000     3.854     0.000
  2        e+     -11  (3)   
                                -3.854     0.000     0.000     3.854     0.000
--- intermediates:
  3     gamma      22 [1,2] (4..7)   
                                -0.000     0.000     0.000     7.707     7.707
--- outgoing:
  4         g      21 [3] (8)  7>>6 {+1,-2}
                                -1.152    -2.977     0.126     3.195     0.000
  5         g      21 [3] (11)  6>>7 {+3,-4}
                                 0.129     0.110     0.248     0.300     0.000
  6         g      21 [3] (12)  4>>5 {+4,-1}
                                -0.850     1.707    -0.597     1.999     0.000
  7         g      21 [3] (13)  5>>4 {+2,-3}
                                 1.872     1.160     0.223     2.214     0.000
------------------------------------------------------------------------------
Step 1 performed by myLesHouchesHandler
--- intermediates:
  1        e-      11  (3)   
                                 3.854     0.000     0.000     3.854     0.000
  2        e+     -11  (3)   
                                -3.854     0.000     0.000     3.854     0.000
  3     gamma      22 [1,2] (4..7)   
                                -0.000     0.000     0.000     7.707     7.707
--- final:
  4         g      21 [3] (8)  7>>6 {+1,-2}
                                -1.152    -2.977     0.126     3.195     0.000
  5         g      21 [3] (11)  6>>7 {+3,-4}
                                 0.129     0.110     0.248     0.300     0.000
  6         g      21 [3] (12)  4>>5 {+4,-1}
                                -0.850     1.707    -0.597     1.999     0.000
  7         g      21 [3] (13)  5>>4 {+2,-3}
                                 1.872     1.160     0.223     2.214     0.000
------------------------------------------------------------------------------
     Sum of momenta:            -2e-05    -2e-05    -2e-05      7.71      7.71
------------------------------------------------------------------------------
Step 2 performed by ShowerHandler
--- intermediates:
  8         g      21 [4] (9,10)   {+1,-2}
                                -0.691    -1.786     0.076     3.578     3.022
--- final:
  9         g      21 [8] (20,21)  10>>12 {+1,-5}
                                -0.725     0.327    -0.160     1.249     0.950
 10         g      21 [8] (22,23)  13>>9 {+5,-2}
                                 0.034    -2.113     0.236     2.329     0.950
 11         g      21 [5] (14,15)  12>>13 {+3,-4}
                                 0.077     0.066     0.149     0.967     0.950
 12         g      21 [6] (16,17)  9>>11 {+4,-1}
                                -0.510     1.024    -0.358     1.530     0.950
 13         g      21 [7] (18,19)  11>>10 {+2,-3}
                                 1.123     0.696     0.134     1.633     0.950
------------------------------------------------------------------------------
     Sum of momenta:            -2e-05    -2e-05    -2e-05      7.71      7.71
------------------------------------------------------------------------------
Step 3 performed by ClusterHadHandler
--- intermediates:
 14         u       2 [11] (24)   {+3}
                                 0.065     0.002     0.422     0.537     0.325
 15      ubar      -2 [11] (25)   {-4}
                                 0.013     0.065    -0.274     0.430     0.325
 16         s       3 [12] (25)   {+4}
                                -0.404     0.608    -0.132     0.868     0.450
 17      sbar      -3 [12] (26)   {-1}
                                -0.106     0.416    -0.226     0.662     0.450
 18         u       2 [13] (27)   {+2}
                                 0.064     0.293     0.100     0.453     0.325
 19      ubar      -2 [13] (24)   {-3}
                                 1.059     0.402     0.034     1.179     0.325
 20         u       2 [9] (26)   {+1}
                                -0.710     0.134    -0.298     0.847     0.325
 21      ubar      -2 [9] (28)   {-5}
                                -0.014     0.193     0.138     0.402     0.325
 22         u       2 [10] (28)   {+5}
                                 0.303    -1.301     0.316     1.410     0.325
 23      ubar      -2 [10] (27)   {-2}
                                -0.269    -0.812    -0.080     0.919     0.325
 24   Cluster      81 [14,19] (37,38)   
                                 1.124     0.404     0.457     1.716     1.145
 25   Cluster      81 [15,16] (31,32)   
                                -0.392     0.673    -0.406     1.298     0.956
 26   Cluster      81 [17,20] (33,34)   
                                -0.816     0.550    -0.524     1.508     1.016
 27   Cluster      81 [18,23] (35,36)   
                                -0.205    -0.519     0.020     1.372     1.253
 28   Cluster      81 [21,22] (29,30)   
                                 0.288    -1.108     0.454     1.813     1.330
--- final:
 29       pi-    -211 [28]    
                                 0.001    -0.588    -0.017     0.605     0.140
 30      rho+     213 [28] (39,40)   
                                 0.287    -0.520     0.471     1.208     0.940
 31       pi-    -211 [25]    
                                 0.150     0.264    -0.302     0.451     0.140
 32     Kbar0    -311 [25] (43)   
                                -0.541     0.409    -0.104     0.847     0.498
 33        K0     311 [26] (46)   
                                -0.508     0.228     0.073     0.750     0.498
 34       pi+     211 [26]    
                                -0.308     0.323    -0.597     0.758     0.140
 35      rho+     213 [27] (49,50)   
                                 0.054    -0.045     0.216     0.781     0.747
 36       pi-    -211 [27]    
                                -0.259    -0.474    -0.196     0.592     0.140
 37      rho+     213 [24] (53,54)   
                                 0.698     0.071    -0.036     0.972     0.671
 38       pi-    -211 [24]    
                                 0.426     0.333     0.492     0.745     0.140
------------------------------------------------------------------------------
     Sum of momenta:            -2e-05    -2e-05    -2e-05      7.71      7.71
------------------------------------------------------------------------------
Step 4 performed by DecayHandler
--- intermediates:
 39       pi0     111 [30] (41,42)   
                                 0.607    -0.367     0.379     0.816     0.135
 43      K_S0     310 [32] (44,45)   
                                -0.541     0.409    -0.104     0.847     0.498
 46      K_S0     310 [33] (47,48)   
                                -0.508     0.228     0.073     0.750     0.498
 49       pi0     111 [35] (51,52)   
                                -0.288     0.123     0.135     0.367     0.135
 53       pi0     111 [37] (55,56)   
                                 0.194    -0.168     0.198     0.351     0.135
--- final:
 29       pi-    -211 [28]    
                                 0.001    -0.588    -0.017     0.605     0.140
 31       pi-    -211 [25]    
                                 0.150     0.264    -0.302     0.451     0.140
 34       pi+     211 [26]    
                                -0.308     0.323    -0.597     0.758     0.140
 36       pi-    -211 [27]    
                                -0.259    -0.474    -0.196     0.592     0.140
 38       pi-    -211 [24]    
                                 0.426     0.333     0.492     0.745     0.140
 40       pi+     211 [30]    
                                -0.320    -0.153     0.092     0.392     0.140
 41     gamma      22 [39]    
                                 0.197    -0.066     0.157     0.261     0.000
 42     gamma      22 [39]    
                                 0.410    -0.301     0.222     0.555     0.000
 44       pi+     211 [43]    
                                -0.183     0.212    -0.240     0.395     0.140
 45       pi-    -211 [43]    
                                -0.358     0.197     0.137     0.453     0.140
 47       pi+     211 [46]    
                                -0.141     0.256     0.136     0.352     0.140
 48       pi-    -211 [46]    
                                -0.367    -0.029    -0.063     0.398     0.140
 50       pi+     211 [35]    
                                 0.342    -0.168     0.081     0.414     0.140
 51     gamma      22 [49]    
                                -0.100    -0.003    -0.007     0.100     0.000
 52     gamma      22 [49]    
                                -0.188     0.125     0.141     0.267     0.000
 54       pi+     211 [37]    
                                 0.504     0.239    -0.233     0.621     0.140
 55     gamma      22 [53]    
                                 0.159    -0.103     0.068     0.201     0.000
 56     gamma      22 [53]    
                                 0.034    -0.065     0.130     0.149     0.000
------------------------------------------------------------------------------
     Sum of momenta:            -2e-05    -2e-05    -2e-05      7.71      7.71

The following exception classes were reported in this run:
ThePEG::EventHandler::ConsistencyException warning (1 times)
ThePEG::LesHouchesReader::LesHouchesReopenWarning warning (1 times)
