>>>>>>>>>>>>>>>>>>>>>>>>>>>>>>>>>>>>>>>>>>>>>>>>>>>>>>>>>>>>>>>>>>>>>>>>>>>>>>
>>>> Toolkit for HEP Event Generation - ThePEG 2.2.0 <<<<<<<<<<<<<<<<<<<<<<<<<
>>>> Tue Jun 30 00:36:45 2020                                             <<<<
<<<<<<<<<<<<<<<<<<<<<<<<<<<<<<<<<<<<<<<<<<<<<<<<<<<<<<<<<<<<<<<<<<<<<<<<<<<<<<

>> Herwig 7.2.0 / ThePEG 2.2.0

/Herwig/EventHandlers/NoCuts:
MHat  = 2 .. 12.4715 GeV
Scale = 0 .. 1e+12 GeV2
YHat  = -100 .. 100
X1    = 0 .. 1
X2    = 0 .. 1

* A warning exception of type ThePEG::LesHouchesReader::LesHouchesReopenWarning occurred while generating event number 1: 
Reopening LesHouchesReader 'myReader' after accessing 2 events out of 1
* A warning exception of type ThePEG::EventHandler::ConsistencyException occurred while generating event number 1: 
Event handler 'myLesHouchesHandler' found energy-momentum non-conservation by (-1e-05,-2e-05,-1e-05;1.99998e-05) GeV after generating step number 4.

******************************************************************************
Event number 1 (id: ./OUTPUT/0.95MB1.05/1511391750/TMP/Cluster_HERWIGOutput_26) performed by myLesHouchesHandler
Weight: 1
==============================================================================

--- Colliding particles:
  1        e-      11  (3)   
                                 3.118     0.000    -0.000     3.118     0.000
  2        e+     -11  (3)   
                                -3.118     0.000     0.000     3.118     0.000
------------------------------------------------------------------------------
Primary sub-process performed by myReader
--- incoming:
  1        e-      11  (3)   
                                 3.118     0.000    -0.000     3.118     0.000
  2        e+     -11  (3)   
                                -3.118     0.000     0.000     3.118     0.000
--- intermediates:
  3     gamma      22 [1,2] (4..7)   
                                -0.000     0.000    -0.000     6.236     6.236
--- outgoing:
  4         g      21 [3] (8)  6>>5 {+1,-2}
                                 0.395     0.230    -0.371     0.589     0.000
  5         g      21 [3] (9)  4>>7 {+3,-1}
                                 0.657     1.136     2.030     2.417     0.000
  6         g      21 [3] (10)  7>>4 {+2,-4}
                                -0.177     0.555    -0.065     0.586     0.000
  7         g      21 [3] (11)  5>>6 {+4,-3}
                                -0.875    -1.920    -1.594     2.644     0.000
------------------------------------------------------------------------------
Step 1 performed by myLesHouchesHandler
--- intermediates:
  1        e-      11  (3)   
                                 3.118     0.000    -0.000     3.118     0.000
  2        e+     -11  (3)   
                                -3.118     0.000     0.000     3.118     0.000
  3     gamma      22 [1,2] (4..7)   
                                -0.000     0.000    -0.000     6.236     6.236
--- final:
  4         g      21 [3] (8)  6>>5 {+1,-2}
                                 0.395     0.230    -0.371     0.589     0.000
  5         g      21 [3] (9)  4>>7 {+3,-1}
                                 0.657     1.136     2.030     2.417     0.000
  6         g      21 [3] (10)  7>>4 {+2,-4}
                                -0.177     0.555    -0.065     0.586     0.000
  7         g      21 [3] (11)  5>>6 {+4,-3}
                                -0.875    -1.920    -1.594     2.644     0.000
------------------------------------------------------------------------------
     Sum of momenta:            -2e-05    -2e-05    -1e-05      6.24      6.24
------------------------------------------------------------------------------
Step 2 performed by ShowerHandler
--- final:
  8         g      21 [4] (12,13)  10>>9 {+1,-2}
                                 0.288     0.167    -0.270     1.042     0.950
  9         g      21 [5] (14,15)  8>>11 {+3,-1}
                                 0.479     0.828     1.480     2.002     0.950
 10         g      21 [6] (16,17)  11>>8 {+2,-4}
                                -0.129     0.404    -0.047     1.042     0.950
 11         g      21 [7] (18,19)  9>>10 {+4,-3}
                                -0.638    -1.400    -1.162     2.150     0.950
------------------------------------------------------------------------------
     Sum of momenta:            -2e-05    -2e-05    -1e-05      6.24      6.24
------------------------------------------------------------------------------
Step 3 performed by ClusterHadHandler
--- intermediates:
 12         s       3 [8] (20)   {+1}
                                 0.185     0.025     0.003     0.487     0.450
 13      sbar      -3 [8] (21)   {-2}
                                 0.103     0.142    -0.274     0.555     0.450
 14         u       2 [9] (22)   {+3}
                                 0.536     0.282     0.582     0.900     0.325
 15      ubar      -2 [9] (20)   {-1}
                                -0.057     0.546     0.898     1.102     0.325
 16         s       3 [10] (21)   {+2}
                                -0.203     0.148    -0.056     0.518     0.450
 17      sbar      -3 [10] (23)   {-4}
                                 0.074     0.257     0.008     0.523     0.450
 18         s       3 [11] (23)   {+4}
                                -0.376    -0.551    -0.619     1.015     0.450
 19      sbar      -3 [11] (22)   {-3}
                                -0.263    -0.849    -0.544     1.134     0.450
 20   Cluster      81 [12,15] (28,29)   
                                 0.128     0.571     0.902     1.589     1.170
 21   Cluster      81 [13,16] (24)   
                                -0.099     0.290    -0.330     1.074     0.975
 22   Cluster      81 [14,19] (26,27)   
                                 0.273    -0.567     0.038     2.035     1.935
 23   Cluster      81 [17,18] (25)   
                                -0.302    -0.295    -0.610     1.539     1.348
 25   Cluster      81 [23] (30,31)   
                                -0.317    -0.349    -0.629     1.560     1.348
--- final:
 24       f_0 9010221 [21] (32,33)   
                                -0.084     0.344    -0.311     1.052     0.940
 26        K+     321 [22]    
                                 0.009    -0.547    -0.237     0.774     0.494
 27      f'_1   20333 [22] (34..36)   
                                 0.264    -0.020     0.275     1.261     1.202
 28     Kbar0    -311 [20] (38)   
                                 0.195     0.163     0.996     1.142     0.498
 29       pi-    -211 [20]    
                                -0.066     0.408    -0.095     0.447     0.140
 30        K+     321 [25]    
                                -0.079    -0.545    -0.640     0.978     0.494
 31        K-    -321 [25]    
                                -0.238     0.196     0.011     0.582     0.494
------------------------------------------------------------------------------
     Sum of momenta:            -2e-05    -2e-05    -1e-05      6.24      6.24
------------------------------------------------------------------------------
Step 4 performed by DecayHandler
--- intermediates:
 35        K0     311 [27] (37)   
                                 0.147    -0.076     0.250     0.581     0.498
 38      K_S0     310 [28] (39,40)   
                                 0.195     0.163     0.996     1.142     0.498
--- final:
 26        K+     321 [22]    
                                 0.009    -0.547    -0.237     0.774     0.494
 29       pi-    -211 [20]    
                                -0.066     0.408    -0.095     0.447     0.140
 30        K+     321 [25]    
                                -0.079    -0.545    -0.640     0.978     0.494
 31        K-    -321 [25]    
                                -0.238     0.196     0.011     0.582     0.494
 32       pi+     211 [24]    
                                -0.482     0.148    -0.259     0.584     0.140
 33       pi-    -211 [24]    
                                 0.398     0.196    -0.052     0.468     0.140
 34        K-    -321 [27]    
                                 0.172     0.050    -0.014     0.525     0.494
 36       pi+     211 [27]    
                                -0.054     0.006     0.038     0.155     0.140
 37      K_L0     130 [35]    
                                 0.147    -0.076     0.250     0.581     0.498
 39       pi+     211 [38]    
                                 0.115    -0.002     0.851     0.870     0.140
 40       pi-    -211 [38]    
                                 0.079     0.165     0.145     0.272     0.140
------------------------------------------------------------------------------
     Sum of momenta:            -2e-05    -2e-05    -1e-05      6.24      6.24

The following exception classes were reported in this run:
ThePEG::EventHandler::ConsistencyException warning (1 times)
ThePEG::LesHouchesReader::LesHouchesReopenWarning warning (1 times)
