>>>>>>>>>>>>>>>>>>>>>>>>>>>>>>>>>>>>>>>>>>>>>>>>>>>>>>>>>>>>>>>>>>>>>>>>>>>>>>
>>>> Toolkit for HEP Event Generation - ThePEG 2.2.0 <<<<<<<<<<<<<<<<<<<<<<<<<
>>>> Tue Jun 30 00:56:50 2020                                             <<<<
<<<<<<<<<<<<<<<<<<<<<<<<<<<<<<<<<<<<<<<<<<<<<<<<<<<<<<<<<<<<<<<<<<<<<<<<<<<<<<

>> Herwig 7.2.0 / ThePEG 2.2.0

/Herwig/EventHandlers/NoCuts:
MHat  = 2 .. 33.3013 GeV
Scale = 0 .. 1e+12 GeV2
YHat  = -100 .. 100
X1    = 0 .. 1
X2    = 0 .. 1

* A warning exception of type ThePEG::LesHouchesReader::LesHouchesReopenWarning occurred while generating event number 1: 
Reopening LesHouchesReader 'myReader' after accessing 2 events out of 1
* A warning exception of type ThePEG::EventHandler::ConsistencyException occurred while generating event number 1: 
Event handler 'myLesHouchesHandler' found energy-momentum non-conservation by (-3e-05,-4e-05,-4e-05;3.99994e-05) GeV after generating step number 4.

******************************************************************************
Event number 1 (id: ./OUTPUT/0.95MB1.05/1515370160/TMP/Cluster_HERWIGOutput_41) performed by myLesHouchesHandler
Weight: 1
==============================================================================

--- Colliding particles:
  1        e-      11  (3)   
                                 8.325     0.000     0.000     8.325     0.000
  2        e+     -11  (3)   
                                -8.325     0.000     0.000     8.325     0.000
------------------------------------------------------------------------------
Primary sub-process performed by myReader
--- incoming:
  1        e-      11  (3)   
                                 8.325     0.000     0.000     8.325     0.000
  2        e+     -11  (3)   
                                -8.325     0.000     0.000     8.325     0.000
--- intermediates:
  3     gamma      22 [1,2] (4..9)   
                                 0.000     0.000     0.000    16.651    16.651
--- outgoing:
  4         g      21 [3] (10)  8>>8 {+1,-2}
                                -0.413    -0.028    -0.035     0.415     0.000
  5         g      21 [3] (11)  7>>7 {+3,-4}
                                 1.206    -1.359     0.277     1.838     0.000
  6         g      21 [3] (14)  9>>9 {+5,-6}
                                 0.895    -0.131    -0.774     1.191     0.000
  7         g      21 [3] (15)  5>>5 {+4,-3}
                                 2.090     0.059    -5.532     5.914     0.000
  8         g      21 [3] (16)  4>>4 {+2,-1}
                                -0.322     0.144     0.475     0.591     0.000
  9         g      21 [3] (17)  6>>6 {+6,-5}
                                -3.457     1.316     5.589     6.702     0.000
------------------------------------------------------------------------------
Step 1 performed by myLesHouchesHandler
--- intermediates:
  1        e-      11  (3)   
                                 8.325     0.000     0.000     8.325     0.000
  2        e+     -11  (3)   
                                -8.325     0.000     0.000     8.325     0.000
  3     gamma      22 [1,2] (4..9)   
                                 0.000     0.000     0.000    16.651    16.651
--- final:
  4         g      21 [3] (10)  8>>8 {+1,-2}
                                -0.413    -0.028    -0.035     0.415     0.000
  5         g      21 [3] (11)  7>>7 {+3,-4}
                                 1.206    -1.359     0.277     1.838     0.000
  6         g      21 [3] (14)  9>>9 {+5,-6}
                                 0.895    -0.131    -0.774     1.191     0.000
  7         g      21 [3] (15)  5>>5 {+4,-3}
                                 2.090     0.059    -5.532     5.914     0.000
  8         g      21 [3] (16)  4>>4 {+2,-1}
                                -0.322     0.144     0.475     0.591     0.000
  9         g      21 [3] (17)  6>>6 {+6,-5}
                                -3.457     1.316     5.589     6.702     0.000
------------------------------------------------------------------------------
     Sum of momenta:            -3e-05    -4e-05    -4e-05      16.7      16.7
------------------------------------------------------------------------------
Step 2 performed by ShowerHandler
--- intermediates:
 11         g      21 [5] (12,13)   {+3,-4}
                                 0.951    -1.073     0.219     3.115     2.756
--- final:
 10         g      21 [4] (18,19)  16>>16 {+1,-2}
                                -0.326    -0.022    -0.027     1.005     0.950
 12         g      21 [11] (28,29)  13>>15 {+3,-7}
                                 1.177     0.159     0.257     1.543     0.950
 13         g      21 [11] (30,31)  15>>12 {+7,-4}
                                -0.226    -1.232    -0.038     1.572     0.950
 14         g      21 [6] (20,21)  17>>17 {+5,-6}
                                 0.707    -0.104    -0.611     1.336     0.950
 15         g      21 [7] (22,23)  12>>13 {+4,-3}
                                 1.650     0.046    -4.366     4.763     0.950
 16         g      21 [8] (24,25)  10>>10 {+2,-1}
                                -0.254     0.114     0.374     1.058     0.950
 17         g      21 [9] (26,27)  14>>14 {+6,-5}
                                -2.728     1.039     4.410     5.374     0.950
------------------------------------------------------------------------------
     Sum of momenta:            -3e-05    -4e-05    -4e-05      16.7      16.7
------------------------------------------------------------------------------
Step 3 performed by ClusterHadHandler
--- intermediates:
 18         u       2 [10] (34)   {+1}
                                -0.084    -0.273    -0.227     0.488     0.325
 19      ubar      -2 [10] (37)   {-2}
                                -0.242     0.251     0.200     0.516     0.325
 20         d       1 [14] (34)   {+5}
                                 0.585    -0.273    -0.617     0.950     0.325
 21      dbar      -1 [14] (32)   {-6}
                                 0.121     0.169     0.006     0.386     0.325
 22         u       2 [15] (33)   {+4}
                                 0.324     0.034    -1.788     1.846     0.325
 23      ubar      -2 [15] (36)   {-3}
                                 1.325     0.012    -2.578     2.917     0.325
 24         d       1 [16] (37)   {+2}
                                -0.359     0.052    -0.073     0.492     0.325
 25      dbar      -1 [16] (35)   {-1}
                                 0.105     0.062     0.447     0.566     0.325
 26         d       1 [17] (32)   {+6}
                                -0.890     0.126     1.026     1.402     0.325
 27      dbar      -1 [17] (35)   {-5}
                                -1.838     0.913     3.384     3.971     0.325
 28         s       3 [12] (36)   {+3}
                                 0.748    -0.020     0.170     0.890     0.450
 29      sbar      -3 [12] (35)   {-7}
                                 0.429     0.179     0.087     0.653     0.450
 30         u       2 [13] (34)   {+7}
                                -0.424    -0.503     0.094     0.740     0.325
 31      ubar      -2 [13] (33)   {-4}
                                 0.198    -0.728    -0.132     0.832     0.325
 32   Cluster      81 [21,26] (44,45)   
                                -0.769     0.295     1.032     1.788     1.206
 33   Cluster      81 [22,31] (40,41)   
                                 0.523    -0.694    -1.920     2.678     1.653
 34   Cluster      81 [18,20,30] (38)   
                                 0.078    -1.049    -0.750     2.179     1.755
 35   Cluster      81 [25,27,29] (39)   
                                -1.304     1.154     3.918     5.190     2.925
 36   Cluster      81 [23,28] (46,47)   
                                 2.073    -0.008    -2.407     3.806     2.096
 37   Cluster      81 [19,24] (42,43)   
                                -0.601     0.303     0.127     1.009     0.741
 38   Cluster      81 [34] (48,49)   
                                 0.078    -1.049    -0.750     2.179     1.755
 39   Cluster      81 [35] (50,51)   
                                -1.304     1.154     3.918     5.190     2.925
--- final:
 40      rho0     113 [33] (52,53)   
                                 0.335    -0.161    -0.297     0.838     0.690
 41      rho0     113 [33] (54,55)   
                                 0.188    -0.533    -1.623     1.840     0.659
 42       pi-    -211 [37]    
                                -0.381     0.085     0.399     0.575     0.140
 43       pi0     111 [37] (56..58)   
                                -0.219     0.218    -0.272     0.433     0.135
 44       pi+     211 [32]    
                                -0.292     0.514     0.459     0.761     0.140
 45      rho-    -213 [32] (59,60)   
                                -0.477    -0.219     0.573     1.027     0.671
 46   Lambda0    3122 [36] (63,64)   
                                 1.204    -0.175    -1.216     2.050     1.116
 47     pbar-   -2212 [36]    
                                 0.869     0.167    -1.192     1.756     0.938
 48      rho0     113 [38] (65,66)   
                                 0.001    -0.230    -0.239     0.830     0.761
 49        p+    2212 [38]    
                                 0.076    -0.820    -0.511     1.349     0.938
 50      a_1+   20213 [39] (67,68)   
                                -0.683     0.788     1.306     2.139     1.335
 51Sigma*bar0   -3214 [39] (71,72)   
                                -0.621     0.366     2.612     3.051     1.402
------------------------------------------------------------------------------
     Sum of momenta:            -3e-05    -4e-05    -4e-05      16.7      16.7
------------------------------------------------------------------------------
Step 4 performed by DecayHandler
--- intermediates:
 59       pi0     111 [45] (61,62)   
                                -0.443     0.013     0.090     0.472     0.135
 67      rho0     113 [50] (69,70)   
                                -0.780     0.300     0.989     1.533     0.820
 71Lambdabar0   -3122 [51] (73,74)   
                                -0.274     0.279     2.125     2.431     1.116
 72       pi0     111 [51] (77,78)   
                                -0.347     0.087     0.488     0.620     0.135
 74       pi0     111 [71] (75,76)   
                                -0.054    -0.030     0.453     0.476     0.135
--- final:
 42       pi-    -211 [37]    
                                -0.381     0.085     0.399     0.575     0.140
 44       pi+     211 [32]    
                                -0.292     0.514     0.459     0.761     0.140
 47     pbar-   -2212 [36]    
                                 0.869     0.167    -1.192     1.756     0.938
 49        p+    2212 [38]    
                                 0.076    -0.820    -0.511     1.349     0.938
 52       pi+     211 [40]    
                                 0.145     0.197    -0.297     0.410     0.140
 53       pi-    -211 [40]    
                                 0.189    -0.358     0.000     0.428     0.140
 54       pi+     211 [41]    
                                 0.402    -0.368    -1.102     1.237     0.140
 55       pi-    -211 [41]    
                                -0.214    -0.166    -0.521     0.603     0.140
 56     gamma      22 [43]    
                                 0.010    -0.010    -0.017     0.022     0.000
 57        e-      11 [43]    
                                -0.079     0.079    -0.088     0.142     0.001
 58        e+     -11 [43]    
                                -0.150     0.149    -0.167     0.269     0.001
 60       pi-    -211 [45]    
                                -0.035    -0.233     0.483     0.555     0.140
 61     gamma      22 [59]    
                                -0.172     0.069     0.052     0.192     0.000
 62     gamma      22 [59]    
                                -0.271    -0.056     0.038     0.279     0.000
 63        p+    2212 [46]    
                                 1.065    -0.190    -1.165     1.847     0.938
 64       pi-    -211 [46]    
                                 0.139     0.015    -0.050     0.204     0.140
 65       pi+     211 [48]    
                                -0.190     0.174    -0.212     0.362     0.140
 66       pi-    -211 [48]    
                                 0.192    -0.403    -0.027     0.469     0.140
 68       pi+     211 [50]    
                                 0.097     0.488     0.317     0.606     0.140
 69       pi+     211 [67]    
                                -0.063     0.347     0.123     0.399     0.140
 70       pi-    -211 [67]    
                                -0.717    -0.047     0.866     1.134     0.140
 73     nbar0   -2112 [71]    
                                -0.220     0.309     1.672     1.955     0.940
 75     gamma      22 [74]    
                                -0.029     0.052     0.140     0.152     0.000
 76     gamma      22 [74]    
                                -0.025    -0.082     0.313     0.324     0.000
 77     gamma      22 [72]    
                                -0.094     0.054     0.066     0.127     0.000
 78     gamma      22 [72]    
                                -0.253     0.033     0.421     0.492     0.000
------------------------------------------------------------------------------
     Sum of momenta:            -3e-05    -4e-05    -4e-05      16.7      16.7

The following exception classes were reported in this run:
ThePEG::EventHandler::ConsistencyException warning (1 times)
ThePEG::LesHouchesReader::LesHouchesReopenWarning warning (1 times)
