>>>>>>>>>>>>>>>>>>>>>>>>>>>>>>>>>>>>>>>>>>>>>>>>>>>>>>>>>>>>>>>>>>>>>>>>>>>>>>
>>>> Toolkit for HEP Event Generation - ThePEG 2.2.0 <<<<<<<<<<<<<<<<<<<<<<<<<
>>>> Tue Jun 30 00:19:12 2020                                             <<<<
<<<<<<<<<<<<<<<<<<<<<<<<<<<<<<<<<<<<<<<<<<<<<<<<<<<<<<<<<<<<<<<<<<<<<<<<<<<<<<

>> Herwig 7.2.0 / ThePEG 2.2.0

/Herwig/EventHandlers/NoCuts:
MHat  = 2 .. 21.0805 GeV
Scale = 0 .. 1e+12 GeV2
YHat  = -100 .. 100
X1    = 0 .. 1
X2    = 0 .. 1

* A warning exception of type ThePEG::LesHouchesReader::LesHouchesReopenWarning occurred while generating event number 1: 
Reopening LesHouchesReader 'myReader' after accessing 2 events out of 1
* A warning exception of type ThePEG::EventHandler::ConsistencyException occurred while generating event number 1: 
Event handler 'myLesHouchesHandler' found energy-momentum non-conservation by (-2e-05,-2e-05,-2e-05;1.99996e-05) GeV after generating step number 4.

******************************************************************************
Event number 1 (id: ./OUTPUT/0.95MB1.05/1511417446/TMP/Cluster_HERWIGOutput_4) performed by myLesHouchesHandler
Weight: 1
==============================================================================

--- Colliding particles:
  1        e-      11  (3)   
                                 5.270     0.000     0.000     5.270     0.000
  2        e+     -11  (3)   
                                -5.270     0.000     0.000     5.270     0.000
------------------------------------------------------------------------------
Primary sub-process performed by myReader
--- incoming:
  1        e-      11  (3)   
                                 5.270     0.000     0.000     5.270     0.000
  2        e+     -11  (3)   
                                -5.270     0.000     0.000     5.270     0.000
--- intermediates:
  3     gamma      22 [1,2] (4..8)   
                                 0.000     0.000     0.000    10.540    10.540
--- outgoing:
  4         g      21 [3] (9)  8>>8 {+1,-2}
                                -0.435    -1.286     0.175     1.368     0.000
  5         g      21 [3] (10)  7>>6 {+3,-4}
                                -1.234     1.987    -2.916     3.738     0.000
  6         g      21 [3] (11)  5>>7 {+5,-3}
                                 2.381    -1.494     0.800     2.923     0.000
  7         g      21 [3] (12)  6>>5 {+4,-5}
                                -0.631    -0.108     1.121     1.291     0.000
  8         g      21 [3] (13)  4>>4 {+2,-1}
                                -0.082     0.900     0.820     1.220     0.000
------------------------------------------------------------------------------
Step 1 performed by myLesHouchesHandler
--- intermediates:
  1        e-      11  (3)   
                                 5.270     0.000     0.000     5.270     0.000
  2        e+     -11  (3)   
                                -5.270     0.000     0.000     5.270     0.000
  3     gamma      22 [1,2] (4..8)   
                                 0.000     0.000     0.000    10.540    10.540
--- final:
  4         g      21 [3] (9)  8>>8 {+1,-2}
                                -0.435    -1.286     0.175     1.368     0.000
  5         g      21 [3] (10)  7>>6 {+3,-4}
                                -1.234     1.987    -2.916     3.738     0.000
  6         g      21 [3] (11)  5>>7 {+5,-3}
                                 2.381    -1.494     0.800     2.923     0.000
  7         g      21 [3] (12)  6>>5 {+4,-5}
                                -0.631    -0.108     1.121     1.291     0.000
  8         g      21 [3] (13)  4>>4 {+2,-1}
                                -0.082     0.900     0.820     1.220     0.000
------------------------------------------------------------------------------
     Sum of momenta:            -2e-05    -2e-05    -2e-05      10.5      10.5
------------------------------------------------------------------------------
Step 2 performed by ShowerHandler
--- final:
  9         g      21 [4] (14,15)  13>>13 {+1,-2}
                                -0.379    -1.121     0.153     1.525     0.950
 10         g      21 [5] (16,17)  12>>11 {+3,-4}
                                -1.076     1.733    -2.543     3.395     0.950
 11         g      21 [6] (18,19)  10>>12 {+5,-3}
                                 2.077    -1.303     0.697     2.720     0.950
 12         g      21 [7] (20,21)  11>>10 {+4,-5}
                                -0.550    -0.094     0.978     1.473     0.950
 13         g      21 [8] (22,23)  9>>9 {+2,-1}
                                -0.072     0.785     0.715     1.427     0.950
------------------------------------------------------------------------------
     Sum of momenta:            -2e-05    -2e-05    -2e-05      10.5      10.5
------------------------------------------------------------------------------
Step 3 performed by ClusterHadHandler
--- intermediates:
 14         u       2 [9] (26)   {+1}
                                -0.049    -0.920    -0.057     0.978     0.325
 15      ubar      -2 [9] (28)   {-2}
                                -0.330    -0.201     0.210     0.547     0.325
 16         s       3 [10] (25)   {+3}
                                -0.531     0.644    -0.977     1.361     0.450
 17      sbar      -3 [10] (27)   {-4}
                                -0.545     1.089    -1.566     2.034     0.450
 18         u       2 [11] (24)   {+5}
                                 0.283    -0.153     0.008     0.458     0.325
 19      ubar      -2 [11] (26)   {-3}
                                 1.793    -1.150     0.689     2.262     0.325
 20         s       3 [12] (28)   {+4}
                                -0.293    -0.165     0.377     0.676     0.450
 21      sbar      -3 [12] (24)   {-5}
                                -0.257     0.071     0.601     0.797     0.450
 22         s       3 [13] (27)   {+2}
                                -0.057     0.346     0.172     0.596     0.450
 23      sbar      -3 [13] (25)   {-1}
                                -0.015     0.439     0.543     0.831     0.450
 24   Cluster      81 [18,21] (33,34)   
                                 0.026    -0.083     0.609     1.255     1.093
 25   Cluster      81 [16,23] (31,32)   
                                -0.545     1.083    -0.434     2.192     1.773
 26   Cluster      81 [14,19] (37,38)   
                                 1.744    -2.070     0.633     3.241     1.666
 27   Cluster      81 [17,22] (35,36)   
                                -0.602     1.435    -1.394     2.630     1.598
 28   Cluster      81 [15,20] (29,30)   
                                -0.623    -0.366     0.586     1.223     0.794
--- final:
 29     Kbar0    -311 [28] (39)   
                                -0.583    -0.138     0.315     0.840     0.498
 30       pi-    -211 [28]    
                                -0.040    -0.228     0.272     0.383     0.140
 31        K-    -321 [25]    
                                -0.884     0.127    -0.192     1.038     0.494
 32        K+     321 [25]    
                                 0.338     0.956    -0.242     1.154     0.494
 33       pi0     111 [24] (42,43)   
                                 0.078    -0.009     0.005     0.156     0.135
 34       K*+     323 [24] (44,45)   
                                -0.051    -0.074     0.604     1.098     0.913
 35       K*-    -323 [27] (47,48)   
                                -0.161     0.552    -0.851     1.400     0.951
 36        K+     321 [27]    
                                -0.441     0.883    -0.543     1.230     0.494
 37      rho+     213 [26] (52,53)   
                                 0.769    -1.865     0.401     2.208     0.804
 38       pi-    -211 [26]    
                                 0.976    -0.205     0.231     1.033     0.140
------------------------------------------------------------------------------
     Sum of momenta:            -2e-05    -2e-05    -2e-05      10.5      10.5
------------------------------------------------------------------------------
Step 4 performed by DecayHandler
--- intermediates:
 39      K_S0     310 [29] (40,41)   
                                -0.583    -0.138     0.315     0.840     0.498
 44        K0     311 [34] (46)   
                                -0.126    -0.307     0.255     0.650     0.498
 47     Kbar0    -311 [35] (49)   
                                -0.404     0.506    -0.542     0.980     0.498
 49      K_S0     310 [47] (50,51)   
                                -0.404     0.506    -0.542     0.980     0.498
 52       pi0     111 [37] (54,55)   
                                 0.412    -1.535     0.540     1.684     0.135
--- final:
 30       pi-    -211 [28]    
                                -0.040    -0.228     0.272     0.383     0.140
 31        K-    -321 [25]    
                                -0.884     0.127    -0.192     1.038     0.494
 32        K+     321 [25]    
                                 0.338     0.956    -0.242     1.154     0.494
 36        K+     321 [27]    
                                -0.441     0.883    -0.543     1.230     0.494
 38       pi-    -211 [26]    
                                 0.976    -0.205     0.231     1.033     0.140
 40       pi+     211 [39]    
                                -0.439    -0.076     0.006     0.467     0.140
 41       pi-    -211 [39]    
                                -0.144    -0.062     0.309     0.373     0.140
 42     gamma      22 [33]    
                                 0.033    -0.066     0.029     0.079     0.000
 43     gamma      22 [33]    
                                 0.045     0.058    -0.023     0.077     0.000
 45       pi+     211 [34]    
                                 0.074     0.233     0.348     0.448     0.140
 46      K_L0     130 [44]    
                                -0.126    -0.307     0.255     0.650     0.498
 48       pi-    -211 [35]    
                                 0.243     0.046    -0.309     0.420     0.140
 50       pi+     211 [49]    
                                -0.274     0.059    -0.116     0.333     0.140
 51       pi-    -211 [49]    
                                -0.130     0.447    -0.426     0.646     0.140
 53       pi+     211 [37]    
                                 0.357    -0.330    -0.139     0.524     0.140
 54     gamma      22 [52]    
                                 0.282    -0.865     0.259     0.946     0.000
 55     gamma      22 [52]    
                                 0.130    -0.670     0.281     0.738     0.000
------------------------------------------------------------------------------
     Sum of momenta:            -2e-05    -2e-05    -2e-05      10.5      10.5

The following exception classes were reported in this run:
ThePEG::EventHandler::ConsistencyException warning (1 times)
ThePEG::LesHouchesReader::LesHouchesReopenWarning warning (1 times)
