>>>>>>>>>>>>>>>>>>>>>>>>>>>>>>>>>>>>>>>>>>>>>>>>>>>>>>>>>>>>>>>>>>>>>>>>>>>>>>
>>>> Toolkit for HEP Event Generation - ThePEG 2.2.0 <<<<<<<<<<<<<<<<<<<<<<<<<
>>>> Tue Jun 30 00:46:26 2020                                             <<<<
<<<<<<<<<<<<<<<<<<<<<<<<<<<<<<<<<<<<<<<<<<<<<<<<<<<<<<<<<<<<<<<<<<<<<<<<<<<<<<

>> Herwig 7.2.0 / ThePEG 2.2.0

/Herwig/EventHandlers/NoCuts:
MHat  = 2 .. 38.8488 GeV
Scale = 0 .. 1e+12 GeV2
YHat  = -100 .. 100
X1    = 0 .. 1
X2    = 0 .. 1

* A warning exception of type ThePEG::LesHouchesReader::LesHouchesReopenWarning occurred while generating event number 1: 
Reopening LesHouchesReader 'myReader' after accessing 2 events out of 1
* A warning exception of type ThePEG::EventHandler::ConsistencyException occurred while generating event number 1: 
Event handler 'myLesHouchesHandler' found energy-momentum non-conservation by (-2e-05,-2e-05,-3e-05;1.99983e-05) GeV after generating step number 4.

******************************************************************************
Event number 1 (id: ./OUTPUT/0.95MB1.05/1511650143/TMP/Cluster_HERWIGOutput_19) performed by myLesHouchesHandler
Weight: 1
==============================================================================

--- Colliding particles:
  1        e-      11  (3)   
                                 9.712     0.000     0.000     9.712     0.000
  2        e+     -11  (3)   
                                -9.712     0.000     0.000     9.712     0.000
------------------------------------------------------------------------------
Primary sub-process performed by myReader
--- incoming:
  1        e-      11  (3)   
                                 9.712     0.000     0.000     9.712     0.000
  2        e+     -11  (3)   
                                -9.712     0.000     0.000     9.712     0.000
--- intermediates:
  3     gamma      22 [1,2] (4..8)   
                                 0.000     0.000    -0.000    19.424    19.424
--- outgoing:
  4         g      21 [3] (9)  8>>7 {+1,-2}
                                -0.924    -0.304    -0.025     0.973     0.000
  5         g      21 [3] (10)  6>>6 {+3,-4}
                                -0.537     0.370    -1.378     1.525     0.000
  6         g      21 [3] (11)  5>>5 {+4,-3}
                                 1.584    -7.192     4.683     8.728     0.000
  7         g      21 [3] (12)  4>>8 {+5,-1}
                                -0.003    -0.172     0.044     0.178     0.000
  8         g      21 [3] (13)  7>>4 {+2,-5}
                                -0.119     7.299    -3.324     8.021     0.000
------------------------------------------------------------------------------
Step 1 performed by myLesHouchesHandler
--- intermediates:
  1        e-      11  (3)   
                                 9.712     0.000     0.000     9.712     0.000
  2        e+     -11  (3)   
                                -9.712     0.000     0.000     9.712     0.000
  3     gamma      22 [1,2] (4..8)   
                                 0.000     0.000    -0.000    19.424    19.424
--- final:
  4         g      21 [3] (9)  8>>7 {+1,-2}
                                -0.924    -0.304    -0.025     0.973     0.000
  5         g      21 [3] (10)  6>>6 {+3,-4}
                                -0.537     0.370    -1.378     1.525     0.000
  6         g      21 [3] (11)  5>>5 {+4,-3}
                                 1.584    -7.192     4.683     8.728     0.000
  7         g      21 [3] (12)  4>>8 {+5,-1}
                                -0.003    -0.172     0.044     0.178     0.000
  8         g      21 [3] (13)  7>>4 {+2,-5}
                                -0.119     7.299    -3.324     8.021     0.000
------------------------------------------------------------------------------
     Sum of momenta:            -3e-05    -2e-05    -3e-05      19.4      19.4
------------------------------------------------------------------------------
Step 2 performed by ShowerHandler
--- final:
  9         g      21 [4] (14,15)  13>>12 {+1,-2}
                                -0.847    -0.279    -0.023     1.303     0.950
 10         g      21 [5] (16,17)  11>>11 {+3,-4}
                                -0.492     0.339    -1.263     1.690     0.950
 11         g      21 [6] (18,19)  10>>10 {+4,-3}
                                 1.452    -6.592     4.292     8.055     0.950
 12         g      21 [7] (20,21)  9>>13 {+5,-1}
                                -0.003    -0.158     0.040     0.964     0.950
 13         g      21 [8] (22,23)  12>>9 {+2,-5}
                                -0.109     6.690    -3.047     7.413     0.950
------------------------------------------------------------------------------
     Sum of momenta:            -3e-05    -2e-05    -3e-05      19.4      19.4
------------------------------------------------------------------------------
Step 3 performed by ClusterHadHandler
--- intermediates:
 14         u       2 [9] (24)   {+1}
                                -0.162    -0.392    -0.044     0.536     0.325
 15      ubar      -2 [9] (25)   {-2}
                                -0.685     0.113     0.022     0.767     0.325
 16         d       1 [10] (26)   {+3}
                                -0.366     0.380    -0.350     0.711     0.325
 17      dbar      -1 [10] (27)   {-4}
                                -0.127    -0.041    -0.913     0.979     0.325
 18         s       3 [11] (27)   {+4}
                                 0.758    -3.760     2.291     4.490     0.450
 19      sbar      -3 [11] (26)   {-3}
                                 0.693    -2.832     2.001     3.565     0.450
 20         u       2 [12] (28)   {+5}
                                 0.205    -0.088     0.298     0.494     0.325
 21      ubar      -2 [12] (24)   {-1}
                                -0.209    -0.070    -0.258     0.470     0.325
 22         u       2 [13] (25)   {+2}
                                -0.378     3.111    -1.542     3.508     0.325
 23      ubar      -2 [13] (28)   {-5}
                                 0.268     3.578    -1.504     3.905     0.325
 24   Cluster      81 [14,21] (37,38)   
                                -0.371    -0.462    -0.302     1.006     0.755
 25   Cluster      81 [15,22] (33,34)   
                                -1.063     3.224    -1.521     4.275     2.106
 26   Cluster      81 [16,19] (35,36)   
                                 0.328    -2.452     1.651     4.276     3.072
 27   Cluster      81 [17,18] (31,32)   
                                 0.632    -3.800     1.378     5.469     3.629
 28   Cluster      81 [20,23] (29,30)   
                                 0.474     3.491    -1.206     4.399     2.342
--- final:
 29        n0    2112 [28]    
                                 0.542     2.603    -1.291     3.101     0.940
 30     nbar0   -2112 [28]    
                                -0.068     0.888     0.085     1.297     0.940
 31 f_0(1500) 9030221 [27] (39,40)   
                                -0.477    -1.177     0.347     1.938     1.422
 32  K_3*bar0    -317 [27] (41,42)   
                                 1.109    -2.623     1.031     3.531     1.815
 33       pi-    -211 [25]    
                                 0.058     0.538     0.333     0.651     0.140
 34      a_1+   20213 [25] (43,44)   
                                -1.120     2.686    -1.854     3.624     1.109
 35        n0    2112 [26]    
                                -0.171    -1.209     0.078     1.543     0.940
 36Sigmabar(1750)0  -23212 [26] (51,52)   
                                 0.499    -1.243     1.574     2.733     1.789
 37       pi0     111 [24] (68,69)   
                                -0.398    -0.528    -0.008     0.675     0.135
 38       pi0     111 [24] (70,71)   
                                 0.028     0.065    -0.294     0.331     0.135
------------------------------------------------------------------------------
     Sum of momenta:            -3e-05    -2e-05    -3e-05      19.4      19.4
------------------------------------------------------------------------------
Step 4 performed by DecayHandler
--- intermediates:
 43    rho''+   30213 [34] (45,46)   
                                -1.044     1.866    -1.383     2.666     0.790
 44       pi0     111 [34] (49,50)   
                                -0.077     0.820    -0.470     0.958     0.135
 45       pi0     111 [43] (47,48)   
                                -0.075     0.864    -0.577     1.050     0.135
 51 Sigmabar0   -3212 [36] (53,54)   
                                 0.523    -0.866     1.014     1.864     1.193
 52       eta     221 [36] (59..61)   
                                -0.024    -0.377     0.560     0.869     0.548
 53Lambdabar0   -3122 [51] (55,56)   
                                 0.506    -0.828     1.046     1.811     1.116
 56       pi0     111 [53] (57,58)   
                                 0.056    -0.076     0.018     0.166     0.135
 59       pi0     111 [52] (62,63)   
                                -0.029    -0.086     0.021     0.164     0.135
 60       pi0     111 [52] (64,65)   
                                 0.062    -0.154     0.132     0.252     0.135
 61       pi0     111 [52] (66,67)   
                                -0.057    -0.137     0.407     0.454     0.135
--- final:
 29        n0    2112 [28]    
                                 0.542     2.603    -1.291     3.101     0.940
 30     nbar0   -2112 [28]    
                                -0.068     0.888     0.085     1.297     0.940
 33       pi-    -211 [25]    
                                 0.058     0.538     0.333     0.651     0.140
 35        n0    2112 [26]    
                                -0.171    -1.209     0.078     1.543     0.940
 39        K+     321 [31]    
                                -0.347    -1.166     0.500     1.405     0.494
 40        K-    -321 [31]    
                                -0.130    -0.011    -0.153     0.533     0.494
 41        K-    -321 [32]    
                                 0.963    -2.673     0.456     2.920     0.494
 42       pi+     211 [32]    
                                 0.146     0.050     0.575     0.611     0.140
 46       pi+     211 [43]    
                                -0.968     1.002    -0.806     1.616     0.140
 47     gamma      22 [45]    
                                -0.055     0.836    -0.574     1.016     0.000
 48     gamma      22 [45]    
                                -0.021     0.027    -0.003     0.035     0.000
 49     gamma      22 [44]    
                                -0.024     0.320    -0.260     0.413     0.000
 50     gamma      22 [44]    
                                -0.052     0.500    -0.210     0.545     0.000
 54     gamma      22 [51]    
                                 0.017    -0.039    -0.032     0.053     0.000
 55     nbar0   -2112 [53]    
                                 0.450    -0.751     1.028     1.645     0.940
 57     gamma      22 [56]    
                                 0.058    -0.089    -0.034     0.112     0.000
 58     gamma      22 [56]    
                                -0.002     0.013     0.052     0.054     0.000
 62     gamma      22 [59]    
                                 0.042    -0.029    -0.031     0.059     0.000
 63     gamma      22 [59]    
                                -0.071    -0.056     0.052     0.104     0.000
 64     gamma      22 [60]    
                                 0.033     0.019     0.014     0.040     0.000
 65     gamma      22 [60]    
                                 0.029    -0.173     0.118     0.211     0.000
 66     gamma      22 [61]    
                                -0.038    -0.040     0.027     0.061     0.000
 67     gamma      22 [61]    
                                -0.020    -0.097     0.380     0.393     0.000
 68     gamma      22 [37]    
                                -0.256    -0.329    -0.070     0.422     0.000
 69     gamma      22 [37]    
                                -0.142    -0.199     0.062     0.252     0.000
 70     gamma      22 [38]    
                                -0.049     0.043    -0.182     0.193     0.000
 71     gamma      22 [38]    
                                 0.077     0.022    -0.112     0.138     0.000
------------------------------------------------------------------------------
     Sum of momenta:            -3e-05    -2e-05    -3e-05      19.4      19.4

The following exception classes were reported in this run:
ThePEG::EventHandler::ConsistencyException warning (1 times)
ThePEG::LesHouchesReader::LesHouchesReopenWarning warning (1 times)
