>>>>>>>>>>>>>>>>>>>>>>>>>>>>>>>>>>>>>>>>>>>>>>>>>>>>>>>>>>>>>>>>>>>>>>>>>>>>>>
>>>> Toolkit for HEP Event Generation - ThePEG 2.2.0 <<<<<<<<<<<<<<<<<<<<<<<<<
>>>> Tue Jun 30 00:20:49 2020                                             <<<<
<<<<<<<<<<<<<<<<<<<<<<<<<<<<<<<<<<<<<<<<<<<<<<<<<<<<<<<<<<<<<<<<<<<<<<<<<<<<<<

>> Herwig 7.2.0 / ThePEG 2.2.0

/Herwig/EventHandlers/NoCuts:
MHat  = 2 .. 14.9085 GeV
Scale = 0 .. 1e+12 GeV2
YHat  = -100 .. 100
X1    = 0 .. 1
X2    = 0 .. 1

* A warning exception of type ThePEG::LesHouchesReader::LesHouchesReopenWarning occurred while generating event number 1: 
Reopening LesHouchesReader 'myReader' after accessing 2 events out of 1
* A warning exception of type ThePEG::EventHandler::ConsistencyException occurred while generating event number 1: 
Event handler 'myLesHouchesHandler' found energy-momentum non-conservation by (-1e-05,-3e-05,-2e-05;9.99948e-06) GeV after generating step number 4.

******************************************************************************
Event number 1 (id: ./OUTPUT/0.95MB1.05/1513126133/TMP/Cluster_HERWIGOutput_6) performed by myLesHouchesHandler
Weight: 1
==============================================================================

--- Colliding particles:
  1        e-      11  (3)   
                                 3.727     0.000    -0.000     3.727     0.000
  2        e+     -11  (3)   
                                -3.727     0.000     0.000     3.727     0.000
------------------------------------------------------------------------------
Primary sub-process performed by myReader
--- incoming:
  1        e-      11  (3)   
                                 3.727     0.000    -0.000     3.727     0.000
  2        e+     -11  (3)   
                                -3.727     0.000     0.000     3.727     0.000
--- intermediates:
  3     gamma      22 [1,2] (4..7)   
                                -0.000     0.000    -0.000     7.454     7.454
--- outgoing:
  4         g      21 [3] (8)  6>>7 {+1,-2}
                                 0.882     0.433     1.236     1.579     0.000
  5         g      21 [3] (9)  7>>6 {+3,-4}
                                 2.159     0.082    -1.004     2.382     0.000
  6         g      21 [3] (10)  5>>4 {+2,-3}
                                -2.854    -0.904    -0.416     3.023     0.000
  7         g      21 [3] (11)  4>>5 {+4,-1}
                                -0.187     0.390     0.184     0.470     0.000
------------------------------------------------------------------------------
Step 1 performed by myLesHouchesHandler
--- intermediates:
  1        e-      11  (3)   
                                 3.727     0.000    -0.000     3.727     0.000
  2        e+     -11  (3)   
                                -3.727     0.000     0.000     3.727     0.000
  3     gamma      22 [1,2] (4..7)   
                                -0.000     0.000    -0.000     7.454     7.454
--- final:
  4         g      21 [3] (8)  6>>7 {+1,-2}
                                 0.882     0.433     1.236     1.579     0.000
  5         g      21 [3] (9)  7>>6 {+3,-4}
                                 2.159     0.082    -1.004     2.382     0.000
  6         g      21 [3] (10)  5>>4 {+2,-3}
                                -2.854    -0.904    -0.416     3.023     0.000
  7         g      21 [3] (11)  4>>5 {+4,-1}
                                -0.187     0.390     0.184     0.470     0.000
------------------------------------------------------------------------------
     Sum of momenta:            -2e-05    -3e-05    -2e-05      7.45      7.45
------------------------------------------------------------------------------
Step 2 performed by ShowerHandler
--- final:
  8         g      21 [4] (12,13)  10>>11 {+1,-2}
                                 0.723     0.354     1.013     1.605     0.950
  9         g      21 [5] (14,15)  11>>10 {+3,-4}
                                 1.769     0.067    -0.822     2.171     0.950
 10         g      21 [6] (16,17)  9>>8 {+2,-3}
                                -2.339    -0.741    -0.341     2.653     0.950
 11         g      21 [7] (18,19)  8>>9 {+4,-1}
                                -0.153     0.319     0.150     1.025     0.950
------------------------------------------------------------------------------
     Sum of momenta:            -2e-05    -3e-05    -2e-05      7.45      7.45
------------------------------------------------------------------------------
Step 3 performed by ClusterHadHandler
--- intermediates:
 12         u       2 [8] (20)   {+1}
                                 0.454     0.516     0.449     0.883     0.325
 13      ubar      -2 [8] (21)   {-2}
                                 0.269    -0.161     0.564     0.723     0.325
 14         s       3 [9] (22)   {+3}
                                 0.907     0.050    -0.257     1.046     0.450
 15      sbar      -3 [9] (23)   {-4}
                                 0.862     0.017    -0.566     1.125     0.450
 16         u       2 [10] (21)   {+2}
                                -1.456    -0.525    -0.533     1.669     0.325
 17      ubar      -2 [10] (22)   {-3}
                                -0.882    -0.216     0.192     0.984     0.325
 18         u       2 [11] (23)   {+4}
                                -0.201     0.234    -0.240     0.508     0.325
 19      ubar      -2 [11] (20)   {-1}
                                 0.047     0.085     0.390     0.517     0.325
 20   Cluster      81 [12,19] (28,29)   
                                 0.501     0.601     0.839     1.400     0.801
 21   Cluster      81 [13,16] (24,25)   
                                -1.187    -0.686     0.031     2.392     1.959
 22   Cluster      81 [14,17] (26,27)   
                                 0.025    -0.166    -0.065     2.030     2.022
 23   Cluster      81 [15,18] (30,31)   
                                 0.661     0.251    -0.805     1.633     1.232
--- final:
 24       pi-    -211 [21]    
                                -0.463    -0.244    -0.551     0.773     0.140
 25      rho+     213 [21] (32,33)   
                                -0.724    -0.442     0.582     1.619     1.250
 26        K-    -321 [22]    
                                 0.385    -0.524    -0.084     0.820     0.494
 27      a_10   20113 [22] (36,37)   
                                -0.360     0.358     0.019     1.209     1.097
 28       pi+     211 [20]    
                                 0.360     0.433     0.953     1.116     0.140
 29       pi-    -211 [20]    
                                 0.141     0.168    -0.114     0.284     0.140
 30        K0     311 [23] (42)   
                                -0.154     0.246    -0.208     0.613     0.498
 31       pi+     211 [23]    
                                 0.815     0.004    -0.597     1.020     0.140
------------------------------------------------------------------------------
     Sum of momenta:            -2e-05    -3e-05    -2e-05      7.45      7.45
------------------------------------------------------------------------------
Step 4 performed by DecayHandler
--- intermediates:
 32       pi0     111 [25] (34,35)   
                                -0.705    -0.118     0.890     1.150     0.135
 36      rho+     213 [27] (38,39)   
                                -0.091     0.155    -0.082     0.831     0.807
 39       pi0     111 [36] (40,41)   
                                -0.331     0.000     0.196     0.408     0.135
 42      K_S0     310 [30] (43,44)   
                                -0.154     0.246    -0.208     0.613     0.498
--- final:
 24       pi-    -211 [21]    
                                -0.463    -0.244    -0.551     0.773     0.140
 26        K-    -321 [22]    
                                 0.385    -0.524    -0.084     0.820     0.494
 28       pi+     211 [20]    
                                 0.360     0.433     0.953     1.116     0.140
 29       pi-    -211 [20]    
                                 0.141     0.168    -0.114     0.284     0.140
 31       pi+     211 [23]    
                                 0.815     0.004    -0.597     1.020     0.140
 33       pi+     211 [25]    
                                -0.019    -0.325    -0.308     0.469     0.140
 34     gamma      22 [32]    
                                -0.313    -0.021     0.297     0.432     0.000
 35     gamma      22 [32]    
                                -0.392    -0.096     0.594     0.718     0.000
 37       pi-    -211 [27]    
                                -0.269     0.203     0.102     0.379     0.140
 38       pi+     211 [36]    
                                 0.240     0.155    -0.279     0.423     0.140
 40     gamma      22 [39]    
                                -0.173    -0.064     0.126     0.223     0.000
 41     gamma      22 [39]    
                                -0.158     0.064     0.070     0.185     0.000
 43       pi+     211 [42]    
                                 0.004     0.212     0.068     0.263     0.140
 44       pi-    -211 [42]    
                                -0.158     0.034    -0.277     0.350     0.140
------------------------------------------------------------------------------
     Sum of momenta:            -2e-05    -3e-05    -2e-05      7.45      7.45

The following exception classes were reported in this run:
ThePEG::EventHandler::ConsistencyException warning (1 times)
ThePEG::LesHouchesReader::LesHouchesReopenWarning warning (1 times)
