>>>>>>>>>>>>>>>>>>>>>>>>>>>>>>>>>>>>>>>>>>>>>>>>>>>>>>>>>>>>>>>>>>>>>>>>>>>>>>
>>>> Toolkit for HEP Event Generation - ThePEG 2.2.0 <<<<<<<<<<<<<<<<<<<<<<<<<
>>>> Tue Jun 30 00:49:19 2020                                             <<<<
<<<<<<<<<<<<<<<<<<<<<<<<<<<<<<<<<<<<<<<<<<<<<<<<<<<<<<<<<<<<<<<<<<<<<<<<<<<<<<

>> Herwig 7.2.0 / ThePEG 2.2.0

/Herwig/EventHandlers/NoCuts:
MHat  = 2 .. 16.8835 GeV
Scale = 0 .. 1e+12 GeV2
YHat  = -100 .. 100
X1    = 0 .. 1
X2    = 0 .. 1

* A warning exception of type ThePEG::LesHouchesReader::LesHouchesReopenWarning occurred while generating event number 1: 
Reopening LesHouchesReader 'myReader' after accessing 2 events out of 1
* A warning exception of type ThePEG::EventHandler::ConsistencyException occurred while generating event number 1: 
Event handler 'myLesHouchesHandler' found energy-momentum non-conservation by (-2e-05,-2e-05,-2e-05;9.99984e-06) GeV after generating step number 4.

******************************************************************************
Event number 1 (id: ./OUTPUT/0.95MB1.05/1513331033/TMP/Cluster_HERWIGOutput_42) performed by myLesHouchesHandler
Weight: 1
==============================================================================

--- Colliding particles:
  1        e-      11  (3)   
                                 4.221     0.000    -0.000     4.221     0.000
  2        e+     -11  (3)   
                                -4.221     0.000     0.000     4.221     0.000
------------------------------------------------------------------------------
Primary sub-process performed by myReader
--- incoming:
  1        e-      11  (3)   
                                 4.221     0.000    -0.000     4.221     0.000
  2        e+     -11  (3)   
                                -4.221     0.000     0.000     4.221     0.000
--- intermediates:
  3     gamma      22 [1,2] (4..7)   
                                 0.000     0.000     0.000     8.442     8.442
--- outgoing:
  4         g      21 [3] (8)  6>>5 {+1,-2}
                                 0.648     0.217     0.877     1.112     0.000
  5         g      21 [3] (9)  4>>7 {+3,-1}
                                 2.265    -0.317     2.139     3.131     0.000
  6         g      21 [3] (10)  7>>4 {+2,-4}
                                -2.407     0.093    -2.596     3.542     0.000
  7         g      21 [3] (11)  5>>6 {+4,-3}
                                -0.506     0.007    -0.420     0.657     0.000
------------------------------------------------------------------------------
Step 1 performed by myLesHouchesHandler
--- intermediates:
  1        e-      11  (3)   
                                 4.221     0.000    -0.000     4.221     0.000
  2        e+     -11  (3)   
                                -4.221     0.000     0.000     4.221     0.000
  3     gamma      22 [1,2] (4..7)   
                                 0.000     0.000     0.000     8.442     8.442
--- final:
  4         g      21 [3] (8)  6>>5 {+1,-2}
                                 0.648     0.217     0.877     1.112     0.000
  5         g      21 [3] (9)  4>>7 {+3,-1}
                                 2.265    -0.317     2.139     3.131     0.000
  6         g      21 [3] (10)  7>>4 {+2,-4}
                                -2.407     0.093    -2.596     3.542     0.000
  7         g      21 [3] (11)  5>>6 {+4,-3}
                                -0.506     0.007    -0.420     0.657     0.000
------------------------------------------------------------------------------
     Sum of momenta:            -3e-05    -2e-05    -2e-05      8.44      8.44
------------------------------------------------------------------------------
Step 2 performed by ShowerHandler
--- final:
  8         g      21 [4] (12,13)  10>>9 {+1,-2}
                                 0.553     0.185     0.747     1.342     0.950
  9         g      21 [5] (14,15)  8>>11 {+3,-1}
                                 1.930    -0.270     1.823     2.833     0.950
 10         g      21 [6] (16,17)  11>>8 {+2,-4}
                                -2.052     0.079    -2.213     3.164     0.950
 11         g      21 [7] (18,19)  9>>10 {+4,-3}
                                -0.431     0.006    -0.358     1.103     0.950
------------------------------------------------------------------------------
     Sum of momenta:            -3e-05    -2e-05    -2e-05      8.44      8.44
------------------------------------------------------------------------------
Step 3 performed by ClusterHadHandler
--- intermediates:
 12         s       3 [8] (20)   {+1}
                                 0.351     0.046     0.547     0.792     0.450
 13      sbar      -3 [8] (21)   {-2}
                                 0.201     0.139     0.200     0.550     0.450
 14         u       2 [9] (22)   {+3}
                                 1.511    -0.272     1.024     1.874     0.325
 15      ubar      -2 [9] (20)   {-1}
                                 0.419     0.001     0.799     0.959     0.325
 16         s       3 [10] (21)   {+2}
                                -1.349    -0.007    -1.337     1.952     0.450
 17      sbar      -3 [10] (23)   {-4}
                                -0.703     0.086    -0.875     1.213     0.450
 18         s       3 [11] (23)   {+4}
                                -0.296     0.125    -0.248     0.606     0.450
 19      sbar      -3 [11] (22)   {-3}
                                -0.135    -0.119    -0.109     0.497     0.450
 20   Cluster      81 [12,15] (30,31)   
                                 0.770     0.048     1.346     1.751     0.811
 21   Cluster      81 [13,16] (26,27)   
                                -1.147     0.131    -1.137     2.502     1.906
 22   Cluster      81 [14,19] (28,29)   
                                 1.376    -0.390     0.915     2.371     1.655
 23   Cluster      81 [17,18] (24,25)   
                                -0.999     0.211    -1.124     1.819     1.001
--- final:
 24        K+     321 [23]    
                                -0.458     0.090    -0.439     0.809     0.494
 25        K-    -321 [23]    
                                -0.541     0.121    -0.684     1.010     0.494
 26      K_10   10313 [21] (32,33)   
                                -0.702     0.046    -0.341     1.459     1.232
 27     Kbar0    -311 [21] (38)   
                                -0.445     0.086    -0.796     1.042     0.498
 28        K+     321 [22]    
                                 0.339     0.076     0.515     0.793     0.494
 29       phi     333 [22] (39,40)   
                                 1.037    -0.466     0.400     1.577     1.018
 30     Kbar0    -311 [20] (41)   
                                 0.643     0.051     1.332     1.561     0.498
 31       pi-    -211 [20]    
                                 0.128    -0.003     0.014     0.190     0.140
------------------------------------------------------------------------------
     Sum of momenta:            -3e-05    -2e-05    -2e-05      8.44      8.44
------------------------------------------------------------------------------
Step 4 performed by DecayHandler
--- intermediates:
 32      rho-    -213 [26] (34,35)   
                                -0.311    -0.013    -0.163     0.802     0.721
 34       pi0     111 [32] (36,37)   
                                -0.030    -0.193     0.184     0.301     0.135
--- final:
 24        K+     321 [23]    
                                -0.458     0.090    -0.439     0.809     0.494
 25        K-    -321 [23]    
                                -0.541     0.121    -0.684     1.010     0.494
 28        K+     321 [22]    
                                 0.339     0.076     0.515     0.793     0.494
 31       pi-    -211 [20]    
                                 0.128    -0.003     0.014     0.190     0.140
 33        K+     321 [26]    
                                -0.391     0.059    -0.178     0.657     0.494
 35       pi-    -211 [32]    
                                -0.281     0.180    -0.348     0.502     0.140
 36     gamma      22 [34]    
                                -0.046    -0.109     0.180     0.215     0.000
 37     gamma      22 [34]    
                                 0.016    -0.084     0.005     0.085     0.000
 38      K_L0     130 [27]    
                                -0.445     0.086    -0.796     1.042     0.498
 39        K+     321 [29]    
                                 0.478    -0.136     0.096     0.707     0.494
 40        K-    -321 [29]    
                                 0.559    -0.330     0.304     0.870     0.494
 41      K_L0     130 [30]    
                                 0.643     0.051     1.332     1.561     0.498
------------------------------------------------------------------------------
     Sum of momenta:            -3e-05    -2e-05    -2e-05      8.44      8.44

The following exception classes were reported in this run:
ThePEG::EventHandler::ConsistencyException warning (1 times)
ThePEG::LesHouchesReader::LesHouchesReopenWarning warning (1 times)
