>>>>>>>>>>>>>>>>>>>>>>>>>>>>>>>>>>>>>>>>>>>>>>>>>>>>>>>>>>>>>>>>>>>>>>>>>>>>>>
>>>> Toolkit for HEP Event Generation - ThePEG 2.2.0 <<<<<<<<<<<<<<<<<<<<<<<<<
>>>> Tue Jun 30 00:57:56 2020                                             <<<<
<<<<<<<<<<<<<<<<<<<<<<<<<<<<<<<<<<<<<<<<<<<<<<<<<<<<<<<<<<<<<<<<<<<<<<<<<<<<<<

>> Herwig 7.2.0 / ThePEG 2.2.0

/Herwig/EventHandlers/NoCuts:
MHat  = 2 .. 26.4816 GeV
Scale = 0 .. 1e+12 GeV2
YHat  = -100 .. 100
X1    = 0 .. 1
X2    = 0 .. 1

* A warning exception of type ThePEG::LesHouchesReader::LesHouchesReopenWarning occurred while generating event number 1: 
Reopening LesHouchesReader 'myReader' after accessing 2 events out of 1
* A warning exception of type ThePEG::EventHandler::ConsistencyException occurred while generating event number 1: 
Event handler 'myLesHouchesHandler' found energy-momentum non-conservation by (-1e-05,-3e-05,-2e-05;1.9999e-05) GeV after generating step number 4.

******************************************************************************
Event number 1 (id: ./OUTPUT/0.95MB1.05/1514628482/TMP/Cluster_HERWIGOutput_23) performed by myLesHouchesHandler
Weight: 1
==============================================================================

--- Colliding particles:
  1        e-      11  (3)   
                                 6.620     0.000     0.000     6.620     0.000
  2        e+     -11  (3)   
                                -6.620     0.000    -0.000     6.620     0.000
------------------------------------------------------------------------------
Primary sub-process performed by myReader
--- incoming:
  1        e-      11  (3)   
                                 6.620     0.000     0.000     6.620     0.000
  2        e+     -11  (3)   
                                -6.620     0.000    -0.000     6.620     0.000
--- intermediates:
  3     gamma      22 [1,2] (4..8)   
                                -0.000     0.000    -0.000    13.241    13.241
--- outgoing:
  4         g      21 [3] (9)  8>>7 {+1,-2}
                                -1.755    -0.710    -2.000     2.754     0.000
  5         g      21 [3] (10)  7>>6 {+3,-4}
                                 1.280    -1.740     3.722     4.303     0.000
  6         g      21 [3] (11)  5>>8 {+5,-3}
                                 0.615     0.160     0.374     0.737     0.000
  7         g      21 [3] (12)  4>>5 {+4,-1}
                                -1.080     2.523    -3.039     4.095     0.000
  8         g      21 [3] (13)  6>>4 {+2,-5}
                                 0.940    -0.233     0.943     1.352     0.000
------------------------------------------------------------------------------
Step 1 performed by myLesHouchesHandler
--- intermediates:
  1        e-      11  (3)   
                                 6.620     0.000     0.000     6.620     0.000
  2        e+     -11  (3)   
                                -6.620     0.000    -0.000     6.620     0.000
  3     gamma      22 [1,2] (4..8)   
                                -0.000     0.000    -0.000    13.241    13.241
--- final:
  4         g      21 [3] (9)  8>>7 {+1,-2}
                                -1.755    -0.710    -2.000     2.754     0.000
  5         g      21 [3] (10)  7>>6 {+3,-4}
                                 1.280    -1.740     3.722     4.303     0.000
  6         g      21 [3] (11)  5>>8 {+5,-3}
                                 0.615     0.160     0.374     0.737     0.000
  7         g      21 [3] (12)  4>>5 {+4,-1}
                                -1.080     2.523    -3.039     4.095     0.000
  8         g      21 [3] (13)  6>>4 {+2,-5}
                                 0.940    -0.233     0.943     1.352     0.000
------------------------------------------------------------------------------
     Sum of momenta:            -2e-05    -3e-05    -2e-05      13.2      13.2
------------------------------------------------------------------------------
Step 2 performed by ShowerHandler
--- final:
  9         g      21 [4] (14,15)  13>>12 {+1,-2}
                                -1.593    -0.644    -1.815     2.674     0.950
 10         g      21 [5] (16,17)  12>>11 {+3,-4}
                                 1.162    -1.579     3.377     4.019     0.950
 11         g      21 [6] (18,19)  10>>13 {+5,-3}
                                 0.558     0.145     0.339     1.162     0.950
 12         g      21 [7] (20,21)  9>>10 {+4,-1}
                                -0.980     2.290    -2.757     3.835     0.950
 13         g      21 [8] (22,23)  11>>9 {+2,-5}
                                 0.853    -0.212     0.856     1.551     0.950
------------------------------------------------------------------------------
     Sum of momenta:            -2e-05    -3e-05    -2e-05      13.2      13.2
------------------------------------------------------------------------------
Step 3 performed by ClusterHadHandler
--- intermediates:
 14         s       3 [9] (24)   {+1}
                                -1.066    -0.346    -1.164     1.678     0.450
 15      sbar      -3 [9] (28)   {-2}
                                -0.526    -0.298    -0.651     0.996     0.450
 16         d       1 [10] (25)   {+3}
                                 0.367    -0.543     0.653     0.981     0.325
 17      dbar      -1 [10] (27)   {-4}
                                 0.795    -1.036     2.724     3.038     0.325
 18         d       1 [11] (26)   {+5}
                                -0.070     0.153    -0.023     0.367     0.325
 19      dbar      -1 [11] (25)   {-3}
                                 0.629    -0.008     0.362     0.795     0.325
 20         u       2 [12] (28)   {+4}
                                -0.621     1.939    -2.030     2.894     0.325
 21      ubar      -2 [12] (24)   {-1}
                                -0.360     0.350    -0.727     0.942     0.325
 22         s       3 [13] (27)   {+2}
                                 0.528    -0.102     0.629     0.942     0.450
 23      sbar      -3 [13] (26)   {-5}
                                 0.325    -0.109     0.227     0.609     0.450
 24   Cluster      81 [14,21] (31,32)   
                                -1.426     0.004    -1.891     2.619     1.118
 25   Cluster      81 [16,19] (29,30)   
                                 0.995    -0.551     1.016     1.776     0.910
 26   Cluster      81 [18,23] (35,36)   
                                 0.254     0.044     0.204     0.976     0.919
 27   Cluster      81 [17,22] (33,34)   
                                 1.323    -1.138     3.353     3.980     1.247
 28   Cluster      81 [15,20] (37,38)   
                                -1.147     1.641    -2.681     3.890     1.983
--- final:
 29       pi0     111 [25] (39,40)   
                                 0.227    -0.187    -0.125     0.347     0.135
 30       pi0     111 [25] (41,42)   
                                 0.768    -0.364     1.140     1.429     0.135
 31    K*bar0    -313 [24] (43,44)   
                                -1.334    -0.032    -1.647     2.321     0.946
 32       pi-    -211 [24]    
                                -0.092     0.036    -0.244     0.298     0.140
 33     Kbar0    -311 [27] (45)   
                                 0.865    -0.868     1.297     1.852     0.498
 34       pi0     111 [27] (46,47)   
                                 0.458    -0.270     2.056     2.128     0.135
 35       pi-    -211 [26]    
                                 0.039     0.319     0.081     0.359     0.140
 36        K+     321 [26]    
                                 0.215    -0.275     0.122     0.617     0.494
 37       eta     221 [28] (48,49)   
                                -0.336     0.889    -0.401     1.168     0.548
 38       K*+     323 [28] (50,51)   
                                -0.811     0.752    -2.280     2.722     0.992
------------------------------------------------------------------------------
     Sum of momenta:            -2e-05    -3e-05    -2e-05      13.2      13.2
------------------------------------------------------------------------------
Step 4 performed by DecayHandler
--- intermediates:
 50        K0     311 [38] (52)   
                                -0.464     0.126    -1.509     1.660     0.498
 52      K_S0     310 [50] (53,54)   
                                -0.464     0.126    -1.509     1.660     0.498
--- final:
 32       pi-    -211 [24]    
                                -0.092     0.036    -0.244     0.298     0.140
 35       pi-    -211 [26]    
                                 0.039     0.319     0.081     0.359     0.140
 36        K+     321 [26]    
                                 0.215    -0.275     0.122     0.617     0.494
 39     gamma      22 [29]    
                                 0.208    -0.207    -0.125     0.319     0.000
 40     gamma      22 [29]    
                                 0.019     0.020     0.001     0.028     0.000
 41     gamma      22 [30]    
                                 0.258    -0.119     0.279     0.398     0.000
 42     gamma      22 [30]    
                                 0.511    -0.245     0.861     1.031     0.000
 43        K-    -321 [31]    
                                -0.290     0.052    -0.661     0.876     0.494
 44       pi+     211 [31]    
                                -1.043    -0.084    -0.986     1.445     0.140
 45      K_L0     130 [33]    
                                 0.865    -0.868     1.297     1.852     0.498
 46     gamma      22 [34]    
                                 0.049     0.013     0.199     0.205     0.000
 47     gamma      22 [34]    
                                 0.409    -0.284     1.857     1.923     0.000
 48     gamma      22 [37]    
                                 0.075     0.345    -0.328     0.482     0.000
 49     gamma      22 [37]    
                                -0.411     0.544    -0.073     0.686     0.000
 51       pi+     211 [38]    
                                -0.347     0.626    -0.771     1.062     0.140
 53       pi+     211 [52]    
                                -0.197     0.059    -1.192     1.217     0.140
 54       pi-    -211 [52]    
                                -0.267     0.067    -0.317     0.443     0.140
------------------------------------------------------------------------------
     Sum of momenta:            -2e-05    -3e-05    -2e-05      13.2      13.2

The following exception classes were reported in this run:
ThePEG::EventHandler::ConsistencyException warning (1 times)
ThePEG::LesHouchesReader::LesHouchesReopenWarning warning (1 times)
