>>>>>>>>>>>>>>>>>>>>>>>>>>>>>>>>>>>>>>>>>>>>>>>>>>>>>>>>>>>>>>>>>>>>>>>>>>>>>>
>>>> Toolkit for HEP Event Generation - ThePEG 2.2.0 <<<<<<<<<<<<<<<<<<<<<<<<<
>>>> Tue Jun 30 00:53:42 2020                                             <<<<
<<<<<<<<<<<<<<<<<<<<<<<<<<<<<<<<<<<<<<<<<<<<<<<<<<<<<<<<<<<<<<<<<<<<<<<<<<<<<<

>> Herwig 7.2.0 / ThePEG 2.2.0

/Herwig/EventHandlers/NoCuts:
MHat  = 2 .. 30.3304 GeV
Scale = 0 .. 1e+12 GeV2
YHat  = -100 .. 100
X1    = 0 .. 1
X2    = 0 .. 1

* A warning exception of type ThePEG::LesHouchesReader::LesHouchesReopenWarning occurred while generating event number 1: 
Reopening LesHouchesReader 'myReader' after accessing 2 events out of 1
* A warning exception of type ThePEG::EventHandler::ConsistencyException occurred while generating event number 1: 
Event handler 'myLesHouchesHandler' found energy-momentum non-conservation by (-1e-05,-2e-05,-1e-05;9.99889e-06) GeV after generating step number 4.

******************************************************************************
Event number 1 (id: ./OUTPUT/0.95MB1.05/1512903328/TMP/Cluster_HERWIGOutput_28) performed by myLesHouchesHandler
Weight: 1
==============================================================================

--- Colliding particles:
  1        e-      11  (3)   
                                 7.583     0.000     0.000     7.583     0.000
  2        e+     -11  (3)   
                                -7.583     0.000     0.000     7.583     0.000
------------------------------------------------------------------------------
Primary sub-process performed by myReader
--- incoming:
  1        e-      11  (3)   
                                 7.583     0.000     0.000     7.583     0.000
  2        e+     -11  (3)   
                                -7.583     0.000     0.000     7.583     0.000
--- intermediates:
  3     gamma      22 [1,2] (4..7)   
                                 0.000     0.000     0.000    15.165    15.165
--- outgoing:
  4         g      21 [3] (8)  7>>5 {+1,-2}
                                 4.063    -1.043     0.456     4.220     0.000
  5         g      21 [3] (11)  4>>6 {+3,-1}
                                 1.425     3.051     1.250     3.592     0.000
  6         g      21 [3] (12)  5>>7 {+4,-3}
                                -4.607    -3.213    -1.012     5.707     0.000
  7         g      21 [3] (13)  6>>4 {+2,-4}
                                -0.882     1.204    -0.695     1.646     0.000
------------------------------------------------------------------------------
Step 1 performed by myLesHouchesHandler
--- intermediates:
  1        e-      11  (3)   
                                 7.583     0.000     0.000     7.583     0.000
  2        e+     -11  (3)   
                                -7.583     0.000     0.000     7.583     0.000
  3     gamma      22 [1,2] (4..7)   
                                 0.000     0.000     0.000    15.165    15.165
--- final:
  4         g      21 [3] (8)  7>>5 {+1,-2}
                                 4.063    -1.043     0.456     4.220     0.000
  5         g      21 [3] (11)  4>>6 {+3,-1}
                                 1.425     3.051     1.250     3.592     0.000
  6         g      21 [3] (12)  5>>7 {+4,-3}
                                -4.607    -3.213    -1.012     5.707     0.000
  7         g      21 [3] (13)  6>>4 {+2,-4}
                                -0.882     1.204    -0.695     1.646     0.000
------------------------------------------------------------------------------
     Sum of momenta:            -2e-05    -2e-05    -1e-05      15.2      15.2
------------------------------------------------------------------------------
Step 2 performed by ShowerHandler
--- intermediates:
  8         g      21 [4] (9,10)   {+1,-2}
                                 3.639    -0.934     0.409     4.859     3.055
--- final:
  9         g      21 [8] (20,21)  13>>10 {+5,-2}
                                 2.117    -0.335    -0.951     2.530     0.950
 10         g      21 [8] (22,23)  9>>11 {+1,-5}
                                 1.521    -0.599     1.360     2.329     0.950
 11         g      21 [5] (14,15)  10>>12 {+3,-1}
                                 1.276     2.733     1.119     3.354     0.950
 12         g      21 [6] (16,17)  11>>13 {+4,-3}
                                -4.126    -2.877    -0.906     5.198     0.950
 13         g      21 [7] (18,19)  12>>9 {+2,-4}
                                -0.789     1.078    -0.622     1.754     0.950
------------------------------------------------------------------------------
     Sum of momenta:            -2e-05    -2e-05    -1e-05      15.2      15.2
------------------------------------------------------------------------------
Step 3 performed by ClusterHadHandler
--- intermediates:
 14         s       3 [11] (26)   {+3}
                                 0.845     1.557     0.568     1.914     0.450
 15      sbar      -3 [11] (28)   {-1}
                                 0.431     1.176     0.551     1.440     0.450
 16         d       1 [12] (24)   {+4}
                                -2.429    -1.290    -0.585     2.831     0.325
 17      dbar      -1 [12] (27)   {-3}
                                -1.696    -1.587    -0.321     2.368     0.325
 18         s       3 [13] (28)   {+2}
                                -0.509     0.531    -0.210     0.887     0.450
 19      sbar      -3 [13] (24)   {-4}
                                -0.281     0.547    -0.412     0.866     0.450
 20         u       2 [9] (25)   {+5}
                                 1.009    -0.433    -0.707     1.346     0.325
 21      ubar      -2 [9] (26)   {-2}
                                 1.108     0.099    -0.244     1.184     0.325
 22         s       3 [10] (27)   {+1}
                                 0.654    -0.418     0.656     1.111     0.450
 23      sbar      -3 [10] (25)   {-5}
                                 0.867    -0.181     0.704     1.218     0.450
 24   Cluster      81 [16,19] (29,30)   
                                -2.710    -0.743    -0.997     3.697     2.186
 25   Cluster      81 [20,23] (35,36)   
                                 1.877    -0.614    -0.003     2.564     1.635
 26   Cluster      81 [14,21] (31,32)   
                                 1.953     1.655     0.324     3.098     1.715
 27   Cluster      81 [17,22] (37,38)   
                                -1.043    -2.005     0.335     3.479     2.624
 28   Cluster      81 [15,18] (33,34)   
                                -0.077     1.707     0.341     2.328     1.544
--- final:
 29      b_1-  -10213 [24] (39,40)   
                                -2.532    -0.220    -0.763     2.920     1.219
 30        K+     321 [24]    
                                -0.178    -0.523    -0.234     0.777     0.494
 31     Kbar0    -311 [26] (47)   
                                 0.617     0.975    -0.017     1.257     0.498
 32      rho-    -213 [26] (48,49)   
                                 1.336     0.681     0.341     1.842     1.014
 33     Kbar0    -311 [28] (52)   
                                -0.080     0.161     0.186     0.561     0.498
 34       K*0     313 [28] (53,54)   
                                 0.002     1.546     0.155     1.767     0.841
 35       pi0     111 [25] (55,56)   
                                 0.048    -0.034     0.021     0.149     0.135
 36     K'_1+   20323 [25] (57,58)   
                                 1.829    -0.580    -0.023     2.415     1.466
 37     K'_1-  -20323 [27] (61,62)   
                                -0.924    -1.660     0.450     2.466     1.505
 38      rho+     213 [27] (70,71)   
                                -0.118    -0.344    -0.115     1.013     0.938
------------------------------------------------------------------------------
     Sum of momenta:            -2e-05    -2e-05    -1e-05      15.2      15.2
------------------------------------------------------------------------------
Step 4 performed by DecayHandler
--- intermediates:
 39     omega     223 [29] (41,42)   
                                -1.669    -0.460    -0.409     1.947     0.791
 41      rho-    -213 [39] (43,44)   
                                -1.434    -0.278    -0.411     1.618     0.563
 43       pi0     111 [41] (45,46)   
                                -0.999    -0.365    -0.143     1.081     0.135
 48       pi0     111 [32] (50,51)   
                                 1.380     0.507     0.506     1.561     0.135
 57       K*0     313 [36] (59,60)   
                                 1.488    -0.877    -0.033     1.942     0.887
 61       K*-    -323 [37] (63,64)   
                                -0.750    -0.998     0.556     1.760     1.108
 62       pi0     111 [37] (68,69)   
                                -0.175    -0.662    -0.106     0.706     0.135
 63     Kbar0    -311 [61] (65)   
                                -0.924    -0.788     0.612     1.448     0.498
 65      K_S0     310 [63] (66,67)   
                                -0.924    -0.788     0.612     1.448     0.498
 70       pi0     111 [38] (72,73)   
                                -0.415    -0.028    -0.290     0.525     0.135
--- final:
 30        K+     321 [24]    
                                -0.178    -0.523    -0.234     0.777     0.494
 40       pi-    -211 [29]    
                                -0.863     0.240    -0.354     0.973     0.140
 42       pi+     211 [39]    
                                -0.235    -0.182     0.001     0.329     0.140
 44       pi-    -211 [41]    
                                -0.435     0.087    -0.268     0.537     0.140
 45     gamma      22 [43]    
                                -0.069    -0.048     0.018     0.086     0.000
 46     gamma      22 [43]    
                                -0.930    -0.317    -0.161     0.996     0.000
 47      K_L0     130 [31]    
                                 0.617     0.975    -0.017     1.257     0.498
 49       pi-    -211 [32]    
                                -0.044     0.174    -0.165     0.281     0.140
 50     gamma      22 [48]    
                                 0.360     0.152     0.195     0.437     0.000
 51     gamma      22 [48]    
                                 1.020     0.355     0.311     1.123     0.000
 52      K_L0     130 [33]    
                                -0.080     0.161     0.186     0.561     0.498
 53        K+     321 [34]    
                                 0.090     0.836    -0.131     0.984     0.494
 54       pi-    -211 [34]    
                                -0.087     0.710     0.287     0.783     0.140
 55     gamma      22 [35]    
                                 0.001    -0.010    -0.055     0.056     0.000
 56     gamma      22 [35]    
                                 0.047    -0.024     0.076     0.092     0.000
 58       pi+     211 [36]    
                                 0.341     0.297     0.009     0.473     0.140
 59        K+     321 [57]    
                                 0.631    -0.424     0.215     0.932     0.494
 60       pi-    -211 [57]    
                                 0.857    -0.453    -0.248     1.010     0.140
 64       pi-    -211 [61]    
                                 0.174    -0.211    -0.056     0.312     0.140
 66       pi+     211 [65]    
                                -0.888    -0.663     0.480     1.216     0.140
 67       pi-    -211 [65]    
                                -0.035    -0.124     0.132     0.232     0.140
 68     gamma      22 [62]    
                                -0.157    -0.615    -0.060     0.638     0.000
 69     gamma      22 [62]    
                                -0.018    -0.047    -0.046     0.068     0.000
 71       pi+     211 [38]    
                                 0.297    -0.317     0.175     0.488     0.140
 72     gamma      22 [70]    
                                -0.176    -0.035    -0.051     0.187     0.000
 73     gamma      22 [70]    
                                -0.239     0.008    -0.239     0.338     0.000
------------------------------------------------------------------------------
     Sum of momenta:            -2e-05    -2e-05    -1e-05      15.2      15.2

The following exception classes were reported in this run:
ThePEG::EventHandler::ConsistencyException warning (1 times)
ThePEG::LesHouchesReader::LesHouchesReopenWarning warning (1 times)
