>>>>>>>>>>>>>>>>>>>>>>>>>>>>>>>>>>>>>>>>>>>>>>>>>>>>>>>>>>>>>>>>>>>>>>>>>>>>>>
>>>> Toolkit for HEP Event Generation - ThePEG 2.2.0 <<<<<<<<<<<<<<<<<<<<<<<<<
>>>> Tue Jun 30 01:00:49 2020                                             <<<<
<<<<<<<<<<<<<<<<<<<<<<<<<<<<<<<<<<<<<<<<<<<<<<<<<<<<<<<<<<<<<<<<<<<<<<<<<<<<<<

>> Herwig 7.2.0 / ThePEG 2.2.0

/Herwig/EventHandlers/NoCuts:
MHat  = 2 .. 25.0951 GeV
Scale = 0 .. 1e+12 GeV2
YHat  = -100 .. 100
X1    = 0 .. 1
X2    = 0 .. 1

* A warning exception of type ThePEG::LesHouchesReader::LesHouchesReopenWarning occurred while generating event number 1: 
Reopening LesHouchesReader 'myReader' after accessing 2 events out of 1
* A warning exception of type ThePEG::EventHandler::ConsistencyException occurred while generating event number 1: 
Event handler 'myLesHouchesHandler' found energy-momentum non-conservation by (-2e-05,-3e-05,-3e-05;1.99998e-05) GeV after generating step number 4.

******************************************************************************
Event number 1 (id: ./OUTPUT/0.95MB1.05/1511886132/TMP/Cluster_HERWIGOutput_36) performed by myLesHouchesHandler
Weight: 1
==============================================================================

--- Colliding particles:
  1        e-      11  (3)   
                                 6.274     0.000     0.000     6.274     0.000
  2        e+     -11  (3)   
                                -6.274     0.000     0.000     6.274     0.000
------------------------------------------------------------------------------
Primary sub-process performed by myReader
--- incoming:
  1        e-      11  (3)   
                                 6.274     0.000     0.000     6.274     0.000
  2        e+     -11  (3)   
                                -6.274     0.000     0.000     6.274     0.000
--- intermediates:
  3     gamma      22 [1,2] (4..8)   
                                -0.000     0.000     0.000    12.548    12.548
--- outgoing:
  4         g      21 [3] (9)  5>>7 {+1,-2}
                                 2.746    -0.866     0.513     2.925     0.000
  5         g      21 [3] (12)  8>>4 {+2,-3}
                                 1.465     0.024    -1.698     2.243     0.000
  6         g      21 [3] (13)  7>>8 {+4,-5}
                                 0.823    -0.748    -0.518     1.227     0.000
  7         g      21 [3] (14)  4>>6 {+5,-1}
                                -3.782     2.329     1.483     4.683     0.000
  8         g      21 [3] (17)  6>>5 {+3,-4}
                                -1.252    -0.740     0.220     1.471     0.000
------------------------------------------------------------------------------
Step 1 performed by myLesHouchesHandler
--- intermediates:
  1        e-      11  (3)   
                                 6.274     0.000     0.000     6.274     0.000
  2        e+     -11  (3)   
                                -6.274     0.000     0.000     6.274     0.000
  3     gamma      22 [1,2] (4..8)   
                                -0.000     0.000     0.000    12.548    12.548
--- final:
  4         g      21 [3] (9)  5>>7 {+1,-2}
                                 2.746    -0.866     0.513     2.925     0.000
  5         g      21 [3] (12)  8>>4 {+2,-3}
                                 1.465     0.024    -1.698     2.243     0.000
  6         g      21 [3] (13)  7>>8 {+4,-5}
                                 0.823    -0.748    -0.518     1.227     0.000
  7         g      21 [3] (14)  4>>6 {+5,-1}
                                -3.782     2.329     1.483     4.683     0.000
  8         g      21 [3] (17)  6>>5 {+3,-4}
                                -1.252    -0.740     0.220     1.471     0.000
------------------------------------------------------------------------------
     Sum of momenta:            -3e-05    -3e-05    -3e-05      12.5      12.5
------------------------------------------------------------------------------
Step 2 performed by ShowerHandler
--- intermediates:
  9         g      21 [4] (10,11)   {+1,-2}
                                 1.557    -0.491     0.291     3.862     3.488
 14         g      21 [7] (15,16)   {+5,-1}
                                -2.145     1.321     0.841     4.656     3.825
--- final:
 10         g      21 [9] (24,25)  12>>11 {+6,-2}
                                 0.496    -0.032     1.565     1.897     0.950
 11         g      21 [9] (26,27)  10>>16 {+1,-6}
                                 1.061    -0.459    -1.274     1.965     0.950
 12         g      21 [5] (18,19)  17>>10 {+2,-3}
                                 0.831     0.014    -0.963     1.587     0.950
 13         g      21 [6] (20,21)  15>>17 {+4,-5}
                                 0.466    -0.424    -0.294     1.177     0.950
 15         c       4 [14] (31)  >13 {+5}
                                -0.585     1.082    -0.446     2.067     1.600
 16      cbar      -4 [14] (30)  11> {-1}
                                -1.560     0.239     1.287     2.589     1.600
 17         g      21 [8] (22,23)  13>>12 {+3,-4}
                                -0.710    -0.419     0.125     1.264     0.950
------------------------------------------------------------------------------
     Sum of momenta:            -3e-05    -3e-05    -3e-05      12.5      12.5
------------------------------------------------------------------------------
Step 3 performed by ClusterHadHandler
--- intermediates:
 18         u       2 [12] (31)   {+2}
                                -0.025     0.021    -0.386     0.506     0.325
 19      ubar      -2 [12] (28)   {-3}
                                 0.855    -0.007    -0.577     1.082     0.325
 20         d       1 [13] (31)   {+4}
                                -0.011    -0.207    -0.395     0.552     0.325
 21      dbar      -1 [13] (32)   {-5}
                                 0.478    -0.217     0.101     0.625     0.325
 22         d       1 [17] (28)   {+3}
                                -0.468    -0.412    -0.215     0.735     0.325
 23      dbar      -1 [17] (32)   {-4}
                                -0.242    -0.008     0.340     0.529     0.325
 24         s       3 [10] (29)   {+6}
                                 0.370    -0.125     0.871     1.055     0.450
 25      sbar      -3 [10] (32)   {-2}
                                 0.126     0.092     0.694     0.842     0.450
 26         u       2 [11] (30)   {+1}
                                 0.017    -0.054    -0.286     0.437     0.325
 27      ubar      -2 [11] (29)   {-6}
                                 1.044    -0.405    -0.988     1.528     0.325
 28   Cluster      81 [19,22] (36)   
                                 0.387    -0.419    -0.792     1.817     1.533
 29   Cluster      81 [24,27] (39,40)   
                                 1.415    -0.530    -0.117     2.584     2.093
 30   Cluster      81 [16,26] (37,38)   
                                -1.543     0.185     1.000     3.026     2.396
 31   Cluster      81 [15,18,20] (33)   
                                -0.621     0.895    -1.227     3.125     2.659
 32   Cluster      81 [21,23,25] (34)   
                                 0.362    -0.132     1.135     1.996     1.596
 33   Cluster      81 [31] (35)   
                                -0.621     0.895    -1.227     3.125     2.659
 34   Cluster      81 [32] (41,42)   
                                 0.362    -0.132     1.135     1.996     1.596
 36   Cluster      81 [28] (43,44)   
                                 0.619    -0.703    -0.895     2.007     1.533
--- final:
 35 Lambda_c+    4122 [33] (45..47)   
                                -0.853     1.180    -1.124     2.935     2.286
 37       pi+     211 [30]    
                                -0.343     0.012    -0.165     0.406     0.140
 38       D*-    -413 [30] (56,57)   
                                -1.200     0.173     1.165     2.621     2.010
 39   Lambda0    3122 [29] (64,65)   
                                 0.594    -0.383    -0.142     1.328     1.116
 40     pbar-   -2212 [29]    
                                 0.820    -0.147     0.025     1.255     0.938
 41       pi+     211 [34]    
                                 0.015    -0.371     0.519     0.654     0.140
 42Lambdabar0   -3122 [34] (68,69)   
                                 0.347     0.239     0.616     1.343     1.116
 43       pi-    -211 [36]    
                                 0.173     0.459    -0.087     0.517     0.140
 44       pi0     111 [36] (72,73)   
                                 0.447    -1.162    -0.808     1.490     0.135
------------------------------------------------------------------------------
     Sum of momenta:            -3e-05    -3e-05    -3e-05      12.5      12.5
------------------------------------------------------------------------------
Step 4 performed by DecayHandler
--- intermediates:
 45   Sigma*0    3214 [35] (48,49)   
                                -0.935     0.840    -0.646     1.968     1.370
 46       pi0     111 [35] (54,55)   
                                 0.004     0.436    -0.593     0.748     0.135
 48   Lambda0    3122 [45] (50,51)   
                                -0.708     0.886    -0.546     1.682     1.116
 49       pi0     111 [45] (52,53)   
                                -0.227    -0.046    -0.100     0.286     0.135
 56     Dbar0    -421 [38] (58,59)   
                                -1.106     0.127     1.098     2.434     1.865
 58      rho-    -213 [56] (60,61)   
                                -1.164     0.504     0.398     1.496     0.686
 61       pi0     111 [58] (62,63)   
                                -0.028     0.222     0.099     0.279     0.135
 65       pi0     111 [39] (66,67)   
                                 0.123    -0.162     0.006     0.244     0.135
 69       pi0     111 [42] (70,71)   
                                 0.067     0.135     0.062     0.211     0.135
--- final:
 37       pi+     211 [30]    
                                -0.343     0.012    -0.165     0.406     0.140
 40     pbar-   -2212 [29]    
                                 0.820    -0.147     0.025     1.255     0.938
 41       pi+     211 [34]    
                                 0.015    -0.371     0.519     0.654     0.140
 43       pi-    -211 [36]    
                                 0.173     0.459    -0.087     0.517     0.140
 47       pi+     211 [35]    
                                 0.077    -0.096     0.115     0.218     0.140
 50        p+    2212 [48]    
                                -0.594     0.865    -0.510     1.497     0.938
 51       pi-    -211 [48]    
                                -0.113     0.021    -0.036     0.185     0.140
 52     gamma      22 [49]    
                                -0.049    -0.014    -0.092     0.105     0.000
 53     gamma      22 [49]    
                                -0.178    -0.032    -0.008     0.181     0.000
 54     gamma      22 [46]    
                                -0.020     0.146    -0.108     0.183     0.000
 55     gamma      22 [46]    
                                 0.025     0.290    -0.485     0.565     0.000
 57       pi-    -211 [38]    
                                -0.094     0.046     0.067     0.187     0.140
 59        K+     321 [56]    
                                 0.058    -0.377     0.700     0.938     0.494
 60       pi-    -211 [58]    
                                -1.137     0.281     0.299     1.217     0.140
 62     gamma      22 [61]    
                                -0.006     0.218     0.120     0.249     0.000
 63     gamma      22 [61]    
                                -0.022     0.004    -0.021     0.030     0.000
 64        n0    2112 [39]    
                                 0.471    -0.221    -0.148     1.084     0.940
 66     gamma      22 [65]    
                                 0.006     0.021     0.016     0.027     0.000
 67     gamma      22 [65]    
                                 0.118    -0.183    -0.010     0.218     0.000
 68     nbar0   -2112 [42]    
                                 0.281     0.105     0.554     1.131     0.940
 70     gamma      22 [69]    
                                 0.009    -0.009     0.055     0.056     0.000
 71     gamma      22 [69]    
                                 0.058     0.143     0.006     0.155     0.000
 72     gamma      22 [44]    
                                 0.284    -0.696    -0.410     0.857     0.000
 73     gamma      22 [44]    
                                 0.163    -0.466    -0.398     0.634     0.000
------------------------------------------------------------------------------
     Sum of momenta:            -3e-05    -3e-05    -3e-05      12.5      12.5

The following exception classes were reported in this run:
ThePEG::EventHandler::ConsistencyException warning (1 times)
ThePEG::LesHouchesReader::LesHouchesReopenWarning warning (1 times)
