>>>>>>>>>>>>>>>>>>>>>>>>>>>>>>>>>>>>>>>>>>>>>>>>>>>>>>>>>>>>>>>>>>>>>>>>>>>>>>
>>>> Toolkit for HEP Event Generation - ThePEG 2.2.0 <<<<<<<<<<<<<<<<<<<<<<<<<
>>>> Tue Jun 30 01:03:37 2020                                             <<<<
<<<<<<<<<<<<<<<<<<<<<<<<<<<<<<<<<<<<<<<<<<<<<<<<<<<<<<<<<<<<<<<<<<<<<<<<<<<<<<

>> Herwig 7.2.0 / ThePEG 2.2.0

/Herwig/EventHandlers/NoCuts:
MHat  = 2 .. 47.7238 GeV
Scale = 0 .. 1e+12 GeV2
YHat  = -100 .. 100
X1    = 0 .. 1
X2    = 0 .. 1

* A warning exception of type ThePEG::LesHouchesReader::LesHouchesReopenWarning occurred while generating event number 1: 
Reopening LesHouchesReader 'myReader' after accessing 2 events out of 1
* A warning exception of type ThePEG::EventHandler::ConsistencyException occurred while generating event number 1: 
Event handler 'myLesHouchesHandler' found energy-momentum non-conservation by (-4e-05,-3e-05,-4e-05;1.99988e-05) GeV after generating step number 4.

******************************************************************************
Event number 1 (id: ./OUTPUT/0.95MB1.05/1513012799/TMP/Cluster_HERWIGOutput_43) performed by myLesHouchesHandler
Weight: 1
==============================================================================

--- Colliding particles:
  1        e-      11  (3)   
                                11.931     0.000    -0.000    11.931     0.000
  2        e+     -11  (3)   
                               -11.931     0.000     0.000    11.931     0.000
------------------------------------------------------------------------------
Primary sub-process performed by myReader
--- incoming:
  1        e-      11  (3)   
                                11.931     0.000    -0.000    11.931     0.000
  2        e+     -11  (3)   
                               -11.931     0.000     0.000    11.931     0.000
--- intermediates:
  3     gamma      22 [1,2] (4..11)   
                                -0.000     0.000     0.000    23.862    23.862
--- outgoing:
  4         g      21 [3] (12)  8>>7 {+1,-2}
                                -0.006     0.790     0.105     0.797     0.000
  5         g      21 [3] (13)  10>>11 {+3,-4}
                                 0.488     0.339     0.121     0.607     0.000
  6         g      21 [3] (14)  9>>10 {+5,-6}
                                 1.033    -1.649     0.320     1.972     0.000
  7         g      21 [3] (15)  4>>8 {+7,-1}
                                -0.830     7.026    -5.465     8.940     0.000
  8         g      21 [3] (16)  7>>4 {+2,-7}
                                 0.159    -0.420    -0.192     0.488     0.000
  9         g      21 [3] (17)  11>>6 {+6,-8}
                                 1.676    -2.099     3.137     4.130     0.000
 10         g      21 [3] (18)  6>>5 {+4,-5}
                                -0.729    -3.927    -0.332     4.008     0.000
 11         g      21 [3] (19)  5>>9 {+8,-3}
                                -1.790    -0.060     2.307     2.921     0.000
------------------------------------------------------------------------------
Step 1 performed by myLesHouchesHandler
--- intermediates:
  1        e-      11  (3)   
                                11.931     0.000    -0.000    11.931     0.000
  2        e+     -11  (3)   
                               -11.931     0.000     0.000    11.931     0.000
  3     gamma      22 [1,2] (4..11)   
                                -0.000     0.000     0.000    23.862    23.862
--- final:
  4         g      21 [3] (12)  8>>7 {+1,-2}
                                -0.006     0.790     0.105     0.797     0.000
  5         g      21 [3] (13)  10>>11 {+3,-4}
                                 0.488     0.339     0.121     0.607     0.000
  6         g      21 [3] (14)  9>>10 {+5,-6}
                                 1.033    -1.649     0.320     1.972     0.000
  7         g      21 [3] (15)  4>>8 {+7,-1}
                                -0.830     7.026    -5.465     8.940     0.000
  8         g      21 [3] (16)  7>>4 {+2,-7}
                                 0.159    -0.420    -0.192     0.488     0.000
  9         g      21 [3] (17)  11>>6 {+6,-8}
                                 1.676    -2.099     3.137     4.130     0.000
 10         g      21 [3] (18)  6>>5 {+4,-5}
                                -0.729    -3.927    -0.332     4.008     0.000
 11         g      21 [3] (19)  5>>9 {+8,-3}
                                -1.790    -0.060     2.307     2.921     0.000
------------------------------------------------------------------------------
     Sum of momenta:            -5e-05    -3e-05    -4e-05      23.9      23.9
------------------------------------------------------------------------------
Step 2 performed by ShowerHandler
--- final:
 12         g      21 [4] (20,21)  16>>15 {+1,-2}
                                -0.006     0.713     0.094     1.191     0.950
 13         g      21 [5] (22,23)  18>>19 {+3,-4}
                                 0.440     0.306     0.110     1.096     0.950
 14         g      21 [6] (24,25)  17>>18 {+5,-6}
                                 0.932    -1.488     0.288     2.017     0.950
 15         g      21 [7] (26,27)  12>>16 {+7,-1}
                                -0.749     6.340    -4.932     8.123     0.950
 16         g      21 [8] (28,29)  15>>12 {+2,-7}
                                 0.144    -0.379    -0.173     1.047     0.950
 17         g      21 [9] (30,31)  19>>14 {+6,-8}
                                 1.512    -1.894     2.831     3.846     0.950
 18         g      21 [10] (32,33)  14>>13 {+4,-5}
                                -0.658    -3.544    -0.300     3.739     0.950
 19         g      21 [11] (34,35)  13>>17 {+8,-3}
                                -1.616    -0.055     2.082     2.802     0.950
------------------------------------------------------------------------------
     Sum of momenta:            -5e-05    -3e-05    -4e-05      23.9      23.9
------------------------------------------------------------------------------
Step 3 performed by ClusterHadHandler
--- intermediates:
 20         u       2 [12] (36)   {+1}
                                -0.127     0.440    -0.266     0.621     0.325
 21      ubar      -2 [12] (43)   {-2}
                                 0.122     0.273     0.361     0.570     0.325
 22         u       2 [13] (37)   {+3}
                                 0.253     0.126     0.401     0.588     0.325
 23      ubar      -2 [13] (38)   {-4}
                                 0.188     0.180    -0.291     0.508     0.325
 24         s       3 [14] (41)   {+5}
                                 0.278    -0.595     0.188     0.818     0.450
 25      sbar      -3 [14] (39)   {-6}
                                 0.654    -0.893     0.101     1.199     0.450
 26         u       2 [15] (40)   {+7}
                                -0.738     3.414    -2.570     4.349     0.325
 27      ubar      -2 [15] (36)   {-1}
                                -0.011     2.926    -2.362     3.775     0.325
 28         u       2 [16] (42)   {+2}
                                -0.201    -0.255    -0.290     0.544     0.325
 29      ubar      -2 [16] (40)   {-7}
                                 0.345    -0.123     0.117     0.504     0.325
 30         u       2 [17] (39)   {+6}
                                 1.405    -1.491     2.279     3.081     0.325
 31      ubar      -2 [17] (41)   {-8}
                                 0.108    -0.403     0.551     0.764     0.325
 32         u       2 [18] (38)   {+4}
                                -0.309    -2.826    -0.304     2.878     0.325
 33      ubar      -2 [18] (42)   {-5}
                                -0.350    -0.717     0.004     0.862     0.325
 34         u       2 [19] (43)   {+8}
                                -1.392    -0.169     1.416     2.019     0.325
 35      ubar      -2 [19] (37)   {-3}
                                -0.223     0.115     0.666     0.783     0.325
 36   Cluster      81 [20,27] (48,49)   
                                -0.138     3.366    -2.628     4.396     1.034
 37   Cluster      81 [22,35] (46,47)   
                                 0.029     0.240     1.067     1.371     0.826
 38   Cluster      81 [23,32] (54,55)   
                                -0.121    -2.646    -0.596     3.386     2.023
 39   Cluster      81 [25,30] (50,51)   
                                 2.059    -2.384     2.380     4.281     1.655
 40   Cluster      81 [26,29] (58,59)   
                                -0.393     3.290    -2.453     4.852     2.558
 41   Cluster      81 [24,31] (52,53)   
                                 0.386    -0.998     0.739     1.582     0.901
 42   Cluster      81 [28,33] (56,57)   
                                -0.551    -0.973    -0.286     1.405     0.802
 43   Cluster      81 [21,34] (44,45)   
                                -1.271     0.103     1.776     2.589     1.387
--- final:
 44       pi+     211 [43]    
                                -0.439     0.069     0.446     0.645     0.140
 45      rho-    -213 [43] (60,61)   
                                -0.831     0.035     1.330     1.944     1.148
 46       pi+     211 [37]    
                                -0.215    -0.189     0.245     0.402     0.140
 47       pi-    -211 [37]    
                                 0.244     0.429     0.822     0.969     0.140
 48       pi+     211 [36]    
                                -0.317     2.630    -2.437     3.602     0.140
 49       pi-    -211 [36]    
                                 0.179     0.736    -0.191     0.794     0.140
 50        K0     311 [39] (64)   
                                 0.486    -0.127     0.292     0.765     0.498
 51      rho+     213 [39] (65,66)   
                                 1.573    -2.257     2.087     3.515     0.659
 52        K-    -321 [41]    
                                 0.243    -0.822     0.842     1.298     0.494
 53       pi0     111 [41] (69,70)   
                                 0.143    -0.177    -0.103     0.283     0.135
 54       eta     221 [38] (71..73)   
                                -0.015    -0.195    -0.087     0.588     0.548
 55      a_20     115 [38] (80,81)   
                                -0.106    -2.450    -0.508     2.798     1.246
 56       pi+     211 [42]    
                                -0.175    -0.889    -0.020     0.917     0.140
 57       pi-    -211 [42]    
                                -0.376    -0.084    -0.266     0.488     0.140
 58     pi_2+   10215 [40] (87,88)   
                                -0.737     1.533    -1.015     2.551     1.608
 59       pi-    -211 [40]    
                                 0.344     1.757    -1.438     2.301     0.140
------------------------------------------------------------------------------
     Sum of momenta:            -5e-05    -3e-05    -4e-05      23.9      23.9
------------------------------------------------------------------------------
Step 4 performed by DecayHandler
--- intermediates:
 60       pi0     111 [45] (62,63)   
                                -0.865    -0.202     1.394     1.659     0.135
 65       pi0     111 [51] (67,68)   
                                 0.705    -1.520     1.278     2.112     0.135
 71       pi0     111 [54] (74,75)   
                                -0.082    -0.168    -0.075     0.242     0.135
 72       pi0     111 [54] (76,77)   
                                 0.099     0.059    -0.036     0.181     0.135
 73       pi0     111 [54] (78,79)   
                                -0.031    -0.086     0.023     0.165     0.135
 80      rho-    -213 [55] (82,83)   
                                -0.050    -2.265    -0.139     2.358     0.637
 82       pi0     111 [80] (84..86)   
                                 0.247    -1.245    -0.156     1.285     0.135
 88       f_2     225 [58] (89,90)   
                                -0.666     1.290    -0.563     2.015     1.278
--- final:
 44       pi+     211 [43]    
                                -0.439     0.069     0.446     0.645     0.140
 46       pi+     211 [37]    
                                -0.215    -0.189     0.245     0.402     0.140
 47       pi-    -211 [37]    
                                 0.244     0.429     0.822     0.969     0.140
 48       pi+     211 [36]    
                                -0.317     2.630    -2.437     3.602     0.140
 49       pi-    -211 [36]    
                                 0.179     0.736    -0.191     0.794     0.140
 52        K-    -321 [41]    
                                 0.243    -0.822     0.842     1.298     0.494
 56       pi+     211 [42]    
                                -0.175    -0.889    -0.020     0.917     0.140
 57       pi-    -211 [42]    
                                -0.376    -0.084    -0.266     0.488     0.140
 59       pi-    -211 [40]    
                                 0.344     1.757    -1.438     2.301     0.140
 61       pi-    -211 [45]    
                                 0.034     0.237    -0.065     0.285     0.140
 62     gamma      22 [60]    
                                -0.740    -0.209     1.250     1.468     0.000
 63     gamma      22 [60]    
                                -0.126     0.007     0.144     0.191     0.000
 64      K_L0     130 [50]    
                                 0.486    -0.127     0.292     0.765     0.498
 66       pi+     211 [51]    
                                 0.868    -0.737     0.810     1.404     0.140
 67     gamma      22 [65]    
                                 0.516    -1.218     0.964     1.637     0.000
 68     gamma      22 [65]    
                                 0.189    -0.302     0.314     0.475     0.000
 69     gamma      22 [53]    
                                 0.057    -0.087     0.023     0.106     0.000
 70     gamma      22 [53]    
                                 0.086    -0.090    -0.126     0.177     0.000
 74     gamma      22 [71]    
                                -0.033    -0.046    -0.094     0.109     0.000
 75     gamma      22 [71]    
                                -0.049    -0.122     0.019     0.133     0.000
 76     gamma      22 [72]    
                                 0.029     0.039    -0.082     0.095     0.000
 77     gamma      22 [72]    
                                 0.069     0.020     0.046     0.086     0.000
 78     gamma      22 [73]    
                                -0.015     0.028    -0.024     0.040     0.000
 79     gamma      22 [73]    
                                -0.016    -0.115     0.047     0.125     0.000
 81       pi+     211 [55]    
                                -0.056    -0.185    -0.370     0.440     0.140
 83       pi-    -211 [80]    
                                -0.297    -1.021     0.017     1.072     0.140
 84     gamma      22 [82]    
                                 0.247    -1.065    -0.102     1.098     0.000
 85        e-      11 [82]    
                                -0.000    -0.061    -0.018     0.064     0.001
 86        e+     -11 [82]    
                                 0.000    -0.119    -0.036     0.124     0.001
 87       pi+     211 [58]    
                                -0.071     0.243    -0.452     0.537     0.140
 89       pi-    -211 [88]    
                                -0.242    -0.213    -0.201     0.405     0.140
 90       pi+     211 [88]    
                                -0.424     1.504    -0.362     1.610     0.140
------------------------------------------------------------------------------
     Sum of momenta:            -5e-05    -3e-05    -4e-05      23.9      23.9

The following exception classes were reported in this run:
ThePEG::EventHandler::ConsistencyException warning (1 times)
ThePEG::LesHouchesReader::LesHouchesReopenWarning warning (1 times)
