>>>>>>>>>>>>>>>>>>>>>>>>>>>>>>>>>>>>>>>>>>>>>>>>>>>>>>>>>>>>>>>>>>>>>>>>>>>>>>
>>>> Toolkit for HEP Event Generation - ThePEG 2.2.0 <<<<<<<<<<<<<<<<<<<<<<<<<
>>>> Tue Jun 30 00:41:03 2020                                             <<<<
<<<<<<<<<<<<<<<<<<<<<<<<<<<<<<<<<<<<<<<<<<<<<<<<<<<<<<<<<<<<<<<<<<<<<<<<<<<<<<

>> Herwig 7.2.0 / ThePEG 2.2.0

/Herwig/EventHandlers/NoCuts:
MHat  = 2 .. 27.091 GeV
Scale = 0 .. 1e+12 GeV2
YHat  = -100 .. 100
X1    = 0 .. 1
X2    = 0 .. 1

* A warning exception of type ThePEG::LesHouchesReader::LesHouchesReopenWarning occurred while generating event number 1: 
Reopening LesHouchesReader 'myReader' after accessing 2 events out of 1
* A warning exception of type ThePEG::EventHandler::ConsistencyException occurred while generating event number 1: 
Event handler 'myLesHouchesHandler' found energy-momentum non-conservation by (-2e-05,-3e-05,-3e-05;2.99988e-05) GeV after generating step number 4.

******************************************************************************
Event number 1 (id: ./OUTPUT/0.95MB1.05/1512335477/TMP/Cluster_HERWIGOutput_31) performed by myLesHouchesHandler
Weight: 1
==============================================================================

--- Colliding particles:
  1        e-      11  (3)   
                                 6.773     0.000     0.000     6.773     0.000
  2        e+     -11  (3)   
                                -6.773     0.000    -0.000     6.773     0.000
------------------------------------------------------------------------------
Primary sub-process performed by myReader
--- incoming:
  1        e-      11  (3)   
                                 6.773     0.000     0.000     6.773     0.000
  2        e+     -11  (3)   
                                -6.773     0.000    -0.000     6.773     0.000
--- intermediates:
  3     gamma      22 [1,2] (4..9)   
                                -0.000     0.000    -0.000    13.545    13.545
--- outgoing:
  4         g      21 [3] (10)  6>>6 {+1,-2}
                                 0.560     0.432    -0.884     1.132     0.000
  5         g      21 [3] (11)  8>>7 {+3,-4}
                                 1.594     0.707    -4.191     4.539     0.000
  6         g      21 [3] (12)  4>>4 {+2,-1}
                                 0.957    -0.728     0.192     1.217     0.000
  7         g      21 [3] (13)  5>>9 {+5,-3}
                                -2.010    -0.713     1.177     2.436     0.000
  8         g      21 [3] (16)  9>>5 {+4,-6}
                                -0.261    -0.657     0.935     1.172     0.000
  9         g      21 [3] (17)  7>>8 {+6,-5}
                                -0.840     0.959     2.770     3.049     0.000
------------------------------------------------------------------------------
Step 1 performed by myLesHouchesHandler
--- intermediates:
  1        e-      11  (3)   
                                 6.773     0.000     0.000     6.773     0.000
  2        e+     -11  (3)   
                                -6.773     0.000    -0.000     6.773     0.000
  3     gamma      22 [1,2] (4..9)   
                                -0.000     0.000    -0.000    13.545    13.545
--- final:
  4         g      21 [3] (10)  6>>6 {+1,-2}
                                 0.560     0.432    -0.884     1.132     0.000
  5         g      21 [3] (11)  8>>7 {+3,-4}
                                 1.594     0.707    -4.191     4.539     0.000
  6         g      21 [3] (12)  4>>4 {+2,-1}
                                 0.957    -0.728     0.192     1.217     0.000
  7         g      21 [3] (13)  5>>9 {+5,-3}
                                -2.010    -0.713     1.177     2.436     0.000
  8         g      21 [3] (16)  9>>5 {+4,-6}
                                -0.261    -0.657     0.935     1.172     0.000
  9         g      21 [3] (17)  7>>8 {+6,-5}
                                -0.840     0.959     2.770     3.049     0.000
------------------------------------------------------------------------------
     Sum of momenta:            -3e-05    -3e-05    -3e-05      13.5      13.5
------------------------------------------------------------------------------
Step 2 performed by ShowerHandler
--- intermediates:
 13         g      21 [7] (14,15)   {+5,-3}
                                -1.607    -0.570     0.941     3.172     2.505
--- final:
 10         g      21 [4] (18,19)  12>>12 {+1,-2}
                                 0.447     0.345    -0.706     1.312     0.950
 11         g      21 [5] (20,21)  16>>15 {+3,-4}
                                 1.274     0.565    -3.350     3.751     0.950
 12         g      21 [6] (22,23)  10>>10 {+2,-1}
                                 0.765    -0.582     0.154     1.360     0.950
 14         u       2 [13] (29)  >17 {+5}
                                 0.122    -1.118     0.532     1.286     0.325
 15      ubar      -2 [13] (32)  11> {-3}
                                -1.728     0.548     0.409     1.887     0.325
 16         g      21 [8] (24,25)  17>>11 {+4,-6}
                                -0.208    -0.525     0.747     1.334     0.950
 17         g      21 [9] (26,27)  14>>16 {+6,-5}
                                -0.672     0.767     2.214     2.616     0.950
------------------------------------------------------------------------------
     Sum of momenta:            -3e-05    -3e-05    -3e-05      13.5      13.5
------------------------------------------------------------------------------
Step 3 performed by ClusterHadHandler
--- intermediates:
 18         s       3 [10] (31)   {+1}
                                 0.202     0.188    -0.528     0.747     0.450
 19      sbar      -3 [10] (28)   {-2}
                                 0.246     0.157    -0.178     0.565     0.450
 20         u       2 [11] (33)   {+3}
                                 0.903     0.105    -2.387     2.575     0.325
 21      ubar      -2 [11] (31)   {-4}
                                 0.371     0.461    -0.963     1.176     0.325
 22         d       1 [12] (28)   {+2}
                                 0.595    -0.551    -0.145     0.886     0.325
 23      dbar      -1 [12] (30)   {-1}
                                 0.169    -0.031     0.299     0.474     0.325
 24         u       2 [16] (30)   {+4}
                                -0.455    -0.260     0.378     0.724     0.325
 25      ubar      -2 [16] (33)   {-6}
                                 0.247    -0.265     0.369     0.611     0.325
 26         d       1 [17] (32)   {+6}
                                -0.492     0.289     0.590     0.883     0.325
 27      dbar      -1 [17] (29)   {-5}
                                -0.179     0.477     1.624     1.733     0.325
 28   Cluster      81 [19,22] (40,41)   
                                 0.841    -0.394    -0.323     1.451     1.066
 29   Cluster      81 [14,27] (38,39)   
                                -0.058    -0.640     2.156     3.019     2.013
 30   Cluster      81 [23,24] (34,35)   
                                -0.286    -0.291     0.677     1.198     0.899
 31   Cluster      81 [18,21] (36,37)   
                                 0.573     0.649    -1.492     1.923     0.851
 32   Cluster      81 [15,26] (44,45)   
                                -2.221     0.837     0.999     2.770     1.021
 33   Cluster      81 [20,25] (42,43)   
                                 1.150    -0.160    -2.017     3.186     2.175
--- final:
 34       pi+     211 [30]    
                                 0.027     0.088     0.359     0.396     0.140
 35       eta     221 [30] (46..48)   
                                -0.313    -0.380     0.319     0.802     0.548
 36     Kbar0    -311 [31] (51)   
                                 0.452     0.374    -1.368     1.570     0.498
 37       pi-    -211 [31]    
                                 0.121     0.275    -0.124     0.354     0.140
 38       pi0     111 [29] (54,55)   
                                 0.182    -0.125     0.004     0.259     0.135
 39    rho_3+     217 [29] (56,57)   
                                -0.240    -0.515     2.152     2.759     1.631
 40        K0     311 [28] (64)   
                                 0.109    -0.006    -0.337     0.611     0.498
 41       pi0     111 [28] (71,72)   
                                 0.732    -0.388     0.014     0.840     0.135
 42      rho+     213 [33] (73,74)   
                                 0.534     0.026    -1.971     2.184     0.773
 43      rho-    -213 [33] (77,78)   
                                 0.616    -0.186    -0.046     1.002     0.766
 44     omega     223 [32] (81,82)   
                                -1.760     0.802     0.929     2.282     0.778
 45       pi-    -211 [32]    
                                -0.461     0.035     0.070     0.488     0.140
------------------------------------------------------------------------------
     Sum of momenta:            -3e-05    -3e-05    -3e-05      13.5      13.5
------------------------------------------------------------------------------
Step 4 performed by DecayHandler
--- intermediates:
 48       pi0     111 [35] (49,50)   
                                -0.087    -0.105     0.189     0.270     0.135
 51      K_S0     310 [36] (52,53)   
                                 0.452     0.374    -1.368     1.570     0.498
 57     omega     223 [39] (58,59)   
                                 0.153    -0.596     2.101     2.332     0.802
 58      rho+     213 [57] (60,61)   
                                 0.229    -0.396     1.560     1.733     0.601
 60       pi0     111 [58] (62,63)   
                                -0.140    -0.060     0.236     0.311     0.135
 64      K_S0     310 [40] (65,66)   
                                 0.109    -0.006    -0.337     0.611     0.498
 65       pi0     111 [64] (67,68)   
                                -0.011    -0.105    -0.365     0.403     0.135
 66       pi0     111 [64] (69,70)   
                                 0.120     0.099     0.028     0.208     0.135
 73       pi0     111 [42] (75,76)   
                                 0.522     0.021    -0.606     0.811     0.135
 77       pi0     111 [43] (79,80)   
                                -0.023     0.068    -0.230     0.276     0.135
 82       pi0     111 [44] (83,84)   
                                -1.316     0.901     0.876     1.825     0.135
--- final:
 34       pi+     211 [30]    
                                 0.027     0.088     0.359     0.396     0.140
 37       pi-    -211 [31]    
                                 0.121     0.275    -0.124     0.354     0.140
 45       pi-    -211 [32]    
                                -0.461     0.035     0.070     0.488     0.140
 46       pi+     211 [35]    
                                -0.092    -0.264     0.027     0.314     0.140
 47       pi-    -211 [35]    
                                -0.133    -0.010     0.102     0.219     0.140
 49     gamma      22 [48]    
                                -0.088    -0.135     0.168     0.233     0.000
 50     gamma      22 [48]    
                                 0.001     0.030     0.021     0.037     0.000
 52       pi+     211 [51]    
                                 0.228     0.167    -1.087     1.132     0.140
 53       pi-    -211 [51]    
                                 0.224     0.207    -0.281     0.438     0.140
 54     gamma      22 [38]    
                                 0.150    -0.035     0.036     0.158     0.000
 55     gamma      22 [38]    
                                 0.032    -0.090    -0.033     0.101     0.000
 56       pi+     211 [39]    
                                -0.393     0.081     0.051     0.428     0.140
 59       pi-    -211 [57]    
                                -0.076    -0.199     0.541     0.598     0.140
 61       pi+     211 [58]    
                                 0.368    -0.337     1.325     1.422     0.140
 62     gamma      22 [60]    
                                 0.013     0.024     0.047     0.055     0.000
 63     gamma      22 [60]    
                                -0.153    -0.084     0.188     0.256     0.000
 67     gamma      22 [65]    
                                -0.025    -0.111    -0.370     0.387     0.000
 68     gamma      22 [65]    
                                 0.014     0.006     0.005     0.016     0.000
 69     gamma      22 [66]    
                                 0.078     0.062     0.083     0.130     0.000
 70     gamma      22 [66]    
                                 0.042     0.037    -0.055     0.078     0.000
 71     gamma      22 [41]    
                                 0.701    -0.340    -0.005     0.779     0.000
 72     gamma      22 [41]    
                                 0.031    -0.049     0.019     0.060     0.000
 74       pi+     211 [42]    
                                 0.012     0.005    -1.366     1.373     0.140
 75     gamma      22 [73]    
                                -0.008     0.003    -0.005     0.010     0.000
 76     gamma      22 [73]    
                                 0.530     0.018    -0.601     0.802     0.000
 78       pi-    -211 [43]    
                                 0.639    -0.254     0.184     0.725     0.140
 79     gamma      22 [77]    
                                 0.006     0.099    -0.105     0.144     0.000
 80     gamma      22 [77]    
                                -0.029    -0.031    -0.125     0.132     0.000
 81     gamma      22 [44]    
                                -0.443    -0.099     0.053     0.457     0.000
 83     gamma      22 [82]    
                                -0.532     0.337     0.276     0.688     0.000
 84     gamma      22 [82]    
                                -0.784     0.563     0.600     1.137     0.000
------------------------------------------------------------------------------
     Sum of momenta:            -3e-05    -3e-05    -3e-05      13.5      13.5

The following exception classes were reported in this run:
ThePEG::EventHandler::ConsistencyException warning (1 times)
ThePEG::LesHouchesReader::LesHouchesReopenWarning warning (1 times)
