>>>>>>>>>>>>>>>>>>>>>>>>>>>>>>>>>>>>>>>>>>>>>>>>>>>>>>>>>>>>>>>>>>>>>>>>>>>>>>
>>>> Toolkit for HEP Event Generation - ThePEG 2.2.1 <<<<<<<<<<<<<<<<<<<<<<<<<
>>>> Mon Jun 22 19:51:34 2020                                             <<<<
<<<<<<<<<<<<<<<<<<<<<<<<<<<<<<<<<<<<<<<<<<<<<<<<<<<<<<<<<<<<<<<<<<<<<<<<<<<<<<

>> Herwig 7.2.1 / ThePEG 2.2.1

/Herwig/EventHandlers/NoCuts:
MHat  = 2 .. 22.708 GeV
Scale = 0 .. 1e+12 GeV2
YHat  = -100 .. 100
X1    = 0 .. 1
X2    = 0 .. 1

* A warning exception of type ThePEG::LesHouchesReader::LesHouchesReopenWarning occurred while generating event number 1: 
Reopening LesHouchesReader 'myReader' after accessing 2 events out of 1
* A warning exception of type ThePEG::EventHandler::ConsistencyException occurred while generating event number 1: 
Event handler 'myLesHouchesHandler' found energy-momentum non-conservation by (-2e-05,-3e-05,-3e-05;9.99978e-06) GeV after generating step number 4.

******************************************************************************
Event number 1 (id: TMP/Cluster_HERWIGOutput_4) performed by myLesHouchesHandler
Weight: 1
==============================================================================

--- Colliding particles:
  1        e-      11  (3)   
                                 5.677     0.000     0.000     5.677     0.000
  2        e+     -11  (3)   
                                -5.677     0.000     0.000     5.677     0.000
------------------------------------------------------------------------------
Primary sub-process performed by myReader
--- incoming:
  1        e-      11  (3)   
                                 5.677     0.000     0.000     5.677     0.000
  2        e+     -11  (3)   
                                -5.677     0.000     0.000     5.677     0.000
--- intermediates:
  3     gamma      22 [1,2] (4..8)   
                                 0.000     0.000     0.000    11.354    11.354
--- outgoing:
  4         g      21 [3] (9)  7>>8 {+1,-2}
                                 2.059     0.277     1.637     2.645     0.000
  5         g      21 [3] (10)  6>>7 {+3,-4}
                                 0.983     0.237     0.371     1.077     0.000
  6         g      21 [3] (11)  8>>5 {+4,-5}
                                -1.222     0.849    -1.306     1.980     0.000
  7         g      21 [3] (12)  5>>4 {+2,-3}
                                -3.414    -0.876     0.552     3.567     0.000
  8         g      21 [3] (15)  4>>6 {+5,-1}
                                 1.594    -0.486    -1.253     2.085     0.000
------------------------------------------------------------------------------
Step 1 performed by myLesHouchesHandler
--- intermediates:
  1        e-      11  (3)   
                                 5.677     0.000     0.000     5.677     0.000
  2        e+     -11  (3)   
                                -5.677     0.000     0.000     5.677     0.000
  3     gamma      22 [1,2] (4..8)   
                                 0.000     0.000     0.000    11.354    11.354
--- final:
  4         g      21 [3] (9)  7>>8 {+1,-2}
                                 2.059     0.277     1.637     2.645     0.000
  5         g      21 [3] (10)  6>>7 {+3,-4}
                                 0.983     0.237     0.371     1.077     0.000
  6         g      21 [3] (11)  8>>5 {+4,-5}
                                -1.222     0.849    -1.306     1.980     0.000
  7         g      21 [3] (12)  5>>4 {+2,-3}
                                -3.414    -0.876     0.552     3.567     0.000
  8         g      21 [3] (15)  4>>6 {+5,-1}
                                 1.594    -0.486    -1.253     2.085     0.000
------------------------------------------------------------------------------
     Sum of momenta:            -3e-05    -3e-05    -3e-05      11.4      11.4
------------------------------------------------------------------------------
Step 2 performed by ShowerHandler
--- intermediates:
 12         g      21 [7] (13,14)   {+2,-3}
                                -2.866    -0.736     0.463     3.722     2.211
--- final:
  9         g      21 [4] (16,17)  13>>15 {+1,-2}
                                 1.728     0.232     1.374     2.415     0.950
 10         g      21 [5] (18,19)  11>>14 {+3,-4}
                                 0.825     0.199     0.311     1.311     0.950
 11         g      21 [6] (20,21)  15>>10 {+4,-5}
                                -1.026     0.713    -1.096     1.914     0.950
 13         u       2 [12] (28)  >9 {+2}
                                -1.236    -1.238     0.805     1.953     0.325
 14      ubar      -2 [12] (25)  10> {-3}
                                -1.629     0.502    -0.342     1.769     0.325
 15         g      21 [8] (22,23)  9>>11 {+5,-1}
                                 1.338    -0.408    -1.052     1.992     0.950
------------------------------------------------------------------------------
     Sum of momenta:            -3e-05    -3e-05    -3e-05      11.4      11.4
------------------------------------------------------------------------------
Step 3 performed by ClusterHadHandler
--- intermediates:
 16         d       1 [9] (24)   {+1}
                                 0.999    -0.057     1.101     1.523     0.325
 17      dbar      -1 [9] (27)   {-2}
                                 0.729     0.289     0.273     0.892     0.325
 18         u       2 [10] (25)   {+3}
                                 0.603    -0.158     0.016     0.703     0.325
 19      ubar      -2 [10] (26)   {-4}
                                 0.221     0.357     0.296     0.608     0.325
 20         s       3 [11] (26)   {+4}
                                -0.554     0.244    -0.413     0.860     0.450
 21      sbar      -3 [11] (28)   {-5}
                                -0.471     0.469    -0.683     1.054     0.450
 22         u       2 [15] (27)   {+5}
                                 0.319     0.006    -0.612     0.763     0.325
 23      ubar      -2 [15] (24)   {-1}
                                 1.019    -0.414    -0.440     1.229     0.325
 24   Cluster      81 [16,23] (35,36)   
                                 2.019    -0.471     0.661     2.752     1.685
 25   Cluster      81 [14,18] (33,34)   
                                -1.026     0.345    -0.326     2.472     2.199
 26   Cluster      81 [19,20] (37,38)   
                                -0.333     0.601    -0.118     1.468     1.292
 27   Cluster      81 [17,22] (31,32)   
                                 1.048     0.295    -0.339     1.654     1.199
 28   Cluster      81 [13,21] (29,30)   
                                -1.708    -0.769     0.122     3.007     2.350
--- final:
 29      a_1+   20213 [28] (39,40)   
                                -0.874    -0.329     0.890     1.693     1.097
 30        K0     311 [28] (43)   
                                -0.834    -0.441    -0.768     1.314     0.498
 31       pi+     211 [27]    
                                 0.498     0.163     0.429     0.691     0.140
 32       pi0     111 [27] (44,45)   
                                 0.550     0.132    -0.768     0.963     0.135
 33       pi+     211 [25]    
                                -0.008    -0.147     0.079     0.217     0.140
 34     pi_2-  -10215 [25] (46,47)   
                                -1.017     0.491    -0.405     2.255     1.909
 35       pi-    -211 [24]    
                                 0.160    -0.386    -0.028     0.441     0.140
 36       f_2     225 [24] (50,51)   
                                 1.859    -0.085     0.689     2.311     1.184
 37       pi-    -211 [26]    
                                -0.476     0.123    -0.105     0.522     0.140
 38    K*bar0    -313 [26] (56,57)   
                                 0.144     0.478    -0.013     0.946     0.803
------------------------------------------------------------------------------
     Sum of momenta:            -3e-05    -3e-05    -3e-05      11.4      11.4
------------------------------------------------------------------------------
Step 4 performed by DecayHandler
--- intermediates:
 39      rho0     113 [29] (41,42)   
                                -0.928    -0.154     0.729     1.413     0.762
 46      rho0     113 [34] (48,49)   
                                 0.079     0.496    -0.654     1.122     0.760
 50       pi0     111 [36] (52,53)   
                                 1.536    -0.538     0.531     1.717     0.135
 51       pi0     111 [36] (54,55)   
                                 0.323     0.453     0.159     0.594     0.135
--- final:
 31       pi+     211 [27]    
                                 0.498     0.163     0.429     0.691     0.140
 33       pi+     211 [25]    
                                -0.008    -0.147     0.079     0.217     0.140
 35       pi-    -211 [24]    
                                 0.160    -0.386    -0.028     0.441     0.140
 37       pi-    -211 [26]    
                                -0.476     0.123    -0.105     0.522     0.140
 40       pi+     211 [29]    
                                 0.054    -0.175     0.160     0.280     0.140
 41       pi+     211 [39]    
                                -0.586    -0.376     0.215     0.742     0.140
 42       pi-    -211 [39]    
                                -0.341     0.222     0.515     0.671     0.140
 43      K_L0     130 [30]    
                                -0.834    -0.441    -0.768     1.314     0.498
 44     gamma      22 [32]    
                                 0.166     0.028    -0.337     0.376     0.000
 45     gamma      22 [32]    
                                 0.385     0.103    -0.431     0.587     0.000
 47       pi-    -211 [34]    
                                -1.097    -0.005     0.249     1.133     0.140
 48       pi+     211 [46]    
                                 0.136    -0.077    -0.447     0.494     0.140
 49       pi-    -211 [46]    
                                -0.057     0.573    -0.207     0.628     0.140
 52     gamma      22 [50]    
                                 0.334    -0.156     0.076     0.376     0.000
 53     gamma      22 [50]    
                                 1.202    -0.382     0.455     1.341     0.000
 54     gamma      22 [51]    
                                 0.073     0.213     0.077     0.238     0.000
 55     gamma      22 [51]    
                                 0.250     0.240     0.082     0.356     0.000
 56        K-    -321 [38]    
                                 0.092     0.548    -0.115     0.752     0.494
 57       pi+     211 [38]    
                                 0.051    -0.070     0.103     0.194     0.140
------------------------------------------------------------------------------
     Sum of momenta:            -3e-05    -3e-05    -3e-05      11.4      11.4

The following exception classes were reported in this run:
ThePEG::EventHandler::ConsistencyException warning (1 times)
ThePEG::LesHouchesReader::LesHouchesReopenWarning warning (1 times)
