>>>>>>>>>>>>>>>>>>>>>>>>>>>>>>>>>>>>>>>>>>>>>>>>>>>>>>>>>>>>>>>>>>>>>>>>>>>>>>
>>>> Toolkit for HEP Event Generation - ThePEG 2.2.0 <<<<<<<<<<<<<<<<<<<<<<<<<
>>>> Tue Jun 30 00:33:52 2020                                             <<<<
<<<<<<<<<<<<<<<<<<<<<<<<<<<<<<<<<<<<<<<<<<<<<<<<<<<<<<<<<<<<<<<<<<<<<<<<<<<<<<

>> Herwig 7.2.0 / ThePEG 2.2.0

/Herwig/EventHandlers/NoCuts:
MHat  = 2 .. 78.3039 GeV
Scale = 0 .. 1e+12 GeV2
YHat  = -100 .. 100
X1    = 0 .. 1
X2    = 0 .. 1

* A warning exception of type ThePEG::LesHouchesReader::LesHouchesReopenWarning occurred while generating event number 1: 
Reopening LesHouchesReader 'myReader' after accessing 2 events out of 1
* A warning exception of type ThePEG::EventHandler::ConsistencyException occurred while generating event number 1: 
Event handler 'myLesHouchesHandler' found energy-momentum non-conservation by (-2.8e-05,-4e-05,-3.1e-05;8.99857e-06) GeV after generating step number 4.

******************************************************************************
Event number 1 (id: ./OUTPUT/0.95MB1.05/1512289876/TMP/Cluster_HERWIGOutput_22) performed by myLesHouchesHandler
Weight: 1
==============================================================================

--- Colliding particles:
  1        e-      11  (3)   
                                19.576     0.000    -0.000    19.576     0.000
  2        e+     -11  (3)   
                               -19.576     0.000     0.000    19.576     0.000
------------------------------------------------------------------------------
Primary sub-process performed by myReader
--- incoming:
  1        e-      11  (3)   
                                19.576     0.000    -0.000    19.576     0.000
  2        e+     -11  (3)   
                               -19.576     0.000     0.000    19.576     0.000
--- intermediates:
  3     gamma      22 [1,2] (4..9)   
                                 0.000     0.000     0.000    39.152    39.152
--- outgoing:
  4         g      21 [3] (10)  6>>8 {+1,-2}
                                -1.138     1.371    -6.075     6.331     0.000
  5         g      21 [3] (13)  9>>9 {+3,-4}
                                -0.583     0.819    -6.693     6.768     0.000
  6         g      21 [3] (14)  7>>4 {+2,-5}
                                 1.113     1.617     0.017     1.963     0.000
  7         g      21 [3] (15)  8>>6 {+5,-6}
                                -3.746    -2.199    16.691    17.247     0.000
  8         g      21 [3] (18)  4>>7 {+6,-1}
                                 3.366     0.285    -2.967     4.496     0.000
  9         g      21 [3] (19)  5>>5 {+4,-3}
                                 0.988    -1.894    -0.974     2.348     0.000
------------------------------------------------------------------------------
Step 1 performed by myLesHouchesHandler
--- intermediates:
  1        e-      11  (3)   
                                19.576     0.000    -0.000    19.576     0.000
  2        e+     -11  (3)   
                               -19.576     0.000     0.000    19.576     0.000
  3     gamma      22 [1,2] (4..9)   
                                 0.000     0.000     0.000    39.152    39.152
--- final:
  4         g      21 [3] (10)  6>>8 {+1,-2}
                                -1.138     1.371    -6.075     6.331     0.000
  5         g      21 [3] (13)  9>>9 {+3,-4}
                                -0.583     0.819    -6.693     6.768     0.000
  6         g      21 [3] (14)  7>>4 {+2,-5}
                                 1.113     1.617     0.017     1.963     0.000
  7         g      21 [3] (15)  8>>6 {+5,-6}
                                -3.746    -2.199    16.691    17.247     0.000
  8         g      21 [3] (18)  4>>7 {+6,-1}
                                 3.366     0.285    -2.967     4.496     0.000
  9         g      21 [3] (19)  5>>5 {+4,-3}
                                 0.988    -1.894    -0.974     2.348     0.000
------------------------------------------------------------------------------
     Sum of momenta:            -4e-05    -4e-05  -3.1e-05      39.2      39.2
------------------------------------------------------------------------------
Step 2 performed by ShowerHandler
--- intermediates:
 10         g      21 [4] (11,12)   {+1,-2}
                                -1.096     1.320    -5.850     6.719     2.825
 15         g      21 [7] (16,17)   {+5,-6}
                                -3.607    -2.117    16.075    16.845     2.804
--- final:
 11         g      21 [10] (28,29)  12>>18 {+1,-7}
                                -0.036     1.539    -2.630     3.192     0.950
 12         g      21 [10] (30,31)  14>>11 {+7,-2}
                                -1.060    -0.218    -3.220     3.527     0.950
 13         g      21 [5] (20,21)  19>>19 {+3,-4}
                                -0.562     0.789    -6.446     6.587     0.950
 14         g      21 [6] (22,23)  16>>12 {+2,-5}
                                 1.072     1.557     0.017     2.116     0.950
 16         g      21 [15] (32,33)  17>>14 {+5,-8}
                                -1.544    -0.081     8.235     8.433     0.950
 17         g      21 [15] (34,35)  18>>16 {+8,-6}
                                -2.063    -2.036     7.839     8.412     0.950
 18         g      21 [8] (24,25)  11>>17 {+6,-1}
                                 3.241     0.275    -2.857     4.432     0.950
 19         g      21 [9] (26,27)  13>>13 {+4,-3}
                                 0.952    -1.824    -0.938     2.452     0.950
------------------------------------------------------------------------------
     Sum of momenta:            -4e-05    -4e-05  -3.1e-05      39.2      39.2
------------------------------------------------------------------------------
Step 3 performed by ClusterHadHandler
--- intermediates:
 20         u       2 [13] (41)   {+3}
                                -0.406     0.425    -5.152     5.196     0.325
 21      ubar      -2 [13] (36)   {-4}
                                -0.156     0.364    -1.294     1.391     0.325
 22         d       1 [14] (42)   {+2}
                                 0.204     0.344    -0.239     0.568     0.325
 23      dbar      -1 [14] (37)   {-5}
                                 0.868     1.213     0.256     1.548     0.325
 24         u       2 [18] (38)   {+6}
                                 1.341     0.184    -0.774     1.593     0.325
 25      ubar      -2 [18] (39)   {-1}
                                 1.900     0.091    -2.083     2.840     0.325
 26         s       3 [19] (36)   {+4}
                                 0.427    -1.066    -0.607     1.374     0.450
 27      sbar      -3 [19] (42)   {-3}
                                 0.524    -0.758    -0.331     1.078     0.450
 28         s       3 [11] (39)   {+1}
                                -0.133     0.707    -1.405     1.641     0.450
 29      sbar      -3 [11] (40)   {-7}
                                 0.097     0.832    -1.225     1.551     0.450
 30         d       1 [12] (40)   {+7}
                                -0.292     0.003    -1.905     1.955     0.325
 31      dbar      -1 [12] (41)   {-2}
                                -0.768    -0.221    -1.314     1.572     0.325
 32         u       2 [16] (37)   {+5}
                                -0.431     0.181     3.737     3.780     0.325
 33      ubar      -2 [16] (43)   {-8}
                                -1.113    -0.262     4.498     4.653     0.325
 34         u       2 [17] (43)   {+8}
                                -1.073    -0.775     4.341     4.550     0.325
 35      ubar      -2 [17] (38)   {-6}
                                -0.990    -1.261     3.498     3.862     0.325
 36   Cluster      81 [21,26] (48,49)   
                                 0.271    -0.702    -1.901     2.766     1.862
 37   Cluster      81 [23,32] (46,47)   
                                 0.437     1.395     3.993     5.328     3.211
 38   Cluster      81 [24,35] (44,45)   
                                 0.351    -1.078     2.724     5.455     4.587
 39   Cluster      81 [25,28] (58,59)   
                                 1.767     0.798    -3.488     4.481     2.038
 40   Cluster      81 [29,30] (52,53)   
                                -0.195     0.834    -3.131     3.506     1.324
 41   Cluster      81 [20,31] (54,55)   
                                -1.174     0.204    -6.466     6.768     1.603
 42   Cluster      81 [22,27] (56,57)   
                                 0.729    -0.414    -0.570     1.646     1.297
 43   Cluster      81 [33,34] (50,51)   
                                -2.186    -1.037     8.839     9.203     0.837
 44   Cluster      81 [38] (60,61)   
                                 0.969    -0.208     0.327     2.678     2.466
 45   Cluster      81 [38] (62,63)   
                                -0.618    -0.869     2.397     2.777     0.910
--- final:
 46    rho_30     117 [37] (64,65)   
                                 0.777     0.485     2.356     3.113     1.817
 47      a_2+     215 [37] (74,75)   
                                -0.340     0.909     1.636     2.215     1.133
 48     omega     223 [36] (78,79)   
                                -0.203    -0.494    -0.774     1.223     0.782
 49       K*-    -323 [36] (82,83)   
                                 0.474    -0.208    -1.127     1.543     0.917
 50       pi+     211 [43]    
                                -1.835    -0.981     6.334     6.669     0.140
 51       pi-    -211 [43]    
                                -0.352    -0.056     2.505     2.534     0.140
 52        K+     321 [40]    
                                 0.034     0.498    -1.357     1.528     0.494
 53      rho-    -213 [40] (85,86)   
                                -0.229     0.336    -1.774     1.978     0.774
 54     omega     223 [41] (89,90)   
                                -0.564     0.076    -3.277     3.418     0.787
 55      rho+     213 [41] (95,96)   
                                -0.611     0.128    -3.190     3.350     0.813
 56       pi-    -211 [42]    
                                -0.239    -0.142     0.116     0.332     0.140
 57        K+     321 [42]    
                                 0.968    -0.273    -0.686     1.314     0.494
 58       pi0     111 [39] (99,100)   
                                -0.224     0.040    -0.220     0.344     0.135
 59     K*_2-    -325 [39] (101,102)   
                                 1.991     0.758    -3.268     4.137     1.378
 60        n0    2112 [44]    
                                 1.305    -0.196    -0.023     1.620     0.940
 61     nbar0   -2112 [44]    
                                -0.336    -0.012     0.350     1.058     0.940
 62       pi0     111 [45] (105,106)   
                                -0.311    -0.860     1.097     1.434     0.135
 63       pi0     111 [45] (107,108)   
                                -0.308    -0.010     1.300     1.343     0.135
------------------------------------------------------------------------------
     Sum of momenta:            -4e-05    -4e-05  -3.1e-05      39.2      39.2
------------------------------------------------------------------------------
Step 4 performed by DecayHandler
--- intermediates:
 64       pi0     111 [46] (66,67)   
                                -0.379    -0.212     0.725     0.856     0.135
 65     omega     223 [46] (68,69)   
                                 1.156     0.698     1.632     2.258     0.782
 68      rho0     113 [65] (70,71)   
                                 1.074     0.619     1.559     2.067     0.553
 69       pi0     111 [65] (72,73)   
                                 0.082     0.079     0.073     0.191     0.135
 74      rho0     113 [47] (76,77)   
                                -0.128     0.782     1.648     1.931     0.617
 79       pi0     111 [48] (80,81)   
                                -0.470    -0.153    -0.382     0.639     0.135
 82     Kbar0    -311 [49] (84)   
                                 0.265    -0.318    -0.389     0.755     0.498
 85       pi0     111 [53] (87,88)   
                                 0.007     0.257    -1.634     1.660     0.135
 89      rho0     113 [54] (91,92)   
                                -0.608     0.155    -2.688     2.806     0.509
 90       pi0     111 [54] (93,94)   
                                 0.044    -0.079    -0.589     0.611     0.135
 95       pi0     111 [55] (97,98)   
                                -0.754     0.231    -2.466     2.592     0.135
101    K*bar0    -313 [59] (103,104)   
                                 1.171     0.795    -2.457     2.974     0.900
--- final:
 50       pi+     211 [43]    
                                -1.835    -0.981     6.334     6.669     0.140
 51       pi-    -211 [43]    
                                -0.352    -0.056     2.505     2.534     0.140
 52        K+     321 [40]    
                                 0.034     0.498    -1.357     1.528     0.494
 56       pi-    -211 [42]    
                                -0.239    -0.142     0.116     0.332     0.140
 57        K+     321 [42]    
                                 0.968    -0.273    -0.686     1.314     0.494
 60        n0    2112 [44]    
                                 1.305    -0.196    -0.023     1.620     0.940
 61     nbar0   -2112 [44]    
                                -0.336    -0.012     0.350     1.058     0.940
 66     gamma      22 [64]    
                                -0.353    -0.232     0.666     0.789     0.000
 67     gamma      22 [64]    
                                -0.026     0.019     0.059     0.067     0.000
 70       pi+     211 [68]    
                                 0.729     0.220     1.143     1.381     0.140
 71       pi-    -211 [68]    
                                 0.345     0.400     0.415     0.686     0.140
 72     gamma      22 [69]    
                                 0.076     0.061    -0.017     0.098     0.000
 73     gamma      22 [69]    
                                 0.006     0.018     0.090     0.092     0.000
 75       pi+     211 [47]    
                                -0.212     0.127    -0.012     0.284     0.140
 76       pi+     211 [74]    
                                 0.159     0.113     0.600     0.646     0.140
 77       pi-    -211 [74]    
                                -0.287     0.669     1.049     1.285     0.140
 78     gamma      22 [48]    
                                 0.267    -0.341    -0.392     0.584     0.000
 80     gamma      22 [79]    
                                -0.476    -0.160    -0.379     0.629     0.000
 81     gamma      22 [79]    
                                 0.007     0.007    -0.003     0.010     0.000
 83       pi-    -211 [49]    
                                 0.209     0.110    -0.738     0.787     0.140
 84      K_L0     130 [82]    
                                 0.265    -0.318    -0.389     0.755     0.498
 86       pi-    -211 [53]    
                                -0.236     0.079    -0.139     0.318     0.140
 87     gamma      22 [85]    
                                -0.064     0.118    -0.726     0.738     0.000
 88     gamma      22 [85]    
                                 0.071     0.139    -0.908     0.922     0.000
 91       pi+     211 [89]    
                                -0.383    -0.121    -1.475     1.535     0.140
 92       pi-    -211 [89]    
                                -0.225     0.276    -1.213     1.272     0.140
 93     gamma      22 [90]    
                                -0.026     0.002    -0.024     0.035     0.000
 94     gamma      22 [90]    
                                 0.070    -0.082    -0.566     0.576     0.000
 96       pi+     211 [55]    
                                 0.144    -0.102    -0.724     0.758     0.140
 97     gamma      22 [95]    
                                -0.290     0.034    -0.782     0.835     0.000
 98     gamma      22 [95]    
                                -0.464     0.197    -1.684     1.758     0.000
 99     gamma      22 [58]    
                                -0.115    -0.010    -0.030     0.119     0.000
100     gamma      22 [58]    
                                -0.109     0.050    -0.191     0.225     0.000
102       pi-    -211 [59]    
                                 0.821    -0.037    -0.811     1.163     0.140
103        K-    -321 [101]    
                                 0.293     0.243    -0.785     1.002     0.494
104       pi+     211 [101]    
                                 0.877     0.553    -1.672     1.972     0.140
105     gamma      22 [62]    
                                 0.002     0.004     0.000     0.004     0.000
106     gamma      22 [62]    
                                -0.313    -0.863     1.097     1.430     0.000
107     gamma      22 [63]    
                                -0.242    -0.023     1.186     1.211     0.000
108     gamma      22 [63]    
                                -0.065     0.013     0.114     0.132     0.000
------------------------------------------------------------------------------
     Sum of momenta:            -4e-05    -4e-05  -3.1e-05      39.2      39.2

The following exception classes were reported in this run:
ThePEG::EventHandler::ConsistencyException warning (1 times)
ThePEG::LesHouchesReader::LesHouchesReopenWarning warning (1 times)
