>>>>>>>>>>>>>>>>>>>>>>>>>>>>>>>>>>>>>>>>>>>>>>>>>>>>>>>>>>>>>>>>>>>>>>>>>>>>>>
>>>> Toolkit for HEP Event Generation - ThePEG 2.2.0 <<<<<<<<<<<<<<<<<<<<<<<<<
>>>> Tue Jun 30 01:02:55 2020                                             <<<<
<<<<<<<<<<<<<<<<<<<<<<<<<<<<<<<<<<<<<<<<<<<<<<<<<<<<<<<<<<<<<<<<<<<<<<<<<<<<<<

>> Herwig 7.2.0 / ThePEG 2.2.0

/Herwig/EventHandlers/NoCuts:
MHat  = 2 .. 20.4676 GeV
Scale = 0 .. 1e+12 GeV2
YHat  = -100 .. 100
X1    = 0 .. 1
X2    = 0 .. 1

* A warning exception of type ThePEG::LesHouchesReader::LesHouchesReopenWarning occurred while generating event number 1: 
Reopening LesHouchesReader 'myReader' after accessing 2 events out of 1
* A warning exception of type ThePEG::EventHandler::ConsistencyException occurred while generating event number 1: 
Event handler 'myLesHouchesHandler' found energy-momentum non-conservation by (-1e-05,-2e-05,-3e-05;9.99942e-06) GeV after generating step number 4.

******************************************************************************
Event number 1 (id: ./OUTPUT/0.95MB1.05/1515259493/TMP/Cluster_HERWIGOutput_42) performed by myLesHouchesHandler
Weight: 1
==============================================================================

--- Colliding particles:
  1        e-      11  (3)   
                                 5.117     0.000    -0.000     5.117     0.000
  2        e+     -11  (3)   
                                -5.117     0.000     0.000     5.117     0.000
------------------------------------------------------------------------------
Primary sub-process performed by myReader
--- incoming:
  1        e-      11  (3)   
                                 5.117     0.000    -0.000     5.117     0.000
  2        e+     -11  (3)   
                                -5.117     0.000     0.000     5.117     0.000
--- intermediates:
  3     gamma      22 [1,2] (4..7)   
                                 0.000     0.000    -0.000    10.234    10.234
--- outgoing:
  4         g      21 [3] (8)  6>>6 {+1,-2}
                                 1.499     1.030    -1.444     2.322     0.000
  5         g      21 [3] (9)  7>>7 {+3,-4}
                                 1.041    -0.499     1.204     1.668     0.000
  6         g      21 [3] (10)  4>>4 {+2,-1}
                                 1.423     1.144    -0.462     1.883     0.000
  7         g      21 [3] (11)  5>>5 {+4,-3}
                                -3.963    -1.674     0.702     4.360     0.000
------------------------------------------------------------------------------
Step 1 performed by myLesHouchesHandler
--- intermediates:
  1        e-      11  (3)   
                                 5.117     0.000    -0.000     5.117     0.000
  2        e+     -11  (3)   
                                -5.117     0.000     0.000     5.117     0.000
  3     gamma      22 [1,2] (4..7)   
                                 0.000     0.000    -0.000    10.234    10.234
--- final:
  4         g      21 [3] (8)  6>>6 {+1,-2}
                                 1.499     1.030    -1.444     2.322     0.000
  5         g      21 [3] (9)  7>>7 {+3,-4}
                                 1.041    -0.499     1.204     1.668     0.000
  6         g      21 [3] (10)  4>>4 {+2,-1}
                                 1.423     1.144    -0.462     1.883     0.000
  7         g      21 [3] (11)  5>>5 {+4,-3}
                                -3.963    -1.674     0.702     4.360     0.000
------------------------------------------------------------------------------
     Sum of momenta:            -2e-05    -2e-05    -3e-05      10.2      10.2
------------------------------------------------------------------------------
Step 2 performed by ShowerHandler
--- final:
  8         g      21 [4] (12,13)  10>>10 {+1,-2}
                                 1.378     0.947    -1.328     2.337     0.950
  9         g      21 [5] (14,15)  11>>11 {+3,-4}
                                 0.957    -0.459     1.107     1.804     0.950
 10         g      21 [6] (16,17)  8>>8 {+2,-1}
                                 1.308     1.051    -0.425     1.975     0.950
 11         g      21 [7] (18,19)  9>>9 {+4,-3}
                                -3.643    -1.539     0.645     4.118     0.950
------------------------------------------------------------------------------
     Sum of momenta:            -2e-05    -2e-05    -3e-05      10.2      10.2
------------------------------------------------------------------------------
Step 3 performed by ClusterHadHandler
--- intermediates:
 12         u       2 [8] (20)   {+1}
                                 0.990     0.960    -0.976     1.720     0.325
 13      ubar      -2 [8] (21)   {-2}
                                 0.388    -0.013    -0.352     0.617     0.325
 14         s       3 [9] (22)   {+3}
                                 0.595    -0.246     0.780     1.107     0.450
 15      sbar      -3 [9] (23)   {-4}
                                 0.362    -0.213     0.327     0.697     0.450
 16         u       2 [10] (21)   {+2}
                                 0.574     0.429    -0.537     0.953     0.325
 17      ubar      -2 [10] (20)   {-1}
                                 0.734     0.622     0.113     1.022     0.325
 18         u       2 [11] (23)   {+4}
                                -2.048    -0.738     0.026     2.201     0.325
 19      ubar      -2 [11] (22)   {-3}
                                -1.595    -0.801     0.619     1.917     0.325
 20   Cluster      81 [12,17] (28,29)   
                                 1.724     1.582    -0.863     2.742     1.140
 21   Cluster      81 [13,16] (24,25)   
                                 0.962     0.416    -0.889     1.570     0.758
 22   Cluster      81 [14,19] (26,27)   
                                -1.000    -1.047     1.399     3.024     2.256
 23   Cluster      81 [15,18] (30,31)   
                                -1.686    -0.951     0.353     2.899     2.129
--- final:
 24       pi-    -211 [21]    
                                 0.559     0.248    -0.916     1.110     0.140
 25       pi+     211 [21]    
                                 0.404     0.168     0.027     0.460     0.140
 26   K'*bar0 -100313 [22] (32,33)   
                                -1.429    -1.075     1.130     2.498     1.329
 27       pi-    -211 [22]    
                                 0.428     0.028     0.269     0.526     0.140
 28       pi+     211 [20]    
                                 0.731     0.678     0.196     1.026     0.140
 29       pi-    -211 [20]    
                                 0.993     0.903    -1.060     1.716     0.140
 30        K0     311 [23] (38)   
                                -1.279    -0.265     0.346     1.440     0.498
 31      pi'+  100211 [23] (41,42)   
                                -0.407    -0.685     0.007     1.459     1.222
------------------------------------------------------------------------------
     Sum of momenta:            -2e-05    -2e-05    -3e-05      10.2      10.2
------------------------------------------------------------------------------
Step 4 performed by DecayHandler
--- intermediates:
 32    K*bar0    -313 [26] (34,35)   
                                -0.717    -0.678     0.724     1.578     0.996
 33       pi0     111 [26] (36,37)   
                                -0.711    -0.398     0.406     0.920     0.135
 38      K_S0     310 [30] (39,40)   
                                -1.279    -0.265     0.346     1.440     0.498
 42      rho0     113 [31] (43,44)   
                                -0.188    -0.006    -0.154     0.714     0.671
--- final:
 24       pi-    -211 [21]    
                                 0.559     0.248    -0.916     1.110     0.140
 25       pi+     211 [21]    
                                 0.404     0.168     0.027     0.460     0.140
 27       pi-    -211 [22]    
                                 0.428     0.028     0.269     0.526     0.140
 28       pi+     211 [20]    
                                 0.731     0.678     0.196     1.026     0.140
 29       pi-    -211 [20]    
                                 0.993     0.903    -1.060     1.716     0.140
 34        K-    -321 [32]    
                                -0.196    -0.112     0.559     0.779     0.494
 35       pi+     211 [32]    
                                -0.521    -0.565     0.165     0.799     0.140
 36     gamma      22 [33]    
                                -0.210    -0.058     0.140     0.259     0.000
 37     gamma      22 [33]    
                                -0.501    -0.340     0.265     0.661     0.000
 39       pi+     211 [38]    
                                -0.294     0.014    -0.057     0.331     0.140
 40       pi-    -211 [38]    
                                -0.985    -0.279     0.404     1.109     0.140
 41       pi+     211 [31]    
                                -0.220    -0.679     0.161     0.745     0.140
 43       pi+     211 [42]    
                                 0.019     0.179    -0.295     0.373     0.140
 44       pi-    -211 [42]    
                                -0.206    -0.186     0.141     0.341     0.140
------------------------------------------------------------------------------
     Sum of momenta:            -2e-05    -2e-05    -3e-05      10.2      10.2

The following exception classes were reported in this run:
ThePEG::EventHandler::ConsistencyException warning (1 times)
ThePEG::LesHouchesReader::LesHouchesReopenWarning warning (1 times)
