>>>>>>>>>>>>>>>>>>>>>>>>>>>>>>>>>>>>>>>>>>>>>>>>>>>>>>>>>>>>>>>>>>>>>>>>>>>>>>
>>>> Toolkit for HEP Event Generation - ThePEG 2.2.0 <<<<<<<<<<<<<<<<<<<<<<<<<
>>>> Tue Jun 30 00:36:08 2020                                             <<<<
<<<<<<<<<<<<<<<<<<<<<<<<<<<<<<<<<<<<<<<<<<<<<<<<<<<<<<<<<<<<<<<<<<<<<<<<<<<<<<

>> Herwig 7.2.0 / ThePEG 2.2.0

/Herwig/EventHandlers/NoCuts:
MHat  = 2 .. 9.86062 GeV
Scale = 0 .. 1e+12 GeV2
YHat  = -100 .. 100
X1    = 0 .. 1
X2    = 0 .. 1

* A warning exception of type ThePEG::LesHouchesReader::LesHouchesReopenWarning occurred while generating event number 1: 
Reopening LesHouchesReader 'myReader' after accessing 2 events out of 1
* A warning exception of type ThePEG::EventHandler::ConsistencyException occurred while generating event number 1: 
Event handler 'myLesHouchesHandler' found energy-momentum non-conservation by (-1e-05,-2e-05,-1e-05;1.99997e-05) GeV after generating step number 4.

******************************************************************************
Event number 1 (id: ./OUTPUT/0.95MB1.05/1513126133/TMP/Cluster_HERWIGOutput_25) performed by myLesHouchesHandler
Weight: 1
==============================================================================

--- Colliding particles:
  1        e-      11  (3)   
                                 2.465     0.000    -0.000     2.465     0.000
  2        e+     -11  (3)   
                                -2.465     0.000     0.000     2.465     0.000
------------------------------------------------------------------------------
Primary sub-process performed by myReader
--- incoming:
  1        e-      11  (3)   
                                 2.465     0.000    -0.000     2.465     0.000
  2        e+     -11  (3)   
                                -2.465     0.000     0.000     2.465     0.000
--- intermediates:
  3     gamma      22 [1,2] (4..7)   
                                 0.000     0.000    -0.000     4.930     4.930
--- outgoing:
  4         g      21 [3] (8)  7>>6 {+1,-2}
                                -1.036    -0.467    -0.667     1.318     0.000
  5         g      21 [3] (9)  6>>7 {+3,-4}
                                -0.809     0.237    -0.493     0.976     0.000
  6         g      21 [3] (10)  4>>5 {+4,-1}
                                 0.154    -0.486     0.398     0.647     0.000
  7         g      21 [3] (11)  5>>4 {+2,-3}
                                 1.691     0.717     0.762     1.989     0.000
------------------------------------------------------------------------------
Step 1 performed by myLesHouchesHandler
--- intermediates:
  1        e-      11  (3)   
                                 2.465     0.000    -0.000     2.465     0.000
  2        e+     -11  (3)   
                                -2.465     0.000     0.000     2.465     0.000
  3     gamma      22 [1,2] (4..7)   
                                 0.000     0.000    -0.000     4.930     4.930
--- final:
  4         g      21 [3] (8)  7>>6 {+1,-2}
                                -1.036    -0.467    -0.667     1.318     0.000
  5         g      21 [3] (9)  6>>7 {+3,-4}
                                -0.809     0.237    -0.493     0.976     0.000
  6         g      21 [3] (10)  4>>5 {+4,-1}
                                 0.154    -0.486     0.398     0.647     0.000
  7         g      21 [3] (11)  5>>4 {+2,-3}
                                 1.691     0.717     0.762     1.989     0.000
------------------------------------------------------------------------------
     Sum of momenta:            -2e-05    -2e-05    -1e-05      4.93      4.93
------------------------------------------------------------------------------
Step 2 performed by ShowerHandler
--- final:
  8         g      21 [4] (12,13)  11>>10 {+1,-2}
                                -0.631    -0.284    -0.406     1.243     0.950
  9         g      21 [5] (14,15)  10>>11 {+3,-4}
                                -0.492     0.144    -0.300     1.120     0.950
 10         g      21 [6] (16,17)  8>>9 {+4,-1}
                                 0.094    -0.296     0.242     1.028     0.950
 11         g      21 [7] (18,19)  9>>8 {+2,-3}
                                 1.029     0.436     0.464     1.538     0.950
------------------------------------------------------------------------------
     Sum of momenta:            -2e-05    -2e-05    -1e-05      4.93      4.93
------------------------------------------------------------------------------
Step 3 performed by ClusterHadHandler
--- intermediates:
 12         d       1 [8] (20)   {+1}
                                -0.379    -0.437    -0.027     0.664     0.325
 13      dbar      -1 [8] (21)   {-2}
                                -0.251     0.152    -0.379     0.579     0.325
 14         d       1 [9] (22)   {+3}
                                -0.421    -0.190    -0.319     0.649     0.325
 15      dbar      -1 [9] (23)   {-4}
                                -0.071     0.334     0.019     0.472     0.325
 16         s       3 [10] (23)   {+4}
                                -0.075    -0.105     0.030     0.469     0.450
 17      sbar      -3 [10] (20)   {-1}
                                 0.169    -0.191     0.212     0.559     0.450
 18         d       1 [11] (21)   {+2}
                                 0.469     0.107    -0.136     0.597     0.325
 19      dbar      -1 [11] (22)   {-3}
                                 0.560     0.329     0.600     0.942     0.325
 20   Cluster      81 [12,17] (24,25)   
                                -0.210    -0.628     0.185     1.223     1.012
 21   Cluster      81 [13,18] (26,27)   
                                 0.218     0.260    -0.515     1.176     1.001
 22   Cluster      81 [14,19] (30,31)   
                                 0.138     0.139     0.281     1.590     1.553
 23   Cluster      81 [15,16] (28,29)   
                                -0.146     0.229     0.049     0.941     0.899
--- final:
 24       pi0     111 [20] (32,33)   
                                -0.128    -0.504     0.391     0.665     0.135
 25        K0     311 [20] (34)   
                                -0.082    -0.124    -0.206     0.559     0.498
 26       eta     221 [21] (37..39)   
                                -0.151     0.272    -0.170     0.652     0.548
 27       pi0     111 [21] (40,41)   
                                 0.370    -0.012    -0.346     0.524     0.135
 28       pi0     111 [23] (42,43)   
                                 0.092    -0.176    -0.061     0.248     0.135
 29     Kbar0    -311 [23] (44)   
                                -0.238     0.405     0.109     0.693     0.498
 30       h_1   10223 [22] (45,46)   
                                -0.025    -0.261    -0.022     1.045     1.012
 31       pi0     111 [22] (51,52)   
                                 0.164     0.400     0.304     0.545     0.135
------------------------------------------------------------------------------
     Sum of momenta:            -2e-05    -2e-05    -1e-05      4.93      4.93
------------------------------------------------------------------------------
Step 4 performed by DecayHandler
--- intermediates:
 34      K_S0     310 [25] (35,36)   
                                -0.082    -0.124    -0.206     0.559     0.498
 45      rho0     113 [30] (47,48)   
                                -0.173     0.053    -0.064     0.671     0.643
 46       pi0     111 [30] (49,50)   
                                 0.147    -0.314     0.042     0.374     0.135
--- final:
 32     gamma      22 [24]    
                                -0.107    -0.217     0.123     0.271     0.000
 33     gamma      22 [24]    
                                -0.022    -0.287     0.268     0.393     0.000
 35       pi+     211 [34]    
                                 0.136     0.038    -0.150     0.248     0.140
 36       pi-    -211 [34]    
                                -0.218    -0.162    -0.056     0.310     0.140
 37       pi+     211 [26]    
                                -0.078     0.101    -0.210     0.283     0.140
 38       pi-    -211 [26]    
                                 0.071     0.079    -0.042     0.180     0.140
 39     gamma      22 [26]    
                                -0.144     0.091     0.082     0.189     0.000
 40     gamma      22 [27]    
                                 0.306    -0.034    -0.211     0.373     0.000
 41     gamma      22 [27]    
                                 0.064     0.022    -0.135     0.151     0.000
 42     gamma      22 [28]    
                                 0.001    -0.039     0.039     0.055     0.000
 43     gamma      22 [28]    
                                 0.091    -0.137    -0.100     0.192     0.000
 44      K_L0     130 [29]    
                                -0.238     0.405     0.109     0.693     0.498
 47       pi+     211 [45]    
                                 0.201     0.084    -0.079     0.271     0.140
 48       pi-    -211 [45]    
                                -0.374    -0.031     0.015     0.401     0.140
 49     gamma      22 [46]    
                                 0.086    -0.081    -0.032     0.122     0.000
 50     gamma      22 [46]    
                                 0.061    -0.233     0.074     0.252     0.000
 51     gamma      22 [31]    
                                 0.094     0.131     0.050     0.169     0.000
 52     gamma      22 [31]    
                                 0.069     0.268     0.254     0.376     0.000
------------------------------------------------------------------------------
     Sum of momenta:            -2e-05    -2e-05    -1e-05      4.93      4.93

The following exception classes were reported in this run:
ThePEG::EventHandler::ConsistencyException warning (1 times)
ThePEG::LesHouchesReader::LesHouchesReopenWarning warning (1 times)
