>>>>>>>>>>>>>>>>>>>>>>>>>>>>>>>>>>>>>>>>>>>>>>>>>>>>>>>>>>>>>>>>>>>>>>>>>>>>>>
>>>> Toolkit for HEP Event Generation - ThePEG 2.2.0 <<<<<<<<<<<<<<<<<<<<<<<<<
>>>> Tue Jun 30 00:40:05 2020                                             <<<<
<<<<<<<<<<<<<<<<<<<<<<<<<<<<<<<<<<<<<<<<<<<<<<<<<<<<<<<<<<<<<<<<<<<<<<<<<<<<<<

>> Herwig 7.2.0 / ThePEG 2.2.0

/Herwig/EventHandlers/NoCuts:
MHat  = 2 .. 18.1816 GeV
Scale = 0 .. 1e+12 GeV2
YHat  = -100 .. 100
X1    = 0 .. 1
X2    = 0 .. 1

* A warning exception of type ThePEG::LesHouchesReader::LesHouchesReopenWarning occurred while generating event number 1: 
Reopening LesHouchesReader 'myReader' after accessing 2 events out of 1
* A warning exception of type ThePEG::EventHandler::ConsistencyException occurred while generating event number 1: 
Event handler 'myLesHouchesHandler' found energy-momentum non-conservation by (-1e-05,-2e-05,-2e-05;1.99994e-05) GeV after generating step number 4.

******************************************************************************
Event number 1 (id: ./OUTPUT/0.95MB1.05/1512015332/TMP/Cluster_HERWIGOutput_30) performed by myLesHouchesHandler
Weight: 1
==============================================================================

--- Colliding particles:
  1        e-      11  (3)   
                                 4.545     0.000    -0.000     4.545     0.000
  2        e+     -11  (3)   
                                -4.545     0.000     0.000     4.545     0.000
------------------------------------------------------------------------------
Primary sub-process performed by myReader
--- incoming:
  1        e-      11  (3)   
                                 4.545     0.000    -0.000     4.545     0.000
  2        e+     -11  (3)   
                                -4.545     0.000     0.000     4.545     0.000
--- intermediates:
  3     gamma      22 [1,2] (4..7)   
                                 0.000     0.000     0.000     9.091     9.091
--- outgoing:
  4         g      21 [3] (8)  7>>7 {+1,-2}
                                -0.305     0.183    -1.055     1.114     0.000
  5         g      21 [3] (9)  6>>6 {+3,-4}
                                -2.600     0.767     3.150     4.156     0.000
  6         g      21 [3] (10)  5>>5 {+4,-3}
                                 0.346    -0.482    -0.423     0.728     0.000
  7         g      21 [3] (11)  4>>4 {+2,-1}
                                 2.560    -0.469    -1.672     3.093     0.000
------------------------------------------------------------------------------
Step 1 performed by myLesHouchesHandler
--- intermediates:
  1        e-      11  (3)   
                                 4.545     0.000    -0.000     4.545     0.000
  2        e+     -11  (3)   
                                -4.545     0.000     0.000     4.545     0.000
  3     gamma      22 [1,2] (4..7)   
                                 0.000     0.000     0.000     9.091     9.091
--- final:
  4         g      21 [3] (8)  7>>7 {+1,-2}
                                -0.305     0.183    -1.055     1.114     0.000
  5         g      21 [3] (9)  6>>6 {+3,-4}
                                -2.600     0.767     3.150     4.156     0.000
  6         g      21 [3] (10)  5>>5 {+4,-3}
                                 0.346    -0.482    -0.423     0.728     0.000
  7         g      21 [3] (11)  4>>4 {+2,-1}
                                 2.560    -0.469    -1.672     3.093     0.000
------------------------------------------------------------------------------
     Sum of momenta:            -2e-05    -2e-05    -2e-05      9.09      9.09
------------------------------------------------------------------------------
Step 2 performed by ShowerHandler
--- final:
  8         g      21 [4] (12,13)  11>>11 {+1,-2}
                                -0.265     0.159    -0.918     1.357     0.950
  9         g      21 [5] (14,15)  10>>10 {+3,-4}
                                -2.262     0.668     2.740     3.738     0.950
 10         g      21 [6] (16,17)  9>>9 {+4,-3}
                                 0.301    -0.419    -0.368     1.142     0.950
 11         g      21 [7] (18,19)  8>>8 {+2,-1}
                                 2.227    -0.408    -1.455     2.854     0.950
------------------------------------------------------------------------------
     Sum of momenta:            -2e-05    -2e-05    -2e-05      9.09      9.09
------------------------------------------------------------------------------
Step 3 performed by ClusterHadHandler
--- intermediates:
 12         d       1 [8] (20)   {+1}
                                -0.160    -0.224    -0.191     0.467     0.325
 13      dbar      -1 [8] (23)   {-2}
                                -0.105     0.383    -0.727     0.890     0.325
 14         d       1 [9] (23)   {+3}
                                -1.155     0.027     1.056     1.599     0.325
 15      dbar      -1 [9] (21)   {-4}
                                -1.107     0.640     1.684     2.140     0.325
 16         s       3 [10] (21)   {+4}
                                 0.027    -0.169    -0.266     0.550     0.450
 17      sbar      -3 [10] (22)   {-3}
                                 0.273    -0.250    -0.102     0.592     0.450
 18         d       1 [11] (22)   {+2}
                                 1.497    -0.350    -1.297     2.037     0.325
 19      dbar      -1 [11] (20)   {-1}
                                 0.730    -0.058    -0.158     0.817     0.325
 20   Cluster      81 [12,19] (24,25)   
                                 0.570    -0.282    -0.349     1.283     1.059
 21   Cluster      81 [15,16] (28,29)   
                                -1.080     0.472     1.418     2.690     1.958
 22   Cluster      81 [17,18] (26,27)   
                                 1.771    -0.600    -1.398     2.629     1.209
 23   Cluster      81 [13,14] (30,31)   
                                -1.260     0.411     0.329     2.489     2.080
--- final:
 24      rho-    -213 [20] (32,33)   
                                 0.188    -0.264    -0.321     0.876     0.747
 25       pi+     211 [20]    
                                 0.381    -0.018    -0.027     0.407     0.140
 26       pi-    -211 [22]    
                                 0.387    -0.161    -0.610     0.754     0.140
 27       K*+     323 [22] (36,37)   
                                 1.383    -0.439    -0.788     1.875     0.889
 28       pi0     111 [21] (41,42)   
                                -0.629     0.696     0.662     1.156     0.135
 29    K*bar0    -313 [21] (43,44)   
                                -0.451    -0.224     0.757     1.534     1.236
 30      rho0     113 [23] (48,49)   
                                -0.763     0.204     0.995     1.328     0.388
 31      rho0     113 [23] (50,51)   
                                -0.497     0.207    -0.666     1.160     0.783
------------------------------------------------------------------------------
     Sum of momenta:            -2e-05    -2e-05    -2e-05      9.09      9.09
------------------------------------------------------------------------------
Step 4 performed by DecayHandler
--- intermediates:
 32       pi0     111 [24] (34,35)   
                                 0.323    -0.184    -0.474     0.617     0.135
 36        K0     311 [27] (38)   
                                 0.550    -0.140    -0.135     0.767     0.498
 38      K_S0     310 [36] (39,40)   
                                 0.550    -0.140    -0.135     0.767     0.498
 43     Kbar0    -311 [29] (45)   
                                -0.243     0.386     0.362     0.766     0.498
 44       pi0     111 [29] (46,47)   
                                -0.208    -0.611     0.394     0.768     0.135
--- final:
 25       pi+     211 [20]    
                                 0.381    -0.018    -0.027     0.407     0.140
 26       pi-    -211 [22]    
                                 0.387    -0.161    -0.610     0.754     0.140
 33       pi-    -211 [24]    
                                -0.134    -0.081     0.152     0.259     0.140
 34     gamma      22 [32]    
                                 0.196    -0.153    -0.222     0.333     0.000
 35     gamma      22 [32]    
                                 0.127    -0.030    -0.251     0.283     0.000
 37       pi+     211 [27]    
                                 0.833    -0.299    -0.653     1.108     0.140
 39       pi+     211 [38]    
                                 0.089     0.115    -0.087     0.220     0.140
 40       pi-    -211 [38]    
                                 0.461    -0.255    -0.049     0.547     0.140
 41     gamma      22 [28]    
                                -0.602     0.691     0.658     1.128     0.000
 42     gamma      22 [28]    
                                -0.027     0.004     0.004     0.027     0.000
 45      K_L0     130 [43]    
                                -0.243     0.386     0.362     0.766     0.498
 46     gamma      22 [44]    
                                 0.014    -0.103     0.048     0.115     0.000
 47     gamma      22 [44]    
                                -0.222    -0.507     0.347     0.653     0.000
 48       pi+     211 [30]    
                                -0.251     0.196     0.430     0.553     0.140
 49       pi-    -211 [30]    
                                -0.512     0.008     0.565     0.775     0.140
 50       pi+     211 [31]    
                                -0.284    -0.004     0.095     0.330     0.140
 51       pi-    -211 [31]    
                                -0.213     0.211    -0.761     0.830     0.140
------------------------------------------------------------------------------
     Sum of momenta:            -2e-05    -2e-05    -2e-05      9.09      9.09

The following exception classes were reported in this run:
ThePEG::EventHandler::ConsistencyException warning (1 times)
ThePEG::LesHouchesReader::LesHouchesReopenWarning warning (1 times)
