>>>>>>>>>>>>>>>>>>>>>>>>>>>>>>>>>>>>>>>>>>>>>>>>>>>>>>>>>>>>>>>>>>>>>>>>>>>>>>
>>>> Toolkit for HEP Event Generation - ThePEG 2.2.0 <<<<<<<<<<<<<<<<<<<<<<<<<
>>>> Tue Jun 30 00:16:13 2020                                             <<<<
<<<<<<<<<<<<<<<<<<<<<<<<<<<<<<<<<<<<<<<<<<<<<<<<<<<<<<<<<<<<<<<<<<<<<<<<<<<<<<

>> Herwig 7.2.0 / ThePEG 2.2.0

/Herwig/EventHandlers/NoCuts:
MHat  = 2 .. 9.09222 GeV
Scale = 0 .. 1e+12 GeV2
YHat  = -100 .. 100
X1    = 0 .. 1
X2    = 0 .. 1

* A warning exception of type ThePEG::LesHouchesReader::LesHouchesReopenWarning occurred while generating event number 1: 
Reopening LesHouchesReader 'myReader' after accessing 2 events out of 1
* A warning exception of type ThePEG::EventHandler::ConsistencyException occurred while generating event number 1: 
Event handler 'myLesHouchesHandler' found energy-momentum non-conservation by (2.84217e-16,-2e-05,-2e-05;9.99991e-06) GeV after generating step number 4.

******************************************************************************
Event number 1 (id: ./OUTPUT/0.95MB1.05/1512173935/TMP/Cluster_HERWIGOutput_0) performed by myLesHouchesHandler
Weight: 1
==============================================================================

--- Colliding particles:
  1        e-      11  (3)   
                                 2.273     0.000    -0.000     2.273     0.000
  2        e+     -11  (3)   
                                -2.273     0.000     0.000     2.273     0.000
------------------------------------------------------------------------------
Primary sub-process performed by myReader
--- incoming:
  1        e-      11  (3)   
                                 2.273     0.000    -0.000     2.273     0.000
  2        e+     -11  (3)   
                                -2.273     0.000     0.000     2.273     0.000
--- intermediates:
  3     gamma      22 [1,2] (4..7)   
                                 0.000     0.000    -0.000     4.546     4.546
--- outgoing:
  4         g      21 [3] (8)  7>>5 {+1,-2}
                                -0.949     0.441     0.307     1.090     0.000
  5         g      21 [3] (9)  4>>6 {+3,-1}
                                -0.844    -0.061    -0.146     0.859     0.000
  6         g      21 [3] (10)  5>>7 {+4,-3}
                                -0.109    -0.370     0.457     0.598     0.000
  7         g      21 [3] (11)  6>>4 {+2,-4}
                                 1.902    -0.010    -0.617     2.000     0.000
------------------------------------------------------------------------------
Step 1 performed by myLesHouchesHandler
--- intermediates:
  1        e-      11  (3)   
                                 2.273     0.000    -0.000     2.273     0.000
  2        e+     -11  (3)   
                                -2.273     0.000     0.000     2.273     0.000
  3     gamma      22 [1,2] (4..7)   
                                 0.000     0.000    -0.000     4.546     4.546
--- final:
  4         g      21 [3] (8)  7>>5 {+1,-2}
                                -0.949     0.441     0.307     1.090     0.000
  5         g      21 [3] (9)  4>>6 {+3,-1}
                                -0.844    -0.061    -0.146     0.859     0.000
  6         g      21 [3] (10)  5>>7 {+4,-3}
                                -0.109    -0.370     0.457     0.598     0.000
  7         g      21 [3] (11)  6>>4 {+2,-4}
                                 1.902    -0.010    -0.617     2.000     0.000
------------------------------------------------------------------------------
     Sum of momenta:            -1e-05    -2e-05    -2e-05      4.55      4.55
------------------------------------------------------------------------------
Step 2 performed by ShowerHandler
--- final:
  8         g      21 [4] (12,13)  11>>9 {+1,-2}
                                -0.487     0.226     0.157     1.102     0.950
  9         g      21 [5] (14,15)  8>>10 {+3,-1}
                                -0.433    -0.031    -0.075     1.047     0.950
 10         g      21 [6] (16,17)  9>>11 {+4,-3}
                                -0.056    -0.190     0.235     0.998     0.950
 11         g      21 [7] (18,19)  10>>8 {+2,-4}
                                 0.976    -0.005    -0.317     1.398     0.950
------------------------------------------------------------------------------
     Sum of momenta:            -1e-05    -2e-05    -2e-05      4.55      4.55
------------------------------------------------------------------------------
Step 3 performed by ClusterHadHandler
--- intermediates:
 12         d       1 [8] (20)   {+1}
                                -0.292    -0.177     0.262     0.539     0.325
 13      dbar      -1 [8] (21)   {-2}
                                -0.194     0.403    -0.104     0.563     0.325
 14         d       1 [9] (22)   {+3}
                                -0.391    -0.285    -0.197     0.615     0.325
 15      dbar      -1 [9] (20)   {-1}
                                -0.042     0.254     0.122     0.432     0.325
 16         s       3 [10] (23)   {+4}
                                -0.148    -0.056     0.029     0.478     0.450
 17      sbar      -3 [10] (22)   {-3}
                                 0.091    -0.133     0.206     0.521     0.450
 18         d       1 [11] (21)   {+2}
                                 0.572    -0.083    -0.513     0.839     0.325
 19      dbar      -1 [11] (23)   {-4}
                                 0.404     0.078     0.196     0.560     0.325
 20   Cluster      81 [12,15] (24,25)   
                                -0.335     0.077     0.383     0.972     0.824
 21   Cluster      81 [13,18] (26,27)   
                                 0.378     0.320    -0.617     1.402     1.157
 22   Cluster      81 [14,17] (30,31)   
                                -0.299    -0.418     0.009     1.136     1.012
 23   Cluster      81 [16,19] (28,29)   
                                 0.256     0.022     0.225     1.037     0.980
--- final:
 24       pi0     111 [20] (32,33)   
                                -0.224    -0.174     0.542     0.627     0.135
 25       pi0     111 [20] (34,35)   
                                -0.111     0.251    -0.159     0.345     0.135
 26       eta     221 [21] (36..38)   
                                 0.021     0.216    -0.215     0.627     0.548
 27       eta     221 [21] (45..47)   
                                 0.357     0.104    -0.403     0.774     0.548
 28     Kbar0    -311 [23] (54)   
                                 0.251    -0.146     0.447     0.729     0.498
 29       pi0     111 [23] (55,56)   
                                 0.005     0.167    -0.221     0.309     0.135
 30       pi-    -211 [22]    
                                -0.048    -0.461    -0.224     0.533     0.140
 31        K+     321 [22]    
                                -0.252     0.042     0.233     0.603     0.494
------------------------------------------------------------------------------
     Sum of momenta:            -1e-05    -2e-05    -2e-05      4.55      4.55
------------------------------------------------------------------------------
Step 4 performed by DecayHandler
--- intermediates:
 36       pi0     111 [26] (39,40)   
                                 0.120     0.074    -0.098     0.218     0.135
 37       pi0     111 [26] (41,42)   
                                -0.053     0.131    -0.167     0.257     0.135
 38       pi0     111 [26] (43,44)   
                                -0.046     0.012     0.051     0.152     0.135
 45       pi0     111 [27] (48,49)   
                                 0.171     0.048    -0.147     0.267     0.135
 46       pi0     111 [27] (50,51)   
                                 0.083    -0.076    -0.233     0.292     0.135
 47       pi0     111 [27] (52,53)   
                                 0.103     0.132    -0.023     0.216     0.135
--- final:
 30       pi-    -211 [22]    
                                -0.048    -0.461    -0.224     0.533     0.140
 31        K+     321 [22]    
                                -0.252     0.042     0.233     0.603     0.494
 32     gamma      22 [24]    
                                -0.016    -0.020     0.177     0.179     0.000
 33     gamma      22 [24]    
                                -0.208    -0.154     0.365     0.448     0.000
 34     gamma      22 [25]    
                                -0.012    -0.012    -0.033     0.037     0.000
 35     gamma      22 [25]    
                                -0.098     0.263    -0.126     0.307     0.000
 39     gamma      22 [36]    
                                 0.130     0.010    -0.063     0.145     0.000
 40     gamma      22 [36]    
                                -0.010     0.063    -0.035     0.073     0.000
 41     gamma      22 [37]    
                                -0.046    -0.005    -0.006     0.046     0.000
 42     gamma      22 [37]    
                                -0.007     0.135    -0.161     0.211     0.000
 43     gamma      22 [38]    
                                 0.042    -0.021     0.004     0.047     0.000
 44     gamma      22 [38]    
                                -0.088     0.033     0.047     0.105     0.000
 48     gamma      22 [45]    
                                 0.042     0.064    -0.008     0.077     0.000
 49     gamma      22 [45]    
                                 0.129    -0.016    -0.139     0.190     0.000
 50     gamma      22 [46]    
                                 0.112    -0.033    -0.194     0.227     0.000
 51     gamma      22 [46]    
                                -0.029    -0.043    -0.039     0.065     0.000
 52     gamma      22 [47]    
                                 0.136     0.104    -0.028     0.174     0.000
 53     gamma      22 [47]    
                                -0.033     0.027     0.004     0.043     0.000
 54      K_L0     130 [28]    
                                 0.251    -0.146     0.447     0.729     0.498
 55     gamma      22 [29]    
                                -0.027     0.124    -0.221     0.255     0.000
 56     gamma      22 [29]    
                                 0.032     0.043    -0.000     0.054     0.000
------------------------------------------------------------------------------
     Sum of momenta:            -1e-05    -2e-05    -2e-05      4.55      4.55

The following exception classes were reported in this run:
ThePEG::EventHandler::ConsistencyException warning (1 times)
ThePEG::LesHouchesReader::LesHouchesReopenWarning warning (1 times)
