>>>>>>>>>>>>>>>>>>>>>>>>>>>>>>>>>>>>>>>>>>>>>>>>>>>>>>>>>>>>>>>>>>>>>>>>>>>>>>
>>>> Toolkit for HEP Event Generation - ThePEG 2.2.0 <<<<<<<<<<<<<<<<<<<<<<<<<
>>>> Tue Jun 30 01:00:50 2020                                             <<<<
<<<<<<<<<<<<<<<<<<<<<<<<<<<<<<<<<<<<<<<<<<<<<<<<<<<<<<<<<<<<<<<<<<<<<<<<<<<<<<

>> Herwig 7.2.0 / ThePEG 2.2.0

/Herwig/EventHandlers/NoCuts:
MHat  = 2 .. 41.7566 GeV
Scale = 0 .. 1e+12 GeV2
YHat  = -100 .. 100
X1    = 0 .. 1
X2    = 0 .. 1

* A warning exception of type ThePEG::LesHouchesReader::LesHouchesReopenWarning occurred while generating event number 1: 
Reopening LesHouchesReader 'myReader' after accessing 2 events out of 1
* A warning exception of type ThePEG::EventHandler::ConsistencyException occurred while generating event number 1: 
Event handler 'myLesHouchesHandler' found energy-momentum non-conservation by (-1e-05,-3e-05,-3e-05;-2.03539e-09) GeV after generating step number 4.

******************************************************************************
Event number 1 (id: ./OUTPUT/0.95MB1.05/1514252642/TMP/Cluster_HERWIGOutput_35) performed by myLesHouchesHandler
Weight: 1
==============================================================================

--- Colliding particles:
  1        e-      11  (3)   
                                10.439     0.000     0.000    10.439     0.000
  2        e+     -11  (3)   
                               -10.439     0.000    -0.000    10.439     0.000
------------------------------------------------------------------------------
Primary sub-process performed by myReader
--- incoming:
  1        e-      11  (3)   
                                10.439     0.000     0.000    10.439     0.000
  2        e+     -11  (3)   
                               -10.439     0.000    -0.000    10.439     0.000
--- intermediates:
  3     gamma      22 [1,2] (4..8)   
                                 0.000     0.000    -0.000    20.878    20.878
--- outgoing:
  4         g      21 [3] (9)  5>>7 {+1,-2}
                                 0.280    -0.394     1.030     1.138     0.000
  5         g      21 [3] (10)  8>>4 {+2,-3}
                                 0.703     2.539     4.152     4.917     0.000
  6         g      21 [3] (11)  7>>8 {+4,-5}
                                 2.995     0.270     3.650     4.729     0.000
  7         g      21 [3] (14)  4>>6 {+5,-1}
                                -1.691    -0.252    -3.671     4.050     0.000
  8         g      21 [3] (15)  6>>5 {+3,-4}
                                -2.286    -2.163    -5.161     6.045     0.000
------------------------------------------------------------------------------
Step 1 performed by myLesHouchesHandler
--- intermediates:
  1        e-      11  (3)   
                                10.439     0.000     0.000    10.439     0.000
  2        e+     -11  (3)   
                               -10.439     0.000    -0.000    10.439     0.000
  3     gamma      22 [1,2] (4..8)   
                                 0.000     0.000    -0.000    20.878    20.878
--- final:
  4         g      21 [3] (9)  5>>7 {+1,-2}
                                 0.280    -0.394     1.030     1.138     0.000
  5         g      21 [3] (10)  8>>4 {+2,-3}
                                 0.703     2.539     4.152     4.917     0.000
  6         g      21 [3] (11)  7>>8 {+4,-5}
                                 2.995     0.270     3.650     4.729     0.000
  7         g      21 [3] (14)  4>>6 {+5,-1}
                                -1.691    -0.252    -3.671     4.050     0.000
  8         g      21 [3] (15)  6>>5 {+3,-4}
                                -2.286    -2.163    -5.161     6.045     0.000
------------------------------------------------------------------------------
     Sum of momenta:            -2e-05    -3e-05    -3e-05      20.9      20.9
------------------------------------------------------------------------------
Step 2 performed by ShowerHandler
--- intermediates:
 11         g      21 [6] (12,13)   {+4,-5}
                                 2.662     0.240     3.244     5.095     2.880
 15         g      21 [8] (16,17)   {+3,-4}
                                -2.032    -1.923    -4.587     6.199     3.092
--- final:
  9         g      21 [4] (18,19)  10>>14 {+1,-2}
                                 0.249    -0.350     0.916     1.388     0.950
 10         g      21 [5] (20,21)  16>>9 {+2,-3}
                                 0.625     2.257     3.691     4.473     0.950
 12         g      21 [11] (28,29)  14>>13 {+6,-5}
                                 2.422     0.031     1.301     2.909     0.950
 13         g      21 [11] (30,31)  12>>17 {+4,-6}
                                 0.240     0.209     1.943     2.186     0.950
 14         g      21 [7] (22,23)  9>>12 {+5,-1}
                                -1.503    -0.224    -3.263     3.723     0.950
 16         g      21 [15] (24,25)  17>>10 {+3,-7}
                                -0.890    -2.268    -3.245     4.167     0.950
 17         g      21 [15] (26,27)  13>>16 {+7,-4}
                                -1.142     0.345    -1.342     2.032     0.950
------------------------------------------------------------------------------
     Sum of momenta:            -2e-05    -3e-05    -3e-05      20.9      20.9
------------------------------------------------------------------------------
Step 3 performed by ClusterHadHandler
--- intermediates:
 18         u       2 [9] (37)   {+1}
                                -0.192    -0.084     0.567     0.686     0.325
 19      ubar      -2 [9] (32)   {-2}
                                 0.440    -0.266     0.349     0.701     0.325
 20         u       2 [10] (32)   {+2}
                                 0.379     1.520     2.929     3.337     0.325
 21      ubar      -2 [10] (37)   {-3}
                                 0.246     0.737     0.761     1.135     0.325
 22         d       1 [14] (33)   {+5}
                                -0.374     0.130    -0.589     0.780     0.325
 23      dbar      -1 [14] (38)   {-1}
                                -1.129    -0.354    -2.675     2.943     0.325
 24         d       1 [16] (38)   {+3}
                                -0.169    -0.869    -0.774     1.220     0.325
 25      dbar      -1 [16] (34)   {-7}
                                -0.721    -1.399    -2.471     2.948     0.325
 26         d       1 [17] (34)   {+7}
                                -0.903    -0.036    -0.959     1.358     0.325
 27      dbar      -1 [17] (35)   {-4}
                                -0.239     0.381    -0.383     0.674     0.325
 28         d       1 [12] (36)   {+6}
                                 1.511    -0.108     0.451     1.614     0.325
 29      dbar      -1 [12] (33)   {-5}
                                 0.911     0.139     0.851     1.295     0.325
 30         u       2 [13] (35)   {+4}
                                -0.018     0.299     1.536     1.598     0.325
 31      ubar      -2 [13] (36)   {-6}
                                 0.257    -0.089     0.407     0.588     0.325
 32   Cluster      81 [19,20] (39,40)   
                                 0.819     1.254     3.278     4.039     1.824
 33   Cluster      81 [22,29] (43,44)   
                                 0.536     0.269     0.262     2.076     1.970
 34   Cluster      81 [25,26] (51,52)   
                                -1.625    -1.435    -3.430     4.305     1.439
 35   Cluster      81 [27,30] (47,48)   
                                -0.257     0.680     1.153     2.273     1.819
 36   Cluster      81 [28,31] (41,42)   
                                 1.769    -0.197     0.858     2.202     0.972
 37   Cluster      81 [18,21] (49,50)   
                                 0.055     0.653     1.329     1.822     1.061
 38   Cluster      81 [23,24] (45,46)   
                                -1.298    -1.222    -3.449     4.163     1.501
--- final:
 39       pi0     111 [32] (53,54)   
                                 0.753     0.638     2.810     2.981     0.135
 40      rho0     113 [32] (55,56)   
                                 0.066     0.616     0.468     1.058     0.718
 41       pi0     111 [36] (57,58)   
                                 0.032    -0.128    -0.098     0.213     0.135
 42       pi-    -211 [36]    
                                 1.737    -0.070     0.956     1.989     0.140
 43       pi-    -211 [33]    
                                -0.071    -0.255    -0.316     0.435     0.140
 44      a_2+     215 [33] (59,60)   
                                 0.607     0.524     0.578     1.641     1.310
 45       pi-    -211 [38]    
                                 0.149     0.025    -0.768     0.795     0.140
 46      rho+     213 [38] (67,68)   
                                -1.447    -1.247    -2.681     3.368     0.710
 47       pi+     211 [35]    
                                 0.049     0.436     0.587     0.746     0.140
 48      pi'0  100111 [35] (71,72)   
                                -0.305     0.243     0.565     1.526     1.363
 49      rho+     213 [37] (77,78)   
                                 0.170     0.353     0.952     1.308     0.806
 50       pi-    -211 [37]    
                                -0.115     0.299     0.377     0.514     0.140
 51       pi+     211 [34]    
                                -0.636    -0.595    -1.303     1.573     0.140
 52      b_1-  -10213 [34] (81,82)   
                                -0.988    -0.840    -2.127     2.732     1.120
------------------------------------------------------------------------------
     Sum of momenta:            -2e-05    -3e-05    -3e-05      20.9      20.9
------------------------------------------------------------------------------
Step 4 performed by DecayHandler
--- intermediates:
 59      rho+     213 [44] (61,62)   
                                 0.617     0.723     0.449     1.368     0.876
 60       pi0     111 [44] (65,66)   
                                -0.010    -0.199     0.128     0.272     0.135
 61       pi0     111 [59] (63,64)   
                                 0.056     0.184    -0.228     0.328     0.135
 67       pi0     111 [46] (69,70)   
                                -0.989    -0.440    -1.598     1.935     0.135
 72      rho+     213 [48] (73,74)   
                                 0.327     0.013     0.040     0.661     0.573
 73       pi0     111 [72] (75,76)   
                                 0.006     0.042     0.223     0.264     0.135
 77       pi0     111 [49] (79,80)   
                                -0.172    -0.043     0.013     0.224     0.135
 81     omega     223 [52] (83,84)   
                                -0.734    -0.324    -1.379     1.778     0.784
 84       pi0     111 [81] (85,86)   
                                 0.008    -0.192    -0.035     0.237     0.135
--- final:
 42       pi-    -211 [36]    
                                 1.737    -0.070     0.956     1.989     0.140
 43       pi-    -211 [33]    
                                -0.071    -0.255    -0.316     0.435     0.140
 45       pi-    -211 [38]    
                                 0.149     0.025    -0.768     0.795     0.140
 47       pi+     211 [35]    
                                 0.049     0.436     0.587     0.746     0.140
 50       pi-    -211 [37]    
                                -0.115     0.299     0.377     0.514     0.140
 51       pi+     211 [34]    
                                -0.636    -0.595    -1.303     1.573     0.140
 53     gamma      22 [39]    
                                 0.230     0.230     0.760     0.827     0.000
 54     gamma      22 [39]    
                                 0.523     0.408     2.050     2.154     0.000
 55       pi+     211 [40]    
                                 0.088     0.416     0.624     0.767     0.140
 56       pi-    -211 [40]    
                                -0.022     0.200    -0.156     0.290     0.140
 57     gamma      22 [41]    
                                 0.030    -0.082    -0.130     0.157     0.000
 58     gamma      22 [41]    
                                 0.001    -0.046     0.032     0.056     0.000
 62       pi+     211 [59]    
                                 0.561     0.539     0.677     1.041     0.140
 63     gamma      22 [61]    
                                -0.036     0.104    -0.137     0.176     0.000
 64     gamma      22 [61]    
                                 0.091     0.081    -0.091     0.152     0.000
 65     gamma      22 [60]    
                                -0.025    -0.063    -0.020     0.071     0.000
 66     gamma      22 [60]    
                                 0.015    -0.136     0.149     0.202     0.000
 68       pi+     211 [46]    
                                -0.458    -0.807    -1.083     1.433     0.140
 69     gamma      22 [67]    
                                -0.525    -0.237    -0.730     0.930     0.000
 70     gamma      22 [67]    
                                -0.464    -0.204    -0.868     1.005     0.000
 71       pi-    -211 [48]    
                                -0.632     0.230     0.526     0.865     0.140
 74       pi+     211 [72]    
                                 0.321    -0.029    -0.184     0.397     0.140
 75     gamma      22 [73]    
                                 0.011     0.048     0.240     0.245     0.000
 76     gamma      22 [73]    
                                -0.006    -0.006    -0.017     0.019     0.000
 78       pi+     211 [49]    
                                 0.342     0.396     0.939     1.084     0.140
 79     gamma      22 [77]    
                                -0.046    -0.074    -0.020     0.089     0.000
 80     gamma      22 [77]    
                                -0.126     0.030     0.033     0.134     0.000
 82       pi-    -211 [52]    
                                -0.255    -0.517    -0.748     0.954     0.140
 83     gamma      22 [81]    
                                -0.741    -0.132    -1.344     1.541     0.000
 85     gamma      22 [84]    
                                 0.012    -0.069     0.051     0.087     0.000
 86     gamma      22 [84]    
                                -0.004    -0.122    -0.087     0.150     0.000
------------------------------------------------------------------------------
     Sum of momenta:            -2e-05    -3e-05    -3e-05      20.9      20.9

The following exception classes were reported in this run:
ThePEG::EventHandler::ConsistencyException warning (1 times)
ThePEG::LesHouchesReader::LesHouchesReopenWarning warning (1 times)
