>>>>>>>>>>>>>>>>>>>>>>>>>>>>>>>>>>>>>>>>>>>>>>>>>>>>>>>>>>>>>>>>>>>>>>>>>>>>>>
>>>> Toolkit for HEP Event Generation - ThePEG 2.2.0 <<<<<<<<<<<<<<<<<<<<<<<<<
>>>> Tue Jun 30 00:39:13 2020                                             <<<<
<<<<<<<<<<<<<<<<<<<<<<<<<<<<<<<<<<<<<<<<<<<<<<<<<<<<<<<<<<<<<<<<<<<<<<<<<<<<<<

>> Herwig 7.2.0 / ThePEG 2.2.0

/Herwig/EventHandlers/NoCuts:
MHat  = 2 .. 17.5334 GeV
Scale = 0 .. 1e+12 GeV2
YHat  = -100 .. 100
X1    = 0 .. 1
X2    = 0 .. 1

* A warning exception of type ThePEG::LesHouchesReader::LesHouchesReopenWarning occurred while generating event number 1: 
Reopening LesHouchesReader 'myReader' after accessing 2 events out of 1
* A warning exception of type ThePEG::EventHandler::ConsistencyException occurred while generating event number 1: 
Event handler 'myLesHouchesHandler' found energy-momentum non-conservation by (-3e-05,-2e-05,-3e-05;4e-05) GeV after generating step number 4.

******************************************************************************
Event number 1 (id: ./OUTPUT/0.95MB1.05/1511417446/TMP/Cluster_HERWIGOutput_29) performed by myLesHouchesHandler
Weight: 1
==============================================================================

--- Colliding particles:
  1        e-      11  (3)   
                                 4.383     0.000     0.000     4.383     0.000
  2        e+     -11  (3)   
                                -4.383     0.000     0.000     4.383     0.000
------------------------------------------------------------------------------
Primary sub-process performed by myReader
--- incoming:
  1        e-      11  (3)   
                                 4.383     0.000     0.000     4.383     0.000
  2        e+     -11  (3)   
                                -4.383     0.000     0.000     4.383     0.000
--- intermediates:
  3     gamma      22 [1,2] (4..9)   
                                 0.000     0.000     0.000     8.767     8.767
--- outgoing:
  4         g      21 [3] (10)  5>>5 {+1,-2}
                                 1.542    -1.675     0.255     2.291     0.000
  5         g      21 [3] (11)  4>>4 {+2,-1}
                                 0.301    -0.222    -0.110     0.390     0.000
  6         g      21 [3] (12)  8>>9 {+3,-4}
                                -2.018    -0.528     1.117     2.367     0.000
  7         g      21 [3] (13)  9>>8 {+5,-6}
                                 0.467     0.978    -0.889     1.401     0.000
  8         g      21 [3] (14)  7>>6 {+4,-5}
                                 0.521     0.125     0.313     0.621     0.000
  9         g      21 [3] (15)  6>>7 {+6,-3}
                                -0.813     1.321    -0.687     1.697     0.000
------------------------------------------------------------------------------
Step 1 performed by myLesHouchesHandler
--- intermediates:
  1        e-      11  (3)   
                                 4.383     0.000     0.000     4.383     0.000
  2        e+     -11  (3)   
                                -4.383     0.000     0.000     4.383     0.000
  3     gamma      22 [1,2] (4..9)   
                                 0.000     0.000     0.000     8.767     8.767
--- final:
  4         g      21 [3] (10)  5>>5 {+1,-2}
                                 1.542    -1.675     0.255     2.291     0.000
  5         g      21 [3] (11)  4>>4 {+2,-1}
                                 0.301    -0.222    -0.110     0.390     0.000
  6         g      21 [3] (12)  8>>9 {+3,-4}
                                -2.018    -0.528     1.117     2.367     0.000
  7         g      21 [3] (13)  9>>8 {+5,-6}
                                 0.467     0.978    -0.889     1.401     0.000
  8         g      21 [3] (14)  7>>6 {+4,-5}
                                 0.521     0.125     0.313     0.621     0.000
  9         g      21 [3] (15)  6>>7 {+6,-3}
                                -0.813     1.321    -0.687     1.697     0.000
------------------------------------------------------------------------------
     Sum of momenta:            -3e-05    -2e-05    -3e-05      8.77      8.77
------------------------------------------------------------------------------
Step 2 performed by ShowerHandler
--- final:
 10         g      21 [4] (16,17)  11>>11 {+1,-2}
                                 1.096    -1.191     0.181     1.886     0.950
 11         g      21 [5] (18,19)  10>>10 {+2,-1}
                                 0.214    -0.157    -0.078     0.990     0.950
 12         g      21 [6] (20,21)  14>>15 {+3,-4}
                                -1.435    -0.375     0.794     1.932     0.950
 13         g      21 [7] (22,23)  15>>14 {+5,-6}
                                 0.332     0.695    -0.632     1.377     0.950
 14         g      21 [8] (24,25)  13>>12 {+4,-5}
                                 0.371     0.089     0.223     1.048     0.950
 15         g      21 [9] (26,27)  12>>13 {+6,-3}
                                -0.578     0.939    -0.488     1.535     0.950
------------------------------------------------------------------------------
     Sum of momenta:            -3e-05    -2e-05    -3e-05      8.77      8.77
------------------------------------------------------------------------------
Step 3 performed by ClusterHadHandler
--- intermediates:
 16         d       1 [10] (28)   {+1}
                                 0.067    -0.295    -0.099     0.455     0.325
 17      dbar      -1 [10] (29)   {-2}
                                 1.030    -0.896     0.280     1.431     0.325
 18         u       2 [11] (29)   {+2}
                                 0.173     0.251    -0.127     0.463     0.325
 19      ubar      -2 [11] (28)   {-1}
                                 0.041    -0.409     0.049     0.526     0.325
 20         s       3 [12] (33)   {+3}
                                -0.695    -0.176     0.554     1.012     0.450
 21      sbar      -3 [12] (30)   {-4}
                                -0.740    -0.199     0.240     0.921     0.450
 22         u       2 [13] (32)   {+5}
                                 0.121     0.304    -0.682     0.824     0.325
 23      ubar      -2 [13] (31)   {-6}
                                 0.211     0.391     0.051     0.553     0.325
 24         u       2 [14] (30)   {+4}
                                 0.039     0.114    -0.216     0.408     0.325
 25      ubar      -2 [14] (32)   {-5}
                                 0.331    -0.025     0.439     0.639     0.325
 26         u       2 [15] (31)   {+6}
                                -0.213     0.351     0.144     0.543     0.325
 27      ubar      -2 [15] (33)   {-3}
                                -0.365     0.588    -0.632     0.992     0.325
 28   Cluster      81 [16,19] (40,41)   
                                 0.108    -0.704    -0.050     0.981     0.673
 29   Cluster      81 [17,18] (34,35)   
                                 1.203    -0.644     0.153     1.894     1.305
 30   Cluster      81 [21,24] (42,43)   
                                -0.700    -0.085     0.025     1.329     1.126
 31   Cluster      81 [23,26] (36,37)   
                                -0.002     0.743     0.195     1.096     0.783
 32   Cluster      81 [22,25] (44,45)   
                                 0.452     0.279    -0.244     1.463     1.341
 33   Cluster      81 [20,27] (38,39)   
                                -1.060     0.412    -0.078     2.004     1.648
--- final:
 34       pi0     111 [29] (46,47)   
                                 1.012    -0.782    -0.340     1.330     0.135
 35       pi+     211 [29]    
                                 0.191     0.138     0.493     0.564     0.140
 36       pi+     211 [31]    
                                -0.066     0.867     0.141     0.892     0.140
 37       pi-    -211 [31]    
                                 0.064    -0.124     0.054     0.205     0.140
 38        K-    -321 [33]    
                                -0.361     0.339     0.255     0.745     0.494
 39      rho0     113 [33] (48,49)   
                                -0.699     0.073    -0.334     1.259     0.990
 40       pi0     111 [28] (50,51)   
                                -0.115    -0.128     0.204     0.299     0.135
 41       pi-    -211 [28]    
                                 0.222    -0.576    -0.254     0.682     0.140
 42       pi+     211 [30]    
                                -0.530    -0.276    -0.299     0.683     0.140
 43        K0     311 [30] (52)   
                                -0.170     0.191     0.324     0.646     0.498
 44      a_0+ 9000211 [32] (53,54)   
                                 0.424     0.135     0.114     1.052     0.946
 45       pi-    -211 [32]    
                                 0.028     0.143    -0.358     0.411     0.140
------------------------------------------------------------------------------
     Sum of momenta:            -3e-05    -2e-05    -3e-05      8.77      8.77
------------------------------------------------------------------------------
Step 4 performed by DecayHandler
--- intermediates:
 53       eta     221 [44] (55..57)   
                                 0.162    -0.162    -0.061     0.597     0.548
 57       pi0     111 [53] (58,59)   
                                 0.094    -0.132    -0.059     0.219     0.135
--- final:
 35       pi+     211 [29]    
                                 0.191     0.138     0.493     0.564     0.140
 36       pi+     211 [31]    
                                -0.066     0.867     0.141     0.892     0.140
 37       pi-    -211 [31]    
                                 0.064    -0.124     0.054     0.205     0.140
 38        K-    -321 [33]    
                                -0.361     0.339     0.255     0.745     0.494
 41       pi-    -211 [28]    
                                 0.222    -0.576    -0.254     0.682     0.140
 42       pi+     211 [30]    
                                -0.530    -0.276    -0.299     0.683     0.140
 45       pi-    -211 [32]    
                                 0.028     0.143    -0.358     0.411     0.140
 46     gamma      22 [34]    
                                 0.747    -0.552    -0.305     0.977     0.000
 47     gamma      22 [34]    
                                 0.266    -0.230    -0.035     0.353     0.000
 48       pi+     211 [39]    
                                -0.351    -0.436    -0.101     0.586     0.140
 49       pi-    -211 [39]    
                                -0.348     0.509    -0.233     0.673     0.140
 50     gamma      22 [40]    
                                -0.016    -0.045    -0.010     0.049     0.000
 51     gamma      22 [40]    
                                -0.099    -0.082     0.214     0.250     0.000
 52      K_L0     130 [43]    
                                -0.170     0.191     0.324     0.646     0.498
 54       pi+     211 [44]    
                                 0.262     0.297     0.175     0.455     0.140
 55       pi+     211 [53]    
                                 0.002     0.081     0.068     0.175     0.140
 56       pi-    -211 [53]    
                                 0.067    -0.110    -0.071     0.203     0.140
 58     gamma      22 [57]    
                                 0.017    -0.049    -0.088     0.102     0.000
 59     gamma      22 [57]    
                                 0.077    -0.083     0.029     0.117     0.000
------------------------------------------------------------------------------
     Sum of momenta:            -3e-05    -2e-05    -3e-05      8.77      8.77

The following exception classes were reported in this run:
ThePEG::EventHandler::ConsistencyException warning (1 times)
ThePEG::LesHouchesReader::LesHouchesReopenWarning warning (1 times)
