>>>>>>>>>>>>>>>>>>>>>>>>>>>>>>>>>>>>>>>>>>>>>>>>>>>>>>>>>>>>>>>>>>>>>>>>>>>>>>
>>>> Toolkit for HEP Event Generation - ThePEG 2.2.0 <<<<<<<<<<<<<<<<<<<<<<<<<
>>>> Tue Jun 30 00:29:29 2020                                             <<<<
<<<<<<<<<<<<<<<<<<<<<<<<<<<<<<<<<<<<<<<<<<<<<<<<<<<<<<<<<<<<<<<<<<<<<<<<<<<<<<

>> Herwig 7.2.0 / ThePEG 2.2.0

/Herwig/EventHandlers/NoCuts:
MHat  = 2 .. 19.4076 GeV
Scale = 0 .. 1e+12 GeV2
YHat  = -100 .. 100
X1    = 0 .. 1
X2    = 0 .. 1

* A warning exception of type ThePEG::LesHouchesReader::LesHouchesReopenWarning occurred while generating event number 1: 
Reopening LesHouchesReader 'myReader' after accessing 2 events out of 1
* A warning exception of type ThePEG::EventHandler::ConsistencyException occurred while generating event number 1: 
Event handler 'myLesHouchesHandler' found energy-momentum non-conservation by (7.95808e-16,-3e-05,-2e-05;9.99987e-06) GeV after generating step number 4.

******************************************************************************
Event number 1 (id: ./OUTPUT/0.95MB1.05/1515088783/TMP/Cluster_HERWIGOutput_17) performed by myLesHouchesHandler
Weight: 1
==============================================================================

--- Colliding particles:
  1        e-      11  (3)   
                                 4.852     0.000     0.000     4.852     0.000
  2        e+     -11  (3)   
                                -4.852     0.000     0.000     4.852     0.000
------------------------------------------------------------------------------
Primary sub-process performed by myReader
--- incoming:
  1        e-      11  (3)   
                                 4.852     0.000     0.000     4.852     0.000
  2        e+     -11  (3)   
                                -4.852     0.000     0.000     4.852     0.000
--- intermediates:
  3     gamma      22 [1,2] (4..8)   
                                -0.000     0.000     0.000     9.704     9.704
--- outgoing:
  4         g      21 [3] (9)  8>>5 {+1,-2}
                                -2.546    -1.121     1.933     3.387     0.000
  5         g      21 [3] (12)  4>>7 {+3,-1}
                                 0.574     0.541     0.959     1.242     0.000
  6         g      21 [3] (13)  7>>8 {+4,-5}
                                -0.062    -0.465     0.001     0.469     0.000
  7         g      21 [3] (14)  5>>6 {+5,-3}
                                -0.294    -0.547    -0.085     0.627     0.000
  8         g      21 [3] (15)  6>>4 {+2,-4}
                                 2.329     1.591    -2.808     3.980     0.000
------------------------------------------------------------------------------
Step 1 performed by myLesHouchesHandler
--- intermediates:
  1        e-      11  (3)   
                                 4.852     0.000     0.000     4.852     0.000
  2        e+     -11  (3)   
                                -4.852     0.000     0.000     4.852     0.000
  3     gamma      22 [1,2] (4..8)   
                                -0.000     0.000     0.000     9.704     9.704
--- final:
  4         g      21 [3] (9)  8>>5 {+1,-2}
                                -2.546    -1.121     1.933     3.387     0.000
  5         g      21 [3] (12)  4>>7 {+3,-1}
                                 0.574     0.541     0.959     1.242     0.000
  6         g      21 [3] (13)  7>>8 {+4,-5}
                                -0.062    -0.465     0.001     0.469     0.000
  7         g      21 [3] (14)  5>>6 {+5,-3}
                                -0.294    -0.547    -0.085     0.627     0.000
  8         g      21 [3] (15)  6>>4 {+2,-4}
                                 2.329     1.591    -2.808     3.980     0.000
------------------------------------------------------------------------------
     Sum of momenta:            -1e-05    -3e-05    -2e-05       9.7       9.7
------------------------------------------------------------------------------
Step 2 performed by ShowerHandler
--- intermediates:
  9         g      21 [4] (10,11)   {+1,-2}
                                -1.459    -0.642     1.108     4.043     3.547
--- final:
 10         g      21 [9] (24,25)  15>>11 {+6,-2}
                                -1.166     0.670    -0.522     1.727     0.950
 11         g      21 [9] (26,27)  10>>12 {+1,-6}
                                -0.294    -1.312     1.629     2.316     0.950
 12         g      21 [5] (16,17)  11>>14 {+3,-1}
                                 0.329     0.310     0.550     1.187     0.950
 13         g      21 [6] (18,19)  14>>15 {+4,-5}
                                -0.036    -0.266     0.000     0.987     0.950
 14         g      21 [7] (20,21)  12>>13 {+5,-3}
                                -0.168    -0.313    -0.049     1.016     0.950
 15         g      21 [8] (22,23)  13>>10 {+2,-4}
                                 1.335     0.912    -1.609     2.471     0.950
------------------------------------------------------------------------------
     Sum of momenta:            -1e-05    -3e-05    -2e-05       9.7       9.7
------------------------------------------------------------------------------
Step 3 performed by ClusterHadHandler
--- intermediates:
 16         s       3 [12] (28)   {+3}
                                 0.109     0.143     0.103     0.495     0.450
 17      sbar      -3 [12] (30)   {-1}
                                 0.219     0.167     0.447     0.692     0.450
 18         u       2 [13] (32)   {+4}
                                 0.057    -0.405    -0.213     0.564     0.325
 19      ubar      -2 [13] (30)   {-5}
                                -0.093     0.138     0.214     0.423     0.325
 20         d       1 [14] (29)   {+5}
                                 0.056    -0.374    -0.262     0.563     0.325
 21      dbar      -1 [14] (28)   {-3}
                                -0.224     0.060     0.213     0.453     0.325
 22         u       2 [15] (29)   {+2}
                                 0.147     0.352    -0.608     0.788     0.325
 23      ubar      -2 [15] (31)   {-4}
                                 1.188     0.560    -1.001     1.683     0.325
 24         d       1 [10] (31)   {+6}
                                -1.005     0.439    -0.597     1.291     0.325
 25      dbar      -1 [10] (30)   {-2}
                                -0.160     0.231     0.076     0.436     0.325
 26         d       1 [11] (29)   {+1}
                                -0.208    -0.755     0.427     0.949     0.325
 27      dbar      -1 [11] (32)   {-6}
                                -0.085    -0.557     1.202     1.367     0.325
 28   Cluster      81 [16,21] (37,38)   
                                -0.115     0.203     0.316     0.948     0.863
 29   Cluster      81 [20,22,26] (33)   
                                -0.005    -0.776    -0.443     2.300     2.119
 30   Cluster      81 [17,19,25] (34)   
                                -0.034     0.536     0.736     1.551     1.255
 31   Cluster      81 [23,24] (36)   
                                 0.182     0.999    -1.598     2.973     2.293
 32   Cluster      81 [18,27] (39,40)   
                                -0.028    -0.962     0.989     1.931     1.351
 33   Cluster      81 [29] (41,42)   
                                -0.005    -0.776    -0.443     2.300     2.119
 34   Cluster      81 [30] (35)   
                                -0.034     0.536     0.736     1.551     1.255
 36   Cluster      81 [31] (43,44)   
                                 0.187     1.009    -1.646     3.003     2.293
--- final:
 35 Sigmabar0   -3212 [34] (45,46)   
                                -0.038     0.527     0.784     1.522     1.193
 37     Kbar0    -311 [28] (49)   
                                 0.025     0.076     0.454     0.678     0.498
 38       pi0     111 [28] (50,51)   
                                -0.140     0.126    -0.138     0.270     0.135
 39       pi+     211 [32]    
                                -0.141    -0.650     0.576     0.891     0.140
 40      rho0     113 [32] (52,53)   
                                 0.113    -0.312     0.413     1.040     0.895
 41      rho+     213 [33] (54,55)   
                                 0.155     0.126    -0.594     0.822     0.532
 42    Delta-    1114 [33] (58,59)   
                                -0.160    -0.903     0.151     1.478     1.149
 43     a'_00   10111 [36] (60,61)   
                                 0.645     0.643    -1.712     2.396     1.408
 44       pi-    -211 [36]    
                                -0.458     0.366     0.066     0.607     0.140
------------------------------------------------------------------------------
     Sum of momenta:            -1e-05    -3e-05    -2e-05       9.7       9.7
------------------------------------------------------------------------------
Step 4 performed by DecayHandler
--- intermediates:
 45Lambdabar0   -3122 [35] (47,48)   
                                -0.097     0.541     0.758     1.456     1.116
 54       pi0     111 [41] (56,57)   
                                 0.036    -0.065     0.018     0.155     0.135
 60      rho0     113 [43] (62,63)   
                                -0.018     0.338    -0.599     0.852     0.503
 61     omega     223 [43] (64,65)   
                                 0.663     0.305    -1.113     1.544     0.782
 64      rho0     113 [61] (66,67)   
                                 0.325     0.168    -0.835     1.066     0.552
 65       pi0     111 [61] (68,69)   
                                 0.338     0.137    -0.278     0.478     0.135
--- final:
 39       pi+     211 [32]    
                                -0.141    -0.650     0.576     0.891     0.140
 44       pi-    -211 [36]    
                                -0.458     0.366     0.066     0.607     0.140
 46     gamma      22 [35]    
                                 0.058    -0.014     0.026     0.065     0.000
 47     pbar-   -2212 [45]    
                                -0.142     0.446     0.547     1.183     0.938
 48       pi+     211 [45]    
                                 0.045     0.095     0.211     0.274     0.140
 49      K_L0     130 [37]    
                                 0.025     0.076     0.454     0.678     0.498
 50     gamma      22 [38]    
                                 0.022     0.042    -0.016     0.050     0.000
 51     gamma      22 [38]    
                                -0.162     0.084    -0.122     0.219     0.000
 52       pi+     211 [40]    
                                 0.382    -0.208    -0.068     0.462     0.140
 53       pi-    -211 [40]    
                                -0.269    -0.104     0.482     0.578     0.140
 55       pi+     211 [41]    
                                 0.119     0.192    -0.612     0.667     0.140
 56     gamma      22 [54]    
                                 0.088    -0.040     0.012     0.097     0.000
 57     gamma      22 [54]    
                                -0.052    -0.025     0.006     0.058     0.000
 58        n0    2112 [42]    
                                -0.240    -0.873     0.158     1.315     0.940
 59       pi-    -211 [42]    
                                 0.080    -0.029    -0.007     0.163     0.140
 62       pi+     211 [60]    
                                -0.026     0.413    -0.506     0.668     0.140
 63       pi-    -211 [60]    
                                 0.007    -0.075    -0.092     0.184     0.140
 66       pi+     211 [64]    
                                 0.302     0.218    -0.825     0.916     0.140
 67       pi-    -211 [64]    
                                 0.024    -0.050    -0.010     0.151     0.140
 68     gamma      22 [65]    
                                 0.011    -0.005     0.013     0.018     0.000
 69     gamma      22 [65]    
                                 0.326     0.142    -0.291     0.460     0.000
------------------------------------------------------------------------------
     Sum of momenta:            -1e-05    -3e-05    -2e-05       9.7       9.7

The following exception classes were reported in this run:
ThePEG::EventHandler::ConsistencyException warning (1 times)
ThePEG::LesHouchesReader::LesHouchesReopenWarning warning (1 times)
