>>>>>>>>>>>>>>>>>>>>>>>>>>>>>>>>>>>>>>>>>>>>>>>>>>>>>>>>>>>>>>>>>>>>>>>>>>>>>>
>>>> Toolkit for HEP Event Generation - ThePEG 2.2.0 <<<<<<<<<<<<<<<<<<<<<<<<<
>>>> Tue Jun 30 00:30:29 2020                                             <<<<
<<<<<<<<<<<<<<<<<<<<<<<<<<<<<<<<<<<<<<<<<<<<<<<<<<<<<<<<<<<<<<<<<<<<<<<<<<<<<<

>> Herwig 7.2.0 / ThePEG 2.2.0

/Herwig/EventHandlers/NoCuts:
MHat  = 2 .. 28.3863 GeV
Scale = 0 .. 1e+12 GeV2
YHat  = -100 .. 100
X1    = 0 .. 1
X2    = 0 .. 1

* A warning exception of type ThePEG::LesHouchesReader::LesHouchesReopenWarning occurred while generating event number 1: 
Reopening LesHouchesReader 'myReader' after accessing 2 events out of 1
* A warning exception of type ThePEG::EventHandler::ConsistencyException occurred while generating event number 1: 
Event handler 'myLesHouchesHandler' found energy-momentum non-conservation by (-1e-05,-2e-05,-2e-05;-1.33015e-09) GeV after generating step number 4.

******************************************************************************
Event number 1 (id: ./OUTPUT/0.95MB1.05/1511417446/TMP/Cluster_HERWIGOutput_18) performed by myLesHouchesHandler
Weight: 1
==============================================================================

--- Colliding particles:
  1        e-      11  (3)   
                                 7.097     0.000     0.000     7.097     0.000
  2        e+     -11  (3)   
                                -7.097     0.000    -0.000     7.097     0.000
------------------------------------------------------------------------------
Primary sub-process performed by myReader
--- incoming:
  1        e-      11  (3)   
                                 7.097     0.000     0.000     7.097     0.000
  2        e+     -11  (3)   
                                -7.097     0.000    -0.000     7.097     0.000
--- intermediates:
  3     gamma      22 [1,2] (4..7)   
                                 0.000     0.000     0.000    14.193    14.193
--- outgoing:
  4         g      21 [3] (8)  5>>5 {+1,-2}
                                -1.002    -0.370     0.701     1.278     0.000
  5         g      21 [3] (11)  4>>4 {+2,-1}
                                 1.197    -2.808    -5.544     6.329     0.000
  6         g      21 [3] (12)  7>>7 {+3,-4}
                                 0.937     2.126     1.169     2.601     0.000
  7         g      21 [3] (13)  6>>6 {+4,-3}
                                -1.133     1.052     3.674     3.986     0.000
------------------------------------------------------------------------------
Step 1 performed by myLesHouchesHandler
--- intermediates:
  1        e-      11  (3)   
                                 7.097     0.000     0.000     7.097     0.000
  2        e+     -11  (3)   
                                -7.097     0.000    -0.000     7.097     0.000
  3     gamma      22 [1,2] (4..7)   
                                 0.000     0.000     0.000    14.193    14.193
--- final:
  4         g      21 [3] (8)  5>>5 {+1,-2}
                                -1.002    -0.370     0.701     1.278     0.000
  5         g      21 [3] (11)  4>>4 {+2,-1}
                                 1.197    -2.808    -5.544     6.329     0.000
  6         g      21 [3] (12)  7>>7 {+3,-4}
                                 0.937     2.126     1.169     2.601     0.000
  7         g      21 [3] (13)  6>>6 {+4,-3}
                                -1.133     1.052     3.674     3.986     0.000
------------------------------------------------------------------------------
     Sum of momenta:            -2e-05    -2e-05    -2e-05      14.2      14.2
------------------------------------------------------------------------------
Step 2 performed by ShowerHandler
--- intermediates:
  8         g      21 [4] (9,10)   {+1,-2}
                                -0.823    -0.304     0.576     3.163     2.984
--- final:
  9         g      21 [8] (20,21)  10>>11 {+1,-5}
                                -1.481     0.229     0.022     1.775     0.950
 10         g      21 [8] (22,23)  11>>9 {+5,-2}
                                 0.659    -0.533     0.555     1.388     0.950
 11         g      21 [5] (14,15)  9>>10 {+2,-1}
                                 0.983    -2.306    -4.553     5.284     0.950
 12         g      21 [6] (16,17)  13>>13 {+3,-4}
                                 0.770     1.746     0.960     2.338     0.950
 13         g      21 [7] (18,19)  12>>12 {+4,-3}
                                -0.931     0.864     3.017     3.408     0.950
------------------------------------------------------------------------------
     Sum of momenta:            -2e-05    -2e-05    -2e-05      14.2      14.2
------------------------------------------------------------------------------
Step 3 performed by ClusterHadHandler
--- intermediates:
 14         u       2 [11] (24)   {+2}
                                 0.272    -0.616    -0.806     1.099     0.325
 15      ubar      -2 [11] (25)   {-1}
                                 0.711    -1.690    -3.747     4.185     0.325
 16         s       3 [12] (26)   {+3}
                                 0.270     0.957     0.559     1.227     0.450
 17      sbar      -3 [12] (28)   {-4}
                                 0.499     0.789     0.401     1.112     0.450
 18         u       2 [13] (27)   {+4}
                                -0.920     0.581     1.932     2.241     0.325
 19      ubar      -2 [13] (26)   {-3}
                                -0.011     0.282     1.085     1.168     0.325
 20         u       2 [9] (25)   {+1}
                                -1.237     0.087    -0.188     1.296     0.325
 21      ubar      -2 [9] (27)   {-5}
                                -0.244     0.142     0.209     0.479     0.325
 22         u       2 [10] (28)   {+5}
                                 0.711    -0.432     0.540     1.044     0.325
 23      ubar      -2 [10] (24)   {-2}
                                -0.052    -0.101     0.014     0.345     0.325
 24   Cluster      81 [14,23] (37,38)   
                                 0.220    -0.717    -0.792     1.444     0.947
 25   Cluster      81 [15,20] (31,32)   
                                -0.526    -1.604    -3.935     5.481     3.421
 26   Cluster      81 [16,19] (33,34)   
                                 0.259     1.240     1.644     2.394     1.194
 27   Cluster      81 [18,21] (35,36)   
                                -1.163     0.723     2.141     2.719     0.966
 28   Cluster      81 [17,22] (29,30)   
                                 1.210     0.357     0.941     2.155     1.472
--- final:
 29       pi+     211 [28]    
                                 0.045    -0.165     0.142     0.263     0.140
 30      K_10   10313 [28] (39,40)   
                                 1.165     0.523     0.799     1.892     1.146
 31      a_0- -9000211 [25] (45,46)   
                                 0.529    -0.096    -0.895     1.678     1.314
 32     rho'+  100213 [25] (48,49)   
                                -1.055    -1.508    -3.040     3.803     1.353
 33     Kbar0    -311 [26] (52)   
                                 0.114     1.007     0.547     1.255     0.498
 34       pi-    -211 [26]    
                                 0.146     0.233     1.097     1.139     0.140
 35       pi+     211 [27]    
                                -0.595     0.373     1.839     1.973     0.140
 36       pi-    -211 [27]    
                                -0.568     0.350     0.302     0.746     0.140
 37       pi+     211 [24]    
                                -0.052    -0.712    -0.164     0.746     0.140
 38       pi-    -211 [24]    
                                 0.271    -0.004    -0.628     0.698     0.140
------------------------------------------------------------------------------
     Sum of momenta:            -2e-05    -2e-05    -2e-05      14.2      14.2
------------------------------------------------------------------------------
Step 4 performed by DecayHandler
--- intermediates:
 39     K*_00   10311 [30] (41,42)   
                                 0.514     0.561     0.451     1.141     0.720
 40       pi0     111 [30] (43,44)   
                                 0.651    -0.039     0.348     0.752     0.135
 46        K0     311 [31] (47)   
                                 0.057    -0.037    -0.855     0.992     0.498
 48       pi0     111 [32] (50,51)   
                                -1.209    -1.517    -3.022     3.594     0.135
--- final:
 29       pi+     211 [28]    
                                 0.045    -0.165     0.142     0.263     0.140
 34       pi-    -211 [26]    
                                 0.146     0.233     1.097     1.139     0.140
 35       pi+     211 [27]    
                                -0.595     0.373     1.839     1.973     0.140
 36       pi-    -211 [27]    
                                -0.568     0.350     0.302     0.746     0.140
 37       pi+     211 [24]    
                                -0.052    -0.712    -0.164     0.746     0.140
 38       pi-    -211 [24]    
                                 0.271    -0.004    -0.628     0.698     0.140
 41        K+     321 [39]    
                                 0.295     0.332     0.436     0.794     0.494
 42       pi-    -211 [39]    
                                 0.219     0.229     0.016     0.347     0.140
 43     gamma      22 [40]    
                                 0.245    -0.080     0.135     0.291     0.000
 44     gamma      22 [40]    
                                 0.406     0.042     0.212     0.460     0.000
 45        K-    -321 [31]    
                                 0.471    -0.059    -0.040     0.686     0.494
 47      K_L0     130 [46]    
                                 0.057    -0.037    -0.855     0.992     0.498
 49       pi+     211 [32]    
                                 0.154     0.009    -0.018     0.209     0.140
 50     gamma      22 [48]    
                                -1.067    -1.262    -2.566     3.052     0.000
 51     gamma      22 [48]    
                                -0.142    -0.255    -0.456     0.541     0.000
 52      K_L0     130 [33]    
                                 0.114     1.007     0.547     1.255     0.498
------------------------------------------------------------------------------
     Sum of momenta:            -2e-05    -2e-05    -2e-05      14.2      14.2

The following exception classes were reported in this run:
ThePEG::EventHandler::ConsistencyException warning (1 times)
ThePEG::LesHouchesReader::LesHouchesReopenWarning warning (1 times)
