>>>>>>>>>>>>>>>>>>>>>>>>>>>>>>>>>>>>>>>>>>>>>>>>>>>>>>>>>>>>>>>>>>>>>>>>>>>>>>
>>>> Toolkit for HEP Event Generation - ThePEG 2.2.0 <<<<<<<<<<<<<<<<<<<<<<<<<
>>>> Tue Jun 30 00:29:43 2020                                             <<<<
<<<<<<<<<<<<<<<<<<<<<<<<<<<<<<<<<<<<<<<<<<<<<<<<<<<<<<<<<<<<<<<<<<<<<<<<<<<<<<

>> Herwig 7.2.0 / ThePEG 2.2.0

/Herwig/EventHandlers/NoCuts:
MHat  = 2 .. 37.4508 GeV
Scale = 0 .. 1e+12 GeV2
YHat  = -100 .. 100
X1    = 0 .. 1
X2    = 0 .. 1

* A warning exception of type ThePEG::LesHouchesReader::LesHouchesReopenWarning occurred while generating event number 1: 
Reopening LesHouchesReader 'myReader' after accessing 2 events out of 1
* A warning exception of type ThePEG::EventHandler::ConsistencyException occurred while generating event number 1: 
Event handler 'myLesHouchesHandler' found energy-momentum non-conservation by (-1e-05,-1e-05,-3e-05;9.99985e-06) GeV after generating step number 4.

******************************************************************************
Event number 1 (id: ./OUTPUT/0.95MB1.05/1512470947/TMP/Cluster_HERWIGOutput_17) performed by myLesHouchesHandler
Weight: 1
==============================================================================

--- Colliding particles:
  1        e-      11  (3)   
                                 9.363     0.000     0.000     9.363     0.000
  2        e+     -11  (3)   
                                -9.363     0.000    -0.000     9.363     0.000
------------------------------------------------------------------------------
Primary sub-process performed by myReader
--- incoming:
  1        e-      11  (3)   
                                 9.363     0.000     0.000     9.363     0.000
  2        e+     -11  (3)   
                                -9.363     0.000    -0.000     9.363     0.000
--- intermediates:
  3     gamma      22 [1,2] (4..8)   
                                -0.000     0.000    -0.000    18.725    18.725
--- outgoing:
  4         g      21 [3] (9)  7>>8 {+1,-2}
                                -2.833     5.501     5.370     8.193     0.000
  5         g      21 [3] (14)  6>>7 {+3,-4}
                                -0.367    -1.597    -2.977     3.398     0.000
  6         g      21 [3] (15)  8>>5 {+4,-5}
                                 3.036    -2.024    -1.461     3.931     0.000
  7         g      21 [3] (16)  5>>4 {+2,-3}
                                 0.277     0.322     0.436     0.609     0.000
  8         g      21 [3] (17)  4>>6 {+5,-1}
                                -0.113    -2.202    -1.368     2.595     0.000
------------------------------------------------------------------------------
Step 1 performed by myLesHouchesHandler
--- intermediates:
  1        e-      11  (3)   
                                 9.363     0.000     0.000     9.363     0.000
  2        e+     -11  (3)   
                                -9.363     0.000    -0.000     9.363     0.000
  3     gamma      22 [1,2] (4..8)   
                                -0.000     0.000    -0.000    18.725    18.725
--- final:
  4         g      21 [3] (9)  7>>8 {+1,-2}
                                -2.833     5.501     5.370     8.193     0.000
  5         g      21 [3] (14)  6>>7 {+3,-4}
                                -0.367    -1.597    -2.977     3.398     0.000
  6         g      21 [3] (15)  8>>5 {+4,-5}
                                 3.036    -2.024    -1.461     3.931     0.000
  7         g      21 [3] (16)  5>>4 {+2,-3}
                                 0.277     0.322     0.436     0.609     0.000
  8         g      21 [3] (17)  4>>6 {+5,-1}
                                -0.113    -2.202    -1.368     2.595     0.000
------------------------------------------------------------------------------
     Sum of momenta:            -2e-05    -1e-05    -3e-05      18.7      18.7
------------------------------------------------------------------------------
Step 2 performed by ShowerHandler
--- intermediates:
  9         g      21 [4] (10,11)   {+1,-2}
                                -2.430     4.719     4.607     8.652     5.045
 11         g      21 [9] (12,13)   {+1,-6}
                                -0.636     3.349     4.210     6.171     2.955
--- final:
 10         g      21 [9] (26,27)  16>>13 {+6,-2}
                                -1.794     1.370     0.397     2.481     0.950
 12         g      21 [11] (28,29)  13>>17 {+1,-7}
                                 0.839     1.426     1.741     2.583     0.950
 13         g      21 [11] (30,31)  10>>12 {+7,-6}
                                -1.475     1.923     2.469     3.588     0.950
 14         g      21 [5] (18,19)  15>>16 {+3,-4}
                                -0.315    -1.370    -2.554     3.066     0.950
 15         g      21 [6] (20,21)  17>>14 {+4,-5}
                                 2.605    -1.736    -1.254     3.503     0.950
 16         g      21 [7] (22,23)  14>>10 {+2,-3}
                                 0.238     0.277     0.374     1.084     0.950
 17         g      21 [8] (24,25)  12>>15 {+5,-1}
                                -0.097    -1.889    -1.174     2.421     0.950
------------------------------------------------------------------------------
     Sum of momenta:            -2e-05    -1e-05    -3e-05      18.7      18.7
------------------------------------------------------------------------------
Step 3 performed by ClusterHadHandler
--- intermediates:
 18         d       1 [14] (33)   {+3}
                                -0.096    -0.990    -2.136     2.378     0.325
 19      dbar      -1 [14] (37)   {-4}
                                -0.219    -0.380    -0.418     0.688     0.325
 20         s       3 [15] (38)   {+4}
                                 1.134    -0.929    -0.549     1.629     0.450
 21      sbar      -3 [15] (32)   {-5}
                                 1.471    -0.807    -0.705     1.875     0.450
 22         u       2 [16] (34)   {+2}
                                -0.187    -0.066     0.173     0.418     0.325
 23      ubar      -2 [16] (38)   {-3}
                                 0.424     0.343     0.201     0.666     0.325
 24         d       1 [17] (32)   {+5}
                                 0.204    -0.448    -0.188     0.619     0.325
 25      dbar      -1 [17] (33)   {-1}
                                -0.301    -1.442    -0.986     1.802     0.325
 26         u       2 [10] (36)   {+6}
                                -0.748     0.856    -0.069     1.184     0.325
 27      ubar      -2 [10] (35)   {-2}
                                -1.046     0.514     0.466     1.297     0.325
 28         u       2 [12] (37)   {+1}
                                 0.056     0.471     0.270     0.635     0.325
 29      ubar      -2 [12] (34)   {-7}
                                 0.782     0.955     1.471     1.948     0.325
 30         d       1 [13] (35)   {+7}
                                -1.286     1.462     1.634     2.562     0.325
 31      dbar      -1 [13] (36)   {-6}
                                -0.189     0.461     0.835     1.026     0.325
 32   Cluster      81 [21,24] (43,44)   
                                 1.675    -1.255    -0.893     2.493     1.020
 33   Cluster      81 [18,25] (39,40)   
                                -0.397    -2.432    -3.121     4.180     1.288
 34   Cluster      81 [22,29] (45,46)   
                                 0.595     0.889     1.644     2.366     1.323
 35   Cluster      81 [27,30] (41,42)   
                                -2.332     1.976     2.100     3.859     1.068
 36   Cluster      81 [26,31] (47,48)   
                                -0.937     1.318     0.766     2.210     1.297
 37   Cluster      81 [19,28] (51,52)   
                                -0.163     0.090    -0.148     1.323     1.301
 38   Cluster      81 [20,23] (49,50)   
                                 1.558    -0.586    -0.347     2.295     1.540
--- final:
 39       pi-    -211 [33]    
                                -0.206    -1.663    -1.499     2.253     0.140
 40      rho+     213 [33] (53,54)   
                                -0.191    -0.768    -1.623     1.927     0.674
 41       pi0     111 [35] (57,58)   
                                -0.325     0.384     0.448     0.687     0.135
 42      rho-    -213 [35] (59,60)   
                                -2.007     1.592     1.652     3.172     0.878
 43        K+     321 [32]    
                                 1.030    -0.516    -0.825     1.501     0.494
 44       pi-    -211 [32]    
                                 0.644    -0.739    -0.068     0.992     0.140
 45       pi0     111 [34] (63,64)   
                                 0.125     0.603     1.114     1.280     0.135
 46     omega     223 [34] (65,66)   
                                 0.470     0.287     0.530     1.086     0.772
 47      rho+     213 [36] (71,72)   
                                -0.813     0.929     0.926     1.752     0.829
 48       pi0     111 [36] (75,76)   
                                -0.124     0.388    -0.160     0.458     0.135
 49    K*bar0    -313 [38] (77,78)   
                                 0.992    -0.134     0.230     1.357     0.887
 50       pi-    -211 [38]    
                                 0.566    -0.453    -0.578     0.938     0.140
 51       pi0     111 [37] (79,80)   
                                -0.373     0.048    -0.074     0.407     0.135
 52      rho+     213 [37] (81,82)   
                                 0.211     0.042    -0.074     0.916     0.888
------------------------------------------------------------------------------
     Sum of momenta:            -2e-05    -1e-05    -3e-05      18.7      18.7
------------------------------------------------------------------------------
Step 4 performed by DecayHandler
--- intermediates:
 53       pi0     111 [40] (55,56)   
                                -0.072     0.078    -0.315     0.358     0.135
 59       pi0     111 [42] (61,62)   
                                -1.290     1.101     1.521     2.282     0.135
 65      rho0     113 [46] (67,68)   
                                 0.326     0.221     0.312     0.785     0.603
 66       pi0     111 [46] (69,70)   
                                 0.144     0.066     0.218     0.301     0.135
 71       pi0     111 [47] (73,74)   
                                -0.148    -0.107     0.259     0.345     0.135
 81       pi0     111 [52] (83,84)   
                                 0.419    -0.007    -0.333     0.552     0.135
--- final:
 39       pi-    -211 [33]    
                                -0.206    -1.663    -1.499     2.253     0.140
 43        K+     321 [32]    
                                 1.030    -0.516    -0.825     1.501     0.494
 44       pi-    -211 [32]    
                                 0.644    -0.739    -0.068     0.992     0.140
 50       pi-    -211 [38]    
                                 0.566    -0.453    -0.578     0.938     0.140
 54       pi+     211 [40]    
                                -0.119    -0.847    -1.308     1.569     0.140
 55     gamma      22 [53]    
                                -0.040     0.014    -0.271     0.275     0.000
 56     gamma      22 [53]    
                                -0.031     0.064    -0.043     0.084     0.000
 57     gamma      22 [41]    
                                -0.103     0.060     0.054     0.130     0.000
 58     gamma      22 [41]    
                                -0.222     0.324     0.394     0.556     0.000
 60       pi-    -211 [42]    
                                -0.717     0.491     0.131     0.890     0.140
 61     gamma      22 [59]    
                                -0.184     0.166     0.162     0.296     0.000
 62     gamma      22 [59]    
                                -1.106     0.935     1.359     1.986     0.000
 63     gamma      22 [45]    
                                 0.140     0.592     1.053     1.216     0.000
 64     gamma      22 [45]    
                                -0.015     0.010     0.061     0.064     0.000
 67       pi+     211 [65]    
                                 0.273     0.386     0.254     0.555     0.140
 68       pi-    -211 [65]    
                                 0.053    -0.165     0.058     0.230     0.140
 69     gamma      22 [66]    
                                 0.105     0.033     0.041     0.118     0.000
 70     gamma      22 [66]    
                                 0.039     0.033     0.177     0.184     0.000
 72       pi+     211 [47]    
                                -0.665     1.036     0.667     1.407     0.140
 73     gamma      22 [71]    
                                -0.137    -0.056     0.251     0.292     0.000
 74     gamma      22 [71]    
                                -0.011    -0.051     0.008     0.053     0.000
 75     gamma      22 [48]    
                                -0.118     0.304    -0.068     0.333     0.000
 76     gamma      22 [48]    
                                -0.006     0.084    -0.092     0.125     0.000
 77        K-    -321 [49]    
                                 0.448     0.152     0.247     0.727     0.494
 78       pi+     211 [49]    
                                 0.543    -0.286    -0.017     0.630     0.140
 79     gamma      22 [51]    
                                -0.217    -0.003    -0.102     0.240     0.000
 80     gamma      22 [51]    
                                -0.156     0.051     0.028     0.167     0.000
 82       pi+     211 [52]    
                                -0.208     0.049     0.259     0.364     0.140
 83     gamma      22 [81]    
                                 0.076    -0.028    -0.012     0.082     0.000
 84     gamma      22 [81]    
                                 0.343     0.021    -0.321     0.470     0.000
------------------------------------------------------------------------------
     Sum of momenta:            -2e-05    -1e-05    -3e-05      18.7      18.7

The following exception classes were reported in this run:
ThePEG::EventHandler::ConsistencyException warning (1 times)
ThePEG::LesHouchesReader::LesHouchesReopenWarning warning (1 times)
