>>>>>>>>>>>>>>>>>>>>>>>>>>>>>>>>>>>>>>>>>>>>>>>>>>>>>>>>>>>>>>>>>>>>>>>>>>>>>>
>>>> Toolkit for HEP Event Generation - ThePEG 2.2.1 <<<<<<<<<<<<<<<<<<<<<<<<<
>>>> Mon Jun 22 19:53:19 2020                                             <<<<
<<<<<<<<<<<<<<<<<<<<<<<<<<<<<<<<<<<<<<<<<<<<<<<<<<<<<<<<<<<<<<<<<<<<<<<<<<<<<<

>> Herwig 7.2.1 / ThePEG 2.2.1

/Herwig/EventHandlers/NoCuts:
MHat  = 2 .. 17.729 GeV
Scale = 0 .. 1e+12 GeV2
YHat  = -100 .. 100
X1    = 0 .. 1
X2    = 0 .. 1

* A warning exception of type ThePEG::LesHouchesReader::LesHouchesReopenWarning occurred while generating event number 1: 
Reopening LesHouchesReader 'myReader' after accessing 2 events out of 1
* A warning exception of type ThePEG::EventHandler::ConsistencyException occurred while generating event number 1: 
Event handler 'myLesHouchesHandler' found energy-momentum non-conservation by (-1e-05,-2e-05,-1e-05;1.99999e-05) GeV after generating step number 4.

******************************************************************************
Event number 1 (id: TMP/Cluster_HERWIGOutput_31) performed by myLesHouchesHandler
Weight: 1
==============================================================================

--- Colliding particles:
  1        e-      11  (3)   
                                 4.432     0.000    -0.000     4.432     0.000
  2        e+     -11  (3)   
                                -4.432     0.000     0.000     4.432     0.000
------------------------------------------------------------------------------
Primary sub-process performed by myReader
--- incoming:
  1        e-      11  (3)   
                                 4.432     0.000    -0.000     4.432     0.000
  2        e+     -11  (3)   
                                -4.432     0.000     0.000     4.432     0.000
--- intermediates:
  3     gamma      22 [1,2] (4..7)   
                                 0.000     0.000     0.000     8.864     8.864
--- outgoing:
  4         g      21 [3] (8)  6>>7 {+1,-2}
                                -0.323     0.497     0.141     0.609     0.000
  5         g      21 [3] (9)  7>>6 {+3,-4}
                                 0.021     0.649    -3.582     3.641     0.000
  6         g      21 [3] (12)  5>>4 {+2,-3}
                                 0.364    -2.084     2.613     3.362     0.000
  7         g      21 [3] (13)  4>>5 {+4,-1}
                                -0.062     0.938     0.829     1.253     0.000
------------------------------------------------------------------------------
Step 1 performed by myLesHouchesHandler
--- intermediates:
  1        e-      11  (3)   
                                 4.432     0.000    -0.000     4.432     0.000
  2        e+     -11  (3)   
                                -4.432     0.000     0.000     4.432     0.000
  3     gamma      22 [1,2] (4..7)   
                                 0.000     0.000     0.000     8.864     8.864
--- final:
  4         g      21 [3] (8)  6>>7 {+1,-2}
                                -0.323     0.497     0.141     0.609     0.000
  5         g      21 [3] (9)  7>>6 {+3,-4}
                                 0.021     0.649    -3.582     3.641     0.000
  6         g      21 [3] (12)  5>>4 {+2,-3}
                                 0.364    -2.084     2.613     3.362     0.000
  7         g      21 [3] (13)  4>>5 {+4,-1}
                                -0.062     0.938     0.829     1.253     0.000
------------------------------------------------------------------------------
     Sum of momenta:            -2e-05    -2e-05    -1e-05      8.86      8.86
------------------------------------------------------------------------------
Step 2 performed by ShowerHandler
--- intermediates:
  9         g      21 [5] (10,11)   {+3,-4}
                                 0.014     0.438    -2.418     4.097     3.279
--- final:
  8         g      21 [4] (14,15)  12>>13 {+1,-2}
                                -0.218     0.335     0.095     1.035     0.950
 10         g      21 [9] (20,21)  13>>11 {+5,-4}
                                 1.318     0.212    -0.895     1.867     0.950
 11         g      21 [9] (22,23)  10>>12 {+3,-5}
                                -1.304     0.227    -1.523     2.230     0.950
 12         g      21 [6] (16,17)  11>>8 {+2,-3}
                                 0.246    -1.407     1.764     2.460     0.950
 13         g      21 [7] (18,19)  8>>10 {+4,-1}
                                -0.042     0.633     0.559     1.272     0.950
------------------------------------------------------------------------------
     Sum of momenta:            -2e-05    -2e-05    -1e-05      8.86      8.86
------------------------------------------------------------------------------
Step 3 performed by ClusterHadHandler
--- intermediates:
 14         u       2 [8] (26)   {+1}
                                 0.146     0.290    -0.156     0.485     0.325
 15      ubar      -2 [8] (27)   {-2}
                                -0.364     0.046     0.251     0.550     0.325
 16         u       2 [12] (26)   {+2}
                                 0.057    -0.695     0.377     0.856     0.325
 17      ubar      -2 [12] (24)   {-3}
                                 0.188    -0.712     1.387     1.604     0.325
 18         s       3 [13] (25)   {+4}
                                -0.031     0.473     0.235     0.694     0.450
 19      sbar      -3 [13] (27)   {-1}
                                -0.011     0.160     0.324     0.578     0.450
 20         u       2 [10] (26)   {+5}
                                 1.050    -0.076    -0.763     1.340     0.325
 21      ubar      -2 [10] (25)   {-4}
                                 0.269     0.288    -0.133     0.528     0.325
 22         s       3 [11] (24)   {+3}
                                -0.477     0.147    -0.770     1.022     0.450
 23      sbar      -3 [11] (27)   {-5}
                                -0.827     0.080    -0.752     1.208     0.450
 24   Cluster      81 [17,22] (30,31)   
                                -0.289    -0.565     0.617     2.626     2.472
 25   Cluster      81 [18,21] (32,33)   
                                 0.238     0.761     0.102     1.222     0.920
 26   Cluster      81 [14,16,20] (28)   
                                 1.253    -0.481    -0.542     2.681     2.256
 27   Cluster      81 [15,19,23] (29)   
                                -1.202     0.286    -0.177     2.336     1.974
 28   Cluster      81 [26] (34,35)   
                                 1.253    -0.481    -0.542     2.681     2.256
 29   Cluster      81 [27] (36,37)   
                                -1.202     0.286    -0.177     2.336     1.974
--- final:
 30       pi-    -211 [24]    
                                -0.065    -0.191    -0.503     0.560     0.140
 31  K_3*bar0    -317 [24] (38,39)   
                                -0.224    -0.374     1.120     2.066     1.680
 32        K-    -321 [25]    
                                 0.364     0.502    -0.161     0.809     0.494
 33       pi0     111 [25] (50,51)   
                                -0.126     0.259     0.263     0.413     0.135
 34      rho+     213 [28] (52,53)   
                                 0.015    -0.758     0.026     1.004     0.657
 35        p+    2212 [28]    
                                 1.238     0.277    -0.568     1.677     0.938
 36        K0     311 [29] (56)   
                                -0.339    -0.064    -0.319     0.684     0.498
 37Sigma*bar0   -3214 [29] (59,60)   
                                -0.863     0.350     0.141     1.651     1.356
------------------------------------------------------------------------------
     Sum of momenta:            -2e-05    -2e-05    -1e-05      8.86      8.86
------------------------------------------------------------------------------
Step 4 performed by DecayHandler
--- intermediates:
 38     Kbar0    -311 [31] (40)   
                                -0.186     0.477     0.353     0.796     0.498
 39       eta     221 [31] (41..43)   
                                -0.038    -0.850     0.767     1.270     0.548
 41       pi0     111 [39] (44,45)   
                                -0.023    -0.536     0.491     0.740     0.135
 42       pi0     111 [39] (46,47)   
                                 0.011    -0.073     0.179     0.236     0.135
 43       pi0     111 [39] (48,49)   
                                -0.027    -0.240     0.097     0.293     0.135
 52       pi0     111 [34] (54,55)   
                                 0.073    -0.447    -0.273     0.546     0.135
 56      K_S0     310 [36] (57,58)   
                                -0.339    -0.064    -0.319     0.684     0.498
 59Lambdabar0   -3122 [37] (61,62)   
                                -0.926     0.345     0.089     1.493     1.116
 60       pi0     111 [37] (65,66)   
                                 0.063     0.005     0.052     0.158     0.135
 62       pi0     111 [59] (63,64)   
                                -0.223     0.004    -0.042     0.264     0.135
--- final:
 30       pi-    -211 [24]    
                                -0.065    -0.191    -0.503     0.560     0.140
 32        K-    -321 [25]    
                                 0.364     0.502    -0.161     0.809     0.494
 35        p+    2212 [28]    
                                 1.238     0.277    -0.568     1.677     0.938
 40      K_L0     130 [38]    
                                -0.186     0.477     0.353     0.796     0.498
 44     gamma      22 [41]    
                                 0.020    -0.108     0.041     0.117     0.000
 45     gamma      22 [41]    
                                -0.043    -0.429     0.450     0.623     0.000
 46     gamma      22 [42]    
                                 0.036    -0.105     0.108     0.155     0.000
 47     gamma      22 [42]    
                                -0.024     0.031     0.072     0.082     0.000
 48     gamma      22 [43]    
                                 0.025    -0.033     0.066     0.078     0.000
 49     gamma      22 [43]    
                                -0.051    -0.207     0.031     0.215     0.000
 50     gamma      22 [33]    
                                -0.025     0.053     0.141     0.153     0.000
 51     gamma      22 [33]    
                                -0.102     0.206     0.122     0.260     0.000
 53       pi+     211 [34]    
                                -0.058    -0.311     0.300     0.458     0.140
 54     gamma      22 [52]    
                                 0.003    -0.023    -0.063     0.067     0.000
 55     gamma      22 [52]    
                                 0.070    -0.424    -0.210     0.479     0.000
 57       pi+     211 [56]    
                                 0.013     0.100    -0.018     0.173     0.140
 58       pi-    -211 [56]    
                                -0.352    -0.165    -0.301     0.511     0.140
 61     nbar0   -2112 [59]    
                                -0.703     0.341     0.131     1.229     0.940
 63     gamma      22 [62]    
                                -0.144    -0.041     0.024     0.152     0.000
 64     gamma      22 [62]    
                                -0.079     0.046    -0.066     0.113     0.000
 65     gamma      22 [60]    
                                 0.013     0.064     0.046     0.080     0.000
 66     gamma      22 [60]    
                                 0.050    -0.060     0.007     0.078     0.000
------------------------------------------------------------------------------
     Sum of momenta:            -2e-05    -2e-05    -1e-05      8.86      8.86

The following exception classes were reported in this run:
ThePEG::EventHandler::ConsistencyException warning (1 times)
ThePEG::LesHouchesReader::LesHouchesReopenWarning warning (1 times)
