>>>>>>>>>>>>>>>>>>>>>>>>>>>>>>>>>>>>>>>>>>>>>>>>>>>>>>>>>>>>>>>>>>>>>>>>>>>>>>
>>>> Toolkit for HEP Event Generation - ThePEG 2.2.0 <<<<<<<<<<<<<<<<<<<<<<<<<
>>>> Tue Jun 30 00:33:29 2020                                             <<<<
<<<<<<<<<<<<<<<<<<<<<<<<<<<<<<<<<<<<<<<<<<<<<<<<<<<<<<<<<<<<<<<<<<<<<<<<<<<<<<

>> Herwig 7.2.0 / ThePEG 2.2.0

/Herwig/EventHandlers/NoCuts:
MHat  = 2 .. 18.8076 GeV
Scale = 0 .. 1e+12 GeV2
YHat  = -100 .. 100
X1    = 0 .. 1
X2    = 0 .. 1

* A warning exception of type ThePEG::LesHouchesReader::LesHouchesReopenWarning occurred while generating event number 1: 
Reopening LesHouchesReader 'myReader' after accessing 2 events out of 1
* A warning exception of type ThePEG::EventHandler::ConsistencyException occurred while generating event number 1: 
Event handler 'myLesHouchesHandler' found energy-momentum non-conservation by (-1e-05,-3e-05,-1e-05;9.99964e-06) GeV after generating step number 4.

******************************************************************************
Event number 1 (id: ./OUTPUT/0.95MB1.05/1513243360/TMP/Cluster_HERWIGOutput_22) performed by myLesHouchesHandler
Weight: 1
==============================================================================

--- Colliding particles:
  1        e-      11  (3)   
                                 4.702     0.000     0.000     4.702     0.000
  2        e+     -11  (3)   
                                -4.702     0.000    -0.000     4.702     0.000
------------------------------------------------------------------------------
Primary sub-process performed by myReader
--- incoming:
  1        e-      11  (3)   
                                 4.702     0.000     0.000     4.702     0.000
  2        e+     -11  (3)   
                                -4.702     0.000    -0.000     4.702     0.000
--- intermediates:
  3     gamma      22 [1,2] (4..7)   
                                -0.000     0.000    -0.000     9.404     9.404
--- outgoing:
  4         g      21 [3] (8)  7>>6 {+1,-2}
                                 1.519     2.622     2.687     4.050     0.000
  5         g      21 [3] (9)  6>>7 {+3,-4}
                                 0.169     0.573    -1.174     1.317     0.000
  6         g      21 [3] (10)  4>>5 {+4,-1}
                                -1.604    -2.097    -1.099     2.860     0.000
  7         g      21 [3] (11)  5>>4 {+2,-3}
                                -0.084    -1.099    -0.414     1.177     0.000
------------------------------------------------------------------------------
Step 1 performed by myLesHouchesHandler
--- intermediates:
  1        e-      11  (3)   
                                 4.702     0.000     0.000     4.702     0.000
  2        e+     -11  (3)   
                                -4.702     0.000    -0.000     4.702     0.000
  3     gamma      22 [1,2] (4..7)   
                                -0.000     0.000    -0.000     9.404     9.404
--- final:
  4         g      21 [3] (8)  7>>6 {+1,-2}
                                 1.519     2.622     2.687     4.050     0.000
  5         g      21 [3] (9)  6>>7 {+3,-4}
                                 0.169     0.573    -1.174     1.317     0.000
  6         g      21 [3] (10)  4>>5 {+4,-1}
                                -1.604    -2.097    -1.099     2.860     0.000
  7         g      21 [3] (11)  5>>4 {+2,-3}
                                -0.084    -1.099    -0.414     1.177     0.000
------------------------------------------------------------------------------
     Sum of momenta:            -2e-05    -3e-05    -1e-05       9.4       9.4
------------------------------------------------------------------------------
Step 2 performed by ShowerHandler
--- final:
  8         g      21 [4] (12,13)  11>>10 {+1,-2}
                                 1.359     2.345     2.403     3.744     0.950
  9         g      21 [5] (14,15)  10>>11 {+3,-4}
                                 0.151     0.513    -1.050     1.513     0.950
 10         g      21 [6] (16,17)  8>>9 {+4,-1}
                                -1.435    -1.875    -0.983     2.728     0.950
 11         g      21 [7] (18,19)  9>>8 {+2,-3}
                                -0.075    -0.983    -0.370     1.418     0.950
------------------------------------------------------------------------------
     Sum of momenta:            -2e-05    -3e-05    -1e-05       9.4       9.4
------------------------------------------------------------------------------
Step 3 performed by ClusterHadHandler
--- intermediates:
 12         s       3 [8] (20)   {+1}
                                 0.625     1.319     1.167     1.922     0.450
 13      sbar      -3 [8] (21)   {-2}
                                 0.734     1.026     1.236     1.822     0.450
 14         d       1 [9] (22)   {+3}
                                 0.022    -0.027    -0.059     0.332     0.325
 15      dbar      -1 [9] (23)   {-4}
                                 0.128     0.539    -0.991     1.181     0.325
 16         u       2 [10] (23)   {+4}
                                -0.702    -1.406    -0.747     1.770     0.325
 17      ubar      -2 [10] (20)   {-1}
                                -0.733    -0.469    -0.236     0.958     0.325
 18         s       3 [11] (21)   {+2}
                                -0.115    -0.604    -0.096     0.768     0.450
 19      sbar      -3 [11] (22)   {-3}
                                 0.041    -0.378    -0.273     0.650     0.450
 20   Cluster      81 [12,17] (28,29)   
                                -0.108     0.850     0.931     2.881     2.588
 21   Cluster      81 [13,18] (26,27)   
                                 0.618     0.422     1.139     2.590     2.203
 22   Cluster      81 [14,19] (30,31)   
                                 0.063    -0.405    -0.332     0.982     0.828
 23   Cluster      81 [15,16] (24,25)   
                                -0.574    -0.867    -1.738     2.951     2.147
--- final:
 24     nbar0   -2112 [23]    
                                -0.744    -0.594    -1.306     1.869     0.940
 25        p+    2212 [23]    
                                 0.170    -0.273    -0.431     1.082     0.938
 26     K'_1+   20323 [21] (32,33)   
                                 0.608     0.228     0.426     1.701     1.514
 27        K-    -321 [21]    
                                 0.011     0.193     0.714     0.889     0.494
 28       Xi0    3322 [20] (36,37)   
                                 0.067     0.411     0.164     1.389     1.315
 29 Sigmabar-   -3222 [20] (44,45)   
                                -0.174     0.439     0.766     1.492     1.189
 30       pi-    -211 [22]    
                                -0.181    -0.263    -0.185     0.395     0.140
 31        K+     321 [22]    
                                 0.243    -0.142    -0.147     0.587     0.494
------------------------------------------------------------------------------
     Sum of momenta:            -2e-05    -3e-05    -1e-05       9.4       9.4
------------------------------------------------------------------------------
Step 4 performed by DecayHandler
--- intermediates:
 32       K*0     313 [26] (34,35)   
                                 0.334     0.402    -0.226     0.961     0.774
 36   Lambda0    3122 [28] (38,39)   
                                 0.067     0.232     0.064     1.143     1.116
 37       pi0     111 [28] (42,43)   
                                -0.000     0.179     0.100     0.246     0.135
 39       pi0     111 [36] (40,41)   
                                 0.041    -0.064    -0.010     0.155     0.135
--- final:
 24     nbar0   -2112 [23]    
                                -0.744    -0.594    -1.306     1.869     0.940
 25        p+    2212 [23]    
                                 0.170    -0.273    -0.431     1.082     0.938
 27        K-    -321 [21]    
                                 0.011     0.193     0.714     0.889     0.494
 30       pi-    -211 [22]    
                                -0.181    -0.263    -0.185     0.395     0.140
 31        K+     321 [22]    
                                 0.243    -0.142    -0.147     0.587     0.494
 33       pi+     211 [26]    
                                 0.273    -0.173     0.652     0.741     0.140
 34        K+     321 [32]    
                                 0.231     0.459    -0.286     0.768     0.494
 35       pi-    -211 [32]    
                                 0.104    -0.058     0.060     0.193     0.140
 38        n0    2112 [36]    
                                 0.026     0.296     0.074     0.988     0.940
 40     gamma      22 [39]    
                                 0.017     0.042     0.005     0.046     0.000
 41     gamma      22 [39]    
                                 0.024    -0.106    -0.015     0.110     0.000
 42     gamma      22 [37]    
                                -0.052     0.021     0.036     0.067     0.000
 43     gamma      22 [37]    
                                 0.052     0.158     0.065     0.179     0.000
 44     nbar0   -2112 [29]    
                                 0.008     0.249     0.506     1.096     0.940
 45       pi-    -211 [29]    
                                -0.183     0.190     0.260     0.396     0.140
------------------------------------------------------------------------------
     Sum of momenta:            -2e-05    -3e-05    -1e-05       9.4       9.4

The following exception classes were reported in this run:
ThePEG::EventHandler::ConsistencyException warning (1 times)
ThePEG::LesHouchesReader::LesHouchesReopenWarning warning (1 times)
