>>>>>>>>>>>>>>>>>>>>>>>>>>>>>>>>>>>>>>>>>>>>>>>>>>>>>>>>>>>>>>>>>>>>>>>>>>>>>>
>>>> Toolkit for HEP Event Generation - ThePEG 2.2.0 <<<<<<<<<<<<<<<<<<<<<<<<<
>>>> Tue Jun 30 00:50:43 2020                                             <<<<
<<<<<<<<<<<<<<<<<<<<<<<<<<<<<<<<<<<<<<<<<<<<<<<<<<<<<<<<<<<<<<<<<<<<<<<<<<<<<<

>> Herwig 7.2.0 / ThePEG 2.2.0

/Herwig/EventHandlers/NoCuts:
MHat  = 2 .. 25.8717 GeV
Scale = 0 .. 1e+12 GeV2
YHat  = -100 .. 100
X1    = 0 .. 1
X2    = 0 .. 1

* A warning exception of type ThePEG::LesHouchesReader::LesHouchesReopenWarning occurred while generating event number 1: 
Reopening LesHouchesReader 'myReader' after accessing 2 events out of 1
* A warning exception of type ThePEG::EventHandler::ConsistencyException occurred while generating event number 1: 
Event handler 'myLesHouchesHandler' found energy-momentum non-conservation by (-1.52056e-15,-2e-05,-2e-05;9.99862e-06) GeV after generating step number 4.

******************************************************************************
Event number 1 (id: ./OUTPUT/0.95MB1.05/1511395746/TMP/Cluster_HERWIGOutput_25) performed by myLesHouchesHandler
Weight: 1
==============================================================================

--- Colliding particles:
  1        e-      11  (3)   
                                 6.468     0.000    -0.000     6.468     0.000
  2        e+     -11  (3)   
                                -6.468     0.000     0.000     6.468     0.000
------------------------------------------------------------------------------
Primary sub-process performed by myReader
--- incoming:
  1        e-      11  (3)   
                                 6.468     0.000    -0.000     6.468     0.000
  2        e+     -11  (3)   
                                -6.468     0.000     0.000     6.468     0.000
--- intermediates:
  3     gamma      22 [1,2] (4..7)   
                                 0.000     0.000    -0.000    12.936    12.936
--- outgoing:
  4         g      21 [3] (8)  7>>7 {+1,-2}
                                -0.290    -3.088    -1.495     3.443     0.000
  5         g      21 [3] (9)  6>>6 {+3,-4}
                                 0.852     0.352     3.905     4.012     0.000
  6         g      21 [3] (10)  5>>5 {+4,-3}
                                 1.361     2.649    -1.228     3.221     0.000
  7         g      21 [3] (11)  4>>4 {+2,-1}
                                -1.924     0.087    -1.182     2.259     0.000
------------------------------------------------------------------------------
Step 1 performed by myLesHouchesHandler
--- intermediates:
  1        e-      11  (3)   
                                 6.468     0.000    -0.000     6.468     0.000
  2        e+     -11  (3)   
                                -6.468     0.000     0.000     6.468     0.000
  3     gamma      22 [1,2] (4..7)   
                                 0.000     0.000    -0.000    12.936    12.936
--- final:
  4         g      21 [3] (8)  7>>7 {+1,-2}
                                -0.290    -3.088    -1.495     3.443     0.000
  5         g      21 [3] (9)  6>>6 {+3,-4}
                                 0.852     0.352     3.905     4.012     0.000
  6         g      21 [3] (10)  5>>5 {+4,-3}
                                 1.361     2.649    -1.228     3.221     0.000
  7         g      21 [3] (11)  4>>4 {+2,-1}
                                -1.924     0.087    -1.182     2.259     0.000
------------------------------------------------------------------------------
     Sum of momenta:            -1e-05    -2e-05    -2e-05      12.9      12.9
------------------------------------------------------------------------------
Step 2 performed by ShowerHandler
--- final:
  8         g      21 [4] (12,13)  11>>11 {+1,-2}
                                -0.277    -2.946    -1.427     3.420     0.950
  9         g      21 [5] (14,15)  10>>10 {+3,-4}
                                 0.813     0.336     3.725     3.944     0.950
 10         g      21 [6] (16,17)  9>>9 {+4,-3}
                                 1.299     2.527    -1.171     3.217     0.950
 11         g      21 [7] (18,19)  8>>8 {+2,-1}
                                -1.835     0.083    -1.127     2.356     0.950
------------------------------------------------------------------------------
     Sum of momenta:            -1e-05    -2e-05    -2e-05      12.9      12.9
------------------------------------------------------------------------------
Step 3 performed by ClusterHadHandler
--- intermediates:
 12         u       2 [8] (21)   {+1}
                                -0.012    -0.537    -0.508     0.808     0.325
 13      ubar      -2 [8] (22)   {-2}
                                -0.265    -2.409    -0.919     2.612     0.325
 14         s       3 [9] (20)   {+3}
                                 0.553     0.228     2.471     2.582     0.450
 15      sbar      -3 [9] (22)   {-4}
                                 0.260     0.108     1.254     1.362     0.450
 16         u       2 [10] (21)   {+4}
                                 0.615     1.237    -0.942     1.703     0.325
 17      ubar      -2 [10] (20)   {-3}
                                 0.684     1.290    -0.229     1.513     0.325
 18         u       2 [11] (21)   {+2}
                                -1.387     0.132    -1.090     1.798     0.325
 19      ubar      -2 [11] (22)   {-1}
                                -0.449    -0.049    -0.038     0.558     0.325
 20   Cluster      81 [14,17] (27,28)   
                                 1.237     1.517     2.242     4.095     2.813
 21   Cluster      81 [12,16,18] (24)   
                                -0.784     0.832    -2.540     4.309     3.288
 22   Cluster      81 [13,15,19] (23)   
                                -0.454    -2.349     0.298     4.531     3.837
 23   Cluster      81 [22] (25,26)   
                                -0.454    -2.349     0.298     4.531     3.837
 24   Cluster      81 [21] (29,30)   
                                -0.784     0.832    -2.540     4.309     3.288
 25   Cluster      81 [23] (31,32)   
                                -0.277    -2.241    -0.669     2.739     1.398
 26   Cluster      81 [23] (33,34)   
                                -0.177    -0.109     0.966     1.793     1.496
--- final:
 27     K_3*-    -327 [20] (35,36)   
                                 0.553     0.449     0.951     2.137     1.776
 28      rho0     113 [20] (39,40)   
                                 0.684     1.068     1.291     1.958     0.747
 29    rho_3+     217 [24] (41,42)   
                                 0.136     0.489    -1.836     2.436     1.519
 30  p(1440)+   12212 [24] (57,58)   
                                -0.920     0.343    -0.704     1.873     1.431
 31       pi-    -211 [25]    
                                -0.299    -0.121    -0.401     0.533     0.140
 32       eta     221 [25] (61..63)   
                                 0.022    -2.119    -0.268     2.205     0.548
 33Lambdabar0   -3122 [26] (66,67)   
                                -0.187    -0.385     0.836     1.459     1.116
 34       pi0     111 [26] (68,69)   
                                 0.010     0.276     0.130     0.334     0.135
------------------------------------------------------------------------------
     Sum of momenta:            -1e-05    -2e-05    -2e-05      12.9      12.9
------------------------------------------------------------------------------
Step 4 performed by DecayHandler
--- intermediates:
 36       eta     221 [27] (37,38)   
                                 0.101     0.012    -0.315     0.640     0.548
 41      a_2+     215 [29] (43,44)   
                                 0.126     0.313    -1.549     2.074     1.337
 42       pi0     111 [29] (55,56)   
                                 0.011     0.175    -0.286     0.362     0.135
 43     omega     223 [41] (45,46)   
                                 0.089     0.182    -0.889     1.200     0.780
 44      rho+     213 [41] (51,52)   
                                 0.036     0.131    -0.660     0.874     0.557
 45      rho0     113 [43] (47,48)   
                                 0.128     0.134    -0.448     0.734     0.552
 46       pi0     111 [43] (49,50)   
                                -0.039     0.049    -0.441     0.466     0.135
 51       pi0     111 [44] (53,54)   
                                 0.158     0.050    -0.635     0.670     0.135
 57   Delta++    2224 [30] (59,60)   
                                -0.784     0.238    -0.735     1.650     1.229
 63       pi0     111 [32] (64,65)   
                                 0.091    -1.073    -0.170     1.098     0.135
--- final:
 31       pi-    -211 [25]    
                                -0.299    -0.121    -0.401     0.533     0.140
 35        K-    -321 [27]    
                                 0.453     0.437     1.266     1.498     0.494
 37     gamma      22 [36]    
                                -0.045    -0.252    -0.136     0.290     0.000
 38     gamma      22 [36]    
                                 0.146     0.263    -0.179     0.350     0.000
 39       pi+     211 [28]    
                                 0.619     1.040     1.323     1.798     0.140
 40       pi-    -211 [28]    
                                 0.066     0.029    -0.032     0.160     0.140
 47       pi+     211 [45]    
                                 0.104    -0.122    -0.017     0.213     0.140
 48       pi-    -211 [45]    
                                 0.024     0.256    -0.431     0.521     0.140
 49     gamma      22 [46]    
                                 0.003     0.059    -0.404     0.409     0.000
 50     gamma      22 [46]    
                                -0.042    -0.011    -0.037     0.057     0.000
 52       pi+     211 [44]    
                                -0.122     0.081    -0.025     0.204     0.140
 53     gamma      22 [51]    
                                 0.143    -0.015    -0.373     0.399     0.000
 54     gamma      22 [51]    
                                 0.016     0.065    -0.262     0.271     0.000
 55     gamma      22 [42]    
                                 0.047     0.143    -0.132     0.200     0.000
 56     gamma      22 [42]    
                                -0.037     0.033    -0.154     0.162     0.000
 58       pi-    -211 [30]    
                                -0.136     0.105     0.031     0.223     0.140
 59        p+    2212 [57]    
                                -0.574     0.025    -0.378     1.164     0.938
 60       pi+     211 [57]    
                                -0.210     0.213    -0.357     0.486     0.140
 61       pi+     211 [32]    
                                -0.097    -0.597     0.020     0.621     0.140
 62       pi-    -211 [32]    
                                 0.028    -0.450    -0.118     0.486     0.140
 64     gamma      22 [63]    
                                -0.002    -0.102     0.022     0.105     0.000
 65     gamma      22 [63]    
                                 0.093    -0.970    -0.192     0.994     0.000
 66     pbar-   -2212 [33]    
                                -0.222    -0.346     0.626     1.200     0.938
 67       pi+     211 [33]    
                                 0.035    -0.039     0.211     0.258     0.140
 68     gamma      22 [34]    
                                 0.051     0.256     0.121     0.288     0.000
 69     gamma      22 [34]    
                                -0.041     0.020     0.009     0.046     0.000
------------------------------------------------------------------------------
     Sum of momenta:            -1e-05    -2e-05    -2e-05      12.9      12.9

The following exception classes were reported in this run:
ThePEG::EventHandler::ConsistencyException warning (1 times)
ThePEG::LesHouchesReader::LesHouchesReopenWarning warning (1 times)
