>>>>>>>>>>>>>>>>>>>>>>>>>>>>>>>>>>>>>>>>>>>>>>>>>>>>>>>>>>>>>>>>>>>>>>>>>>>>>>
>>>> Toolkit for HEP Event Generation - ThePEG 2.2.0 <<<<<<<<<<<<<<<<<<<<<<<<<
>>>> Tue Jun 30 00:52:32 2020                                             <<<<
<<<<<<<<<<<<<<<<<<<<<<<<<<<<<<<<<<<<<<<<<<<<<<<<<<<<<<<<<<<<<<<<<<<<<<<<<<<<<<

>> Herwig 7.2.0 / ThePEG 2.2.0

/Herwig/EventHandlers/NoCuts:
MHat  = 2 .. 28.3943 GeV
Scale = 0 .. 1e+12 GeV2
YHat  = -100 .. 100
X1    = 0 .. 1
X2    = 0 .. 1

* A warning exception of type ThePEG::LesHouchesReader::LesHouchesReopenWarning occurred while generating event number 1: 
Reopening LesHouchesReader 'myReader' after accessing 2 events out of 1
* A warning exception of type ThePEG::EventHandler::ConsistencyException occurred while generating event number 1: 
Event handler 'myLesHouchesHandler' found energy-momentum non-conservation by (1.7053e-16,-2e-05,-2e-05;1.99998e-05) GeV after generating step number 4.

******************************************************************************
Event number 1 (id: ./OUTPUT/0.95MB1.05/1512366534/TMP/Cluster_HERWIGOutput_29) performed by myLesHouchesHandler
Weight: 1
==============================================================================

--- Colliding particles:
  1        e-      11  (3)   
                                 7.099     0.000     0.000     7.099     0.000
  2        e+     -11  (3)   
                                -7.099     0.000    -0.000     7.099     0.000
------------------------------------------------------------------------------
Primary sub-process performed by myReader
--- incoming:
  1        e-      11  (3)   
                                 7.099     0.000     0.000     7.099     0.000
  2        e+     -11  (3)   
                                -7.099     0.000    -0.000     7.099     0.000
--- intermediates:
  3     gamma      22 [1,2] (4..7)   
                                -0.000     0.000    -0.000    14.197    14.197
--- outgoing:
  4         g      21 [3] (8)  6>>6 {+1,-2}
                                -0.809    -1.209     3.714     3.989     0.000
  5         g      21 [3] (11)  7>>7 {+3,-4}
                                -0.822     1.427     0.445     1.706     0.000
  6         g      21 [3] (14)  4>>4 {+2,-1}
                                -0.260     2.614     0.556     2.685     0.000
  7         g      21 [3] (15)  5>>5 {+4,-3}
                                 1.891    -2.833    -4.715     5.817     0.000
------------------------------------------------------------------------------
Step 1 performed by myLesHouchesHandler
--- intermediates:
  1        e-      11  (3)   
                                 7.099     0.000     0.000     7.099     0.000
  2        e+     -11  (3)   
                                -7.099     0.000    -0.000     7.099     0.000
  3     gamma      22 [1,2] (4..7)   
                                -0.000     0.000    -0.000    14.197    14.197
--- final:
  4         g      21 [3] (8)  6>>6 {+1,-2}
                                -0.809    -1.209     3.714     3.989     0.000
  5         g      21 [3] (11)  7>>7 {+3,-4}
                                -0.822     1.427     0.445     1.706     0.000
  6         g      21 [3] (14)  4>>4 {+2,-1}
                                -0.260     2.614     0.556     2.685     0.000
  7         g      21 [3] (15)  5>>5 {+4,-3}
                                 1.891    -2.833    -4.715     5.817     0.000
------------------------------------------------------------------------------
     Sum of momenta:            -1e-05    -2e-05    -2e-05      14.2      14.2
------------------------------------------------------------------------------
Step 2 performed by ShowerHandler
--- intermediates:
  8         g      21 [4] (9,10)   {+1,-2}
                                -0.590    -0.881     2.707     4.188     3.014
 11         g      21 [5] (12,13)   {+3,-4}
                                -0.599     1.040     0.325     3.490     3.261
--- final:
  9         g      21 [8] (20,21)  14>>10 {+5,-2}
                                 0.877    -0.450     0.905     1.641     0.950
 10         g      21 [8] (22,23)  9>>14 {+1,-5}
                                -1.466    -0.430     1.801     2.546     0.950
 12         g      21 [11] (24,25)  13>>15 {+3,-6}
                                 0.712     1.181    -0.384     1.718     0.950
 13         g      21 [11] (26,27)  15>>12 {+6,-4}
                                -1.311    -0.141     0.708     1.772     0.950
 14         g      21 [6] (16,17)  10>>9 {+2,-1}
                                -0.189     1.905     0.405     2.175     0.950
 15         g      21 [7] (18,19)  12>>13 {+4,-3}
                                 1.378    -2.065    -3.436     4.344     0.950
------------------------------------------------------------------------------
     Sum of momenta:            -1e-05    -2e-05    -2e-05      14.2      14.2
------------------------------------------------------------------------------
Step 3 performed by ClusterHadHandler
--- intermediates:
 16         d       1 [14] (28)   {+2}
                                 0.083     0.411    -0.104     0.541     0.325
 17      dbar      -1 [14] (31)   {-1}
                                -0.273     1.494     0.509     1.634     0.325
 18         u       2 [15] (29)   {+4}
                                 0.217    -0.828    -1.418     1.688     0.325
 19      ubar      -2 [15] (30)   {-3}
                                 1.161    -1.236    -2.018     2.656     0.325
 20         d       1 [9] (32)   {+5}
                                 0.047    -0.148     0.039     0.362     0.325
 21      dbar      -1 [9] (28)   {-2}
                                 0.830    -0.302     0.866     1.279     0.325
 22         d       1 [10] (30)   {+1}
                                -0.675    -0.357     0.447     0.943     0.325
 23      dbar      -1 [10] (33)   {-5}
                                -0.792    -0.073     1.354     1.604     0.325
 24         s       3 [12] (31)   {+3}
                                 0.441     0.453    -0.152     0.791     0.450
 25      sbar      -3 [12] (32)   {-6}
                                 0.270     0.728    -0.231     0.927     0.450
 26         u       2 [13] (33)   {+6}
                                -1.214    -0.007     0.598     1.391     0.325
 27      ubar      -2 [13] (29)   {-4}
                                -0.097    -0.134     0.111     0.381     0.325
 28   Cluster      81 [16,21] (36,37)   
                                 0.913     0.109     0.762     1.820     1.373
 29   Cluster      81 [18,27] (42,43)   
                                 0.120    -0.962    -1.307     2.069     1.277
 30   Cluster      81 [19,22] (38,39)   
                                 0.486    -1.593    -1.571     3.598     2.776
 31   Cluster      81 [17,24] (34,35)   
                                 0.169     1.947     0.357     2.425     1.391
 32   Cluster      81 [20,25] (44,45)   
                                 0.317     0.580    -0.192     1.289     1.090
 33   Cluster      81 [23,26] (40,41)   
                                -2.005    -0.080     1.952     2.995     1.064
--- final:
 34     Kbar0    -311 [31] (46)   
                                -0.163     1.160    -0.337     1.317     0.498
 35       pi0     111 [31] (53,54)   
                                 0.331     0.787     0.694     1.108     0.135
 36       pi0     111 [28] (55,56)   
                                 0.242     0.412    -0.018     0.497     0.135
 37     omega     223 [28] (57,58)   
                                 0.671    -0.303     0.780     1.323     0.774
 38      a_1-  -20213 [30] (59,60)   
                                 0.071    -0.857     0.121     1.356     1.041
 39       f_1   20223 [30] (67..69)   
                                 0.415    -0.736    -1.693     2.243     1.204
 40       pi0     111 [33] (76,77)   
                                -1.057    -0.342     0.477     1.216     0.135
 41       pi+     211 [33]    
                                -0.949     0.262     1.475     1.779     0.140
 42      rho+     213 [29] (78,79)   
                                 0.189    -0.959    -0.660     1.403     0.760
 43       pi-    -211 [29]    
                                -0.069    -0.004    -0.648     0.666     0.140
 44       pi-    -211 [32]    
                                 0.482     0.100    -0.266     0.577     0.140
 45        K+     321 [32]    
                                -0.165     0.480     0.075     0.712     0.494
------------------------------------------------------------------------------
     Sum of momenta:            -1e-05    -2e-05    -2e-05      14.2      14.2
------------------------------------------------------------------------------
Step 4 performed by DecayHandler
--- intermediates:
 46      K_S0     310 [34] (47,48)   
                                -0.163     1.160    -0.337     1.317     0.498
 47       pi0     111 [46] (49,50)   
                                 0.085     0.764    -0.147     0.794     0.135
 48       pi0     111 [46] (51,52)   
                                -0.248     0.396    -0.191     0.523     0.135
 59    rho''-  -30213 [38] (61,62)   
                                -0.070    -0.369    -0.070     0.796     0.699
 60       pi0     111 [38] (65,66)   
                                 0.141    -0.488     0.191     0.559     0.135
 61       pi0     111 [59] (63,64)   
                                -0.183    -0.460     0.111     0.525     0.135
 67        K0     311 [39] (70)   
                                 0.190    -0.360    -1.037     1.220     0.498
 68     Kbar0    -311 [39] (71)   
                                 0.191    -0.235    -0.444     0.732     0.498
 69       pi0     111 [39] (74,75)   
                                 0.034    -0.141    -0.212     0.290     0.135
 71      K_S0     310 [68] (72,73)   
                                 0.191    -0.235    -0.444     0.732     0.498
 78       pi0     111 [42] (80,81)   
                                -0.171    -0.336    -0.521     0.657     0.135
--- final:
 41       pi+     211 [33]    
                                -0.949     0.262     1.475     1.779     0.140
 43       pi-    -211 [29]    
                                -0.069    -0.004    -0.648     0.666     0.140
 44       pi-    -211 [32]    
                                 0.482     0.100    -0.266     0.577     0.140
 45        K+     321 [32]    
                                -0.165     0.480     0.075     0.712     0.494
 49     gamma      22 [47]    
                                 0.019     0.127     0.026     0.131     0.000
 50     gamma      22 [47]    
                                 0.066     0.637    -0.172     0.664     0.000
 51     gamma      22 [48]    
                                 0.011     0.052    -0.005     0.053     0.000
 52     gamma      22 [48]    
                                -0.259     0.344    -0.185     0.469     0.000
 53     gamma      22 [35]    
                                 0.069     0.274     0.170     0.330     0.000
 54     gamma      22 [35]    
                                 0.263     0.513     0.524     0.779     0.000
 55     gamma      22 [36]    
                                 0.078     0.175    -0.070     0.204     0.000
 56     gamma      22 [36]    
                                 0.164     0.238     0.052     0.293     0.000
 57       pi+     211 [37]    
                                 0.635    -0.501     0.561     0.994     0.140
 58       pi-    -211 [37]    
                                 0.037     0.198     0.219     0.329     0.140
 62       pi-    -211 [59]    
                                 0.114     0.091    -0.181     0.271     0.140
 63     gamma      22 [61]    
                                -0.023    -0.204     0.085     0.222     0.000
 64     gamma      22 [61]    
                                -0.160    -0.256     0.027     0.303     0.000
 65     gamma      22 [60]    
                                -0.023    -0.031     0.003     0.038     0.000
 66     gamma      22 [60]    
                                 0.164    -0.458     0.188     0.521     0.000
 70      K_L0     130 [67]    
                                 0.190    -0.360    -1.037     1.220     0.498
 72       pi+     211 [71]    
                                 0.051     0.098    -0.227     0.288     0.140
 73       pi-    -211 [71]    
                                 0.139    -0.333    -0.217     0.444     0.140
 74     gamma      22 [69]    
                                 0.028     0.021    -0.051     0.062     0.000
 75     gamma      22 [69]    
                                 0.006    -0.162    -0.161     0.228     0.000
 76     gamma      22 [40]    
                                -0.731    -0.178     0.353     0.832     0.000
 77     gamma      22 [40]    
                                -0.325    -0.164     0.123     0.384     0.000
 79       pi+     211 [42]    
                                 0.360    -0.623    -0.139     0.746     0.140
 80     gamma      22 [78]    
                                -0.009    -0.163    -0.205     0.261     0.000
 81     gamma      22 [78]    
                                -0.162    -0.173    -0.316     0.395     0.000
------------------------------------------------------------------------------
     Sum of momenta:            -1e-05    -2e-05    -2e-05      14.2      14.2

The following exception classes were reported in this run:
ThePEG::EventHandler::ConsistencyException warning (1 times)
ThePEG::LesHouchesReader::LesHouchesReopenWarning warning (1 times)
