>>>>>>>>>>>>>>>>>>>>>>>>>>>>>>>>>>>>>>>>>>>>>>>>>>>>>>>>>>>>>>>>>>>>>>>>>>>>>>
>>>> Toolkit for HEP Event Generation - ThePEG 2.2.0 <<<<<<<<<<<<<<<<<<<<<<<<<
>>>> Tue Jun 30 00:47:17 2020                                             <<<<
<<<<<<<<<<<<<<<<<<<<<<<<<<<<<<<<<<<<<<<<<<<<<<<<<<<<<<<<<<<<<<<<<<<<<<<<<<<<<<

>> Herwig 7.2.0 / ThePEG 2.2.0

/Herwig/EventHandlers/NoCuts:
MHat  = 2 .. 58.9123 GeV
Scale = 0 .. 1e+12 GeV2
YHat  = -100 .. 100
X1    = 0 .. 1
X2    = 0 .. 1

* A warning exception of type ThePEG::LesHouchesReader::LesHouchesReopenWarning occurred while generating event number 1: 
Reopening LesHouchesReader 'myReader' after accessing 2 events out of 1
* A warning exception of type ThePEG::EventHandler::ConsistencyException occurred while generating event number 1: 
Event handler 'myLesHouchesHandler' found energy-momentum non-conservation by (-1e-05,-2e-05,-2e-05;9.99833e-06) GeV after generating step number 4.

******************************************************************************
Event number 1 (id: ./OUTPUT/0.95MB1.05/1513168335/TMP/Cluster_HERWIGOutput_39) performed by myLesHouchesHandler
Weight: 1
==============================================================================

--- Colliding particles:
  1        e-      11  (3)   
                                14.728     0.000    -0.000    14.728     0.000
  2        e+     -11  (3)   
                               -14.728     0.000     0.000    14.728     0.000
------------------------------------------------------------------------------
Primary sub-process performed by myReader
--- incoming:
  1        e-      11  (3)   
                                14.728     0.000    -0.000    14.728     0.000
  2        e+     -11  (3)   
                               -14.728     0.000     0.000    14.728     0.000
--- intermediates:
  3     gamma      22 [1,2] (4..8)   
                                 0.000     0.000     0.000    29.456    29.456
--- outgoing:
  4         g      21 [3] (9)  5>>8 {+1,-2}
                                 4.316    -4.904     9.614    11.624     0.000
  5         g      21 [3] (12)  6>>4 {+2,-3}
                                -2.171     0.089    -2.590     3.381     0.000
  6         g      21 [3] (17)  7>>5 {+3,-4}
                                -1.816     5.772    -1.108     6.152     0.000
  7         g      21 [3] (18)  8>>6 {+4,-5}
                                -2.778     0.586    -2.219     3.603     0.000
  8         g      21 [3] (19)  4>>7 {+5,-1}
                                 2.450    -1.544    -3.697     4.696     0.000
------------------------------------------------------------------------------
Step 1 performed by myLesHouchesHandler
--- intermediates:
  1        e-      11  (3)   
                                14.728     0.000    -0.000    14.728     0.000
  2        e+     -11  (3)   
                               -14.728     0.000     0.000    14.728     0.000
  3     gamma      22 [1,2] (4..8)   
                                 0.000     0.000     0.000    29.456    29.456
--- final:
  4         g      21 [3] (9)  5>>8 {+1,-2}
                                 4.316    -4.904     9.614    11.624     0.000
  5         g      21 [3] (12)  6>>4 {+2,-3}
                                -2.171     0.089    -2.590     3.381     0.000
  6         g      21 [3] (17)  7>>5 {+3,-4}
                                -1.816     5.772    -1.108     6.152     0.000
  7         g      21 [3] (18)  8>>6 {+4,-5}
                                -2.778     0.586    -2.219     3.603     0.000
  8         g      21 [3] (19)  4>>7 {+5,-1}
                                 2.450    -1.544    -3.697     4.696     0.000
------------------------------------------------------------------------------
     Sum of momenta:            -2e-05    -2e-05    -2e-05      29.5      29.5
------------------------------------------------------------------------------
Step 2 performed by ShowerHandler
--- intermediates:
  9         g      21 [4] (10,11)   {+1,-2}
                                 3.362    -3.820     7.491     9.539     2.996
 12         g      21 [5] (13,14)   {+2,-3}
                                -1.692     0.070    -2.018     7.191     6.691
 14         g      21 [12] (15,16)   {+6,-3}
                                -2.827     0.633    -3.100     5.273     3.130
 19         g      21 [8] (20,21)   {+5,-1}
                                 1.909    -1.203    -2.881     4.876     3.224
--- final:
 10         g      21 [9] (26,27)  13>>11 {+7,-2}
                                 1.409    -2.027     5.458     6.065     0.950
 11         g      21 [9] (28,29)  10>>20 {+1,-7}
                                 1.953    -1.793     2.033     3.474     0.950
 13         g      21 [12] (30,31)  15>>10 {+2,-6}
                                 1.136    -0.563     1.082     1.919     0.950
 15         u       2 [14] (41)  >13 {+6}
                                -1.494     0.688     0.210     1.689     0.325
 16      ubar      -2 [14] (36)  17> {-3}
                                -1.334    -0.055    -3.310     3.584     0.325
 17         g      21 [6] (22,23)  18>>16 {+3,-4}
                                -1.415     4.497    -0.863     4.886     0.950
 18         g      21 [7] (24,25)  21>>17 {+4,-5}
                                -2.164     0.457    -1.729     2.964     0.950
 20         g      21 [19] (32,33)  11>>21 {+8,-1}
                                 1.621     0.313    -2.273     2.965     0.950
 21         g      21 [19] (34,35)  20>>18 {+5,-8}
                                 0.288    -1.516    -0.608     1.911     0.950
------------------------------------------------------------------------------
     Sum of momenta:            -2e-05    -2e-05    -2e-05      29.5      29.5
------------------------------------------------------------------------------
Step 3 performed by ClusterHadHandler
--- intermediates:
 22         u       2 [17] (36)   {+3}
                                -0.741     1.430    -0.153     1.650     0.325
 23      ubar      -2 [17] (40)   {-4}
                                -0.674     3.067    -0.710     3.235     0.325
 24         d       1 [18] (41)   {+4}
                                -0.546    -0.139    -0.411     0.770     0.325
 25      dbar      -1 [18] (37)   {-5}
                                -1.618     0.595    -1.318     2.194     0.325
 26         u       2 [10] (41)   {+7}
                                 1.039    -0.894     2.978     3.294     0.325
 27      ubar      -2 [10] (38)   {-2}
                                 0.370    -1.134     2.480     2.771     0.325
 28         d       1 [11] (39)   {+1}
                                 0.365    -0.685     0.471     0.965     0.325
 29      dbar      -1 [11] (42)   {-7}
                                 1.589    -1.108     1.562     2.509     0.325
 30         s       3 [13] (38)   {+2}
                                 0.678    -0.219     0.702     1.096     0.450
 31      sbar      -3 [13] (42)   {-6}
                                 0.458    -0.345     0.380     0.822     0.450
 32         u       2 [20] (40)   {+8}
                                 1.279     0.002    -1.384     1.912     0.325
 33      ubar      -2 [20] (39)   {-1}
                                 0.342     0.311    -0.889     1.053     0.325
 34         d       1 [21] (37)   {+5}
                                 0.206    -0.281     0.038     0.478     0.325
 35      dbar      -1 [21] (42)   {-8}
                                 0.082    -1.235    -0.646     1.433     0.325
 36   Cluster      81 [16,22] (53,54)   
                                -2.075     1.376    -3.463     5.234     3.034
 37   Cluster      81 [25,34] (49,50)   
                                -1.412     0.314    -1.280     2.672     1.847
 38   Cluster      81 [27,30] (51,52)   
                                 1.047    -1.352     3.182     3.867     1.381
 39   Cluster      81 [28,33] (55,56)   
                                 0.707    -0.375    -0.417     2.017     1.804
 40   Cluster      81 [23,32] (47,48)   
                                 0.605     3.069    -2.094     5.148     3.512
 41   Cluster      81 [15,24,26] (43)   
                                -1.001    -0.345     2.776     5.753     4.926
 42   Cluster      81 [29,31,35] (44)   
                                 2.128    -2.688     1.296     4.764     3.044
 43   Cluster      81 [41] (45,46)   
                                -1.001    -0.345     2.776     5.753     4.926
 44   Cluster      81 [42] (57,58)   
                                 2.128    -2.688     1.296     4.764     3.044
 45   Cluster      81 [43] (59,60)   
                                 0.530    -0.619     2.282     2.887     1.570
 46   Cluster      81 [43] (61,62)   
                                -1.530     0.274     0.495     2.866     2.357
--- final:
 47      rho0     113 [40] (63,64)   
                                -0.732     0.085    -0.273     1.120     0.797
 48     pi_20   10115 [40] (65,66)   
                                 1.338     2.984    -1.821     4.028     1.489
 49      rho+     213 [37] (75,76)   
                                -0.853     0.772    -0.311     1.456     0.837
 50       pi-    -211 [37]    
                                -0.559    -0.457    -0.969     1.217     0.140
 51      rho0     113 [38] (79,80)   
                                 0.362    -0.536     0.904     1.305     0.683
 52        K-    -321 [38]    
                                 0.685    -0.816     2.277     2.562     0.494
 53      a_20     115 [36] (81,82)   
                                -1.223     0.863    -1.483     2.473     1.294
 54   omega''   30223 [36] (87,88)   
                                -0.852     0.513    -1.980     2.761     1.648
 55       f_2     225 [39] (93,94)   
                                 0.056    -0.379    -0.243     1.329     1.249
 56       pi-    -211 [39]    
                                 0.651     0.004    -0.174     0.688     0.140
 57      a_1+   20213 [44] (95,96)   
                                 0.765    -0.977     0.464     1.817     1.244
 58Lambdabar(1600)0  -23122 [44] (103,104)   
                                 1.363    -1.710     0.833     2.947     1.791
 59       pi0     111 [45] (108,109)   
                                 0.065     0.300     1.113     1.162     0.135
 60       K*+     323 [45] (110,111)   
                                 0.465    -0.919     1.169     1.725     0.740
 61    Delta+    2214 [46] (114,115)   
                                -0.475     0.408     0.408     1.447     1.239
 62       K*-    -323 [46] (118,119)   
                                -1.056    -0.134     0.087     1.420     0.936
------------------------------------------------------------------------------
     Sum of momenta:            -2e-05    -2e-05    -2e-05      29.5      29.5
------------------------------------------------------------------------------
Step 4 performed by DecayHandler
--- intermediates:
 65       pi0     111 [48] (67,68)   
                                 0.288     0.430    -0.232     0.583     0.135
 66       f_2     225 [48] (69,70)   
                                 1.049     2.554    -1.589     3.445     1.312
 69       pi0     111 [66] (71,72)   
                                 0.554     2.349    -0.942     2.594     0.135
 70       pi0     111 [66] (73,74)   
                                 0.495     0.205    -0.647     0.851     0.135
 75       pi0     111 [49] (77,78)   
                                -0.852     0.603    -0.501     1.165     0.135
 81      rho-    -213 [53] (83,84)   
                                -0.726     0.262    -0.395     1.126     0.720
 83       pi0     111 [81] (85,86)   
                                -0.782     0.297    -0.454     0.961     0.135
 87      rho0     113 [54] (89,90)   
                                -0.631    -0.160    -0.595     1.200     0.813
 88       pi0     111 [54] (91,92)   
                                -0.220     0.672    -1.386     1.562     0.135
 95    rho''+   30213 [57] (97,98)   
                                 0.884    -0.703     0.175     1.381     0.775
 96       pi0     111 [57] (101,102)   
                                -0.118    -0.274     0.288     0.437     0.135
 97       pi0     111 [95] (99,100)   
                                 0.200     0.062    -0.156     0.294     0.135
104        K0     311 [58] (105)   
                                 1.144    -1.204     0.583     1.829     0.498
105      K_S0     310 [104] (106,107)   
                                 1.144    -1.204     0.583     1.829     0.498
111       pi0     111 [60] (112,113)   
                                -0.023    -0.327     0.293     0.460     0.135
115       pi0     111 [61] (116,117)   
                                -0.150     0.332     0.159     0.420     0.135
118     Kbar0    -311 [62] (120)   
                                -0.819     0.017    -0.218     0.983     0.498
120      K_S0     310 [118] (121,122)   
                                -0.819     0.017    -0.218     0.983     0.498
--- final:
 50       pi-    -211 [37]    
                                -0.559    -0.457    -0.969     1.217     0.140
 52        K-    -321 [38]    
                                 0.685    -0.816     2.277     2.562     0.494
 56       pi-    -211 [39]    
                                 0.651     0.004    -0.174     0.688     0.140
 63       pi+     211 [47]    
                                -0.163     0.153     0.226     0.347     0.140
 64       pi-    -211 [47]    
                                -0.569    -0.068    -0.498     0.772     0.140
 67     gamma      22 [65]    
                                 0.051     0.014    -0.006     0.053     0.000
 68     gamma      22 [65]    
                                 0.237     0.416    -0.226     0.530     0.000
 71     gamma      22 [69]    
                                 0.513     2.271    -0.896     2.494     0.000
 72     gamma      22 [69]    
                                 0.042     0.078    -0.046     0.100     0.000
 73     gamma      22 [70]    
                                 0.440     0.150    -0.489     0.675     0.000
 74     gamma      22 [70]    
                                 0.055     0.055    -0.158     0.177     0.000
 76       pi+     211 [49]    
                                -0.001     0.169     0.191     0.290     0.140
 77     gamma      22 [75]    
                                -0.668     0.528    -0.437     0.957     0.000
 78     gamma      22 [75]    
                                -0.183     0.075    -0.064     0.208     0.000
 79       pi+     211 [51]    
                                -0.024     0.068     0.021     0.158     0.140
 80       pi-    -211 [51]    
                                 0.386    -0.604     0.884     1.146     0.140
 82       pi+     211 [53]    
                                -0.497     0.601    -1.088     1.346     0.140
 84       pi-    -211 [81]    
                                 0.056    -0.035     0.059     0.165     0.140
 85     gamma      22 [83]    
                                -0.290     0.079    -0.098     0.316     0.000
 86     gamma      22 [83]    
                                -0.492     0.218    -0.356     0.645     0.000
 89       pi+     211 [87]    
                                -0.777    -0.011    -0.425     0.897     0.140
 90       pi-    -211 [87]    
                                 0.146    -0.148    -0.169     0.302     0.140
 91     gamma      22 [88]    
                                -0.198     0.644    -1.235     1.407     0.000
 92     gamma      22 [88]    
                                -0.023     0.029    -0.151     0.155     0.000
 93        K-    -321 [55]    
                                -0.254    -0.415    -0.272     0.744     0.494
 94        K+     321 [55]    
                                 0.310     0.036     0.029     0.585     0.494
 98       pi+     211 [95]    
                                 0.683    -0.765     0.331     1.087     0.140
 99     gamma      22 [97]    
                                 0.018     0.061    -0.061     0.089     0.000
100     gamma      22 [97]    
                                 0.182     0.001    -0.094     0.205     0.000
101     gamma      22 [96]    
                                -0.132    -0.251     0.208     0.352     0.000
102     gamma      22 [96]    
                                 0.014    -0.023     0.081     0.085     0.000
103     nbar0   -2112 [58]    
                                 0.220    -0.506     0.250     1.118     0.940
106       pi+     211 [105]    
                                 0.603    -0.444     0.426     0.872     0.140
107       pi-    -211 [105]    
                                 0.541    -0.761     0.156     0.957     0.140
108     gamma      22 [59]    
                                 0.020     0.029     0.344     0.346     0.000
109     gamma      22 [59]    
                                 0.045     0.271     0.768     0.816     0.000
110        K+     321 [60]    
                                 0.488    -0.592     0.876     1.265     0.494
112     gamma      22 [111]    
                                 0.005    -0.241     0.278     0.368     0.000
113     gamma      22 [111]    
                                -0.028    -0.086     0.015     0.092     0.000
114        p+    2212 [61]    
                                -0.325     0.075     0.250     1.027     0.938
116     gamma      22 [115]    
                                -0.073     0.276     0.154     0.324     0.000
117     gamma      22 [115]    
                                -0.077     0.057     0.005     0.096     0.000
119       pi-    -211 [62]    
                                -0.236    -0.151     0.304     0.436     0.140
121       pi+     211 [120]    
                                -0.560     0.052     0.053     0.582     0.140
122       pi-    -211 [120]    
                                -0.260    -0.035    -0.271     0.402     0.140
------------------------------------------------------------------------------
     Sum of momenta:            -2e-05    -2e-05    -2e-05      29.5      29.5

The following exception classes were reported in this run:
ThePEG::EventHandler::ConsistencyException warning (1 times)
ThePEG::LesHouchesReader::LesHouchesReopenWarning warning (1 times)
