>>>>>>>>>>>>>>>>>>>>>>>>>>>>>>>>>>>>>>>>>>>>>>>>>>>>>>>>>>>>>>>>>>>>>>>>>>>>>>
>>>> Toolkit for HEP Event Generation - ThePEG 2.2.0 <<<<<<<<<<<<<<<<<<<<<<<<<
>>>> Tue Jun 30 00:34:14 2020                                             <<<<
<<<<<<<<<<<<<<<<<<<<<<<<<<<<<<<<<<<<<<<<<<<<<<<<<<<<<<<<<<<<<<<<<<<<<<<<<<<<<<

>> Herwig 7.2.0 / ThePEG 2.2.0

/Herwig/EventHandlers/NoCuts:
MHat  = 2 .. 53.7359 GeV
Scale = 0 .. 1e+12 GeV2
YHat  = -100 .. 100
X1    = 0 .. 1
X2    = 0 .. 1

* A warning exception of type ThePEG::LesHouchesReader::LesHouchesReopenWarning occurred while generating event number 1: 
Reopening LesHouchesReader 'myReader' after accessing 2 events out of 1
* A warning exception of type ThePEG::EventHandler::ConsistencyException occurred while generating event number 1: 
Event handler 'myLesHouchesHandler' found energy-momentum non-conservation by (-1e-05,-2e-05,-2e-05;-7.53789e-11) GeV after generating step number 4.

******************************************************************************
Event number 1 (id: ./OUTPUT/0.95MB1.05/1514657259/TMP/Cluster_HERWIGOutput_23) performed by myLesHouchesHandler
Weight: 1
==============================================================================

--- Colliding particles:
  1        e-      11  (3)   
                                13.434     0.000     0.000    13.434     0.000
  2        e+     -11  (3)   
                               -13.434     0.000    -0.000    13.434     0.000
------------------------------------------------------------------------------
Primary sub-process performed by myReader
--- incoming:
  1        e-      11  (3)   
                                13.434     0.000     0.000    13.434     0.000
  2        e+     -11  (3)   
                               -13.434     0.000    -0.000    13.434     0.000
--- intermediates:
  3     gamma      22 [1,2] (4..7)   
                                -0.000     0.000    -0.000    26.868    26.868
--- outgoing:
  4         g      21 [3] (8)  5>>7 {+1,-2}
                                 0.103    -4.251    -0.766     4.321     0.000
  5         g      21 [3] (11)  6>>4 {+2,-3}
                                -0.126     4.126    11.234    11.968     0.000
  6         g      21 [3] (16)  7>>5 {+3,-4}
                                -0.642    -0.220    -3.133     3.206     0.000
  7         g      21 [3] (17)  4>>6 {+4,-1}
                                 0.665     0.346    -7.334     7.373     0.000
------------------------------------------------------------------------------
Step 1 performed by myLesHouchesHandler
--- intermediates:
  1        e-      11  (3)   
                                13.434     0.000     0.000    13.434     0.000
  2        e+     -11  (3)   
                               -13.434     0.000    -0.000    13.434     0.000
  3     gamma      22 [1,2] (4..7)   
                                -0.000     0.000    -0.000    26.868    26.868
--- final:
  4         g      21 [3] (8)  5>>7 {+1,-2}
                                 0.103    -4.251    -0.766     4.321     0.000
  5         g      21 [3] (11)  6>>4 {+2,-3}
                                -0.126     4.126    11.234    11.968     0.000
  6         g      21 [3] (16)  7>>5 {+3,-4}
                                -0.642    -0.220    -3.133     3.206     0.000
  7         g      21 [3] (17)  4>>6 {+4,-1}
                                 0.665     0.346    -7.334     7.373     0.000
------------------------------------------------------------------------------
     Sum of momenta:            -2e-05    -2e-05    -2e-05      26.9      26.9
------------------------------------------------------------------------------
Step 2 performed by ShowerHandler
--- intermediates:
  8         g      21 [4] (9,10)   {+1,-2}
                                 0.090    -3.733    -0.673     5.396     3.837
 11         g      21 [5] (12,13)   {+2,-3}
                                -0.111     3.623     9.864    11.958     5.705
 13         g      21 [11] (14,15)   {+5,-3}
                                 0.621     4.249     8.584    10.095     3.128
--- final:
  9         g      21 [8] (22,23)  10>>17 {+1,-6}
                                -1.077    -0.187    -0.526     1.541     0.950
 10         g      21 [8] (24,25)  12>>9 {+6,-2}
                                 1.167    -3.546    -0.146     3.855     0.950
 12         g      21 [11] (26,27)  15>>10 {+2,-5}
                                -0.732    -0.627     1.281     1.863     0.950
 14         g      21 [13] (28,29)  16>>15 {+7,-3}
                                 1.333     1.172     3.333     3.893     0.950
 15         g      21 [13] (30,31)  14>>12 {+5,-7}
                                -0.712     3.078     5.251     6.201     0.950
 16         g      21 [6] (18,19)  17>>14 {+3,-4}
                                -0.563    -0.193    -2.751     2.971     0.950
 17         g      21 [7] (20,21)  9>>16 {+4,-1}
                                 0.584     0.303    -6.440     6.543     0.950
------------------------------------------------------------------------------
     Sum of momenta:            -2e-05    -2e-05    -2e-05      26.9      26.9
------------------------------------------------------------------------------
Step 3 performed by ClusterHadHandler
--- intermediates:
 18         d       1 [16] (37)   {+3}
                                -0.563    -0.372    -1.902     2.044     0.325
 19      dbar      -1 [16] (32)   {-4}
                                -0.000     0.179    -0.850     0.927     0.325
 20         d       1 [17] (32)   {+4}
                                 0.633     0.100    -5.023     5.074     0.325
 21      dbar      -1 [17] (38)   {-1}
                                -0.049     0.203    -1.417     1.469     0.325
 22         u       2 [9] (36)   {+1}
                                -0.727     0.065    -0.018     0.799     0.325
 23      ubar      -2 [9] (37)   {-6}
                                -0.350    -0.252    -0.509     0.742     0.325
 24         u       2 [10] (38)   {+6}
                                 0.820    -2.754     0.118     2.894     0.325
 25      ubar      -2 [10] (33)   {-2}
                                 0.347    -0.793    -0.264     0.962     0.325
 26         s       3 [12] (33)   {+2}
                                -0.538    -0.367     0.659     1.030     0.450
 27      sbar      -3 [12] (34)   {-5}
                                -0.194    -0.260     0.622     0.833     0.450
 28         u       2 [14] (35)   {+7}
                                 0.582     0.362     0.754     1.069     0.325
 29      ubar      -2 [14] (36)   {-3}
                                 0.751     0.810     2.579     2.824     0.325
 30         u       2 [15] (34)   {+5}
                                -0.498     0.858     1.580     1.894     0.325
 31      ubar      -2 [15] (35)   {-7}
                                -0.214     2.220     3.671     4.308     0.325
 32   Cluster      81 [19,20] (49,50)   
                                 0.633     0.279    -5.873     6.002     1.024
 33   Cluster      81 [25,26] (51,52)   
                                -0.190    -1.160     0.395     1.991     1.558
 34   Cluster      81 [27,30] (39,40)   
                                -0.692     0.598     2.202     2.727     1.324
 35   Cluster      81 [28,31] (47,48)   
                                 0.367     2.581     4.425     5.377     1.591
 36   Cluster      81 [22,29] (41,42)   
                                 0.024     0.875     2.561     3.623     2.409
 37   Cluster      81 [18,23] (45,46)   
                                -0.913    -0.624    -2.410     2.786     0.853
 38   Cluster      81 [21,24] (43,44)   
                                 0.771    -2.550    -1.299     4.362     3.201
--- final:
 39        K0     311 [34] (53)   
                                -0.074     0.570     1.854     2.004     0.498
 40       pi+     211 [34]    
                                -0.618     0.028     0.348     0.723     0.140
 41       h_1   10223 [36] (54,55)   
                                 0.232     1.042     1.133     1.978     1.220
 42      rho0     113 [36] (60,61)   
                                -0.207    -0.168     1.428     1.645     0.773
 43       pi+     211 [38]    
                                -0.499     0.325    -0.516     0.800     0.140
 44    omega'  100223 [38] (62,63)   
                                 1.270    -2.875    -0.784     3.562     1.481
 45       eta     221 [37] (68,69)   
                                -0.648    -0.407    -2.106     2.307     0.548
 46       pi-    -211 [37]    
                                -0.266    -0.216    -0.304     0.479     0.140
 47      a_2+     215 [35] (70,71)   
                                 0.459     2.452     4.034     4.932     1.354
 48       pi-    -211 [35]    
                                -0.091     0.130     0.392     0.445     0.140
 49       pi0     111 [32] (78,79)   
                                 0.491    -0.008    -5.346     5.370     0.135
 50       pi0     111 [32] (80,81)   
                                 0.142     0.287    -0.527     0.631     0.135
 51       pi-    -211 [33]    
                                 0.031    -0.052    -0.070     0.167     0.140
 52   K'*bar0 -100313 [33] (82,83)   
                                -0.221    -1.108     0.465     1.824     1.354
------------------------------------------------------------------------------
     Sum of momenta:            -2e-05    -2e-05    -2e-05      26.9      26.9
------------------------------------------------------------------------------
Step 4 performed by DecayHandler
--- intermediates:
 54      rho+     213 [41] (56,57)   
                                 0.002     0.545     0.326     0.993     0.763
 56       pi0     111 [54] (58,59)   
                                -0.191     0.603     0.091     0.653     0.135
 62      rho0     113 [44] (64,65)   
                                 0.696    -1.310     0.166     1.639     0.675
 63       pi0     111 [44] (66,67)   
                                 0.574    -1.565    -0.950     1.923     0.135
 70      rho+     213 [47] (72,73)   
                                -0.040     1.177     2.010     2.485     0.866
 71       pi0     111 [47] (76,77)   
                                 0.499     1.275     2.024     2.447     0.135
 72       pi0     111 [70] (74,75)   
                                -0.189     1.028     1.032     1.475     0.135
 82       K*-    -323 [52] (84,85)   
                                -0.233    -0.372     0.379     1.070     0.899
 84     Kbar0    -311 [82] (86)   
                                -0.191    -0.184    -0.063     0.568     0.498
 86      K_S0     310 [84] (87,88)   
                                -0.191    -0.184    -0.063     0.568     0.498
--- final:
 40       pi+     211 [34]    
                                -0.618     0.028     0.348     0.723     0.140
 43       pi+     211 [38]    
                                -0.499     0.325    -0.516     0.800     0.140
 46       pi-    -211 [37]    
                                -0.266    -0.216    -0.304     0.479     0.140
 48       pi-    -211 [35]    
                                -0.091     0.130     0.392     0.445     0.140
 51       pi-    -211 [33]    
                                 0.031    -0.052    -0.070     0.167     0.140
 53      K_L0     130 [39]    
                                -0.074     0.570     1.854     2.004     0.498
 55       pi-    -211 [41]    
                                 0.230     0.497     0.807     0.985     0.140
 57       pi+     211 [54]    
                                 0.193    -0.058     0.235     0.340     0.140
 58     gamma      22 [56]    
                                -0.140     0.266     0.084     0.312     0.000
 59     gamma      22 [56]    
                                -0.050     0.337     0.007     0.341     0.000
 60       pi+     211 [42]    
                                -0.285    -0.406     1.063     1.182     0.140
 61       pi-    -211 [42]    
                                 0.077     0.238     0.365     0.464     0.140
 64       pi+     211 [62]    
                                 0.165    -0.771    -0.136     0.812     0.140
 65       pi-    -211 [62]    
                                 0.531    -0.539     0.302     0.826     0.140
 66     gamma      22 [63]    
                                 0.580    -1.556    -0.937     1.906     0.000
 67     gamma      22 [63]    
                                -0.006    -0.009    -0.013     0.017     0.000
 68     gamma      22 [45]    
                                -0.328    -0.496    -1.152     1.297     0.000
 69     gamma      22 [45]    
                                -0.319     0.089    -0.954     1.010     0.000
 73       pi+     211 [70]    
                                 0.149     0.149     0.978     1.010     0.140
 74     gamma      22 [72]    
                                -0.041     0.211     0.140     0.257     0.000
 75     gamma      22 [72]    
                                -0.148     0.817     0.891     1.218     0.000
 76     gamma      22 [71]    
                                 0.432     1.171     1.783     2.176     0.000
 77     gamma      22 [71]    
                                 0.067     0.104     0.241     0.271     0.000
 78     gamma      22 [49]    
                                 0.120     0.041    -1.819     1.824     0.000
 79     gamma      22 [49]    
                                 0.371    -0.049    -3.527     3.547     0.000
 80     gamma      22 [50]    
                                 0.044     0.095    -0.301     0.319     0.000
 81     gamma      22 [50]    
                                 0.098     0.193    -0.225     0.312     0.000
 83       pi+     211 [52]    
                                 0.012    -0.736     0.086     0.754     0.140
 85       pi-    -211 [82]    
                                -0.041    -0.188     0.442     0.502     0.140
 87       pi+     211 [86]    
                                 0.037     0.097    -0.043     0.179     0.140
 88       pi-    -211 [86]    
                                -0.229    -0.281    -0.021     0.388     0.140
------------------------------------------------------------------------------
     Sum of momenta:            -2e-05    -2e-05    -2e-05      26.9      26.9

The following exception classes were reported in this run:
ThePEG::EventHandler::ConsistencyException warning (1 times)
ThePEG::LesHouchesReader::LesHouchesReopenWarning warning (1 times)
