>>>>>>>>>>>>>>>>>>>>>>>>>>>>>>>>>>>>>>>>>>>>>>>>>>>>>>>>>>>>>>>>>>>>>>>>>>>>>>
>>>> Toolkit for HEP Event Generation - ThePEG 2.2.0 <<<<<<<<<<<<<<<<<<<<<<<<<
>>>> Tue Jun 30 00:27:11 2020                                             <<<<
<<<<<<<<<<<<<<<<<<<<<<<<<<<<<<<<<<<<<<<<<<<<<<<<<<<<<<<<<<<<<<<<<<<<<<<<<<<<<<

>> Herwig 7.2.0 / ThePEG 2.2.0

/Herwig/EventHandlers/NoCuts:
MHat  = 2 .. 23.8022 GeV
Scale = 0 .. 1e+12 GeV2
YHat  = -100 .. 100
X1    = 0 .. 1
X2    = 0 .. 1

* A warning exception of type ThePEG::LesHouchesReader::LesHouchesReopenWarning occurred while generating event number 1: 
Reopening LesHouchesReader 'myReader' after accessing 2 events out of 1
* A warning exception of type ThePEG::EventHandler::ConsistencyException occurred while generating event number 1: 
Event handler 'myLesHouchesHandler' found energy-momentum non-conservation by (7.24754e-15,-1e-05,-1e-05;1e-05) GeV after generating step number 4.

******************************************************************************
Event number 1 (id: ./OUTPUT/0.95MB1.05/1513286961/TMP/Cluster_HERWIGOutput_14) performed by myLesHouchesHandler
Weight: 1
==============================================================================

--- Colliding particles:
  1        e-      11  (3)   
                                 5.951     0.000    -0.000     5.951     0.000
  2        e+     -11  (3)   
                                -5.951     0.000    -0.000     5.951     0.000
------------------------------------------------------------------------------
Primary sub-process performed by myReader
--- incoming:
  1        e-      11  (3)   
                                 5.951     0.000    -0.000     5.951     0.000
  2        e+     -11  (3)   
                                -5.951     0.000    -0.000     5.951     0.000
--- intermediates:
  3     gamma      22 [1,2] (4..7)   
                                 0.000     0.000    -0.000    11.901    11.901
--- outgoing:
  4         g      21 [3] (8)  5>>6 {+1,-2}
                                 0.156     1.367     0.550     1.481     0.000
  5         g      21 [3] (9)  7>>4 {+2,-3}
                                -1.445     0.756     0.266     1.653     0.000
  6         g      21 [3] (10)  4>>7 {+4,-1}
                                -3.509    -1.668    -0.042     3.886     0.000
  7         g      21 [3] (15)  6>>5 {+3,-4}
                                 4.798    -0.455    -0.775     4.882     0.000
------------------------------------------------------------------------------
Step 1 performed by myLesHouchesHandler
--- intermediates:
  1        e-      11  (3)   
                                 5.951     0.000    -0.000     5.951     0.000
  2        e+     -11  (3)   
                                -5.951     0.000    -0.000     5.951     0.000
  3     gamma      22 [1,2] (4..7)   
                                 0.000     0.000    -0.000    11.901    11.901
--- final:
  4         g      21 [3] (8)  5>>6 {+1,-2}
                                 0.156     1.367     0.550     1.481     0.000
  5         g      21 [3] (9)  7>>4 {+2,-3}
                                -1.445     0.756     0.266     1.653     0.000
  6         g      21 [3] (10)  4>>7 {+4,-1}
                                -3.509    -1.668    -0.042     3.886     0.000
  7         g      21 [3] (15)  6>>5 {+3,-4}
                                 4.798    -0.455    -0.775     4.882     0.000
------------------------------------------------------------------------------
     Sum of momenta:            -1e-05    -1e-05    -1e-05      11.9      11.9
------------------------------------------------------------------------------
Step 2 performed by ShowerHandler
--- intermediates:
 10         g      21 [6] (11,12)   {+4,-1}
                                -1.925    -0.915    -0.023     5.212     4.757
 12         g      21 [10] (13,14)   {+4,-5}
                                -1.613    -1.335     1.144     3.620     2.722
 15         g      21 [7] (16,17)   {+3,-4}
                                 2.633    -0.250    -0.425     4.125     3.137
--- final:
  8         g      21 [4] (18,19)  9>>11 {+1,-2}
                                 0.086     0.750     0.302     1.250     0.950
  9         g      21 [5] (20,21)  16>>8 {+2,-3}
                                -0.793     0.415     0.146     1.313     0.950
 11         g      21 [10] (22,23)  8>>14 {+5,-1}
                                -0.312     0.420    -1.166     1.593     0.950
 13         g      21 [12] (24,25)  14>>17 {+4,-6}
                                -0.285    -0.676     1.396     1.841     0.950
 14         g      21 [12] (26,27)  11>>13 {+6,-5}
                                -1.328    -0.659    -0.252     1.779     0.950
 16         g      21 [15] (28,29)  17>>9 {+3,-7}
                                 1.135     1.077    -0.535     1.907     0.950
 17         g      21 [15] (30,31)  13>>16 {+7,-4}
                                 1.498    -1.327     0.110     2.218     0.950
------------------------------------------------------------------------------
     Sum of momenta:            -1e-05    -1e-05    -1e-05      11.9      11.9
------------------------------------------------------------------------------
Step 3 performed by ClusterHadHandler
--- intermediates:
 18         d       1 [8] (32)   {+1}
                                -0.062     0.284     0.469     0.640     0.325
 19      dbar      -1 [8] (33)   {-2}
                                 0.148     0.466    -0.167     0.610     0.325
 20         s       3 [9] (33)   {+2}
                                -0.258     0.193    -0.045     0.555     0.450
 21      sbar      -3 [9] (34)   {-3}
                                -0.535     0.222     0.191     0.758     0.450
 22         s       3 [11] (37)   {+5}
                                -0.208     0.333    -0.509     0.785     0.450
 23      sbar      -3 [11] (32)   {-1}
                                -0.104     0.087    -0.657     0.808     0.450
 24         s       3 [13] (35)   {+4}
                                -0.272    -0.266     0.634     0.866     0.450
 25      sbar      -3 [13] (36)   {-6}
                                -0.013    -0.411     0.762     0.975     0.450
 26         u       2 [14] (36)   {+6}
                                -0.648    -0.071    -0.368     0.816     0.325
 27      ubar      -2 [14] (38)   {-5}
                                -0.681    -0.588     0.116     0.963     0.325
 28         u       2 [16] (34)   {+3}
                                 0.739     0.238    -0.319     0.900     0.325
 29      ubar      -2 [16] (37)   {-7}
                                 0.396     0.840    -0.216     1.007     0.325
 30         s       3 [17] (38)   {+7}
                                 0.615    -0.502     0.165     0.928     0.450
 31      sbar      -3 [17] (35)   {-4}
                                 0.883    -0.825    -0.055     1.290     0.450
 32   Cluster      81 [18,23] (47,48)   
                                -0.166     0.371    -0.188     1.448     1.377
 33   Cluster      81 [19,20] (43,44)   
                                -0.110     0.658    -0.212     1.165     0.931
 34   Cluster      81 [21,28] (49,50)   
                                 0.204     0.460    -0.127     1.658     1.575
 35   Cluster      81 [24,31] (45,46)   
                                 0.610    -1.091     0.579     2.156     1.659
 36   Cluster      81 [25,26] (41,42)   
                                -0.660    -0.482     0.394     1.791     1.544
 37   Cluster      81 [22,29] (51,52)   
                                 0.188     1.173    -0.725     1.792     1.129
 38   Cluster      81 [27,30] (39,40)   
                                -0.065    -1.090     0.280     1.891     1.518
--- final:
 39    K*bar0    -313 [38] (53,54)   
                                -0.154    -1.230     0.423     1.632     0.974
 40       pi-    -211 [38]    
                                 0.089     0.139    -0.142     0.259     0.140
 41       pi+     211 [36]    
                                -0.678    -0.254     0.508     0.896     0.140
 42       K*0     313 [36] (55,56)   
                                 0.018    -0.227    -0.114     0.895     0.858
 43       pi+     211 [33]    
                                -0.113     0.608    -0.214     0.669     0.140
 44        K-    -321 [33]    
                                 0.002     0.050     0.002     0.496     0.494
 45     Kbar0    -311 [35] (57)   
                                 0.509    -0.425    -0.120     0.838     0.498
 46       K*0     313 [35] (60,61)   
                                 0.101    -0.665     0.699     1.318     0.892
 47       pi-    -211 [32]    
                                 0.090     0.493     0.109     0.531     0.140
 48       K*+     323 [32] (62,63)   
                                -0.256    -0.121    -0.298     0.917     0.820
 49       phi     333 [34] (67,68)   
                                -0.059     0.250    -0.134     1.061     1.020
 50        K+     321 [34]    
                                 0.263     0.210     0.007     0.598     0.494
 51    K*bar0    -313 [37] (71,72)   
                                 0.064     0.811    -0.447     1.299     0.908
 52       pi-    -211 [37]    
                                 0.124     0.362    -0.279     0.493     0.140
------------------------------------------------------------------------------
     Sum of momenta:            -1e-05    -1e-05    -1e-05      11.9      11.9
------------------------------------------------------------------------------
Step 4 performed by DecayHandler
--- intermediates:
 57      K_S0     310 [45] (58,59)   
                                 0.509    -0.425    -0.120     0.838     0.498
 62        K0     311 [48] (64)   
                                -0.274    -0.123    -0.431     0.723     0.498
 64      K_S0     310 [62] (65,66)   
                                -0.274    -0.123    -0.431     0.723     0.498
 68      K_S0     310 [49] (69,70)   
                                 0.032     0.033    -0.033     0.501     0.498
 71     Kbar0    -311 [51] (73)   
                                -0.039     0.772    -0.574     1.083     0.498
 72       pi0     111 [51] (76,77)   
                                 0.103     0.040     0.127     0.216     0.135
 73      K_S0     310 [71] (74,75)   
                                -0.039     0.772    -0.574     1.083     0.498
--- final:
 40       pi-    -211 [38]    
                                 0.089     0.139    -0.142     0.259     0.140
 41       pi+     211 [36]    
                                -0.678    -0.254     0.508     0.896     0.140
 43       pi+     211 [33]    
                                -0.113     0.608    -0.214     0.669     0.140
 44        K-    -321 [33]    
                                 0.002     0.050     0.002     0.496     0.494
 47       pi-    -211 [32]    
                                 0.090     0.493     0.109     0.531     0.140
 50        K+     321 [34]    
                                 0.263     0.210     0.007     0.598     0.494
 52       pi-    -211 [37]    
                                 0.124     0.362    -0.279     0.493     0.140
 53        K-    -321 [39]    
                                -0.093    -0.211     0.114     0.557     0.494
 54       pi+     211 [39]    
                                -0.062    -1.018     0.308     1.075     0.140
 55        K+     321 [42]    
                                 0.263    -0.181    -0.151     0.607     0.494
 56       pi-    -211 [42]    
                                -0.245    -0.047     0.037     0.288     0.140
 58       pi+     211 [57]    
                                 0.030    -0.005    -0.118     0.185     0.140
 59       pi-    -211 [57]    
                                 0.479    -0.421    -0.002     0.653     0.140
 60        K+     321 [46]    
                                 0.175    -0.108     0.387     0.660     0.494
 61       pi-    -211 [46]    
                                -0.074    -0.557     0.312     0.658     0.140
 63       pi+     211 [48]    
                                 0.018     0.002     0.133     0.194     0.140
 65       pi+     211 [64]    
                                -0.096    -0.265    -0.233     0.391     0.140
 66       pi-    -211 [64]    
                                -0.178     0.142    -0.198     0.332     0.140
 67      K_L0     130 [49]    
                                -0.091     0.217    -0.101     0.560     0.498
 69       pi+     211 [68]    
                                -0.133    -0.059     0.106     0.228     0.140
 70       pi-    -211 [68]    
                                 0.165     0.092    -0.140     0.273     0.140
 74       pi+     211 [73]    
                                -0.199     0.413    -0.185     0.514     0.140
 75       pi-    -211 [73]    
                                 0.160     0.358    -0.389     0.570     0.140
 76     gamma      22 [72]    
                                 0.021     0.033     0.128     0.134     0.000
 77     gamma      22 [72]    
                                 0.082     0.007    -0.001     0.082     0.000
------------------------------------------------------------------------------
     Sum of momenta:            -1e-05    -1e-05    -1e-05      11.9      11.9

The following exception classes were reported in this run:
ThePEG::EventHandler::ConsistencyException warning (1 times)
ThePEG::LesHouchesReader::LesHouchesReopenWarning warning (1 times)
