>>>>>>>>>>>>>>>>>>>>>>>>>>>>>>>>>>>>>>>>>>>>>>>>>>>>>>>>>>>>>>>>>>>>>>>>>>>>>>
>>>> Toolkit for HEP Event Generation - ThePEG 2.2.0 <<<<<<<<<<<<<<<<<<<<<<<<<
>>>> Tue Jun 30 00:51:35 2020                                             <<<<
<<<<<<<<<<<<<<<<<<<<<<<<<<<<<<<<<<<<<<<<<<<<<<<<<<<<<<<<<<<<<<<<<<<<<<<<<<<<<<

>> Herwig 7.2.0 / ThePEG 2.2.0

/Herwig/EventHandlers/NoCuts:
MHat  = 2 .. 22.7562 GeV
Scale = 0 .. 1e+12 GeV2
YHat  = -100 .. 100
X1    = 0 .. 1
X2    = 0 .. 1

* A warning exception of type ThePEG::LesHouchesReader::LesHouchesReopenWarning occurred while generating event number 1: 
Reopening LesHouchesReader 'myReader' after accessing 2 events out of 1
* A warning exception of type ThePEG::EventHandler::ConsistencyException occurred while generating event number 1: 
Event handler 'myLesHouchesHandler' found energy-momentum non-conservation by (-1e-05,-2e-05,-3e-05;2.99992e-05) GeV after generating step number 4.

******************************************************************************
Event number 1 (id: ./OUTPUT/0.95MB1.05/1512366534/TMP/Cluster_HERWIGOutput_27) performed by myLesHouchesHandler
Weight: 1
==============================================================================

--- Colliding particles:
  1        e-      11  (3)   
                                 5.689     0.000     0.000     5.689     0.000
  2        e+     -11  (3)   
                                -5.689     0.000     0.000     5.689     0.000
------------------------------------------------------------------------------
Primary sub-process performed by myReader
--- incoming:
  1        e-      11  (3)   
                                 5.689     0.000     0.000     5.689     0.000
  2        e+     -11  (3)   
                                -5.689     0.000     0.000     5.689     0.000
--- intermediates:
  3     gamma      22 [1,2] (4..8)   
                                -0.000     0.000     0.000    11.378    11.378
--- outgoing:
  4         g      21 [3] (9)  6>>8 {+1,-2}
                                 1.933    -1.927    -3.699     4.597     0.000
  5         g      21 [3] (10)  7>>7 {+3,-4}
                                 0.542    -0.997     0.736     1.352     0.000
  6         g      21 [3] (11)  8>>4 {+2,-5}
                                -1.191     2.525     2.904     4.028     0.000
  7         g      21 [3] (12)  5>>5 {+4,-3}
                                -0.990     0.448     0.131     1.094     0.000
  8         g      21 [3] (13)  4>>6 {+5,-1}
                                -0.294    -0.050    -0.071     0.307     0.000
------------------------------------------------------------------------------
Step 1 performed by myLesHouchesHandler
--- intermediates:
  1        e-      11  (3)   
                                 5.689     0.000     0.000     5.689     0.000
  2        e+     -11  (3)   
                                -5.689     0.000     0.000     5.689     0.000
  3     gamma      22 [1,2] (4..8)   
                                -0.000     0.000     0.000    11.378    11.378
--- final:
  4         g      21 [3] (9)  6>>8 {+1,-2}
                                 1.933    -1.927    -3.699     4.597     0.000
  5         g      21 [3] (10)  7>>7 {+3,-4}
                                 0.542    -0.997     0.736     1.352     0.000
  6         g      21 [3] (11)  8>>4 {+2,-5}
                                -1.191     2.525     2.904     4.028     0.000
  7         g      21 [3] (12)  5>>5 {+4,-3}
                                -0.990     0.448     0.131     1.094     0.000
  8         g      21 [3] (13)  4>>6 {+5,-1}
                                -0.294    -0.050    -0.071     0.307     0.000
------------------------------------------------------------------------------
     Sum of momenta:            -2e-05    -2e-05    -3e-05      11.4      11.4
------------------------------------------------------------------------------
Step 2 performed by ShowerHandler
--- final:
  9         g      21 [4] (14,15)  11>>13 {+1,-2}
                                 1.642    -1.637    -3.144     4.020     0.950
 10         g      21 [5] (16,17)  12>>12 {+3,-4}
                                 0.460    -0.847     0.625     1.491     0.950
 11         g      21 [6] (18,19)  13>>9 {+2,-5}
                                -1.012     2.146     2.468     3.553     0.950
 12         g      21 [7] (20,21)  10>>10 {+4,-3}
                                -0.841     0.381     0.111     1.329     0.950
 13         g      21 [8] (22,23)  9>>11 {+5,-1}
                                -0.250    -0.042    -0.061     0.985     0.950
------------------------------------------------------------------------------
     Sum of momenta:            -2e-05    -2e-05    -3e-05      11.4      11.4
------------------------------------------------------------------------------
Step 3 performed by ClusterHadHandler
--- intermediates:
 14         s       3 [9] (24)   {+1}
                                 0.706    -0.787    -1.666     2.024     0.450
 15      sbar      -3 [9] (27)   {-2}
                                 0.937    -0.850    -1.477     1.996     0.450
 16         d       1 [10] (27)   {+3}
                                 0.231    -0.456    -0.058     0.609     0.325
 17      dbar      -1 [10] (25)   {-4}
                                 0.230    -0.391     0.684     0.882     0.325
 18         d       1 [11] (28)   {+2}
                                -0.825     1.224     1.139     1.893     0.325
 19      dbar      -1 [11] (26)   {-5}
                                -0.187     0.922     1.329     1.660     0.325
 20         u       2 [12] (25)   {+4}
                                -0.373     0.528    -0.031     0.724     0.325
 21      ubar      -2 [12] (28)   {-3}
                                -0.468    -0.147     0.142     0.605     0.325
 22         s       3 [13] (26)   {+5}
                                -0.077    -0.003     0.115     0.471     0.450
 23      sbar      -3 [13] (24)   {-1}
                                -0.173    -0.039    -0.175     0.514     0.450
 24   Cluster      81 [14,23] (31,32)   
                                 0.533    -0.826    -1.842     2.538     1.444
 25   Cluster      81 [17,20] (37,38)   
                                -0.143     0.137     0.653     1.606     1.454
 26   Cluster      81 [19,22] (35,36)   
                                -0.264     0.919     1.443     2.131     1.242
 27   Cluster      81 [15,16] (29,30)   
                                 1.167    -1.307    -1.535     2.605     1.165
 28   Cluster      81 [18,21] (33,34)   
                                -1.293     1.077     1.281     2.498     1.329
--- final:
 29       pi0     111 [27] (39,40)   
                                 0.582    -0.760    -1.322     1.638     0.135
 30        K0     311 [27] (41)   
                                 0.585    -0.547    -0.213     0.967     0.498
 31    K*bar0    -313 [24] (42,43)   
                                 0.325    -0.550    -1.201     1.657     0.946
 32        K0     311 [24] (47)   
                                 0.208    -0.277    -0.641     0.882     0.498
 33       pi0     111 [28] (48,49)   
                                -0.033    -0.136    -0.140     0.240     0.135
 34       pi-    -211 [28]    
                                -1.260     1.213     1.421     2.258     0.140
 35       pi+     211 [26]    
                                -0.235     1.007     0.801     1.315     0.140
 36        K-    -321 [26]    
                                -0.029    -0.088     0.642     0.815     0.494
 37       pi+     211 [25]    
                                -0.018     0.329     0.686     0.774     0.140
 38     omega     223 [25] (50,51)   
                                -0.125    -0.192    -0.033     0.832     0.799
------------------------------------------------------------------------------
     Sum of momenta:            -2e-05    -2e-05    -3e-05      11.4      11.4
------------------------------------------------------------------------------
Step 4 performed by DecayHandler
--- intermediates:
 42     Kbar0    -311 [31] (44)   
                                 0.183     0.011    -0.710     0.886     0.498
 43       pi0     111 [31] (45,46)   
                                 0.142    -0.560    -0.492     0.771     0.135
 51       pi0     111 [38] (52,53)   
                                -0.189    -0.076    -0.385     0.456     0.135
--- final:
 34       pi-    -211 [28]    
                                -1.260     1.213     1.421     2.258     0.140
 35       pi+     211 [26]    
                                -0.235     1.007     0.801     1.315     0.140
 36        K-    -321 [26]    
                                -0.029    -0.088     0.642     0.815     0.494
 37       pi+     211 [25]    
                                -0.018     0.329     0.686     0.774     0.140
 39     gamma      22 [29]    
                                 0.246    -0.332    -0.460     0.618     0.000
 40     gamma      22 [29]    
                                 0.336    -0.428    -0.862     1.020     0.000
 41      K_L0     130 [30]    
                                 0.585    -0.547    -0.213     0.967     0.498
 44      K_L0     130 [42]    
                                 0.183     0.011    -0.710     0.886     0.498
 45     gamma      22 [43]    
                                 0.141    -0.317    -0.327     0.477     0.000
 46     gamma      22 [43]    
                                 0.000    -0.244    -0.165     0.294     0.000
 47      K_L0     130 [32]    
                                 0.208    -0.277    -0.641     0.882     0.498
 48     gamma      22 [33]    
                                -0.023    -0.024    -0.122     0.126     0.000
 49     gamma      22 [33]    
                                -0.010    -0.112    -0.019     0.114     0.000
 50     gamma      22 [38]    
                                 0.064    -0.116     0.352     0.376     0.000
 52     gamma      22 [51]    
                                -0.070    -0.011    -0.267     0.277     0.000
 53     gamma      22 [51]    
                                -0.119    -0.065    -0.118     0.180     0.000
------------------------------------------------------------------------------
     Sum of momenta:            -2e-05    -2e-05    -3e-05      11.4      11.4

The following exception classes were reported in this run:
ThePEG::EventHandler::ConsistencyException warning (1 times)
ThePEG::LesHouchesReader::LesHouchesReopenWarning warning (1 times)
