>>>>>>>>>>>>>>>>>>>>>>>>>>>>>>>>>>>>>>>>>>>>>>>>>>>>>>>>>>>>>>>>>>>>>>>>>>>>>>
>>>> Toolkit for HEP Event Generation - ThePEG 2.2.0 <<<<<<<<<<<<<<<<<<<<<<<<<
>>>> Tue Jun 30 00:40:03 2020                                             <<<<
<<<<<<<<<<<<<<<<<<<<<<<<<<<<<<<<<<<<<<<<<<<<<<<<<<<<<<<<<<<<<<<<<<<<<<<<<<<<<<

>> Herwig 7.2.0 / ThePEG 2.2.0

/Herwig/EventHandlers/NoCuts:
MHat  = 2 .. 38.9292 GeV
Scale = 0 .. 1e+12 GeV2
YHat  = -100 .. 100
X1    = 0 .. 1
X2    = 0 .. 1

* A warning exception of type ThePEG::LesHouchesReader::LesHouchesReopenWarning occurred while generating event number 1: 
Reopening LesHouchesReader 'myReader' after accessing 2 events out of 1
* A warning exception of type ThePEG::EventHandler::ConsistencyException occurred while generating event number 1: 
Event handler 'myLesHouchesHandler' found energy-momentum non-conservation by (-1e-05,-2e-05,-3e-05;2.99988e-05) GeV after generating step number 4.

******************************************************************************
Event number 1 (id: ./OUTPUT/0.95MB1.05/1512972536/TMP/Cluster_HERWIGOutput_30) performed by myLesHouchesHandler
Weight: 1
==============================================================================

--- Colliding particles:
  1        e-      11  (3)   
                                 9.732     0.000     0.000     9.732     0.000
  2        e+     -11  (3)   
                                -9.732     0.000     0.000     9.732     0.000
------------------------------------------------------------------------------
Primary sub-process performed by myReader
--- incoming:
  1        e-      11  (3)   
                                 9.732     0.000     0.000     9.732     0.000
  2        e+     -11  (3)   
                                -9.732     0.000     0.000     9.732     0.000
--- intermediates:
  3     gamma      22 [1,2] (4..8)   
                                 0.000     0.000     0.000    19.465    19.465
--- outgoing:
  4         g      21 [3] (9)  8>>5 {+1,-2}
                                 1.225     0.419     3.072     3.333     0.000
  5         g      21 [3] (10)  4>>6 {+3,-1}
                                -0.956    -1.541     2.119     2.789     0.000
  6         g      21 [3] (11)  5>>7 {+4,-3}
                                -1.285    -0.580     1.255     1.888     0.000
  7         g      21 [3] (12)  6>>8 {+5,-4}
                                 2.652     2.878    -8.003     8.909     0.000
  8         g      21 [3] (15)  7>>4 {+2,-5}
                                -1.635    -1.176     1.557     2.545     0.000
------------------------------------------------------------------------------
Step 1 performed by myLesHouchesHandler
--- intermediates:
  1        e-      11  (3)   
                                 9.732     0.000     0.000     9.732     0.000
  2        e+     -11  (3)   
                                -9.732     0.000     0.000     9.732     0.000
  3     gamma      22 [1,2] (4..8)   
                                 0.000     0.000     0.000    19.465    19.465
--- final:
  4         g      21 [3] (9)  8>>5 {+1,-2}
                                 1.225     0.419     3.072     3.333     0.000
  5         g      21 [3] (10)  4>>6 {+3,-1}
                                -0.956    -1.541     2.119     2.789     0.000
  6         g      21 [3] (11)  5>>7 {+4,-3}
                                -1.285    -0.580     1.255     1.888     0.000
  7         g      21 [3] (12)  6>>8 {+5,-4}
                                 2.652     2.878    -8.003     8.909     0.000
  8         g      21 [3] (15)  7>>4 {+2,-5}
                                -1.635    -1.176     1.557     2.545     0.000
------------------------------------------------------------------------------
     Sum of momenta:            -1e-05    -2e-05    -3e-05      19.5      19.5
------------------------------------------------------------------------------
Step 2 performed by ShowerHandler
--- intermediates:
 12         g      21 [7] (13,14)   {+5,-4}
                                 2.466     2.676    -7.442     8.914     3.291
--- final:
  9         g      21 [4] (16,17)  15>>10 {+1,-2}
                                 1.139     0.390     2.856     3.242     0.950
 10         g      21 [5] (18,19)  9>>11 {+3,-1}
                                -0.889    -1.433     1.971     2.762     0.950
 11         g      21 [6] (20,21)  10>>14 {+4,-3}
                                -1.195    -0.540     1.167     1.996     0.950
 13         g      21 [12] (24,25)  14>>15 {+5,-6}
                                 0.472     1.801    -1.682     2.682     0.950
 14         g      21 [12] (26,27)  11>>13 {+6,-4}
                                 1.994     0.875    -5.761     6.231     0.950
 15         g      21 [8] (22,23)  13>>9 {+2,-5}
                                -1.520    -1.094     1.448     2.550     0.950
------------------------------------------------------------------------------
     Sum of momenta:            -1e-05    -2e-05    -3e-05      19.5      19.5
------------------------------------------------------------------------------
Step 3 performed by ClusterHadHandler
--- intermediates:
 16         d       1 [9] (28)   {+1}
                                 0.581     0.476     2.038     2.196     0.325
 17      dbar      -1 [9] (32)   {-2}
                                 0.558    -0.086     0.818     1.046     0.325
 18         s       3 [10] (32)   {+3}
                                -0.504    -0.869     0.948     1.453     0.450
 19      sbar      -3 [10] (28)   {-1}
                                -0.385    -0.564     1.023     1.309     0.450
 20         u       2 [11] (29)   {+4}
                                -0.425    -0.293     0.895     1.083     0.325
 21      ubar      -2 [11] (33)   {-3}
                                -0.770    -0.246     0.272     0.913     0.325
 22         u       2 [15] (33)   {+2}
                                -1.289    -0.768     0.826     1.744     0.325
 23      ubar      -2 [15] (30)   {-5}
                                -0.231    -0.325     0.621     0.807     0.325
 24         s       3 [13] (30)   {+5}
                                 0.209     0.784    -0.573     1.090     0.450
 25      sbar      -3 [13] (31)   {-6}
                                 0.262     1.017    -1.109     1.592     0.450
 26         u       2 [14] (31)   {+6}
                                 1.761     0.663    -4.372     4.771     0.325
 27      ubar      -2 [14] (29)   {-4}
                                 0.233     0.212    -1.388     1.460     0.325
 28   Cluster      81 [16,19] (38,39)   
                                 0.196    -0.088     3.061     3.506     1.695
 29   Cluster      81 [20,27] (36,37)   
                                -0.192    -0.081    -0.493     2.544     2.487
 30   Cluster      81 [23,24] (44,45)   
                                -0.022     0.458     0.048     1.897     1.840
 31   Cluster      81 [25,26] (42,43)   
                                 2.023     1.680    -5.481     6.363     1.880
 32   Cluster      81 [17,18] (40,41)   
                                 0.054    -0.955     1.766     2.498     1.486
 33   Cluster      81 [21,22] (34,35)   
                                -2.059    -1.015     1.099     2.657     0.762
--- final:
 34       pi0     111 [33] (46,47)   
                                -0.920    -0.843     0.494     1.349     0.135
 35       pi0     111 [33] (48,49)   
                                -1.139    -0.172     0.605     1.308     0.135
 36    Delta0    2114 [29] (50,51)   
                                -0.677    -0.248    -0.621     1.466     1.115
 37     nbar0   -2112 [29]    
                                 0.485     0.167     0.128     1.078     0.940
 38       pi0     111 [28] (52,53)   
                                -0.049    -0.212     0.790     0.831     0.135
 39      K'*0  100313 [28] (54,55)   
                                 0.245     0.124     2.270     2.675     1.387
 40     Kbar0    -311 [32] (60)   
                                 0.100    -0.860     1.089     1.477     0.498
 41     omega     223 [32] (61,62)   
                                -0.046    -0.095     0.678     1.021     0.757
 42     K*_20     315 [31] (67,68)   
                                 1.181     0.916    -3.269     3.872     1.440
 43       pi+     211 [31]    
                                 0.843     0.764    -2.212     2.492     0.140
 44      rho-    -213 [30] (73,74)   
                                 0.387     0.403    -0.161     0.967     0.773
 45    K*bar0    -313 [30] (77,78)   
                                -0.409     0.055     0.209     0.930     0.806
------------------------------------------------------------------------------
     Sum of momenta:            -1e-05    -2e-05    -3e-05      19.5      19.5
------------------------------------------------------------------------------
Step 4 performed by DecayHandler
--- intermediates:
 54       K*0     313 [39] (56,57)   
                                -0.230     0.114     1.016     1.327     0.814
 55       pi0     111 [39] (58,59)   
                                 0.474     0.010     1.254     1.348     0.135
 61      rho0     113 [41] (63,64)   
                                 0.045    -0.133     0.436     0.728     0.565
 62       pi0     111 [41] (65,66)   
                                -0.091     0.038     0.242     0.294     0.135
 67      rho-    -213 [42] (69,70)   
                                 0.685     0.580    -2.578     2.833     0.757
 69       pi0     111 [67] (71,72)   
                                 0.225     0.631    -1.661     1.796     0.135
 73       pi0     111 [44] (75,76)   
                                -0.015    -0.157     0.081     0.223     0.135
 77     Kbar0    -311 [45] (79)   
                                -0.498     0.091     0.260     0.756     0.498
 78       pi0     111 [45] (80,81)   
                                 0.089    -0.036    -0.051     0.173     0.135
--- final:
 37     nbar0   -2112 [29]    
                                 0.485     0.167     0.128     1.078     0.940
 43       pi+     211 [31]    
                                 0.843     0.764    -2.212     2.492     0.140
 46     gamma      22 [34]    
                                -0.409    -0.378     0.149     0.577     0.000
 47     gamma      22 [34]    
                                -0.511    -0.464     0.345     0.772     0.000
 48     gamma      22 [35]    
                                -0.513    -0.030     0.323     0.607     0.000
 49     gamma      22 [35]    
                                -0.626    -0.142     0.282     0.701     0.000
 50        p+    2212 [36]    
                                -0.619    -0.250    -0.447     1.235     0.938
 51       pi-    -211 [36]    
                                -0.058     0.002    -0.174     0.230     0.140
 52     gamma      22 [38]    
                                 0.034    -0.141     0.407     0.432     0.000
 53     gamma      22 [38]    
                                -0.083    -0.070     0.383     0.398     0.000
 56        K+     321 [54]    
                                -0.167     0.299     0.619     0.863     0.494
 57       pi-    -211 [54]    
                                -0.063    -0.185     0.398     0.465     0.140
 58     gamma      22 [55]    
                                 0.361    -0.048     0.980     1.045     0.000
 59     gamma      22 [55]    
                                 0.114     0.058     0.274     0.302     0.000
 60      K_L0     130 [40]    
                                 0.100    -0.860     1.089     1.477     0.498
 63       pi+     211 [61]    
                                 0.160    -0.224     0.424     0.525     0.140
 64       pi-    -211 [61]    
                                -0.115     0.091     0.012     0.203     0.140
 65     gamma      22 [62]    
                                 0.028     0.022     0.017     0.039     0.000
 66     gamma      22 [62]    
                                -0.119     0.016     0.224     0.254     0.000
 68        K+     321 [42]    
                                 0.496     0.336    -0.690     1.039     0.494
 70       pi-    -211 [67]    
                                 0.460    -0.051    -0.917     1.037     0.140
 71     gamma      22 [69]    
                                -0.016     0.066    -0.199     0.210     0.000
 72     gamma      22 [69]    
                                 0.241     0.565    -1.462     1.586     0.000
 74       pi-    -211 [44]    
                                 0.402     0.560    -0.243     0.744     0.140
 75     gamma      22 [73]    
                                -0.068    -0.132     0.047     0.156     0.000
 76     gamma      22 [73]    
                                 0.052    -0.025     0.034     0.067     0.000
 79      K_L0     130 [77]    
                                -0.498     0.091     0.260     0.756     0.498
 80     gamma      22 [78]    
                                 0.013     0.028    -0.066     0.073     0.000
 81     gamma      22 [78]    
                                 0.076    -0.064     0.015     0.101     0.000
------------------------------------------------------------------------------
     Sum of momenta:            -1e-05    -2e-05    -3e-05      19.5      19.5

The following exception classes were reported in this run:
ThePEG::EventHandler::ConsistencyException warning (1 times)
ThePEG::LesHouchesReader::LesHouchesReopenWarning warning (1 times)
