>>>>>>>>>>>>>>>>>>>>>>>>>>>>>>>>>>>>>>>>>>>>>>>>>>>>>>>>>>>>>>>>>>>>>>>>>>>>>>
>>>> Toolkit for HEP Event Generation - ThePEG 2.2.0 <<<<<<<<<<<<<<<<<<<<<<<<<
>>>> Tue Jun 30 00:53:19 2020                                             <<<<
<<<<<<<<<<<<<<<<<<<<<<<<<<<<<<<<<<<<<<<<<<<<<<<<<<<<<<<<<<<<<<<<<<<<<<<<<<<<<<

>> Herwig 7.2.0 / ThePEG 2.2.0

/Herwig/EventHandlers/NoCuts:
MHat  = 2 .. 67.4089 GeV
Scale = 0 .. 1e+12 GeV2
YHat  = -100 .. 100
X1    = 0 .. 1
X2    = 0 .. 1

* A warning exception of type ThePEG::LesHouchesReader::LesHouchesReopenWarning occurred while generating event number 1: 
Reopening LesHouchesReader 'myReader' after accessing 2 events out of 1
* A warning exception of type ThePEG::EventHandler::ConsistencyException occurred while generating event number 1: 
Event handler 'myLesHouchesHandler' found energy-momentum non-conservation by (-3e-05,-3e-05,-3e-05;1.99987e-05) GeV after generating step number 4.

******************************************************************************
Event number 1 (id: ./OUTPUT/0.95MB1.05/1511395746/TMP/Cluster_HERWIGOutput_31) performed by myLesHouchesHandler
Weight: 1
==============================================================================

--- Colliding particles:
  1        e-      11  (3)   
                                16.852     0.000     0.000    16.852     0.000
  2        e+     -11  (3)   
                               -16.852     0.000     0.000    16.852     0.000
------------------------------------------------------------------------------
Primary sub-process performed by myReader
--- incoming:
  1        e-      11  (3)   
                                16.852     0.000     0.000    16.852     0.000
  2        e+     -11  (3)   
                               -16.852     0.000     0.000    16.852     0.000
--- intermediates:
  3     gamma      22 [1,2] (4..9)   
                                -0.000     0.000    -0.000    33.704    33.704
--- outgoing:
  4         g      21 [3] (10)  5>>9 {+1,-2}
                                -5.487     0.346    -2.820     6.179     0.000
  5         g      21 [3] (13)  7>>4 {+2,-3}
                                -2.638    -1.026    -5.000     5.745     0.000
  6         g      21 [3] (14)  8>>7 {+4,-5}
                                 6.483     0.069    -1.960     6.773     0.000
  7         g      21 [3] (19)  6>>5 {+3,-4}
                                -1.534    -0.380     1.707     2.326     0.000
  8         g      21 [3] (20)  9>>6 {+5,-6}
                                 1.228     3.355     8.830     9.525     0.000
  9         g      21 [3] (23)  4>>8 {+6,-1}
                                 1.948    -2.364    -0.757     3.155     0.000
------------------------------------------------------------------------------
Step 1 performed by myLesHouchesHandler
--- intermediates:
  1        e-      11  (3)   
                                16.852     0.000     0.000    16.852     0.000
  2        e+     -11  (3)   
                               -16.852     0.000     0.000    16.852     0.000
  3     gamma      22 [1,2] (4..9)   
                                -0.000     0.000    -0.000    33.704    33.704
--- final:
  4         g      21 [3] (10)  5>>9 {+1,-2}
                                -5.487     0.346    -2.820     6.179     0.000
  5         g      21 [3] (13)  7>>4 {+2,-3}
                                -2.638    -1.026    -5.000     5.745     0.000
  6         g      21 [3] (14)  8>>7 {+4,-5}
                                 6.483     0.069    -1.960     6.773     0.000
  7         g      21 [3] (19)  6>>5 {+3,-4}
                                -1.534    -0.380     1.707     2.326     0.000
  8         g      21 [3] (20)  9>>6 {+5,-6}
                                 1.228     3.355     8.830     9.525     0.000
  9         g      21 [3] (23)  4>>8 {+6,-1}
                                 1.948    -2.364    -0.757     3.155     0.000
------------------------------------------------------------------------------
     Sum of momenta:            -4e-05    -3e-05    -3e-05      33.7      33.7
------------------------------------------------------------------------------
Step 2 performed by ShowerHandler
--- intermediates:
 10         g      21 [4] (11,12)   {+1,-2}
                                -4.329     0.273    -2.225     6.087     3.645
 14         g      21 [6] (15,16)   {+4,-5}
                                 5.115     0.055    -1.546     8.885     7.098
 16         g      21 [14] (17,18)   {+4,-7}
                                 6.111     0.092    -0.366     7.071     3.539
 20         g      21 [8] (21,22)   {+5,-6}
                                 0.969     2.647     6.967     9.370     5.595
--- final:
 11         g      21 [10] (30,31)  12>>23 {+1,-8}
                                -0.791    -0.070    -2.060     2.404     0.950
 12         g      21 [10] (32,33)  13>>11 {+8,-2}
                                -3.538     0.343    -0.165     3.683     0.950
 13         g      21 [5] (24,25)  19>>12 {+2,-3}
                                -2.081    -0.809    -3.945     4.632     0.950
 15         g      21 [14] (38,39)  21>>18 {+7,-5}
                                -0.996    -0.037    -1.181     1.814     0.950
 17         g      21 [16] (40,41)  18>>19 {+4,-9}
                                 0.971    -0.932     0.387     1.692     0.950
 18         g      21 [16] (42,43)  15>>17 {+9,-7}
                                 5.140     1.024    -0.753     5.379     0.950
 19         g      21 [7] (26,27)  17>>13 {+3,-4}
                                -1.210    -0.300     1.347     2.067     0.950
 21         g      21 [20] (34,35)  22>>15 {+5,-10}
                                 1.147    -1.432     2.102     2.948     0.950
 22         g      21 [20] (36,37)  23>>21 {+10,-6}
                                -0.179     4.079     4.865     6.422     0.950
 23         g      21 [9] (28,29)  11>>22 {+6,-1}
                                 1.537    -1.865    -0.597     2.665     0.950
------------------------------------------------------------------------------
     Sum of momenta:            -4e-05    -3e-05    -3e-05      33.7      33.7
------------------------------------------------------------------------------
Step 3 performed by ClusterHadHandler
--- intermediates:
 24         u       2 [13] (48)   {+2}
                                -0.774    -0.637    -1.983     2.246     0.325
 25      ubar      -2 [13] (47)   {-3}
                                -1.307    -0.173    -1.962     2.386     0.325
 26         d       1 [19] (46)   {+3}
                                -0.720    -0.157     1.198     1.443     0.325
 27      dbar      -1 [19] (51)   {-4}
                                -0.490    -0.143     0.149     0.623     0.325
 28         u       2 [23] (48)   {+6}
                                 1.297    -1.108    -0.347     1.770     0.325
 29      ubar      -2 [23] (50)   {-1}
                                 0.240    -0.757    -0.251     0.894     0.325
 30         d       1 [11] (51)   {+1}
                                 0.037    -0.115    -0.547     0.648     0.325
 31      dbar      -1 [11] (47)   {-8}
                                -0.828     0.045    -1.513     1.756     0.325
 32         s       3 [12] (46)   {+8}
                                -2.114     0.324    -0.075     2.186     0.450
 33      sbar      -3 [12] (49)   {-2}
                                -1.425     0.019    -0.090     1.497     0.450
 34         u       2 [21] (46)   {+5}
                                 0.721    -0.363     0.877     1.235     0.325
 35      ubar      -2 [21] (49)   {-10}
                                 0.426    -1.070     1.225     1.712     0.325
 36         d       1 [22] (45)   {+10}
                                 0.202     2.503     2.768     3.751     0.325
 37      dbar      -1 [22] (49)   {-6}
                                -0.381     1.577     2.097     2.671     0.325
 38         u       2 [15] (48)   {+7}
                                -0.189    -0.053    -0.755     0.845     0.325
 39      ubar      -2 [15] (47)   {-5}
                                -0.807     0.016    -0.426     0.969     0.325
 40         d       1 [17] (50)   {+4}
                                 0.652    -0.923     0.384     1.237     0.325
 41      dbar      -1 [17] (44)   {-9}
                                 0.319    -0.009     0.003     0.455     0.325
 42         u       2 [18] (44)   {+9}
                                 3.580     0.476    -0.702     3.694     0.325
 43      ubar      -2 [18] (45)   {-7}
                                 1.559     0.549    -0.051     1.685     0.325
 44   Cluster      81 [41,42] (62,63)   
                                 3.899     0.466    -0.699     4.149     1.142
 45   Cluster      81 [36,43] (60,61)   
                                 1.761     3.051     2.717     5.436     3.125
 46   Cluster      81 [26,32,34] (54)   
                                -2.113    -0.195     2.000     4.865     3.894
 47   Cluster      81 [25,31,39] (52)   
                                -2.943    -0.112    -3.901     5.111     1.494
 48   Cluster      81 [24,28,38] (55)   
                                 0.334    -1.798    -3.084     4.861     3.282
 49   Cluster      81 [33,35,37] (53)   
                                -1.379     0.526     3.232     5.880     4.685
 50   Cluster      81 [29,40] (66,67)   
                                 0.893    -1.680     0.134     2.131     0.951
 51   Cluster      81 [27,30] (64,65)   
                                -0.453    -0.258    -0.398     1.271     1.089
 52   Cluster      81 [47] (68,69)   
                                -2.943    -0.112    -3.901     5.111     1.494
 53   Cluster      81 [49] (58,59)   
                                -1.379     0.526     3.232     5.880     4.685
 54   Cluster      81 [46] (56,57)   
                                -2.113    -0.195     2.000     4.865     3.894
 55   Cluster      81 [48] (70,71)   
                                 0.334    -1.798    -3.084     4.861     3.282
 56   Cluster      81 [54] (72,73)   
                                -1.861     0.228     0.162     2.219     1.175
 57   Cluster      81 [54] (74,75)   
                                -0.252    -0.424     1.838     2.646     1.838
 58   Cluster      81 [53] (76,77)   
                                -0.491     1.790     2.500     3.268     0.993
 59   Cluster      81 [53] (78,79)   
                                -0.887    -1.264     0.732     2.612     1.975
--- final:
 60    rho''-  -30213 [45] (80,81)   
                                 1.309     1.651     1.377     3.043     1.711
 61 eta(1295)  100221 [45] (88,89)   
                                 0.453     1.400     1.340     2.393     1.329
 62       pi+     211 [44]    
                                 0.019    -0.004     0.002     0.141     0.140
 63       eta     221 [44] (97,98)   
                                 3.880     0.470    -0.701     4.008     0.548
 64       pi-    -211 [51]    
                                -0.107    -0.195     0.036     0.265     0.140
 65      rho+     213 [51] (99,100)   
                                -0.345    -0.063    -0.434     1.006     0.837
 66      rho-    -213 [50] (103,104)   
                                 0.359    -0.865     0.043     1.144     0.655
 67       pi0     111 [50] (107,108)   
                                 0.533    -0.815     0.090     0.988     0.135
 68       pi0     111 [52] (109,110)   
                                -0.611     0.164    -1.458     1.595     0.135
 69     pbar-   -2212 [52]    
                                -2.331    -0.276    -2.442     3.515     0.938
 70      eta'     331 [55] (111..113)   
                                 0.262    -1.169    -3.087     3.447     0.958
 71   Delta++    2224 [55] (114,115)   
                                 0.072    -0.629     0.002     1.414     1.264
 72    K*bar0    -313 [56] (116,117)   
                                -1.412     0.175    -0.107     1.675     0.877
 73       pi-    -211 [56]    
                                -0.449     0.054     0.269     0.544     0.140
 74        n0    2112 [57]    
                                -0.162     0.144     0.937     1.344     0.940
 75      rho+     213 [57] (118,119)   
                                -0.090    -0.567     0.902     1.302     0.743
 76      rho+     213 [58] (122,123)   
                                -0.472     1.504     2.191     2.826     0.836
 77       pi0     111 [58] (126,127)   
                                -0.019     0.286     0.309     0.443     0.135
 78Lambdabar0   -3122 [59] (128,129)   
                                -1.168    -1.237     0.269     2.052     1.116
 79       pi-    -211 [59]    
                                 0.281    -0.026     0.463     0.559     0.140
------------------------------------------------------------------------------
     Sum of momenta:            -4e-05    -3e-05    -3e-05      33.7      33.7
------------------------------------------------------------------------------
Step 4 performed by DecayHandler
--- intermediates:
 80      rho-    -213 [60] (82,83)   
                                 0.315     0.190     0.333     0.860     0.702
 81      rho0     113 [60] (86,87)   
                                 0.993     1.461     1.044     2.184     0.747
 82       pi0     111 [80] (84,85)   
                                -0.108    -0.152     0.087     0.246     0.135
 88     sigma 9000221 [61] (90,91)   
                                 0.242     0.702     0.260     0.980     0.584
 89       eta     221 [61] (92..94)   
                                 0.211     0.698     1.079     1.413     0.548
 94       pi0     111 [89] (95,96)   
                                 0.177     0.266     0.494     0.604     0.135
 99       pi0     111 [65] (101,102)   
                                -0.197    -0.273    -0.576     0.681     0.135
103       pi0     111 [66] (105,106)   
                                 0.421    -0.689     0.224     0.849     0.135
118       pi0     111 [75] (120,121)   
                                -0.312    -0.584     0.616     0.914     0.135
122       pi0     111 [76] (124,125)   
                                -0.175     0.430     0.168     0.512     0.135
--- final:
 62       pi+     211 [44]    
                                 0.019    -0.004     0.002     0.141     0.140
 64       pi-    -211 [51]    
                                -0.107    -0.195     0.036     0.265     0.140
 69     pbar-   -2212 [52]    
                                -2.331    -0.276    -2.442     3.515     0.938
 73       pi-    -211 [56]    
                                -0.449     0.054     0.269     0.544     0.140
 74        n0    2112 [57]    
                                -0.162     0.144     0.937     1.344     0.940
 79       pi-    -211 [59]    
                                 0.281    -0.026     0.463     0.559     0.140
 83       pi-    -211 [80]    
                                 0.423     0.342     0.246     0.614     0.140
 84     gamma      22 [82]    
                                -0.038    -0.146     0.091     0.176     0.000
 85     gamma      22 [82]    
                                -0.070    -0.006    -0.004     0.070     0.000
 86       pi+     211 [81]    
                                 0.848     0.700     0.773     1.351     0.140
 87       pi-    -211 [81]    
                                 0.146     0.761     0.271     0.833     0.140
 90       pi+     211 [88]    
                                 0.147     0.389    -0.125     0.456     0.140
 91       pi-    -211 [88]    
                                 0.095     0.314     0.385     0.525     0.140
 92       pi+     211 [89]    
                                -0.044     0.076     0.131     0.211     0.140
 93       pi-    -211 [89]    
                                 0.077     0.356     0.454     0.599     0.140
 95     gamma      22 [94]    
                                 0.141     0.119     0.344     0.390     0.000
 96     gamma      22 [94]    
                                 0.036     0.147     0.150     0.213     0.000
 97     gamma      22 [63]    
                                 1.977     0.417    -0.574     2.100     0.000
 98     gamma      22 [63]    
                                 1.903     0.053    -0.127     1.908     0.000
100       pi+     211 [65]    
                                -0.149     0.210     0.141     0.325     0.140
101     gamma      22 [99]    
                                -0.098    -0.055    -0.112     0.158     0.000
102     gamma      22 [99]    
                                -0.099    -0.218    -0.464     0.522     0.000
104       pi-    -211 [66]    
                                -0.062    -0.175    -0.181     0.294     0.140
105     gamma      22 [103]    
                                 0.056    -0.158     0.091     0.191     0.000
106     gamma      22 [103]    
                                 0.365    -0.531     0.133     0.658     0.000
107     gamma      22 [67]    
                                 0.319    -0.364     0.046     0.486     0.000
108     gamma      22 [67]    
                                 0.214    -0.451     0.044     0.502     0.000
109     gamma      22 [68]    
                                -0.246    -0.002    -0.559     0.611     0.000
110     gamma      22 [68]    
                                -0.365     0.166    -0.899     0.984     0.000
111       pi+     211 [70]    
                                 0.483    -0.482    -1.976     2.095     0.140
112       pi-    -211 [70]    
                                -0.172    -0.272    -0.554     0.656     0.140
113     gamma      22 [70]    
                                -0.049    -0.414    -0.557     0.696     0.000
114        p+    2212 [71]    
                                 0.248    -0.631     0.114     1.163     0.938
115       pi+     211 [71]    
                                -0.176     0.002    -0.112     0.251     0.140
116        K-    -321 [72]    
                                -0.712     0.351    -0.032     0.936     0.494
117       pi+     211 [72]    
                                -0.700    -0.177    -0.075     0.739     0.140
119       pi+     211 [75]    
                                 0.221     0.017     0.285     0.388     0.140
120     gamma      22 [118]    
                                -0.226    -0.423     0.524     0.710     0.000
121     gamma      22 [118]    
                                -0.085    -0.160     0.093     0.204     0.000
123       pi+     211 [76]    
                                -0.297     1.073     2.023     2.313     0.140
124     gamma      22 [122]    
                                -0.003    -0.001     0.026     0.027     0.000
125     gamma      22 [122]    
                                -0.172     0.432     0.142     0.486     0.000
126     gamma      22 [77]    
                                 0.021     0.102     0.035     0.110     0.000
127     gamma      22 [77]    
                                -0.041     0.184     0.274     0.333     0.000
128     pbar-   -2212 [78]    
                                -1.055    -0.972     0.220     1.729     0.938
129       pi+     211 [78]    
                                -0.113    -0.265     0.049     0.324     0.140
------------------------------------------------------------------------------
     Sum of momenta:            -4e-05    -3e-05    -3e-05      33.7      33.7

The following exception classes were reported in this run:
ThePEG::EventHandler::ConsistencyException warning (1 times)
ThePEG::LesHouchesReader::LesHouchesReopenWarning warning (1 times)
