>>>>>>>>>>>>>>>>>>>>>>>>>>>>>>>>>>>>>>>>>>>>>>>>>>>>>>>>>>>>>>>>>>>>>>>>>>>>>>
>>>> Toolkit for HEP Event Generation - ThePEG 2.2.0 <<<<<<<<<<<<<<<<<<<<<<<<<
>>>> Tue Jun 30 00:40:48 2020                                             <<<<
<<<<<<<<<<<<<<<<<<<<<<<<<<<<<<<<<<<<<<<<<<<<<<<<<<<<<<<<<<<<<<<<<<<<<<<<<<<<<<

>> Herwig 7.2.0 / ThePEG 2.2.0

/Herwig/EventHandlers/NoCuts:
MHat  = 2 .. 104.738 GeV
Scale = 0 .. 1e+12 GeV2
YHat  = -100 .. 100
X1    = 0 .. 1
X2    = 0 .. 1

* A warning exception of type ThePEG::LesHouchesReader::LesHouchesReopenWarning occurred while generating event number 1: 
Reopening LesHouchesReader 'myReader' after accessing 2 events out of 1
* A warning exception of type ThePEG::EventHandler::ConsistencyException occurred while generating event number 1: 
Event handler 'myLesHouchesHandler' found energy-momentum non-conservation by (-1.8e-05,-3e-05,-3e-05;1.79982e-05) GeV after generating step number 4.

******************************************************************************
Event number 1 (id: ./OUTPUT/0.95MB1.05/1513512538/TMP/Cluster_HERWIGOutput_31) performed by myLesHouchesHandler
Weight: 1
==============================================================================

--- Colliding particles:
  1        e-      11  (3)   
                                26.185     0.000     0.000    26.185     0.000
  2        e+     -11  (3)   
                               -26.185     0.000    -0.000    26.185     0.000
------------------------------------------------------------------------------
Primary sub-process performed by myReader
--- incoming:
  1        e-      11  (3)   
                                26.185     0.000     0.000    26.185     0.000
  2        e+     -11  (3)   
                               -26.185     0.000    -0.000    26.185     0.000
--- intermediates:
  3     gamma      22 [1,2] (4..9)   
                                -0.000     0.000    -0.000    52.369    52.369
--- outgoing:
  4         g      21 [3] (10)  5>>7 {+1,-2}
                                -0.555    -1.351    -0.785     1.658     0.000
  5         g      21 [3] (11)  8>>4 {+2,-3}
                                 0.849     0.042     6.952     7.003     0.000
  6         g      21 [3] (12)  9>>8 {+4,-5}
                                 0.802    -5.588    16.964    17.878     0.000
  7         g      21 [3] (13)  4>>9 {+6,-1}
                                -4.467     6.370   -15.503    17.346     0.000
  8         g      21 [3] (16)  6>>5 {+3,-4}
                                 3.041    -0.031    -5.872     6.613     0.000
  9         g      21 [3] (19)  7>>6 {+5,-6}
                                 0.329     0.557    -1.755     1.870     0.000
------------------------------------------------------------------------------
Step 1 performed by myLesHouchesHandler
--- intermediates:
  1        e-      11  (3)   
                                26.185     0.000     0.000    26.185     0.000
  2        e+     -11  (3)   
                               -26.185     0.000    -0.000    26.185     0.000
  3     gamma      22 [1,2] (4..9)   
                                -0.000     0.000    -0.000    52.369    52.369
--- final:
  4         g      21 [3] (10)  5>>7 {+1,-2}
                                -0.555    -1.351    -0.785     1.658     0.000
  5         g      21 [3] (11)  8>>4 {+2,-3}
                                 0.849     0.042     6.952     7.003     0.000
  6         g      21 [3] (12)  9>>8 {+4,-5}
                                 0.802    -5.588    16.964    17.878     0.000
  7         g      21 [3] (13)  4>>9 {+6,-1}
                                -4.467     6.370   -15.503    17.346     0.000
  8         g      21 [3] (16)  6>>5 {+3,-4}
                                 3.041    -0.031    -5.872     6.613     0.000
  9         g      21 [3] (19)  7>>6 {+5,-6}
                                 0.329     0.557    -1.755     1.870     0.000
------------------------------------------------------------------------------
     Sum of momenta:            -3e-05    -3e-05    -3e-05      52.4      52.4
------------------------------------------------------------------------------
Step 2 performed by ShowerHandler
--- intermediates:
 13         g      21 [7] (14,15)   {+6,-1}
                                -4.132     5.892   -14.340    16.467     3.707
 16         g      21 [8] (17,18)   {+3,-4}
                                 2.813    -0.028    -5.431     7.327     4.035
 19         g      21 [9] (20,21)   {+5,-6}
                                 0.305     0.516    -1.623     3.658     3.223
--- final:
 10         g      21 [4] (22,23)  11>>15 {+1,-2}
                                -0.513    -1.250    -0.727     1.804     0.950
 11         g      21 [5] (24,25)  18>>10 {+2,-3}
                                 0.785     0.039     6.430     6.547     0.950
 12         g      21 [6] (26,27)  20>>17 {+4,-5}
                                 0.742    -5.169    15.691    16.564     0.950
 14         g      21 [13] (28,29)  15>>21 {+6,-7}
                                -4.169     4.493    -9.553    11.390     0.950
 15         g      21 [13] (30,31)  10>>14 {+7,-1}
                                 0.038     1.399    -4.787     5.077     0.950
 17         g      21 [16] (36,37)  12>>18 {+8,-4}
                                 0.777     1.063    -4.279     4.577     0.950
 18         g      21 [16] (38,39)  17>>11 {+3,-8}
                                 2.036    -1.091    -1.152     2.750     0.950
 20         g      21 [19] (32,33)  21>>12 {+5,-9}
                                 1.324     0.805    -0.631     1.924     0.950
 21         g      21 [19] (34,35)  14>>20 {+9,-6}
                                -1.019    -0.290    -0.992     1.735     0.950
------------------------------------------------------------------------------
     Sum of momenta:            -3e-05    -3e-05    -3e-05      52.4      52.4
------------------------------------------------------------------------------
Step 3 performed by ClusterHadHandler
--- intermediates:
 22         u       2 [10] (46)   {+1}
                                -0.299    -1.168    -0.608     1.389     0.325
 23      ubar      -2 [10] (44)   {-2}
                                -0.215    -0.081    -0.118     0.415     0.325
 24         u       2 [11] (43)   {+2}
                                 0.447     0.284     2.266     2.350     0.325
 25      ubar      -2 [11] (47)   {-3}
                                 0.338    -0.245     4.164     4.198     0.325
 26         d       1 [12] (40)   {+4}
                                 0.808    -3.729    11.204    11.840     0.325
 27      dbar      -1 [12] (43)   {-5}
                                -0.066    -1.439     4.487     4.724     0.325
 28         u       2 [14] (41)   {+6}
                                -1.742     1.458    -3.264     3.990     0.325
 29      ubar      -2 [14] (42)   {-7}
                                -2.427     3.035    -6.289     7.400     0.325
 30         s       3 [15] (42)   {+7}
                                -0.119     0.609    -2.037     2.177     0.450
 31      sbar      -3 [15] (45)   {-1}
                                 0.156     0.790    -2.750     2.901     0.450
 32         d       1 [20] (44)   {+5}
                                 0.213    -0.008    -0.238     0.455     0.325
 33      dbar      -1 [20] (48)   {-9}
                                 1.111     0.814    -0.393     1.468     0.325
 34         s       3 [21] (47)   {+9}
                                -0.625    -0.263    -0.467     0.939     0.450
 35      sbar      -3 [21] (41)   {-6}
                                -0.393    -0.027    -0.525     0.796     0.450
 36         s       3 [17] (45)   {+8}
                                 0.283     0.478    -2.275     2.385     0.450
 37      sbar      -3 [17] (40)   {-4}
                                 0.494     0.585    -2.005     2.193     0.450
 38         u       2 [18] (48)   {+3}
                                 1.737    -0.697    -0.795     2.059     0.325
 39      ubar      -2 [18] (46)   {-8}
                                 0.299    -0.394    -0.357     0.692     0.325
 40   Cluster      81 [26,37] (49,50)   
                                 1.302    -3.144     9.199    14.033    10.036
 41   Cluster      81 [28,35] (63,64)   
                                -2.136     1.431    -3.789     4.786     1.393
 42   Cluster      81 [29,30] (55,56)   
                                -2.546     3.644    -8.326     9.576     1.620
 43   Cluster      81 [24,27] (57,58)   
                                 0.381    -1.155     6.753     7.074     1.718
 44   Cluster      81 [23,32] (61,62)   
                                -0.002    -0.089    -0.356     0.870     0.789
 45   Cluster      81 [31,36] (53)   
                                 0.439     1.268    -5.025     5.285     0.940
 46   Cluster      81 [22,39] (65,66)   
                                 0.001    -1.563    -0.965     2.081     0.977
 47   Cluster      81 [25,34] (54)   
                                -0.287    -0.508     3.697     5.136     3.518
 48   Cluster      81 [33,38] (59,60)   
                                 2.847     0.117    -1.188     3.527     1.705
 49   Cluster      81 [40] (51,52)   
                                 1.019    -3.362     9.986    12.573     6.784
 50   Cluster      81 [40] (67,68)   
                                 0.283     0.218    -0.787     1.460     1.177
 51   Cluster      81 [49] (69,70)   
                                 0.538    -2.654     7.987     8.515     1.177
 52   Cluster      81 [49] (71,72)   
                                 0.481    -0.709     1.999     4.058     3.426
 54   Cluster      81 [47] (73,74)   
                                -0.287    -0.508     3.695     5.135     3.518
--- final:
 53      eta'     331 [45] (75..77)   
                                 0.439     1.267    -5.023     5.287     0.958
 55      rho-    -213 [42] (87,88)   
                                -1.514     1.846    -3.540     4.337     0.760
 56     Kbar0    -311 [42] (91)   
                                -1.032     1.798    -4.786     5.240     0.498
 57       f_0 9010221 [43] (94,95)   
                                 0.066    -0.178     4.248     4.363     0.976
 58       pi+     211 [43]    
                                 0.315    -0.977     2.505     2.711     0.140
 59       pi+     211 [48]    
                                 1.264     0.361    -0.278     1.351     0.140
 60      rho0     113 [48] (100,101)   
                                 1.583    -0.244    -0.910     2.176     1.158
 61       pi-    -211 [44]    
                                -0.018     0.118    -0.183     0.260     0.140
 62       eta     221 [44] (102..104)   
                                 0.016    -0.208    -0.173     0.611     0.548
 63      rho+     213 [41] (107,108)   
                                -1.146     1.127    -1.834     2.519     0.629
 64        K0     311 [41] (111)   
                                -0.990     0.304    -1.955     2.267     0.498
 65       pi0     111 [46] (112,113)   
                                 0.157    -0.327    -0.228     0.449     0.135
 66      rho0     113 [46] (114,115)   
                                -0.156    -1.236    -0.737     1.632     0.753
 67        K0     311 [50] (116)   
                                 0.422     0.534    -0.645     1.061     0.498
 68       pi+     211 [50]    
                                -0.139    -0.316    -0.142     0.398     0.140
 69       pi0     111 [51] (119,120)   
                                -0.036     0.040     0.159     0.215     0.135
 70       pi-    -211 [51]    
                                 0.574    -2.694     7.828     8.300     0.140
 71     pbar-   -2212 [52]    
                                 1.204    -1.385     1.677     2.657     0.938
 72        p+    2212 [52]    
                                -0.723     0.676     0.322     1.401     0.938
 73Sigma(1660)-   13112 [54] (121,122)   
                                 0.966    -0.341     2.293     3.026     1.688
 74     nbar0   -2112 [54]    
                                -1.254    -0.167     1.402     2.109     0.940
------------------------------------------------------------------------------
     Sum of momenta:            -3e-05    -3e-05    -3e-05      52.4      52.4
------------------------------------------------------------------------------
Step 4 performed by DecayHandler
--- intermediates:
 77       eta     221 [53] (78..80)   
                                 0.363     0.600    -2.984     3.113     0.548
 78       pi0     111 [77] (81,82)   
                                 0.235     0.462    -1.848     1.924     0.135
 79       pi0     111 [77] (83,84)   
                                 0.011     0.020    -0.375     0.399     0.135
 80       pi0     111 [77] (85,86)   
                                 0.116     0.118    -0.761     0.791     0.135
 87       pi0     111 [55] (89,90)   
                                -1.316     1.122    -2.608     3.132     0.135
 91      K_S0     310 [56] (92,93)   
                                -1.032     1.798    -4.786     5.240     0.498
 94       pi0     111 [57] (96,97)   
                                 0.254     0.029     0.357     0.460     0.135
 95       pi0     111 [57] (98,99)   
                                -0.188    -0.207     3.891     3.903     0.135
104       pi0     111 [62] (105,106)   
                                -0.043    -0.027    -0.075     0.162     0.135
107       pi0     111 [63] (109,110)   
                                -0.255     0.125    -0.659     0.730     0.135
116      K_S0     310 [67] (117,118)   
                                 0.422     0.534    -0.645     1.061     0.498
121   Lambda0    3122 [73] (123,124)   
                                 0.637    -0.683     1.906     2.398     1.116
--- final:
 58       pi+     211 [43]    
                                 0.315    -0.977     2.505     2.711     0.140
 59       pi+     211 [48]    
                                 1.264     0.361    -0.278     1.351     0.140
 61       pi-    -211 [44]    
                                -0.018     0.118    -0.183     0.260     0.140
 68       pi+     211 [50]    
                                -0.139    -0.316    -0.142     0.398     0.140
 70       pi-    -211 [51]    
                                 0.574    -2.694     7.828     8.300     0.140
 71     pbar-   -2212 [52]    
                                 1.204    -1.385     1.677     2.657     0.938
 72        p+    2212 [52]    
                                -0.723     0.676     0.322     1.401     0.938
 74     nbar0   -2112 [54]    
                                -1.254    -0.167     1.402     2.109     0.940
 75       pi+     211 [53]    
                                 0.082     0.522    -1.414     1.516     0.140
 76       pi-    -211 [53]    
                                -0.006     0.145    -0.626     0.657     0.140
 81     gamma      22 [78]    
                                 0.017     0.098    -0.215     0.237     0.000
 82     gamma      22 [78]    
                                 0.218     0.364    -1.632     1.687     0.000
 83     gamma      22 [79]    
                                 0.073     0.005    -0.221     0.233     0.000
 84     gamma      22 [79]    
                                -0.061     0.014    -0.153     0.166     0.000
 85     gamma      22 [80]    
                                 0.118     0.143    -0.708     0.732     0.000
 86     gamma      22 [80]    
                                -0.002    -0.025    -0.053     0.059     0.000
 88       pi-    -211 [55]    
                                -0.198     0.724    -0.932     1.205     0.140
 89     gamma      22 [87]    
                                -1.298     1.116    -2.596     3.109     0.000
 90     gamma      22 [87]    
                                -0.018     0.007    -0.012     0.023     0.000
 92       pi+     211 [91]    
                                -0.510     1.193    -3.254     3.506     0.140
 93       pi-    -211 [91]    
                                -0.522     0.605    -1.533     1.734     0.140
 96     gamma      22 [94]    
                                 0.047     0.052     0.151     0.166     0.000
 97     gamma      22 [94]    
                                 0.207    -0.023     0.206     0.293     0.000
 98     gamma      22 [95]    
                                -0.094    -0.014     1.287     1.290     0.000
 99     gamma      22 [95]    
                                -0.094    -0.194     2.604     2.613     0.000
100       pi+     211 [60]    
                                 1.600    -0.040    -0.477     1.676     0.140
101       pi-    -211 [60]    
                                -0.017    -0.205    -0.434     0.500     0.140
102       pi+     211 [62]    
                                 0.132    -0.061    -0.142     0.246     0.140
103       pi-    -211 [62]    
                                -0.073    -0.120     0.044     0.202     0.140
105     gamma      22 [104]    
                                -0.047    -0.051    -0.103     0.125     0.000
106     gamma      22 [104]    
                                 0.005     0.024     0.029     0.038     0.000
108       pi+     211 [63]    
                                -0.891     1.002    -1.175     1.789     0.140
109     gamma      22 [107]    
                                -0.186     0.108    -0.332     0.395     0.000
110     gamma      22 [107]    
                                -0.069     0.017    -0.327     0.335     0.000
111      K_L0     130 [64]    
                                -0.990     0.304    -1.955     2.267     0.498
112     gamma      22 [65]    
                                 0.044    -0.217    -0.178     0.284     0.000
113     gamma      22 [65]    
                                 0.112    -0.110    -0.050     0.165     0.000
114       pi+     211 [66]    
                                -0.359    -0.784    -0.693     1.116     0.140
115       pi-    -211 [66]    
                                 0.203    -0.451    -0.044     0.516     0.140
117       pi+     211 [116]    
                                 0.352     0.531    -0.626     0.904     0.140
118       pi-    -211 [116]    
                                 0.070     0.003    -0.018     0.157     0.140
119     gamma      22 [69]    
                                 0.024     0.040     0.147     0.154     0.000
120     gamma      22 [69]    
                                -0.060     0.001     0.012     0.061     0.000
122       pi-    -211 [73]    
                                 0.329     0.342     0.387     0.628     0.140
123        p+    2212 [121]    
                                 0.641    -0.656     1.741     2.180     0.938
124       pi-    -211 [121]    
                                -0.004    -0.027     0.165     0.218     0.140
------------------------------------------------------------------------------
     Sum of momenta:            -3e-05    -3e-05    -3e-05      52.4      52.4

The following exception classes were reported in this run:
ThePEG::EventHandler::ConsistencyException warning (1 times)
ThePEG::LesHouchesReader::LesHouchesReopenWarning warning (1 times)
