>>>>>>>>>>>>>>>>>>>>>>>>>>>>>>>>>>>>>>>>>>>>>>>>>>>>>>>>>>>>>>>>>>>>>>>>>>>>>>
>>>> Toolkit for HEP Event Generation - ThePEG 2.2.0 <<<<<<<<<<<<<<<<<<<<<<<<<
>>>> Tue Jun 30 00:42:26 2020                                             <<<<
<<<<<<<<<<<<<<<<<<<<<<<<<<<<<<<<<<<<<<<<<<<<<<<<<<<<<<<<<<<<<<<<<<<<<<<<<<<<<<

>> Herwig 7.2.0 / ThePEG 2.2.0

/Herwig/EventHandlers/NoCuts:
MHat  = 2 .. 18.5047 GeV
Scale = 0 .. 1e+12 GeV2
YHat  = -100 .. 100
X1    = 0 .. 1
X2    = 0 .. 1

* A warning exception of type ThePEG::LesHouchesReader::LesHouchesReopenWarning occurred while generating event number 1: 
Reopening LesHouchesReader 'myReader' after accessing 2 events out of 1
* A warning exception of type ThePEG::EventHandler::ConsistencyException occurred while generating event number 1: 
Event handler 'myLesHouchesHandler' found energy-momentum non-conservation by (-1e-05,-2e-05,-2e-05;-3.71079e-10) GeV after generating step number 4.

******************************************************************************
Event number 1 (id: ./OUTPUT/0.95MB1.05/1511996808/TMP/Cluster_HERWIGOutput_33) performed by myLesHouchesHandler
Weight: 1
==============================================================================

--- Colliding particles:
  1        e-      11  (3)   
                                 4.626     0.000     0.000     4.626     0.000
  2        e+     -11  (3)   
                                -4.626     0.000     0.000     4.626     0.000
------------------------------------------------------------------------------
Primary sub-process performed by myReader
--- incoming:
  1        e-      11  (3)   
                                 4.626     0.000     0.000     4.626     0.000
  2        e+     -11  (3)   
                                -4.626     0.000     0.000     4.626     0.000
--- intermediates:
  3     gamma      22 [1,2] (4..7)   
                                -0.000     0.000    -0.000     9.252     9.252
--- outgoing:
  4         g      21 [3] (8)  5>>5 {+1,-2}
                                 1.059     2.576     0.968     2.949     0.000
  5         g      21 [3] (9)  4>>4 {+2,-1}
                                -2.297     0.147     0.003     2.302     0.000
  6         g      21 [3] (10)  7>>7 {+3,-4}
                                 0.375    -2.531    -1.506     2.969     0.000
  7         g      21 [3] (11)  6>>6 {+4,-3}
                                 0.863    -0.191     0.535     1.033     0.000
------------------------------------------------------------------------------
Step 1 performed by myLesHouchesHandler
--- intermediates:
  1        e-      11  (3)   
                                 4.626     0.000     0.000     4.626     0.000
  2        e+     -11  (3)   
                                -4.626     0.000     0.000     4.626     0.000
  3     gamma      22 [1,2] (4..7)   
                                -0.000     0.000    -0.000     9.252     9.252
--- final:
  4         g      21 [3] (8)  5>>5 {+1,-2}
                                 1.059     2.576     0.968     2.949     0.000
  5         g      21 [3] (9)  4>>4 {+2,-1}
                                -2.297     0.147     0.003     2.302     0.000
  6         g      21 [3] (10)  7>>7 {+3,-4}
                                 0.375    -2.531    -1.506     2.969     0.000
  7         g      21 [3] (11)  6>>6 {+4,-3}
                                 0.863    -0.191     0.535     1.033     0.000
------------------------------------------------------------------------------
     Sum of momenta:            -2e-05    -2e-05    -2e-05      9.25      9.25
------------------------------------------------------------------------------
Step 2 performed by ShowerHandler
--- final:
  8         g      21 [4] (12,13)  9>>9 {+1,-2}
                                 0.952     2.315     0.870     2.815     0.950
  9         g      21 [5] (14,15)  8>>8 {+2,-1}
                                -2.064     0.132     0.003     2.276     0.950
 10         g      21 [6] (16,17)  11>>11 {+3,-4}
                                 0.337    -2.275    -1.354     2.833     0.950
 11         g      21 [7] (18,19)  10>>10 {+4,-3}
                                 0.775    -0.172     0.480     1.328     0.950
------------------------------------------------------------------------------
     Sum of momenta:            -2e-05    -2e-05    -2e-05      9.25      9.25
------------------------------------------------------------------------------
Step 3 performed by ClusterHadHandler
--- intermediates:
 12         u       2 [8] (22)   {+1}
                                 0.744     1.968     0.528     2.194     0.325
 13      ubar      -2 [8] (20)   {-2}
                                 0.208     0.347     0.343     0.622     0.325
 14         s       3 [9] (20)   {+2}
                                -0.926     0.080     0.145     1.043     0.450
 15      sbar      -3 [9] (23)   {-1}
                                -1.138     0.052    -0.143     1.233     0.450
 16         u       2 [10] (23)   {+3}
                                 0.162    -1.611    -1.239     2.065     0.325
 17      ubar      -2 [10] (21)   {-4}
                                 0.175    -0.664    -0.115     0.768     0.325
 18         u       2 [11] (21)   {+4}
                                 0.170     0.010    -0.132     0.390     0.325
 19      ubar      -2 [11] (22)   {-3}
                                 0.605    -0.182     0.613     0.938     0.325
 20   Cluster      81 [13,14] (24,25)   
                                -0.718     0.427     0.488     1.665     1.355
 21   Cluster      81 [17,18] (30,31)   
                                 0.345    -0.654    -0.247     1.158     0.856
 22   Cluster      81 [12,19] (28,29)   
                                 1.350     1.787     1.140     3.132     1.869
 23   Cluster      81 [15,16] (26,27)   
                                -0.976    -1.559    -1.381     3.298     2.363
--- final:
 24       pi-    -211 [20]    
                                -0.252     0.485     0.008     0.564     0.140
 25    K*bar0    -313 [20] (32,33)   
                                -0.466    -0.059     0.480     1.100     0.872
 26        n0    2112 [23]    
                                -0.801    -0.737    -0.276     1.464     0.940
 27 Sigmabar+   -3112 [23] (34,35)   
                                -0.175    -0.822    -1.105     1.833     1.197
 28       pi+     211 [22]    
                                 0.419     0.687     1.025     1.311     0.140
 29      a_2-    -215 [22] (36,37)   
                                 0.930     1.099     0.115     1.821     1.109
 30       eta     221 [21] (39,40)   
                                 0.163    -0.502     0.040     0.762     0.548
 31       pi0     111 [21] (41,42)   
                                 0.182    -0.152    -0.288     0.396     0.135
------------------------------------------------------------------------------
     Sum of momenta:            -2e-05    -2e-05    -2e-05      9.25      9.25
------------------------------------------------------------------------------
Step 4 performed by DecayHandler
--- intermediates:
 37        K0     311 [29] (38)   
                                 0.289     0.257    -0.085     0.636     0.498
--- final:
 24       pi-    -211 [20]    
                                -0.252     0.485     0.008     0.564     0.140
 26        n0    2112 [23]    
                                -0.801    -0.737    -0.276     1.464     0.940
 28       pi+     211 [22]    
                                 0.419     0.687     1.025     1.311     0.140
 32        K-    -321 [25]    
                                 0.002     0.024     0.222     0.542     0.494
 33       pi+     211 [25]    
                                -0.468    -0.082     0.258     0.559     0.140
 34     nbar0   -2112 [27]    
                                -0.017    -0.472    -0.846     1.350     0.940
 35       pi+     211 [27]    
                                -0.158    -0.350    -0.259     0.484     0.140
 36        K-    -321 [29]    
                                 0.642     0.842     0.200     1.185     0.494
 38      K_L0     130 [37]    
                                 0.289     0.257    -0.085     0.636     0.498
 39     gamma      22 [30]    
                                 0.324    -0.344    -0.117     0.487     0.000
 40     gamma      22 [30]    
                                -0.161    -0.159     0.157     0.275     0.000
 41     gamma      22 [31]    
                                 0.061     0.017    -0.085     0.106     0.000
 42     gamma      22 [31]    
                                 0.121    -0.169    -0.202     0.290     0.000
------------------------------------------------------------------------------
     Sum of momenta:            -2e-05    -2e-05    -2e-05      9.25      9.25

The following exception classes were reported in this run:
ThePEG::EventHandler::ConsistencyException warning (1 times)
ThePEG::LesHouchesReader::LesHouchesReopenWarning warning (1 times)
