>>>>>>>>>>>>>>>>>>>>>>>>>>>>>>>>>>>>>>>>>>>>>>>>>>>>>>>>>>>>>>>>>>>>>>>>>>>>>>
>>>> Toolkit for HEP Event Generation - ThePEG 2.2.0 <<<<<<<<<<<<<<<<<<<<<<<<<
>>>> Tue Jun 30 00:53:58 2020                                             <<<<
<<<<<<<<<<<<<<<<<<<<<<<<<<<<<<<<<<<<<<<<<<<<<<<<<<<<<<<<<<<<<<<<<<<<<<<<<<<<<<

>> Herwig 7.2.0 / ThePEG 2.2.0

/Herwig/EventHandlers/NoCuts:
MHat  = 2 .. 60.4049 GeV
Scale = 0 .. 1e+12 GeV2
YHat  = -100 .. 100
X1    = 0 .. 1
X2    = 0 .. 1

* A warning exception of type ThePEG::LesHouchesReader::LesHouchesReopenWarning occurred while generating event number 1: 
Reopening LesHouchesReader 'myReader' after accessing 2 events out of 1
* A warning exception of type ThePEG::EventHandler::ConsistencyException occurred while generating event number 1: 
Event handler 'myLesHouchesHandler' found energy-momentum non-conservation by (-1e-05,-3e-05,-3e-05;9.99977e-06) GeV after generating step number 4.

******************************************************************************
Event number 1 (id: ./OUTPUT/0.95MB1.05/1513342148/TMP/Cluster_HERWIGOutput_34) performed by myLesHouchesHandler
Weight: 1
==============================================================================

--- Colliding particles:
  1        e-      11  (3)   
                                15.101     0.000     0.000    15.101     0.000
  2        e+     -11  (3)   
                               -15.101     0.000    -0.000    15.101     0.000
------------------------------------------------------------------------------
Primary sub-process performed by myReader
--- incoming:
  1        e-      11  (3)   
                                15.101     0.000     0.000    15.101     0.000
  2        e+     -11  (3)   
                               -15.101     0.000    -0.000    15.101     0.000
--- intermediates:
  3     gamma      22 [1,2] (4..8)   
                                 0.000     0.000    -0.000    30.202    30.202
--- outgoing:
  4         g      21 [3] (9)  8>>6 {+1,-2}
                                -1.510     4.837     6.346     8.121     0.000
  5         g      21 [3] (14)  7>>8 {+3,-4}
                                 0.381    -0.820    -1.289     1.574     0.000
  6         g      21 [3] (17)  4>>7 {+5,-1}
                                -2.222     0.427     1.002     2.475     0.000
  7         g      21 [3] (20)  6>>5 {+4,-5}
                                 5.716     0.939     3.530     6.783     0.000
  8         g      21 [3] (21)  5>>4 {+2,-3}
                                -2.364    -5.383    -9.590    11.249     0.000
------------------------------------------------------------------------------
Step 1 performed by myLesHouchesHandler
--- intermediates:
  1        e-      11  (3)   
                                15.101     0.000     0.000    15.101     0.000
  2        e+     -11  (3)   
                               -15.101     0.000    -0.000    15.101     0.000
  3     gamma      22 [1,2] (4..8)   
                                 0.000     0.000    -0.000    30.202    30.202
--- final:
  4         g      21 [3] (9)  8>>6 {+1,-2}
                                -1.510     4.837     6.346     8.121     0.000
  5         g      21 [3] (14)  7>>8 {+3,-4}
                                 0.381    -0.820    -1.289     1.574     0.000
  6         g      21 [3] (17)  4>>7 {+5,-1}
                                -2.222     0.427     1.002     2.475     0.000
  7         g      21 [3] (20)  6>>5 {+4,-5}
                                 5.716     0.939     3.530     6.783     0.000
  8         g      21 [3] (21)  5>>4 {+2,-3}
                                -2.364    -5.383    -9.590    11.249     0.000
------------------------------------------------------------------------------
     Sum of momenta:            -2e-05    -3e-05    -3e-05      30.2      30.2
------------------------------------------------------------------------------
Step 2 performed by ShowerHandler
--- intermediates:
  9         g      21 [4] (10,13)   {+1,-2}
                                -1.091     3.494     4.584     8.042     5.501
 10         g      21 [9] (11,12)   {+6,-2}
                                -0.183     2.559     4.592     6.429     3.696
 14         g      21 [5] (15,16)   {+3,-4}
                                 0.275    -0.592    -0.931     3.382     3.185
 17         g      21 [6] (18,19)   {+5,-1}
                                -1.605     0.308     0.724     3.346     2.829
 21         g      21 [8] (22,23)   {+2,-3}
                                -1.708    -3.889    -6.928    10.441     6.555
 23         g      21 [21] (24,25)   {+7,-3}
                                -1.696    -4.939    -5.881     8.680     3.672
--- final:
 11         g      21 [10] (30,31)  22>>12 {+8,-2}
                                -0.657     3.074     3.714     4.958     0.950
 12         g      21 [10] (32,33)  11>>13 {+6,-8}
                                 0.475    -0.515     0.878     1.471     0.950
 13         g      21 [9] (28,29)  12>>19 {+1,-6}
                                -0.908     0.936    -0.008     1.613     0.950
 15         g      21 [14] (34,35)  20>>16 {+9,-4}
                                 0.408    -1.262     0.326     1.664     0.950
 16         g      21 [14] (36,37)  15>>25 {+3,-9}
                                -0.134     0.670    -1.257     1.718     0.950
 18         g      21 [17] (44,45)  19>>20 {+5,-10}
                                -0.596    -0.814     0.722     1.563     0.950
 19         g      21 [17] (46,47)  13>>18 {+10,-1}
                                -1.009     1.123     0.002     1.784     0.950
 20         g      21 [7] (26,27)  18>>15 {+4,-5}
                                 4.129     0.678     2.550     4.991     0.950
 22         g      21 [21] (38,39)  24>>11 {+2,-7}
                                -0.013     1.050    -1.047     1.761     0.950
 24         g      21 [23] (40,41)  25>>22 {+7,-11}
                                 0.221    -0.255    -1.972     2.215     0.950
 25         g      21 [23] (42,43)  16>>24 {+11,-3}
                                -1.917    -4.684    -3.909     6.464     0.950
------------------------------------------------------------------------------
     Sum of momenta:            -2e-05    -3e-05    -3e-05      30.2      30.2
------------------------------------------------------------------------------
Step 3 performed by ClusterHadHandler
--- intermediates:
 26         s       3 [20] (57)   {+4}
                                 1.756     0.223     1.225     2.199     0.450
 27      sbar      -3 [20] (48)   {-5}
                                 2.373     0.455     1.326     2.793     0.450
 28         s       3 [13] (58)   {+1}
                                -0.555     0.378     0.066     0.811     0.450
 29      sbar      -3 [13] (55)   {-6}
                                -0.353     0.557    -0.075     0.802     0.450
 30         d       1 [11] (56)   {+8}
                                -0.049     0.868     0.717     1.173     0.325
 31      dbar      -1 [11] (49)   {-2}
                                -0.609     2.206     2.997     3.785     0.325
 32         d       1 [12] (54)   {+6}
                                -0.005    -0.491     0.547     0.803     0.325
 33      dbar      -1 [12] (57)   {-8}
                                 0.480    -0.025     0.332     0.668     0.325
 34         d       1 [15] (52)   {+9}
                                 0.523    -0.837     0.397     1.113     0.325
 35      dbar      -1 [15] (58)   {-4}
                                -0.114    -0.425    -0.070     0.552     0.325
 36         d       1 [16] (53)   {+3}
                                -0.033     0.304    -0.100     0.457     0.325
 37      dbar      -1 [16] (51)   {-9}
                                -0.101     0.366    -1.157     1.260     0.325
 38         s       3 [22] (49)   {+2}
                                -0.072     0.463    -0.653     0.921     0.450
 39      sbar      -3 [22] (53)   {-7}
                                 0.059     0.587    -0.394     0.840     0.450
 40         d       1 [24] (51)   {+7}
                                 0.325    -0.032    -1.593     1.658     0.325
 41      dbar      -1 [24] (50)   {-11}
                                -0.103    -0.223    -0.379     0.557     0.325
 42         d       1 [25] (50)   {+11}
                                -1.656    -3.415    -2.773     4.711     0.325
 43      dbar      -1 [25] (52)   {-3}
                                -0.261    -1.269    -1.135     1.753     0.325
 44         d       1 [18] (48)   {+5}
                                -0.121    -0.360    -0.044     0.502     0.325
 45      dbar      -1 [18] (54)   {-10}
                                -0.475    -0.454     0.767     1.061     0.325
 46         u       2 [19] (55)   {+10}
                                -0.629     0.258    -0.164     0.771     0.325
 47      ubar      -2 [19] (56)   {-1}
                                -0.380     0.864     0.166     1.012     0.325
 48   Cluster      81 [27,44] (67,68)   
                                 2.252     0.095     1.281     3.295     2.033
 49   Cluster      81 [31,38] (59,60)   
                                -0.680     2.669     2.345     4.706     3.010
 50   Cluster      81 [41,42] (63,64)   
                                -1.759    -3.638    -3.152     5.268     1.219
 51   Cluster      81 [37,40] (65,66)   
                                 0.224     0.334    -2.750     2.919     0.891
 52   Cluster      81 [34,43] (71,72)   
                                 0.262    -2.107    -0.739     2.866     1.778
 53   Cluster      81 [36,39] (61,62)   
                                 0.026     0.891    -0.495     1.297     0.803
 54   Cluster      81 [32,45] (73,74)   
                                -0.480    -0.945     1.313     1.864     0.792
 55   Cluster      81 [29,46] (75,76)   
                                -0.982     0.816    -0.239     1.573     0.888
 56   Cluster      81 [30,47] (69,70)   
                                -0.429     1.732     0.883     2.185     0.900
 57   Cluster      81 [26,33] (79,80)   
                                 2.235     0.199     1.556     2.867     0.872
 58   Cluster      81 [28,35] (77,78)   
                                -0.670    -0.047    -0.004     1.363     1.186
--- final:
 59      a_20     115 [49] (81,82)   
                                 0.056     0.565     0.741     1.583     1.278
 60  K*_2bar0    -315 [49] (87,88)   
                                -0.736     2.104     1.604     3.123     1.488
 61       pi-    -211 [53]    
                                 0.074    -0.014    -0.125     0.202     0.140
 62        K+     321 [53]    
                                -0.047     0.904    -0.370     1.096     0.494
 63      rho+     213 [50] (93,94)   
                                -1.466    -2.132    -1.847     3.250     0.670
 64       pi-    -211 [50]    
                                -0.293    -1.506    -1.305     2.019     0.140
 65       pi-    -211 [51]    
                                 0.167     0.493    -2.595     2.650     0.140
 66       pi+     211 [51]    
                                 0.057    -0.159    -0.155     0.268     0.140
 67     K*_2+     325 [48] (97,98)   
                                 1.913     0.501     1.271     2.747     1.421
 68       pi-    -211 [48]    
                                 0.340    -0.407     0.010     0.548     0.140
 69       pi0     111 [56] (106,107)   
                                -0.160     0.305     0.591     0.698     0.135
 70       pi-    -211 [56]    
                                -0.269     1.427     0.292     1.488     0.140
 71      a_1-  -20213 [52] (108,109)   
                                -0.041    -2.193    -0.922     2.475     0.685
 72       pi+     211 [52]    
                                 0.303     0.086     0.183     0.390     0.140
 73       pi-    -211 [54]    
                                -0.259    -0.985     1.189     1.572     0.140
 74       pi+     211 [54]    
                                -0.221     0.040     0.124     0.292     0.140
 75       pi0     111 [55] (112,113)   
                                -0.079     0.173    -0.274     0.360     0.135
 76        K+     321 [55]    
                                -0.902     0.642     0.035     1.213     0.494
 77       K*-    -323 [58] (114,115)   
                                -0.630    -0.061    -0.097     1.190     1.003
 78       pi+     211 [58]    
                                -0.039     0.014     0.093     0.173     0.140
 79     Kbar0    -311 [57] (118)   
                                 2.114     0.196     1.258     2.517     0.498
 80       pi0     111 [57] (121,122)   
                                 0.121     0.003     0.298     0.349     0.135
------------------------------------------------------------------------------
     Sum of momenta:            -2e-05    -3e-05    -3e-05      30.2      30.2
------------------------------------------------------------------------------
Step 4 performed by DecayHandler
--- intermediates:
 81      rho+     213 [59] (83,84)   
                                -0.358     0.473     0.447     1.048     0.740
 83       pi0     111 [81] (85,86)   
                                -0.227     0.527     0.034     0.590     0.135
 87      rho+     213 [60] (89,90)   
                                -0.933     1.662     0.977     2.190     0.458
 89       pi0     111 [87] (91,92)   
                                -0.412     0.877     0.306     1.025     0.135
 93       pi0     111 [63] (95,96)   
                                -0.952    -1.812    -1.425     2.497     0.135
 97       K*+     323 [67] (99,100)   
                                 1.885     0.618     1.013     2.432     0.977
 98       pi0     111 [67] (104,105)   
                                 0.028    -0.117     0.258     0.315     0.135
 99        K0     311 [97] (101)   
                                 0.901     0.472     0.223     1.154     0.498
101      K_S0     310 [99] (102,103)   
                                 0.901     0.472     0.223     1.154     0.498
108      rho0     113 [71] (110,111)   
                                 0.113    -1.333    -0.563     1.521     0.455
115       pi0     111 [77] (116,117)   
                                -0.419     0.305    -0.071     0.540     0.135
118      K_S0     310 [79] (119,120)   
                                 2.114     0.196     1.258     2.517     0.498
--- final:
 61       pi-    -211 [53]    
                                 0.074    -0.014    -0.125     0.202     0.140
 62        K+     321 [53]    
                                -0.047     0.904    -0.370     1.096     0.494
 64       pi-    -211 [50]    
                                -0.293    -1.506    -1.305     2.019     0.140
 65       pi-    -211 [51]    
                                 0.167     0.493    -2.595     2.650     0.140
 66       pi+     211 [51]    
                                 0.057    -0.159    -0.155     0.268     0.140
 68       pi-    -211 [48]    
                                 0.340    -0.407     0.010     0.548     0.140
 70       pi-    -211 [56]    
                                -0.269     1.427     0.292     1.488     0.140
 72       pi+     211 [52]    
                                 0.303     0.086     0.183     0.390     0.140
 73       pi-    -211 [54]    
                                -0.259    -0.985     1.189     1.572     0.140
 74       pi+     211 [54]    
                                -0.221     0.040     0.124     0.292     0.140
 76        K+     321 [55]    
                                -0.902     0.642     0.035     1.213     0.494
 78       pi+     211 [58]    
                                -0.039     0.014     0.093     0.173     0.140
 82       pi-    -211 [59]    
                                 0.414     0.092     0.294     0.535     0.140
 84       pi+     211 [81]    
                                -0.131    -0.054     0.413     0.458     0.140
 85     gamma      22 [83]    
                                -0.019     0.001    -0.013     0.023     0.000
 86     gamma      22 [83]    
                                -0.208     0.525     0.047     0.567     0.000
 88        K-    -321 [60]    
                                 0.196     0.442     0.627     0.933     0.494
 90       pi+     211 [87]    
                                -0.521     0.785     0.672     1.165     0.140
 91     gamma      22 [89]    
                                -0.291     0.633     0.282     0.752     0.000
 92     gamma      22 [89]    
                                -0.121     0.244     0.024     0.274     0.000
 94       pi+     211 [63]    
                                -0.515    -0.320    -0.423     0.752     0.140
 95     gamma      22 [93]    
                                -0.927    -1.794    -1.393     2.453     0.000
 96     gamma      22 [93]    
                                -0.025    -0.018    -0.032     0.044     0.000
100       pi+     211 [97]    
                                 0.984     0.146     0.790     1.278     0.140
102       pi+     211 [101]    
                                 0.796     0.498     0.233     0.977     0.140
103       pi-    -211 [101]    
                                 0.105    -0.026    -0.010     0.177     0.140
104     gamma      22 [98]    
                                 0.080    -0.083     0.138     0.180     0.000
105     gamma      22 [98]    
                                -0.052    -0.034     0.120     0.135     0.000
106     gamma      22 [69]    
                                -0.084     0.094     0.329     0.353     0.000
107     gamma      22 [69]    
                                -0.076     0.211     0.262     0.345     0.000
109       pi-    -211 [71]    
                                -0.154    -0.860    -0.358     0.955     0.140
110       pi-    -211 [108]    
                                 0.093    -0.196    -0.037     0.261     0.140
111       pi+     211 [108]    
                                 0.020    -1.136    -0.526     1.260     0.140
112     gamma      22 [75]    
                                 0.006     0.070    -0.189     0.202     0.000
113     gamma      22 [75]    
                                -0.085     0.103    -0.085     0.158     0.000
114        K-    -321 [77]    
                                -0.212    -0.366    -0.026     0.650     0.494
116     gamma      22 [115]    
                                -0.116     0.157    -0.056     0.203     0.000
117     gamma      22 [115]    
                                -0.302     0.149    -0.015     0.337     0.000
119       pi+     211 [118]    
                                 1.379     0.287     0.942     1.701     0.140
120       pi-    -211 [118]    
                                 0.735    -0.091     0.316     0.817     0.140
121     gamma      22 [80]    
                                 0.143     0.022     0.280     0.315     0.000
122     gamma      22 [80]    
                                -0.022    -0.018     0.018     0.034     0.000
------------------------------------------------------------------------------
     Sum of momenta:            -2e-05    -3e-05    -3e-05      30.2      30.2

The following exception classes were reported in this run:
ThePEG::EventHandler::ConsistencyException warning (1 times)
ThePEG::LesHouchesReader::LesHouchesReopenWarning warning (1 times)
