>>>>>>>>>>>>>>>>>>>>>>>>>>>>>>>>>>>>>>>>>>>>>>>>>>>>>>>>>>>>>>>>>>>>>>>>>>>>>>
>>>> Toolkit for HEP Event Generation - ThePEG 2.2.0 <<<<<<<<<<<<<<<<<<<<<<<<<
>>>> Tue Jun 30 00:30:35 2020                                             <<<<
<<<<<<<<<<<<<<<<<<<<<<<<<<<<<<<<<<<<<<<<<<<<<<<<<<<<<<<<<<<<<<<<<<<<<<<<<<<<<<

>> Herwig 7.2.0 / ThePEG 2.2.0

/Herwig/EventHandlers/NoCuts:
MHat  = 2 .. 81.5953 GeV
Scale = 0 .. 1e+12 GeV2
YHat  = -100 .. 100
X1    = 0 .. 1
X2    = 0 .. 1

* A warning exception of type ThePEG::LesHouchesReader::LesHouchesReopenWarning occurred while generating event number 1: 
Reopening LesHouchesReader 'myReader' after accessing 2 events out of 1
* A warning exception of type ThePEG::EventHandler::ConsistencyException occurred while generating event number 1: 
Event handler 'myLesHouchesHandler' found energy-momentum non-conservation by (-1.1e-05,-2e-05,-2e-05;1.99998e-05) GeV after generating step number 4.

******************************************************************************
Event number 1 (id: ./OUTPUT/0.95MB1.05/1511996808/TMP/Cluster_HERWIGOutput_18) performed by myLesHouchesHandler
Weight: 1
==============================================================================

--- Colliding particles:
  1        e-      11  (3)   
                                20.399     0.000     0.000    20.399     0.000
  2        e+     -11  (3)   
                               -20.399     0.000     0.000    20.399     0.000
------------------------------------------------------------------------------
Primary sub-process performed by myReader
--- incoming:
  1        e-      11  (3)   
                                20.399     0.000     0.000    20.399     0.000
  2        e+     -11  (3)   
                               -20.399     0.000     0.000    20.399     0.000
--- intermediates:
  3     gamma      22 [1,2] (4..7)   
                                 0.000     0.000    -0.000    40.798    40.798
--- outgoing:
  4         g      21 [3] (8)  5>>5 {+1,-2}
                                -2.778     1.800     0.824     3.411     0.000
  5         g      21 [3] (9)  4>>4 {+2,-1}
                                -0.784     2.684    -0.288     2.811     0.000
  6         g      21 [3] (10)  7>>7 {+3,-4}
                                -2.279    -4.002   -16.731    17.353     0.000
  7         g      21 [3] (17)  6>>6 {+4,-3}
                                 5.841    -0.482    16.194    17.222     0.000
------------------------------------------------------------------------------
Step 1 performed by myLesHouchesHandler
--- intermediates:
  1        e-      11  (3)   
                                20.399     0.000     0.000    20.399     0.000
  2        e+     -11  (3)   
                               -20.399     0.000     0.000    20.399     0.000
  3     gamma      22 [1,2] (4..7)   
                                 0.000     0.000    -0.000    40.798    40.798
--- final:
  4         g      21 [3] (8)  5>>5 {+1,-2}
                                -2.778     1.800     0.824     3.411     0.000
  5         g      21 [3] (9)  4>>4 {+2,-1}
                                -0.784     2.684    -0.288     2.811     0.000
  6         g      21 [3] (10)  7>>7 {+3,-4}
                                -2.279    -4.002   -16.731    17.353     0.000
  7         g      21 [3] (17)  6>>6 {+4,-3}
                                 5.841    -0.482    16.194    17.222     0.000
------------------------------------------------------------------------------
     Sum of momenta:            -2e-05    -2e-05    -2e-05      40.8      40.8
------------------------------------------------------------------------------
Step 2 performed by ShowerHandler
--- intermediates:
 10         g      21 [6] (11,16)   {+3,-4}
                                -1.694    -2.974   -12.435    20.680    16.165
 11         g      21 [10] (12,13)   {+3,-5}
                                -2.655    -2.599   -12.266    19.267    14.386
 13         g      21 [11] (14,15)   {+6,-5}
                                 1.769    -4.144   -10.141    14.035     8.592
 17         g      21 [7] (18,19)   {+4,-3}
                                 4.341    -0.358    12.036    15.115     8.039
--- final:
  8         g      21 [4] (20,21)  9>>9 {+1,-2}
                                -2.065     1.338     0.613     2.707     0.950
  9         g      21 [5] (22,23)  8>>8 {+2,-1}
                                -0.583     1.995    -0.214     2.295     0.950
 12         g      21 [11] (26,27)  14>>19 {+3,-6}
                                -4.424     1.545    -2.125     5.232     0.950
 14         d       1 [13] (38)  >12 {+6}
                                -0.858    -6.228    -6.003     8.699     0.325
 15      dbar      -1 [13] (33)  16> {-5}
                                 2.627     2.084    -4.138     5.336     0.325
 16         g      21 [10] (24,25)  18>>15 {+5,-4}
                                 0.961    -0.375    -0.168     1.413     0.950
 18         g      21 [17] (28,29)  19>>16 {+4,-7}
                                -1.314     0.879     0.139     1.850     0.950
 19         g      21 [17] (30,31)  12>>18 {+7,-3}
                                 5.656    -1.238    11.897    13.265     0.950
------------------------------------------------------------------------------
     Sum of momenta:            -2e-05    -2e-05    -2e-05      40.8      40.8
------------------------------------------------------------------------------
Step 3 performed by ClusterHadHandler
--- intermediates:
 20         s       3 [8] (32)   {+1}
                                -0.770     0.638     0.207     1.115     0.450
 21      sbar      -3 [8] (38)   {-2}
                                -1.295     0.700     0.406     1.592     0.450
 22         d       1 [9] (36)   {+2}
                                -0.224     0.239    -0.087     0.470     0.325
 23      dbar      -1 [9] (32)   {-1}
                                -0.359     1.756    -0.127     1.826     0.325
 24         d       1 [16] (33)   {+5}
                                 0.258     0.004     0.217     0.468     0.325
 25      dbar      -1 [16] (36)   {-4}
                                 0.703    -0.379    -0.385     0.944     0.325
 26         s       3 [12] (34)   {+3}
                                -2.003     0.734    -1.127     2.455     0.450
 27      sbar      -3 [12] (37)   {-6}
                                -2.421     0.811    -0.998     2.778     0.450
 28         u       2 [18] (37)   {+4}
                                -1.100     0.887     0.051     1.451     0.325
 29      ubar      -2 [18] (35)   {-7}
                                -0.214    -0.008     0.088     0.399     0.325
 30         u       2 [19] (35)   {+7}
                                 3.809    -1.130     7.908     8.856     0.325
 31      ubar      -2 [19] (34)   {-3}
                                 1.846    -0.108     3.989     4.409     0.325
 32   Cluster      81 [20,23] (49,50)   
                                -1.129     2.393     0.080     2.941     1.281
 33   Cluster      81 [15,24] (51,52)   
                                 2.885     2.088    -3.922     5.805     2.373
 34   Cluster      81 [26,31] (39,40)   
                                -0.157     0.626     2.862     6.864     6.205
 35   Cluster      81 [29,30] (43,44)   
                                 3.595    -1.138     7.996     9.255     2.739
 36   Cluster      81 [22,25] (45,46)   
                                 0.479    -0.140    -0.472     1.414     1.236
 37   Cluster      81 [27,28] (47,48)   
                                -3.521     1.698    -0.947     4.229     1.306
 38   Cluster      81 [14,21] (41,42)   
                                -2.153    -5.528    -5.597    10.291     6.275
 39   Cluster      81 [34] (53,54)   
                                -1.146     0.597     0.277     3.489     3.229
 40   Cluster      81 [34] (55,56)   
                                 0.989     0.029     2.585     3.375     1.931
 41   Cluster      81 [38] (57,58)   
                                -1.056    -4.300    -4.234     6.862     3.090
 42   Cluster      81 [38] (59,60)   
                                -1.097    -1.228    -1.363     3.429     2.681
--- final:
 43      a_1-  -20213 [35] (61,62)   
                                 1.489    -0.490     2.045     2.804     1.105
 44      b_1+   10213 [35] (69,70)   
                                 2.106    -0.647     5.951     6.451     1.163
 45     omega     223 [36] (77,78)   
                                 0.004    -0.076    -0.111     0.798     0.787
 46       pi0     111 [36] (83,84)   
                                 0.475    -0.064    -0.362     0.616     0.135
 47       pi+     211 [37]    
                                -0.893    -0.063    -0.350     0.971     0.140
 48        K0     311 [37] (85)   
                                -2.628     1.761    -0.597     3.257     0.498
 49       K*-    -323 [32] (88,89)   
                                -1.063     1.797    -0.177     2.273     0.883
 50       pi+     211 [32]    
                                -0.066     0.597     0.257     0.668     0.140
 51      a_00 9000111 [33] (92,93)   
                                 1.191     1.701    -1.609     2.809     0.994
 52     omega     223 [33] (105,106)   
                                 1.694     0.387    -2.312     2.996     0.780
 53   Sigma*+    3224 [39] (111,112)   
                                -1.608    -0.255     0.069     2.123     1.361
 54     pbar-   -2212 [39]    
                                 0.462     0.852     0.208     1.365     0.938
 55       f_2     225 [40] (117,118)   
                                 0.954     0.530     2.034     2.617     1.232
 56       pi-    -211 [40]    
                                 0.036    -0.501     0.551     0.758     0.140
 57  p(1535)+   22212 [41] (119,120)   
                                -0.693    -2.411    -3.101     4.269     1.521
 58 Deltabar-   -2214 [41] (123,124)   
                                -0.362    -1.889    -1.133     2.593     1.318
 59       K*0     313 [42] (125,126)   
                                -0.187    -0.665    -0.499     1.076     0.656
 60   omega''   30223 [42] (132,133)   
                                -0.911    -0.563    -0.864     2.354     1.910
------------------------------------------------------------------------------
     Sum of momenta:            -2e-05    -2e-05    -2e-05      40.8      40.8
------------------------------------------------------------------------------
Step 4 performed by DecayHandler
--- intermediates:
 61      rho-    -213 [43] (63,64)   
                                 1.193    -0.168     1.373     1.990     0.791
 62       pi0     111 [43] (67,68)   
                                 0.296    -0.323     0.672     0.814     0.135
 63       pi0     111 [61] (65,66)   
                                 0.391    -0.013     0.034     0.416     0.135
 69     omega     223 [44] (71,72)   
                                 1.810    -0.705     5.544     5.926     0.779
 71      rho0     113 [69] (73,74)   
                                 1.305    -0.576     3.197     3.517     0.346
 72       pi0     111 [69] (75,76)   
                                 0.505    -0.129     2.348     2.409     0.135
 77      rho0     113 [45] (79,80)   
                                -0.080    -0.126     0.101     0.529     0.497
 78       pi0     111 [45] (81,82)   
                                 0.084     0.050    -0.212     0.269     0.135
 85      K_S0     310 [48] (86,87)   
                                -2.628     1.761    -0.597     3.257     0.498
 89       pi0     111 [49] (90,91)   
                                -0.022     0.399     0.118     0.438     0.135
 92       eta     221 [51] (94..96)   
                                 0.583     0.642    -1.020     1.447     0.548
 93       pi0     111 [51] (103,104)   
                                 0.608     1.059    -0.589     1.362     0.135
 94       pi0     111 [92] (97,98)   
                                 0.035     0.165    -0.316     0.383     0.135
 95       pi0     111 [92] (99,100)   
                                 0.422     0.269    -0.435     0.677     0.135
 96       pi0     111 [92] (101,102)   
                                 0.126     0.209    -0.269     0.388     0.135
105      rho-    -213 [52] (107,108)   
                                 1.056     0.313    -1.442     1.905     0.581
107       pi0     111 [105] (109,110)   
                                 0.731     0.056    -0.602     0.958     0.135
111   Lambda0    3122 [53] (113,114)   
                                -1.484    -0.383     0.073     1.897     1.116
114       pi0     111 [111] (115,116)   
                                -0.225    -0.089    -0.088     0.291     0.135
120       pi0     111 [57] (121,122)   
                                 0.271    -0.647    -0.698     0.999     0.135
125        K0     311 [59] (127)   
                                -0.168    -0.428    -0.325     0.751     0.498
126       pi0     111 [59] (130,131)   
                                -0.019    -0.237    -0.174     0.324     0.135
127      K_S0     310 [125] (128,129)   
                                -0.168    -0.428    -0.325     0.751     0.498
132      rho0     113 [60] (134,135)   
                                -0.191     0.449    -0.166     0.923     0.766
133       pi0     111 [60] (136,137)   
                                -0.720    -1.011    -0.698     1.430     0.135
--- final:
 47       pi+     211 [37]    
                                -0.893    -0.063    -0.350     0.971     0.140
 50       pi+     211 [32]    
                                -0.066     0.597     0.257     0.668     0.140
 54     pbar-   -2212 [39]    
                                 0.462     0.852     0.208     1.365     0.938
 56       pi-    -211 [40]    
                                 0.036    -0.501     0.551     0.758     0.140
 64       pi-    -211 [61]    
                                 0.802    -0.155     1.339     1.575     0.140
 65     gamma      22 [63]    
                                 0.305     0.047     0.017     0.309     0.000
 66     gamma      22 [63]    
                                 0.086    -0.060     0.016     0.106     0.000
 67     gamma      22 [62]    
                                 0.125    -0.230     0.421     0.496     0.000
 68     gamma      22 [62]    
                                 0.171    -0.093     0.251     0.318     0.000
 70       pi+     211 [44]    
                                 0.296     0.057     0.406     0.525     0.140
 73       pi+     211 [71]    
                                 0.614    -0.162     1.427     1.569     0.140
 74       pi-    -211 [71]    
                                 0.691    -0.414     1.769     1.949     0.140
 75     gamma      22 [72]    
                                 0.221    -0.123     1.016     1.047     0.000
 76     gamma      22 [72]    
                                 0.284    -0.006     1.332     1.362     0.000
 79       pi+     211 [77]    
                                 0.038    -0.055     0.242     0.288     0.140
 80       pi-    -211 [77]    
                                -0.117    -0.071    -0.141     0.241     0.140
 81     gamma      22 [78]    
                                 0.104    -0.003    -0.166     0.196     0.000
 82     gamma      22 [78]    
                                -0.021     0.053    -0.046     0.073     0.000
 83     gamma      22 [46]    
                                 0.075     0.014    -0.010     0.077     0.000
 84     gamma      22 [46]    
                                 0.400    -0.078    -0.352     0.539     0.000
 86       pi+     211 [85]    
                                -0.543     0.300     0.012     0.636     0.140
 87       pi-    -211 [85]    
                                -2.085     1.461    -0.609     2.621     0.140
 88        K-    -321 [49]    
                                -1.041     1.398    -0.295     1.835     0.494
 90     gamma      22 [89]    
                                -0.045     0.065    -0.010     0.079     0.000
 91     gamma      22 [89]    
                                 0.023     0.334     0.128     0.358     0.000
 97     gamma      22 [94]    
                                 0.009     0.154    -0.152     0.217     0.000
 98     gamma      22 [94]    
                                 0.026     0.011    -0.164     0.166     0.000
 99     gamma      22 [95]    
                                 0.218     0.084    -0.137     0.271     0.000
100     gamma      22 [95]    
                                 0.204     0.185    -0.298     0.406     0.000
101     gamma      22 [96]    
                                 0.134     0.098    -0.138     0.216     0.000
102     gamma      22 [96]    
                                -0.007     0.111    -0.131     0.172     0.000
103     gamma      22 [93]    
                                 0.165     0.405    -0.180     0.473     0.000
104     gamma      22 [93]    
                                 0.443     0.653    -0.409     0.889     0.000
106       pi+     211 [52]    
                                 0.638     0.075    -0.870     1.091     0.140
108       pi-    -211 [105]    
                                 0.324     0.256    -0.840     0.947     0.140
109     gamma      22 [107]    
                                 0.130    -0.032    -0.150     0.201     0.000
110     gamma      22 [107]    
                                 0.602     0.088    -0.452     0.757     0.000
112       pi+     211 [53]    
                                -0.124     0.127    -0.003     0.226     0.140
113        n0    2112 [111]    
                                -1.259    -0.294     0.161     1.607     0.940
115     gamma      22 [114]    
                                 0.011     0.010    -0.023     0.027     0.000
116     gamma      22 [114]    
                                -0.236    -0.099    -0.066     0.264     0.000
117       pi-    -211 [55]    
                                 0.387    -0.346     1.030     1.162     0.140
118       pi+     211 [55]    
                                 0.567     0.876     1.004     1.455     0.140
119        p+    2212 [57]    
                                -0.964    -1.764    -2.403     3.270     0.938
121     gamma      22 [120]    
                                 0.208    -0.345    -0.439     0.596     0.000
122     gamma      22 [120]    
                                 0.063    -0.302    -0.259     0.403     0.000
123     nbar0   -2112 [58]    
                                -0.484    -1.830    -0.922     2.306     0.940
124       pi-    -211 [58]    
                                 0.121    -0.059    -0.211     0.287     0.140
128       pi+     211 [127]    
                                -0.275    -0.170    -0.245     0.429     0.140
129       pi-    -211 [127]    
                                 0.107    -0.258    -0.079     0.322     0.140
130     gamma      22 [126]    
                                 0.002    -0.168    -0.186     0.251     0.000
131     gamma      22 [126]    
                                -0.021    -0.069     0.012     0.073     0.000
134       pi+     211 [132]    
                                -0.386     0.238    -0.317     0.570     0.140
135       pi-    -211 [132]    
                                 0.195     0.211     0.151     0.353     0.140
136     gamma      22 [133]    
                                -0.294    -0.319    -0.282     0.517     0.000
137     gamma      22 [133]    
                                -0.426    -0.692    -0.416     0.913     0.000
------------------------------------------------------------------------------
     Sum of momenta:            -2e-05    -2e-05    -2e-05      40.8      40.8

The following exception classes were reported in this run:
ThePEG::EventHandler::ConsistencyException warning (1 times)
ThePEG::LesHouchesReader::LesHouchesReopenWarning warning (1 times)
