>>>>>>>>>>>>>>>>>>>>>>>>>>>>>>>>>>>>>>>>>>>>>>>>>>>>>>>>>>>>>>>>>>>>>>>>>>>>>>
>>>> Toolkit for HEP Event Generation - ThePEG 2.2.0 <<<<<<<<<<<<<<<<<<<<<<<<<
>>>> Tue Jun 30 00:51:05 2020                                             <<<<
<<<<<<<<<<<<<<<<<<<<<<<<<<<<<<<<<<<<<<<<<<<<<<<<<<<<<<<<<<<<<<<<<<<<<<<<<<<<<<

>> Herwig 7.2.0 / ThePEG 2.2.0

/Herwig/EventHandlers/NoCuts:
MHat  = 2 .. 17.3856 GeV
Scale = 0 .. 1e+12 GeV2
YHat  = -100 .. 100
X1    = 0 .. 1
X2    = 0 .. 1

* A warning exception of type ThePEG::LesHouchesReader::LesHouchesReopenWarning occurred while generating event number 1: 
Reopening LesHouchesReader 'myReader' after accessing 2 events out of 1
* A warning exception of type ThePEG::EventHandler::ConsistencyException occurred while generating event number 1: 
Event handler 'myLesHouchesHandler' found energy-momentum non-conservation by (-1e-05,-2e-05,-3e-05;9.99961e-06) GeV after generating step number 4.

******************************************************************************
Event number 1 (id: ./OUTPUT/0.95MB1.05/1514628482/TMP/Cluster_HERWIGOutput_6) performed by myLesHouchesHandler
Weight: 1
==============================================================================

--- Colliding particles:
  1        e-      11  (3)   
                                 4.346     0.000    -0.000     4.346     0.000
  2        e+     -11  (3)   
                                -4.346     0.000     0.000     4.346     0.000
------------------------------------------------------------------------------
Primary sub-process performed by myReader
--- incoming:
  1        e-      11  (3)   
                                 4.346     0.000    -0.000     4.346     0.000
  2        e+     -11  (3)   
                                -4.346     0.000     0.000     4.346     0.000
--- intermediates:
  3     gamma      22 [1,2] (4..7)   
                                 0.000     0.000    -0.000     8.693     8.693
--- outgoing:
  4         g      21 [3] (8)  6>>6 {+1,-2}
                                 1.419     0.139    -0.262     1.449     0.000
  5         g      21 [3] (9)  7>>7 {+3,-4}
                                -0.573     0.718    -2.920     3.061     0.000
  6         g      21 [3] (10)  4>>4 {+2,-1}
                                -1.343    -1.148     1.245     2.161     0.000
  7         g      21 [3] (11)  5>>5 {+4,-3}
                                 0.497     0.291     1.937     2.021     0.000
------------------------------------------------------------------------------
Step 1 performed by myLesHouchesHandler
--- intermediates:
  1        e-      11  (3)   
                                 4.346     0.000    -0.000     4.346     0.000
  2        e+     -11  (3)   
                                -4.346     0.000     0.000     4.346     0.000
  3     gamma      22 [1,2] (4..7)   
                                 0.000     0.000    -0.000     8.693     8.693
--- final:
  4         g      21 [3] (8)  6>>6 {+1,-2}
                                 1.419     0.139    -0.262     1.449     0.000
  5         g      21 [3] (9)  7>>7 {+3,-4}
                                -0.573     0.718    -2.920     3.061     0.000
  6         g      21 [3] (10)  4>>4 {+2,-1}
                                -1.343    -1.148     1.245     2.161     0.000
  7         g      21 [3] (11)  5>>5 {+4,-3}
                                 0.497     0.291     1.937     2.021     0.000
------------------------------------------------------------------------------
     Sum of momenta:            -2e-05    -2e-05    -3e-05      8.69      8.69
------------------------------------------------------------------------------
Step 2 performed by ShowerHandler
--- final:
  8         g      21 [4] (12,13)  10>>10 {+1,-2}
                                 1.267     0.124    -0.234     1.606     0.950
  9         g      21 [5] (14,15)  11>>11 {+3,-4}
                                -0.512     0.641    -2.609     2.895     0.950
 10         g      21 [6] (16,17)  8>>8 {+2,-1}
                                -1.200    -1.026     1.112     2.152     0.950
 11         g      21 [7] (18,19)  9>>9 {+4,-3}
                                 0.444     0.260     1.730     2.040     0.950
------------------------------------------------------------------------------
     Sum of momenta:            -2e-05    -2e-05    -3e-05      8.69      8.69
------------------------------------------------------------------------------
Step 3 performed by ClusterHadHandler
--- intermediates:
 12         u       2 [8] (20)   {+1}
                                 0.781     0.397    -0.220     0.960     0.325
 13      ubar      -2 [8] (21)   {-2}
                                 0.486    -0.273    -0.013     0.646     0.325
 14         s       3 [9] (22)   {+3}
                                -0.156     0.270    -0.883     1.039     0.450
 15      sbar      -3 [9] (23)   {-4}
                                -0.355     0.371    -1.725     1.856     0.450
 16         u       2 [10] (21)   {+2}
                                -0.582    -0.526     0.149     0.862     0.325
 17      ubar      -2 [10] (20)   {-1}
                                -0.618    -0.500     0.962     1.290     0.325
 18         u       2 [11] (23)   {+4}
                                 0.007     0.152     0.197     0.410     0.325
 19      ubar      -2 [11] (22)   {-3}
                                 0.437     0.108     1.533     1.630     0.325
 20   Cluster      81 [12,17] (28,29)   
                                 0.163    -0.102     0.742     2.250     2.116
 21   Cluster      81 [13,16] (24,25)   
                                -0.096    -0.799     0.136     1.508     1.268
 22   Cluster      81 [14,19] (26,27)   
                                 0.281     0.378     0.650     2.670     2.546
 23   Cluster      81 [15,18] (30,31)   
                                -0.348     0.523    -1.528     2.265     1.550
--- final:
 24       pi-    -211 [21]    
                                -0.146    -0.421    -0.543     0.716     0.140
 25       pi+     211 [21]    
                                 0.051    -0.378     0.679     0.791     0.140
 26  K*_2bar0    -315 [22] (32,33)   
                                -0.568    -0.067     0.499     1.690     1.510
 27       pi-    -211 [22]    
                                 0.848     0.445     0.151     0.980     0.140
 28       pi+     211 [20]    
                                 0.070    -0.089    -0.027     0.182     0.140
 29      b_1-  -10213 [20] (41,42)   
                                 0.093    -0.013     0.769     2.069     1.918
 30     K'_1+   20323 [23] (49,50)   
                                -0.394     0.372    -1.530     2.058     1.265
 31       pi0     111 [23] (53,54)   
                                 0.045     0.151     0.002     0.208     0.135
------------------------------------------------------------------------------
     Sum of momenta:            -2e-05    -2e-05    -3e-05      8.69      8.69
------------------------------------------------------------------------------
Step 4 performed by DecayHandler
--- intermediates:
 32      rho0     113 [26] (34,35)   
                                -0.349    -0.015    -0.079     0.618     0.504
 33    K*bar0    -313 [26] (36,37)   
                                -0.219    -0.052     0.578     1.072     0.874
 36     Kbar0    -311 [33] (38)   
                                -0.228     0.225     0.417     0.724     0.498
 37       pi0     111 [33] (39,40)   
                                 0.010    -0.277     0.161     0.348     0.135
 41     omega     223 [29] (43,44)   
                                 0.220     0.411     1.152     1.467     0.779
 43      rho0     113 [41] (45,46)   
                                 0.132     0.215     0.965     1.152     0.576
 44       pi0     111 [41] (47,48)   
                                 0.088     0.196     0.187     0.315     0.135
 49       K*0     313 [30] (51,52)   
                                -0.310     0.099    -0.691     1.161     0.874
--- final:
 24       pi-    -211 [21]    
                                -0.146    -0.421    -0.543     0.716     0.140
 25       pi+     211 [21]    
                                 0.051    -0.378     0.679     0.791     0.140
 27       pi-    -211 [22]    
                                 0.848     0.445     0.151     0.980     0.140
 28       pi+     211 [20]    
                                 0.070    -0.089    -0.027     0.182     0.140
 34       pi+     211 [32]    
                                -0.162    -0.182    -0.155     0.321     0.140
 35       pi-    -211 [32]    
                                -0.188     0.167     0.076     0.297     0.140
 38      K_L0     130 [36]    
                                -0.228     0.225     0.417     0.724     0.498
 39     gamma      22 [37]    
                                 0.048    -0.038     0.009     0.062     0.000
 40     gamma      22 [37]    
                                -0.039    -0.238     0.152     0.285     0.000
 42       pi-    -211 [29]    
                                -0.127    -0.424    -0.383     0.602     0.140
 45       pi+     211 [43]    
                                 0.225     0.267     0.356     0.518     0.140
 46       pi-    -211 [43]    
                                -0.093    -0.052     0.609     0.634     0.140
 47     gamma      22 [44]    
                                 0.075     0.157     0.206     0.270     0.000
 48     gamma      22 [44]    
                                 0.013     0.039    -0.019     0.045     0.000
 50       pi+     211 [30]    
                                -0.084     0.273    -0.839     0.897     0.140
 51        K+     321 [49]    
                                 0.041     0.204    -0.459     0.705     0.494
 52       pi-    -211 [49]    
                                -0.351    -0.105    -0.233     0.456     0.140
 53     gamma      22 [31]    
                                 0.047     0.010    -0.037     0.061     0.000
 54     gamma      22 [31]    
                                -0.002     0.141     0.039     0.146     0.000
------------------------------------------------------------------------------
     Sum of momenta:            -2e-05    -2e-05    -3e-05      8.69      8.69

The following exception classes were reported in this run:
ThePEG::EventHandler::ConsistencyException warning (1 times)
ThePEG::LesHouchesReader::LesHouchesReopenWarning warning (1 times)
