>>>>>>>>>>>>>>>>>>>>>>>>>>>>>>>>>>>>>>>>>>>>>>>>>>>>>>>>>>>>>>>>>>>>>>>>>>>>>>
>>>> Toolkit for HEP Event Generation - ThePEG 2.2.0 <<<<<<<<<<<<<<<<<<<<<<<<<
>>>> Tue Jun 30 00:27:06 2020                                             <<<<
<<<<<<<<<<<<<<<<<<<<<<<<<<<<<<<<<<<<<<<<<<<<<<<<<<<<<<<<<<<<<<<<<<<<<<<<<<<<<<

>> Herwig 7.2.0 / ThePEG 2.2.0

/Herwig/EventHandlers/NoCuts:
MHat  = 2 .. 30.0302 GeV
Scale = 0 .. 1e+12 GeV2
YHat  = -100 .. 100
X1    = 0 .. 1
X2    = 0 .. 1

* A warning exception of type ThePEG::LesHouchesReader::LesHouchesReopenWarning occurred while generating event number 1: 
Reopening LesHouchesReader 'myReader' after accessing 2 events out of 1
* A warning exception of type ThePEG::EventHandler::ConsistencyException occurred while generating event number 1: 
Event handler 'myLesHouchesHandler' found energy-momentum non-conservation by (-1e-05,-2e-05,-3e-05;1.99992e-05) GeV after generating step number 4.

******************************************************************************
Event number 1 (id: ./OUTPUT/0.95MB1.05/1513243360/TMP/Cluster_HERWIGOutput_14) performed by myLesHouchesHandler
Weight: 1
==============================================================================

--- Colliding particles:
  1        e-      11  (3)   
                                 7.508     0.000     0.000     7.508     0.000
  2        e+     -11  (3)   
                                -7.508     0.000     0.000     7.508     0.000
------------------------------------------------------------------------------
Primary sub-process performed by myReader
--- incoming:
  1        e-      11  (3)   
                                 7.508     0.000     0.000     7.508     0.000
  2        e+     -11  (3)   
                                -7.508     0.000     0.000     7.508     0.000
--- intermediates:
  3     gamma      22 [1,2] (4..8)   
                                 0.000     0.000     0.000    15.015    15.015
--- outgoing:
  4         g      21 [3] (9)  6>>5 {+1,-2}
                                 1.717     1.443    -0.597     2.321     0.000
  5         g      21 [3] (10)  4>>8 {+3,-1}
                                -0.493     1.795     5.083     5.413     0.000
  6         g      21 [3] (11)  7>>4 {+2,-4}
                                 0.733    -0.158    -1.611     1.777     0.000
  7         g      21 [3] (12)  8>>6 {+4,-5}
                                -0.577     0.061    -1.826     1.916     0.000
  8         g      21 [3] (13)  5>>7 {+5,-3}
                                -1.379    -3.141    -1.049     3.588     0.000
------------------------------------------------------------------------------
Step 1 performed by myLesHouchesHandler
--- intermediates:
  1        e-      11  (3)   
                                 7.508     0.000     0.000     7.508     0.000
  2        e+     -11  (3)   
                                -7.508     0.000     0.000     7.508     0.000
  3     gamma      22 [1,2] (4..8)   
                                 0.000     0.000     0.000    15.015    15.015
--- final:
  4         g      21 [3] (9)  6>>5 {+1,-2}
                                 1.717     1.443    -0.597     2.321     0.000
  5         g      21 [3] (10)  4>>8 {+3,-1}
                                -0.493     1.795     5.083     5.413     0.000
  6         g      21 [3] (11)  7>>4 {+2,-4}
                                 0.733    -0.158    -1.611     1.777     0.000
  7         g      21 [3] (12)  8>>6 {+4,-5}
                                -0.577     0.061    -1.826     1.916     0.000
  8         g      21 [3] (13)  5>>7 {+5,-3}
                                -1.379    -3.141    -1.049     3.588     0.000
------------------------------------------------------------------------------
     Sum of momenta:            -2e-05    -2e-05    -3e-05        15        15
------------------------------------------------------------------------------
Step 2 performed by ShowerHandler
--- intermediates:
 13         g      21 [8] (14,15)   {+5,-3}
                                -1.141    -2.599    -0.868     4.697     3.641
--- final:
  9         g      21 [4] (16,17)  11>>10 {+1,-2}
                                 1.420     1.194    -0.494     2.142     0.950
 10         g      21 [5] (18,19)  9>>15 {+3,-1}
                                -0.408     1.485     4.205     4.578     0.950
 11         g      21 [6] (20,21)  12>>9 {+2,-4}
                                 0.606    -0.130    -1.333     1.750     0.950
 12         g      21 [7] (22,23)  14>>11 {+4,-5}
                                -0.478     0.050    -1.510     1.848     0.950
 14         g      21 [13] (24,25)  15>>12 {+5,-6}
                                -1.491    -2.213     0.578     2.891     0.950
 15         g      21 [13] (26,27)  10>>14 {+6,-3}
                                 0.350    -0.386    -1.446     1.807     0.950
------------------------------------------------------------------------------
     Sum of momenta:            -2e-05    -2e-05    -3e-05        15        15
------------------------------------------------------------------------------
Step 3 performed by ClusterHadHandler
--- intermediates:
 16         s       3 [9] (28)   {+1}
                                 0.976     0.746    -0.345     1.354     0.450
 17      sbar      -3 [9] (33)   {-2}
                                 0.444     0.448    -0.149     0.789     0.450
 18         d       1 [10] (33)   {+3}
                                -0.419     1.015     2.050     2.348     0.325
 19      dbar      -1 [10] (28)   {-1}
                                 0.011     0.469     2.155     2.229     0.325
 20         s       3 [11] (32)   {+2}
                                 0.144    -0.067    -0.457     0.661     0.450
 21      sbar      -3 [11] (31)   {-4}
                                 0.462    -0.063    -0.876     1.089     0.450
 22         u       2 [12] (30)   {+4}
                                -0.400    -0.226    -1.163     1.292     0.325
 23      ubar      -2 [12] (29)   {-5}
                                -0.078     0.277    -0.347     0.556     0.325
 24         s       3 [14] (29)   {+5}
                                -0.993    -1.480     0.351     1.871     0.450
 25      sbar      -3 [14] (30)   {-6}
                                -0.498    -0.733     0.227     1.019     0.450
 26         d       1 [15] (31)   {+6}
                                 0.372    -0.286    -1.329     1.446     0.325
 27      dbar      -1 [15] (32)   {-3}
                                -0.022    -0.101    -0.117     0.360     0.325
 28   Cluster      81 [16,19] (36,37)   
                                 0.988     1.216     1.809     3.583     2.666
 29   Cluster      81 [23,24] (42,43)   
                                -1.071    -1.203     0.004     2.427     1.816
 30   Cluster      81 [22,25] (38,39)   
                                -0.898    -0.959    -0.936     2.311     1.655
 31   Cluster      81 [21,26] (34,35)   
                                 0.834    -0.349    -2.205     2.536     0.867
 32   Cluster      81 [20,27] (40,41)   
                                 0.122    -0.168    -0.574     1.021     0.819
 33   Cluster      81 [17,18] (44,45)   
                                 0.024     1.463     1.901     3.137     2.021
--- final:
 34       pi0     111 [31] (46,47)   
                                 0.024    -0.005    -0.760     0.772     0.135
 35        K0     311 [31] (48)   
                                 0.811    -0.344    -1.445     1.764     0.498
 36     Kbar0    -311 [28] (51)   
                                 0.066     0.770     0.293     0.965     0.498
 37   omega_3     227 [28] (52,53)   
                                 0.922     0.445     1.517     2.618     1.872
 38       pi+     211 [30]    
                                -0.497    -1.016    -0.292     1.177     0.140
 39       K*0     313 [30] (62,63)   
                                -0.401     0.057    -0.644     1.134     0.841
 40        K-    -321 [32]    
                                -0.150    -0.076    -0.309     0.606     0.494
 41       pi+     211 [32]    
                                 0.272    -0.092    -0.265     0.415     0.140
 42       pi-    -211 [29]    
                                 0.048    -0.073     0.163     0.232     0.140
 43  K'_1bar0  -20313 [29] (64,65)   
                                -1.119    -1.129    -0.159     2.195     1.505
 44      rho-    -213 [33] (71,72)   
                                 0.053     1.241     0.342     1.486     0.741
 45        K+     321 [33]    
                                -0.029     0.222     1.559     1.651     0.494
------------------------------------------------------------------------------
     Sum of momenta:            -2e-05    -2e-05    -3e-05        15        15
------------------------------------------------------------------------------
Step 4 performed by DecayHandler
--- intermediates:
 48      K_S0     310 [35] (49,50)   
                                 0.811    -0.344    -1.445     1.764     0.498
 52      b_1-  -10213 [37] (54,55)   
                                 1.049     0.225     0.697     1.748     1.191
 54     omega     223 [52] (56,57)   
                                 0.793    -0.001     0.792     1.367     0.782
 56      rho0     113 [54] (58,59)   
                                 0.274     0.214     0.287     0.599     0.395
 57       pi0     111 [54] (60,61)   
                                 0.519    -0.216     0.506     0.768     0.135
 64       K*-    -323 [43] (66,67)   
                                -0.878    -1.292    -0.337     1.827     0.887
 66     Kbar0    -311 [64] (68)   
                                -0.756    -1.001    -0.509     1.442     0.498
 68      K_S0     310 [66] (69,70)   
                                -0.756    -1.001    -0.509     1.442     0.498
 71       pi0     111 [44] (73,74)   
                                -0.149     1.113     0.134     1.139     0.135
--- final:
 38       pi+     211 [30]    
                                -0.497    -1.016    -0.292     1.177     0.140
 40        K-    -321 [32]    
                                -0.150    -0.076    -0.309     0.606     0.494
 41       pi+     211 [32]    
                                 0.272    -0.092    -0.265     0.415     0.140
 42       pi-    -211 [29]    
                                 0.048    -0.073     0.163     0.232     0.140
 45        K+     321 [33]    
                                -0.029     0.222     1.559     1.651     0.494
 46     gamma      22 [34]    
                                 0.051     0.033    -0.174     0.184     0.000
 47     gamma      22 [34]    
                                -0.028    -0.038    -0.585     0.587     0.000
 49       pi+     211 [48]    
                                 0.212    -0.089    -0.772     0.817     0.140
 50       pi-    -211 [48]    
                                 0.599    -0.254    -0.674     0.947     0.140
 51      K_L0     130 [36]    
                                 0.066     0.770     0.293     0.965     0.498
 53       pi+     211 [37]    
                                -0.127     0.221     0.820     0.870     0.140
 55       pi-    -211 [52]    
                                 0.257     0.226    -0.095     0.381     0.140
 58       pi+     211 [56]    
                                 0.164     0.032     0.003     0.218     0.140
 59       pi-    -211 [56]    
                                 0.109     0.183     0.283     0.381     0.140
 60     gamma      22 [57]    
                                 0.060    -0.028     0.130     0.146     0.000
 61     gamma      22 [57]    
                                 0.458    -0.188     0.375     0.621     0.000
 62        K+     321 [39]    
                                -0.303     0.261    -0.581     0.861     0.494
 63       pi-    -211 [39]    
                                -0.098    -0.204    -0.063     0.273     0.140
 65       pi+     211 [43]    
                                -0.241     0.162     0.178     0.368     0.140
 67       pi-    -211 [64]    
                                -0.122    -0.291     0.171     0.385     0.140
 69       pi+     211 [68]    
                                -0.462    -0.874    -0.350     1.058     0.140
 70       pi-    -211 [68]    
                                -0.294    -0.126    -0.159     0.384     0.140
 72       pi-    -211 [44]    
                                 0.203     0.127     0.208     0.347     0.140
 73     gamma      22 [71]    
                                -0.110     0.437     0.096     0.460     0.000
 74     gamma      22 [71]    
                                -0.039     0.677     0.039     0.679     0.000
------------------------------------------------------------------------------
     Sum of momenta:            -2e-05    -2e-05    -3e-05        15        15

The following exception classes were reported in this run:
ThePEG::EventHandler::ConsistencyException warning (1 times)
ThePEG::LesHouchesReader::LesHouchesReopenWarning warning (1 times)
