>>>>>>>>>>>>>>>>>>>>>>>>>>>>>>>>>>>>>>>>>>>>>>>>>>>>>>>>>>>>>>>>>>>>>>>>>>>>>>
>>>> Toolkit for HEP Event Generation - ThePEG 2.2.0 <<<<<<<<<<<<<<<<<<<<<<<<<
>>>> Tue Jun 30 00:37:35 2020                                             <<<<
<<<<<<<<<<<<<<<<<<<<<<<<<<<<<<<<<<<<<<<<<<<<<<<<<<<<<<<<<<<<<<<<<<<<<<<<<<<<<<

>> Herwig 7.2.0 / ThePEG 2.2.0

/Herwig/EventHandlers/NoCuts:
MHat  = 2 .. 17.1893 GeV
Scale = 0 .. 1e+12 GeV2
YHat  = -100 .. 100
X1    = 0 .. 1
X2    = 0 .. 1

* A warning exception of type ThePEG::LesHouchesReader::LesHouchesReopenWarning occurred while generating event number 1: 
Reopening LesHouchesReader 'myReader' after accessing 2 events out of 1
* A warning exception of type ThePEG::EventHandler::ConsistencyException occurred while generating event number 1: 
Event handler 'myLesHouchesHandler' found energy-momentum non-conservation by (-2e-05,-2e-05,-1e-05;9.99984e-06) GeV after generating step number 4.

******************************************************************************
Event number 1 (id: ./OUTPUT/0.95MB1.05/1511650143/TMP/Cluster_HERWIGOutput_8) performed by myLesHouchesHandler
Weight: 1
==============================================================================

--- Colliding particles:
  1        e-      11  (3)   
                                 4.297     0.000     0.000     4.297     0.000
  2        e+     -11  (3)   
                                -4.297     0.000    -0.000     4.297     0.000
------------------------------------------------------------------------------
Primary sub-process performed by myReader
--- incoming:
  1        e-      11  (3)   
                                 4.297     0.000     0.000     4.297     0.000
  2        e+     -11  (3)   
                                -4.297     0.000    -0.000     4.297     0.000
--- intermediates:
  3     gamma      22 [1,2] (4..7)   
                                -0.000     0.000     0.000     8.595     8.595
--- outgoing:
  4         g      21 [3] (8)  7>>7 {+1,-2}
                                 1.821    -0.729     0.549     2.037     0.000
  5         g      21 [3] (11)  6>>6 {+3,-4}
                                 0.104    -0.078    -0.410     0.430     0.000
  6         g      21 [3] (12)  5>>5 {+4,-3}
                                -0.776    -2.380     0.772     2.620     0.000
  7         g      21 [3] (13)  4>>4 {+2,-1}
                                -1.149     3.187    -0.912     3.508     0.000
------------------------------------------------------------------------------
Step 1 performed by myLesHouchesHandler
--- intermediates:
  1        e-      11  (3)   
                                 4.297     0.000     0.000     4.297     0.000
  2        e+     -11  (3)   
                                -4.297     0.000    -0.000     4.297     0.000
  3     gamma      22 [1,2] (4..7)   
                                -0.000     0.000     0.000     8.595     8.595
--- final:
  4         g      21 [3] (8)  7>>7 {+1,-2}
                                 1.821    -0.729     0.549     2.037     0.000
  5         g      21 [3] (11)  6>>6 {+3,-4}
                                 0.104    -0.078    -0.410     0.430     0.000
  6         g      21 [3] (12)  5>>5 {+4,-3}
                                -0.776    -2.380     0.772     2.620     0.000
  7         g      21 [3] (13)  4>>4 {+2,-1}
                                -1.149     3.187    -0.912     3.508     0.000
------------------------------------------------------------------------------
     Sum of momenta:            -3e-05    -2e-05    -1e-05      8.59      8.59
------------------------------------------------------------------------------
Step 2 performed by ShowerHandler
--- intermediates:
  8         g      21 [4] (9,10)   {+1,-2}
                                 1.162    -0.465     0.351     3.250     2.978
--- final:
  9         g      21 [8] (20,21)  10>>13 {+1,-5}
                                -0.094     0.343     0.941     1.384     0.950
 10         g      21 [8] (22,23)  13>>9 {+5,-2}
                                 1.257    -0.808    -0.590     1.866     0.950
 11         g      21 [5] (14,15)  12>>12 {+3,-4}
                                 0.066    -0.050    -0.261     0.989     0.950
 12         g      21 [6] (16,17)  11>>11 {+4,-3}
                                -0.495    -1.519     0.493     1.923     0.950
 13         g      21 [7] (18,19)  9>>10 {+2,-1}
                                -0.733     2.034    -0.582     2.433     0.950
------------------------------------------------------------------------------
     Sum of momenta:            -3e-05    -2e-05    -1e-05      8.59      8.59
------------------------------------------------------------------------------
Step 3 performed by ClusterHadHandler
--- intermediates:
 14         u       2 [11] (24)   {+3}
                                 0.054    -0.056     0.226     0.403     0.325
 15      ubar      -2 [11] (28)   {-4}
                                 0.012     0.006    -0.487     0.586     0.325
 16         s       3 [12] (27)   {+4}
                                -0.378    -0.713     0.311     0.975     0.450
 17      sbar      -3 [12] (24)   {-3}
                                -0.117    -0.806     0.182     0.948     0.450
 18         u       2 [13] (25)   {+2}
                                -0.777     1.255    -0.295     1.539     0.325
 19      ubar      -2 [13] (26)   {-1}
                                 0.043     0.780    -0.287     0.893     0.325
 20         u       2 [9] (26)   {+1}
                                -0.314     0.081     0.190     0.497     0.325
 21      ubar      -2 [9] (27)   {-5}
                                 0.220     0.262     0.751     0.887     0.325
 22         u       2 [10] (28)   {+5}
                                 1.061    -0.586    -0.185     1.269     0.325
 23      ubar      -2 [10] (25)   {-2}
                                 0.195    -0.222    -0.405     0.597     0.325
 24   Cluster      81 [14,17] (37,38)   
                                -0.063    -0.862     0.408     1.352     0.956
 25   Cluster      81 [18,23] (33,34)   
                                -0.581     1.033    -0.700     2.137     1.635
 26   Cluster      81 [19,20] (35,36)   
                                -0.271     0.861    -0.097     1.390     1.053
 27   Cluster      81 [16,21] (31,32)   
                                -0.158    -0.451     1.062     1.862     1.453
 28   Cluster      81 [15,22] (29,30)   
                                 1.074    -0.580    -0.672     1.854     1.224
--- final:
 29       pi+     211 [28]    
                                 0.094    -0.163    -0.094     0.253     0.140
 30      a_0- -9000211 [28] (39,40)   
                                 0.979    -0.417    -0.579     1.602     1.048
 31     Kbar0    -311 [27] (42)   
                                 0.094     0.083     0.049     0.516     0.498
 32      rho-    -213 [27] (45,46)   
                                -0.253    -0.534     1.013     1.346     0.661
 33       pi+     211 [25]    
                                -0.191     0.542    -0.452     0.744     0.140
 34      b_1-  -10213 [25] (49,50)   
                                -0.390     0.490    -0.248     1.392     1.218
 35       pi-    -211 [26]    
                                -0.308     0.369    -0.523     0.724     0.140
 36       pi+     211 [26]    
                                 0.037     0.491     0.426     0.666     0.140
 37       pi+     211 [24]    
                                -0.167    -0.486    -0.099     0.541     0.140
 38        K0     311 [24] (57)   
                                 0.103    -0.376     0.506     0.810     0.498
------------------------------------------------------------------------------
     Sum of momenta:            -3e-05    -2e-05    -1e-05      8.59      8.59
------------------------------------------------------------------------------
Step 4 performed by DecayHandler
--- intermediates:
 40        K0     311 [30] (41)   
                                 0.543    -0.049    -0.259     0.782     0.498
 42      K_S0     310 [31] (43,44)   
                                 0.094     0.083     0.049     0.516     0.498
 45       pi0     111 [32] (47,48)   
                                -0.404    -0.153     0.553     0.714     0.135
 49     omega     223 [34] (51,52)   
                                -0.204     0.004    -0.051     0.818     0.791
 51      rho-    -213 [49] (53,54)   
                                -0.246     0.095    -0.120     0.633     0.563
 53       pi0     111 [51] (55,56)   
                                -0.250    -0.137     0.040     0.318     0.135
--- final:
 29       pi+     211 [28]    
                                 0.094    -0.163    -0.094     0.253     0.140
 33       pi+     211 [25]    
                                -0.191     0.542    -0.452     0.744     0.140
 35       pi-    -211 [26]    
                                -0.308     0.369    -0.523     0.724     0.140
 36       pi+     211 [26]    
                                 0.037     0.491     0.426     0.666     0.140
 37       pi+     211 [24]    
                                -0.167    -0.486    -0.099     0.541     0.140
 39        K-    -321 [30]    
                                 0.436    -0.368    -0.319     0.819     0.494
 41      K_L0     130 [40]    
                                 0.543    -0.049    -0.259     0.782     0.498
 43       pi+     211 [42]    
                                 0.123     0.058    -0.166     0.256     0.140
 44       pi-    -211 [42]    
                                -0.029     0.025     0.215     0.259     0.140
 46       pi-    -211 [32]    
                                 0.151    -0.381     0.460     0.632     0.140
 47     gamma      22 [45]    
                                -0.133    -0.092     0.126     0.206     0.000
 48     gamma      22 [45]    
                                -0.270    -0.060     0.427     0.509     0.000
 50       pi-    -211 [34]    
                                -0.186     0.486    -0.197     0.574     0.140
 52       pi+     211 [49]    
                                 0.042    -0.091     0.069     0.185     0.140
 54       pi-    -211 [51]    
                                 0.004     0.232    -0.160     0.315     0.140
 55     gamma      22 [53]    
                                -0.016    -0.043     0.047     0.066     0.000
 56     gamma      22 [53]    
                                -0.234    -0.094    -0.008     0.252     0.000
 57      K_L0     130 [38]    
                                 0.103    -0.376     0.506     0.810     0.498
------------------------------------------------------------------------------
     Sum of momenta:            -3e-05    -2e-05    -1e-05      8.59      8.59

The following exception classes were reported in this run:
ThePEG::EventHandler::ConsistencyException warning (1 times)
ThePEG::LesHouchesReader::LesHouchesReopenWarning warning (1 times)
