>>>>>>>>>>>>>>>>>>>>>>>>>>>>>>>>>>>>>>>>>>>>>>>>>>>>>>>>>>>>>>>>>>>>>>>>>>>>>>
>>>> Toolkit for HEP Event Generation - ThePEG 2.2.0 <<<<<<<<<<<<<<<<<<<<<<<<<
>>>> Tue Jun 30 00:45:58 2020                                             <<<<
<<<<<<<<<<<<<<<<<<<<<<<<<<<<<<<<<<<<<<<<<<<<<<<<<<<<<<<<<<<<<<<<<<<<<<<<<<<<<<

>> Herwig 7.2.0 / ThePEG 2.2.0

/Herwig/EventHandlers/NoCuts:
MHat  = 2 .. 40.8495 GeV
Scale = 0 .. 1e+12 GeV2
YHat  = -100 .. 100
X1    = 0 .. 1
X2    = 0 .. 1

* A warning exception of type ThePEG::LesHouchesReader::LesHouchesReopenWarning occurred while generating event number 1: 
Reopening LesHouchesReader 'myReader' after accessing 2 events out of 1
* A warning exception of type ThePEG::EventHandler::ConsistencyException occurred while generating event number 1: 
Event handler 'myLesHouchesHandler' found energy-momentum non-conservation by (-1e-05,-2e-05,-2e-05;1.99977e-05) GeV after generating step number 4.

******************************************************************************
Event number 1 (id: ./OUTPUT/0.95MB1.05/1511886132/TMP/Cluster_HERWIGOutput_20) performed by myLesHouchesHandler
Weight: 1
==============================================================================

--- Colliding particles:
  1        e-      11  (3)   
                                10.212     0.000    -0.000    10.212     0.000
  2        e+     -11  (3)   
                               -10.212     0.000     0.000    10.212     0.000
------------------------------------------------------------------------------
Primary sub-process performed by myReader
--- incoming:
  1        e-      11  (3)   
                                10.212     0.000    -0.000    10.212     0.000
  2        e+     -11  (3)   
                               -10.212     0.000     0.000    10.212     0.000
--- intermediates:
  3     gamma      22 [1,2] (4..8)   
                                 0.000     0.000     0.000    20.425    20.425
--- outgoing:
  4         g      21 [3] (9)  7>>5 {+1,-2}
                                 0.737     0.057    -0.593     0.948     0.000
  5         g      21 [3] (10)  4>>7 {+3,-1}
                                 0.668    -1.542     2.024     2.631     0.000
  6         g      21 [3] (11)  8>>8 {+4,-5}
                                -2.400    -2.810     5.785     6.864     0.000
  7         g      21 [3] (12)  5>>4 {+2,-3}
                                -1.358     4.030    -3.207     5.327     0.000
  8         g      21 [3] (13)  6>>6 {+5,-4}
                                 2.353     0.265    -4.008     4.656     0.000
------------------------------------------------------------------------------
Step 1 performed by myLesHouchesHandler
--- intermediates:
  1        e-      11  (3)   
                                10.212     0.000    -0.000    10.212     0.000
  2        e+     -11  (3)   
                               -10.212     0.000     0.000    10.212     0.000
  3     gamma      22 [1,2] (4..8)   
                                 0.000     0.000     0.000    20.425    20.425
--- final:
  4         g      21 [3] (9)  7>>5 {+1,-2}
                                 0.737     0.057    -0.593     0.948     0.000
  5         g      21 [3] (10)  4>>7 {+3,-1}
                                 0.668    -1.542     2.024     2.631     0.000
  6         g      21 [3] (11)  8>>8 {+4,-5}
                                -2.400    -2.810     5.785     6.864     0.000
  7         g      21 [3] (12)  5>>4 {+2,-3}
                                -1.358     4.030    -3.207     5.327     0.000
  8         g      21 [3] (13)  6>>6 {+5,-4}
                                 2.353     0.265    -4.008     4.656     0.000
------------------------------------------------------------------------------
     Sum of momenta:            -2e-05    -2e-05    -2e-05      20.4      20.4
------------------------------------------------------------------------------
Step 2 performed by ShowerHandler
--- final:
  9         g      21 [4] (14,15)  12>>10 {+1,-2}
                                 0.707     0.055    -0.569     1.315     0.950
 10         g      21 [5] (16,17)  9>>12 {+3,-1}
                                 0.641    -1.479     1.941     2.696     0.950
 11         g      21 [6] (18,19)  13>>13 {+4,-5}
                                -2.302    -2.696     5.548     6.652     0.950
 12         g      21 [7] (20,21)  10>>9 {+2,-3}
                                -1.303     3.865    -3.076     5.197     0.950
 13         g      21 [8] (22,23)  11>>11 {+5,-4}
                                 2.257     0.255    -3.844     4.565     0.950
------------------------------------------------------------------------------
     Sum of momenta:            -2e-05    -2e-05    -2e-05      20.4      20.4
------------------------------------------------------------------------------
Step 3 performed by ClusterHadHandler
--- intermediates:
 14         u       2 [9] (27)   {+1}
                                -0.074     0.064    -0.162     0.376     0.325
 15      ubar      -2 [9] (24)   {-2}
                                 0.781    -0.009    -0.407     0.939     0.325
 16         u       2 [10] (26)   {+3}
                                -0.042    -0.599     0.502     0.847     0.325
 17      ubar      -2 [10] (28)   {-1}
                                 0.683    -0.881     1.439     1.849     0.325
 18         u       2 [11] (28)   {+4}
                                -1.052    -1.650     3.399     3.935     0.325
 19      ubar      -2 [11] (26)   {-5}
                                -1.250    -1.046     2.149     2.717     0.325
 20         u       2 [12] (24)   {+2}
                                -0.252     0.934    -1.067     1.476     0.325
 21      ubar      -2 [12] (25)   {-3}
                                -1.051     2.931    -2.010     3.720     0.325
 22         u       2 [13] (25)   {+5}
                                 0.434    -0.048    -1.250     1.363     0.325
 23      ubar      -2 [13] (27)   {-4}
                                 1.823     0.303    -2.595     3.202     0.325
 24   Cluster      81 [15,20] (37,38)   
                                 0.529     0.926    -1.473     2.415     1.589
 25   Cluster      81 [21,22] (29,30)   
                                -0.617     2.883    -3.259     5.083     2.554
 26   Cluster      81 [16,19] (33,34)   
                                -1.292    -1.644     2.651     3.564     1.139
 27   Cluster      81 [14,23] (35,36)   
                                 1.749     0.366    -2.757     3.578     1.418
 28   Cluster      81 [17,18] (31,32)   
                                -0.369    -2.531     4.838     5.784     1.874
--- final:
 29       f_2     225 [25] (39,40)   
                                -0.560     1.437    -2.661     3.339     1.299
 30     omega     223 [25] (41,42)   
                                -0.057     1.446    -0.598     1.744     0.769
 31      a_0+ 9000211 [28] (47,48)   
                                -0.139    -1.274     2.675     3.122     0.974
 32      rho-    -213 [28] (52,53)   
                                -0.230    -1.257     2.163     2.663     0.882
 33       pi+     211 [26]    
                                -0.850    -1.052     0.829     1.592     0.140
 34       pi-    -211 [26]    
                                -0.442    -0.592     1.822     1.971     0.140
 35      a_1+   20213 [27] (56,57)   
                                 1.328     0.206    -1.729     2.448     1.093
 36       pi-    -211 [27]    
                                 0.421     0.161    -1.027     1.131     0.140
 37       pi-    -211 [24]    
                                -0.232     0.273    -0.965     1.039     0.140
 38      rho+     213 [24] (64,65)   
                                 0.762     0.652    -0.508     1.376     0.794
------------------------------------------------------------------------------
     Sum of momenta:            -2e-05    -2e-05    -2e-05      20.4      20.4
------------------------------------------------------------------------------
Step 4 performed by DecayHandler
--- intermediates:
 41      rho0     113 [30] (43,44)   
                                 0.116     0.800    -0.208     0.958     0.471
 42       pi0     111 [30] (45,46)   
                                -0.173     0.646    -0.389     0.786     0.135
 47       eta     221 [31] (49..51)   
                                 0.161    -0.970     2.180     2.454     0.548
 52       pi0     111 [32] (54,55)   
                                -0.477    -0.886     1.818     2.082     0.135
 56    rho''+   30213 [35] (58,59)   
                                 0.134    -0.182    -0.707     0.823     0.356
 57       pi0     111 [35] (62,63)   
                                 1.194     0.387    -1.022     1.624     0.135
 58       pi0     111 [56] (60,61)   
                                -0.051    -0.041    -0.273     0.312     0.135
 64       pi0     111 [38] (66,67)   
                                 0.215     0.624    -0.104     0.681     0.135
--- final:
 33       pi+     211 [26]    
                                -0.850    -1.052     0.829     1.592     0.140
 34       pi-    -211 [26]    
                                -0.442    -0.592     1.822     1.971     0.140
 36       pi-    -211 [27]    
                                 0.421     0.161    -1.027     1.131     0.140
 37       pi-    -211 [24]    
                                -0.232     0.273    -0.965     1.039     0.140
 39       pi-    -211 [29]    
                                -0.419     0.750    -2.440     2.590     0.140
 40       pi+     211 [29]    
                                -0.141     0.687    -0.222     0.749     0.140
 43       pi+     211 [41]    
                                 0.245     0.551    -0.099     0.627     0.140
 44       pi-    -211 [41]    
                                -0.129     0.249    -0.109     0.331     0.140
 45     gamma      22 [42]    
                                -0.068     0.487    -0.286     0.569     0.000
 46     gamma      22 [42]    
                                -0.105     0.159    -0.103     0.216     0.000
 48       pi+     211 [31]    
                                -0.300    -0.304     0.494     0.668     0.140
 49     gamma      22 [47]    
                                 0.097    -0.823     2.117     2.273     0.000
 50        e-      11 [47]    
                                 0.052    -0.130     0.073     0.157     0.001
 51        e+     -11 [47]    
                                 0.013    -0.017    -0.009     0.023     0.001
 53       pi-    -211 [32]    
                                 0.247    -0.370     0.345     0.580     0.140
 54     gamma      22 [52]    
                                -0.133    -0.162     0.456     0.501     0.000
 55     gamma      22 [52]    
                                -0.344    -0.725     1.362     1.581     0.000
 59       pi+     211 [56]    
                                 0.185    -0.140    -0.434     0.512     0.140
 60     gamma      22 [58]    
                                -0.094    -0.046    -0.165     0.195     0.000
 61     gamma      22 [58]    
                                 0.043     0.005    -0.108     0.116     0.000
 62     gamma      22 [57]    
                                 0.166     0.087    -0.108     0.216     0.000
 63     gamma      22 [57]    
                                 1.028     0.301    -0.915     1.409     0.000
 65       pi+     211 [38]    
                                 0.547     0.029    -0.405     0.695     0.140
 66     gamma      22 [64]    
                                 0.075     0.202    -0.099     0.237     0.000
 67     gamma      22 [64]    
                                 0.140     0.421    -0.005     0.444     0.000
------------------------------------------------------------------------------
     Sum of momenta:            -2e-05    -2e-05    -2e-05      20.4      20.4

The following exception classes were reported in this run:
ThePEG::EventHandler::ConsistencyException warning (1 times)
ThePEG::LesHouchesReader::LesHouchesReopenWarning warning (1 times)
