>>>>>>>>>>>>>>>>>>>>>>>>>>>>>>>>>>>>>>>>>>>>>>>>>>>>>>>>>>>>>>>>>>>>>>>>>>>>>>
>>>> Toolkit for HEP Event Generation - ThePEG 2.2.0 <<<<<<<<<<<<<<<<<<<<<<<<<
>>>> Tue Jun 30 00:27:59 2020                                             <<<<
<<<<<<<<<<<<<<<<<<<<<<<<<<<<<<<<<<<<<<<<<<<<<<<<<<<<<<<<<<<<<<<<<<<<<<<<<<<<<<

>> Herwig 7.2.0 / ThePEG 2.2.0

/Herwig/EventHandlers/NoCuts:
MHat  = 2 .. 16.5057 GeV
Scale = 0 .. 1e+12 GeV2
YHat  = -100 .. 100
X1    = 0 .. 1
X2    = 0 .. 1

* A warning exception of type ThePEG::LesHouchesReader::LesHouchesReopenWarning occurred while generating event number 1: 
Reopening LesHouchesReader 'myReader' after accessing 2 events out of 1
* A warning exception of type ThePEG::EventHandler::ConsistencyException occurred while generating event number 1: 
Event handler 'myLesHouchesHandler' found energy-momentum non-conservation by (-1e-05,-2e-05,-2e-05;-3.07216e-10) GeV after generating step number 4.

******************************************************************************
Event number 1 (id: ./OUTPUT/0.95MB1.05/1514252634/TMP/Cluster_HERWIGOutput_15) performed by myLesHouchesHandler
Weight: 1
==============================================================================

--- Colliding particles:
  1        e-      11  (3)   
                                 4.126     0.000     0.000     4.126     0.000
  2        e+     -11  (3)   
                                -4.126     0.000     0.000     4.126     0.000
------------------------------------------------------------------------------
Primary sub-process performed by myReader
--- incoming:
  1        e-      11  (3)   
                                 4.126     0.000     0.000     4.126     0.000
  2        e+     -11  (3)   
                                -4.126     0.000     0.000     4.126     0.000
--- intermediates:
  3     gamma      22 [1,2] (4..7)   
                                -0.000     0.000    -0.000     8.253     8.253
--- outgoing:
  4         g      21 [3] (8)  7>>5 {+1,-2}
                                -0.302    -1.447    -0.685     1.629     0.000
  5         g      21 [3] (9)  4>>6 {+3,-1}
                                 1.305    -1.897     0.925     2.481     0.000
  6         g      21 [3] (10)  5>>7 {+4,-3}
                                -0.330     2.035    -1.200     2.385     0.000
  7         g      21 [3] (11)  6>>4 {+2,-4}
                                -0.673     1.309     0.959     1.757     0.000
------------------------------------------------------------------------------
Step 1 performed by myLesHouchesHandler
--- intermediates:
  1        e-      11  (3)   
                                 4.126     0.000     0.000     4.126     0.000
  2        e+     -11  (3)   
                                -4.126     0.000     0.000     4.126     0.000
  3     gamma      22 [1,2] (4..7)   
                                -0.000     0.000    -0.000     8.253     8.253
--- final:
  4         g      21 [3] (8)  7>>5 {+1,-2}
                                -0.302    -1.447    -0.685     1.629     0.000
  5         g      21 [3] (9)  4>>6 {+3,-1}
                                 1.305    -1.897     0.925     2.481     0.000
  6         g      21 [3] (10)  5>>7 {+4,-3}
                                -0.330     2.035    -1.200     2.385     0.000
  7         g      21 [3] (11)  6>>4 {+2,-4}
                                -0.673     1.309     0.959     1.757     0.000
------------------------------------------------------------------------------
     Sum of momenta:            -2e-05    -2e-05    -2e-05      8.25      8.25
------------------------------------------------------------------------------
Step 2 performed by ShowerHandler
--- final:
  8         g      21 [4] (12,13)  11>>9 {+1,-2}
                                -0.267    -1.280    -0.606     1.726     0.950
  9         g      21 [5] (14,15)  8>>10 {+3,-1}
                                 1.154    -1.678     0.819     2.392     0.950
 10         g      21 [6] (16,17)  9>>11 {+4,-3}
                                -0.292     1.800    -1.061     2.314     0.950
 11         g      21 [7] (18,19)  10>>8 {+2,-4}
                                -0.595     1.158     0.848     1.821     0.950
------------------------------------------------------------------------------
     Sum of momenta:            -2e-05    -2e-05    -2e-05      8.25      8.25
------------------------------------------------------------------------------
Step 3 performed by ClusterHadHandler
--- intermediates:
 12         d       1 [8] (20)   {+1}
                                -0.214    -1.066    -0.184     1.150     0.325
 13      dbar      -1 [8] (23)   {-2}
                                -0.053    -0.214    -0.422     0.576     0.325
 14         d       1 [9] (23)   {+3}
                                 0.475    -1.183     0.291     1.348     0.325
 15      dbar      -1 [9] (20)   {-1}
                                 0.679    -0.495     0.528     1.044     0.325
 16         s       3 [10] (21)   {+4}
                                -0.284     1.048    -0.682     1.359     0.450
 17      sbar      -3 [10] (22)   {-3}
                                -0.008     0.752    -0.379     0.955     0.450
 18         d       1 [11] (22)   {+2}
                                -0.182     0.326    -0.039     0.496     0.325
 19      dbar      -1 [11] (21)   {-4}
                                -0.413     0.832     0.887     1.325     0.325
 20   Cluster      81 [12,15] (24,25)   
                                 0.465    -1.561     0.344     2.194     1.429
 21   Cluster      81 [16,19] (28,29)   
                                -0.697     1.880     0.205     2.684     1.772
 22   Cluster      81 [17,18] (26,27)   
                                -0.190     1.078    -0.418     1.451     0.857
 23   Cluster      81 [13,14] (30,31)   
                                 0.422    -1.397    -0.131     1.924     1.246
--- final:
 24      rho-    -213 [20] (32,33)   
                                -0.172    -1.108     0.055     1.348     0.747
 25       pi+     211 [20]    
                                 0.637    -0.453     0.289     0.846     0.140
 26       pi-    -211 [22]    
                                -0.175     0.443    -0.415     0.647     0.140
 27        K+     321 [22]    
                                -0.015     0.635    -0.003     0.805     0.494
 28      K_1-  -10323 [21] (36,37)   
                                -0.823     1.889     0.073     2.454     1.330
 29       pi+     211 [21]    
                                 0.126    -0.009     0.132     0.230     0.140
 30        K0     311 [23] (40)   
                                 0.364    -0.762    -0.418     1.065     0.498
 31     Kbar0    -311 [23] (41)   
                                 0.059    -0.635     0.287     0.858     0.498
------------------------------------------------------------------------------
     Sum of momenta:            -2e-05    -2e-05    -2e-05      8.25      8.25
------------------------------------------------------------------------------
Step 4 performed by DecayHandler
--- intermediates:
 32       pi0     111 [24] (34,35)   
                                 0.234    -0.224    -0.070     0.358     0.135
 36  K*_0bar0  -10311 [28] (38,39)   
                                -0.612     1.580    -0.356     1.868     0.700
 41      K_S0     310 [31] (42,43)   
                                 0.059    -0.635     0.287     0.858     0.498
--- final:
 25       pi+     211 [20]    
                                 0.637    -0.453     0.289     0.846     0.140
 26       pi-    -211 [22]    
                                -0.175     0.443    -0.415     0.647     0.140
 27        K+     321 [22]    
                                -0.015     0.635    -0.003     0.805     0.494
 29       pi+     211 [21]    
                                 0.126    -0.009     0.132     0.230     0.140
 33       pi-    -211 [24]    
                                -0.407    -0.884     0.125     0.991     0.140
 34     gamma      22 [32]    
                                 0.207    -0.164    -0.104     0.284     0.000
 35     gamma      22 [32]    
                                 0.027    -0.060     0.034     0.074     0.000
 37       pi-    -211 [28]    
                                -0.211     0.309     0.428     0.586     0.140
 38        K-    -321 [36]    
                                -0.526     1.429    -0.375     1.644     0.494
 39       pi+     211 [36]    
                                -0.086     0.151     0.019     0.224     0.140
 40      K_L0     130 [30]    
                                 0.364    -0.762    -0.418     1.065     0.498
 42       pi+     211 [41]    
                                 0.109    -0.130    -0.060     0.228     0.140
 43       pi-    -211 [41]    
                                -0.050    -0.505     0.347     0.631     0.140
------------------------------------------------------------------------------
     Sum of momenta:            -2e-05    -2e-05    -2e-05      8.25      8.25

The following exception classes were reported in this run:
ThePEG::EventHandler::ConsistencyException warning (1 times)
ThePEG::LesHouchesReader::LesHouchesReopenWarning warning (1 times)
