>>>>>>>>>>>>>>>>>>>>>>>>>>>>>>>>>>>>>>>>>>>>>>>>>>>>>>>>>>>>>>>>>>>>>>>>>>>>>>
>>>> Toolkit for HEP Event Generation - ThePEG 2.2.0 <<<<<<<<<<<<<<<<<<<<<<<<<
>>>> Tue Jun 30 00:50:19 2020                                             <<<<
<<<<<<<<<<<<<<<<<<<<<<<<<<<<<<<<<<<<<<<<<<<<<<<<<<<<<<<<<<<<<<<<<<<<<<<<<<<<<<

>> Herwig 7.2.0 / ThePEG 2.2.0

/Herwig/EventHandlers/NoCuts:
MHat  = 2 .. 70.7631 GeV
Scale = 0 .. 1e+12 GeV2
YHat  = -100 .. 100
X1    = 0 .. 1
X2    = 0 .. 1

* A warning exception of type ThePEG::LesHouchesReader::LesHouchesReopenWarning occurred while generating event number 1: 
Reopening LesHouchesReader 'myReader' after accessing 2 events out of 1
* A warning exception of type ThePEG::EventHandler::ConsistencyException occurred while generating event number 1: 
Event handler 'myLesHouchesHandler' found energy-momentum non-conservation by (-2e-05,-3e-05,-1e-05;2.19967e-05) GeV after generating step number 4.

******************************************************************************
Event number 1 (id: ./OUTPUT/0.95MB1.05/1511299816/TMP/Cluster_HERWIGOutput_43) performed by myLesHouchesHandler
Weight: 1
==============================================================================

--- Colliding particles:
  1        e-      11  (3)   
                                17.691     0.000     0.000    17.691     0.000
  2        e+     -11  (3)   
                               -17.691     0.000     0.000    17.691     0.000
------------------------------------------------------------------------------
Primary sub-process performed by myReader
--- incoming:
  1        e-      11  (3)   
                                17.691     0.000     0.000    17.691     0.000
  2        e+     -11  (3)   
                               -17.691     0.000     0.000    17.691     0.000
--- intermediates:
  3     gamma      22 [1,2] (4..8)   
                                 0.000     0.000     0.000    35.382    35.382
--- outgoing:
  4         g      21 [3] (9)  7>>8 {+1,-2}
                                 0.256     0.624    -4.777     4.825     0.000
  5         g      21 [3] (12)  8>>6 {+3,-4}
                                 2.753    -2.272   -12.247    12.756     0.000
  6         g      21 [3] (13)  5>>7 {+5,-3}
                                -0.935    -0.692     1.924     2.249     0.000
  7         g      21 [3] (14)  6>>4 {+2,-5}
                                 0.133     1.254     5.066     5.220     0.000
  8         g      21 [3] (19)  4>>5 {+4,-1}
                                -2.207     1.087    10.034    10.331     0.000
------------------------------------------------------------------------------
Step 1 performed by myLesHouchesHandler
--- intermediates:
  1        e-      11  (3)   
                                17.691     0.000     0.000    17.691     0.000
  2        e+     -11  (3)   
                               -17.691     0.000     0.000    17.691     0.000
  3     gamma      22 [1,2] (4..8)   
                                 0.000     0.000     0.000    35.382    35.382
--- final:
  4         g      21 [3] (9)  7>>8 {+1,-2}
                                 0.256     0.624    -4.777     4.825     0.000
  5         g      21 [3] (12)  8>>6 {+3,-4}
                                 2.753    -2.272   -12.247    12.756     0.000
  6         g      21 [3] (13)  5>>7 {+5,-3}
                                -0.935    -0.692     1.924     2.249     0.000
  7         g      21 [3] (14)  6>>4 {+2,-5}
                                 0.133     1.254     5.066     5.220     0.000
  8         g      21 [3] (19)  4>>5 {+4,-1}
                                -2.207     1.087    10.034    10.331     0.000
------------------------------------------------------------------------------
     Sum of momenta:            -2e-05    -3e-05    -1e-05      35.4      35.4
------------------------------------------------------------------------------
Step 2 performed by ShowerHandler
--- intermediates:
  9         g      21 [4] (10,11)   {+1,-2}
                                 0.225     0.546    -4.186     5.393     3.348
 14         g      21 [7] (15,16)   {+2,-5}
                                 0.116     1.098     4.438     7.483     5.922
 16         g      21 [14] (17,18)   {+6,-5}
                                 0.705     1.358     4.491     6.334     4.197
--- final:
 10         g      21 [9] (26,27)  15>>11 {+7,-2}
                                 1.142     0.835    -3.465     3.861     0.950
 11         g      21 [9] (28,29)  10>>19 {+1,-7}
                                -0.917    -0.288    -0.721     1.532     0.950
 12         g      21 [5] (20,21)  19>>13 {+3,-4}
                                 2.412    -1.991   -10.730    11.217     0.950
 13         g      21 [6] (22,23)  12>>18 {+5,-3}
                                -0.819    -0.606     1.686     2.187     0.950
 15         g      21 [14] (30,31)  17>>10 {+2,-6}
                                -0.589    -0.259    -0.053     1.149     0.950
 17         d       1 [16] (36)  >15 {+6}
                                 1.873     2.261     3.030     4.231     0.325
 18      dbar      -1 [16] (32)  13> {-5}
                                -1.168    -0.904     1.462     2.103     0.325
 19         g      21 [8] (24,25)  11>>12 {+4,-1}
                                -1.933     0.952     8.792     9.102     0.950
------------------------------------------------------------------------------
     Sum of momenta:            -2e-05    -3e-05    -1e-05      35.4      35.4
------------------------------------------------------------------------------
Step 3 performed by ClusterHadHandler
--- intermediates:
 20         u       2 [12] (37)   {+3}
                                 1.236    -1.398    -6.824     7.082     0.325
 21      ubar      -2 [12] (33)   {-4}
                                 1.176    -0.593    -3.907     4.136     0.325
 22         d       1 [13] (32)   {+5}
                                -0.307     0.081     0.385     0.596     0.325
 23      dbar      -1 [13] (38)   {-3}
                                -0.512    -0.687     1.301     1.591     0.325
 24         u       2 [19] (34)   {+4}
                                -0.738     0.482     2.470     2.643     0.325
 25      ubar      -2 [19] (36)   {-1}
                                -1.195     0.470     6.321     6.459     0.325
 26         u       2 [10] (33)   {+7}
                                 0.410     0.149    -0.607     0.815     0.325
 27      ubar      -2 [10] (37)   {-2}
                                 0.732     0.686    -2.857     3.046     0.325
 28         d       1 [11] (35)   {+1}
                                -0.847    -0.378    -0.657     1.182     0.325
 29      dbar      -1 [11] (34)   {-7}
                                -0.070     0.089    -0.065     0.350     0.325
 30         d       1 [15] (38)   {+2}
                                -0.362    -0.214     0.305     0.613     0.325
 31      dbar      -1 [15] (35)   {-6}
                                -0.227    -0.045    -0.358     0.536     0.325
 32   Cluster      81 [18,22] (43,44)   
                                -1.475    -0.822     1.847     2.699     1.010
 33   Cluster      81 [21,26] (41,42)   
                                 1.586    -0.444    -4.514     4.951     1.192
 34   Cluster      81 [24,29] (51,52)   
                                -0.809     0.571     2.405     2.993     1.481
 35   Cluster      81 [28,31] (45,46)   
                                -1.074    -0.423    -1.014     1.717     0.768
 36   Cluster      81 [17,25] (39,40)   
                                 0.678     2.731     9.351    10.690     4.350
 37   Cluster      81 [20,27] (47,48)   
                                 1.968    -0.712    -9.681    10.127     2.112
 38   Cluster      81 [23,30] (49,50)   
                                -0.874    -0.902     1.606     2.204     0.838
 39   Cluster      81 [36] (53,54)   
                                 0.697     1.422     3.631     4.353     1.804
 40   Cluster      81 [36] (55,56)   
                                -0.019     1.309     5.720     6.337     2.394
--- final:
 41       pi0     111 [33] (57,58)   
                                 0.035     0.102    -0.170     0.242     0.135
 42     omega     223 [33] (59,60)   
                                 1.550    -0.546    -4.344     4.708     0.772
 43       pi-    -211 [32]    
                                -0.210     0.181     0.126     0.335     0.140
 44       pi+     211 [32]    
                                -1.265    -1.003     1.721     2.364     0.140
 45       pi-    -211 [35]    
                                -0.581    -0.027    -0.867     1.054     0.140
 46       pi+     211 [35]    
                                -0.493    -0.396    -0.147     0.664     0.140
 47     omega     223 [37] (65,66)   
                                 0.769     0.446    -4.661     4.810     0.786
 48       eta     221 [37] (71..73)   
                                 1.198    -1.158    -5.020     5.317     0.548
 49       pi-    -211 [38]    
                                -0.956    -0.661     1.028     1.557     0.140
 50       pi+     211 [38]    
                                 0.082    -0.241     0.578     0.647     0.140
 51       pi+     211 [34]    
                                -0.021    -0.173     1.397     1.414     0.140
 52       eta     221 [34] (76..78)   
                                -0.788     0.745     1.009     1.579     0.548
 53      rho0     113 [39] (86,87)   
                                 0.084     1.183     2.509     2.862     0.701
 54      rho0     113 [39] (88,89)   
                                 0.614     0.239     1.122     1.491     0.727
 55      rho0     113 [40] (90,91)   
                                -0.373     0.263     2.738     2.954     1.010
 56      a_2-    -215 [40] (92,93)   
                                 0.354     1.046     2.982     3.384     1.156
------------------------------------------------------------------------------
     Sum of momenta:            -2e-05    -3e-05    -1e-05      35.4      35.4
------------------------------------------------------------------------------
Step 4 performed by DecayHandler
--- intermediates:
 59      rho+     213 [42] (61,62)   
                                 1.335    -0.357    -3.623     3.919     0.574
 61       pi0     111 [59] (63,64)   
                                 1.108    -0.334    -3.305     3.504     0.135
 65      rho0     113 [47] (67,68)   
                                 0.651     0.456    -4.056     4.179     0.615
 66       pi0     111 [47] (69,70)   
                                 0.118    -0.010    -0.605     0.631     0.135
 73       pi0     111 [48] (74,75)   
                                 0.250    -0.226    -1.222     1.275     0.135
 76       pi0     111 [52] (79,80)   
                                -0.066     0.120     0.084     0.210     0.135
 77       pi0     111 [52] (81,82)   
                                -0.352     0.323     0.587     0.769     0.135
 78       pi0     111 [52] (83..85)   
                                -0.370     0.302     0.337     0.600     0.135
 92      rho-    -213 [56] (94,95)   
                                 0.485     1.084     2.548     2.909     0.748
 93       pi0     111 [56] (98,99)   
                                -0.131    -0.038     0.434     0.475     0.135
 94       pi0     111 [92] (96,97)   
                                 0.238     0.258     1.492     1.538     0.135
--- final:
 43       pi-    -211 [32]    
                                -0.210     0.181     0.126     0.335     0.140
 44       pi+     211 [32]    
                                -1.265    -1.003     1.721     2.364     0.140
 45       pi-    -211 [35]    
                                -0.581    -0.027    -0.867     1.054     0.140
 46       pi+     211 [35]    
                                -0.493    -0.396    -0.147     0.664     0.140
 49       pi-    -211 [38]    
                                -0.956    -0.661     1.028     1.557     0.140
 50       pi+     211 [38]    
                                 0.082    -0.241     0.578     0.647     0.140
 51       pi+     211 [34]    
                                -0.021    -0.173     1.397     1.414     0.140
 57     gamma      22 [41]    
                                 0.035    -0.013    -0.103     0.110     0.000
 58     gamma      22 [41]    
                                 0.001     0.115    -0.067     0.133     0.000
 60       pi-    -211 [42]    
                                 0.216    -0.189    -0.721     0.789     0.140
 62       pi+     211 [59]    
                                 0.227    -0.023    -0.318     0.415     0.140
 63     gamma      22 [61]    
                                 0.684    -0.139    -1.935     2.057     0.000
 64     gamma      22 [61]    
                                 0.424    -0.195    -1.370     1.447     0.000
 67       pi+     211 [65]    
                                 0.326     0.051    -0.776     0.855     0.140
 68       pi-    -211 [65]    
                                 0.325     0.406    -3.280     3.323     0.140
 69     gamma      22 [66]    
                                 0.130    -0.044    -0.535     0.552     0.000
 70     gamma      22 [66]    
                                -0.012     0.034    -0.070     0.079     0.000
 71       pi+     211 [48]    
                                 0.487    -0.417    -2.207     2.302     0.140
 72       pi-    -211 [48]    
                                 0.462    -0.515    -1.591     1.740     0.140
 74     gamma      22 [73]    
                                 0.259    -0.217    -1.214     1.260     0.000
 75     gamma      22 [73]    
                                -0.009    -0.009    -0.009     0.015     0.000
 79     gamma      22 [76]    
                                -0.015     0.114     0.004     0.115     0.000
 80     gamma      22 [76]    
                                -0.051     0.006     0.080     0.095     0.000
 81     gamma      22 [77]    
                                -0.071     0.112     0.244     0.278     0.000
 82     gamma      22 [77]    
                                -0.281     0.211     0.343     0.491     0.000
 83     gamma      22 [78]    
                                -0.274     0.266     0.314     0.494     0.000
 84        e-      11 [78]    
                                -0.019     0.006     0.003     0.020     0.001
 85        e+     -11 [78]    
                                -0.078     0.030     0.019     0.086     0.001
 86       pi+     211 [53]    
                                -0.088     1.013     2.283     2.503     0.140
 87       pi-    -211 [53]    
                                 0.172     0.170     0.226     0.359     0.140
 88       pi+     211 [54]    
                                 0.427    -0.019     1.040     1.133     0.140
 89       pi-    -211 [54]    
                                 0.187     0.259     0.082     0.358     0.140
 90       pi+     211 [55]    
                                 0.195    -0.022     0.147     0.282     0.140
 91       pi-    -211 [55]    
                                -0.569     0.285     2.591     2.671     0.140
 95       pi-    -211 [92]    
                                 0.247     0.826     1.056     1.370     0.140
 96     gamma      22 [94]    
                                 0.209     0.270     1.288     1.332     0.000
 97     gamma      22 [94]    
                                 0.029    -0.011     0.204     0.206     0.000
 98     gamma      22 [93]    
                                -0.149     0.001     0.336     0.368     0.000
 99     gamma      22 [93]    
                                 0.018    -0.039     0.098     0.107     0.000
------------------------------------------------------------------------------
     Sum of momenta:            -2e-05    -3e-05    -1e-05      35.4      35.4

The following exception classes were reported in this run:
ThePEG::EventHandler::ConsistencyException warning (1 times)
ThePEG::LesHouchesReader::LesHouchesReopenWarning warning (1 times)
