>>>>>>>>>>>>>>>>>>>>>>>>>>>>>>>>>>>>>>>>>>>>>>>>>>>>>>>>>>>>>>>>>>>>>>>>>>>>>>
>>>> Toolkit for HEP Event Generation - ThePEG 2.2.0 <<<<<<<<<<<<<<<<<<<<<<<<<
>>>> Tue Jun 30 00:47:49 2020                                             <<<<
<<<<<<<<<<<<<<<<<<<<<<<<<<<<<<<<<<<<<<<<<<<<<<<<<<<<<<<<<<<<<<<<<<<<<<<<<<<<<<

>> Herwig 7.2.0 / ThePEG 2.2.0

/Herwig/EventHandlers/NoCuts:
MHat  = 2 .. 24.2327 GeV
Scale = 0 .. 1e+12 GeV2
YHat  = -100 .. 100
X1    = 0 .. 1
X2    = 0 .. 1

* A warning exception of type ThePEG::LesHouchesReader::LesHouchesReopenWarning occurred while generating event number 1: 
Reopening LesHouchesReader 'myReader' after accessing 2 events out of 1
* A warning exception of type ThePEG::EventHandler::ConsistencyException occurred while generating event number 1: 
Event handler 'myLesHouchesHandler' found energy-momentum non-conservation by (-1.02318e-15,-2e-05,-2e-05;9.99959e-06) GeV after generating step number 4.

******************************************************************************
Event number 1 (id: ./OUTPUT/0.95MB1.05/1512366534/TMP/Cluster_HERWIGOutput_21) performed by myLesHouchesHandler
Weight: 1
==============================================================================

--- Colliding particles:
  1        e-      11  (3)   
                                 6.058     0.000     0.000     6.058     0.000
  2        e+     -11  (3)   
                                -6.058     0.000    -0.000     6.058     0.000
------------------------------------------------------------------------------
Primary sub-process performed by myReader
--- incoming:
  1        e-      11  (3)   
                                 6.058     0.000     0.000     6.058     0.000
  2        e+     -11  (3)   
                                -6.058     0.000    -0.000     6.058     0.000
--- intermediates:
  3     gamma      22 [1,2] (4..7)   
                                 0.000     0.000     0.000    12.116    12.116
--- outgoing:
  4         g      21 [3] (8)  7>>5 {+1,-2}
                                 0.017    -4.580    -2.483     5.210     0.000
  5         g      21 [3] (11)  4>>6 {+3,-1}
                                 0.950     0.763    -0.571     1.346     0.000
  6         g      21 [3] (12)  5>>7 {+4,-3}
                                -0.916     1.680     2.822     3.410     0.000
  7         g      21 [3] (13)  6>>4 {+2,-4}
                                -0.052     2.137     0.231     2.150     0.000
------------------------------------------------------------------------------
Step 1 performed by myLesHouchesHandler
--- intermediates:
  1        e-      11  (3)   
                                 6.058     0.000     0.000     6.058     0.000
  2        e+     -11  (3)   
                                -6.058     0.000    -0.000     6.058     0.000
  3     gamma      22 [1,2] (4..7)   
                                 0.000     0.000     0.000    12.116    12.116
--- final:
  4         g      21 [3] (8)  7>>5 {+1,-2}
                                 0.017    -4.580    -2.483     5.210     0.000
  5         g      21 [3] (11)  4>>6 {+3,-1}
                                 0.950     0.763    -0.571     1.346     0.000
  6         g      21 [3] (12)  5>>7 {+4,-3}
                                -0.916     1.680     2.822     3.410     0.000
  7         g      21 [3] (13)  6>>4 {+2,-4}
                                -0.052     2.137     0.231     2.150     0.000
------------------------------------------------------------------------------
     Sum of momenta:            -1e-05    -2e-05    -2e-05      12.1      12.1
------------------------------------------------------------------------------
Step 2 performed by ShowerHandler
--- intermediates:
  8         g      21 [4] (9,10)   {+1,-2}
                                 0.014    -3.823    -2.072     5.614     3.551
--- final:
  9         g      21 [8] (20,21)  10>>11 {+1,-5}
                                -1.061    -1.037     0.157     1.768     0.950
 10         g      21 [8] (22,23)  13>>9 {+5,-2}
                                 1.075    -2.786    -2.229     3.846     0.950
 11         g      21 [5] (14,15)  9>>12 {+3,-1}
                                 0.793     0.637    -0.476     1.471     0.950
 12         g      21 [6] (16,17)  11>>13 {+4,-3}
                                -0.765     1.402     2.356     3.000     0.950
 13         g      21 [7] (18,19)  12>>10 {+2,-4}
                                -0.043     1.784     0.193     2.031     0.950
------------------------------------------------------------------------------
     Sum of momenta:            -1e-05    -2e-05    -2e-05      12.1      12.1
------------------------------------------------------------------------------
Step 3 performed by ClusterHadHandler
--- intermediates:
 14         d       1 [11] (24)   {+3}
                                 0.625     0.508    -0.015     0.869     0.325
 15      dbar      -1 [11] (25)   {-1}
                                 0.168     0.130    -0.461     0.603     0.325
 16         s       3 [12] (26)   {+4}
                                -0.359     0.586     0.835     1.171     0.450
 17      sbar      -3 [12] (24)   {-3}
                                -0.406     0.816     1.521     1.829     0.450
 18         u       2 [13] (27)   {+2}
                                 0.063     0.308    -0.152     0.477     0.325
 19      ubar      -2 [13] (26)   {-4}
                                -0.106     1.476     0.345     1.554     0.325
 20         d       1 [9] (25)   {+1}
                                -0.396    -0.737    -0.156     0.911     0.325
 21      dbar      -1 [9] (28)   {-5}
                                -0.665    -0.300     0.313     0.858     0.325
 22         u       2 [10] (28)   {+5}
                                 0.101    -1.144    -0.941     1.520     0.325
 23      ubar      -2 [10] (27)   {-2}
                                 0.974    -1.642    -1.288     2.326     0.325
 24   Cluster      81 [14,17] (31,32)   
                                 0.219     1.323     1.505     2.698     1.792
 25   Cluster      81 [15,20] (33,34)   
                                -0.228    -0.607    -0.617     1.513     1.220
 26   Cluster      81 [16,19] (37,38)   
                                -0.464     2.062     1.180     2.725     1.251
 27   Cluster      81 [18,23] (29,30)   
                                 1.036    -1.335    -1.440     2.803     1.710
 28   Cluster      81 [21,22] (35,36)   
                                -0.564    -1.444    -0.628     2.378     1.690
--- final:
 29        K+     321 [27]    
                                 0.188    -0.591    -0.007     0.793     0.494
 30       K*-    -323 [27] (39,40)   
                                 0.848    -0.744    -1.433     2.010     0.845
 31       pi0     111 [24] (43,44)   
                                 0.022     0.457     0.052     0.479     0.135
 32     K*_20     315 [24] (45,46)   
                                 0.197     0.867     1.454     2.218     1.420
 33       pi0     111 [25] (56,57)   
                                -0.201    -0.278    -0.554     0.666     0.135
 34      rho0     113 [25] (58,59)   
                                -0.027    -0.329    -0.063     0.847     0.778
 35     rho'+  100213 [28] (60,61)   
                                -0.449    -1.390    -0.412     2.093     1.441
 36       pi0     111 [28] (64,65)   
                                -0.114    -0.054    -0.217     0.285     0.135
 37     Kbar0    -311 [26] (66)   
                                -0.100     0.398     0.695     0.948     0.498
 38       pi-    -211 [26]    
                                -0.364     1.665     0.485     1.777     0.140
------------------------------------------------------------------------------
     Sum of momenta:            -1e-05    -2e-05    -2e-05      12.1      12.1
------------------------------------------------------------------------------
Step 4 performed by DecayHandler
--- intermediates:
 40       pi0     111 [30] (41,42)   
                                 0.630    -0.456    -0.695     1.052     0.135
 45       K*0     313 [32] (47,48)   
                                -0.256     0.676     0.907     1.471     0.904
 46       pi0     111 [32] (54,55)   
                                 0.453     0.191     0.547     0.748     0.135
 47        K0     311 [45] (49)   
                                -0.268     0.267     0.820     1.031     0.498
 48       pi0     111 [45] (52,53)   
                                 0.012     0.409     0.087     0.440     0.135
 49      K_S0     310 [47] (50,51)   
                                -0.268     0.267     0.820     1.031     0.498
 60       pi0     111 [35] (62,63)   
                                -0.804    -1.396    -0.137     1.623     0.135
 66      K_S0     310 [37] (67,68)   
                                -0.100     0.398     0.695     0.948     0.498
 67       pi0     111 [66] (69,70)   
                                 0.050     0.264     0.119     0.323     0.135
 68       pi0     111 [66] (71,72)   
                                -0.150     0.134     0.576     0.625     0.135
--- final:
 29        K+     321 [27]    
                                 0.188    -0.591    -0.007     0.793     0.494
 38       pi-    -211 [26]    
                                -0.364     1.665     0.485     1.777     0.140
 39        K-    -321 [30]    
                                 0.218    -0.288    -0.737     0.958     0.494
 41     gamma      22 [40]    
                                 0.521    -0.423    -0.631     0.922     0.000
 42     gamma      22 [40]    
                                 0.108    -0.032    -0.064     0.130     0.000
 43     gamma      22 [31]    
                                -0.009     0.427     0.069     0.433     0.000
 44     gamma      22 [31]    
                                 0.032     0.030    -0.017     0.047     0.000
 50       pi+     211 [49]    
                                -0.130     0.226     0.770     0.825     0.140
 51       pi-    -211 [49]    
                                -0.138     0.041     0.050     0.206     0.140
 52     gamma      22 [48]    
                                 0.052     0.093     0.054     0.119     0.000
 53     gamma      22 [48]    
                                -0.040     0.316     0.033     0.320     0.000
 54     gamma      22 [46]    
                                 0.023    -0.008    -0.000     0.024     0.000
 55     gamma      22 [46]    
                                 0.430     0.198     0.547     0.724     0.000
 56     gamma      22 [33]    
                                -0.037    -0.166    -0.269     0.318     0.000
 57     gamma      22 [33]    
                                -0.164    -0.113    -0.286     0.348     0.000
 58       pi+     211 [34]    
                                -0.033    -0.340     0.289     0.469     0.140
 59       pi-    -211 [34]    
                                 0.006     0.011    -0.352     0.379     0.140
 61       pi+     211 [35]    
                                 0.355     0.006    -0.275     0.470     0.140
 62     gamma      22 [60]    
                                -0.780    -1.386    -0.135     1.596     0.000
 63     gamma      22 [60]    
                                -0.025    -0.010    -0.002     0.027     0.000
 64     gamma      22 [36]    
                                -0.033    -0.028     0.009     0.044     0.000
 65     gamma      22 [36]    
                                -0.081    -0.026    -0.225     0.241     0.000
 69     gamma      22 [67]    
                                -0.038     0.152     0.077     0.174     0.000
 70     gamma      22 [67]    
                                 0.088     0.112     0.042     0.149     0.000
 71     gamma      22 [68]    
                                 0.001     0.081     0.224     0.238     0.000
 72     gamma      22 [68]    
                                -0.151     0.053     0.352     0.387     0.000
------------------------------------------------------------------------------
     Sum of momenta:            -1e-05    -2e-05    -2e-05      12.1      12.1

The following exception classes were reported in this run:
ThePEG::EventHandler::ConsistencyException warning (1 times)
ThePEG::LesHouchesReader::LesHouchesReopenWarning warning (1 times)
