>>>>>>>>>>>>>>>>>>>>>>>>>>>>>>>>>>>>>>>>>>>>>>>>>>>>>>>>>>>>>>>>>>>>>>>>>>>>>>
>>>> Toolkit for HEP Event Generation - ThePEG 2.2.0 <<<<<<<<<<<<<<<<<<<<<<<<<
>>>> Tue Jun 30 00:24:46 2020                                             <<<<
<<<<<<<<<<<<<<<<<<<<<<<<<<<<<<<<<<<<<<<<<<<<<<<<<<<<<<<<<<<<<<<<<<<<<<<<<<<<<<

>> Herwig 7.2.0 / ThePEG 2.2.0

/Herwig/EventHandlers/NoCuts:
MHat  = 2 .. 62.4421 GeV
Scale = 0 .. 1e+12 GeV2
YHat  = -100 .. 100
X1    = 0 .. 1
X2    = 0 .. 1

* A warning exception of type ThePEG::LesHouchesReader::LesHouchesReopenWarning occurred while generating event number 1: 
Reopening LesHouchesReader 'myReader' after accessing 2 events out of 1
* A warning exception of type ThePEG::EventHandler::ConsistencyException occurred while generating event number 1: 
Event handler 'myLesHouchesHandler' found energy-momentum non-conservation by (-1e-05,-3e-05,-3e-05;1.99978e-05) GeV after generating step number 4.

******************************************************************************
Event number 1 (id: ./OUTPUT/0.95MB1.05/1514657236/TMP/Cluster_HERWIGOutput_11) performed by myLesHouchesHandler
Weight: 1
==============================================================================

--- Colliding particles:
  1        e-      11  (3)   
                                15.611     0.000    -0.000    15.611     0.000
  2        e+     -11  (3)   
                               -15.611     0.000     0.000    15.611     0.000
------------------------------------------------------------------------------
Primary sub-process performed by myReader
--- incoming:
  1        e-      11  (3)   
                                15.611     0.000    -0.000    15.611     0.000
  2        e+     -11  (3)   
                               -15.611     0.000     0.000    15.611     0.000
--- intermediates:
  3     gamma      22 [1,2] (4..9)   
                                 0.000     0.000     0.000    31.221    31.221
--- outgoing:
  4         g      21 [3] (10)  9>>9 {+1,-2}
                                 0.859     2.559    -0.624     2.770     0.000
  5         g      21 [3] (11)  8>>6 {+3,-4}
                                 0.945    -0.540    -2.144     2.405     0.000
  6         g      21 [3] (12)  5>>7 {+5,-3}
                                 0.703     1.004    -1.967     2.317     0.000
  7         g      21 [3] (13)  6>>8 {+6,-5}
                                -2.190     0.188    13.467    13.645     0.000
  8         g      21 [3] (16)  7>>5 {+4,-6}
                                 0.893    -2.479    -8.128     8.545     0.000
  9         g      21 [3] (17)  4>>4 {+2,-1}
                                -1.211    -0.732    -0.604     1.539     0.000
------------------------------------------------------------------------------
Step 1 performed by myLesHouchesHandler
--- intermediates:
  1        e-      11  (3)   
                                15.611     0.000    -0.000    15.611     0.000
  2        e+     -11  (3)   
                               -15.611     0.000     0.000    15.611     0.000
  3     gamma      22 [1,2] (4..9)   
                                 0.000     0.000     0.000    31.221    31.221
--- final:
  4         g      21 [3] (10)  9>>9 {+1,-2}
                                 0.859     2.559    -0.624     2.770     0.000
  5         g      21 [3] (11)  8>>6 {+3,-4}
                                 0.945    -0.540    -2.144     2.405     0.000
  6         g      21 [3] (12)  5>>7 {+5,-3}
                                 0.703     1.004    -1.967     2.317     0.000
  7         g      21 [3] (13)  6>>8 {+6,-5}
                                -2.190     0.188    13.467    13.645     0.000
  8         g      21 [3] (16)  7>>5 {+4,-6}
                                 0.893    -2.479    -8.128     8.545     0.000
  9         g      21 [3] (17)  4>>4 {+2,-1}
                                -1.211    -0.732    -0.604     1.539     0.000
------------------------------------------------------------------------------
     Sum of momenta:            -2e-05    -3e-05    -3e-05      31.2      31.2
------------------------------------------------------------------------------
Step 2 performed by ShowerHandler
--- intermediates:
 13         g      21 [7] (14,15)   {+6,-5}
                                -2.082     0.178    12.805    13.621     4.147
--- final:
 10         g      21 [4] (18,19)  17>>17 {+1,-2}
                                 0.817     2.433    -0.593     2.800     0.950
 11         g      21 [5] (20,21)  16>>12 {+3,-4}
                                 0.899    -0.513    -2.039     2.476     0.950
 12         g      21 [6] (22,23)  11>>14 {+5,-3}
                                 0.669     0.955    -1.870     2.400     0.950
 14         g      21 [13] (28,29)  12>>15 {+7,-5}
                                -1.424     1.299     3.032     3.716     0.950
 15         g      21 [13] (30,31)  14>>16 {+6,-7}
                                -0.658    -1.121     9.773     9.905     0.950
 16         g      21 [8] (24,25)  15>>11 {+4,-6}
                                 0.849    -2.357    -7.729     8.180     0.950
 17         g      21 [9] (26,27)  10>>10 {+2,-1}
                                -1.152    -0.696    -0.574     1.745     0.950
------------------------------------------------------------------------------
     Sum of momenta:            -2e-05    -3e-05    -3e-05      31.2      31.2
------------------------------------------------------------------------------
Step 3 performed by ClusterHadHandler
--- intermediates:
 18         d       1 [10] (38)   {+1}
                                 0.497     0.839    -0.491     1.139     0.325
 19      dbar      -1 [10] (32)   {-2}
                                 0.320     1.594    -0.102     1.661     0.325
 20         u       2 [11] (37)   {+3}
                                 0.024    -0.196    -0.852     0.933     0.325
 21      ubar      -2 [11] (33)   {-4}
                                 0.875    -0.318    -1.187     1.543     0.325
 22         d       1 [12] (34)   {+5}
                                 0.164     0.569    -1.372     1.529     0.325
 23      dbar      -1 [12] (38)   {-3}
                                 0.505     0.386    -0.498     0.871     0.325
 24         d       1 [16] (33)   {+4}
                                 0.594    -2.054    -6.421     6.776     0.325
 25      dbar      -1 [16] (35)   {-6}
                                 0.255    -0.303    -1.308     1.404     0.325
 26         s       3 [17] (32)   {+2}
                                -0.445    -0.439    -0.244     0.807     0.450
 27      sbar      -3 [17] (37)   {-1}
                                -0.707    -0.258    -0.331     0.937     0.450
 28         u       2 [14] (36)   {+7}
                                -1.318     1.005     2.247     2.811     0.325
 29      ubar      -2 [14] (34)   {-5}
                                -0.106     0.294     0.785     0.905     0.325
 30         u       2 [15] (35)   {+6}
                                -0.606    -0.995     8.428     8.514     0.325
 31      ubar      -2 [15] (36)   {-7}
                                -0.052    -0.126     1.345     1.391     0.325
 32   Cluster      81 [19,26] (47,48)   
                                -0.124     1.155    -0.345     2.469     2.150
 33   Cluster      81 [21,24] (41,42)   
                                 1.470    -2.372    -7.608     8.319     1.880
 34   Cluster      81 [22,29] (49,50)   
                                 0.058     0.863    -0.587     2.434     2.198
 35   Cluster      81 [25,30] (39,40)   
                                -0.351    -1.297     7.120     9.918     6.773
 36   Cluster      81 [28,31] (51,52)   
                                -1.371     0.879     3.592     4.202     1.449
 37   Cluster      81 [20,27] (43,44)   
                                -0.683    -0.453    -1.182     1.870     1.194
 38   Cluster      81 [18,23] (45,46)   
                                 1.002     1.226    -0.989     2.010     0.745
 39   Cluster      81 [35] (53,54)   
                                 0.208    -0.271    -0.987     1.315     0.800
 40   Cluster      81 [35] (55,56)   
                                -0.558    -1.026     8.107     8.603     2.632
--- final:
 41       pi-    -211 [33]    
                                 0.121    -0.205    -0.889     0.931     0.140
 42      a_10   20113 [33] (57,58)   
                                 1.349    -2.167    -6.719     7.388     1.710
 43       pi0     111 [37] (64,65)   
                                -0.105     0.082    -0.459     0.497     0.135
 44       K*+     323 [37] (66,67)   
                                -0.579    -0.536    -0.723     1.373     0.860
 45       pi0     111 [38] (69,70)   
                                 0.582     0.862    -0.985     1.438     0.135
 46       pi0     111 [38] (71,72)   
                                 0.419     0.364    -0.005     0.572     0.135
 47     nbar0   -2112 [32]    
                                 0.004     0.378    -0.091     1.017     0.940
 48    Sigma0    3212 [32] (73,74)   
                                -0.128     0.777    -0.254     1.452     1.193
 49      a_20     115 [34] (79,80)   
                                -0.068     0.419    -0.255     1.376     1.284
 50      rho-    -213 [34] (85,86)   
                                 0.126     0.444    -0.332     1.058     0.892
 51       pi+     211 [36]    
                                -1.011     0.711     1.958     2.319     0.140
 52      rho-    -213 [36] (89,90)   
                                -0.360     0.168     1.635     1.882     0.845
 53       pi+     211 [39]    
                                -0.183    -0.360    -0.356     0.556     0.140
 54       pi0     111 [39] (93,94)   
                                 0.391     0.089    -0.630     0.759     0.135
 55     omega     223 [40] (95,96)   
                                 0.299     0.240     2.864     2.993     0.782
 56       f_1   20223 [40] (101,102)   
                                -0.858    -1.266     5.243     5.609     1.280
------------------------------------------------------------------------------
     Sum of momenta:            -2e-05    -3e-05    -3e-05      31.2      31.2
------------------------------------------------------------------------------
Step 4 performed by DecayHandler
--- intermediates:
 57       K*+     323 [42] (59,60)   
                                 0.986    -2.057    -5.242     5.785     0.886
 59        K0     311 [57] (61)   
                                 0.755    -1.835    -4.826     5.242     0.498
 61      K_S0     310 [59] (62,63)   
                                 0.755    -1.835    -4.826     5.242     0.498
 66        K0     311 [44] (68)   
                                -0.528    -0.149    -0.557     0.927     0.498
 73   Lambda0    3122 [48] (75,76)   
                                -0.145     0.814    -0.248     1.411     1.116
 76       pi0     111 [73] (77,78)   
                                 0.066     0.096    -0.089     0.199     0.135
 79      rho-    -213 [49] (81,82)   
                                 0.262     0.029    -0.228     0.846     0.771
 81       pi0     111 [79] (83,84)   
                                 0.247     0.099    -0.471     0.557     0.135
 85       pi0     111 [50] (87,88)   
                                -0.077    -0.096     0.193     0.265     0.135
 89       pi0     111 [52] (91,92)   
                                 0.063     0.368     0.443     0.594     0.135
 95      rho0     113 [55] (97,98)   
                                 0.333     0.224     2.659     2.745     0.553
 96       pi0     111 [55] (99,100)   
                                -0.034     0.016     0.205     0.248     0.135
101      a_00 9000111 [56] (103,104)   
                                -0.583    -1.022     4.638     4.889     1.002
102       pi0     111 [56] (112,113)   
                                -0.275    -0.245     0.605     0.721     0.135
103       eta     221 [101] (105..107)   
                                -0.421    -0.514     3.723     3.822     0.548
104       pi0     111 [101] (110,111)   
                                -0.161    -0.507     0.915     1.067     0.135
107       pi0     111 [103] (108,109)   
                                -0.108    -0.180     1.021     1.051     0.135
--- final:
 41       pi-    -211 [33]    
                                 0.121    -0.205    -0.889     0.931     0.140
 47     nbar0   -2112 [32]    
                                 0.004     0.378    -0.091     1.017     0.940
 51       pi+     211 [36]    
                                -1.011     0.711     1.958     2.319     0.140
 53       pi+     211 [39]    
                                -0.183    -0.360    -0.356     0.556     0.140
 58        K-    -321 [42]    
                                 0.362    -0.109    -1.477     1.602     0.494
 60       pi+     211 [57]    
                                 0.231    -0.223    -0.416     0.544     0.140
 62       pi+     211 [61]    
                                 0.541    -1.398    -3.158     3.498     0.140
 63       pi-    -211 [61]    
                                 0.214    -0.437    -1.668     1.743     0.140
 64     gamma      22 [43]    
                                -0.059     0.053    -0.425     0.432     0.000
 65     gamma      22 [43]    
                                -0.046     0.030    -0.034     0.064     0.000
 67       pi+     211 [44]    
                                -0.051    -0.387    -0.166     0.447     0.140
 68      K_L0     130 [66]    
                                -0.528    -0.149    -0.557     0.927     0.498
 69     gamma      22 [45]    
                                 0.030     0.075    -0.126     0.149     0.000
 70     gamma      22 [45]    
                                 0.553     0.786    -0.859     1.289     0.000
 71     gamma      22 [46]    
                                 0.212     0.264     0.024     0.339     0.000
 72     gamma      22 [46]    
                                 0.207     0.100    -0.029     0.232     0.000
 74     gamma      22 [48]    
                                 0.017    -0.037    -0.006     0.041     0.000
 75        n0    2112 [73]    
                                -0.211     0.717    -0.159     1.211     0.940
 77     gamma      22 [76]    
                                 0.034     0.055     0.029     0.071     0.000
 78     gamma      22 [76]    
                                 0.031     0.041    -0.117     0.128     0.000
 80       pi+     211 [49]    
                                -0.330     0.391    -0.026     0.531     0.140
 82       pi-    -211 [79]    
                                 0.015    -0.070     0.242     0.289     0.140
 83     gamma      22 [81]    
                                -0.004    -0.020    -0.037     0.043     0.000
 84     gamma      22 [81]    
                                 0.251     0.118    -0.433     0.515     0.000
 86       pi-    -211 [50]    
                                 0.203     0.539    -0.525     0.792     0.140
 87     gamma      22 [85]    
                                -0.022     0.033     0.066     0.076     0.000
 88     gamma      22 [85]    
                                -0.056    -0.128     0.127     0.189     0.000
 90       pi-    -211 [52]    
                                -0.423    -0.200     1.192     1.288     0.140
 91     gamma      22 [89]    
                                -0.001     0.241     0.200     0.313     0.000
 92     gamma      22 [89]    
                                 0.064     0.127     0.243     0.281     0.000
 93     gamma      22 [54]    
                                 0.084     0.027    -0.054     0.104     0.000
 94     gamma      22 [54]    
                                 0.307     0.061    -0.576     0.655     0.000
 97       pi+     211 [95]    
                                 0.269    -0.021     2.036     2.059     0.140
 98       pi-    -211 [95]    
                                 0.064     0.245     0.623     0.686     0.140
 99     gamma      22 [96]    
                                 0.025     0.025     0.000     0.035     0.000
100     gamma      22 [96]    
                                -0.059    -0.009     0.204     0.213     0.000
105       pi+     211 [103]    
                                 0.012    -0.114     1.107     1.122     0.140
106       pi-    -211 [103]    
                                -0.326    -0.219     1.595     1.649     0.140
108     gamma      22 [107]    
                                 0.018    -0.091     0.311     0.325     0.000
109     gamma      22 [107]    
                                -0.125    -0.089     0.710     0.726     0.000
110     gamma      22 [104]    
                                -0.162    -0.473     0.769     0.917     0.000
111     gamma      22 [104]    
                                 0.000    -0.034     0.146     0.150     0.000
112     gamma      22 [102]    
                                -0.176    -0.068     0.310     0.363     0.000
113     gamma      22 [102]    
                                -0.099    -0.177     0.295     0.358     0.000
------------------------------------------------------------------------------
     Sum of momenta:            -2e-05    -3e-05    -3e-05      31.2      31.2

The following exception classes were reported in this run:
ThePEG::EventHandler::ConsistencyException warning (1 times)
ThePEG::LesHouchesReader::LesHouchesReopenWarning warning (1 times)
