>>>>>>>>>>>>>>>>>>>>>>>>>>>>>>>>>>>>>>>>>>>>>>>>>>>>>>>>>>>>>>>>>>>>>>>>>>>>>>
>>>> Toolkit for HEP Event Generation - ThePEG 2.2.0 <<<<<<<<<<<<<<<<<<<<<<<<<
>>>> Tue Jun 30 00:22:22 2020                                             <<<<
<<<<<<<<<<<<<<<<<<<<<<<<<<<<<<<<<<<<<<<<<<<<<<<<<<<<<<<<<<<<<<<<<<<<<<<<<<<<<<

>> Herwig 7.2.0 / ThePEG 2.2.0

/Herwig/EventHandlers/NoCuts:
MHat  = 2 .. 47.2709 GeV
Scale = 0 .. 1e+12 GeV2
YHat  = -100 .. 100
X1    = 0 .. 1
X2    = 0 .. 1

* A warning exception of type ThePEG::LesHouchesReader::LesHouchesReopenWarning occurred while generating event number 1: 
Reopening LesHouchesReader 'myReader' after accessing 2 events out of 1
* A warning exception of type ThePEG::EventHandler::ConsistencyException occurred while generating event number 1: 
Event handler 'myLesHouchesHandler' found energy-momentum non-conservation by (-2e-05,-2e-05,-3e-05;9.9979e-06) GeV after generating step number 4.

******************************************************************************
Event number 1 (id: ./OUTPUT/0.95MB1.05/1514252634/TMP/Cluster_HERWIGOutput_8) performed by myLesHouchesHandler
Weight: 1
==============================================================================

--- Colliding particles:
  1        e-      11  (3)   
                                11.818     0.000    -0.000    11.818     0.000
  2        e+     -11  (3)   
                               -11.818     0.000     0.000    11.818     0.000
------------------------------------------------------------------------------
Primary sub-process performed by myReader
--- incoming:
  1        e-      11  (3)   
                                11.818     0.000    -0.000    11.818     0.000
  2        e+     -11  (3)   
                               -11.818     0.000     0.000    11.818     0.000
--- intermediates:
  3     gamma      22 [1,2] (4..8)   
                                 0.000     0.000    -0.000    23.635    23.635
--- outgoing:
  4         g      21 [3] (9)  5>>5 {+1,-2}
                                 6.489     0.472     3.481     7.379     0.000
  5         g      21 [3] (12)  4>>4 {+2,-1}
                                -6.253    -2.558    -1.953     7.033     0.000
  6         g      21 [3] (13)  7>>8 {+3,-4}
                                 3.433     1.038     0.473     3.618     0.000
  7         g      21 [3] (14)  8>>6 {+4,-5}
                                -2.867     0.670    -3.046     4.236     0.000
  8         g      21 [3] (17)  6>>7 {+5,-3}
                                -0.802     0.378     1.045     1.370     0.000
------------------------------------------------------------------------------
Step 1 performed by myLesHouchesHandler
--- intermediates:
  1        e-      11  (3)   
                                11.818     0.000    -0.000    11.818     0.000
  2        e+     -11  (3)   
                               -11.818     0.000     0.000    11.818     0.000
  3     gamma      22 [1,2] (4..8)   
                                 0.000     0.000    -0.000    23.635    23.635
--- final:
  4         g      21 [3] (9)  5>>5 {+1,-2}
                                 6.489     0.472     3.481     7.379     0.000
  5         g      21 [3] (12)  4>>4 {+2,-1}
                                -6.253    -2.558    -1.953     7.033     0.000
  6         g      21 [3] (13)  7>>8 {+3,-4}
                                 3.433     1.038     0.473     3.618     0.000
  7         g      21 [3] (14)  8>>6 {+4,-5}
                                -2.867     0.670    -3.046     4.236     0.000
  8         g      21 [3] (17)  6>>7 {+5,-3}
                                -0.802     0.378     1.045     1.370     0.000
------------------------------------------------------------------------------
     Sum of momenta:            -3e-05    -2e-05    -3e-05      23.6      23.6
------------------------------------------------------------------------------
Step 2 performed by ShowerHandler
--- intermediates:
  9         g      21 [4] (10,11)   {+1,-2}
                                 5.679     0.413     3.047     7.290     3.382
 14         g      21 [7] (15,16)   {+4,-5}
                                -2.509     0.586    -2.666     5.282     3.762
--- final:
 10         g      21 [9] (24,25)  12>>11 {+6,-2}
                                 4.261     1.083     3.088     5.456     0.950
 11         g      21 [9] (26,27)  10>>12 {+1,-6}
                                 1.418    -0.670    -0.041     1.834     0.950
 12         g      21 [5] (18,19)  11>>10 {+2,-1}
                                -5.473    -2.239    -1.710     6.228     0.950
 13         g      21 [6] (20,21)  15>>17 {+3,-4}
                                 3.005     0.908     0.414     3.306     0.950
 15         g      21 [14] (28,29)  16>>13 {+4,-7}
                                -0.540     1.575    -2.046     2.803     0.950
 16         g      21 [14] (30,31)  17>>15 {+7,-5}
                                -1.970    -0.988    -0.620     2.478     0.950
 17         g      21 [8] (22,23)  13>>16 {+5,-3}
                                -0.702     0.331     0.914     1.530     0.950
------------------------------------------------------------------------------
     Sum of momenta:            -3e-05    -2e-05    -3e-05      23.6      23.6
------------------------------------------------------------------------------
Step 3 performed by ClusterHadHandler
--- intermediates:
 18         s       3 [12] (36)   {+2}
                                -3.382    -1.452    -0.979     3.835     0.450
 19      sbar      -3 [12] (38)   {-1}
                                -2.090    -0.787    -0.731     2.393     0.450
 20         u       2 [13] (35)   {+3}
                                 1.055     0.539    -0.092     1.232     0.325
 21      ubar      -2 [13] (32)   {-4}
                                 1.950     0.369     0.506     2.074     0.325
 22         s       3 [17] (33)   {+5}
                                -0.419     0.298     0.413     0.798     0.450
 23      sbar      -3 [17] (36)   {-3}
                                -0.283     0.033     0.502     0.732     0.450
 24         u       2 [10] (34)   {+6}
                                 3.273     0.716     2.583     4.243     0.325
 25      ubar      -2 [10] (35)   {-2}
                                 0.988     0.367     0.505     1.213     0.325
 26         u       2 [11] (37)   {+1}
                                 0.242    -0.353    -0.178     0.566     0.325
 27      ubar      -2 [11] (34)   {-6}
                                 1.176    -0.317     0.137     1.268     0.325
 28         u       2 [15] (32)   {+4}
                                -0.259     0.607    -1.347     1.535     0.325
 29      ubar      -2 [15] (37)   {-7}
                                -0.280     0.967    -0.698     1.268     0.325
 30         s       3 [16] (38)   {+7}
                                -1.110    -0.692    -0.309     1.417     0.450
 31      sbar      -3 [16] (33)   {-5}
                                -0.860    -0.296    -0.311     1.061     0.450
 32   Cluster      81 [21,28] (43,44)   
                                 1.690     0.976    -0.841     3.609     2.917
 33   Cluster      81 [22,31] (45,46)   
                                -1.278     0.002     0.102     1.859     1.346
 34   Cluster      81 [24,27] (41,42)   
                                 4.449     0.399     2.719     5.511     1.737
 35   Cluster      81 [20,25] (39,40)   
                                 2.043     0.906     0.413     2.445     0.902
 36   Cluster      81 [18,23] (51,52)   
                                -3.666    -1.419    -0.477     4.567     2.276
 37   Cluster      81 [26,29] (49,50)   
                                -0.039     0.614    -0.876     1.834     1.489
 38   Cluster      81 [19,30] (47,48)   
                                -3.200    -1.479    -1.040     3.810     1.003
--- final:
 39       pi0     111 [35] (53,54)   
                                 1.501     0.849    -0.030     1.730     0.135
 40       pi0     111 [35] (55,56)   
                                 0.542     0.057     0.443     0.715     0.135
 41       pi0     111 [34] (57,58)   
                                 0.432    -0.115     0.509     0.691     0.135
 42      a_10   20113 [34] (59,60)   
                                 4.017     0.514     2.210     4.820     1.394
 43     nbar0   -2112 [32]    
                                 1.181     1.050     0.278     1.859     0.940
 44    Delta0    2114 [32] (65,66)   
                                 0.510    -0.074    -1.119     1.750     1.242
 45        K-    -321 [33]    
                                -0.762     0.250    -0.318     0.994     0.494
 46        K+     321 [33]    
                                -0.516    -0.248     0.420     0.865     0.494
 47     Kbar0    -311 [38] (69)   
                                -1.728    -0.754    -0.516     2.018     0.498
 48        K0     311 [38] (72)   
                                -1.472    -0.725    -0.524     1.792     0.498
 49      a_0+ 9000211 [37] (75,76)   
                                 0.343     0.283    -0.273     1.035     0.894
 50       pi-    -211 [37]    
                                -0.381     0.331    -0.603     0.799     0.140
 51    K*bar0    -313 [36] (86,87)   
                                -1.511    -0.768    -0.914     2.115     0.876
 52       K*0     313 [36] (91,92)   
                                -2.155    -0.652     0.437     2.452     0.867
------------------------------------------------------------------------------
     Sum of momenta:            -3e-05    -2e-05    -3e-05      23.6      23.6
------------------------------------------------------------------------------
Step 4 performed by DecayHandler
--- intermediates:
 59     rho'- -100213 [42] (61,62)   
                                 2.847     0.078     1.207     3.212     0.865
 62       pi0     111 [59] (63,64)   
                                 1.100    -0.368     0.505     1.272     0.135
 66       pi0     111 [44] (67,68)   
                                 0.044    -0.231    -0.136     0.304     0.135
 69      K_S0     310 [47] (70,71)   
                                -1.728    -0.754    -0.516     2.018     0.498
 72      K_S0     310 [48] (73,74)   
                                -1.472    -0.725    -0.524     1.792     0.498
 75       eta     221 [49] (77..79)   
                                 0.139     0.396    -0.319     0.760     0.548
 77       pi0     111 [75] (80,81)   
                                -0.011     0.050     0.005     0.144     0.135
 78       pi0     111 [75] (82,83)   
                                 0.090     0.329    -0.277     0.459     0.135
 79       pi0     111 [75] (84,85)   
                                 0.061     0.017    -0.047     0.156     0.135
 86     Kbar0    -311 [51] (88)   
                                -0.918    -0.751    -0.504     1.382     0.498
 87       pi0     111 [51] (89,90)   
                                -0.593    -0.016    -0.411     0.734     0.135
 91        K0     311 [52] (93)   
                                -2.014    -0.602     0.246     2.174     0.498
 92       pi0     111 [52] (96,97)   
                                -0.141    -0.050     0.191     0.278     0.135
 93      K_S0     310 [91] (94,95)   
                                -2.014    -0.602     0.246     2.174     0.498
--- final:
 43     nbar0   -2112 [32]    
                                 1.181     1.050     0.278     1.859     0.940
 45        K-    -321 [33]    
                                -0.762     0.250    -0.318     0.994     0.494
 46        K+     321 [33]    
                                -0.516    -0.248     0.420     0.865     0.494
 50       pi-    -211 [37]    
                                -0.381     0.331    -0.603     0.799     0.140
 53     gamma      22 [39]    
                                 0.858     0.485     0.050     0.987     0.000
 54     gamma      22 [39]    
                                 0.643     0.364    -0.080     0.743     0.000
 55     gamma      22 [40]    
                                 0.468     0.040     0.312     0.564     0.000
 56     gamma      22 [40]    
                                 0.074     0.017     0.131     0.151     0.000
 57     gamma      22 [41]    
                                 0.111    -0.026     0.052     0.125     0.000
 58     gamma      22 [41]    
                                 0.321    -0.088     0.457     0.566     0.000
 60       pi+     211 [42]    
                                 1.170     0.437     1.003     1.608     0.140
 61       pi-    -211 [59]    
                                 1.747     0.445     0.702     1.940     0.140
 63     gamma      22 [62]    
                                 0.218    -0.131     0.121     0.281     0.000
 64     gamma      22 [62]    
                                 0.881    -0.237     0.385     0.991     0.000
 65        n0    2112 [44]    
                                 0.466     0.157    -0.983     1.446     0.940
 67     gamma      22 [66]    
                                 0.014    -0.165    -0.157     0.228     0.000
 68     gamma      22 [66]    
                                 0.029    -0.066     0.021     0.075     0.000
 70       pi+     211 [69]    
                                -0.916    -0.621    -0.295     1.154     0.140
 71       pi-    -211 [69]    
                                -0.812    -0.133    -0.221     0.864     0.140
 73       pi+     211 [72]    
                                -0.782    -0.271    -0.075     0.842     0.140
 74       pi-    -211 [72]    
                                -0.690    -0.454    -0.449     0.950     0.140
 76       pi+     211 [49]    
                                 0.204    -0.113     0.046     0.275     0.140
 80     gamma      22 [77]    
                                -0.063    -0.011    -0.002     0.064     0.000
 81     gamma      22 [77]    
                                 0.052     0.060     0.006     0.080     0.000
 82     gamma      22 [78]    
                                 0.123     0.276    -0.208     0.367     0.000
 83     gamma      22 [78]    
                                -0.033     0.053    -0.069     0.093     0.000
 84     gamma      22 [79]    
                                 0.069     0.061    -0.003     0.093     0.000
 85     gamma      22 [79]    
                                -0.009    -0.044    -0.045     0.064     0.000
 88      K_L0     130 [86]    
                                -0.918    -0.751    -0.504     1.382     0.498
 89     gamma      22 [87]    
                                -0.326     0.050    -0.186     0.379     0.000
 90     gamma      22 [87]    
                                -0.266    -0.067    -0.225     0.355     0.000
 94       pi+     211 [93]    
                                -0.861    -0.105     0.240     0.911     0.140
 95       pi-    -211 [93]    
                                -1.153    -0.497     0.006     1.263     0.140
 96     gamma      22 [92]    
                                -0.156    -0.016     0.120     0.197     0.000
 97     gamma      22 [92]    
                                 0.015    -0.034     0.071     0.080     0.000
------------------------------------------------------------------------------
     Sum of momenta:            -3e-05    -2e-05    -3e-05      23.6      23.6

The following exception classes were reported in this run:
ThePEG::EventHandler::ConsistencyException warning (1 times)
ThePEG::LesHouchesReader::LesHouchesReopenWarning warning (1 times)
