>>>>>>>>>>>>>>>>>>>>>>>>>>>>>>>>>>>>>>>>>>>>>>>>>>>>>>>>>>>>>>>>>>>>>>>>>>>>>>
>>>> Toolkit for HEP Event Generation - ThePEG 2.2.0 <<<<<<<<<<<<<<<<<<<<<<<<<
>>>> Tue Jun 30 00:22:35 2020                                             <<<<
<<<<<<<<<<<<<<<<<<<<<<<<<<<<<<<<<<<<<<<<<<<<<<<<<<<<<<<<<<<<<<<<<<<<<<<<<<<<<<

>> Herwig 7.2.0 / ThePEG 2.2.0

/Herwig/EventHandlers/NoCuts:
MHat  = 2 .. 40.1825 GeV
Scale = 0 .. 1e+12 GeV2
YHat  = -100 .. 100
X1    = 0 .. 1
X2    = 0 .. 1

* A warning exception of type ThePEG::LesHouchesReader::LesHouchesReopenWarning occurred while generating event number 1: 
Reopening LesHouchesReader 'myReader' after accessing 2 events out of 1
* A warning exception of type ThePEG::EventHandler::ConsistencyException occurred while generating event number 1: 
Event handler 'myLesHouchesHandler' found energy-momentum non-conservation by (3.29692e-15,-3e-05,-1e-05;-6.10271e-11) GeV after generating step number 4.

******************************************************************************
Event number 1 (id: ./OUTPUT/0.95MB1.05/1511422153/TMP/Cluster_HERWIGOutput_8) performed by myLesHouchesHandler
Weight: 1
==============================================================================

--- Colliding particles:
  1        e-      11  (3)   
                                10.046     0.000    -0.000    10.046     0.000
  2        e+     -11  (3)   
                               -10.046     0.000     0.000    10.046     0.000
------------------------------------------------------------------------------
Primary sub-process performed by myReader
--- incoming:
  1        e-      11  (3)   
                                10.046     0.000    -0.000    10.046     0.000
  2        e+     -11  (3)   
                               -10.046     0.000     0.000    10.046     0.000
--- intermediates:
  3     gamma      22 [1,2] (4..7)   
                                 0.000     0.000    -0.000    20.091    20.091
--- outgoing:
  4         g      21 [3] (8)  7>>7 {+1,-2}
                                -0.386    -0.936     2.886     3.059     0.000
  5         g      21 [3] (11)  6>>6 {+3,-4}
                                 1.374    -0.908     5.617     5.854     0.000
  6         g      21 [3] (12)  5>>5 {+4,-3}
                                -0.254     2.768    -0.195     2.786     0.000
  7         g      21 [3] (13)  4>>4 {+2,-1}
                                -0.734    -0.924    -8.309     8.392     0.000
------------------------------------------------------------------------------
Step 1 performed by myLesHouchesHandler
--- intermediates:
  1        e-      11  (3)   
                                10.046     0.000    -0.000    10.046     0.000
  2        e+     -11  (3)   
                               -10.046     0.000     0.000    10.046     0.000
  3     gamma      22 [1,2] (4..7)   
                                 0.000     0.000    -0.000    20.091    20.091
--- final:
  4         g      21 [3] (8)  7>>7 {+1,-2}
                                -0.386    -0.936     2.886     3.059     0.000
  5         g      21 [3] (11)  6>>6 {+3,-4}
                                 1.374    -0.908     5.617     5.854     0.000
  6         g      21 [3] (12)  5>>5 {+4,-3}
                                -0.254     2.768    -0.195     2.786     0.000
  7         g      21 [3] (13)  4>>4 {+2,-1}
                                -0.734    -0.924    -8.309     8.392     0.000
------------------------------------------------------------------------------
     Sum of momenta:            -1e-05    -3e-05    -1e-05      20.1      20.1
------------------------------------------------------------------------------
Step 2 performed by ShowerHandler
--- intermediates:
  8         g      21 [4] (9,10)   {+1,-2}
                                -0.365    -0.886     2.733     3.660     2.238
--- final:
  9         d       1 [8] (23)  >13 {+1}
                                 0.351    -1.287     0.947     1.668     0.325
 10      dbar      -1 [8] (21)  13> {-2}
                                -0.716     0.401     1.786     1.992     0.325
 11         g      21 [5] (14,15)  12>>12 {+3,-4}
                                 1.301    -0.860     5.319     5.624     0.950
 12         g      21 [6] (16,17)  11>>11 {+4,-3}
                                -0.241     2.621    -0.184     2.804     0.950
 13         g      21 [7] (18,19)  9>>10 {+2,-1}
                                -0.695    -0.875    -7.868     8.003     0.950
------------------------------------------------------------------------------
     Sum of momenta:            -1e-05    -3e-05    -1e-05      20.1      20.1
------------------------------------------------------------------------------
Step 3 performed by ClusterHadHandler
--- intermediates:
 14         s       3 [11] (20)   {+3}
                                 0.536    -0.507     2.287     2.445     0.450
 15      sbar      -3 [11] (23)   {-4}
                                 0.766    -0.353     3.032     3.179     0.450
 16         u       2 [12] (22)   {+4}
                                 0.095     1.213     0.192     1.274     0.325
 17      ubar      -2 [12] (20)   {-3}
                                -0.336     1.407    -0.376     1.530     0.325
 18         u       2 [13] (21)   {+2}
                                -0.756    -0.616    -4.959     5.064     0.325
 19      ubar      -2 [13] (22)   {-1}
                                 0.060    -0.259    -2.909     2.939     0.325
 20   Cluster      81 [14,17] (30,31)   
                                 0.200     0.900     1.911     3.975     3.361
 21   Cluster      81 [10,18] (24,25)   
                                -1.472    -0.215    -3.173     7.056     6.125
 22   Cluster      81 [16,19] (28,29)   
                                 0.155     0.955    -2.717     4.213     3.071
 23   Cluster      81 [9,15] (32,33)   
                                 1.116    -1.640     3.979     4.847     1.930
 24   Cluster      81 [21] (26,27)   
                                -1.212    -0.316    -3.529     6.207     4.950
 25   Cluster      81 [21] (34,35)   
                                -0.260     0.101     0.356     0.850     0.719
 26   Cluster      81 [24] (36,37)   
                                -0.613    -0.490    -3.960     4.229     1.258
 27   Cluster      81 [24] (38,39)   
                                -0.599     0.174     0.431     1.978     1.827
--- final:
 28       f_2     225 [22] (40,41)   
                                -0.482    -0.205    -1.758     2.183     1.184
 29      b_10   10113 [22] (42,43)   
                                 0.637     1.160    -0.959     2.030     1.204
 30       K*-    -323 [20] (52,53)   
                                 0.134    -0.319    -0.470     1.031     0.850
 31       f_2     225 [20] (56,57)   
                                 0.067     1.219     2.381     2.944     1.228
 32       pi-    -211 [23]    
                                 0.254    -0.619     0.380     0.782     0.140
 33     K'_1+   20323 [23] (58,59)   
                                 0.862    -1.021     3.599     4.065     1.336
 34       pi0     111 [25] (62,63)   
                                -0.041     0.338     0.025     0.367     0.135
 35       pi+     211 [25]    
                                -0.219    -0.237     0.331     0.483     0.140
 36       pi0     111 [26] (64,65)   
                                -0.718    -0.757    -3.584     3.735     0.135
 37       pi+     211 [26]    
                                 0.105     0.267    -0.376     0.493     0.140
 38       eta     221 [27] (66..68)   
                                -0.096    -0.550     0.697     1.047     0.548
 39       pi-    -211 [27]    
                                -0.503     0.724    -0.265     0.931     0.140
------------------------------------------------------------------------------
     Sum of momenta:            -1e-05    -3e-05    -1e-05      20.1      20.1
------------------------------------------------------------------------------
Step 4 performed by DecayHandler
--- intermediates:
 42     omega     223 [29] (44,45)   
                                 0.584     0.474    -0.575     1.230     0.786
 43       pi0     111 [29] (50,51)   
                                 0.053     0.686    -0.384     0.800     0.135
 44      rho-    -213 [42] (46,47)   
                                 0.353     0.450    -0.517     0.953     0.560
 46       pi0     111 [44] (48,49)   
                                -0.051    -0.037    -0.064     0.162     0.135
 53       pi0     111 [30] (54,55)   
                                 0.048    -0.068    -0.442     0.470     0.135
 58       K*0     313 [33] (60,61)   
                                 0.744    -1.128     2.750     3.190     0.887
 66       pi0     111 [38] (69,70)   
                                -0.082    -0.356     0.418     0.571     0.135
 67       pi0     111 [38] (71,72)   
                                 0.054    -0.012     0.077     0.165     0.135
 68       pi0     111 [38] (73,74)   
                                -0.067    -0.182     0.202     0.311     0.135
--- final:
 32       pi-    -211 [23]    
                                 0.254    -0.619     0.380     0.782     0.140
 35       pi+     211 [25]    
                                -0.219    -0.237     0.331     0.483     0.140
 37       pi+     211 [26]    
                                 0.105     0.267    -0.376     0.493     0.140
 39       pi-    -211 [27]    
                                -0.503     0.724    -0.265     0.931     0.140
 40       pi-    -211 [28]    
                                -0.441    -0.306    -0.163     0.578     0.140
 41       pi+     211 [28]    
                                -0.041     0.101    -1.595     1.605     0.140
 45       pi+     211 [42]    
                                 0.232     0.024    -0.058     0.278     0.140
 47       pi-    -211 [44]    
                                 0.404     0.487    -0.453     0.790     0.140
 48     gamma      22 [46]    
                                 0.038    -0.016     0.012     0.043     0.000
 49     gamma      22 [46]    
                                -0.089    -0.021    -0.076     0.119     0.000
 50     gamma      22 [43]    
                                -0.002     0.592    -0.333     0.679     0.000
 51     gamma      22 [43]    
                                 0.055     0.094    -0.051     0.121     0.000
 52        K-    -321 [30]    
                                 0.085    -0.251    -0.027     0.561     0.494
 54     gamma      22 [53]    
                                 0.063    -0.098    -0.397     0.414     0.000
 55     gamma      22 [53]    
                                -0.015     0.030    -0.045     0.056     0.000
 56       pi-    -211 [31]    
                                 0.220     1.337     2.333     2.701     0.140
 57       pi+     211 [31]    
                                -0.153    -0.117     0.048     0.243     0.140
 59       pi+     211 [33]    
                                 0.118     0.107     0.849     0.875     0.140
 60        K+     321 [58]    
                                 0.345    -0.484     1.852     2.006     0.494
 61       pi-    -211 [58]    
                                 0.398    -0.644     0.899     1.184     0.140
 62     gamma      22 [34]    
                                -0.019     0.080    -0.052     0.097     0.000
 63     gamma      22 [34]    
                                -0.022     0.257     0.077     0.270     0.000
 64     gamma      22 [36]    
                                -0.603    -0.560    -2.729     2.850     0.000
 65     gamma      22 [36]    
                                -0.116    -0.197    -0.855     0.885     0.000
 69     gamma      22 [66]    
                                 0.011    -0.238     0.273     0.363     0.000
 70     gamma      22 [66]    
                                -0.093    -0.118     0.145     0.209     0.000
 71     gamma      22 [67]    
                                 0.066     0.036     0.086     0.114     0.000
 72     gamma      22 [67]    
                                -0.012    -0.048    -0.009     0.050     0.000
 73     gamma      22 [68]    
                                -0.006    -0.023    -0.020     0.031     0.000
 74     gamma      22 [68]    
                                -0.061    -0.160     0.222     0.280     0.000
------------------------------------------------------------------------------
     Sum of momenta:            -1e-05    -3e-05    -1e-05      20.1      20.1

The following exception classes were reported in this run:
ThePEG::EventHandler::ConsistencyException warning (1 times)
ThePEG::LesHouchesReader::LesHouchesReopenWarning warning (1 times)
