>>>>>>>>>>>>>>>>>>>>>>>>>>>>>>>>>>>>>>>>>>>>>>>>>>>>>>>>>>>>>>>>>>>>>>>>>>>>>>
>>>> Toolkit for HEP Event Generation - ThePEG 2.2.0 <<<<<<<<<<<<<<<<<<<<<<<<<
>>>> Tue Jun 30 00:16:06 2020                                             <<<<
<<<<<<<<<<<<<<<<<<<<<<<<<<<<<<<<<<<<<<<<<<<<<<<<<<<<<<<<<<<<<<<<<<<<<<<<<<<<<<

>> Herwig 7.2.0 / ThePEG 2.2.0

/Herwig/EventHandlers/NoCuts:
MHat  = 2 .. 34.0986 GeV
Scale = 0 .. 1e+12 GeV2
YHat  = -100 .. 100
X1    = 0 .. 1
X2    = 0 .. 1

* A warning exception of type ThePEG::LesHouchesReader::LesHouchesReopenWarning occurred while generating event number 1: 
Reopening LesHouchesReader 'myReader' after accessing 2 events out of 1
* A warning exception of type ThePEG::EventHandler::ConsistencyException occurred while generating event number 1: 
Event handler 'myLesHouchesHandler' found energy-momentum non-conservation by (-1e-05,-2e-05,-2e-05;1.9999e-05) GeV after generating step number 4.

******************************************************************************
Event number 1 (id: ./OUTPUT/0.95MB1.05/1512903328/TMP/Cluster_HERWIGOutput_0) performed by myLesHouchesHandler
Weight: 1
==============================================================================

--- Colliding particles:
  1        e-      11  (3)   
                                 8.525     0.000    -0.000     8.525     0.000
  2        e+     -11  (3)   
                                -8.525     0.000     0.000     8.525     0.000
------------------------------------------------------------------------------
Primary sub-process performed by myReader
--- incoming:
  1        e-      11  (3)   
                                 8.525     0.000    -0.000     8.525     0.000
  2        e+     -11  (3)   
                                -8.525     0.000     0.000     8.525     0.000
--- intermediates:
  3     gamma      22 [1,2] (4..7)   
                                 0.000     0.000     0.000    17.049    17.049
--- outgoing:
  4         g      21 [3] (8)  6>>7 {+1,-2}
                                -1.242    -2.824    -3.340     4.547     0.000
  5         g      21 [3] (9)  7>>6 {+3,-4}
                                 0.914     6.944    -0.013     7.004     0.000
  6         g      21 [3] (12)  5>>4 {+2,-3}
                                 0.105    -3.749     2.399     4.452     0.000
  7         g      21 [3] (17)  4>>5 {+4,-1}
                                 0.223    -0.371     0.953     1.047     0.000
------------------------------------------------------------------------------
Step 1 performed by myLesHouchesHandler
--- intermediates:
  1        e-      11  (3)   
                                 8.525     0.000    -0.000     8.525     0.000
  2        e+     -11  (3)   
                                -8.525     0.000     0.000     8.525     0.000
  3     gamma      22 [1,2] (4..7)   
                                 0.000     0.000     0.000    17.049    17.049
--- final:
  4         g      21 [3] (8)  6>>7 {+1,-2}
                                -1.242    -2.824    -3.340     4.547     0.000
  5         g      21 [3] (9)  7>>6 {+3,-4}
                                 0.914     6.944    -0.013     7.004     0.000
  6         g      21 [3] (12)  5>>4 {+2,-3}
                                 0.105    -3.749     2.399     4.452     0.000
  7         g      21 [3] (17)  4>>5 {+4,-1}
                                 0.223    -0.371     0.953     1.047     0.000
------------------------------------------------------------------------------
     Sum of momenta:            -2e-05    -2e-05    -2e-05        17        17
------------------------------------------------------------------------------
Step 2 performed by ShowerHandler
--- intermediates:
  9         g      21 [5] (10,11)   {+3,-4}
                                 0.584     4.436    -0.008     6.377     4.543
 12         g      21 [6] (13,14)   {+2,-3}
                                 0.067    -2.395     1.533     6.455     5.794
 14         g      21 [12] (15,16)   {+2,-5}
                                 1.373    -2.410     0.454     4.512     3.530
--- final:
  8         g      21 [4] (18,19)  15>>17 {+1,-2}
                                -0.794    -1.804    -2.134     3.056     0.950
 10         s       3 [9] (31)  >13 {+3}
                                 2.111     0.705    -0.383     2.303     0.450
 11      sbar      -3 [9] (29)  17> {-4}
                                -1.527     3.731     0.375     4.074     0.450
 13         g      21 [12] (22,23)  10>>16 {+5,-3}
                                -1.307     0.015     1.078     1.942     0.950
 15         g      21 [14] (24,25)  16>>8 {+2,-6}
                                 0.089    -1.032     1.585     2.119     0.950
 16         g      21 [14] (26,27)  13>>15 {+6,-5}
                                 1.284    -1.378    -1.131     2.394     0.950
 17         g      21 [7] (20,21)  8>>11 {+4,-1}
                                 0.143    -0.237     0.609     1.162     0.950
------------------------------------------------------------------------------
     Sum of momenta:            -2e-05    -2e-05    -2e-05        17        17
------------------------------------------------------------------------------
Step 3 performed by ClusterHadHandler
--- intermediates:
 18         d       1 [8] (31)   {+1}
                                -0.733    -1.491    -1.898     2.543     0.325
 19      dbar      -1 [8] (28)   {-2}
                                -0.061    -0.313    -0.235     0.513     0.325
 20         s       3 [17] (29)   {+4}
                                -0.013    -0.168     0.167     0.509     0.450
 21      sbar      -3 [17] (32)   {-1}
                                 0.155    -0.069     0.442     0.653     0.450
 22         u       2 [13] (30)   {+5}
                                -0.101    -0.054     0.370     0.505     0.325
 23      ubar      -2 [13] (32)   {-3}
                                -1.205     0.068     0.709     1.437     0.325
 24         s       3 [15] (28)   {+2}
                                 0.115    -0.440     0.920     1.120     0.450
 25      sbar      -3 [15] (32)   {-6}
                                -0.026    -0.592     0.666     0.998     0.450
 26         d       1 [16] (31)   {+6}
                                 0.777    -0.765    -0.254     1.166     0.325
 27      dbar      -1 [16] (30)   {-5}
                                 0.507    -0.613    -0.877     1.228     0.325
 28   Cluster      81 [19,24] (39,40)   
                                 0.054    -0.753     0.684     1.633     1.276
 29   Cluster      81 [11,20] (41,42)   
                                -1.539     3.563     0.543     4.583     2.375
 30   Cluster      81 [22,27] (37,38)   
                                 0.406    -0.667    -0.508     1.733     1.462
 31   Cluster      81 [10,18,26] (33)   
                                 2.155    -1.550    -2.536     6.012     4.761
 32   Cluster      81 [21,23,25] (34)   
                                -1.076    -0.592     1.816     3.088     2.175
 33   Cluster      81 [31] (35,36)   
                                 2.155    -1.550    -2.536     6.012     4.761
 34   Cluster      81 [32] (43,44)   
                                -1.076    -0.592     1.816     3.088     2.175
 35   Cluster      81 [33] (45,46)   
                                 0.981    -1.125    -1.728     3.689     2.898
 36   Cluster      81 [33] (47,48)   
                                 1.174    -0.426    -0.808     2.323     1.784
--- final:
 37      rho+     213 [30] (49,50)   
                                -0.036    -0.566    -0.433     1.019     0.726
 38       eta     221 [30] (53..55)   
                                 0.442    -0.100    -0.074     0.715     0.548
 39       pi0     111 [28] (62,63)   
                                -0.387    -0.384    -0.065     0.566     0.135
 40     Kbar0    -311 [28] (64)   
                                 0.441    -0.369     0.750     1.068     0.498
 41        K-    -321 [29]    
                                -1.319     1.701     0.356     2.237     0.494
 42      K'*+  100323 [29] (65,66)   
                                -0.220     1.862     0.186     2.345     1.397
 43      rho-    -213 [34] (74,75)   
                                -0.058     0.011     0.661     0.972     0.710
 44    Xibar+   -3312 [34] (78,79)   
                                -1.017    -0.603     1.155     2.116     1.321
 45      b_1-  -10213 [35] (82,83)   
                                 0.811     0.189    -0.041     1.455     1.192
 46      rho+     213 [35] (90,91)   
                                 0.170    -1.314    -1.686     2.234     0.627
 47Lambda(1405)0   13122 [36] (94,95)   
                                 0.718    -0.489    -0.482     1.741     1.430
 48       pi-    -211 [36]    
                                 0.456     0.064    -0.326     0.581     0.140
------------------------------------------------------------------------------
     Sum of momenta:            -2e-05    -2e-05    -2e-05        17        17
------------------------------------------------------------------------------
Step 4 performed by DecayHandler
--- intermediates:
 49       pi0     111 [37] (51,52)   
                                 0.158    -0.623    -0.218     0.692     0.135
 53       pi0     111 [38] (56,57)   
                                 0.067     0.005    -0.091     0.176     0.135
 54       pi0     111 [38] (58,59)   
                                 0.359    -0.037     0.024     0.386     0.135
 55       pi0     111 [38] (60,61)   
                                 0.016    -0.069    -0.007     0.152     0.135
 65       K*+     323 [42] (67,68)   
                                -0.030     1.885     0.152     2.109     0.932
 66       pi0     111 [42] (72,73)   
                                -0.190    -0.024     0.034     0.237     0.135
 67        K0     311 [65] (69)   
                                -0.134     1.058    -0.199     1.194     0.498
 69      K_S0     310 [67] (70,71)   
                                -0.134     1.058    -0.199     1.194     0.498
 74       pi0     111 [43] (76,77)   
                                -0.203     0.265     0.210     0.417     0.135
 78Lambdabar0   -3122 [44] (80,81)   
                                -0.966    -0.653     1.084     1.944     1.116
 82     omega     223 [45] (84,85)   
                                 0.268     0.256     0.131     0.865     0.770
 84      rho0     113 [82] (86,87)   
                                 0.388    -0.005    -0.009     0.517     0.341
 85       pi0     111 [82] (88,89)   
                                -0.120     0.262     0.140     0.348     0.135
 90       pi0     111 [46] (92,93)   
                                -0.062    -0.291    -0.763     0.830     0.135
 94    Sigma-    3112 [47] (96,97)   
                                 0.751    -0.385    -0.530     1.558     1.197
--- final:
 41        K-    -321 [29]    
                                -1.319     1.701     0.356     2.237     0.494
 48       pi-    -211 [36]    
                                 0.456     0.064    -0.326     0.581     0.140
 50       pi+     211 [37]    
                                -0.194     0.057    -0.215     0.327     0.140
 51     gamma      22 [49]    
                                 0.077    -0.466    -0.205     0.515     0.000
 52     gamma      22 [49]    
                                 0.081    -0.157    -0.013     0.177     0.000
 56     gamma      22 [53]    
                                 0.056     0.050    -0.104     0.128     0.000
 57     gamma      22 [53]    
                                 0.011    -0.045     0.013     0.048     0.000
 58     gamma      22 [54]    
                                 0.207    -0.061    -0.040     0.220     0.000
 59     gamma      22 [54]    
                                 0.152     0.024     0.064     0.167     0.000
 60     gamma      22 [55]    
                                -0.015    -0.071    -0.058     0.093     0.000
 61     gamma      22 [55]    
                                 0.031     0.002     0.051     0.060     0.000
 62     gamma      22 [39]    
                                -0.044    -0.116    -0.037     0.129     0.000
 63     gamma      22 [39]    
                                -0.342    -0.269    -0.028     0.436     0.000
 64      K_L0     130 [40]    
                                 0.441    -0.369     0.750     1.068     0.498
 68       pi+     211 [65]    
                                 0.104     0.827     0.350     0.915     0.140
 70       pi+     211 [69]    
                                 0.015     0.056    -0.055     0.161     0.140
 71       pi-    -211 [69]    
                                -0.149     1.002    -0.144     1.033     0.140
 72     gamma      22 [66]    
                                -0.047    -0.021    -0.049     0.071     0.000
 73     gamma      22 [66]    
                                -0.143    -0.002     0.083     0.166     0.000
 75       pi-    -211 [43]    
                                 0.145    -0.253     0.451     0.555     0.140
 76     gamma      22 [74]    
                                -0.182     0.150     0.178     0.296     0.000
 77     gamma      22 [74]    
                                -0.021     0.115     0.032     0.121     0.000
 79       pi+     211 [44]    
                                -0.051     0.050     0.071     0.172     0.140
 80     pbar-   -2212 [78]    
                                -0.911    -0.564     1.042     1.764     0.938
 81       pi+     211 [78]    
                                -0.055    -0.090     0.043     0.180     0.140
 83       pi-    -211 [45]    
                                 0.543    -0.067    -0.172     0.590     0.140
 86       pi+     211 [84]    
                                 0.212     0.094     0.003     0.270     0.140
 87       pi-    -211 [84]    
                                 0.177    -0.100    -0.012     0.247     0.140
 88     gamma      22 [85]    
                                -0.025    -0.012     0.016     0.032     0.000
 89     gamma      22 [85]    
                                -0.095     0.274     0.124     0.315     0.000
 91       pi+     211 [46]    
                                 0.232    -1.023    -0.923     1.404     0.140
 92     gamma      22 [90]    
                                -0.057    -0.212    -0.684     0.719     0.000
 93     gamma      22 [90]    
                                -0.005    -0.079    -0.079     0.112     0.000
 95       pi+     211 [47]    
                                -0.033    -0.104     0.048     0.183     0.140
 96        n0    2112 [94]    
                                 0.779    -0.335    -0.330     1.308     0.940
 97       pi-    -211 [94]    
                                -0.028    -0.051    -0.199     0.250     0.140
------------------------------------------------------------------------------
     Sum of momenta:            -2e-05    -2e-05    -2e-05        17        17

The following exception classes were reported in this run:
ThePEG::EventHandler::ConsistencyException warning (1 times)
ThePEG::LesHouchesReader::LesHouchesReopenWarning warning (1 times)
