>>>>>>>>>>>>>>>>>>>>>>>>>>>>>>>>>>>>>>>>>>>>>>>>>>>>>>>>>>>>>>>>>>>>>>>>>>>>>>
>>>> Toolkit for HEP Event Generation - ThePEG 2.2.0 <<<<<<<<<<<<<<<<<<<<<<<<<
>>>> Tue Jun 30 00:29:52 2020                                             <<<<
<<<<<<<<<<<<<<<<<<<<<<<<<<<<<<<<<<<<<<<<<<<<<<<<<<<<<<<<<<<<<<<<<<<<<<<<<<<<<<

>> Herwig 7.2.0 / ThePEG 2.2.0

/Herwig/EventHandlers/NoCuts:
MHat  = 2 .. 65.3001 GeV
Scale = 0 .. 1e+12 GeV2
YHat  = -100 .. 100
X1    = 0 .. 1
X2    = 0 .. 1

* A warning exception of type ThePEG::LesHouchesReader::LesHouchesReopenWarning occurred while generating event number 1: 
Reopening LesHouchesReader 'myReader' after accessing 2 events out of 1
* A warning exception of type ThePEG::EventHandler::ConsistencyException occurred while generating event number 1: 
Event handler 'myLesHouchesHandler' found energy-momentum non-conservation by (-8e-06,-2e-05,-2e-05;7.99679e-06) GeV after generating step number 4.

******************************************************************************
Event number 1 (id: ./OUTPUT/0.95MB1.05/1512335477/TMP/Cluster_HERWIGOutput_17) performed by myLesHouchesHandler
Weight: 1
==============================================================================

--- Colliding particles:
  1        e-      11  (3)   
                                16.325     0.000     0.000    16.325     0.000
  2        e+     -11  (3)   
                               -16.325     0.000    -0.000    16.325     0.000
------------------------------------------------------------------------------
Primary sub-process performed by myReader
--- incoming:
  1        e-      11  (3)   
                                16.325     0.000     0.000    16.325     0.000
  2        e+     -11  (3)   
                               -16.325     0.000    -0.000    16.325     0.000
--- intermediates:
  3     gamma      22 [1,2] (4..7)   
                                -0.000     0.000    -0.000    32.650    32.650
--- outgoing:
  4         g      21 [3] (8)  6>>5 {+1,-2}
                                -1.636    -4.167     7.085     8.381     0.000
  5         g      21 [3] (9)  4>>7 {+3,-1}
                                 0.542     2.838     0.551     2.942     0.000
  6         g      21 [3] (10)  7>>4 {+2,-4}
                                -1.785     0.617     6.560     6.826     0.000
  7         g      21 [3] (15)  5>>6 {+4,-3}
                                 2.879     0.712   -14.195    14.502     0.000
------------------------------------------------------------------------------
Step 1 performed by myLesHouchesHandler
--- intermediates:
  1        e-      11  (3)   
                                16.325     0.000     0.000    16.325     0.000
  2        e+     -11  (3)   
                               -16.325     0.000    -0.000    16.325     0.000
  3     gamma      22 [1,2] (4..7)   
                                -0.000     0.000    -0.000    32.650    32.650
--- final:
  4         g      21 [3] (8)  6>>5 {+1,-2}
                                -1.636    -4.167     7.085     8.381     0.000
  5         g      21 [3] (9)  4>>7 {+3,-1}
                                 0.542     2.838     0.551     2.942     0.000
  6         g      21 [3] (10)  7>>4 {+2,-4}
                                -1.785     0.617     6.560     6.826     0.000
  7         g      21 [3] (15)  5>>6 {+4,-3}
                                 2.879     0.712   -14.195    14.502     0.000
------------------------------------------------------------------------------
     Sum of momenta:            -2e-05    -2e-05    -2e-05      32.7      32.7
------------------------------------------------------------------------------
Step 2 performed by ShowerHandler
--- intermediates:
 10         g      21 [6] (11,12)   {+2,-4}
                                -1.455     0.503     5.346    10.590     9.011
 12         g      21 [10] (13,14)   {+2,-5}
                                -1.686    -2.032     5.053     7.858     5.407
 15         g      21 [7] (16,17)   {+4,-3}
                                 2.346     0.580   -11.570    12.584     4.320
--- final:
  8         g      21 [4] (18,19)  14>>9 {+1,-2}
                                -1.333    -3.396     5.774     6.896     0.950
  9         g      21 [5] (20,21)  8>>17 {+3,-1}
                                 0.442     2.313     0.449     2.579     0.950
 11         g      21 [10] (22,23)  16>>13 {+5,-4}
                                 0.232     2.535     0.294     2.733     0.950
 13         g      21 [12] (24,25)  11>>14 {+6,-5}
                                -0.461    -2.182     5.682     6.177     0.950
 14         g      21 [12] (26,27)  13>>8 {+2,-6}
                                -1.226     0.150    -0.629     1.680     0.950
 16         g      21 [15] (28,29)  17>>11 {+4,-7}
                                 0.562    -1.568    -5.723     6.036     0.950
 17         g      21 [15] (30,31)  9>>16 {+7,-3}
                                 1.784     2.148    -5.847     6.549     0.950
------------------------------------------------------------------------------
     Sum of momenta:            -2e-05    -2e-05    -2e-05      32.7      32.7
------------------------------------------------------------------------------
Step 3 performed by ClusterHadHandler
--- intermediates:
 18         u       2 [8] (38)   {+1}
                                -0.203    -0.985     2.048     2.305     0.325
 19      ubar      -2 [8] (32)   {-2}
                                -1.130    -2.411     3.726     4.592     0.325
 20         u       2 [9] (33)   {+3}
                                 0.362     2.034     0.466     2.142     0.325
 21      ubar      -2 [9] (37)   {-1}
                                 0.080     0.280    -0.017     0.436     0.325
 22         d       1 [11] (37)   {+5}
                                -0.129     1.654     0.021     1.691     0.325
 23      dbar      -1 [11] (36)   {-4}
                                 0.361     0.881     0.272     1.042     0.325
 24         u       2 [13] (36)   {+6}
                                -0.225    -0.632     1.145     1.367     0.325
 25      ubar      -2 [13] (38)   {-5}
                                -0.236    -1.550     4.536     4.811     0.325
 26         s       3 [14] (32)   {+2}
                                -0.611     0.226    -0.297     0.845     0.450
 27      sbar      -3 [14] (35)   {-6}
                                -0.615    -0.076    -0.332     0.835     0.450
 28         d       1 [16] (35)   {+4}
                                 0.018    -0.160    -1.365     1.413     0.325
 29      dbar      -1 [16] (34)   {-7}
                                 0.544    -1.408    -4.358     4.623     0.325
 30         s       3 [17] (34)   {+7}
                                 0.918     1.083    -3.303     3.623     0.450
 31      sbar      -3 [17] (33)   {-3}
                                 0.866     1.065    -2.544     2.925     0.450
 32   Cluster      81 [19,26] (51,52)   
                                -1.740    -2.185     3.430     5.437     3.161
 33   Cluster      81 [20,31] (45,46)   
                                 1.228     3.099    -2.077     5.068     3.203
 34   Cluster      81 [29,30] (43,44)   
                                 1.462    -0.325    -7.661     8.247     2.659
 35   Cluster      81 [27,28] (41,42)   
                                -0.597    -0.236    -1.697     2.248     1.326
 36   Cluster      81 [23,24] (39,40)   
                                 0.136     0.249     1.418     2.409     1.927
 37   Cluster      81 [21,22] (47,48)   
                                -0.049     1.934     0.004     2.127     0.885
 38   Cluster      81 [18,25] (49,50)   
                                -0.439    -2.535     6.584     7.115     0.809
--- final:
 39      rho+     213 [36] (53,54)   
                                -0.369     0.095     0.922     1.320     0.865
 40     omega     223 [36] (57,58)   
                                 0.505     0.154     0.496     1.089     0.813
 41       pi-    -211 [35]    
                                -0.083     0.104    -0.016     0.194     0.140
 42       K*+     323 [35] (63,64)   
                                -0.514    -0.340    -1.682     2.054     1.005
 43      a_0+ 9000211 [34] (67,68)   
                                 0.539     0.457    -3.544     3.788     1.137
 44      K_1-  -10323 [34] (72,73)   
                                 0.923    -0.782    -4.117     4.458     1.209
 45      a_2+     215 [33] (79,80)   
                                 1.126     2.887    -1.434     3.636     1.250
 46      K_10   10313 [33] (87,88)   
                                 0.102     0.212    -0.643     1.431     1.257
 47       eta     221 [37] (93..95)   
                                -0.067     1.270     0.247     1.406     0.548
 48       pi-    -211 [37]    
                                 0.018     0.664    -0.243     0.721     0.140
 49       pi0     111 [38] (102,103)   
                                 0.135    -0.924     1.792     2.025     0.135
 50       pi0     111 [38] (104,105)   
                                -0.574    -1.611     4.793     5.090     0.135
 51       h_1   10223 [32] (106,107)   
                                -1.772    -2.033     2.322     3.840     1.443
 52     K'_1-  -20323 [32] (112,113)   
                                 0.032    -0.152     1.107     1.596     1.139
------------------------------------------------------------------------------
     Sum of momenta:            -2e-05    -2e-05    -2e-05      32.7      32.7
------------------------------------------------------------------------------
Step 4 performed by DecayHandler
--- intermediates:
 53       pi0     111 [39] (55,56)   
                                -0.413     0.390     0.745     0.946     0.135
 57      rho-    -213 [40] (59,60)   
                                 0.327     0.195     0.559     0.850     0.515
 59       pi0     111 [57] (61,62)   
                                -0.030     0.038     0.366     0.393     0.135
 64       pi0     111 [42] (65,66)   
                                 0.115     0.077    -0.067     0.205     0.135
 68     Kbar0    -311 [43] (69)   
                                 0.244     0.508    -1.769     1.922     0.498
 69      K_S0     310 [68] (70,71)   
                                 0.244     0.508    -1.769     1.922     0.498
 72      rho-    -213 [44] (74,75)   
                                 0.722    -0.603    -2.547     2.789     0.638
 73     Kbar0    -311 [44] (78)   
                                 0.201    -0.179    -1.570     1.669     0.498
 74       pi0     111 [72] (76,77)   
                                 0.668    -0.429    -2.359     2.492     0.135
 79      rho+     213 [45] (81,82)   
                                 0.879     1.277    -0.600     1.801     0.693
 80       pi0     111 [45] (85,86)   
                                 0.246     1.610    -0.834     1.835     0.135
 81       pi0     111 [79] (83,84)   
                                 0.149     0.166    -0.358     0.443     0.135
 87       K*+     323 [46] (89,90)   
                                 0.373     0.139    -0.489     1.082     0.880
 90       pi0     111 [87] (91,92)   
                                -0.009     0.239    -0.333     0.431     0.135
 93       pi0     111 [47] (96,97)   
                                -0.158     0.291     0.059     0.362     0.135
 94       pi0     111 [47] (98,99)   
                                 0.110     0.561     0.118     0.599     0.135
 95       pi0     111 [47] (100,101)   
                                -0.019     0.417     0.071     0.445     0.135
106      rho0     113 [51] (108,109)   
                                -1.483    -1.095     1.182     2.330     0.796
107       pi0     111 [51] (110,111)   
                                -0.290    -0.938     1.140     1.511     0.135
112    K*bar0    -313 [52] (114,115)   
                                 0.177    -0.185     0.964     1.347     0.906
--- final:
 41       pi-    -211 [35]    
                                -0.083     0.104    -0.016     0.194     0.140
 48       pi-    -211 [37]    
                                 0.018     0.664    -0.243     0.721     0.140
 54       pi+     211 [39]    
                                 0.044    -0.295     0.177     0.374     0.140
 55     gamma      22 [53]    
                                -0.058     0.019     0.035     0.070     0.000
 56     gamma      22 [53]    
                                -0.355     0.371     0.710     0.876     0.000
 58       pi+     211 [40]    
                                 0.178    -0.041    -0.064     0.239     0.140
 60       pi-    -211 [57]    
                                 0.357     0.157     0.193     0.457     0.140
 61     gamma      22 [59]    
                                -0.059    -0.027     0.237     0.246     0.000
 62     gamma      22 [59]    
                                 0.029     0.065     0.129     0.147     0.000
 63        K+     321 [42]    
                                -0.629    -0.417    -1.615     1.849     0.494
 65     gamma      22 [64]    
                                 0.089    -0.015    -0.061     0.109     0.000
 66     gamma      22 [64]    
                                 0.026     0.092    -0.006     0.095     0.000
 67        K+     321 [43]    
                                 0.295    -0.050    -1.774     1.866     0.494
 70       pi+     211 [69]    
                                 0.046     0.440    -0.839     0.959     0.140
 71       pi-    -211 [69]    
                                 0.199     0.068    -0.930     0.964     0.140
 75       pi-    -211 [72]    
                                 0.054    -0.174    -0.189     0.297     0.140
 76     gamma      22 [74]    
                                 0.098    -0.126    -0.462     0.489     0.000
 77     gamma      22 [74]    
                                 0.570    -0.302    -1.896     2.003     0.000
 78      K_L0     130 [73]    
                                 0.201    -0.179    -1.570     1.669     0.498
 82       pi+     211 [79]    
                                 0.731     1.110    -0.242     1.358     0.140
 83     gamma      22 [81]    
                                 0.062     0.152    -0.176     0.241     0.000
 84     gamma      22 [81]    
                                 0.086     0.014    -0.182     0.202     0.000
 85     gamma      22 [80]    
                                 0.174     1.142    -0.659     1.330     0.000
 86     gamma      22 [80]    
                                 0.073     0.469    -0.175     0.505     0.000
 88       pi-    -211 [46]    
                                -0.271     0.073    -0.154     0.349     0.140
 89        K+     321 [87]    
                                 0.382    -0.100    -0.156     0.651     0.494
 91     gamma      22 [90]    
                                -0.012     0.236    -0.345     0.418     0.000
 92     gamma      22 [90]    
                                 0.004     0.002     0.012     0.013     0.000
 96     gamma      22 [93]    
                                -0.003     0.119     0.054     0.130     0.000
 97     gamma      22 [93]    
                                -0.155     0.172     0.005     0.232     0.000
 98     gamma      22 [94]    
                                -0.005     0.326     0.067     0.333     0.000
 99     gamma      22 [94]    
                                 0.114     0.235     0.051     0.266     0.000
100     gamma      22 [95]    
                                 0.048     0.119    -0.009     0.129     0.000
101     gamma      22 [95]    
                                -0.067     0.298     0.080     0.316     0.000
102     gamma      22 [49]    
                                 0.080    -0.232     0.389     0.460     0.000
103     gamma      22 [49]    
                                 0.055    -0.692     1.402     1.565     0.000
104     gamma      22 [50]    
                                -0.062    -0.291     0.933     0.979     0.000
105     gamma      22 [50]    
                                -0.512    -1.321     3.860     4.111     0.000
108       pi+     211 [106]    
                                -1.310    -1.130     1.191     2.105     0.140
109       pi-    -211 [106]    
                                -0.172     0.035    -0.009     0.225     0.140
110     gamma      22 [107]    
                                -0.028    -0.102     0.195     0.222     0.000
111     gamma      22 [107]    
                                -0.262    -0.836     0.945     1.288     0.000
113       pi-    -211 [52]    
                                -0.145     0.032     0.143     0.249     0.140
114        K-    -321 [112]    
                                 0.137     0.054     0.235     0.566     0.494
115       pi+     211 [112]    
                                 0.039    -0.239     0.729     0.781     0.140
------------------------------------------------------------------------------
     Sum of momenta:            -2e-05    -2e-05    -2e-05      32.7      32.7

The following exception classes were reported in this run:
ThePEG::EventHandler::ConsistencyException warning (1 times)
ThePEG::LesHouchesReader::LesHouchesReopenWarning warning (1 times)
