>>>>>>>>>>>>>>>>>>>>>>>>>>>>>>>>>>>>>>>>>>>>>>>>>>>>>>>>>>>>>>>>>>>>>>>>>>>>>>
>>>> Toolkit for HEP Event Generation - ThePEG 2.2.0 <<<<<<<<<<<<<<<<<<<<<<<<<
>>>> Tue Jun 30 00:38:20 2020                                             <<<<
<<<<<<<<<<<<<<<<<<<<<<<<<<<<<<<<<<<<<<<<<<<<<<<<<<<<<<<<<<<<<<<<<<<<<<<<<<<<<<

>> Herwig 7.2.0 / ThePEG 2.2.0

/Herwig/EventHandlers/NoCuts:
MHat  = 2 .. 28.0223 GeV
Scale = 0 .. 1e+12 GeV2
YHat  = -100 .. 100
X1    = 0 .. 1
X2    = 0 .. 1

* A warning exception of type ThePEG::LesHouchesReader::LesHouchesReopenWarning occurred while generating event number 1: 
Reopening LesHouchesReader 'myReader' after accessing 2 events out of 1
* A warning exception of type ThePEG::EventHandler::ConsistencyException occurred while generating event number 1: 
Event handler 'myLesHouchesHandler' found energy-momentum non-conservation by (-1e-05,-1e-05,-3e-05;9.99895e-06) GeV after generating step number 4.

******************************************************************************
Event number 1 (id: ./OUTPUT/0.95MB1.05/1514657236/TMP/Cluster_HERWIGOutput_28) performed by myLesHouchesHandler
Weight: 1
==============================================================================

--- Colliding particles:
  1        e-      11  (3)   
                                 7.006     0.000     0.000     7.006     0.000
  2        e+     -11  (3)   
                                -7.006     0.000    -0.000     7.006     0.000
------------------------------------------------------------------------------
Primary sub-process performed by myReader
--- incoming:
  1        e-      11  (3)   
                                 7.006     0.000     0.000     7.006     0.000
  2        e+     -11  (3)   
                                -7.006     0.000    -0.000     7.006     0.000
--- intermediates:
  3     gamma      22 [1,2] (4..7)   
                                 0.000     0.000     0.000    14.011    14.011
--- outgoing:
  4         g      21 [3] (8)  7>>7 {+1,-2}
                                 0.524    -1.685     5.424     5.704     0.000
  5         g      21 [3] (9)  6>>6 {+3,-4}
                                -2.050     3.251    -3.059     4.913     0.000
  6         g      21 [3] (10)  5>>5 {+4,-3}
                                 0.257    -1.024    -0.999     1.453     0.000
  7         g      21 [3] (11)  4>>4 {+2,-1}
                                 1.270    -0.542    -1.366     1.942     0.000
------------------------------------------------------------------------------
Step 1 performed by myLesHouchesHandler
--- intermediates:
  1        e-      11  (3)   
                                 7.006     0.000     0.000     7.006     0.000
  2        e+     -11  (3)   
                                -7.006     0.000    -0.000     7.006     0.000
  3     gamma      22 [1,2] (4..7)   
                                 0.000     0.000     0.000    14.011    14.011
--- final:
  4         g      21 [3] (8)  7>>7 {+1,-2}
                                 0.524    -1.685     5.424     5.704     0.000
  5         g      21 [3] (9)  6>>6 {+3,-4}
                                -2.050     3.251    -3.059     4.913     0.000
  6         g      21 [3] (10)  5>>5 {+4,-3}
                                 0.257    -1.024    -0.999     1.453     0.000
  7         g      21 [3] (11)  4>>4 {+2,-1}
                                 1.270    -0.542    -1.366     1.942     0.000
------------------------------------------------------------------------------
     Sum of momenta:            -2e-05    -1e-05    -3e-05        14        14
------------------------------------------------------------------------------
Step 2 performed by ShowerHandler
--- final:
  8         g      21 [4] (12,13)  11>>11 {+1,-2}
                                 0.498    -1.600     5.151     5.500     0.950
  9         g      21 [5] (14,15)  10>>10 {+3,-4}
                                -1.947     3.088    -2.906     4.761     0.950
 10         g      21 [6] (16,17)  9>>9 {+4,-3}
                                 0.244    -0.973    -0.948     1.675     0.950
 11         g      21 [7] (18,19)  8>>8 {+2,-1}
                                 1.206    -0.515    -1.297     2.075     0.950
------------------------------------------------------------------------------
     Sum of momenta:            -2e-05    -1e-05    -3e-05        14        14
------------------------------------------------------------------------------
Step 3 performed by ClusterHadHandler
--- intermediates:
 12         u       2 [8] (20)   {+1}
                                -0.089    -0.764     2.651     2.780     0.325
 13      ubar      -2 [8] (21)   {-2}
                                 0.586    -0.836     2.500     2.720     0.325
 14         u       2 [9] (22)   {+3}
                                -1.582     2.011    -2.152     3.359     0.325
 15      ubar      -2 [9] (23)   {-4}
                                -0.365     1.077    -0.753     1.402     0.325
 16         u       2 [10] (23)   {+4}
                                 0.403    -0.565    -0.287     0.818     0.325
 17      ubar      -2 [10] (22)   {-3}
                                -0.160    -0.407    -0.661     0.857     0.325
 18         u       2 [11] (21)   {+2}
                                 0.959    -0.633    -0.947     1.524     0.325
 19      ubar      -2 [11] (20)   {-1}
                                 0.247     0.118    -0.350     0.550     0.325
 20   Cluster      81 [12,19] (28,29)   
                                 0.158    -0.646     2.301     3.330     2.313
 21   Cluster      81 [13,18] (26,27)   
                                 1.545    -1.469     1.553     4.244     3.325
 22   Cluster      81 [14,17] (24,25)   
                                -1.741     1.603    -2.813     4.216     2.063
 23   Cluster      81 [15,16] (30,31)   
                                 0.038     0.512    -1.041     2.221     1.894
--- final:
 24      rho+     213 [22] (32,33)   
                                -0.831     0.285    -1.365     1.753     0.663
 25      b_1-  -10213 [22] (36,37)   
                                -0.910     1.318    -1.449     2.463     1.183
 26     nbar0   -2112 [21]    
                                -0.001    -0.977    -0.272     1.382     0.940
 27  n(1535)0   22112 [21] (44,45)   
                                 1.546    -0.492     1.825     2.862     1.493
 28        K+     321 [20]    
                                 0.071    -0.758     1.393     1.662     0.494
 29      K'*- -100323 [20] (48,49)   
                                 0.087     0.111     0.909     1.668     1.392
 30       pi-    -211 [23]    
                                -0.032     0.700    -0.742     1.030     0.140
 31      a_1+   20213 [23] (55,56)   
                                 0.070    -0.188    -0.298     1.191     1.135
------------------------------------------------------------------------------
     Sum of momenta:            -2e-05    -1e-05    -3e-05        14        14
------------------------------------------------------------------------------
Step 4 performed by DecayHandler
--- intermediates:
 32       pi0     111 [24] (34,35)   
                                -0.334    -0.173    -0.383     0.553     0.135
 36     omega     223 [25] (38,39)   
                                -0.567     0.502    -0.848     1.384     0.789
 38      rho0     113 [36] (40,41)   
                                -0.439     0.244    -0.521     0.927     0.580
 39       pi0     111 [36] (42,43)   
                                -0.128     0.259    -0.327     0.457     0.135
 45       pi0     111 [27] (46,47)   
                                 0.834     0.087     0.453     0.963     0.135
 48    K*bar0    -313 [29] (50,51)   
                                -0.313     0.194     0.650     1.165     0.893
 50     Kbar0    -311 [48] (52)   
                                -0.298     0.341     0.686     0.961     0.498
 51       pi0     111 [48] (53,54)   
                                -0.016    -0.147    -0.036     0.203     0.135
 55    rho''+   30213 [31] (57,58)   
                                -0.016     0.140    -0.236     0.821     0.773
 56       pi0     111 [31] (61,62)   
                                 0.086    -0.328    -0.062     0.370     0.135
 57       pi0     111 [55] (59,60)   
                                 0.008    -0.260     0.065     0.300     0.135
--- final:
 26     nbar0   -2112 [21]    
                                -0.001    -0.977    -0.272     1.382     0.940
 28        K+     321 [20]    
                                 0.071    -0.758     1.393     1.662     0.494
 30       pi-    -211 [23]    
                                -0.032     0.700    -0.742     1.030     0.140
 33       pi+     211 [24]    
                                -0.498     0.458    -0.982     1.200     0.140
 34     gamma      22 [32]    
                                -0.103    -0.068    -0.219     0.251     0.000
 35     gamma      22 [32]    
                                -0.231    -0.105    -0.164     0.302     0.000
 37       pi-    -211 [25]    
                                -0.344     0.816    -0.601     1.079     0.140
 40       pi+     211 [38]    
                                -0.028     0.286    -0.302     0.439     0.140
 41       pi-    -211 [38]    
                                -0.411    -0.042    -0.219     0.488     0.140
 42     gamma      22 [39]    
                                -0.023     0.075    -0.015     0.080     0.000
 43     gamma      22 [39]    
                                -0.105     0.184    -0.312     0.377     0.000
 44        n0    2112 [27]    
                                 0.712    -0.579     1.372     1.899     0.940
 46     gamma      22 [45]    
                                 0.693     0.111     0.412     0.813     0.000
 47     gamma      22 [45]    
                                 0.142    -0.024     0.041     0.149     0.000
 49       pi-    -211 [29]    
                                 0.400    -0.083     0.259     0.503     0.140
 52      K_L0     130 [50]    
                                -0.298     0.341     0.686     0.961     0.498
 53     gamma      22 [51]    
                                 0.020    -0.145    -0.062     0.159     0.000
 54     gamma      22 [51]    
                                -0.036    -0.002     0.026     0.044     0.000
 58       pi+     211 [55]    
                                -0.024     0.400    -0.302     0.520     0.140
 59     gamma      22 [57]    
                                -0.029    -0.115     0.090     0.149     0.000
 60     gamma      22 [57]    
                                 0.037    -0.145    -0.024     0.151     0.000
 61     gamma      22 [56]    
                                 0.030    -0.082    -0.078     0.117     0.000
 62     gamma      22 [56]    
                                 0.056    -0.246     0.016     0.252     0.000
------------------------------------------------------------------------------
     Sum of momenta:            -2e-05    -1e-05    -3e-05        14        14

The following exception classes were reported in this run:
ThePEG::EventHandler::ConsistencyException warning (1 times)
ThePEG::LesHouchesReader::LesHouchesReopenWarning warning (1 times)
