>>>>>>>>>>>>>>>>>>>>>>>>>>>>>>>>>>>>>>>>>>>>>>>>>>>>>>>>>>>>>>>>>>>>>>>>>>>>>>
>>>> Toolkit for HEP Event Generation - ThePEG 2.2.0 <<<<<<<<<<<<<<<<<<<<<<<<<
>>>> Tue Jun 30 00:17:46 2020                                             <<<<
<<<<<<<<<<<<<<<<<<<<<<<<<<<<<<<<<<<<<<<<<<<<<<<<<<<<<<<<<<<<<<<<<<<<<<<<<<<<<<

>> Herwig 7.2.0 / ThePEG 2.2.0

/Herwig/EventHandlers/NoCuts:
MHat  = 2 .. 13.5086 GeV
Scale = 0 .. 1e+12 GeV2
YHat  = -100 .. 100
X1    = 0 .. 1
X2    = 0 .. 1

* A warning exception of type ThePEG::LesHouchesReader::LesHouchesReopenWarning occurred while generating event number 1: 
Reopening LesHouchesReader 'myReader' after accessing 2 events out of 1
* A warning exception of type ThePEG::EventHandler::ConsistencyException occurred while generating event number 1: 
Event handler 'myLesHouchesHandler' found energy-momentum non-conservation by (-2e-05,-2e-05,-1e-05;9.99981e-06) GeV after generating step number 4.

******************************************************************************
Event number 1 (id: ./OUTPUT/0.95MB1.05/1511996808/TMP/Cluster_HERWIGOutput_2) performed by myLesHouchesHandler
Weight: 1
==============================================================================

--- Colliding particles:
  1        e-      11  (3)   
                                 3.377     0.000    -0.000     3.377     0.000
  2        e+     -11  (3)   
                                -3.377     0.000     0.000     3.377     0.000
------------------------------------------------------------------------------
Primary sub-process performed by myReader
--- incoming:
  1        e-      11  (3)   
                                 3.377     0.000    -0.000     3.377     0.000
  2        e+     -11  (3)   
                                -3.377     0.000     0.000     3.377     0.000
--- intermediates:
  3     gamma      22 [1,2] (4..7)   
                                 0.000     0.000    -0.000     6.754     6.754
--- outgoing:
  4         g      21 [3] (8)  7>>6 {+1,-2}
                                -0.972     2.312     2.185     3.327     0.000
  5         g      21 [3] (9)  6>>7 {+3,-4}
                                 0.827    -1.863    -1.582     2.580     0.000
  6         g      21 [3] (10)  4>>5 {+4,-1}
                                 0.120    -0.466    -0.355     0.598     0.000
  7         g      21 [3] (11)  5>>4 {+2,-3}
                                 0.025     0.016    -0.248     0.250     0.000
------------------------------------------------------------------------------
Step 1 performed by myLesHouchesHandler
--- intermediates:
  1        e-      11  (3)   
                                 3.377     0.000    -0.000     3.377     0.000
  2        e+     -11  (3)   
                                -3.377     0.000     0.000     3.377     0.000
  3     gamma      22 [1,2] (4..7)   
                                 0.000     0.000    -0.000     6.754     6.754
--- final:
  4         g      21 [3] (8)  7>>6 {+1,-2}
                                -0.972     2.312     2.185     3.327     0.000
  5         g      21 [3] (9)  6>>7 {+3,-4}
                                 0.827    -1.863    -1.582     2.580     0.000
  6         g      21 [3] (10)  4>>5 {+4,-1}
                                 0.120    -0.466    -0.355     0.598     0.000
  7         g      21 [3] (11)  5>>4 {+2,-3}
                                 0.025     0.016    -0.248     0.250     0.000
------------------------------------------------------------------------------
     Sum of momenta:            -3e-05    -2e-05    -1e-05      6.75      6.75
------------------------------------------------------------------------------
Step 2 performed by ShowerHandler
--- final:
  8         g      21 [4] (12,13)  11>>10 {+1,-2}
                                -0.714     1.698     1.604     2.621     0.950
  9         g      21 [5] (14,15)  10>>11 {+3,-4}
                                 0.607    -1.368    -1.162     2.120     0.950
 10         g      21 [6] (16,17)  8>>9 {+4,-1}
                                 0.088    -0.342    -0.261     1.046     0.950
 11         g      21 [7] (18,19)  9>>8 {+2,-3}
                                 0.019     0.012    -0.182     0.968     0.950
------------------------------------------------------------------------------
     Sum of momenta:            -3e-05    -2e-05    -1e-05      6.75      6.75
------------------------------------------------------------------------------
Step 3 performed by ClusterHadHandler
--- intermediates:
 12         d       1 [8] (22)   {+1}
                                -0.375     0.480     0.911     1.143     0.325
 13      dbar      -1 [8] (20)   {-2}
                                -0.338     1.217     0.693     1.478     0.325
 14         d       1 [9] (23)   {+3}
                                 0.244    -1.165    -0.918     1.538     0.325
 15      dbar      -1 [9] (21)   {-4}
                                 0.363    -0.203    -0.244     0.582     0.325
 16         s       3 [10] (21)   {+4}
                                -0.076    -0.134    -0.216     0.523     0.450
 17      sbar      -3 [10] (23)   {-1}
                                 0.164    -0.207    -0.045     0.524     0.450
 18         d       1 [11] (20)   {+2}
                                 0.036    -0.074    -0.433     0.548     0.325
 19      dbar      -1 [11] (22)   {-3}
                                -0.018     0.086     0.251     0.420     0.325
 20   Cluster      81 [13,18] (26,27)   
                                -0.302     1.143     0.261     2.025     1.623
 21   Cluster      81 [15,16] (28,29)   
                                 0.287    -0.337    -0.460     1.104     0.901
 22   Cluster      81 [12,19] (24,25)   
                                -0.393     0.566     1.162     1.563     0.786
 23   Cluster      81 [14,17] (30,31)   
                                 0.408    -1.373    -0.962     2.062     1.129
--- final:
 24       pi-    -211 [22]    
                                -0.518     0.165     0.429     0.707     0.140
 25       pi+     211 [22]    
                                 0.125     0.401     0.733     0.857     0.140
 26      rho0     113 [20] (32,33)   
                                -0.238     0.575     0.422     1.052     0.736
 27      rho0     113 [20] (34,35)   
                                -0.065     0.568    -0.161     0.973     0.771
 28       pi0     111 [21] (36,37)   
                                -0.034     0.170    -0.062     0.228     0.135
 29     Kbar0    -311 [21] (38)   
                                 0.321    -0.508    -0.398     0.876     0.498
 30        K0     311 [23] (39)   
                                 0.301    -0.758    -0.722     1.198     0.498
 31       eta     221 [23] (40,41)   
                                 0.107    -0.614    -0.240     0.864     0.548
------------------------------------------------------------------------------
     Sum of momenta:            -3e-05    -2e-05    -1e-05      6.75      6.75
------------------------------------------------------------------------------
Step 4 performed by DecayHandler
--- final:
 24       pi-    -211 [22]    
                                -0.518     0.165     0.429     0.707     0.140
 25       pi+     211 [22]    
                                 0.125     0.401     0.733     0.857     0.140
 32       pi+     211 [26]    
                                -0.301     0.466     0.574     0.810     0.140
 33       pi-    -211 [26]    
                                 0.063     0.109    -0.152     0.242     0.140
 34       pi+     211 [27]    
                                 0.089     0.012     0.214     0.271     0.140
 35       pi-    -211 [27]    
                                -0.153     0.556    -0.375     0.702     0.140
 36     gamma      22 [28]    
                                -0.043     0.101     0.029     0.113     0.000
 37     gamma      22 [28]    
                                 0.009     0.070    -0.091     0.115     0.000
 38      K_L0     130 [29]    
                                 0.321    -0.508    -0.398     0.876     0.498
 39      K_L0     130 [30]    
                                 0.301    -0.758    -0.722     1.198     0.498
 40     gamma      22 [31]    
                                 0.288    -0.181    -0.009     0.341     0.000
 41     gamma      22 [31]    
                                -0.181    -0.433    -0.231     0.523     0.000
------------------------------------------------------------------------------
     Sum of momenta:            -3e-05    -2e-05    -1e-05      6.75      6.75

The following exception classes were reported in this run:
ThePEG::EventHandler::ConsistencyException warning (1 times)
ThePEG::LesHouchesReader::LesHouchesReopenWarning warning (1 times)
