>>>>>>>>>>>>>>>>>>>>>>>>>>>>>>>>>>>>>>>>>>>>>>>>>>>>>>>>>>>>>>>>>>>>>>>>>>>>>>
>>>> Toolkit for HEP Event Generation - ThePEG 2.2.0 <<<<<<<<<<<<<<<<<<<<<<<<<
>>>> Tue Jun 30 00:17:51 2020                                             <<<<
<<<<<<<<<<<<<<<<<<<<<<<<<<<<<<<<<<<<<<<<<<<<<<<<<<<<<<<<<<<<<<<<<<<<<<<<<<<<<<

>> Herwig 7.2.0 / ThePEG 2.2.0

/Herwig/EventHandlers/NoCuts:
MHat  = 2 .. 57.356 GeV
Scale = 0 .. 1e+12 GeV2
YHat  = -100 .. 100
X1    = 0 .. 1
X2    = 0 .. 1

* A warning exception of type ThePEG::LesHouchesReader::LesHouchesReopenWarning occurred while generating event number 1: 
Reopening LesHouchesReader 'myReader' after accessing 2 events out of 1
* A warning exception of type ThePEG::EventHandler::ConsistencyException occurred while generating event number 1: 
Event handler 'myLesHouchesHandler' found energy-momentum non-conservation by (-2e-05,-2e-05,-3e-05;9.99887e-06) GeV after generating step number 4.

******************************************************************************
Event number 1 (id: ./OUTPUT/0.95MB1.05/1512335477/TMP/Cluster_HERWIGOutput_2) performed by myLesHouchesHandler
Weight: 1
==============================================================================

--- Colliding particles:
  1        e-      11  (3)   
                                14.339     0.000     0.000    14.339     0.000
  2        e+     -11  (3)   
                               -14.339     0.000    -0.000    14.339     0.000
------------------------------------------------------------------------------
Primary sub-process performed by myReader
--- incoming:
  1        e-      11  (3)   
                                14.339     0.000     0.000    14.339     0.000
  2        e+     -11  (3)   
                               -14.339     0.000    -0.000    14.339     0.000
--- intermediates:
  3     gamma      22 [1,2] (4..8)   
                                 0.000     0.000     0.000    28.678    28.678
--- outgoing:
  4         g      21 [3] (9)  7>>7 {+1,-2}
                                 2.992    -1.103     9.968    10.466     0.000
  5         g      21 [3] (14)  6>>8 {+3,-4}
                                 3.119     0.538    -5.923     6.716     0.000
  6         g      21 [3] (15)  8>>5 {+4,-5}
                                -0.255     0.342    -0.767     0.878     0.000
  7         g      21 [3] (16)  4>>4 {+2,-1}
                                -3.740    -2.000     1.861     4.632     0.000
  8         g      21 [3] (17)  5>>6 {+5,-3}
                                -2.117     2.224    -5.140     5.987     0.000
------------------------------------------------------------------------------
Step 1 performed by myLesHouchesHandler
--- intermediates:
  1        e-      11  (3)   
                                14.339     0.000     0.000    14.339     0.000
  2        e+     -11  (3)   
                               -14.339     0.000    -0.000    14.339     0.000
  3     gamma      22 [1,2] (4..8)   
                                 0.000     0.000     0.000    28.678    28.678
--- final:
  4         g      21 [3] (9)  7>>7 {+1,-2}
                                 2.992    -1.103     9.968    10.466     0.000
  5         g      21 [3] (14)  6>>8 {+3,-4}
                                 3.119     0.538    -5.923     6.716     0.000
  6         g      21 [3] (15)  8>>5 {+4,-5}
                                -0.255     0.342    -0.767     0.878     0.000
  7         g      21 [3] (16)  4>>4 {+2,-1}
                                -3.740    -2.000     1.861     4.632     0.000
  8         g      21 [3] (17)  5>>6 {+5,-3}
                                -2.117     2.224    -5.140     5.987     0.000
------------------------------------------------------------------------------
     Sum of momenta:            -3e-05    -2e-05    -3e-05      28.7      28.7
------------------------------------------------------------------------------
Step 2 performed by ShowerHandler
--- intermediates:
  9         g      21 [4] (10,11)   {+1,-2}
                                 2.796    -1.031     9.315    10.970     4.968
 11         g      21 [9] (12,13)   {+1,-6}
                                 3.018    -1.289     5.526     7.049     2.895
--- final:
 10         g      21 [9] (26,27)  16>>13 {+6,-2}
                                -0.222     0.258     3.789     3.921     0.950
 12         g      21 [11] (28,29)  13>>16 {+1,-7}
                                 1.599    -0.527     1.055     2.202     0.950
 13         g      21 [11] (30,31)  10>>12 {+7,-6}
                                 1.419    -0.762     4.472     4.847     0.950
 14         g      21 [5] (18,19)  15>>17 {+3,-4}
                                 2.915     0.503    -5.535     6.347     0.950
 15         g      21 [6] (20,21)  17>>14 {+4,-5}
                                -0.238     0.319    -0.717     1.255     0.950
 16         g      21 [7] (22,23)  12>>10 {+2,-1}
                                -3.495    -1.869     1.739     4.431     0.950
 17         g      21 [8] (24,25)  14>>15 {+5,-3}
                                -1.978     2.078    -4.803     5.675     0.950
------------------------------------------------------------------------------
     Sum of momenta:            -3e-05    -2e-05    -3e-05      28.7      28.7
------------------------------------------------------------------------------
Step 3 performed by ClusterHadHandler
--- intermediates:
 18         u       2 [14] (32)   {+3}
                                 0.514     0.233    -1.462     1.601     0.325
 19      ubar      -2 [14] (37)   {-4}
                                 2.401     0.270    -4.072     4.746     0.325
 20         u       2 [15] (36)   {+4}
                                -0.152     0.055     0.060     0.368     0.325
 21      ubar      -2 [15] (33)   {-5}
                                -0.086     0.264    -0.777     0.887     0.325
 22         d       1 [16] (36)   {+2}
                                -1.747    -0.760     1.172     2.260     0.325
 23      dbar      -1 [16] (34)   {-1}
                                -1.748    -1.109     0.567     2.171     0.325
 24         d       1 [17] (33)   {+5}
                                -0.254     0.282    -0.623     0.799     0.325
 25      dbar      -1 [17] (32)   {-3}
                                -1.724     1.796    -4.180     4.876     0.325
 26         d       1 [10] (36)   {+6}
                                -0.287    -0.148     1.328     1.405     0.325
 27      dbar      -1 [10] (35)   {-2}
                                 0.065     0.406     2.461     2.516     0.325
 28         d       1 [12] (34)   {+1}
                                 1.063    -0.409     0.315     1.226     0.325
 29      dbar      -1 [12] (37)   {-7}
                                 0.536    -0.118     0.739     0.976     0.325
 30         u       2 [13] (35)   {+7}
                                 0.727    -0.325     3.098     3.215     0.325
 31      ubar      -2 [13] (37)   {-6}
                                 0.692    -0.437     1.374     1.632     0.325
 32   Cluster      81 [18,25] (48,49)   
                                -1.210     2.029    -5.643     6.477     2.129
 33   Cluster      81 [21,24] (46,47)   
                                -0.340     0.546    -1.400     1.686     0.683
 34   Cluster      81 [23,28] (50,51)   
                                -0.685    -1.518     0.883     3.397     2.826
 35   Cluster      81 [27,30] (44,45)   
                                 0.792     0.082     5.559     5.731     1.146
 36   Cluster      81 [20,22,26] (39)   
                                -2.185    -0.853     2.561     4.033     2.051
 37   Cluster      81 [19,29,31] (38)   
                                 3.629    -0.285    -1.959     7.354     6.082
 38   Cluster      81 [37] (40,41)   
                                 3.629    -0.285    -1.959     7.354     6.082
 39   Cluster      81 [36] (52,53)   
                                -2.185    -0.853     2.561     4.033     2.051
 40   Cluster      81 [38] (42,43)   
                                 2.736     0.020    -2.901     5.483     3.763
 41   Cluster      81 [38] (54,55)   
                                 0.893    -0.306     0.942     1.871     1.312
 42   Cluster      81 [40] (56,57)   
                                 1.654     0.198    -2.876     3.486     1.050
 43   Cluster      81 [40] (58,59)   
                                 1.082    -0.177    -0.025     1.998     1.669
--- final:
 44       pi+     211 [35]    
                                 0.103     0.006     2.819     2.825     0.140
 45      rho0     113 [35] (60,61)   
                                 0.690     0.075     2.739     2.906     0.680
 46       pi0     111 [33] (62,63)   
                                -0.298     0.671    -1.095     1.325     0.135
 47       pi-    -211 [33]    
                                -0.042    -0.125    -0.305     0.361     0.140
 48      rho+     213 [32] (64,65)   
                                -0.271     0.830    -2.588     2.799     0.609
 49       f_2     225 [32] (68,69)   
                                -0.939     1.198    -3.054     3.678     1.372
 50      a_0+ 9000211 [34] (75,76)   
                                -1.204    -0.766     0.490     1.890     1.137
 51      b_1-  -10213 [34] (79,80)   
                                 0.519    -0.752     0.393     1.507     1.132
 52      rho0     113 [39] (87,88)   
                                -0.559     0.277     0.837     1.245     0.677
 53        n0    2112 [39]    
                                -1.626    -1.130     1.724     2.789     0.940
 54     nbar0   -2112 [41]    
                                 0.639     0.054     0.793     1.386     0.940
 55       pi0     111 [41] (89,90)   
                                 0.254    -0.360     0.149     0.484     0.135
 56     omega     223 [42] (91,92)   
                                 1.122    -0.041    -2.099     2.504     0.777
 57       pi-    -211 [42]    
                                 0.532     0.239    -0.778     0.982     0.140
 58       pi0     111 [43] (97,98)   
                                -0.158    -0.123    -0.055     0.248     0.135
 59    omega'  100223 [43] (99,100)   
                                 1.240    -0.054     0.030     1.750     1.232
------------------------------------------------------------------------------
     Sum of momenta:            -3e-05    -2e-05    -3e-05      28.7      28.7
------------------------------------------------------------------------------
Step 4 performed by DecayHandler
--- intermediates:
 64       pi0     111 [48] (66,67)   
                                 0.005     0.562    -2.001     2.083     0.135
 68       pi0     111 [49] (70,71)   
                                -0.031     0.499    -2.152     2.214     0.135
 69       pi0     111 [49] (72..74)   
                                -0.908     0.699    -0.902     1.464     0.135
 75       eta     221 [50] (77,78)   
                                -1.151    -0.274     0.425     1.372     0.548
 79     omega     223 [51] (81,82)   
                                 0.677    -0.605     0.299     1.234     0.781
 81      rho0     113 [79] (83,84)   
                                 0.496    -0.377     0.165     0.887     0.609
 82       pi0     111 [79] (85,86)   
                                 0.181    -0.228     0.134     0.347     0.135
 91      rho0     113 [56] (93,94)   
                                 0.763     0.176    -1.583     1.825     0.461
 92       pi0     111 [56] (95,96)   
                                 0.359    -0.218    -0.516     0.679     0.135
 99      rho+     213 [59] (101,102)   
                                 0.427     0.099    -0.142     0.893     0.765
101       pi0     111 [99] (103,104)   
                                 0.021    -0.264     0.045     0.301     0.135
--- final:
 44       pi+     211 [35]    
                                 0.103     0.006     2.819     2.825     0.140
 47       pi-    -211 [33]    
                                -0.042    -0.125    -0.305     0.361     0.140
 53        n0    2112 [39]    
                                -1.626    -1.130     1.724     2.789     0.940
 54     nbar0   -2112 [41]    
                                 0.639     0.054     0.793     1.386     0.940
 57       pi-    -211 [42]    
                                 0.532     0.239    -0.778     0.982     0.140
 60       pi+     211 [45]    
                                 0.284     0.295     1.790     1.842     0.140
 61       pi-    -211 [45]    
                                 0.406    -0.220     0.949     1.065     0.140
 62     gamma      22 [46]    
                                -0.225     0.464    -0.867     1.009     0.000
 63     gamma      22 [46]    
                                -0.073     0.207    -0.228     0.316     0.000
 65       pi+     211 [48]    
                                -0.276     0.268    -0.587     0.716     0.140
 66     gamma      22 [64]    
                                -0.015     0.000    -0.035     0.038     0.000
 67     gamma      22 [64]    
                                 0.020     0.562    -1.966     2.045     0.000
 70     gamma      22 [68]    
                                -0.008     0.394    -1.881     1.922     0.000
 71     gamma      22 [68]    
                                -0.023     0.105    -0.271     0.292     0.000
 72     gamma      22 [69]    
                                -0.153     0.182    -0.168     0.291     0.000
 73        e-      11 [69]    
                                -0.478     0.341    -0.487     0.763     0.001
 74        e+     -11 [69]    
                                -0.276     0.177    -0.247     0.410     0.001
 76       pi+     211 [50]    
                                -0.053    -0.492     0.064     0.518     0.140
 77     gamma      22 [75]    
                                -0.846    -0.440     0.272     0.992     0.000
 78     gamma      22 [75]    
                                -0.305     0.166     0.154     0.380     0.000
 80       pi-    -211 [51]    
                                -0.158    -0.147     0.094     0.273     0.140
 83       pi+     211 [81]    
                                 0.490    -0.326     0.310     0.679     0.140
 84       pi-    -211 [81]    
                                 0.006    -0.051    -0.144     0.207     0.140
 85     gamma      22 [82]    
                                 0.148    -0.179     0.039     0.235     0.000
 86     gamma      22 [82]    
                                 0.033    -0.048     0.095     0.112     0.000
 87       pi+     211 [52]    
                                -0.021    -0.143     0.315     0.374     0.140
 88       pi-    -211 [52]    
                                -0.538     0.421     0.522     0.871     0.140
 89     gamma      22 [55]    
                                 0.194    -0.343     0.104     0.407     0.000
 90     gamma      22 [55]    
                                 0.060    -0.017     0.045     0.077     0.000
 93       pi+     211 [91]    
                                 0.626    -0.006    -1.103     1.276     0.140
 94       pi-    -211 [91]    
                                 0.137     0.182    -0.479     0.549     0.140
 95     gamma      22 [92]    
                                 0.282    -0.217    -0.368     0.512     0.000
 96     gamma      22 [92]    
                                 0.077    -0.000    -0.148     0.167     0.000
 97     gamma      22 [58]    
                                 0.006     0.018     0.010     0.022     0.000
 98     gamma      22 [58]    
                                -0.165    -0.141    -0.065     0.226     0.000
100       pi-    -211 [59]    
                                 0.813    -0.153     0.172     0.857     0.140
102       pi+     211 [99]    
                                 0.407     0.363    -0.186     0.593     0.140
103     gamma      22 [101]    
                                -0.047    -0.120    -0.017     0.130     0.000
104     gamma      22 [101]    
                                 0.067    -0.144     0.062     0.171     0.000
------------------------------------------------------------------------------
     Sum of momenta:            -3e-05    -2e-05    -3e-05      28.7      28.7

The following exception classes were reported in this run:
ThePEG::EventHandler::ConsistencyException warning (1 times)
ThePEG::LesHouchesReader::LesHouchesReopenWarning warning (1 times)
