>>>>>>>>>>>>>>>>>>>>>>>>>>>>>>>>>>>>>>>>>>>>>>>>>>>>>>>>>>>>>>>>>>>>>>>>>>>>>>
>>>> Toolkit for HEP Event Generation - ThePEG 2.2.0 <<<<<<<<<<<<<<<<<<<<<<<<<
>>>> Tue Jun 30 00:28:41 2020                                             <<<<
<<<<<<<<<<<<<<<<<<<<<<<<<<<<<<<<<<<<<<<<<<<<<<<<<<<<<<<<<<<<<<<<<<<<<<<<<<<<<<

>> Herwig 7.2.0 / ThePEG 2.2.0

/Herwig/EventHandlers/NoCuts:
MHat  = 2 .. 9.23933 GeV
Scale = 0 .. 1e+12 GeV2
YHat  = -100 .. 100
X1    = 0 .. 1
X2    = 0 .. 1

* A warning exception of type ThePEG::LesHouchesReader::LesHouchesReopenWarning occurred while generating event number 1: 
Reopening LesHouchesReader 'myReader' after accessing 2 events out of 1
* A warning exception of type ThePEG::EventHandler::ConsistencyException occurred while generating event number 1: 
Event handler 'myLesHouchesHandler' found energy-momentum non-conservation by (-4.26326e-17,-1e-05,-1e-05;-1.45176e-10) GeV after generating step number 4.

******************************************************************************
Event number 1 (id: ./OUTPUT/0.95MB1.05/1513331033/TMP/Cluster_HERWIGOutput_16) performed by myLesHouchesHandler
Weight: 1
==============================================================================

--- Colliding particles:
  1        e-      11  (3)   
                                 2.310     0.000     0.000     2.310     0.000
  2        e+     -11  (3)   
                                -2.310     0.000    -0.000     2.310     0.000
------------------------------------------------------------------------------
Primary sub-process performed by myReader
--- incoming:
  1        e-      11  (3)   
                                 2.310     0.000     0.000     2.310     0.000
  2        e+     -11  (3)   
                                -2.310     0.000    -0.000     2.310     0.000
--- intermediates:
  3     gamma      22 [1,2] (4..7)   
                                -0.000     0.000     0.000     4.620     4.620
--- outgoing:
  4         g      21 [3] (8)  7>>6 {+1,-2}
                                -0.436    -0.120    -0.089     0.460     0.000
  5         g      21 [3] (9)  6>>7 {+3,-4}
                                 0.440     0.145    -0.182     0.498     0.000
  6         g      21 [3] (10)  4>>5 {+4,-1}
                                -1.609    -0.762    -0.300     1.806     0.000
  7         g      21 [3] (11)  5>>4 {+2,-3}
                                 1.605     0.737     0.570     1.856     0.000
------------------------------------------------------------------------------
Step 1 performed by myLesHouchesHandler
--- intermediates:
  1        e-      11  (3)   
                                 2.310     0.000     0.000     2.310     0.000
  2        e+     -11  (3)   
                                -2.310     0.000    -0.000     2.310     0.000
  3     gamma      22 [1,2] (4..7)   
                                -0.000     0.000     0.000     4.620     4.620
--- final:
  4         g      21 [3] (8)  7>>6 {+1,-2}
                                -0.436    -0.120    -0.089     0.460     0.000
  5         g      21 [3] (9)  6>>7 {+3,-4}
                                 0.440     0.145    -0.182     0.498     0.000
  6         g      21 [3] (10)  4>>5 {+4,-1}
                                -1.609    -0.762    -0.300     1.806     0.000
  7         g      21 [3] (11)  5>>4 {+2,-3}
                                 1.605     0.737     0.570     1.856     0.000
------------------------------------------------------------------------------
     Sum of momenta:            -1e-05    -1e-05    -1e-05      4.62      4.62
------------------------------------------------------------------------------
Step 2 performed by ShowerHandler
--- final:
  8         g      21 [4] (12,13)  11>>10 {+1,-2}
                                -0.221    -0.061    -0.045     0.978     0.950
  9         g      21 [5] (14,15)  10>>11 {+3,-4}
                                 0.223     0.074    -0.092     0.983     0.950
 10         g      21 [6] (16,17)  8>>9 {+4,-1}
                                -0.817    -0.387    -0.152     1.320     0.950
 11         g      21 [7] (18,19)  9>>8 {+2,-3}
                                 0.815     0.374     0.290     1.338     0.950
------------------------------------------------------------------------------
     Sum of momenta:            -1e-05    -1e-05    -1e-05      4.62      4.62
------------------------------------------------------------------------------
Step 3 performed by ClusterHadHandler
--- intermediates:
 12         d       1 [8] (20)   {+1}
                                -0.165    -0.320     0.161     0.511     0.325
 13      dbar      -1 [8] (23)   {-2}
                                -0.056     0.259    -0.206     0.467     0.325
 14         d       1 [9] (21)   {+3}
                                -0.047    -0.233    -0.200     0.450     0.325
 15      dbar      -1 [9] (22)   {-4}
                                 0.271     0.306     0.108     0.533     0.325
 16         s       3 [10] (23)   {+4}
                                -0.565    -0.175    -0.169     0.762     0.450
 17      sbar      -3 [10] (20)   {-1}
                                -0.252    -0.212     0.017     0.558     0.450
 18         d       1 [11] (22)   {+2}
                                 0.394     0.088    -0.205     0.558     0.325
 19      dbar      -1 [11] (21)   {-3}
                                 0.421     0.286     0.495     0.781     0.325
 20   Cluster      81 [12,17] (24,25)   
                                -0.417    -0.532     0.177     1.069     0.809
 21   Cluster      81 [14,19] (30,31)   
                                 0.374     0.053     0.295     1.230     1.133
 22   Cluster      81 [15,18] (26,27)   
                                 0.665     0.395    -0.098     1.091     0.763
 23   Cluster      81 [13,16] (28,29)   
                                -0.622     0.085    -0.375     1.230     0.989
--- final:
 24       pi-    -211 [20]    
                                -0.372    -0.273    -0.000     0.482     0.140
 25        K+     321 [20]    
                                -0.045    -0.259     0.178     0.587     0.494
 26       pi0     111 [22] (32,33)   
                                 0.112     0.089     0.116     0.228     0.135
 27       eta     221 [22] (34..36)   
                                 0.553     0.306    -0.213     0.863     0.548
 28        K-    -321 [23]    
                                -0.221     0.000    -0.542     0.766     0.494
 29       pi+     211 [23]    
                                -0.401     0.085     0.167     0.464     0.140
 30       pi-    -211 [21]    
                                -0.129    -0.439     0.126     0.494     0.140
 31       pi+     211 [21]    
                                 0.502     0.491     0.169     0.736     0.140
------------------------------------------------------------------------------
     Sum of momenta:            -1e-05    -1e-05    -1e-05      4.62      4.62
------------------------------------------------------------------------------
Step 4 performed by DecayHandler
--- intermediates:
 34       pi0     111 [27] (37,38)   
                                 0.341     0.127    -0.114     0.404     0.135
 35       pi0     111 [27] (39,40)   
                                 0.121     0.151    -0.157     0.283     0.135
 36       pi0     111 [27] (41,42)   
                                 0.091     0.028     0.058     0.175     0.135
--- final:
 24       pi-    -211 [20]    
                                -0.372    -0.273    -0.000     0.482     0.140
 25        K+     321 [20]    
                                -0.045    -0.259     0.178     0.587     0.494
 28        K-    -321 [23]    
                                -0.221     0.000    -0.542     0.766     0.494
 29       pi+     211 [23]    
                                -0.401     0.085     0.167     0.464     0.140
 30       pi-    -211 [21]    
                                -0.129    -0.439     0.126     0.494     0.140
 31       pi+     211 [21]    
                                 0.502     0.491     0.169     0.736     0.140
 32     gamma      22 [26]    
                                 0.058    -0.030     0.049     0.082     0.000
 33     gamma      22 [26]    
                                 0.054     0.119     0.067     0.147     0.000
 37     gamma      22 [34]    
                                 0.303     0.057    -0.085     0.320     0.000
 38     gamma      22 [34]    
                                 0.038     0.070    -0.028     0.084     0.000
 39     gamma      22 [35]    
                                -0.006    -0.012     0.011     0.017     0.000
 40     gamma      22 [35]    
                                 0.127     0.163    -0.168     0.266     0.000
 41     gamma      22 [36]    
                                 0.114    -0.010     0.018     0.116     0.000
 42     gamma      22 [36]    
                                -0.023     0.038     0.040     0.059     0.000
------------------------------------------------------------------------------
     Sum of momenta:            -1e-05    -1e-05    -1e-05      4.62      4.62

The following exception classes were reported in this run:
ThePEG::EventHandler::ConsistencyException warning (1 times)
ThePEG::LesHouchesReader::LesHouchesReopenWarning warning (1 times)
