>>>>>>>>>>>>>>>>>>>>>>>>>>>>>>>>>>>>>>>>>>>>>>>>>>>>>>>>>>>>>>>>>>>>>>>>>>>>>>
>>>> Toolkit for HEP Event Generation - ThePEG 2.2.0 <<<<<<<<<<<<<<<<<<<<<<<<<
>>>> Tue Jun 30 00:35:22 2020                                             <<<<
<<<<<<<<<<<<<<<<<<<<<<<<<<<<<<<<<<<<<<<<<<<<<<<<<<<<<<<<<<<<<<<<<<<<<<<<<<<<<<

>> Herwig 7.2.0 / ThePEG 2.2.0

/Herwig/EventHandlers/NoCuts:
MHat  = 2 .. 86.6622 GeV
Scale = 0 .. 1e+12 GeV2
YHat  = -100 .. 100
X1    = 0 .. 1
X2    = 0 .. 1

* A warning exception of type ThePEG::LesHouchesReader::LesHouchesReopenWarning occurred while generating event number 1: 
Reopening LesHouchesReader 'myReader' after accessing 2 events out of 1
* A warning exception of type ThePEG::EventHandler::ConsistencyException occurred while generating event number 1: 
Event handler 'myLesHouchesHandler' found energy-momentum non-conservation by (-1.1e-05,-2e-05,-1e-05;9.99681e-06) GeV after generating step number 4.

******************************************************************************
Event number 1 (id: ./OUTPUT/0.95MB1.05/1512015332/TMP/Cluster_HERWIGOutput_24) performed by myLesHouchesHandler
Weight: 1
==============================================================================

--- Colliding particles:
  1        e-      11  (3)   
                                21.666     0.000    -0.000    21.666     0.000
  2        e+     -11  (3)   
                               -21.666     0.000     0.000    21.666     0.000
------------------------------------------------------------------------------
Primary sub-process performed by myReader
--- incoming:
  1        e-      11  (3)   
                                21.666     0.000    -0.000    21.666     0.000
  2        e+     -11  (3)   
                               -21.666     0.000     0.000    21.666     0.000
--- intermediates:
  3     gamma      22 [1,2] (4..8)   
                                -0.000     0.000     0.000    43.331    43.331
--- outgoing:
  4         g      21 [3] (9)  6>>8 {+1,-2}
                                -1.860     3.640    -4.614     6.165     0.000
  5         g      21 [3] (12)  8>>7 {+3,-4}
                                 1.937    -2.315    13.781    14.108     0.000
  6         g      21 [3] (17)  7>>4 {+2,-5}
                                -1.913    -3.147    -6.549     7.513     0.000
  7         g      21 [3] (20)  5>>6 {+5,-3}
                                 6.001     4.169     3.233     7.990     0.000
  8         g      21 [3] (23)  4>>5 {+4,-1}
                                -4.165    -2.347    -5.851     7.556     0.000
------------------------------------------------------------------------------
Step 1 performed by myLesHouchesHandler
--- intermediates:
  1        e-      11  (3)   
                                21.666     0.000    -0.000    21.666     0.000
  2        e+     -11  (3)   
                               -21.666     0.000     0.000    21.666     0.000
  3     gamma      22 [1,2] (4..8)   
                                -0.000     0.000     0.000    43.331    43.331
--- final:
  4         g      21 [3] (9)  6>>8 {+1,-2}
                                -1.860     3.640    -4.614     6.165     0.000
  5         g      21 [3] (12)  8>>7 {+3,-4}
                                 1.937    -2.315    13.781    14.108     0.000
  6         g      21 [3] (17)  7>>4 {+2,-5}
                                -1.913    -3.147    -6.549     7.513     0.000
  7         g      21 [3] (20)  5>>6 {+5,-3}
                                 6.001     4.169     3.233     7.990     0.000
  8         g      21 [3] (23)  4>>5 {+4,-1}
                                -4.165    -2.347    -5.851     7.556     0.000
------------------------------------------------------------------------------
     Sum of momenta:            -2e-05    -2e-05    -1e-05      43.3      43.3
------------------------------------------------------------------------------
Step 2 performed by ShowerHandler
--- intermediates:
  9         g      21 [4] (10,11)   {+1,-2}
                                -1.618     3.166    -4.013     6.264     3.240
 12         g      21 [5] (13,14)   {+3,-4}
                                 1.685    -2.013    11.984    14.049     6.845
 14         g      21 [12] (15,16)   {+3,-6}
                                 1.387    -2.983     5.278     7.200     3.628
 17         g      21 [6] (18,19)   {+2,-5}
                                -1.664    -2.737    -5.695     7.886     4.417
 20         g      21 [7] (21,22)   {+5,-3}
                                 5.218     3.625     2.812     8.493     4.884
--- final:
 10         g      21 [9] (26,27)  18>>11 {+7,-2}
                                -2.148     1.397    -2.345     3.601     0.950
 11         g      21 [9] (28,29)  10>>23 {+1,-7}
                                 0.530     1.769    -1.667     2.663     0.950
 13         g      21 [12] (30,31)  23>>15 {+6,-4}
                                 0.298     0.970     6.706     6.848     0.950
 15         g      21 [14] (32,33)  13>>16 {+8,-6}
                                 1.024    -0.436     3.829     4.099     0.950
 16         g      21 [14] (34,35)  15>>22 {+3,-8}
                                 0.362    -2.547     1.450     3.102     0.950
 18         g      21 [17] (40,41)  19>>10 {+2,-9}
                                 0.831    -1.382    -0.579     1.959     0.950
 19         g      21 [17] (42,43)  21>>18 {+9,-5}
                                -2.494    -1.354    -5.116     5.927     0.950
 21         g      21 [20] (36,37)  22>>19 {+5,-10}
                                -0.608     0.109     0.549     1.259     0.950
 22         g      21 [20] (38,39)  16>>21 {+10,-3}
                                 5.826     3.516     2.263     7.234     0.950
 23         g      21 [8] (24,25)  11>>13 {+4,-1}
                                -3.622    -2.041    -5.088     6.639     0.950
------------------------------------------------------------------------------
     Sum of momenta:            -2e-05    -2e-05    -1e-05      43.3      43.3
------------------------------------------------------------------------------
Step 3 performed by ClusterHadHandler
--- intermediates:
 24         s       3 [23] (49)   {+4}
                                -1.987    -1.144    -2.571     3.474     0.450
 25      sbar      -3 [23] (53)   {-1}
                                -1.635    -0.897    -2.518     3.165     0.450
 26         s       3 [10] (44)   {+7}
                                -1.134     0.582    -1.059     1.717     0.450
 27      sbar      -3 [10] (45)   {-2}
                                -1.014     0.815    -1.286     1.884     0.450
 28         d       1 [11] (52)   {+1}
                                 0.496     1.215    -1.455     1.986     0.325
 29      dbar      -1 [11] (44)   {-7}
                                 0.034     0.553    -0.213     0.677     0.325
 30         d       1 [13] (46)   {+6}
                                -0.096     0.301     3.679     3.707     0.325
 31      dbar      -1 [13] (50)   {-4}
                                 0.394     0.668     3.027     3.142     0.325
 32         d       1 [15] (50)   {+8}
                                 1.016    -0.387     2.969     3.179     0.325
 33      dbar      -1 [15] (46)   {-6}
                                 0.008    -0.050     0.859     0.920     0.325
 34         d       1 [16] (47)   {+3}
                                 0.225    -1.415     1.184     1.887     0.325
 35      dbar      -1 [16] (51)   {-8}
                                 0.137    -1.132     0.266     1.215     0.325
 36         s       3 [21] (51)   {+5}
                                -0.360    -0.024     0.153     0.597     0.450
 37      sbar      -3 [21] (48)   {-10}
                                -0.248     0.134     0.396     0.662     0.450
 38         d       1 [22] (48)   {+10}
                                 3.777     2.313     1.135     4.583     0.325
 39      dbar      -1 [22] (47)   {-3}
                                 2.050     1.203     1.128     2.651     0.325
 40         d       1 [18] (45)   {+2}
                                 0.086    -0.806    -0.319     0.929     0.325
 41      dbar      -1 [18] (52)   {-9}
                                 0.745    -0.577    -0.260     1.030     0.325
 42         d       1 [19] (53)   {+9}
                                -1.689    -1.021    -4.017     4.487     0.325
 43      dbar      -1 [19] (49)   {-5}
                                -0.805    -0.333    -1.099     1.440     0.325
 44   Cluster      81 [26,29] (66,67)   
                                -1.099     1.135    -1.272     2.394     1.271
 45   Cluster      81 [27,40] (72,73)   
                                -0.928     0.009    -1.605     2.813     2.116
 46   Cluster      81 [30,33] (54,55)   
                                -0.088     0.252     4.538     4.627     0.861
 47   Cluster      81 [34,39] (64,65)   
                                 2.275    -0.212     2.312     4.537     3.166
 48   Cluster      81 [37,38] (68,69)   
                                 3.529     2.447     1.531     5.246     2.595
 49   Cluster      81 [24,43] (60,61)   
                                -2.792    -1.477    -3.670     4.913     0.836
 50   Cluster      81 [31,32] (58,59)   
                                 1.410     0.282     5.996     6.320     1.387
 51   Cluster      81 [35,36] (56,57)   
                                -0.223    -1.156     0.418     1.812     1.312
 52   Cluster      81 [28,41] (70,71)   
                                 1.241     0.639    -1.715     3.016     2.052
 53   Cluster      81 [25,42] (62,63)   
                                -3.324    -1.918    -6.535     7.653     1.065
--- final:
 54       pi0     111 [46] (74,75)   
                                -0.430     0.007     1.969     2.020     0.135
 55       pi0     111 [46] (76,77)   
                                 0.342     0.244     2.569     2.607     0.135
 56       K*-    -323 [51] (78,79)   
                                -0.040    -1.021     0.613     1.482     0.881
 57       pi+     211 [51]    
                                -0.183    -0.136    -0.194     0.330     0.140
 58       pi-    -211 [50]    
                                 0.030     0.254     0.812     0.863     0.140
 59      a_0+ 9000211 [50] (81,82)   
                                 1.380     0.028     5.184     5.458     1.003
 60        K-    -321 [49]    
                                -1.485    -0.674    -2.216     2.795     0.494
 61       pi+     211 [49]    
                                -1.307    -0.804    -1.453     2.118     0.140
 62       pi-    -211 [53]    
                                -1.749    -0.667    -3.613     4.071     0.140
 63        K+     321 [53]    
                                -1.575    -1.251    -2.922     3.581     0.494
 64  p(1535)+   22212 [47] (92..94)   
                                 1.345    -0.157     1.156     2.342     1.521
 65pbar(1440)  -12212 [47] (99,100)   
                                 0.930    -0.055     1.156     2.195     1.617
 66    K*bar0    -313 [44] (107,108)   
                                -0.389     0.196    -0.787     1.114     0.656
 67       pi0     111 [44] (112,113)   
                                -0.710     0.939    -0.485     1.280     0.135
 68       K*+     323 [48] (114,115)   
                                 2.101     0.473     1.399     2.713     0.875
 69      a_1-  -20213 [48] (119,120)   
                                 1.428     1.974     0.132     2.533     0.680
 70     omega     223 [52] (123,124)   
                                 0.869     0.518    -0.653     1.436     0.782
 71       f_0 9010221 [52] (127,128)   
                                 0.372     0.121    -1.062     1.581     1.103
 72Lambdabar0   -3122 [45] (133,134)   
                                -0.504    -0.243    -0.826     1.497     1.116
 73        n0    2112 [45]    
                                -0.424     0.253    -0.779     1.316     0.940
------------------------------------------------------------------------------
     Sum of momenta:            -2e-05    -2e-05    -1e-05      43.3      43.3
------------------------------------------------------------------------------
Step 4 performed by DecayHandler
--- intermediates:
 78     Kbar0    -311 [56] (80)   
                                -0.124    -1.000     0.669     1.308     0.498
 81       eta     221 [59] (83..85)   
                                 0.620     0.278     2.254     2.417     0.548
 83       pi0     111 [81] (86,87)   
                                 0.140    -0.012     0.614     0.644     0.135
 84       pi0     111 [81] (88,89)   
                                 0.426     0.155     1.205     1.294     0.135
 85       pi0     111 [81] (90,91)   
                                 0.053     0.136     0.435     0.479     0.135
 93       pi0     111 [64] (95,96)   
                                 0.299    -0.104     0.127     0.367     0.135
 94       pi0     111 [64] (97,98)   
                                 0.587    -0.192     0.381     0.738     0.135
 99 Deltabar-   -2214 [65] (101,102)   
                                 1.027    -0.198     1.163     1.976     1.208
100       pi0     111 [65] (105,106)   
                                -0.097     0.143    -0.007     0.219     0.135
102       pi0     111 [99] (103,104)   
                                 0.228    -0.153     0.472     0.563     0.135
107     Kbar0    -311 [66] (109)   
                                -0.236     0.190    -0.607     0.842     0.498
108       pi0     111 [66] (110,111)   
                                -0.153     0.006    -0.180     0.272     0.135
114        K0     311 [68] (116)   
                                 1.507     0.263     0.678     1.746     0.498
116      K_S0     310 [114] (117,118)   
                                 1.507     0.263     0.678     1.746     0.498
119    rho''0   30113 [69] (121,122)   
                                 1.213     1.805     0.101     2.225     0.456
124       pi0     111 [70] (125,126)   
                                 0.127    -0.056     0.113     0.224     0.135
127       pi0     111 [71] (129,130)   
                                -0.084     0.400    -0.057     0.434     0.135
128       pi0     111 [71] (131,132)   
                                 0.456    -0.280    -1.005     1.146     0.135
134       pi0     111 [72] (135,136)   
                                -0.136    -0.131    -0.136     0.269     0.135
--- final:
 57       pi+     211 [51]    
                                -0.183    -0.136    -0.194     0.330     0.140
 58       pi-    -211 [50]    
                                 0.030     0.254     0.812     0.863     0.140
 60        K-    -321 [49]    
                                -1.485    -0.674    -2.216     2.795     0.494
 61       pi+     211 [49]    
                                -1.307    -0.804    -1.453     2.118     0.140
 62       pi-    -211 [53]    
                                -1.749    -0.667    -3.613     4.071     0.140
 63        K+     321 [53]    
                                -1.575    -1.251    -2.922     3.581     0.494
 73        n0    2112 [45]    
                                -0.424     0.253    -0.779     1.316     0.940
 74     gamma      22 [54]    
                                 0.002    -0.005     0.156     0.156     0.000
 75     gamma      22 [54]    
                                -0.432     0.013     1.813     1.864     0.000
 76     gamma      22 [55]    
                                 0.184     0.125     0.956     0.981     0.000
 77     gamma      22 [55]    
                                 0.159     0.119     1.613     1.625     0.000
 79       pi-    -211 [56]    
                                 0.084    -0.020    -0.056     0.173     0.140
 80      K_L0     130 [78]    
                                -0.124    -1.000     0.669     1.308     0.498
 82       pi+     211 [59]    
                                 0.760    -0.250     2.930     3.040     0.140
 86     gamma      22 [83]    
                                 0.117    -0.003     0.217     0.246     0.000
 87     gamma      22 [83]    
                                 0.023    -0.009     0.397     0.398     0.000
 88     gamma      22 [84]    
                                 0.227     0.126     0.532     0.592     0.000
 89     gamma      22 [84]    
                                 0.199     0.028     0.673     0.703     0.000
 90     gamma      22 [85]    
                                 0.013     0.102     0.118     0.156     0.000
 91     gamma      22 [85]    
                                 0.040     0.033     0.318     0.322     0.000
 92        p+    2212 [64]    
                                 0.459     0.139     0.647     1.237     0.938
 95     gamma      22 [93]    
                                 0.200    -0.115     0.135     0.267     0.000
 96     gamma      22 [93]    
                                 0.099     0.011    -0.008     0.100     0.000
 97     gamma      22 [94]    
                                 0.153    -0.020     0.157     0.220     0.000
 98     gamma      22 [94]    
                                 0.434    -0.172     0.223     0.518     0.000
101     pbar-   -2212 [99]    
                                 0.798    -0.045     0.691     1.413     0.938
103     gamma      22 [102]    
                                 0.222    -0.135     0.477     0.543     0.000
104     gamma      22 [102]    
                                 0.006    -0.018    -0.005     0.019     0.000
105     gamma      22 [100]    
                                -0.117     0.116     0.032     0.168     0.000
106     gamma      22 [100]    
                                 0.020     0.027    -0.039     0.052     0.000
109      K_L0     130 [107]    
                                -0.236     0.190    -0.607     0.842     0.498
110     gamma      22 [108]    
                                -0.019    -0.032     0.008     0.038     0.000
111     gamma      22 [108]    
                                -0.134     0.038    -0.188     0.234     0.000
112     gamma      22 [67]    
                                -0.117     0.121    -0.024     0.170     0.000
113     gamma      22 [67]    
                                -0.594     0.818    -0.460     1.110     0.000
115       pi+     211 [68]    
                                 0.595     0.210     0.720     0.967     0.140
117       pi+     211 [116]    
                                 0.664     0.228     0.498     0.872     0.140
118       pi-    -211 [116]    
                                 0.843     0.036     0.181     0.874     0.140
120       pi-    -211 [69]    
                                 0.214     0.169     0.031     0.308     0.140
121       pi-    -211 [119]    
                                 0.833     0.951    -0.017     1.271     0.140
122       pi+     211 [119]    
                                 0.381     0.855     0.118     0.953     0.140
123     gamma      22 [70]    
                                 0.742     0.574    -0.766     1.211     0.000
125     gamma      22 [124]    
                                 0.133    -0.047     0.138     0.197     0.000
126     gamma      22 [124]    
                                -0.007    -0.009    -0.024     0.027     0.000
129     gamma      22 [127]    
                                -0.082     0.144    -0.065     0.179     0.000
130     gamma      22 [127]    
                                -0.002     0.256     0.008     0.256     0.000
131     gamma      22 [128]    
                                 0.326    -0.253    -0.827     0.924     0.000
132     gamma      22 [128]    
                                 0.130    -0.026    -0.177     0.222     0.000
133     nbar0   -2112 [72]    
                                -0.368    -0.112    -0.690     1.228     0.940
135     gamma      22 [134]    
                                 0.027    -0.020    -0.011     0.035     0.000
136     gamma      22 [134]    
                                -0.163    -0.111    -0.125     0.233     0.000
------------------------------------------------------------------------------
     Sum of momenta:            -2e-05    -2e-05    -1e-05      43.3      43.3

The following exception classes were reported in this run:
ThePEG::EventHandler::ConsistencyException warning (1 times)
ThePEG::LesHouchesReader::LesHouchesReopenWarning warning (1 times)
