>>>>>>>>>>>>>>>>>>>>>>>>>>>>>>>>>>>>>>>>>>>>>>>>>>>>>>>>>>>>>>>>>>>>>>>>>>>>>>
>>>> Toolkit for HEP Event Generation - ThePEG 2.2.0 <<<<<<<<<<<<<<<<<<<<<<<<<
>>>> Tue Jun 30 00:28:00 2020                                             <<<<
<<<<<<<<<<<<<<<<<<<<<<<<<<<<<<<<<<<<<<<<<<<<<<<<<<<<<<<<<<<<<<<<<<<<<<<<<<<<<<

>> Herwig 7.2.0 / ThePEG 2.2.0

/Herwig/EventHandlers/NoCuts:
MHat  = 2 .. 38.1137 GeV
Scale = 0 .. 1e+12 GeV2
YHat  = -100 .. 100
X1    = 0 .. 1
X2    = 0 .. 1

* A warning exception of type ThePEG::LesHouchesReader::LesHouchesReopenWarning occurred while generating event number 1: 
Reopening LesHouchesReader 'myReader' after accessing 2 events out of 1
* A warning exception of type ThePEG::EventHandler::ConsistencyException occurred while generating event number 1: 
Event handler 'myLesHouchesHandler' found energy-momentum non-conservation by (-2e-05,-4e-05,-3e-05;9.99974e-06) GeV after generating step number 4.

******************************************************************************
Event number 1 (id: ./OUTPUT/0.95MB1.05/1511391750/TMP/Cluster_HERWIGOutput_15) performed by myLesHouchesHandler
Weight: 1
==============================================================================

--- Colliding particles:
  1        e-      11  (3)   
                                 9.528     0.000    -0.000     9.528     0.000
  2        e+     -11  (3)   
                                -9.528     0.000     0.000     9.528     0.000
------------------------------------------------------------------------------
Primary sub-process performed by myReader
--- incoming:
  1        e-      11  (3)   
                                 9.528     0.000    -0.000     9.528     0.000
  2        e+     -11  (3)   
                                -9.528     0.000     0.000     9.528     0.000
--- intermediates:
  3     gamma      22 [1,2] (4..8)   
                                 0.000     0.000    -0.000    19.057    19.057
--- outgoing:
  4         g      21 [3] (9)  8>>5 {+1,-2}
                                 1.970     0.303     2.843     3.472     0.000
  5         g      21 [3] (12)  4>>7 {+3,-1}
                                -0.956     3.839     2.155     4.505     0.000
  6         g      21 [3] (13)  7>>8 {+4,-5}
                                 0.498     0.105     1.827     1.896     0.000
  7         g      21 [3] (14)  5>>6 {+5,-3}
                                -0.483    -4.442    -3.436     5.636     0.000
  8         g      21 [3] (15)  6>>4 {+2,-4}
                                -1.029     0.195    -3.389     3.547     0.000
------------------------------------------------------------------------------
Step 1 performed by myLesHouchesHandler
--- intermediates:
  1        e-      11  (3)   
                                 9.528     0.000    -0.000     9.528     0.000
  2        e+     -11  (3)   
                                -9.528     0.000     0.000     9.528     0.000
  3     gamma      22 [1,2] (4..8)   
                                 0.000     0.000    -0.000    19.057    19.057
--- final:
  4         g      21 [3] (9)  8>>5 {+1,-2}
                                 1.970     0.303     2.843     3.472     0.000
  5         g      21 [3] (12)  4>>7 {+3,-1}
                                -0.956     3.839     2.155     4.505     0.000
  6         g      21 [3] (13)  7>>8 {+4,-5}
                                 0.498     0.105     1.827     1.896     0.000
  7         g      21 [3] (14)  5>>6 {+5,-3}
                                -0.483    -4.442    -3.436     5.636     0.000
  8         g      21 [3] (15)  6>>4 {+2,-4}
                                -1.029     0.195    -3.389     3.547     0.000
------------------------------------------------------------------------------
     Sum of momenta:            -3e-05    -4e-05    -3e-05      19.1      19.1
------------------------------------------------------------------------------
Step 2 performed by ShowerHandler
--- intermediates:
  9         g      21 [4] (10,11)   {+1,-2}
                                 1.541     0.237     2.223     4.367     3.421
 15         g      21 [8] (16,17)   {+2,-4}
                                -0.805     0.153    -2.650     4.770     3.881
--- final:
 10         g      21 [9] (24,25)  16>>11 {+6,-2}
                                -0.656     0.657     0.732     1.517     0.950
 11         g      21 [9] (26,27)  10>>12 {+1,-6}
                                 2.196    -0.421     1.491     2.850     0.950
 12         g      21 [5] (18,19)  11>>14 {+3,-1}
                                -0.747     3.002     1.686     3.649     0.950
 13         g      21 [6] (20,21)  14>>17 {+4,-5}
                                 0.389     0.082     1.429     1.761     0.950
 14         g      21 [7] (22,23)  12>>13 {+5,-3}
                                -0.377    -3.474    -2.687     4.509     0.950
 16         c       4 [15] (33)  >10 {+2}
                                -0.956     1.029    -1.289     2.489     1.600
 17      cbar      -4 [15] (30)  13> {-4}
                                 0.151    -0.877    -1.361     2.281     1.600
------------------------------------------------------------------------------
     Sum of momenta:            -3e-05    -4e-05    -3e-05      19.1      19.1
------------------------------------------------------------------------------
Step 3 performed by ClusterHadHandler
--- intermediates:
 18         d       1 [12] (28)   {+3}
                                -0.011     0.723     0.222     0.823     0.325
 19      dbar      -1 [12] (29)   {-1}
                                -0.737     2.280     1.464     2.826     0.325
 20         u       2 [13] (30)   {+4}
                                 0.064     0.211     1.134     1.200     0.325
 21      ubar      -2 [13] (31)   {-5}
                                 0.325    -0.129     0.294     0.561     0.325
 22         u       2 [14] (31)   {+5}
                                -0.212    -2.230    -1.298     2.609     0.325
 23      ubar      -2 [14] (28)   {-3}
                                -0.166    -1.244    -1.389     1.900     0.325
 24         s       3 [10] (32)   {+6}
                                -0.490     0.313     0.357     0.817     0.450
 25      sbar      -3 [10] (33)   {-2}
                                -0.166     0.345     0.375     0.700     0.450
 26         u       2 [11] (29)   {+1}
                                 1.187    -0.209     0.391     1.309     0.325
 27      ubar      -2 [11] (32)   {-6}
                                 1.009    -0.211     1.100     1.542     0.325
 28   Cluster      81 [18,23] (44,45)   
                                -0.176    -0.521    -1.167     2.723     2.398
 29   Cluster      81 [19,26] (34,35)   
                                 0.451     2.070     1.854     4.135     3.028
 30   Cluster      81 [17,20] (38,39)   
                                 0.215    -0.666    -0.227     3.482     3.403
 31   Cluster      81 [21,22] (42,43)   
                                 0.113    -2.359    -1.003     3.169     1.861
 32   Cluster      81 [24,27] (36,37)   
                                 0.519     0.101     1.457     2.359     1.779
 33   Cluster      81 [16,25] (40,41)   
                                -1.121     1.374    -0.914     3.189     2.487
--- final:
 34      b_1+   10213 [29] (46,47)   
                                -0.208     0.732     0.638     1.947     1.674
 35      a_10   20113 [29] (54,55)   
                                 0.659     1.338     1.216     2.188     1.041
 36     Kbar0    -311 [32] (60)   
                                 0.091     0.059     0.184     0.542     0.498
 37      a_1-  -20213 [32] (63,64)   
                                 0.428     0.042     1.273     1.818     1.224
 38      a_2+     215 [30] (71,72)   
                                 0.195    -0.256     0.337     1.354     1.272
 39       D*-    -413 [30] (75,76)   
                                 0.020    -0.409    -0.563     2.127     2.010
 40        K+     321 [33]    
                                -0.481     0.601    -0.102     0.920     0.494
 41        D0     421 [33] (87..89)   
                                -0.640     0.772    -0.813     2.268     1.865
 42      a_20     115 [31] (94,95)   
                                -0.176    -1.273    -0.562     1.955     1.362
 43       pi0     111 [31] (100,101)   
                                 0.289    -1.086    -0.441     1.214     0.135
 44       pi-    -211 [28]    
                                -0.548    -0.578    -0.184     0.829     0.140
 45     a'_00   10111 [28] (102,103)   
                                 0.371     0.057    -0.983     1.894     1.575
------------------------------------------------------------------------------
     Sum of momenta:            -3e-05    -4e-05    -3e-05      19.1      19.1
------------------------------------------------------------------------------
Step 4 performed by DecayHandler
--- intermediates:
 46     omega     223 [34] (48,49)   
                                -0.494     0.827     0.011     1.237     0.775
 48      rho-    -213 [46] (50,51)   
                                -0.157     0.693     0.027     0.847     0.461
 50       pi0     111 [48] (52,53)   
                                -0.120     0.592     0.144     0.636     0.135
 54      rho+     213 [35] (56,57)   
                                 0.237     0.755     0.839     1.364     0.728
 57       pi0     111 [54] (58,59)   
                                 0.238    -0.032     0.195     0.337     0.135
 60      K_S0     310 [36] (61,62)   
                                 0.091     0.059     0.184     0.542     0.498
 63    rho''-  -30213 [37] (65,66)   
                                 0.609     0.097     1.087     1.520     0.865
 64       pi0     111 [37] (69,70)   
                                -0.181    -0.055     0.186     0.298     0.135
 65       pi0     111 [63] (67,68)   
                                -0.161     0.128     0.114     0.271     0.135
 71      rho0     113 [38] (73,74)   
                                 0.292    -0.413     0.548     1.041     0.725
 75     Dbar0    -421 [39] (77,78)   
                                -0.018    -0.382    -0.511     1.971     1.865
 77     omega     223 [75] (79,80)   
                                -0.135    -0.423     0.009     0.881     0.761
 78       K*0     313 [75] (85,86)   
                                 0.117     0.041    -0.520     1.090     0.950
 79      rho-    -213 [77] (81,82)   
                                -0.041    -0.399     0.195     0.629     0.443
 81       pi0     111 [79] (83,84)   
                                 0.088    -0.066     0.172     0.245     0.135
 87       K*-    -323 [41] (90,91)   
                                -0.530     0.688    -0.373     1.319     0.920
 91       pi0     111 [87] (92,93)   
                                -0.434     0.078    -0.232     0.516     0.135
 94      rho+     213 [42] (96,97)   
                                 0.391    -0.506    -0.312     0.959     0.643
 96       pi0     111 [94] (98,99)   
                                 0.049     0.046     0.097     0.179     0.135
102      rho0     113 [45] (104,105)   
                                 0.254     0.258    -0.566     0.979     0.711
103     omega     223 [45] (106,107)   
                                 0.118    -0.201    -0.417     0.916     0.781
106      rho-    -213 [103] (108,109)   
                                -0.080    -0.221    -0.394     0.672     0.491
108       pi0     111 [106] (110,111)   
                                -0.143    -0.286    -0.155     0.380     0.135
--- final:
 40        K+     321 [33]    
                                -0.481     0.601    -0.102     0.920     0.494
 44       pi-    -211 [28]    
                                -0.548    -0.578    -0.184     0.829     0.140
 47       pi+     211 [34]    
                                 0.286    -0.095     0.627     0.710     0.140
 49       pi+     211 [46]    
                                -0.338     0.134    -0.016     0.390     0.140
 51       pi-    -211 [48]    
                                -0.036     0.100    -0.117     0.211     0.140
 52     gamma      22 [50]    
                                -0.103     0.579     0.159     0.609     0.000
 53     gamma      22 [50]    
                                -0.018     0.013    -0.015     0.027     0.000
 55       pi-    -211 [35]    
                                 0.422     0.583     0.376     0.824     0.140
 56       pi+     211 [54]    
                                -0.001     0.787     0.645     1.027     0.140
 58     gamma      22 [57]    
                                 0.117    -0.082     0.084     0.166     0.000
 59     gamma      22 [57]    
                                 0.121     0.050     0.111     0.172     0.000
 61       pi+     211 [60]    
                                -0.043     0.176     0.215     0.314     0.140
 62       pi-    -211 [60]    
                                 0.134    -0.116    -0.031     0.228     0.140
 66       pi-    -211 [63]    
                                 0.770    -0.031     0.973     1.249     0.140
 67     gamma      22 [65]    
                                -0.107     0.126     0.025     0.167     0.000
 68     gamma      22 [65]    
                                -0.054     0.002     0.089     0.104     0.000
 69     gamma      22 [64]    
                                -0.025    -0.031     0.120     0.126     0.000
 70     gamma      22 [64]    
                                -0.156    -0.024     0.066     0.171     0.000
 72       pi+     211 [38]    
                                -0.098     0.157    -0.211     0.314     0.140
 73       pi+     211 [71]    
                                 0.077     0.135     0.342     0.400     0.140
 74       pi-    -211 [71]    
                                 0.216    -0.549     0.207     0.640     0.140
 76       pi-    -211 [39]    
                                 0.038    -0.027    -0.053     0.156     0.140
 80       pi+     211 [77]    
                                -0.094    -0.024    -0.186     0.252     0.140
 82       pi-    -211 [79]    
                                -0.129    -0.333     0.023     0.384     0.140
 83     gamma      22 [81]    
                                 0.004    -0.086     0.073     0.113     0.000
 84     gamma      22 [81]    
                                 0.084     0.020     0.100     0.132     0.000
 85        K+     321 [78]    
                                -0.204     0.023    -0.102     0.544     0.494
 86       pi-    -211 [78]    
                                 0.321     0.017    -0.418     0.546     0.140
 88        e+     -11 [41]    
                                 0.145    -0.263    -0.420     0.517     0.001
 89      nu_e      12 [41]    
                                -0.255     0.348    -0.019     0.432     0.000
 90        K-    -321 [87]    
                                -0.096     0.610    -0.142     0.803     0.494
 92     gamma      22 [91]    
                                -0.030    -0.012    -0.060     0.068     0.000
 93     gamma      22 [91]    
                                -0.404     0.090    -0.172     0.449     0.000
 95       pi-    -211 [42]    
                                -0.567    -0.767    -0.250     0.996     0.140
 97       pi+     211 [94]    
                                 0.341    -0.552    -0.409     0.780     0.140
 98     gamma      22 [96]    
                                 0.069    -0.008     0.004     0.070     0.000
 99     gamma      22 [96]    
                                -0.020     0.054     0.093     0.110     0.000
100     gamma      22 [43]    
                                 0.159    -0.821    -0.339     0.902     0.000
101     gamma      22 [43]    
                                 0.130    -0.265    -0.102     0.312     0.000
104       pi+     211 [102]    
                                -0.088     0.374    -0.248     0.478     0.140
105       pi-    -211 [102]    
                                 0.341    -0.116    -0.318     0.500     0.140
107       pi+     211 [103]    
                                 0.198     0.019    -0.023     0.244     0.140
109       pi-    -211 [106]    
                                 0.062     0.066    -0.239     0.291     0.140
110     gamma      22 [108]    
                                 0.009     0.009     0.003     0.013     0.000
111     gamma      22 [108]    
                                -0.152    -0.295    -0.158     0.367     0.000
------------------------------------------------------------------------------
     Sum of momenta:            -3e-05    -4e-05    -3e-05      19.1      19.1

The following exception classes were reported in this run:
ThePEG::EventHandler::ConsistencyException warning (1 times)
ThePEG::LesHouchesReader::LesHouchesReopenWarning warning (1 times)
