>>>>>>>>>>>>>>>>>>>>>>>>>>>>>>>>>>>>>>>>>>>>>>>>>>>>>>>>>>>>>>>>>>>>>>>>>>>>>>
>>>> Toolkit for HEP Event Generation - ThePEG 2.2.0 <<<<<<<<<<<<<<<<<<<<<<<<<
>>>> Tue Jun 30 00:22:23 2020                                             <<<<
<<<<<<<<<<<<<<<<<<<<<<<<<<<<<<<<<<<<<<<<<<<<<<<<<<<<<<<<<<<<<<<<<<<<<<<<<<<<<<

>> Herwig 7.2.0 / ThePEG 2.2.0

/Herwig/EventHandlers/NoCuts:
MHat  = 2 .. 24.286 GeV
Scale = 0 .. 1e+12 GeV2
YHat  = -100 .. 100
X1    = 0 .. 1
X2    = 0 .. 1

* A warning exception of type ThePEG::LesHouchesReader::LesHouchesReopenWarning occurred while generating event number 1: 
Reopening LesHouchesReader 'myReader' after accessing 2 events out of 1
* A warning exception of type ThePEG::EventHandler::ConsistencyException occurred while generating event number 1: 
Event handler 'myLesHouchesHandler' found energy-momentum non-conservation by (-1e-05,-2e-05,-2e-05;-7.39205e-10) GeV after generating step number 4.

******************************************************************************
Event number 1 (id: ./OUTPUT/0.95MB1.05/1515088783/TMP/Cluster_HERWIGOutput_8) performed by myLesHouchesHandler
Weight: 1
==============================================================================

--- Colliding particles:
  1        e-      11  (3)   
                                 6.071     0.000    -0.000     6.072     0.000
  2        e+     -11  (3)   
                                -6.072     0.000     0.000     6.072     0.000
------------------------------------------------------------------------------
Primary sub-process performed by myReader
--- incoming:
  1        e-      11  (3)   
                                 6.071     0.000    -0.000     6.072     0.000
  2        e+     -11  (3)   
                                -6.072     0.000     0.000     6.072     0.000
--- intermediates:
  3     gamma      22 [1,2] (4..7)   
                                -0.000     0.000     0.000    12.143    12.143
--- outgoing:
  4         g      21 [3] (8)  6>>6 {+1,-2}
                                -1.839    -1.632    -3.845     4.564     0.000
  5         g      21 [3] (11)  7>>7 {+3,-4}
                                 2.184     0.203     3.968     4.533     0.000
  6         g      21 [3] (14)  4>>4 {+2,-1}
                                -0.662     0.874     1.170     1.604     0.000
  7         g      21 [3] (15)  5>>5 {+4,-3}
                                 0.317     0.554    -1.293     1.442     0.000
------------------------------------------------------------------------------
Step 1 performed by myLesHouchesHandler
--- intermediates:
  1        e-      11  (3)   
                                 6.071     0.000    -0.000     6.072     0.000
  2        e+     -11  (3)   
                                -6.072     0.000     0.000     6.072     0.000
  3     gamma      22 [1,2] (4..7)   
                                -0.000     0.000     0.000    12.143    12.143
--- final:
  4         g      21 [3] (8)  6>>6 {+1,-2}
                                -1.839    -1.632    -3.845     4.564     0.000
  5         g      21 [3] (11)  7>>7 {+3,-4}
                                 2.184     0.203     3.968     4.533     0.000
  6         g      21 [3] (14)  4>>4 {+2,-1}
                                -0.662     0.874     1.170     1.604     0.000
  7         g      21 [3] (15)  5>>5 {+4,-3}
                                 0.317     0.554    -1.293     1.442     0.000
------------------------------------------------------------------------------
     Sum of momenta:            -2e-05    -2e-05    -2e-05      12.1      12.1
------------------------------------------------------------------------------
Step 2 performed by ShowerHandler
--- intermediates:
  8         g      21 [4] (9,10)   {+1,-2}
                                -1.415    -1.256    -2.960     4.652     3.049
 11         g      21 [5] (12,13)   {+3,-4}
                                 1.681     0.156     3.054     4.472     2.797
--- final:
  9         g      21 [8] (20,21)  14>>10 {+5,-2}
                                 0.592    -0.610    -1.114     1.693     0.950
 10         g      21 [8] (22,23)  9>>14 {+1,-5}
                                -2.007    -0.646    -1.846     2.959     0.950
 12         g      21 [11] (24,25)  15>>13 {+6,-4}
                                 0.221     0.942     1.233     1.833     0.950
 13         g      21 [11] (26,27)  12>>15 {+3,-6}
                                 1.460    -0.786     1.821     2.639     0.950
 14         g      21 [6] (16,17)  10>>9 {+2,-1}
                                -0.510     0.673     0.901     1.558     0.950
 15         g      21 [7] (18,19)  13>>12 {+4,-3}
                                 0.244     0.427    -0.995     1.461     0.950
------------------------------------------------------------------------------
     Sum of momenta:            -2e-05    -2e-05    -2e-05      12.1      12.1
------------------------------------------------------------------------------
Step 3 performed by ClusterHadHandler
--- intermediates:
 16         u       2 [14] (32)   {+2}
                                -0.091    -0.041     0.083     0.350     0.325
 17      ubar      -2 [14] (28)   {-1}
                                -0.419     0.713     0.818     1.208     0.325
 18         d       1 [15] (33)   {+4}
                                 0.286     0.039    -0.813     0.922     0.325
 19      dbar      -1 [15] (29)   {-3}
                                -0.042     0.388    -0.183     0.539     0.325
 20         u       2 [9] (30)   {+5}
                                -0.097    -0.242    -0.483     0.638     0.325
 21      ubar      -2 [9] (33)   {-2}
                                 0.688    -0.369    -0.631     1.055     0.325
 22         d       1 [10] (28)   {+1}
                                -1.750    -0.490    -1.645     2.473     0.325
 23      dbar      -1 [10] (30)   {-5}
                                -0.257    -0.156    -0.201     0.486     0.325
 24         d       1 [12] (31)   {+6}
                                -0.015     0.096     0.082     0.349     0.325
 25      dbar      -1 [12] (32)   {-4}
                                 0.236     0.846     1.151     1.484     0.325
 26         s       3 [13] (29)   {+3}
                                 0.957    -0.567     1.095     1.624     0.450
 27      sbar      -3 [13] (31)   {-6}
                                 0.502    -0.219     0.726     1.015     0.450
 28   Cluster      81 [17,22] (40,41)   
                                -2.169     0.224    -0.827     3.681     2.848
 29   Cluster      81 [19,26] (36,37)   
                                 0.915    -0.179     0.912     2.164     1.727
 30   Cluster      81 [20,23] (42,43)   
                                -0.354    -0.398    -0.684     1.124     0.716
 31   Cluster      81 [24,27] (38,39)   
                                 0.488    -0.122     0.808     1.364     0.977
 32   Cluster      81 [16,25] (34,35)   
                                 0.145     0.805     1.234     1.834     1.082
 33   Cluster      81 [18,21] (44,45)   
                                 0.975    -0.329    -1.443     1.977     0.875
--- final:
 34      rho0     113 [32] (46,47)   
                                 0.242     0.316     0.766     1.136     0.738
 35       pi+     211 [32]    
                                -0.097     0.489     0.468     0.698     0.140
 36      b_1+   10213 [29] (48,49)   
                                 0.617    -0.317     0.376     1.365     1.113
 37        K-    -321 [29]    
                                 0.298     0.138     0.536     0.799     0.494
 38       pi-    -211 [31]    
                                -0.172     0.002     0.346     0.411     0.140
 39        K+     321 [31]    
                                 0.660    -0.125     0.462     0.953     0.494
 40      a_0- -9000211 [28] (56,57)   
                                -0.286     0.331     0.196     1.224     1.126
 41      a_00 9000111 [28] (59,60)   
                                -1.882    -0.107    -1.024     2.457     1.197
 42       pi0     111 [30] (61,62)   
                                -0.020     0.169    -0.134     0.255     0.135
 43       pi+     211 [30]    
                                -0.334    -0.567    -0.550     0.868     0.140
 44       pi-    -211 [33]    
                                 0.282     0.274    -0.368     0.556     0.140
 45       pi0     111 [33] (63,64)   
                                 0.693    -0.603    -1.075     1.420     0.135
------------------------------------------------------------------------------
     Sum of momenta:            -2e-05    -2e-05    -2e-05      12.1      12.1
------------------------------------------------------------------------------
Step 4 performed by DecayHandler
--- intermediates:
 48     omega     223 [36] (50,51)   
                                 0.628    -0.464     0.333     1.157     0.786
 50      rho-    -213 [48] (52,53)   
                                 0.321    -0.215     0.139     0.694     0.560
 52       pi0     111 [50] (54,55)   
                                 0.027    -0.288     0.166     0.360     0.135
 57        K0     311 [40] (58)   
                                -0.065    -0.033     0.265     0.568     0.498
--- final:
 35       pi+     211 [32]    
                                -0.097     0.489     0.468     0.698     0.140
 37        K-    -321 [29]    
                                 0.298     0.138     0.536     0.799     0.494
 38       pi-    -211 [31]    
                                -0.172     0.002     0.346     0.411     0.140
 39        K+     321 [31]    
                                 0.660    -0.125     0.462     0.953     0.494
 43       pi+     211 [30]    
                                -0.334    -0.567    -0.550     0.868     0.140
 44       pi-    -211 [33]    
                                 0.282     0.274    -0.368     0.556     0.140
 46       pi+     211 [34]    
                                -0.020     0.046     0.716     0.731     0.140
 47       pi-    -211 [34]    
                                 0.263     0.270     0.050     0.405     0.140
 49       pi+     211 [36]    
                                -0.011     0.147     0.042     0.207     0.140
 51       pi+     211 [48]    
                                 0.308    -0.249     0.195     0.463     0.140
 53       pi-    -211 [50]    
                                 0.294     0.073    -0.027     0.334     0.140
 54     gamma      22 [52]    
                                 0.074    -0.181     0.139     0.240     0.000
 55     gamma      22 [52]    
                                -0.047    -0.107     0.027     0.120     0.000
 56        K-    -321 [40]    
                                -0.221     0.364    -0.068     0.655     0.494
 58      K_L0     130 [57]    
                                -0.065    -0.033     0.265     0.568     0.498
 59        K+     321 [41]    
                                -1.224    -0.014    -0.948     1.625     0.494
 60        K-    -321 [41]    
                                -0.658    -0.094    -0.076     0.832     0.494
 61     gamma      22 [42]    
                                 0.038     0.119    -0.127     0.178     0.000
 62     gamma      22 [42]    
                                -0.058     0.050    -0.007     0.077     0.000
 63     gamma      22 [45]    
                                 0.281    -0.260    -0.549     0.669     0.000
 64     gamma      22 [45]    
                                 0.412    -0.343    -0.526     0.751     0.000
------------------------------------------------------------------------------
     Sum of momenta:            -2e-05    -2e-05    -2e-05      12.1      12.1

The following exception classes were reported in this run:
ThePEG::EventHandler::ConsistencyException warning (1 times)
ThePEG::LesHouchesReader::LesHouchesReopenWarning warning (1 times)
