>>>>>>>>>>>>>>>>>>>>>>>>>>>>>>>>>>>>>>>>>>>>>>>>>>>>>>>>>>>>>>>>>>>>>>>>>>>>>>
>>>> Toolkit for HEP Event Generation - ThePEG 2.2.0 <<<<<<<<<<<<<<<<<<<<<<<<<
>>>> Tue Jun 30 00:28:03 2020                                             <<<<
<<<<<<<<<<<<<<<<<<<<<<<<<<<<<<<<<<<<<<<<<<<<<<<<<<<<<<<<<<<<<<<<<<<<<<<<<<<<<<

>> Herwig 7.2.0 / ThePEG 2.2.0

/Herwig/EventHandlers/NoCuts:
MHat  = 2 .. 23.8664 GeV
Scale = 0 .. 1e+12 GeV2
YHat  = -100 .. 100
X1    = 0 .. 1
X2    = 0 .. 1

* A warning exception of type ThePEG::LesHouchesReader::LesHouchesReopenWarning occurred while generating event number 1: 
Reopening LesHouchesReader 'myReader' after accessing 2 events out of 1
* A warning exception of type ThePEG::EventHandler::ConsistencyException occurred while generating event number 1: 
Event handler 'myLesHouchesHandler' found energy-momentum non-conservation by (-2e-05,-3e-05,-3e-05;2.99994e-05) GeV after generating step number 4.

******************************************************************************
Event number 1 (id: ./OUTPUT/0.95MB1.05/1511417446/TMP/Cluster_HERWIGOutput_15) performed by myLesHouchesHandler
Weight: 1
==============================================================================

--- Colliding particles:
  1        e-      11  (3)   
                                 5.967     0.000     0.000     5.967     0.000
  2        e+     -11  (3)   
                                -5.967     0.000     0.000     5.967     0.000
------------------------------------------------------------------------------
Primary sub-process performed by myReader
--- incoming:
  1        e-      11  (3)   
                                 5.967     0.000     0.000     5.967     0.000
  2        e+     -11  (3)   
                                -5.967     0.000     0.000     5.967     0.000
--- intermediates:
  3     gamma      22 [1,2] (4..9)   
                                -0.000     0.000     0.000    11.933    11.933
--- outgoing:
  4         g      21 [3] (10)  8>>9 {+1,-2}
                                 2.420     0.730     0.283     2.544     0.000
  5         g      21 [3] (11)  7>>7 {+3,-4}
                                -4.063     0.228    -0.484     4.098     0.000
  6         g      21 [3] (12)  9>>8 {+5,-6}
                                 0.914     1.147    -0.210     1.482     0.000
  7         g      21 [3] (13)  5>>5 {+4,-3}
                                 0.395    -0.668    -0.174     0.796     0.000
  8         g      21 [3] (14)  6>>4 {+2,-5}
                                -0.101    -2.110     0.187     2.120     0.000
  9         g      21 [3] (15)  4>>6 {+6,-1}
                                 0.434     0.673     0.398     0.894     0.000
------------------------------------------------------------------------------
Step 1 performed by myLesHouchesHandler
--- intermediates:
  1        e-      11  (3)   
                                 5.967     0.000     0.000     5.967     0.000
  2        e+     -11  (3)   
                                -5.967     0.000     0.000     5.967     0.000
  3     gamma      22 [1,2] (4..9)   
                                -0.000     0.000     0.000    11.933    11.933
--- final:
  4         g      21 [3] (10)  8>>9 {+1,-2}
                                 2.420     0.730     0.283     2.544     0.000
  5         g      21 [3] (11)  7>>7 {+3,-4}
                                -4.063     0.228    -0.484     4.098     0.000
  6         g      21 [3] (12)  9>>8 {+5,-6}
                                 0.914     1.147    -0.210     1.482     0.000
  7         g      21 [3] (13)  5>>5 {+4,-3}
                                 0.395    -0.668    -0.174     0.796     0.000
  8         g      21 [3] (14)  6>>4 {+2,-5}
                                -0.101    -2.110     0.187     2.120     0.000
  9         g      21 [3] (15)  4>>6 {+6,-1}
                                 0.434     0.673     0.398     0.894     0.000
------------------------------------------------------------------------------
     Sum of momenta:            -3e-05    -3e-05    -3e-05      11.9      11.9
------------------------------------------------------------------------------
Step 2 performed by ShowerHandler
--- final:
 10         g      21 [4] (16,17)  14>>15 {+1,-2}
                                 2.049     0.618     0.240     2.354     0.950
 11         g      21 [5] (18,19)  13>>13 {+3,-4}
                                -3.439     0.193    -0.410     3.596     0.950
 12         g      21 [6] (20,21)  15>>14 {+5,-6}
                                 0.774     0.971    -0.178     1.574     0.950
 13         g      21 [7] (22,23)  11>>11 {+4,-3}
                                 0.334    -0.566    -0.147     1.164     0.950
 14         g      21 [8] (24,25)  12>>10 {+2,-5}
                                -0.085    -1.786     0.158     2.031     0.950
 15         g      21 [9] (26,27)  10>>12 {+6,-1}
                                 0.367     0.569     0.336     1.214     0.950
------------------------------------------------------------------------------
     Sum of momenta:            -3e-05    -3e-05    -3e-05      11.9      11.9
------------------------------------------------------------------------------
Step 3 performed by ClusterHadHandler
--- intermediates:
 16         d       1 [10] (28)   {+1}
                                 0.353     0.290    -0.083     0.567     0.325
 17      dbar      -1 [10] (29)   {-2}
                                 1.696     0.328     0.322     1.787     0.325
 18         u       2 [11] (33)   {+3}
                                -1.539     0.418    -0.281     1.652     0.325
 19      ubar      -2 [11] (30)   {-4}
                                -1.900    -0.225    -0.129     1.945     0.325
 20         s       3 [12] (31)   {+5}
                                 0.441     0.514     0.053     0.815     0.450
 21      sbar      -3 [12] (33)   {-6}
                                 0.333     0.457    -0.231     0.759     0.450
 22         u       2 [13] (30)   {+4}
                                 0.115    -0.388    -0.409     0.661     0.325
 23      ubar      -2 [13] (32)   {-3}
                                 0.219    -0.178     0.262     0.504     0.325
 24         u       2 [14] (29)   {+2}
                                -0.162    -0.709    -0.245     0.833     0.325
 25      ubar      -2 [14] (31)   {-5}
                                 0.077    -1.077     0.403     1.197     0.325
 26         u       2 [15] (32)   {+6}
                                 0.226     0.281     0.529     0.718     0.325
 27      ubar      -2 [15] (28)   {-1}
                                 0.141     0.289    -0.193     0.496     0.325
 28   Cluster      81 [16,27] (40,41)   
                                 0.494     0.579    -0.276     1.063     0.689
 29   Cluster      81 [17,24] (34,35)   
                                 1.534    -0.381     0.077     2.620     2.088
 30   Cluster      81 [19,22] (42,43)   
                                -1.785    -0.613    -0.538     2.605     1.714
 31   Cluster      81 [20,25] (44,45)   
                                 0.517    -0.563     0.457     2.012     1.804
 32   Cluster      81 [23,26] (36,37)   
                                 0.446     0.103     0.791     1.222     0.811
 33   Cluster      81 [18,21] (38,39)   
                                -1.206     0.875    -0.512     2.411     1.825
--- final:
 34      a_1+   20213 [29] (46,47)   
                                 1.197    -0.302    -0.061     1.957     1.518
 35       eta     221 [29] (54..56)   
                                 0.337    -0.079     0.139     0.662     0.548
 36       pi+     211 [32]    
                                 0.232     0.068     0.900     0.943     0.140
 37       pi-    -211 [32]    
                                 0.214     0.034    -0.109     0.280     0.140
 38       pi+     211 [33]    
                                -0.206     0.554    -0.538     0.811     0.140
 39      K_10   10313 [33] (59,60)   
                                -1.000     0.321     0.026     1.600     1.206
 40       pi0     111 [28] (64,65)   
                                 0.303     0.595    -0.405     0.793     0.135
 41       pi-    -211 [28]    
                                 0.191    -0.016     0.130     0.271     0.140
 42       pi-    -211 [30]    
                                -0.295    -0.358     0.449     0.660     0.140
 43      rho+     213 [30] (66,67)   
                                -1.490    -0.254    -0.987     1.945     0.724
 44    K*bar0    -313 [31] (70,71)   
                                 0.124    -0.434    -0.021     0.997     0.889
 45      rho-    -213 [31] (72,73)   
                                 0.393    -0.129     0.477     1.015     0.794
------------------------------------------------------------------------------
     Sum of momenta:            -3e-05    -3e-05    -3e-05      11.9      11.9
------------------------------------------------------------------------------
Step 4 performed by DecayHandler
--- intermediates:
 46     rho'+  100213 [34] (48,49)   
                                 0.186     0.182     0.332     0.762     0.635
 47       pi0     111 [34] (52,53)   
                                 1.011    -0.484    -0.393     1.195     0.135
 48       pi0     111 [46] (50,51)   
                                 0.208     0.373     0.198     0.490     0.135
 56       pi0     111 [35] (57,58)   
                                 0.039    -0.077    -0.034     0.164     0.135
 59     K*_0+   10321 [39] (61,62)   
                                -0.767     0.034    -0.086     1.188     0.903
 61        K0     311 [59] (63)   
                                -0.142     0.054    -0.158     0.544     0.498
 66       pi0     111 [43] (68,69)   
                                -0.904     0.141    -0.368     0.995     0.135
 72       pi0     111 [45] (74,75)   
                                 0.212    -0.357    -0.002     0.436     0.135
--- final:
 36       pi+     211 [32]    
                                 0.232     0.068     0.900     0.943     0.140
 37       pi-    -211 [32]    
                                 0.214     0.034    -0.109     0.280     0.140
 38       pi+     211 [33]    
                                -0.206     0.554    -0.538     0.811     0.140
 41       pi-    -211 [28]    
                                 0.191    -0.016     0.130     0.271     0.140
 42       pi-    -211 [30]    
                                -0.295    -0.358     0.449     0.660     0.140
 49       pi+     211 [46]    
                                -0.022    -0.191     0.134     0.273     0.140
 50     gamma      22 [48]    
                                 0.015     0.042    -0.020     0.049     0.000
 51     gamma      22 [48]    
                                 0.193     0.331     0.218     0.441     0.000
 52     gamma      22 [47]    
                                 0.994    -0.479    -0.365     1.163     0.000
 53     gamma      22 [47]    
                                 0.016    -0.005    -0.028     0.032     0.000
 54       pi+     211 [35]    
                                 0.041     0.037    -0.013     0.151     0.140
 55       pi-    -211 [35]    
                                 0.257    -0.039     0.185     0.348     0.140
 57     gamma      22 [56]    
                                 0.082    -0.013    -0.025     0.086     0.000
 58     gamma      22 [56]    
                                -0.042    -0.065    -0.009     0.078     0.000
 60       pi-    -211 [39]    
                                -0.234     0.288     0.112     0.411     0.140
 62       pi+     211 [59]    
                                -0.625    -0.020     0.072     0.645     0.140
 63      K_L0     130 [61]    
                                -0.142     0.054    -0.158     0.544     0.498
 64     gamma      22 [40]    
                                 0.294     0.529    -0.320     0.684     0.000
 65     gamma      22 [40]    
                                 0.009     0.066    -0.085     0.108     0.000
 67       pi+     211 [43]    
                                -0.586    -0.395    -0.619     0.949     0.140
 68     gamma      22 [66]    
                                -0.591     0.061    -0.298     0.665     0.000
 69     gamma      22 [66]    
                                -0.313     0.080    -0.070     0.331     0.000
 70        K-    -321 [44]    
                                 0.288    -0.309    -0.212     0.683     0.494
 71       pi+     211 [44]    
                                -0.164    -0.125     0.192     0.314     0.140
 73       pi-    -211 [45]    
                                 0.181     0.228     0.480     0.578     0.140
 74     gamma      22 [72]    
                                 0.065    -0.233     0.021     0.243     0.000
 75     gamma      22 [72]    
                                 0.147    -0.123    -0.023     0.193     0.000
------------------------------------------------------------------------------
     Sum of momenta:            -3e-05    -3e-05    -3e-05      11.9      11.9

The following exception classes were reported in this run:
ThePEG::EventHandler::ConsistencyException warning (1 times)
ThePEG::LesHouchesReader::LesHouchesReopenWarning warning (1 times)
