>>>>>>>>>>>>>>>>>>>>>>>>>>>>>>>>>>>>>>>>>>>>>>>>>>>>>>>>>>>>>>>>>>>>>>>>>>>>>>
>>>> Toolkit for HEP Event Generation - ThePEG 2.2.0 <<<<<<<<<<<<<<<<<<<<<<<<<
>>>> Tue Jun 30 00:16:59 2020                                             <<<<
<<<<<<<<<<<<<<<<<<<<<<<<<<<<<<<<<<<<<<<<<<<<<<<<<<<<<<<<<<<<<<<<<<<<<<<<<<<<<<

>> Herwig 7.2.0 / ThePEG 2.2.0

/Herwig/EventHandlers/NoCuts:
MHat  = 2 .. 28.8899 GeV
Scale = 0 .. 1e+12 GeV2
YHat  = -100 .. 100
X1    = 0 .. 1
X2    = 0 .. 1

* A warning exception of type ThePEG::LesHouchesReader::LesHouchesReopenWarning occurred while generating event number 1: 
Reopening LesHouchesReader 'myReader' after accessing 2 events out of 1
* A warning exception of type ThePEG::EventHandler::ConsistencyException occurred while generating event number 1: 
Event handler 'myLesHouchesHandler' found energy-momentum non-conservation by (-2e-05,-3e-05,-1e-05;9.99856e-06) GeV after generating step number 4.

******************************************************************************
Event number 1 (id: ./OUTPUT/0.95MB1.05/1511417446/TMP/Cluster_HERWIGOutput_1) performed by myLesHouchesHandler
Weight: 1
==============================================================================

--- Colliding particles:
  1        e-      11  (3)   
                                 7.222     0.000     0.000     7.222     0.000
  2        e+     -11  (3)   
                                -7.222     0.000    -0.000     7.222     0.000
------------------------------------------------------------------------------
Primary sub-process performed by myReader
--- incoming:
  1        e-      11  (3)   
                                 7.222     0.000     0.000     7.222     0.000
  2        e+     -11  (3)   
                                -7.222     0.000    -0.000     7.222     0.000
--- intermediates:
  3     gamma      22 [1,2] (4..7)   
                                -0.000     0.000    -0.000    14.445    14.445
--- outgoing:
  4         g      21 [3] (8)  6>>5 {+1,-2}
                                -2.653    -1.502    -2.628     4.025     0.000
  5         g      21 [3] (11)  4>>7 {+3,-1}
                                -1.202    -2.746    -1.117     3.199     0.000
  6         g      21 [3] (12)  7>>4 {+2,-4}
                                 1.628     1.903     2.989     3.900     0.000
  7         g      21 [3] (13)  5>>6 {+4,-3}
                                 2.227     2.345     0.756     3.321     0.000
------------------------------------------------------------------------------
Step 1 performed by myLesHouchesHandler
--- intermediates:
  1        e-      11  (3)   
                                 7.222     0.000     0.000     7.222     0.000
  2        e+     -11  (3)   
                                -7.222     0.000    -0.000     7.222     0.000
  3     gamma      22 [1,2] (4..7)   
                                -0.000     0.000    -0.000    14.445    14.445
--- final:
  4         g      21 [3] (8)  6>>5 {+1,-2}
                                -2.653    -1.502    -2.628     4.025     0.000
  5         g      21 [3] (11)  4>>7 {+3,-1}
                                -1.202    -2.746    -1.117     3.199     0.000
  6         g      21 [3] (12)  7>>4 {+2,-4}
                                 1.628     1.903     2.989     3.900     0.000
  7         g      21 [3] (13)  5>>6 {+4,-3}
                                 2.227     2.345     0.756     3.321     0.000
------------------------------------------------------------------------------
     Sum of momenta:            -3e-05    -3e-05    -1e-05      14.4      14.4
------------------------------------------------------------------------------
Step 2 performed by ShowerHandler
--- intermediates:
  8         g      21 [4] (9,10)   {+1,-2}
                                -2.234    -1.265    -2.213     5.218     3.968
--- final:
  9         g      21 [8] (20,21)  10>>11 {+1,-5}
                                -1.122     1.150    -0.568     1.951     0.950
 10         g      21 [8] (22,23)  12>>9 {+5,-2}
                                -1.112    -2.415    -1.645     3.267     0.950
 11         g      21 [5] (14,15)  9>>13 {+3,-1}
                                -1.012    -2.312    -0.940     2.856     0.950
 12         g      21 [6] (16,17)  13>>10 {+2,-4}
                                 1.370     1.602     2.517     3.418     0.950
 13         g      21 [7] (18,19)  11>>12 {+4,-3}
                                 1.875     1.974     0.636     2.953     0.950
------------------------------------------------------------------------------
     Sum of momenta:            -3e-05    -3e-05    -1e-05      14.4      14.4
------------------------------------------------------------------------------
Step 3 performed by ClusterHadHandler
--- intermediates:
 14         u       2 [11] (28)   {+3}
                                -0.151    -1.077    -0.223     1.157     0.325
 15      ubar      -2 [11] (24)   {-1}
                                -0.861    -1.235    -0.717     1.699     0.325
 16         u       2 [12] (27)   {+2}
                                 0.691     0.326     0.881     1.211     0.325
 17      ubar      -2 [12] (25)   {-4}
                                 0.680     1.277     1.635     2.207     0.325
 18         u       2 [13] (25)   {+4}
                                 0.195     0.407     0.206     0.593     0.325
 19      ubar      -2 [13] (27)   {-3}
                                 1.680     1.567     0.430     2.360     0.325
 20         d       1 [9] (24)   {+1}
                                -0.306     0.657     0.000     0.794     0.325
 21      dbar      -1 [9] (26)   {-5}
                                -0.816     0.493    -0.568     1.156     0.325
 22         s       3 [10] (26)   {+5}
                                -0.674    -1.375    -1.084     1.929     0.450
 23      sbar      -3 [10] (28)   {-2}
                                -0.438    -1.040    -0.560     1.338     0.450
 24   Cluster      81 [15,20] (31,32)   
                                -1.167    -0.577    -0.717     2.493     2.002
 25   Cluster      81 [17,18] (33,34)   
                                 0.874     1.684     1.841     2.800     0.923
 26   Cluster      81 [21,22] (29,30)   
                                -1.490    -0.882    -1.653     3.086     1.947
 27   Cluster      81 [16,19] (35,36)   
                                 2.371     1.893     1.312     3.571     1.351
 28   Cluster      81 [14,23] (37,38)   
                                -0.589    -2.117    -0.783     2.495     0.884
--- final:
 29       f_2     225 [26] (39,40)   
                                -0.998    -0.066    -1.003     1.830     1.158
 30     Kbar0    -311 [26] (45)   
                                -0.491    -0.816    -0.650     1.256     0.498
 31     pbar-   -2212 [24]    
                                -0.367    -0.039    -0.103     1.013     0.938
 32        n0    2112 [24]    
                                -0.801    -0.539    -0.613     1.480     0.940
 33       pi0     111 [25] (48..50)   
                                 0.092     0.328     0.212     0.424     0.135
 34      rho0     113 [25] (51,52)   
                                 0.783     1.355     1.629     2.376     0.738
 35       h_1   10223 [27] (53,54)   
                                 1.587     1.037     0.641     2.224     0.969
 36       pi0     111 [27] (59,60)   
                                 0.784     0.856     0.671     1.347     0.135
 37       pi0     111 [28] (61,62)   
                                -0.492    -0.745    -0.227     0.931     0.135
 38        K+     321 [28]    
                                -0.097    -1.372    -0.556     1.564     0.494
------------------------------------------------------------------------------
     Sum of momenta:            -3e-05    -3e-05    -1e-05      14.4      14.4
------------------------------------------------------------------------------
Step 4 performed by DecayHandler
--- intermediates:
 39       pi0     111 [29] (41,42)   
                                -0.722    -0.260    -0.017     0.779     0.135
 40       pi0     111 [29] (43,44)   
                                -0.277     0.194    -0.986     1.051     0.135
 45      K_S0     310 [30] (46,47)   
                                -0.491    -0.816    -0.650     1.256     0.498
 53      rho-    -213 [35] (55,56)   
                                 0.864     0.686     0.580     1.405     0.649
 55       pi0     111 [53] (57,58)   
                                 0.091     0.350     0.026     0.387     0.135
--- final:
 31     pbar-   -2212 [24]    
                                -0.367    -0.039    -0.103     1.013     0.938
 32        n0    2112 [24]    
                                -0.801    -0.539    -0.613     1.480     0.940
 38        K+     321 [28]    
                                -0.097    -1.372    -0.556     1.564     0.494
 41     gamma      22 [39]    
                                -0.407    -0.183     0.047     0.448     0.000
 42     gamma      22 [39]    
                                -0.315    -0.077    -0.064     0.331     0.000
 43     gamma      22 [40]    
                                 0.003     0.016    -0.160     0.161     0.000
 44     gamma      22 [40]    
                                -0.280     0.177    -0.825     0.890     0.000
 46       pi+     211 [45]    
                                -0.375    -0.242    -0.343     0.580     0.140
 47       pi-    -211 [45]    
                                -0.116    -0.574    -0.307     0.676     0.140
 48     gamma      22 [33]    
                                -0.002     0.061     0.103     0.120     0.000
 49        e-      11 [33]    
                                 0.064     0.186     0.075     0.211     0.001
 50        e+     -11 [33]    
                                 0.030     0.081     0.034     0.093     0.001
 51       pi+     211 [34]    
                                 0.402     0.376     0.982     1.134     0.140
 52       pi-    -211 [34]    
                                 0.380     0.980     0.646     1.242     0.140
 54       pi+     211 [35]    
                                 0.724     0.351     0.061     0.819     0.140
 56       pi-    -211 [53]    
                                 0.772     0.335     0.554     1.018     0.140
 57     gamma      22 [55]    
                                 0.095     0.360     0.035     0.374     0.000
 58     gamma      22 [55]    
                                -0.004    -0.009    -0.009     0.014     0.000
 59     gamma      22 [36]    
                                 0.538     0.667     0.521     1.003     0.000
 60     gamma      22 [36]    
                                 0.246     0.188     0.150     0.344     0.000
 61     gamma      22 [37]    
                                -0.036    -0.135    -0.056     0.151     0.000
 62     gamma      22 [37]    
                                -0.456    -0.610    -0.171     0.781     0.000
------------------------------------------------------------------------------
     Sum of momenta:            -3e-05    -3e-05    -1e-05      14.4      14.4

The following exception classes were reported in this run:
ThePEG::EventHandler::ConsistencyException warning (1 times)
ThePEG::LesHouchesReader::LesHouchesReopenWarning warning (1 times)
