>>>>>>>>>>>>>>>>>>>>>>>>>>>>>>>>>>>>>>>>>>>>>>>>>>>>>>>>>>>>>>>>>>>>>>>>>>>>>>
>>>> Toolkit for HEP Event Generation - ThePEG 2.2.0 <<<<<<<<<<<<<<<<<<<<<<<<<
>>>> Tue Jun 30 00:18:25 2020                                             <<<<
<<<<<<<<<<<<<<<<<<<<<<<<<<<<<<<<<<<<<<<<<<<<<<<<<<<<<<<<<<<<<<<<<<<<<<<<<<<<<<

>> Herwig 7.2.0 / ThePEG 2.2.0

/Herwig/EventHandlers/NoCuts:
MHat  = 2 .. 30.438 GeV
Scale = 0 .. 1e+12 GeV2
YHat  = -100 .. 100
X1    = 0 .. 1
X2    = 0 .. 1

* A warning exception of type ThePEG::LesHouchesReader::LesHouchesReopenWarning occurred while generating event number 1: 
Reopening LesHouchesReader 'myReader' after accessing 2 events out of 1
* A warning exception of type ThePEG::EventHandler::ConsistencyException occurred while generating event number 1: 
Event handler 'myLesHouchesHandler' found energy-momentum non-conservation by (-1.27756e-14,-1e-05,-1e-05;-9.60392e-10) GeV after generating step number 4.

******************************************************************************
Event number 1 (id: ./OUTPUT/0.95MB1.05/1512750994/TMP/Cluster_HERWIGOutput_3) performed by myLesHouchesHandler
Weight: 1
==============================================================================

--- Colliding particles:
  1        e-      11  (3)   
                                 7.609     0.000     0.000     7.610     0.000
  2        e+     -11  (3)   
                                -7.609     0.000    -0.000     7.610     0.000
------------------------------------------------------------------------------
Primary sub-process performed by myReader
--- incoming:
  1        e-      11  (3)   
                                 7.609     0.000     0.000     7.610     0.000
  2        e+     -11  (3)   
                                -7.609     0.000    -0.000     7.610     0.000
--- intermediates:
  3     gamma      22 [1,2] (4..7)   
                                -0.000     0.000     0.000    15.219    15.219
--- outgoing:
  4         g      21 [3] (8)  7>>6 {+1,-2}
                                 0.871    -1.453     5.203     5.472     0.000
  5         g      21 [3] (9)  6>>7 {+3,-4}
                                -0.293     1.976    -6.872     7.156     0.000
  6         g      21 [3] (12)  4>>5 {+4,-1}
                                -1.139    -0.669     1.473     1.979     0.000
  7         g      21 [3] (13)  5>>4 {+2,-3}
                                 0.562     0.146     0.195     0.612     0.000
------------------------------------------------------------------------------
Step 1 performed by myLesHouchesHandler
--- intermediates:
  1        e-      11  (3)   
                                 7.609     0.000     0.000     7.610     0.000
  2        e+     -11  (3)   
                                -7.609     0.000    -0.000     7.610     0.000
  3     gamma      22 [1,2] (4..7)   
                                -0.000     0.000     0.000    15.219    15.219
--- final:
  4         g      21 [3] (8)  7>>6 {+1,-2}
                                 0.871    -1.453     5.203     5.472     0.000
  5         g      21 [3] (9)  6>>7 {+3,-4}
                                -0.293     1.976    -6.872     7.156     0.000
  6         g      21 [3] (12)  4>>5 {+4,-1}
                                -1.139    -0.669     1.473     1.979     0.000
  7         g      21 [3] (13)  5>>4 {+2,-3}
                                 0.562     0.146     0.195     0.612     0.000
------------------------------------------------------------------------------
     Sum of momenta:            -1e-05    -1e-05    -1e-05      15.2      15.2
------------------------------------------------------------------------------
Step 2 performed by ShowerHandler
--- intermediates:
  9         g      21 [5] (10,11)   {+3,-4}
                                -0.260     1.749    -6.084     7.195     3.409
--- final:
  8         g      21 [4] (14,15)  13>>12 {+1,-2}
                                 0.771    -1.286     4.607     4.937     0.950
 10         g      21 [9] (20,21)  12>>11 {+5,-4}
                                 0.363    -0.575    -2.643     2.890     0.950
 11         g      21 [9] (22,23)  10>>13 {+3,-5}
                                -0.622     2.324    -3.441     4.305     0.950
 12         g      21 [6] (16,17)  8>>10 {+4,-1}
                                -1.009    -0.592     1.305     1.993     0.950
 13         g      21 [7] (18,19)  11>>8 {+2,-3}
                                 0.497     0.129     0.173     1.094     0.950
------------------------------------------------------------------------------
     Sum of momenta:            -1e-05    -1e-05    -1e-05      15.2      15.2
------------------------------------------------------------------------------
Step 3 performed by ClusterHadHandler
--- intermediates:
 14         u       2 [8] (24)   {+1}
                                 0.513    -0.309     1.362     1.523     0.325
 15      ubar      -2 [8] (27)   {-2}
                                 0.258    -0.977     3.245     3.414     0.325
 16         u       2 [12] (27)   {+4}
                                -0.441    -0.382     0.209     0.700     0.325
 17      ubar      -2 [12] (24)   {-1}
                                -0.568    -0.210     1.096     1.293     0.325
 18         s       3 [13] (28)   {+2}
                                 0.241     0.205     0.027     0.551     0.450
 19      sbar      -3 [13] (25)   {-3}
                                 0.257    -0.075     0.146     0.543     0.450
 20         u       2 [10] (26)   {+5}
                                 0.450    -0.609    -2.006     2.168     0.325
 21      ubar      -2 [10] (28)   {-4}
                                -0.087     0.033    -0.638     0.722     0.325
 22         s       3 [11] (25)   {+3}
                                -0.198     1.292    -1.906     2.354     0.450
 23      sbar      -3 [11] (26)   {-5}
                                -0.424     1.033    -1.535     1.951     0.450
 24   Cluster      81 [14,17] (31,32)   
                                -0.055    -0.520     2.458     2.816     1.272
 25   Cluster      81 [19,22] (35,36)   
                                 0.058     1.216    -1.760     2.897     1.953
 26   Cluster      81 [20,23] (33,34)   
                                 0.026     0.424    -3.541     4.119     2.061
 27   Cluster      81 [15,16] (29,30)   
                                -0.183    -1.359     3.454     4.114     1.765
 28   Cluster      81 [18,21] (37,38)   
                                 0.154     0.238    -0.611     1.273     1.080
--- final:
 29       pi+     211 [27]    
                                -0.108    -1.020     3.574     3.721     0.140
 30       pi-    -211 [27]    
                                -0.075    -0.339    -0.120     0.393     0.140
 31       pi+     211 [24]    
                                -0.597    -0.143     1.638     1.755     0.140
 32       pi-    -211 [24]    
                                 0.542    -0.377     0.820     1.062     0.140
 33       pi+     211 [26]    
                                 0.247    -0.086    -0.010     0.297     0.140
 34     K*_20     315 [26] (39,40)   
                                -0.221     0.511    -3.531     3.822     1.354
 35       K*0     313 [25] (41,42)   
                                -0.468     0.487    -0.949     1.416     0.803
 36    K*bar0    -313 [25] (43,44)   
                                 0.526     0.729    -0.811     1.482     0.855
 37    K*bar0    -313 [28] (50,51)   
                                 0.026     0.126    -0.555     1.046     0.877
 38       pi-    -211 [28]    
                                 0.128     0.112    -0.055     0.227     0.140
------------------------------------------------------------------------------
     Sum of momenta:            -1e-05    -1e-05    -1e-05      15.2      15.2
------------------------------------------------------------------------------
Step 4 performed by DecayHandler
--- intermediates:
 43     Kbar0    -311 [36] (45)   
                                 0.094     0.564    -0.484     0.899     0.498
 44       pi0     111 [36] (48,49)   
                                 0.433     0.165    -0.326     0.582     0.135
 45      K_S0     310 [43] (46,47)   
                                 0.094     0.564    -0.484     0.899     0.498
--- final:
 29       pi+     211 [27]    
                                -0.108    -1.020     3.574     3.721     0.140
 30       pi-    -211 [27]    
                                -0.075    -0.339    -0.120     0.393     0.140
 31       pi+     211 [24]    
                                -0.597    -0.143     1.638     1.755     0.140
 32       pi-    -211 [24]    
                                 0.542    -0.377     0.820     1.062     0.140
 33       pi+     211 [26]    
                                 0.247    -0.086    -0.010     0.297     0.140
 38       pi-    -211 [28]    
                                 0.128     0.112    -0.055     0.227     0.140
 39        K+     321 [34]    
                                 0.282    -0.049    -0.778     0.965     0.494
 40       pi-    -211 [34]    
                                -0.503     0.559    -2.753     2.857     0.140
 41        K+     321 [35]    
                                -0.288     0.073    -0.543     0.791     0.494
 42       pi-    -211 [35]    
                                -0.180     0.415    -0.407     0.624     0.140
 46       pi+     211 [45]    
                                -0.086     0.030    -0.049     0.174     0.140
 47       pi-    -211 [45]    
                                 0.180     0.534    -0.435     0.726     0.140
 48     gamma      22 [44]    
                                 0.070     0.023    -0.122     0.143     0.000
 49     gamma      22 [44]    
                                 0.363     0.141    -0.204     0.440     0.000
 50        K-    -321 [37]    
                                -0.074    -0.108    -0.123     0.525     0.494
 51       pi+     211 [37]    
                                 0.100     0.234    -0.433     0.521     0.140
------------------------------------------------------------------------------
     Sum of momenta:            -1e-05    -1e-05    -1e-05      15.2      15.2

The following exception classes were reported in this run:
ThePEG::EventHandler::ConsistencyException warning (1 times)
ThePEG::LesHouchesReader::LesHouchesReopenWarning warning (1 times)
