>>>>>>>>>>>>>>>>>>>>>>>>>>>>>>>>>>>>>>>>>>>>>>>>>>>>>>>>>>>>>>>>>>>>>>>>>>>>>>
>>>> Toolkit for HEP Event Generation - ThePEG 2.2.0 <<<<<<<<<<<<<<<<<<<<<<<<<
>>>> Tue Jun 30 00:24:53 2020                                             <<<<
<<<<<<<<<<<<<<<<<<<<<<<<<<<<<<<<<<<<<<<<<<<<<<<<<<<<<<<<<<<<<<<<<<<<<<<<<<<<<<

>> Herwig 7.2.0 / ThePEG 2.2.0

/Herwig/EventHandlers/NoCuts:
MHat  = 2 .. 26.1385 GeV
Scale = 0 .. 1e+12 GeV2
YHat  = -100 .. 100
X1    = 0 .. 1
X2    = 0 .. 1

* A warning exception of type ThePEG::LesHouchesReader::LesHouchesReopenWarning occurred while generating event number 1: 
Reopening LesHouchesReader 'myReader' after accessing 2 events out of 1
* A warning exception of type ThePEG::EventHandler::ConsistencyException occurred while generating event number 1: 
Event handler 'myLesHouchesHandler' found energy-momentum non-conservation by (-1e-05,-2e-05,-2e-05;-1.08802e-09) GeV after generating step number 4.

******************************************************************************
Event number 1 (id: ./OUTPUT/0.95MB1.05/1512173935/TMP/Cluster_HERWIGOutput_11) performed by myLesHouchesHandler
Weight: 1
==============================================================================

--- Colliding particles:
  1        e-      11  (3)   
                                 6.535     0.000     0.000     6.535     0.000
  2        e+     -11  (3)   
                                -6.535     0.000     0.000     6.535     0.000
------------------------------------------------------------------------------
Primary sub-process performed by myReader
--- incoming:
  1        e-      11  (3)   
                                 6.535     0.000     0.000     6.535     0.000
  2        e+     -11  (3)   
                                -6.535     0.000     0.000     6.535     0.000
--- intermediates:
  3     gamma      22 [1,2] (4..7)   
                                -0.000     0.000     0.000    13.069    13.069
--- outgoing:
  4         g      21 [3] (8)  5>>6 {+1,-2}
                                -2.854     1.128     1.763     3.539     0.000
  5         g      21 [3] (9)  7>>4 {+2,-3}
                                -0.666     0.308     0.390     0.831     0.000
  6         g      21 [3] (10)  4>>7 {+4,-1}
                                 0.631    -0.200    -4.643     4.690     0.000
  7         g      21 [3] (11)  6>>5 {+3,-4}
                                 2.889    -1.237     2.490     4.009     0.000
------------------------------------------------------------------------------
Step 1 performed by myLesHouchesHandler
--- intermediates:
  1        e-      11  (3)   
                                 6.535     0.000     0.000     6.535     0.000
  2        e+     -11  (3)   
                                -6.535     0.000     0.000     6.535     0.000
  3     gamma      22 [1,2] (4..7)   
                                -0.000     0.000     0.000    13.069    13.069
--- final:
  4         g      21 [3] (8)  5>>6 {+1,-2}
                                -2.854     1.128     1.763     3.539     0.000
  5         g      21 [3] (9)  7>>4 {+2,-3}
                                -0.666     0.308     0.390     0.831     0.000
  6         g      21 [3] (10)  4>>7 {+4,-1}
                                 0.631    -0.200    -4.643     4.690     0.000
  7         g      21 [3] (11)  6>>5 {+3,-4}
                                 2.889    -1.237     2.490     4.009     0.000
------------------------------------------------------------------------------
     Sum of momenta:            -2e-05    -2e-05    -2e-05      13.1      13.1
------------------------------------------------------------------------------
Step 2 performed by ShowerHandler
--- final:
  8         g      21 [4] (12,13)  9>>10 {+1,-2}
                                -2.679     1.059     1.655     3.455     0.950
  9         g      21 [5] (14,15)  11>>8 {+2,-3}
                                -0.625     0.289     0.366     1.229     0.950
 10         g      21 [6] (16,17)  8>>11 {+4,-1}
                                 0.592    -0.188    -4.358     4.503     0.950
 11         g      21 [7] (18,19)  10>>9 {+3,-4}
                                 2.712    -1.161     2.337     3.881     0.950
------------------------------------------------------------------------------
     Sum of momenta:            -2e-05    -2e-05    -2e-05      13.1      13.1
------------------------------------------------------------------------------
Step 3 performed by ClusterHadHandler
--- intermediates:
 12         u       2 [8] (20)   {+1}
                                -1.108     0.329     0.315     1.241     0.325
 13      ubar      -2 [8] (21)   {-2}
                                -1.571     0.730     1.340     2.214     0.325
 14         u       2 [9] (21)   {+2}
                                -0.432     0.217    -0.134     0.598     0.325
 15      ubar      -2 [9] (22)   {-3}
                                -0.193     0.072     0.500     0.631     0.325
 16         u       2 [10] (23)   {+4}
                                 0.151    -0.074    -0.591     0.695     0.325
 17      ubar      -2 [10] (20)   {-1}
                                 0.441    -0.114    -3.767     3.808     0.325
 18         s       3 [11] (22)   {+3}
                                 1.072    -0.460     1.096     1.663     0.450
 19      sbar      -3 [11] (23)   {-4}
                                 1.640    -0.701     1.241     2.219     0.450
 20   Cluster      81 [12,17] (30,31)   
                                -0.667     0.215    -3.452     5.050     3.618
 21   Cluster      81 [13,14] (24,25)   
                                -2.003     0.948     1.206     2.812     1.242
 22   Cluster      81 [15,18] (28,29)   
                                 0.879    -0.388     1.596     2.294     1.338
 23   Cluster      81 [16,19] (26,27)   
                                 1.791    -0.775     0.650     2.914     2.065
--- final:
 24       pi-    -211 [21]    
                                -0.311    -0.026     0.066     0.349     0.140
 25      rho+     213 [21] (32,33)   
                                -1.691     0.974     1.140     2.464     0.980
 26      rho+     213 [23] (36,37)   
                                 0.770    -0.811     0.079     1.463     0.940
 27       K*0     313 [23] (40,41)   
                                 1.021     0.036     0.571     1.451     0.858
 28       pi0     111 [22] (42,43)   
                                 0.082    -0.255     0.012     0.300     0.135
 29       K*-    -323 [22] (44,45)   
                                 0.797    -0.133     1.585     1.993     0.900
 30  p(1440)+   12212 [20] (48,49)   
                                -0.164     0.751    -0.377     1.632     1.390
 31pbar(1440)  -12212 [20] (52..54)   
                                -0.503    -0.536    -3.075     3.417     1.297
------------------------------------------------------------------------------
     Sum of momenta:            -2e-05    -2e-05    -2e-05      13.1      13.1
------------------------------------------------------------------------------
Step 4 performed by DecayHandler
--- intermediates:
 32       pi0     111 [25] (34,35)   
                                -0.009     0.364     0.230     0.451     0.135
 36       pi0     111 [26] (38,39)   
                                 0.653    -0.187    -0.248     0.736     0.135
 45       pi0     111 [29] (46,47)   
                                 0.423     0.091     1.056     1.149     0.135
 48   Delta++    2224 [30] (50,51)   
                                -0.310     0.579    -0.328     1.363     1.148
--- final:
 24       pi-    -211 [21]    
                                -0.311    -0.026     0.066     0.349     0.140
 33       pi+     211 [25]    
                                -1.682     0.610     0.910     2.013     0.140
 34     gamma      22 [32]    
                                 0.027     0.227     0.073     0.240     0.000
 35     gamma      22 [32]    
                                -0.036     0.137     0.157     0.211     0.000
 37       pi+     211 [26]    
                                 0.117    -0.624     0.327     0.727     0.140
 38     gamma      22 [36]    
                                 0.131    -0.029     0.005     0.134     0.000
 39     gamma      22 [36]    
                                 0.522    -0.158    -0.254     0.601     0.000
 40        K+     321 [27]    
                                 0.286    -0.083     0.245     0.627     0.494
 41       pi-    -211 [27]    
                                 0.734     0.120     0.325     0.824     0.140
 42     gamma      22 [28]    
                                 0.049    -0.102     0.070     0.133     0.000
 43     gamma      22 [28]    
                                 0.033    -0.153    -0.058     0.167     0.000
 44        K-    -321 [29]    
                                 0.374    -0.224     0.529     0.844     0.494
 46     gamma      22 [45]    
                                 0.212     0.047     0.359     0.420     0.000
 47     gamma      22 [45]    
                                 0.211     0.044     0.697     0.729     0.000
 49       pi-    -211 [30]    
                                 0.146     0.172    -0.049     0.270     0.140
 50        p+    2212 [48]    
                                -0.263     0.424    -0.402     1.136     0.938
 51       pi+     211 [48]    
                                -0.046     0.155     0.075     0.226     0.140
 52     pbar-   -2212 [31]    
                                -0.386    -0.240    -2.003     2.259     0.938
 53       pi-    -211 [31]    
                                -0.110    -0.188    -0.546     0.604     0.140
 54       pi+     211 [31]    
                                -0.006    -0.108    -0.526     0.555     0.140
------------------------------------------------------------------------------
     Sum of momenta:            -2e-05    -2e-05    -2e-05      13.1      13.1

The following exception classes were reported in this run:
ThePEG::EventHandler::ConsistencyException warning (1 times)
ThePEG::LesHouchesReader::LesHouchesReopenWarning warning (1 times)
