>>>>>>>>>>>>>>>>>>>>>>>>>>>>>>>>>>>>>>>>>>>>>>>>>>>>>>>>>>>>>>>>>>>>>>>>>>>>>>
>>>> Toolkit for HEP Event Generation - ThePEG 2.2.0 <<<<<<<<<<<<<<<<<<<<<<<<<
>>>> Tue Jun 30 00:46:12 2020                                             <<<<
<<<<<<<<<<<<<<<<<<<<<<<<<<<<<<<<<<<<<<<<<<<<<<<<<<<<<<<<<<<<<<<<<<<<<<<<<<<<<<

>> Herwig 7.2.0 / ThePEG 2.2.0

/Herwig/EventHandlers/NoCuts:
MHat  = 2 .. 13.316 GeV
Scale = 0 .. 1e+12 GeV2
YHat  = -100 .. 100
X1    = 0 .. 1
X2    = 0 .. 1

* A warning exception of type ThePEG::LesHouchesReader::LesHouchesReopenWarning occurred while generating event number 1: 
Reopening LesHouchesReader 'myReader' after accessing 2 events out of 1
* A warning exception of type ThePEG::EventHandler::ConsistencyException occurred while generating event number 1: 
Event handler 'myLesHouchesHandler' found energy-momentum non-conservation by (-1e-05,-1e-05,-1e-05;-1.10243e-10) GeV after generating step number 4.

******************************************************************************
Event number 1 (id: ./OUTPUT/0.95MB1.05/1513254215/TMP/Cluster_HERWIGOutput_20) performed by myLesHouchesHandler
Weight: 1
==============================================================================

--- Colliding particles:
  1        e-      11  (3)   
                                 3.329     0.000    -0.000     3.329     0.000
  2        e+     -11  (3)   
                                -3.329     0.000     0.000     3.329     0.000
------------------------------------------------------------------------------
Primary sub-process performed by myReader
--- incoming:
  1        e-      11  (3)   
                                 3.329     0.000    -0.000     3.329     0.000
  2        e+     -11  (3)   
                                -3.329     0.000     0.000     3.329     0.000
--- intermediates:
  3     gamma      22 [1,2] (4..7)   
                                -0.000     0.000    -0.000     6.658     6.658
--- outgoing:
  4         g      21 [3] (8)  5>>7 {+1,-2}
                                 2.149    -1.779    -0.976     2.955     0.000
  5         g      21 [3] (9)  6>>4 {+2,-3}
                                -1.905     0.640     0.616     2.102     0.000
  6         g      21 [3] (12)  7>>5 {+3,-4}
                                -0.414     0.726     0.658     1.064     0.000
  7         g      21 [3] (13)  4>>6 {+4,-1}
                                 0.171     0.412    -0.298     0.537     0.000
------------------------------------------------------------------------------
Step 1 performed by myLesHouchesHandler
--- intermediates:
  1        e-      11  (3)   
                                 3.329     0.000    -0.000     3.329     0.000
  2        e+     -11  (3)   
                                -3.329     0.000     0.000     3.329     0.000
  3     gamma      22 [1,2] (4..7)   
                                -0.000     0.000    -0.000     6.658     6.658
--- final:
  4         g      21 [3] (8)  5>>7 {+1,-2}
                                 2.149    -1.779    -0.976     2.955     0.000
  5         g      21 [3] (9)  6>>4 {+2,-3}
                                -1.905     0.640     0.616     2.102     0.000
  6         g      21 [3] (12)  7>>5 {+3,-4}
                                -0.414     0.726     0.658     1.064     0.000
  7         g      21 [3] (13)  4>>6 {+4,-1}
                                 0.171     0.412    -0.298     0.537     0.000
------------------------------------------------------------------------------
     Sum of momenta:            -2e-05    -1e-05    -1e-05      6.66      6.66
------------------------------------------------------------------------------
Step 2 performed by ShowerHandler
--- intermediates:
  9         g      21 [5] (10,11)   {+2,-3}
                                -0.741     0.249     0.240     3.158     3.051
--- final:
  8         g      21 [4] (14,15)  10>>13 {+1,-2}
                                 0.835    -0.692    -0.380     1.491     0.950
 10         g      21 [9] (20,21)  11>>8 {+2,-5}
                                -0.288     0.485    -1.017     1.502     0.950
 11         g      21 [9] (22,23)  12>>10 {+5,-3}
                                -0.453    -0.236     1.257     1.656     0.950
 12         g      21 [6] (16,17)  13>>11 {+3,-4}
                                -0.161     0.282     0.256     1.036     0.950
 13         g      21 [7] (18,19)  8>>12 {+4,-1}
                                 0.066     0.160    -0.116     0.973     0.950
------------------------------------------------------------------------------
     Sum of momenta:            -2e-05    -1e-05    -1e-05      6.66      6.66
------------------------------------------------------------------------------
Step 3 performed by ClusterHadHandler
--- intermediates:
 14         d       1 [8] (24)   {+1}
                                 0.392    -0.542     0.095     0.749     0.325
 15      dbar      -1 [8] (28)   {-2}
                                 0.444    -0.150    -0.475     0.742     0.325
 16         u       2 [12] (25)   {+3}
                                 0.105    -0.141    -0.038     0.371     0.325
 17      ubar      -2 [12] (27)   {-4}
                                -0.266     0.423     0.293     0.665     0.325
 18         s       3 [13] (28)   {+4}
                                -0.044    -0.011     0.042     0.454     0.450
 19      sbar      -3 [13] (24)   {-1}
                                 0.110     0.171    -0.158     0.518     0.450
 20         u       2 [10] (27)   {+2}
                                -0.429     0.489    -0.822     1.097     0.325
 21      ubar      -2 [10] (26)   {-5}
                                 0.141    -0.004    -0.196     0.405     0.325
 22         s       3 [11] (26)   {+5}
                                -0.246    -0.232     0.506     0.757     0.450
 23      sbar      -3 [11] (25)   {-3}
                                -0.208    -0.004     0.751     0.900     0.450
 24   Cluster      81 [14,19] (33,34)   
                                 0.502    -0.370    -0.063     1.268     1.102
 25   Cluster      81 [16,23] (35,36)   
                                -0.103    -0.146     0.713     1.271     1.037
 26   Cluster      81 [21,22] (37,38)   
                                -0.105    -0.236     0.311     1.162     1.089
 27   Cluster      81 [17,20] (29,30)   
                                -0.695     0.912    -0.528     1.762     1.229
 28   Cluster      81 [15,18] (31,32)   
                                 0.400    -0.161    -0.433     1.196     1.028
--- final:
 29       eta     221 [27] (39,40)   
                                -0.180     0.556    -0.050     0.803     0.548
 30       eta     221 [27] (41,42)   
                                -0.514     0.356    -0.478     0.959     0.548
 31     Kbar0    -311 [28] (43)   
                                 0.230    -0.067     0.146     0.571     0.498
 32       pi0     111 [28] (44,45)   
                                 0.169    -0.094    -0.578     0.625     0.135
 33       pi0     111 [24] (46,47)   
                                -0.231    -0.005     0.118     0.292     0.135
 34        K0     311 [24] (48)   
                                 0.733    -0.365    -0.181     0.975     0.498
 35       pi+     211 [25]    
                                 0.112    -0.170     0.685     0.728     0.140
 36        K0     311 [25] (49)   
                                -0.215     0.025     0.029     0.543     0.498
 37       eta     221 [26] (52,53)   
                                -0.057    -0.253     0.272     0.664     0.548
 38        K-    -321 [26]    
                                -0.048     0.017     0.039     0.498     0.494
------------------------------------------------------------------------------
     Sum of momenta:            -2e-05    -1e-05    -1e-05      6.66      6.66
------------------------------------------------------------------------------
Step 4 performed by DecayHandler
--- intermediates:
 49      K_S0     310 [36] (50,51)   
                                -0.215     0.025     0.029     0.543     0.498
--- final:
 35       pi+     211 [25]    
                                 0.112    -0.170     0.685     0.728     0.140
 38        K-    -321 [26]    
                                -0.048     0.017     0.039     0.498     0.494
 39     gamma      22 [29]    
                                -0.026    -0.109     0.025     0.115     0.000
 40     gamma      22 [29]    
                                -0.154     0.666    -0.075     0.687     0.000
 41     gamma      22 [30]    
                                -0.110     0.371    -0.381     0.543     0.000
 42     gamma      22 [30]    
                                -0.404    -0.015    -0.098     0.416     0.000
 43      K_L0     130 [31]    
                                 0.230    -0.067     0.146     0.571     0.498
 44     gamma      22 [32]    
                                -0.003     0.005     0.005     0.008     0.000
 45     gamma      22 [32]    
                                 0.173    -0.099    -0.583     0.616     0.000
 46     gamma      22 [33]    
                                -0.116     0.064     0.069     0.149     0.000
 47     gamma      22 [33]    
                                -0.115    -0.069     0.050     0.143     0.000
 48      K_L0     130 [34]    
                                 0.733    -0.365    -0.181     0.975     0.498
 50       pi+     211 [49]    
                                -0.073     0.060     0.212     0.271     0.140
 51       pi-    -211 [49]    
                                -0.141    -0.035    -0.183     0.272     0.140
 52     gamma      22 [37]    
                                -0.127    -0.412     0.180     0.467     0.000
 53     gamma      22 [37]    
                                 0.071     0.159     0.092     0.197     0.000
------------------------------------------------------------------------------
     Sum of momenta:            -2e-05    -1e-05    -1e-05      6.66      6.66

The following exception classes were reported in this run:
ThePEG::EventHandler::ConsistencyException warning (1 times)
ThePEG::LesHouchesReader::LesHouchesReopenWarning warning (1 times)
