>>>>>>>>>>>>>>>>>>>>>>>>>>>>>>>>>>>>>>>>>>>>>>>>>>>>>>>>>>>>>>>>>>>>>>>>>>>>>>
>>>> Toolkit for HEP Event Generation - ThePEG 2.2.0 <<<<<<<<<<<<<<<<<<<<<<<<<
>>>> Tue Jun 30 00:26:25 2020                                             <<<<
<<<<<<<<<<<<<<<<<<<<<<<<<<<<<<<<<<<<<<<<<<<<<<<<<<<<<<<<<<<<<<<<<<<<<<<<<<<<<<

>> Herwig 7.2.0 / ThePEG 2.2.0

/Herwig/EventHandlers/NoCuts:
MHat  = 2 .. 18.2441 GeV
Scale = 0 .. 1e+12 GeV2
YHat  = -100 .. 100
X1    = 0 .. 1
X2    = 0 .. 1

* A warning exception of type ThePEG::LesHouchesReader::LesHouchesReopenWarning occurred while generating event number 1: 
Reopening LesHouchesReader 'myReader' after accessing 2 events out of 1
* A warning exception of type ThePEG::EventHandler::ConsistencyException occurred while generating event number 1: 
Event handler 'myLesHouchesHandler' found energy-momentum non-conservation by (-2.089e-15,-1e-05,-2e-05;2e-05) GeV after generating step number 4.

******************************************************************************
Event number 1 (id: ./OUTPUT/0.95MB1.05/1513254215/TMP/Cluster_HERWIGOutput_13) performed by myLesHouchesHandler
Weight: 1
==============================================================================

--- Colliding particles:
  1        e-      11  (3)   
                                 4.561     0.000     0.000     4.561     0.000
  2        e+     -11  (3)   
                                -4.561     0.000     0.000     4.561     0.000
------------------------------------------------------------------------------
Primary sub-process performed by myReader
--- incoming:
  1        e-      11  (3)   
                                 4.561     0.000     0.000     4.561     0.000
  2        e+     -11  (3)   
                                -4.561     0.000     0.000     4.561     0.000
--- intermediates:
  3     gamma      22 [1,2] (4..7)   
                                 0.000     0.000     0.000     9.122     9.122
--- outgoing:
  4         g      21 [3] (8)  6>>5 {+1,-2}
                                -1.722     1.285    -0.377     2.182     0.000
  5         g      21 [3] (11)  4>>7 {+3,-1}
                                -0.534    -0.482     0.036     0.720     0.000
  6         g      21 [3] (12)  7>>4 {+2,-4}
                                 1.109    -1.258    -2.564     3.064     0.000
  7         g      21 [3] (13)  5>>6 {+4,-3}
                                 1.147     0.455     2.905     3.156     0.000
------------------------------------------------------------------------------
Step 1 performed by myLesHouchesHandler
--- intermediates:
  1        e-      11  (3)   
                                 4.561     0.000     0.000     4.561     0.000
  2        e+     -11  (3)   
                                -4.561     0.000     0.000     4.561     0.000
  3     gamma      22 [1,2] (4..7)   
                                 0.000     0.000     0.000     9.122     9.122
--- final:
  4         g      21 [3] (8)  6>>5 {+1,-2}
                                -1.722     1.285    -0.377     2.182     0.000
  5         g      21 [3] (11)  4>>7 {+3,-1}
                                -0.534    -0.482     0.036     0.720     0.000
  6         g      21 [3] (12)  7>>4 {+2,-4}
                                 1.109    -1.258    -2.564     3.064     0.000
  7         g      21 [3] (13)  5>>6 {+4,-3}
                                 1.147     0.455     2.905     3.156     0.000
------------------------------------------------------------------------------
     Sum of momenta:            -1e-05    -1e-05    -2e-05      9.12      9.12
------------------------------------------------------------------------------
Step 2 performed by ShowerHandler
--- intermediates:
  8         g      21 [4] (9,10)   {+1,-2}
                                -1.230     0.918    -0.269     3.212     2.809
--- final:
  9         g      21 [8] (20,21)  12>>10 {+5,-2}
                                 0.391     0.127     0.331     1.087     0.950
 10         g      21 [8] (22,23)  9>>11 {+1,-5}
                                -1.621     0.791    -0.600     2.125     0.950
 11         g      21 [5] (14,15)  10>>13 {+3,-1}
                                -0.381    -0.344     0.026     1.080     0.950
 12         g      21 [6] (16,17)  13>>9 {+2,-4}
                                 0.792    -0.898    -1.831     2.385     0.950
 13         g      21 [7] (18,19)  11>>12 {+4,-3}
                                 0.819     0.325     2.074     2.445     0.950
------------------------------------------------------------------------------
     Sum of momenta:            -1e-05    -1e-05    -2e-05      9.12      9.12
------------------------------------------------------------------------------
Step 3 performed by ClusterHadHandler
--- intermediates:
 14         u       2 [11] (24)   {+3}
                                -0.169    -0.208     0.357     0.552     0.325
 15      ubar      -2 [11] (25)   {-1}
                                -0.212    -0.137    -0.331     0.528     0.325
 16         s       3 [12] (26)   {+2}
                                 0.202    -0.321    -0.701     0.915     0.450
 17      sbar      -3 [12] (27)   {-4}
                                 0.590    -0.577    -1.130     1.470     0.450
 18         u       2 [13] (27)   {+4}
                                 0.030     0.190     0.988     1.057     0.325
 19      ubar      -2 [13] (24)   {-3}
                                 0.789     0.135     1.086     1.388     0.325
 20         u       2 [9] (28)   {+5}
                                -0.116    -0.011    -0.067     0.352     0.325
 21      ubar      -2 [9] (26)   {-2}
                                 0.507     0.138     0.398     0.735     0.325
 22         u       2 [10] (25)   {+1}
                                -0.175     0.138     0.010     0.394     0.325
 23      ubar      -2 [10] (28)   {-5}
                                -1.446     0.653    -0.611     1.731     0.325
 24   Cluster      81 [14,19] (37,38)   
                                 0.620    -0.072     1.443     1.940     1.136
 25   Cluster      81 [15,22] (31,32)   
                                -0.387     0.001    -0.321     0.922     0.773
 26   Cluster      81 [16,21] (33,34)   
                                 0.709    -0.183    -0.303     1.650     1.448
 27   Cluster      81 [17,18] (35,36)   
                                 0.620    -0.388    -0.142     2.527     2.415
 28   Cluster      81 [20,23] (29,30)   
                                -1.562     0.643    -0.678     2.083     1.012
--- final:
 29       pi+     211 [28]    
                                -0.590     0.158     0.223     0.665     0.140
 30       pi-    -211 [28]    
                                -0.972     0.485    -0.901     1.418     0.140
 31       pi-    -211 [25]    
                                -0.439    -0.258    -0.070     0.533     0.140
 32       pi+     211 [25]    
                                 0.052     0.259    -0.250     0.390     0.140
 33      K_1-  -10323 [26] (39,40)   
                                 0.529    -0.202    -0.083     1.335     1.206
 34       pi0     111 [26] (52,53)   
                                 0.180     0.019    -0.220     0.315     0.135
 35       K*0     313 [27] (54,55)   
                                 0.267     0.441    -0.735     1.264     0.890
 36      rho+     213 [27] (61,62)   
                                 0.352    -0.829     0.593     1.263     0.657
 37       pi+     211 [24]    
                                -0.262    -0.186     0.197     0.402     0.140
 38       pi-    -211 [24]    
                                 0.883     0.114     1.246     1.538     0.140
------------------------------------------------------------------------------
     Sum of momenta:            -1e-05    -1e-05    -2e-05      9.12      9.12
------------------------------------------------------------------------------
Step 4 performed by DecayHandler
--- intermediates:
 39      rho-    -213 [33] (41,42)   
                                 0.367    -0.107    -0.091     0.803     0.701
 40     Kbar0    -311 [33] (45)   
                                 0.163    -0.095     0.009     0.532     0.498
 41       pi0     111 [39] (43,44)   
                                -0.152     0.093    -0.007     0.224     0.135
 45      K_S0     310 [40] (46,47)   
                                 0.163    -0.095     0.009     0.532     0.498
 46       pi0     111 [45] (48,49)   
                                 0.128    -0.243    -0.069     0.314     0.135
 47       pi0     111 [45] (50,51)   
                                 0.035     0.149     0.078     0.218     0.135
 54        K0     311 [35] (56)   
                                 0.046     0.042    -0.179     0.533     0.498
 55       pi0     111 [35] (59,60)   
                                 0.221     0.399    -0.556     0.732     0.135
 56      K_S0     310 [54] (57,58)   
                                 0.046     0.042    -0.179     0.533     0.498
 61       pi0     111 [36] (63,64)   
                                 0.234    -0.724     0.685     1.032     0.135
--- final:
 29       pi+     211 [28]    
                                -0.590     0.158     0.223     0.665     0.140
 30       pi-    -211 [28]    
                                -0.972     0.485    -0.901     1.418     0.140
 31       pi-    -211 [25]    
                                -0.439    -0.258    -0.070     0.533     0.140
 32       pi+     211 [25]    
                                 0.052     0.259    -0.250     0.390     0.140
 37       pi+     211 [24]    
                                -0.262    -0.186     0.197     0.402     0.140
 38       pi-    -211 [24]    
                                 0.883     0.114     1.246     1.538     0.140
 42       pi-    -211 [39]    
                                 0.519    -0.200    -0.085     0.579     0.140
 43     gamma      22 [41]    
                                -0.070    -0.003    -0.054     0.088     0.000
 44     gamma      22 [41]    
                                -0.082     0.096     0.048     0.135     0.000
 48     gamma      22 [46]    
                                -0.024    -0.063    -0.035     0.075     0.000
 49     gamma      22 [46]    
                                 0.152    -0.181    -0.034     0.239     0.000
 50     gamma      22 [47]    
                                -0.013     0.078    -0.027     0.083     0.000
 51     gamma      22 [47]    
                                 0.048     0.071     0.104     0.135     0.000
 52     gamma      22 [34]    
                                 0.019    -0.036    -0.004     0.040     0.000
 53     gamma      22 [34]    
                                 0.161     0.054    -0.216     0.275     0.000
 57       pi+     211 [56]    
                                 0.078     0.057     0.115     0.205     0.140
 58       pi-    -211 [56]    
                                -0.032    -0.015    -0.294     0.327     0.140
 59     gamma      22 [55]    
                                 0.122     0.093    -0.160     0.221     0.000
 60     gamma      22 [55]    
                                 0.099     0.306    -0.396     0.510     0.000
 62       pi+     211 [36]    
                                 0.118    -0.105    -0.092     0.230     0.140
 63     gamma      22 [61]    
                                 0.213    -0.453     0.428     0.659     0.000
 64     gamma      22 [61]    
                                 0.021    -0.270     0.257     0.374     0.000
------------------------------------------------------------------------------
     Sum of momenta:            -1e-05    -1e-05    -2e-05      9.12      9.12

The following exception classes were reported in this run:
ThePEG::EventHandler::ConsistencyException warning (1 times)
ThePEG::LesHouchesReader::LesHouchesReopenWarning warning (1 times)
