>>>>>>>>>>>>>>>>>>>>>>>>>>>>>>>>>>>>>>>>>>>>>>>>>>>>>>>>>>>>>>>>>>>>>>>>>>>>>>
>>>> Toolkit for HEP Event Generation - ThePEG 2.2.0 <<<<<<<<<<<<<<<<<<<<<<<<<
>>>> Tue Jun 30 00:23:18 2020                                             <<<<
<<<<<<<<<<<<<<<<<<<<<<<<<<<<<<<<<<<<<<<<<<<<<<<<<<<<<<<<<<<<<<<<<<<<<<<<<<<<<<

>> Herwig 7.2.0 / ThePEG 2.2.0

/Herwig/EventHandlers/NoCuts:
MHat  = 2 .. 51.0756 GeV
Scale = 0 .. 1e+12 GeV2
YHat  = -100 .. 100
X1    = 0 .. 1
X2    = 0 .. 1

* A warning exception of type ThePEG::LesHouchesReader::LesHouchesReopenWarning occurred while generating event number 1: 
Reopening LesHouchesReader 'myReader' after accessing 2 events out of 1
* A warning exception of type ThePEG::EventHandler::ConsistencyException occurred while generating event number 1: 
Event handler 'myLesHouchesHandler' found energy-momentum non-conservation by (-1e-05,-2e-05,-2e-05;1.99981e-05) GeV after generating step number 4.

******************************************************************************
Event number 1 (id: ./OUTPUT/0.95MB1.05/1511658038/TMP/Cluster_HERWIGOutput_9) performed by myLesHouchesHandler
Weight: 1
==============================================================================

--- Colliding particles:
  1        e-      11  (3)   
                                12.769     0.000    -0.000    12.769     0.000
  2        e+     -11  (3)   
                               -12.769     0.000     0.000    12.769     0.000
------------------------------------------------------------------------------
Primary sub-process performed by myReader
--- incoming:
  1        e-      11  (3)   
                                12.769     0.000    -0.000    12.769     0.000
  2        e+     -11  (3)   
                               -12.769     0.000     0.000    12.769     0.000
--- intermediates:
  3     gamma      22 [1,2] (4..8)   
                                -0.000     0.000     0.000    25.538    25.538
--- outgoing:
  4         g      21 [3] (9)  8>>7 {+1,-2}
                                 1.623    -0.382    -2.118     2.695     0.000
  5         g      21 [3] (10)  7>>6 {+3,-4}
                                -5.748     1.889    -1.878     6.335     0.000
  6         g      21 [3] (13)  5>>8 {+5,-3}
                                 1.368     0.317     8.739     8.851     0.000
  7         g      21 [3] (16)  4>>5 {+4,-1}
                                -1.259    -1.515    -1.336     2.380     0.000
  8         g      21 [3] (17)  6>>4 {+2,-5}
                                 4.017    -0.309    -3.407     5.276     0.000
------------------------------------------------------------------------------
Step 1 performed by myLesHouchesHandler
--- intermediates:
  1        e-      11  (3)   
                                12.769     0.000    -0.000    12.769     0.000
  2        e+     -11  (3)   
                               -12.769     0.000     0.000    12.769     0.000
  3     gamma      22 [1,2] (4..8)   
                                -0.000     0.000     0.000    25.538    25.538
--- final:
  4         g      21 [3] (9)  8>>7 {+1,-2}
                                 1.623    -0.382    -2.118     2.695     0.000
  5         g      21 [3] (10)  7>>6 {+3,-4}
                                -5.748     1.889    -1.878     6.335     0.000
  6         g      21 [3] (13)  5>>8 {+5,-3}
                                 1.368     0.317     8.739     8.851     0.000
  7         g      21 [3] (16)  4>>5 {+4,-1}
                                -1.259    -1.515    -1.336     2.380     0.000
  8         g      21 [3] (17)  6>>4 {+2,-5}
                                 4.017    -0.309    -3.407     5.276     0.000
------------------------------------------------------------------------------
     Sum of momenta:            -2e-05    -2e-05    -2e-05      25.5      25.5
------------------------------------------------------------------------------
Step 2 performed by ShowerHandler
--- intermediates:
 10         g      21 [5] (11,12)   {+3,-4}
                                -5.131     1.686    -1.676     6.671     3.539
 13         g      21 [6] (14,15)   {+5,-3}
                                 1.221     0.283     7.800     9.148     4.613
--- final:
  9         g      21 [4] (18,19)  17>>16 {+1,-2}
                                 1.448    -0.341    -1.890     2.587     0.950
 11         s       3 [10] (30)  >14 {+3}
                                -3.481     1.625     0.502     3.901     0.450
 12      sbar      -3 [10] (29)  16> {-4}
                                -1.650     0.061    -2.179     2.770     0.450
 14         g      21 [13] (24,25)  11>>15 {+6,-3}
                                -0.002     0.731     0.016     1.199     0.950
 15         g      21 [13] (26,27)  14>>17 {+5,-6}
                                 1.223    -0.448     7.784     7.950     0.950
 16         g      21 [7] (20,21)  9>>12 {+4,-1}
                                -1.124    -1.352    -1.193     2.327     0.950
 17         g      21 [8] (22,23)  15>>9 {+2,-5}
                                 3.586    -0.276    -3.041     4.805     0.950
------------------------------------------------------------------------------
     Sum of momenta:            -2e-05    -2e-05    -2e-05      25.5      25.5
------------------------------------------------------------------------------
Step 3 performed by ClusterHadHandler
--- intermediates:
 18         s       3 [9] (32)   {+1}
                                 0.884    -0.291    -0.989     1.431     0.450
 19      sbar      -3 [9] (28)   {-2}
                                 0.564    -0.050    -0.901     1.156     0.450
 20         u       2 [16] (29)   {+4}
                                -0.913    -0.629    -0.522     1.268     0.325
 21      ubar      -2 [16] (33)   {-1}
                                -0.211    -0.723    -0.670     1.059     0.325
 22         u       2 [17] (28)   {+2}
                                 0.934    -0.143    -0.509     1.122     0.325
 23      ubar      -2 [17] (32)   {-5}
                                 2.652    -0.132    -2.531     3.683     0.325
 24         d       1 [14] (31)   {+6}
                                 0.028     0.607     0.297     0.750     0.325
 25      dbar      -1 [14] (30)   {-3}
                                -0.031     0.124    -0.281     0.448     0.325
 26         d       1 [15] (33)   {+5}
                                 1.106    -0.477     6.537     6.655     0.325
 27      dbar      -1 [15] (31)   {-6}
                                 0.117     0.028     1.247     1.295     0.325
 28   Cluster      81 [19,22] (44,45)   
                                 1.499    -0.193    -1.411     2.278     0.956
 29   Cluster      81 [12,20] (40,41)   
                                -2.563    -0.568    -2.701     4.038     1.457
 30   Cluster      81 [11,25] (38,39)   
                                -3.512     1.749     0.221     4.349     1.863
 31   Cluster      81 [24,27] (46,47)   
                                 0.145     0.635     1.545     2.045     1.171
 32   Cluster      81 [18,23] (42,43)   
                                 3.536    -0.424    -3.520     5.113     1.036
 33   Cluster      81 [21,26] (34,35)   
                                 0.895    -1.199     5.866     7.714     4.780
 34   Cluster      81 [33] (36,37)   
                                 0.876    -0.935     5.576     6.869     3.801
 35   Cluster      81 [33] (48,49)   
                                 0.018    -0.265     0.291     0.845     0.748
 36   Cluster      81 [34] (50,51)   
                                 0.688    -0.685     4.342     5.260     2.805
 37   Cluster      81 [34] (52,53)   
                                 0.188    -0.250     1.233     1.609     0.984
--- final:
 38     Kbar0    -311 [30] (54)   
                                -1.442     0.156     0.045     1.534     0.498
 39       h_1   10223 [30] (57,58)   
                                -2.070     1.593     0.176     2.815     1.035
 40      rho+     213 [29] (63,64)   
                                -1.490    -0.462    -1.183     2.111     0.790
 41        K0     311 [29] (67)   
                                -1.073    -0.106    -1.518     1.928     0.498
 42     Kbar0    -311 [32] (70)   
                                 3.361    -0.223    -3.176     4.657     0.498
 43       pi-    -211 [32]    
                                 0.174    -0.201    -0.344     0.457     0.140
 44        K+     321 [28]    
                                 1.114    -0.458    -1.051     1.673     0.494
 45       pi0     111 [28] (73,74)   
                                 0.385     0.265    -0.360     0.605     0.135
 46       pi-    -211 [31]    
                                 0.215     0.670     0.948     1.189     0.140
 47      rho+     213 [31] (75,76)   
                                -0.070    -0.034     0.597     0.857     0.609
 48       eta     221 [35] (79..81)   
                                -0.106    -0.229     0.185     0.631     0.548
 49       pi0     111 [35] (88,89)   
                                 0.125    -0.036     0.105     0.215     0.135
 50     pi_20   10115 [36] (90,91)   
                                 0.200    -0.799     3.533     4.014     1.718
 51      rho-    -213 [36] (96,97)   
                                 0.488     0.114     0.809     1.246     0.804
 52       pi-    -211 [37]    
                                -0.030    -0.420     0.130     0.462     0.140
 53       pi+     211 [37]    
                                 0.219     0.170     1.104     1.146     0.140
------------------------------------------------------------------------------
     Sum of momenta:            -2e-05    -2e-05    -2e-05      25.5      25.5
------------------------------------------------------------------------------
Step 4 performed by DecayHandler
--- intermediates:
 54      K_S0     310 [38] (55,56)   
                                -1.442     0.156     0.045     1.534     0.498
 57      rho0     113 [39] (59,60)   
                                -0.955     1.190     0.148     1.622     0.529
 58       pi0     111 [39] (61,62)   
                                -1.114     0.403     0.028     1.193     0.135
 63       pi0     111 [40] (65,66)   
                                -0.426    -0.241    -0.806     0.952     0.135
 67      K_S0     310 [41] (68,69)   
                                -1.073    -0.106    -1.518     1.928     0.498
 70      K_S0     310 [42] (71,72)   
                                 3.361    -0.223    -3.176     4.657     0.498
 75       pi0     111 [47] (77,78)   
                                -0.243    -0.179     0.434     0.546     0.135
 79       pi0     111 [48] (82,83)   
                                -0.052    -0.240     0.184     0.335     0.135
 80       pi0     111 [48] (84,85)   
                                 0.015    -0.004     0.032     0.140     0.135
 81       pi0     111 [48] (86,87)   
                                -0.069     0.016    -0.031     0.156     0.135
 90      rho+     213 [50] (92,93)   
                                 0.252    -0.112     0.543     0.942     0.719
 92       pi0     111 [90] (94,95)   
                                 0.093     0.263     0.104     0.327     0.135
 96       pi0     111 [51] (98,99)   
                                 0.166     0.416     0.519     0.699     0.135
--- final:
 43       pi-    -211 [32]    
                                 0.174    -0.201    -0.344     0.457     0.140
 44        K+     321 [28]    
                                 1.114    -0.458    -1.051     1.673     0.494
 46       pi-    -211 [31]    
                                 0.215     0.670     0.948     1.189     0.140
 52       pi-    -211 [37]    
                                -0.030    -0.420     0.130     0.462     0.140
 53       pi+     211 [37]    
                                 0.219     0.170     1.104     1.146     0.140
 55       pi+     211 [54]    
                                -1.159     0.245    -0.047     1.194     0.140
 56       pi-    -211 [54]    
                                -0.283    -0.088     0.092     0.341     0.140
 59       pi+     211 [57]    
                                -0.847     1.113     0.206     1.421     0.140
 60       pi-    -211 [57]    
                                -0.108     0.076    -0.058     0.201     0.140
 61     gamma      22 [58]    
                                -0.512     0.153    -0.047     0.537     0.000
 62     gamma      22 [58]    
                                -0.602     0.250     0.075     0.656     0.000
 64       pi+     211 [40]    
                                -1.064    -0.221    -0.377     1.158     0.140
 65     gamma      22 [63]    
                                -0.124    -0.088    -0.146     0.211     0.000
 66     gamma      22 [63]    
                                -0.302    -0.153    -0.659     0.741     0.000
 68       pi+     211 [67]    
                                -0.090    -0.002    -0.373     0.408     0.140
 69       pi-    -211 [67]    
                                -0.983    -0.104    -1.145     1.519     0.140
 71       pi+     211 [70]    
                                 1.325     0.063    -1.073     1.712     0.140
 72       pi-    -211 [70]    
                                 2.037    -0.286    -2.103     2.945     0.140
 73     gamma      22 [45]    
                                 0.242     0.129    -0.281     0.393     0.000
 74     gamma      22 [45]    
                                 0.143     0.135    -0.078     0.212     0.000
 76       pi+     211 [47]    
                                 0.173     0.144     0.162     0.311     0.140
 77     gamma      22 [75]    
                                -0.190    -0.197     0.348     0.443     0.000
 78     gamma      22 [75]    
                                -0.052     0.018     0.087     0.103     0.000
 82     gamma      22 [79]    
                                 0.022    -0.181     0.096     0.206     0.000
 83     gamma      22 [79]    
                                -0.074    -0.059     0.088     0.130     0.000
 84     gamma      22 [80]    
                                 0.031     0.020     0.078     0.086     0.000
 85     gamma      22 [80]    
                                -0.016    -0.024    -0.046     0.054     0.000
 86     gamma      22 [81]    
                                -0.092     0.037     0.014     0.100     0.000
 87     gamma      22 [81]    
                                 0.023    -0.021    -0.046     0.055     0.000
 88     gamma      22 [49]    
                                 0.141    -0.028     0.123     0.189     0.000
 89     gamma      22 [49]    
                                -0.016    -0.008    -0.018     0.025     0.000
 91       pi-    -211 [50]    
                                -0.052    -0.687     2.991     3.072     0.140
 93       pi+     211 [90]    
                                 0.159    -0.375     0.439     0.615     0.140
 94     gamma      22 [92]    
                                 0.076     0.041     0.016     0.088     0.000
 95     gamma      22 [92]    
                                 0.017     0.222     0.088     0.240     0.000
 97       pi-    -211 [51]    
                                 0.322    -0.303     0.290     0.547     0.140
 98     gamma      22 [96]    
                                 0.106     0.350     0.342     0.501     0.000
 99     gamma      22 [96]    
                                 0.061     0.067     0.177     0.198     0.000
------------------------------------------------------------------------------
     Sum of momenta:            -2e-05    -2e-05    -2e-05      25.5      25.5

The following exception classes were reported in this run:
ThePEG::EventHandler::ConsistencyException warning (1 times)
ThePEG::LesHouchesReader::LesHouchesReopenWarning warning (1 times)
