>>>>>>>>>>>>>>>>>>>>>>>>>>>>>>>>>>>>>>>>>>>>>>>>>>>>>>>>>>>>>>>>>>>>>>>>>>>>>>
>>>> Toolkit for HEP Event Generation - ThePEG 2.2.0 <<<<<<<<<<<<<<<<<<<<<<<<<
>>>> Tue Jun 30 00:21:32 2020                                             <<<<
<<<<<<<<<<<<<<<<<<<<<<<<<<<<<<<<<<<<<<<<<<<<<<<<<<<<<<<<<<<<<<<<<<<<<<<<<<<<<<

>> Herwig 7.2.0 / ThePEG 2.2.0

/Herwig/EventHandlers/NoCuts:
MHat  = 2 .. 52.4235 GeV
Scale = 0 .. 1e+12 GeV2
YHat  = -100 .. 100
X1    = 0 .. 1
X2    = 0 .. 1

* A warning exception of type ThePEG::LesHouchesReader::LesHouchesReopenWarning occurred while generating event number 1: 
Reopening LesHouchesReader 'myReader' after accessing 2 events out of 1
* A warning exception of type ThePEG::EventHandler::ConsistencyException occurred while generating event number 1: 
Event handler 'myLesHouchesHandler' found energy-momentum non-conservation by (-2e-05,-3e-05,-2e-05;1.99977e-05) GeV after generating step number 4.

******************************************************************************
Event number 1 (id: ./OUTPUT/0.95MB1.05/1515088783/TMP/Cluster_HERWIGOutput_7) performed by myLesHouchesHandler
Weight: 1
==============================================================================

--- Colliding particles:
  1        e-      11  (3)   
                                13.106     0.000     0.000    13.106     0.000
  2        e+     -11  (3)   
                               -13.106     0.000    -0.000    13.106     0.000
------------------------------------------------------------------------------
Primary sub-process performed by myReader
--- incoming:
  1        e-      11  (3)   
                                13.106     0.000     0.000    13.106     0.000
  2        e+     -11  (3)   
                               -13.106     0.000    -0.000    13.106     0.000
--- intermediates:
  3     gamma      22 [1,2] (4..8)   
                                 0.000     0.000     0.000    26.212    26.212
--- outgoing:
  4         g      21 [3] (9)  7>>7 {+1,-2}
                                 2.287     1.692    -2.520     3.800     0.000
  5         g      21 [3] (12)  8>>6 {+3,-4}
                                 1.174     0.097    -0.307     1.217     0.000
  6         g      21 [3] (13)  5>>8 {+5,-3}
                                 0.621    -5.503     3.262     6.428     0.000
  7         g      21 [3] (14)  4>>4 {+2,-1}
                                -4.462     7.665    -3.718     9.617     0.000
  8         g      21 [3] (15)  6>>5 {+4,-5}
                                 0.381    -3.949     3.283     5.150     0.000
------------------------------------------------------------------------------
Step 1 performed by myLesHouchesHandler
--- intermediates:
  1        e-      11  (3)   
                                13.106     0.000     0.000    13.106     0.000
  2        e+     -11  (3)   
                               -13.106     0.000    -0.000    13.106     0.000
  3     gamma      22 [1,2] (4..8)   
                                 0.000     0.000     0.000    26.212    26.212
--- final:
  4         g      21 [3] (9)  7>>7 {+1,-2}
                                 2.287     1.692    -2.520     3.800     0.000
  5         g      21 [3] (12)  8>>6 {+3,-4}
                                 1.174     0.097    -0.307     1.217     0.000
  6         g      21 [3] (13)  5>>8 {+5,-3}
                                 0.621    -5.503     3.262     6.428     0.000
  7         g      21 [3] (14)  4>>4 {+2,-1}
                                -4.462     7.665    -3.718     9.617     0.000
  8         g      21 [3] (15)  6>>5 {+4,-5}
                                 0.381    -3.949     3.283     5.150     0.000
------------------------------------------------------------------------------
     Sum of momenta:            -3e-05    -3e-05    -2e-05      26.2      26.2
------------------------------------------------------------------------------
Step 2 performed by ShowerHandler
--- intermediates:
  9         g      21 [4] (10,11)   {+1,-2}
                                 2.115     1.564    -2.330     4.921     3.445
--- final:
 10         g      21 [9] (24,25)  14>>11 {+6,-2}
                                 0.197     0.901     0.405     1.385     0.950
 11         g      21 [9] (26,27)  10>>14 {+1,-6}
                                 1.918     0.663    -2.736     3.536     0.950
 12         g      21 [5] (16,17)  15>>13 {+3,-4}
                                 1.085     0.089    -0.284     1.473     0.950
 13         g      21 [6] (18,19)  12>>15 {+5,-3}
                                 0.574    -5.089     3.016     6.019     0.950
 14         g      21 [7] (20,21)  11>>10 {+2,-1}
                                -4.126     7.087    -3.438     8.943     0.950
 15         g      21 [8] (22,23)  13>>12 {+4,-5}
                                 0.352    -3.652     3.036     4.856     0.950
------------------------------------------------------------------------------
     Sum of momenta:            -3e-05    -3e-05    -2e-05      26.2      26.2
------------------------------------------------------------------------------
Step 3 performed by ClusterHadHandler
--- intermediates:
 16         s       3 [12] (28)   {+3}
                                 0.414    -0.087    -0.132     0.631     0.450
 17      sbar      -3 [12] (29)   {-4}
                                 0.672     0.177    -0.153     0.842     0.450
 18         d       1 [13] (30)   {+5}
                                 0.345    -1.936     0.816     2.154     0.325
 19      dbar      -1 [13] (28)   {-3}
                                 0.229    -3.153     2.200     3.865     0.325
 20         s       3 [14] (31)   {+2}
                                -1.929     3.039    -1.484     3.919     0.450
 21      sbar      -3 [14] (32)   {-1}
                                -2.197     4.048    -1.955     5.024     0.450
 22         u       2 [15] (29)   {+4}
                                -0.076    -2.417     1.862     3.069     0.325
 23      ubar      -2 [15] (30)   {-5}
                                 0.428    -1.235     1.174     1.787     0.325
 24         d       1 [10] (33)   {+6}
                                 0.358     0.727     0.445     0.980     0.325
 25      dbar      -1 [10] (31)   {-2}
                                -0.161     0.174    -0.040     0.404     0.325
 26         u       2 [11] (32)   {+1}
                                 1.562     0.692    -2.317     2.897     0.325
 27      ubar      -2 [11] (33)   {-6}
                                 0.357    -0.029    -0.418     0.639     0.325
 28   Cluster      81 [16,19] (44,45)   
                                 0.643    -3.240     2.068     4.496     2.242
 29   Cluster      81 [17,22] (38,39)   
                                 0.596    -2.240     1.709     3.911     2.645
 30   Cluster      81 [18,23] (40,41)   
                                 0.773    -3.171     1.991     3.941     0.956
 31   Cluster      81 [20,25] (36,37)   
                                -2.091     3.213    -1.524     4.324     1.296
 32   Cluster      81 [21,26] (34,35)   
                                -0.635     4.740    -4.272     7.921     4.649
 33   Cluster      81 [24,27] (42,43)   
                                 0.714     0.698     0.027     1.619     1.274
 34   Cluster      81 [32] (46,47)   
                                -0.715     3.842    -3.257     6.209     3.560
 35   Cluster      81 [32] (48,49)   
                                 0.080     0.898    -1.015     1.712     1.043
--- final:
 36        K-    -321 [31]    
                                -1.869     2.031    -1.309     3.095     0.494
 37       pi+     211 [31]    
                                -0.222     1.182    -0.215     1.229     0.140
 38       K*0     313 [29] (50,51)   
                                 0.189    -1.529     0.889     1.968     0.841
 39     rho'+  100213 [29] (52,53)   
                                 0.407    -0.712     0.820     1.943     1.559
 40       pi0     111 [30] (56,57)   
                                 0.183    -0.217     0.050     0.318     0.135
 41      rho-    -213 [30] (58,59)   
                                 0.590    -2.954     1.940     3.623     0.532
 42       f_0 9010221 [33] (63,64)   
                                 0.459     0.421     0.200     1.181     0.984
 43       pi-    -211 [33]    
                                 0.256     0.277    -0.173     0.438     0.140
 44  K*_2bar0    -315 [28] (65,66)   
                                 0.793    -1.854     1.110     2.709     1.428
 45      rho0     113 [28] (70,71)   
                                -0.151    -1.386     0.958     1.787     0.576
 46     K''*0   30313 [34] (72,73)   
                                -0.899     1.653    -1.223     2.702     1.504
 47    rho_3+     217 [34] (78,79)   
                                 0.184     2.189    -2.035     3.507     1.827
 48      rho+     213 [35] (86,87)   
                                -0.246     0.622    -0.678     1.150     0.645
 49       pi-    -211 [35]    
                                 0.326     0.277    -0.336     0.561     0.140
------------------------------------------------------------------------------
     Sum of momenta:            -3e-05    -3e-05    -2e-05      26.2      26.2
------------------------------------------------------------------------------
Step 4 performed by DecayHandler
--- intermediates:
 52       pi0     111 [39] (54,55)   
                                 0.095     0.421    -0.076     0.459     0.135
 58       pi0     111 [41] (60..62)   
                                 0.531    -1.600     0.969     1.949     0.135
 65     Kbar0    -311 [44] (67)   
                                 0.574    -0.972     1.277     1.776     0.498
 66       pi0     111 [44] (68,69)   
                                 0.219    -0.881    -0.167     0.933     0.135
 72      rho-    -213 [46] (74,75)   
                                -0.094     1.269    -0.594     1.503     0.538
 74       pi0     111 [72] (76,77)   
                                 0.031     0.662    -0.542     0.866     0.135
 78      a_20     115 [47] (80,81)   
                                -0.206     1.243    -1.041     2.075     1.278
 80       eta     221 [78] (82,83)   
                                -0.301     0.109    -0.249     0.681     0.548
 81       pi0     111 [78] (84,85)   
                                 0.095     1.135    -0.792     1.394     0.135
 86       pi0     111 [48] (88,89)   
                                -0.186    -0.016    -0.038     0.234     0.135
--- final:
 36        K-    -321 [31]    
                                -1.869     2.031    -1.309     3.095     0.494
 37       pi+     211 [31]    
                                -0.222     1.182    -0.215     1.229     0.140
 43       pi-    -211 [33]    
                                 0.256     0.277    -0.173     0.438     0.140
 49       pi-    -211 [35]    
                                 0.326     0.277    -0.336     0.561     0.140
 50        K+     321 [38]    
                                -0.119    -0.829     0.572     1.128     0.494
 51       pi-    -211 [38]    
                                 0.309    -0.700     0.317     0.840     0.140
 53       pi+     211 [39]    
                                 0.311    -1.133     0.896     1.484     0.140
 54     gamma      22 [52]    
                                 0.022     0.020     0.025     0.039     0.000
 55     gamma      22 [52]    
                                 0.073     0.401    -0.101     0.420     0.000
 56     gamma      22 [40]    
                                 0.123    -0.220     0.056     0.258     0.000
 57     gamma      22 [40]    
                                 0.060     0.003    -0.006     0.060     0.000
 59       pi-    -211 [41]    
                                 0.058    -1.354     0.971     1.673     0.140
 60     gamma      22 [58]    
                                 0.534    -1.519     0.920     1.855     0.000
 61        e-      11 [58]    
                                -0.001    -0.029     0.018     0.034     0.001
 62        e+     -11 [58]    
                                -0.002    -0.052     0.031     0.061     0.001
 63       pi+     211 [42]    
                                 0.141     0.233    -0.375     0.484     0.140
 64       pi-    -211 [42]    
                                 0.317     0.188     0.575     0.697     0.140
 67      K_L0     130 [65]    
                                 0.574    -0.972     1.277     1.776     0.498
 68     gamma      22 [66]    
                                 0.167    -0.429    -0.050     0.463     0.000
 69     gamma      22 [66]    
                                 0.052    -0.452    -0.117     0.470     0.000
 70       pi+     211 [45]    
                                -0.303    -1.063     0.615     1.273     0.140
 71       pi-    -211 [45]    
                                 0.152    -0.324     0.343     0.515     0.140
 73        K+     321 [46]    
                                -0.805     0.385    -0.629     1.198     0.494
 75       pi-    -211 [72]    
                                -0.124     0.607    -0.052     0.637     0.140
 76     gamma      22 [74]    
                                 0.029     0.659    -0.508     0.832     0.000
 77     gamma      22 [74]    
                                 0.002     0.003    -0.034     0.034     0.000
 79       pi+     211 [47]    
                                 0.389     0.945    -0.993     1.432     0.140
 82     gamma      22 [80]    
                                -0.398     0.101     0.004     0.410     0.000
 83     gamma      22 [80]    
                                 0.097     0.008    -0.253     0.271     0.000
 84     gamma      22 [81]    
                                 0.128     0.882    -0.596     1.073     0.000
 85     gamma      22 [81]    
                                -0.033     0.252    -0.196     0.321     0.000
 87       pi+     211 [48]    
                                -0.060     0.638    -0.641     0.917     0.140
 88     gamma      22 [86]    
                                -0.164    -0.060    -0.005     0.175     0.000
 89     gamma      22 [86]    
                                -0.022     0.044    -0.033     0.059     0.000
------------------------------------------------------------------------------
     Sum of momenta:            -3e-05    -3e-05    -2e-05      26.2      26.2

The following exception classes were reported in this run:
ThePEG::EventHandler::ConsistencyException warning (1 times)
ThePEG::LesHouchesReader::LesHouchesReopenWarning warning (1 times)
