>>>>>>>>>>>>>>>>>>>>>>>>>>>>>>>>>>>>>>>>>>>>>>>>>>>>>>>>>>>>>>>>>>>>>>>>>>>>>>
>>>> Toolkit for HEP Event Generation - ThePEG 2.2.0 <<<<<<<<<<<<<<<<<<<<<<<<<
>>>> Tue Jun 30 00:34:55 2020                                             <<<<
<<<<<<<<<<<<<<<<<<<<<<<<<<<<<<<<<<<<<<<<<<<<<<<<<<<<<<<<<<<<<<<<<<<<<<<<<<<<<<

>> Herwig 7.2.0 / ThePEG 2.2.0

/Herwig/EventHandlers/NoCuts:
MHat  = 2 .. 37.5761 GeV
Scale = 0 .. 1e+12 GeV2
YHat  = -100 .. 100
X1    = 0 .. 1
X2    = 0 .. 1

* A warning exception of type ThePEG::LesHouchesReader::LesHouchesReopenWarning occurred while generating event number 1: 
Reopening LesHouchesReader 'myReader' after accessing 2 events out of 1
* A warning exception of type ThePEG::EventHandler::ConsistencyException occurred while generating event number 1: 
Event handler 'myLesHouchesHandler' found energy-momentum non-conservation by (-2e-05,-3e-05,-3e-05;2.99985e-05) GeV after generating step number 4.

******************************************************************************
Event number 1 (id: ./OUTPUT/0.95MB1.05/1512769616/TMP/Cluster_HERWIGOutput_24) performed by myLesHouchesHandler
Weight: 1
==============================================================================

--- Colliding particles:
  1        e-      11  (3)   
                                 9.394     0.000     0.000     9.394     0.000
  2        e+     -11  (3)   
                                -9.394     0.000    -0.000     9.394     0.000
------------------------------------------------------------------------------
Primary sub-process performed by myReader
--- incoming:
  1        e-      11  (3)   
                                 9.394     0.000     0.000     9.394     0.000
  2        e+     -11  (3)   
                                -9.394     0.000    -0.000     9.394     0.000
--- intermediates:
  3     gamma      22 [1,2] (4..9)   
                                 0.000     0.000     0.000    18.788    18.788
--- outgoing:
  4         g      21 [3] (10)  8>>9 {+1,-2}
                                -1.006    -1.081    -0.806     1.682     0.000
  5         g      21 [3] (11)  6>>6 {+3,-4}
                                -2.157     2.752     3.997     5.310     0.000
  6         g      21 [3] (14)  5>>5 {+4,-3}
                                 1.619    -3.692    -1.616     4.343     0.000
  7         g      21 [3] (15)  9>>8 {+5,-6}
                                 0.231     1.687     0.956     1.953     0.000
  8         g      21 [3] (16)  7>>4 {+2,-5}
                                 0.661     2.341    -0.335     2.455     0.000
  9         g      21 [3] (17)  4>>7 {+6,-1}
                                 0.652    -2.006    -2.197     3.045     0.000
------------------------------------------------------------------------------
Step 1 performed by myLesHouchesHandler
--- intermediates:
  1        e-      11  (3)   
                                 9.394     0.000     0.000     9.394     0.000
  2        e+     -11  (3)   
                                -9.394     0.000    -0.000     9.394     0.000
  3     gamma      22 [1,2] (4..9)   
                                 0.000     0.000     0.000    18.788    18.788
--- final:
  4         g      21 [3] (10)  8>>9 {+1,-2}
                                -1.006    -1.081    -0.806     1.682     0.000
  5         g      21 [3] (11)  6>>6 {+3,-4}
                                -2.157     2.752     3.997     5.310     0.000
  6         g      21 [3] (14)  5>>5 {+4,-3}
                                 1.619    -3.692    -1.616     4.343     0.000
  7         g      21 [3] (15)  9>>8 {+5,-6}
                                 0.231     1.687     0.956     1.953     0.000
  8         g      21 [3] (16)  7>>4 {+2,-5}
                                 0.661     2.341    -0.335     2.455     0.000
  9         g      21 [3] (17)  4>>7 {+6,-1}
                                 0.652    -2.006    -2.197     3.045     0.000
------------------------------------------------------------------------------
     Sum of momenta:            -3e-05    -3e-05    -3e-05      18.8      18.8
------------------------------------------------------------------------------
Step 2 performed by ShowerHandler
--- intermediates:
 11         g      21 [5] (12,13)   {+3,-4}
                                -1.998     2.549     3.702     5.346     2.094
--- final:
 10         g      21 [4] (18,19)  16>>17 {+1,-2}
                                -0.931    -1.001    -0.746     1.824     0.950
 12         d       1 [11] (31)  >14 {+3}
                                -0.496     0.456     2.250     2.371     0.325
 13      dbar      -1 [11] (32)  14> {-4}
                                -1.501     2.093     1.452     2.975     0.325
 14         g      21 [6] (20,21)  12>>13 {+4,-3}
                                 1.500    -3.420    -1.496     4.134     0.950
 15         g      21 [7] (22,23)  17>>16 {+5,-6}
                                 0.214     1.562     0.886     2.043     0.950
 16         g      21 [8] (24,25)  15>>10 {+2,-5}
                                 0.612     2.168    -0.310     2.464     0.950
 17         g      21 [9] (26,27)  10>>15 {+6,-1}
                                 0.604    -1.858    -2.035     2.977     0.950
------------------------------------------------------------------------------
     Sum of momenta:            -3e-05    -3e-05    -3e-05      18.8      18.8
------------------------------------------------------------------------------
Step 3 performed by ClusterHadHandler
--- intermediates:
 18         s       3 [10] (32)   {+1}
                                -0.284    -0.412    -0.390     0.778     0.450
 19      sbar      -3 [10] (28)   {-2}
                                -0.648    -0.589    -0.356     1.047     0.450
 20         d       1 [14] (33)   {+4}
                                 0.213    -0.711    -0.521     0.963     0.325
 21      dbar      -1 [14] (30)   {-3}
                                 1.286    -2.709    -0.975     3.171     0.325
 22         s       3 [15] (29)   {+5}
                                -0.000     0.796     0.561     1.073     0.450
 23      sbar      -3 [15] (31)   {-6}
                                 0.214     0.767     0.324     0.970     0.450
 24         u       2 [16] (28)   {+2}
                                 0.103     0.455    -0.311     0.648     0.325
 25      ubar      -2 [16] (29)   {-5}
                                 0.509     1.713     0.001     1.816     0.325
 26         s       3 [17] (30)   {+6}
                                 0.251    -1.153    -1.124     1.690     0.450
 27      sbar      -3 [17] (33)   {-1}
                                 0.353    -0.705    -0.911     1.286     0.450
 28   Cluster      81 [19,24] (42,43)   
                                -0.545    -0.134    -0.667     1.695     1.454
 29   Cluster      81 [22,25] (36,37)   
                                 0.509     2.509     0.562     2.889     1.216
 30   Cluster      81 [21,26] (34,35)   
                                 1.538    -3.862    -2.099     4.861     1.394
 31   Cluster      81 [12,23] (38,39)   
                                -0.283     1.222     2.574     3.341     1.721
 32   Cluster      81 [13,18] (44,45)   
                                -1.785     1.682     1.062     3.753     2.634
 33   Cluster      81 [20,27] (40,41)   
                                 0.566    -1.416    -1.432     2.249     0.827
--- final:
 34    K*bar0    -313 [30] (46,47)   
                                 1.124    -2.258    -1.137     2.941     0.996
 35       pi0     111 [30] (48,49)   
                                 0.413    -1.604    -0.963     1.920     0.135
 36    K*bar0    -313 [29] (50,51)   
                                 0.430     1.580     0.562     1.946     0.890
 37       pi-    -211 [29]    
                                 0.079     0.929     0.000     0.943     0.140
 38       pi0     111 [31] (52,53)   
                                -0.301     0.280     0.279     0.515     0.135
 39     K'_10   20313 [31] (54,55)   
                                 0.019     0.942     2.295     2.826     1.353
 40       pi-    -211 [33]    
                                 0.118    -0.015    -0.146     0.234     0.140
 41        K+     321 [33]    
                                 0.448    -1.401    -1.286     2.015     0.494
 42        K+     321 [28]    
                                -0.092     0.167    -0.555     0.767     0.494
 43     omega     223 [28] (60,61)   
                                -0.453    -0.301    -0.112     0.928     0.743
 44   K'*bar0 -100313 [32] (66,67)   
                                -0.418     0.699     0.087     1.731     1.525
 45       eta     221 [32] (71..73)   
                                -1.367     0.982     0.975     2.021     0.548
------------------------------------------------------------------------------
     Sum of momenta:            -3e-05    -3e-05    -3e-05      18.8      18.8
------------------------------------------------------------------------------
Step 4 performed by DecayHandler
--- intermediates:
 54       K*0     313 [39] (56,57)   
                                -0.003     0.616     2.197     2.459     0.916
 55       pi0     111 [39] (58,59)   
                                 0.022     0.326     0.098     0.367     0.135
 60      rho-    -213 [43] (62,63)   
                                -0.096    -0.054    -0.052     0.468     0.452
 62       pi0     111 [60] (64,65)   
                                -0.034     0.104     0.100     0.201     0.135
 66       K*-    -323 [44] (68,69)   
                                 0.004    -0.048     0.153     0.860     0.845
 68     Kbar0    -311 [66] (70)   
                                -0.204     0.060    -0.013     0.541     0.498
 73       pi0     111 [45] (74,75)   
                                -0.674     0.475     0.464     0.956     0.135
--- final:
 37       pi-    -211 [29]    
                                 0.079     0.929     0.000     0.943     0.140
 40       pi-    -211 [33]    
                                 0.118    -0.015    -0.146     0.234     0.140
 41        K+     321 [33]    
                                 0.448    -1.401    -1.286     2.015     0.494
 42        K+     321 [28]    
                                -0.092     0.167    -0.555     0.767     0.494
 46        K-    -321 [34]    
                                 0.178    -0.710    -0.259     0.920     0.494
 47       pi+     211 [34]    
                                 0.946    -1.548    -0.878     2.020     0.140
 48     gamma      22 [35]    
                                 0.314    -1.269    -0.820     1.543     0.000
 49     gamma      22 [35]    
                                 0.099    -0.335    -0.143     0.377     0.000
 50        K-    -321 [36]    
                                 0.294     0.486     0.239     0.790     0.494
 51       pi+     211 [36]    
                                 0.136     1.093     0.323     1.157     0.140
 52     gamma      22 [38]    
                                -0.111     0.024     0.067     0.132     0.000
 53     gamma      22 [38]    
                                -0.190     0.256     0.212     0.383     0.000
 56        K+     321 [54]    
                                -0.220     0.186     1.454     1.562     0.494
 57       pi-    -211 [54]    
                                 0.218     0.430     0.744     0.897     0.140
 58     gamma      22 [55]    
                                -0.015    -0.008     0.012     0.020     0.000
 59     gamma      22 [55]    
                                 0.036     0.334     0.086     0.347     0.000
 61       pi+     211 [43]    
                                -0.357    -0.247    -0.060     0.460     0.140
 63       pi-    -211 [60]    
                                -0.062    -0.158    -0.152     0.268     0.140
 64     gamma      22 [62]    
                                -0.021     0.132     0.103     0.169     0.000
 65     gamma      22 [62]    
                                -0.013    -0.028    -0.003     0.031     0.000
 67       pi+     211 [44]    
                                -0.422     0.747    -0.066     0.872     0.140
 69       pi-    -211 [66]    
                                 0.208    -0.108     0.165     0.319     0.140
 70      K_L0     130 [68]    
                                -0.204     0.060    -0.013     0.541     0.498
 71       pi+     211 [45]    
                                -0.439     0.176     0.299     0.577     0.140
 72       pi-    -211 [45]    
                                -0.254     0.331     0.212     0.488     0.140
 74     gamma      22 [73]    
                                -0.485     0.302     0.258     0.627     0.000
 75     gamma      22 [73]    
                                -0.189     0.173     0.206     0.329     0.000
------------------------------------------------------------------------------
     Sum of momenta:            -3e-05    -3e-05    -3e-05      18.8      18.8

The following exception classes were reported in this run:
ThePEG::EventHandler::ConsistencyException warning (1 times)
ThePEG::LesHouchesReader::LesHouchesReopenWarning warning (1 times)
