>>>>>>>>>>>>>>>>>>>>>>>>>>>>>>>>>>>>>>>>>>>>>>>>>>>>>>>>>>>>>>>>>>>>>>>>>>>>>>
>>>> Toolkit for HEP Event Generation - ThePEG 2.2.0 <<<<<<<<<<<<<<<<<<<<<<<<<
>>>> Tue Jun 30 00:49:30 2020                                             <<<<
<<<<<<<<<<<<<<<<<<<<<<<<<<<<<<<<<<<<<<<<<<<<<<<<<<<<<<<<<<<<<<<<<<<<<<<<<<<<<<

>> Herwig 7.2.0 / ThePEG 2.2.0

/Herwig/EventHandlers/NoCuts:
MHat  = 2 .. 22.7784 GeV
Scale = 0 .. 1e+12 GeV2
YHat  = -100 .. 100
X1    = 0 .. 1
X2    = 0 .. 1

* A warning exception of type ThePEG::LesHouchesReader::LesHouchesReopenWarning occurred while generating event number 1: 
Reopening LesHouchesReader 'myReader' after accessing 2 events out of 1
* A warning exception of type ThePEG::EventHandler::ConsistencyException occurred while generating event number 1: 
Event handler 'myLesHouchesHandler' found energy-momentum non-conservation by (-1e-05,-2e-05,-2e-05;9.99994e-06) GeV after generating step number 4.

******************************************************************************
Event number 1 (id: ./OUTPUT/0.95MB1.05/1513342141/TMP/Cluster_HERWIGOutput_42) performed by myLesHouchesHandler
Weight: 1
==============================================================================

--- Colliding particles:
  1        e-      11  (3)   
                                 5.695     0.000     0.000     5.695     0.000
  2        e+     -11  (3)   
                                -5.695     0.000    -0.000     5.695     0.000
------------------------------------------------------------------------------
Primary sub-process performed by myReader
--- incoming:
  1        e-      11  (3)   
                                 5.695     0.000     0.000     5.695     0.000
  2        e+     -11  (3)   
                                -5.695     0.000    -0.000     5.695     0.000
--- intermediates:
  3     gamma      22 [1,2] (4..7)   
                                -0.000     0.000    -0.000    11.389    11.389
--- outgoing:
  4         g      21 [3] (8)  5>>7 {+1,-2}
                                 0.212    -0.307     2.637     2.663     0.000
  5         g      21 [3] (9)  6>>4 {+2,-3}
                                 0.694     0.825     0.362     1.137     0.000
  6         g      21 [3] (10)  7>>5 {+3,-4}
                                -2.631     1.602     0.532     3.126     0.000
  7         g      21 [3] (11)  4>>6 {+4,-1}
                                 1.724    -2.120    -3.530     4.464     0.000
------------------------------------------------------------------------------
Step 1 performed by myLesHouchesHandler
--- intermediates:
  1        e-      11  (3)   
                                 5.695     0.000     0.000     5.695     0.000
  2        e+     -11  (3)   
                                -5.695     0.000    -0.000     5.695     0.000
  3     gamma      22 [1,2] (4..7)   
                                -0.000     0.000    -0.000    11.389    11.389
--- final:
  4         g      21 [3] (8)  5>>7 {+1,-2}
                                 0.212    -0.307     2.637     2.663     0.000
  5         g      21 [3] (9)  6>>4 {+2,-3}
                                 0.694     0.825     0.362     1.137     0.000
  6         g      21 [3] (10)  7>>5 {+3,-4}
                                -2.631     1.602     0.532     3.126     0.000
  7         g      21 [3] (11)  4>>6 {+4,-1}
                                 1.724    -2.120    -3.530     4.464     0.000
------------------------------------------------------------------------------
     Sum of momenta:            -2e-05    -2e-05    -2e-05      11.4      11.4
------------------------------------------------------------------------------
Step 2 performed by ShowerHandler
--- intermediates:
 11         g      21 [7] (12,13)   {+4,-1}
                                 1.388    -1.707    -2.842     5.036     3.527
--- final:
  8         g      21 [4] (14,15)  9>>12 {+1,-2}
                                 0.171    -0.247     2.123     2.345     0.950
  9         g      21 [5] (16,17)  10>>8 {+2,-3}
                                 0.559     0.664     0.291     1.319     0.950
 10         g      21 [6] (18,19)  13>>9 {+3,-4}
                                -2.118     1.290     0.428     2.690     0.950
 12         g      21 [11] (20,21)  8>>13 {+5,-1}
                                 2.077    -1.100    -0.906     2.692     0.950
 13         g      21 [11] (22,23)  12>>10 {+4,-5}
                                -0.689    -0.606    -1.936     2.343     0.950
------------------------------------------------------------------------------
     Sum of momenta:            -2e-05    -2e-05    -2e-05      11.4      11.4
------------------------------------------------------------------------------
Step 3 performed by ClusterHadHandler
--- intermediates:
 14         s       3 [8] (24)   {+1}
                                 0.217    -0.075     0.941     1.068     0.450
 15      sbar      -3 [8] (25)   {-2}
                                -0.046    -0.172     1.182     1.277     0.450
 16         d       1 [9] (25)   {+2}
                                 0.075     0.596     0.051     0.685     0.325
 17      dbar      -1 [9] (26)   {-3}
                                 0.484     0.068     0.240     0.634     0.325
 18         s       3 [10] (26)   {+3}
                                -1.331     0.731     0.350     1.622     0.450
 19      sbar      -3 [10] (27)   {-4}
                                -0.787     0.559     0.078     1.068     0.450
 20         u       2 [12] (28)   {+5}
                                 1.101    -0.894    -0.732     1.629     0.325
 21      ubar      -2 [12] (24)   {-1}
                                 0.975    -0.206    -0.174     1.063     0.325
 22         s       3 [13] (27)   {+4}
                                -0.457    -0.458    -1.055     1.317     0.450
 23      sbar      -3 [13] (28)   {-5}
                                -0.232    -0.149    -0.881     1.027     0.450
 24   Cluster      81 [14,21] (31,32)   
                                 1.192    -0.282     0.767     2.131     1.565
 25   Cluster      81 [15,16] (37,38)   
                                 0.029     0.425     1.233     1.962     1.466
 26   Cluster      81 [17,18] (29,30)   
                                -0.847     0.799     0.590     2.256     1.840
 27   Cluster      81 [19,22] (33,34)   
                                -1.244     0.101    -0.977     2.385     1.782
 28   Cluster      81 [20,23] (35,36)   
                                 0.869    -1.042    -1.613     2.656     1.615
--- final:
 29       pi0     111 [26] (39,40)   
                                 0.128    -0.147     0.186     0.302     0.135
 30  K*_2bar0    -315 [26] (41,42)   
                                -0.975     0.946     0.404     1.954     1.346
 31     Kbar0    -311 [24] (47)   
                                 0.746    -0.237     0.712     1.169     0.498
 32      rho-    -213 [24] (54,55)   
                                 0.447    -0.045     0.055     0.962     0.849
 33        K0     311 [27] (58)   
                                -1.113     0.178    -1.285     1.780     0.498
 34     Kbar0    -311 [27] (59)   
                                -0.131    -0.077     0.308     0.605     0.498
 35       pi+     211 [28]    
                                 0.269     0.101    -0.898     0.953     0.140
 36       K*0     313 [28] (62,63)   
                                 0.601    -1.143    -0.715     1.703     0.849
 37       K*+     323 [25] (64,65)   
                                -0.054     0.219     1.394     1.655     0.863
 38       pi-    -211 [25]    
                                 0.083     0.205    -0.161     0.307     0.140
------------------------------------------------------------------------------
     Sum of momenta:            -2e-05    -2e-05    -2e-05      11.4      11.4
------------------------------------------------------------------------------
Step 4 performed by DecayHandler
--- intermediates:
 41    K*bar0    -313 [30] (43,44)   
                                -1.016     0.487     0.345     1.471     0.880
 42       pi0     111 [30] (45,46)   
                                 0.041     0.459     0.059     0.483     0.135
 47      K_S0     310 [31] (48,49)   
                                 0.746    -0.237     0.712     1.169     0.498
 48       pi0     111 [47] (50,51)   
                                 0.681    -0.063     0.527     0.874     0.135
 49       pi0     111 [47] (52,53)   
                                 0.064    -0.175     0.185     0.295     0.135
 54       pi0     111 [32] (56,57)   
                                 0.470    -0.361     0.084     0.614     0.135
 59      K_S0     310 [34] (60,61)   
                                -0.131    -0.077     0.308     0.605     0.498
 64        K0     311 [37] (66)   
                                -0.203     0.308     0.745     0.969     0.498
--- final:
 35       pi+     211 [28]    
                                 0.269     0.101    -0.898     0.953     0.140
 38       pi-    -211 [25]    
                                 0.083     0.205    -0.161     0.307     0.140
 39     gamma      22 [29]    
                                 0.099    -0.172     0.158     0.254     0.000
 40     gamma      22 [29]    
                                 0.029     0.025     0.028     0.047     0.000
 43        K-    -321 [41]    
                                -0.460     0.015     0.069     0.678     0.494
 44       pi+     211 [41]    
                                -0.557     0.472     0.276     0.793     0.140
 45     gamma      22 [42]    
                                -0.013     0.000    -0.011     0.017     0.000
 46     gamma      22 [42]    
                                 0.054     0.458     0.070     0.467     0.000
 50     gamma      22 [48]    
                                 0.505    -0.083     0.447     0.680     0.000
 51     gamma      22 [48]    
                                 0.176     0.020     0.080     0.194     0.000
 52     gamma      22 [49]    
                                 0.103    -0.147     0.163     0.243     0.000
 53     gamma      22 [49]    
                                -0.039    -0.028     0.022     0.052     0.000
 55       pi-    -211 [32]    
                                -0.024     0.316    -0.029     0.348     0.140
 56     gamma      22 [54]    
                                 0.152    -0.170    -0.018     0.229     0.000
 57     gamma      22 [54]    
                                 0.318    -0.191     0.102     0.385     0.000
 58      K_L0     130 [33]    
                                -1.113     0.178    -1.285     1.780     0.498
 60       pi+     211 [59]    
                                -0.034     0.072    -0.061     0.172     0.140
 61       pi-    -211 [59]    
                                -0.097    -0.148     0.369     0.433     0.140
 62        K+     321 [36]    
                                 0.349    -1.056    -0.435     1.292     0.494
 63       pi-    -211 [36]    
                                 0.251    -0.087    -0.280     0.411     0.140
 65       pi+     211 [37]    
                                 0.150    -0.088     0.649     0.686     0.140
 66      K_L0     130 [64]    
                                -0.203     0.308     0.745     0.969     0.498
------------------------------------------------------------------------------
     Sum of momenta:            -2e-05    -2e-05    -2e-05      11.4      11.4

The following exception classes were reported in this run:
ThePEG::EventHandler::ConsistencyException warning (1 times)
ThePEG::LesHouchesReader::LesHouchesReopenWarning warning (1 times)
