>>>>>>>>>>>>>>>>>>>>>>>>>>>>>>>>>>>>>>>>>>>>>>>>>>>>>>>>>>>>>>>>>>>>>>>>>>>>>>
>>>> Toolkit for HEP Event Generation - ThePEG 2.2.0 <<<<<<<<<<<<<<<<<<<<<<<<<
>>>> Tue Jun 30 00:50:46 2020                                             <<<<
<<<<<<<<<<<<<<<<<<<<<<<<<<<<<<<<<<<<<<<<<<<<<<<<<<<<<<<<<<<<<<<<<<<<<<<<<<<<<<

>> Herwig 7.2.0 / ThePEG 2.2.0

/Herwig/EventHandlers/NoCuts:
MHat  = 2 .. 33.3691 GeV
Scale = 0 .. 1e+12 GeV2
YHat  = -100 .. 100
X1    = 0 .. 1
X2    = 0 .. 1

* A warning exception of type ThePEG::LesHouchesReader::LesHouchesReopenWarning occurred while generating event number 1: 
Reopening LesHouchesReader 'myReader' after accessing 2 events out of 1
* A warning exception of type ThePEG::EventHandler::ConsistencyException occurred while generating event number 1: 
Event handler 'myLesHouchesHandler' found energy-momentum non-conservation by (-2e-05,-1e-05,-2e-05;1.99996e-05) GeV after generating step number 4.

******************************************************************************
Event number 1 (id: ./OUTPUT/0.95MB1.05/1512470947/TMP/Cluster_HERWIGOutput_44) performed by myLesHouchesHandler
Weight: 1
==============================================================================

--- Colliding particles:
  1        e-      11  (3)   
                                 8.342     0.000     0.000     8.342     0.000
  2        e+     -11  (3)   
                                -8.342     0.000     0.000     8.342     0.000
------------------------------------------------------------------------------
Primary sub-process performed by myReader
--- incoming:
  1        e-      11  (3)   
                                 8.342     0.000     0.000     8.342     0.000
  2        e+     -11  (3)   
                                -8.342     0.000     0.000     8.342     0.000
--- intermediates:
  3     gamma      22 [1,2] (4..7)   
                                 0.000     0.000     0.000    16.685    16.685
--- outgoing:
  4         g      21 [3] (8)  5>>5 {+1,-2}
                                -4.037     4.320     4.625     7.507     0.000
  5         g      21 [3] (9)  4>>4 {+2,-1}
                                 0.100    -0.483     0.372     0.618     0.000
  6         g      21 [3] (10)  7>>7 {+3,-4}
                                 4.761    -2.564    -3.584     6.488     0.000
  7         g      21 [3] (11)  6>>6 {+4,-3}
                                -0.824    -1.273    -1.413     2.072     0.000
------------------------------------------------------------------------------
Step 1 performed by myLesHouchesHandler
--- intermediates:
  1        e-      11  (3)   
                                 8.342     0.000     0.000     8.342     0.000
  2        e+     -11  (3)   
                                -8.342     0.000     0.000     8.342     0.000
  3     gamma      22 [1,2] (4..7)   
                                 0.000     0.000     0.000    16.685    16.685
--- final:
  4         g      21 [3] (8)  5>>5 {+1,-2}
                                -4.037     4.320     4.625     7.507     0.000
  5         g      21 [3] (9)  4>>4 {+2,-1}
                                 0.100    -0.483     0.372     0.618     0.000
  6         g      21 [3] (10)  7>>7 {+3,-4}
                                 4.761    -2.564    -3.584     6.488     0.000
  7         g      21 [3] (11)  6>>6 {+4,-3}
                                -0.824    -1.273    -1.413     2.072     0.000
------------------------------------------------------------------------------
     Sum of momenta:            -2e-05    -1e-05    -2e-05      16.7      16.7
------------------------------------------------------------------------------
Step 2 performed by ShowerHandler
--- final:
  8         g      21 [4] (12,13)  9>>9 {+1,-2}
                                -3.823     4.091     4.380     7.172     0.950
  9         g      21 [5] (14,15)  8>>8 {+2,-1}
                                 0.095    -0.458     0.352     1.116     0.950
 10         g      21 [6] (16,17)  11>>11 {+3,-4}
                                 4.509    -2.428    -3.394     6.217     0.950
 11         g      21 [7] (18,19)  10>>10 {+4,-3}
                                -0.780    -1.205    -1.338     2.180     0.950
------------------------------------------------------------------------------
     Sum of momenta:            -2e-05    -1e-05    -2e-05      16.7      16.7
------------------------------------------------------------------------------
Step 3 performed by ClusterHadHandler
--- intermediates:
 12         u       2 [8] (20)   {+1}
                                -2.181     2.736     2.489     4.306     0.325
 13      ubar      -2 [8] (22)   {-2}
                                -1.642     1.355     1.891     2.866     0.325
 14         s       3 [9] (23)   {+2}
                                 0.095    -0.222     0.329     0.607     0.450
 15      sbar      -3 [9] (20)   {-1}
                                 0.000    -0.236     0.023     0.508     0.450
 16         u       2 [10] (21)   {+3}
                                 2.874    -1.666    -2.542     4.195     0.325
 17      ubar      -2 [10] (23)   {-4}
                                 1.635    -0.762    -0.853     2.021     0.325
 18         u       2 [11] (22)   {+4}
                                -0.627    -0.701    -1.176     1.540     0.325
 19      ubar      -2 [11] (21)   {-3}
                                -0.154    -0.504    -0.162     0.640     0.325
 20   Cluster      81 [12,15] (28,29)   
                                -2.181     2.500     2.513     4.815     2.421
 21   Cluster      81 [16,19] (26,27)   
                                 2.720    -2.171    -2.704     4.835     1.990
 22   Cluster      81 [13,18] (30,31)   
                                -2.269     0.654     0.715     4.406     3.650
 23   Cluster      81 [14,17] (24,25)   
                                 1.730    -0.984    -0.524     2.629     1.636
--- final:
 24    K*bar0    -313 [23] (32,33)   
                                 0.957    -0.035    -0.525     1.398     0.872
 25       pi-    -211 [23]    
                                 0.772    -0.948     0.001     1.231     0.140
 26        n0    2112 [21]    
                                 0.883    -0.921    -0.892     1.818     0.940
 27     nbar0   -2112 [21]    
                                 1.837    -1.250    -1.812     3.017     0.940
 28      rho+     213 [20] (34,35)   
                                -1.491     1.518     2.513     3.316     0.388
 29       K*0     313 [20] (38,39)   
                                -0.690     0.982    -0.001     1.499     0.898
 30       h_1   10223 [22] (43,44)   
                                -2.217     0.474    -0.826     2.671     1.147
 31     omega     223 [22] (49,50)   
                                -0.052     0.181     1.541     1.735     0.775
------------------------------------------------------------------------------
     Sum of momenta:            -2e-05    -1e-05    -2e-05      16.7      16.7
------------------------------------------------------------------------------
Step 4 performed by DecayHandler
--- intermediates:
 34       pi0     111 [28] (36,37)   
                                -0.693     0.899     1.304     1.734     0.135
 38        K0     311 [29] (40)   
                                -0.380     0.945    -0.116     1.139     0.498
 39       pi0     111 [29] (41,42)   
                                -0.310     0.037     0.116     0.359     0.135
 43      rho0     113 [30] (45,46)   
                                -1.539     0.391    -0.737     1.969     0.902
 44       pi0     111 [30] (47,48)   
                                -0.678     0.082    -0.089     0.702     0.135
 49      rho0     113 [31] (51,52)   
                                -0.079     0.044     1.312     1.435     0.574
 50       pi0     111 [31] (53,54)   
                                 0.027     0.137     0.229     0.300     0.135
--- final:
 25       pi-    -211 [23]    
                                 0.772    -0.948     0.001     1.231     0.140
 26        n0    2112 [21]    
                                 0.883    -0.921    -0.892     1.818     0.940
 27     nbar0   -2112 [21]    
                                 1.837    -1.250    -1.812     3.017     0.940
 32        K-    -321 [24]    
                                 1.017     0.029    -0.460     1.221     0.494
 33       pi+     211 [24]    
                                -0.059    -0.064    -0.065     0.177     0.140
 35       pi+     211 [28]    
                                -0.798     0.619     1.209     1.581     0.140
 36     gamma      22 [34]    
                                -0.531     0.767     1.032     1.391     0.000
 37     gamma      22 [34]    
                                -0.162     0.133     0.272     0.343     0.000
 40      K_L0     130 [38]    
                                -0.380     0.945    -0.116     1.139     0.498
 41     gamma      22 [39]    
                                -0.241     0.041     0.145     0.284     0.000
 42     gamma      22 [39]    
                                -0.069    -0.004    -0.029     0.075     0.000
 45       pi+     211 [43]    
                                -1.538     0.471    -0.513     1.694     0.140
 46       pi-    -211 [43]    
                                -0.001    -0.079    -0.224     0.276     0.140
 47     gamma      22 [44]    
                                -0.363     0.000    -0.099     0.376     0.000
 48     gamma      22 [44]    
                                -0.315     0.082     0.010     0.326     0.000
 51       pi+     211 [49]    
                                 0.135     0.181     0.420     0.497     0.140
 52       pi-    -211 [49]    
                                -0.214    -0.137     0.892     0.938     0.140
 53     gamma      22 [50]    
                                 0.030     0.118     0.246     0.274     0.000
 54     gamma      22 [50]    
                                -0.003     0.019    -0.017     0.026     0.000
------------------------------------------------------------------------------
     Sum of momenta:            -2e-05    -1e-05    -2e-05      16.7      16.7

The following exception classes were reported in this run:
ThePEG::EventHandler::ConsistencyException warning (1 times)
ThePEG::LesHouchesReader::LesHouchesReopenWarning warning (1 times)
