>>>>>>>>>>>>>>>>>>>>>>>>>>>>>>>>>>>>>>>>>>>>>>>>>>>>>>>>>>>>>>>>>>>>>>>>>>>>>>
>>>> Toolkit for HEP Event Generation - ThePEG 2.2.0 <<<<<<<<<<<<<<<<<<<<<<<<<
>>>> Tue Jun 30 00:19:10 2020                                             <<<<
<<<<<<<<<<<<<<<<<<<<<<<<<<<<<<<<<<<<<<<<<<<<<<<<<<<<<<<<<<<<<<<<<<<<<<<<<<<<<<

>> Herwig 7.2.0 / ThePEG 2.2.0

/Herwig/EventHandlers/NoCuts:
MHat  = 2 .. 25.6951 GeV
Scale = 0 .. 1e+12 GeV2
YHat  = -100 .. 100
X1    = 0 .. 1
X2    = 0 .. 1

* A warning exception of type ThePEG::LesHouchesReader::LesHouchesReopenWarning occurred while generating event number 1: 
Reopening LesHouchesReader 'myReader' after accessing 2 events out of 1
* A warning exception of type ThePEG::EventHandler::ConsistencyException occurred while generating event number 1: 
Event handler 'myLesHouchesHandler' found energy-momentum non-conservation by (-2e-05,-3e-05,-1e-05;1.99988e-05) GeV after generating step number 4.

******************************************************************************
Event number 1 (id: ./OUTPUT/0.95MB1.05/1511650143/TMP/Cluster_HERWIGOutput_4) performed by myLesHouchesHandler
Weight: 1
==============================================================================

--- Colliding particles:
  1        e-      11  (3)   
                                 6.424     0.000    -0.000     6.424     0.000
  2        e+     -11  (3)   
                                -6.424     0.000     0.000     6.424     0.000
------------------------------------------------------------------------------
Primary sub-process performed by myReader
--- incoming:
  1        e-      11  (3)   
                                 6.424     0.000    -0.000     6.424     0.000
  2        e+     -11  (3)   
                                -6.424     0.000     0.000     6.424     0.000
--- intermediates:
  3     gamma      22 [1,2] (4..8)   
                                -0.000     0.000     0.000    12.848    12.848
--- outgoing:
  4         g      21 [3] (9)  8>>7 {+1,-2}
                                -0.170    -0.377    -3.339     3.365     0.000
  5         g      21 [3] (10)  6>>8 {+3,-4}
                                -1.784     2.623     2.768     4.210     0.000
  6         g      21 [3] (11)  7>>5 {+4,-5}
                                 0.613    -2.222    -0.673     2.402     0.000
  7         g      21 [3] (12)  4>>6 {+5,-1}
                                 0.620     1.093     0.552     1.373     0.000
  8         g      21 [3] (13)  5>>4 {+2,-3}
                                 0.721    -1.117     0.692     1.499     0.000
------------------------------------------------------------------------------
Step 1 performed by myLesHouchesHandler
--- intermediates:
  1        e-      11  (3)   
                                 6.424     0.000    -0.000     6.424     0.000
  2        e+     -11  (3)   
                                -6.424     0.000     0.000     6.424     0.000
  3     gamma      22 [1,2] (4..8)   
                                -0.000     0.000     0.000    12.848    12.848
--- final:
  4         g      21 [3] (9)  8>>7 {+1,-2}
                                -0.170    -0.377    -3.339     3.365     0.000
  5         g      21 [3] (10)  6>>8 {+3,-4}
                                -1.784     2.623     2.768     4.210     0.000
  6         g      21 [3] (11)  7>>5 {+4,-5}
                                 0.613    -2.222    -0.673     2.402     0.000
  7         g      21 [3] (12)  4>>6 {+5,-1}
                                 0.620     1.093     0.552     1.373     0.000
  8         g      21 [3] (13)  5>>4 {+2,-3}
                                 0.721    -1.117     0.692     1.499     0.000
------------------------------------------------------------------------------
     Sum of momenta:            -3e-05    -3e-05    -1e-05      12.8      12.8
------------------------------------------------------------------------------
Step 2 performed by ShowerHandler
--- final:
  9         g      21 [4] (14,15)  13>>12 {+1,-2}
                                -0.156    -0.345    -3.061     3.228     0.950
 10         g      21 [5] (16,17)  11>>13 {+3,-4}
                                -1.635     2.405     2.537     3.975     0.950
 11         g      21 [6] (18,19)  12>>10 {+4,-5}
                                 0.562    -2.038    -0.617     2.398     0.950
 12         g      21 [7] (20,21)  9>>11 {+5,-1}
                                 0.568     1.002     0.506     1.577     0.950
 13         g      21 [8] (22,23)  10>>9 {+2,-3}
                                 0.661    -1.024     0.635     1.670     0.950
------------------------------------------------------------------------------
     Sum of momenta:            -3e-05    -3e-05    -1e-05      12.8      12.8
------------------------------------------------------------------------------
Step 3 performed by ClusterHadHandler
--- intermediates:
 14         u       2 [9] (24)   {+1}
                                -0.014     0.142    -1.734     1.770     0.325
 15      ubar      -2 [9] (26)   {-2}
                                -0.142    -0.487    -1.327     1.457     0.325
 16         s       3 [10] (25)   {+3}
                                -0.889     1.392     1.594     2.340     0.450
 17      sbar      -3 [10] (27)   {-4}
                                -0.746     1.013     0.943     1.635     0.450
 18         u       2 [11] (26)   {+4}
                                 0.277    -1.320    -0.704     1.555     0.325
 19      ubar      -2 [11] (28)   {-5}
                                 0.286    -0.718     0.087     0.843     0.325
 20         u       2 [12] (27)   {+5}
                                 0.123     0.511    -0.094     0.625     0.325
 21      ubar      -2 [12] (24)   {-1}
                                 0.445     0.491     0.600     0.951     0.325
 22         u       2 [13] (28)   {+2}
                                 0.425    -0.656     0.730     1.118     0.325
 23      ubar      -2 [13] (25)   {-3}
                                 0.235    -0.368    -0.095     0.553     0.325
 24   Cluster      81 [14,21] (37,38)   
                                 0.431     0.633    -1.134     2.722     2.353
 25   Cluster      81 [16,23] (33,34)   
                                -0.654     1.024     1.499     2.892     2.155
 26   Cluster      81 [15,18] (31,32)   
                                 0.135    -1.807    -2.031     3.013     1.292
 27   Cluster      81 [17,20] (35,36)   
                                -0.623     1.524     0.849     2.260     1.295
 28   Cluster      81 [19,22] (29,30)   
                                 0.711    -1.374     0.817     1.961     0.885
--- final:
 29       pi0     111 [28] (39,40)   
                                -0.101     0.012     0.060     0.179     0.135
 30       pi0     111 [28] (41,42)   
                                 0.813    -1.386     0.757     1.781     0.135
 31      rho+     213 [26] (43,44)   
                                 0.351    -1.750    -1.788     2.654     0.812
 32       pi-    -211 [26]    
                                -0.217    -0.056    -0.243     0.358     0.140
 33    Sigma-    3112 [25] (47,48)   
                                -0.312     0.639     0.721     1.568     1.197
 34     nbar0   -2112 [25]    
                                -0.342     0.385     0.778     1.324     0.940
 35       pi+     211 [27]    
                                -0.533     0.684     0.223     0.906     0.140
 36       K*0     313 [27] (49,50)   
                                -0.089     0.840     0.626     1.354     0.853
 37        n0    2112 [24]    
                                -0.265     0.131    -0.817     1.280     0.940
 38 Deltabar0   -2114 [24] (60,61)   
                                 0.696     0.502    -0.317     1.442     1.115
------------------------------------------------------------------------------
     Sum of momenta:            -3e-05    -3e-05    -1e-05      12.8      12.8
------------------------------------------------------------------------------
Step 4 performed by DecayHandler
--- intermediates:
 43       pi0     111 [31] (45,46)   
                                -0.083    -1.279    -1.344     1.861     0.135
 49        K0     311 [36] (51)   
                                 0.010     0.875     0.621     1.183     0.498
 50       pi0     111 [36] (58,59)   
                                -0.099    -0.035     0.006     0.171     0.135
 51      K_S0     310 [49] (52,53)   
                                 0.010     0.875     0.621     1.183     0.498
 52       pi0     111 [51] (54,55)   
                                -0.004     0.057     0.214     0.259     0.135
 53       pi0     111 [51] (56,57)   
                                 0.014     0.818     0.407     0.923     0.135
 61       pi0     111 [38] (62,63)   
                                 0.159     0.182    -0.039     0.280     0.135
--- final:
 32       pi-    -211 [26]    
                                -0.217    -0.056    -0.243     0.358     0.140
 34     nbar0   -2112 [25]    
                                -0.342     0.385     0.778     1.324     0.940
 35       pi+     211 [27]    
                                -0.533     0.684     0.223     0.906     0.140
 37        n0    2112 [24]    
                                -0.265     0.131    -0.817     1.280     0.940
 39     gamma      22 [29]    
                                 0.004     0.037    -0.022     0.044     0.000
 40     gamma      22 [29]    
                                -0.105    -0.025     0.082     0.136     0.000
 41     gamma      22 [30]    
                                 0.268    -0.437     0.311     0.599     0.000
 42     gamma      22 [30]    
                                 0.544    -0.949     0.446     1.182     0.000
 44       pi+     211 [31]    
                                 0.434    -0.472    -0.444     0.793     0.140
 45     gamma      22 [43]    
                                 0.003    -0.112    -0.070     0.132     0.000
 46     gamma      22 [43]    
                                -0.086    -1.166    -1.274     1.729     0.000
 47        n0    2112 [33]    
                                -0.264     0.324     0.641     1.212     0.940
 48       pi-    -211 [33]    
                                -0.048     0.314     0.080     0.357     0.140
 54     gamma      22 [52]    
                                 0.048     0.045     0.189     0.200     0.000
 55     gamma      22 [52]    
                                -0.052     0.012     0.025     0.059     0.000
 56     gamma      22 [53]    
                                 0.033     0.529     0.195     0.565     0.000
 57     gamma      22 [53]    
                                -0.020     0.289     0.211     0.358     0.000
 58     gamma      22 [50]    
                                -0.123     0.006     0.009     0.124     0.000
 59     gamma      22 [50]    
                                 0.024    -0.041    -0.004     0.048     0.000
 60     nbar0   -2112 [38]    
                                 0.537     0.320    -0.278     1.162     0.940
 62     gamma      22 [61]    
                                 0.017    -0.020     0.010     0.028     0.000
 63     gamma      22 [61]    
                                 0.143     0.202    -0.049     0.252     0.000
------------------------------------------------------------------------------
     Sum of momenta:            -3e-05    -3e-05    -1e-05      12.8      12.8

The following exception classes were reported in this run:
ThePEG::EventHandler::ConsistencyException warning (1 times)
ThePEG::LesHouchesReader::LesHouchesReopenWarning warning (1 times)
