>>>>>>>>>>>>>>>>>>>>>>>>>>>>>>>>>>>>>>>>>>>>>>>>>>>>>>>>>>>>>>>>>>>>>>>>>>>>>>
>>>> Toolkit for HEP Event Generation - ThePEG 2.2.0 <<<<<<<<<<<<<<<<<<<<<<<<<
>>>> Tue Jun 30 00:25:47 2020                                             <<<<
<<<<<<<<<<<<<<<<<<<<<<<<<<<<<<<<<<<<<<<<<<<<<<<<<<<<<<<<<<<<<<<<<<<<<<<<<<<<<<

>> Herwig 7.2.0 / ThePEG 2.2.0

/Herwig/EventHandlers/NoCuts:
MHat  = 2 .. 20.0214 GeV
Scale = 0 .. 1e+12 GeV2
YHat  = -100 .. 100
X1    = 0 .. 1
X2    = 0 .. 1

* A warning exception of type ThePEG::LesHouchesReader::LesHouchesReopenWarning occurred while generating event number 1: 
Reopening LesHouchesReader 'myReader' after accessing 2 events out of 1
* A warning exception of type ThePEG::EventHandler::ConsistencyException occurred while generating event number 1: 
Event handler 'myLesHouchesHandler' found energy-momentum non-conservation by (-1e-05,-2e-05,-1e-05;9.99968e-06) GeV after generating step number 4.

******************************************************************************
Event number 1 (id: ./OUTPUT/0.95MB1.05/1512289876/TMP/Cluster_HERWIGOutput_12) performed by myLesHouchesHandler
Weight: 1
==============================================================================

--- Colliding particles:
  1        e-      11  (3)   
                                 5.005     0.000    -0.000     5.005     0.000
  2        e+     -11  (3)   
                                -5.005     0.000     0.000     5.005     0.000
------------------------------------------------------------------------------
Primary sub-process performed by myReader
--- incoming:
  1        e-      11  (3)   
                                 5.005     0.000    -0.000     5.005     0.000
  2        e+     -11  (3)   
                                -5.005     0.000     0.000     5.005     0.000
--- intermediates:
  3     gamma      22 [1,2] (4..7)   
                                 0.000     0.000    -0.000    10.011    10.011
--- outgoing:
  4         g      21 [3] (8)  5>>5 {+1,-2}
                                 2.641    -0.687     0.374     2.755     0.000
  5         g      21 [3] (11)  4>>4 {+2,-1}
                                -1.043     1.730    -2.222     3.003     0.000
  6         g      21 [3] (12)  7>>7 {+3,-4}
                                -1.527    -1.551     2.570     3.368     0.000
  7         g      21 [3] (13)  6>>6 {+4,-3}
                                -0.071     0.508    -0.721     0.885     0.000
------------------------------------------------------------------------------
Step 1 performed by myLesHouchesHandler
--- intermediates:
  1        e-      11  (3)   
                                 5.005     0.000    -0.000     5.005     0.000
  2        e+     -11  (3)   
                                -5.005     0.000     0.000     5.005     0.000
  3     gamma      22 [1,2] (4..7)   
                                 0.000     0.000    -0.000    10.011    10.011
--- final:
  4         g      21 [3] (8)  5>>5 {+1,-2}
                                 2.641    -0.687     0.374     2.755     0.000
  5         g      21 [3] (11)  4>>4 {+2,-1}
                                -1.043     1.730    -2.222     3.003     0.000
  6         g      21 [3] (12)  7>>7 {+3,-4}
                                -1.527    -1.551     2.570     3.368     0.000
  7         g      21 [3] (13)  6>>6 {+4,-3}
                                -0.071     0.508    -0.721     0.885     0.000
------------------------------------------------------------------------------
     Sum of momenta:            -2e-05    -2e-05    -1e-05        10        10
------------------------------------------------------------------------------
Step 2 performed by ShowerHandler
--- intermediates:
  8         g      21 [4] (9,10)   {+1,-2}
                                 1.989    -0.517     0.281     3.688     3.049
--- final:
  9         g      21 [8] (20,21)  10>>11 {+1,-5}
                                -0.124     0.362     0.605     1.189     0.950
 10         g      21 [8] (22,23)  11>>9 {+5,-2}
                                 2.113    -0.879    -0.324     2.499     0.950
 11         g      21 [5] (14,15)  9>>10 {+2,-1}
                                -0.786     1.303    -1.674     2.453     0.950
 12         g      21 [6] (16,17)  13>>13 {+3,-4}
                                -1.150    -1.168     1.935     2.709     0.950
 13         g      21 [7] (18,19)  12>>12 {+4,-3}
                                -0.053     0.383    -0.543     1.160     0.950
------------------------------------------------------------------------------
     Sum of momenta:            -2e-05    -2e-05    -1e-05        10        10
------------------------------------------------------------------------------
Step 3 performed by ClusterHadHandler
--- intermediates:
 14         u       2 [11] (24)   {+2}
                                -0.214     0.361    -0.163     0.555     0.325
 15      ubar      -2 [11] (25)   {-1}
                                -0.572     0.942    -1.511     1.898     0.325
 16         s       3 [12] (26)   {+3}
                                -0.771    -0.600     1.144     1.570     0.450
 17      sbar      -3 [12] (27)   {-4}
                                -0.379    -0.569     0.791     1.139     0.450
 18         u       2 [13] (27)   {+4}
                                -0.367     0.236    -0.221     0.587     0.325
 19      ubar      -2 [13] (26)   {-3}
                                 0.313     0.147    -0.321     0.573     0.325
 20         u       2 [9] (25)   {+1}
                                -0.330     0.099     0.068     0.478     0.325
 21      ubar      -2 [9] (28)   {-5}
                                 0.206     0.263     0.537     0.711     0.325
 22         u       2 [10] (28)   {+5}
                                 1.737    -0.691    -0.042     1.898     0.325
 23      ubar      -2 [10] (24)   {-2}
                                 0.376    -0.189    -0.281     0.602     0.325
 24   Cluster      81 [14,23] (37,38)   
                                 0.162     0.172    -0.444     1.157     1.041
 25   Cluster      81 [15,20] (31,32)   
                                -0.902     1.041    -1.443     2.377     1.292
 26   Cluster      81 [16,19] (33,34)   
                                -0.458    -0.452     0.823     2.143     1.872
 27   Cluster      81 [17,18] (35,36)   
                                -0.746    -0.333     0.570     1.726     1.409
 28   Cluster      81 [21,22] (29,30)   
                                 1.943    -0.428     0.495     2.609     1.613
--- final:
 29       pi-    -211 [28]    
                                 0.431    -0.145     0.392     0.616     0.140
 30      a_1+   20213 [28] (39,40)   
                                 1.512    -0.283     0.103     1.993     1.262
 31      rho-    -213 [25] (47,48)   
                                -0.942     0.569    -1.037     1.737     0.855
 32       pi+     211 [25]    
                                 0.040     0.472    -0.406     0.639     0.140
 33       K*-    -323 [26] (52,53)   
                                -0.702     0.009     0.430     1.209     0.886
 34      rho0     113 [26] (56,57)   
                                 0.244    -0.462     0.393     0.934     0.668
 35       K*0     313 [27] (58,59)   
                                -0.907    -0.369     0.155     1.258     0.774
 36       pi+     211 [27]    
                                 0.161     0.036     0.414     0.468     0.140
 37       pi+     211 [24]    
                                -0.115    -0.315     0.086     0.373     0.140
 38       pi-    -211 [24]    
                                 0.278     0.487    -0.529     0.784     0.140
------------------------------------------------------------------------------
     Sum of momenta:            -2e-05    -2e-05    -1e-05        10        10
------------------------------------------------------------------------------
Step 4 performed by DecayHandler
--- intermediates:
 39     rho'+  100213 [30] (41,42)   
                                 1.475    -0.310     0.351     1.707     0.720
 40       pi0     111 [30] (45,46)   
                                 0.037     0.027    -0.248     0.286     0.135
 41       pi0     111 [39] (43,44)   
                                 0.008    -0.127     0.039     0.189     0.135
 47       pi0     111 [31] (49..51)   
                                 0.108     0.128    -0.044     0.220     0.135
 53       pi0     111 [33] (54,55)   
                                 0.111    -0.005     0.108     0.205     0.135
--- final:
 29       pi-    -211 [28]    
                                 0.431    -0.145     0.392     0.616     0.140
 32       pi+     211 [25]    
                                 0.040     0.472    -0.406     0.639     0.140
 36       pi+     211 [27]    
                                 0.161     0.036     0.414     0.468     0.140
 37       pi+     211 [24]    
                                -0.115    -0.315     0.086     0.373     0.140
 38       pi-    -211 [24]    
                                 0.278     0.487    -0.529     0.784     0.140
 42       pi+     211 [39]    
                                 1.467    -0.183     0.312     1.517     0.140
 43     gamma      22 [41]    
                                 0.054    -0.007    -0.002     0.055     0.000
 44     gamma      22 [41]    
                                -0.046    -0.119     0.041     0.134     0.000
 45     gamma      22 [40]    
                                 0.061     0.044    -0.061     0.097     0.000
 46     gamma      22 [40]    
                                -0.023    -0.018    -0.187     0.189     0.000
 48       pi-    -211 [31]    
                                -1.050     0.440    -0.993     1.517     0.140
 49     gamma      22 [47]    
                                 0.034     0.051     0.047     0.077     0.000
 50        e-      11 [47]    
                                 0.048     0.033    -0.055     0.080     0.001
 51        e+     -11 [47]    
                                 0.027     0.045    -0.036     0.063     0.001
 52        K-    -321 [33]    
                                -0.812     0.014     0.322     1.004     0.494
 54     gamma      22 [53]    
                                 0.039     0.064     0.037     0.083     0.000
 55     gamma      22 [53]    
                                 0.072    -0.069     0.071     0.122     0.000
 56       pi+     211 [34]    
                                 0.182     0.094     0.224     0.334     0.140
 57       pi-    -211 [34]    
                                 0.062    -0.555     0.168     0.600     0.140
 58        K+     321 [35]    
                                -0.854    -0.201     0.045     1.008     0.494
 59       pi-    -211 [35]    
                                -0.054    -0.168     0.110     0.250     0.140
------------------------------------------------------------------------------
     Sum of momenta:            -2e-05    -2e-05    -1e-05        10        10

The following exception classes were reported in this run:
ThePEG::EventHandler::ConsistencyException warning (1 times)
ThePEG::LesHouchesReader::LesHouchesReopenWarning warning (1 times)
