>>>>>>>>>>>>>>>>>>>>>>>>>>>>>>>>>>>>>>>>>>>>>>>>>>>>>>>>>>>>>>>>>>>>>>>>>>>>>>
>>>> Toolkit for HEP Event Generation - ThePEG 2.2.0 <<<<<<<<<<<<<<<<<<<<<<<<<
>>>> Tue Jun 30 00:27:25 2020                                             <<<<
<<<<<<<<<<<<<<<<<<<<<<<<<<<<<<<<<<<<<<<<<<<<<<<<<<<<<<<<<<<<<<<<<<<<<<<<<<<<<<

>> Herwig 7.2.0 / ThePEG 2.2.0

/Herwig/EventHandlers/NoCuts:
MHat  = 2 .. 59.72 GeV
Scale = 0 .. 1e+12 GeV2
YHat  = -100 .. 100
X1    = 0 .. 1
X2    = 0 .. 1

* A warning exception of type ThePEG::LesHouchesReader::LesHouchesReopenWarning occurred while generating event number 1: 
Reopening LesHouchesReader 'myReader' after accessing 2 events out of 1
* A warning exception of type ThePEG::EventHandler::ConsistencyException occurred while generating event number 1: 
Event handler 'myLesHouchesHandler' found energy-momentum non-conservation by (-2e-05,-3e-05,-2e-05;1.99972e-05) GeV after generating step number 4.

******************************************************************************
Event number 1 (id: ./OUTPUT/0.95MB1.05/1511299816/TMP/Cluster_HERWIGOutput_14) performed by myLesHouchesHandler
Weight: 1
==============================================================================

--- Colliding particles:
  1        e-      11  (3)   
                                14.930     0.000     0.000    14.930     0.000
  2        e+     -11  (3)   
                               -14.930     0.000    -0.000    14.930     0.000
------------------------------------------------------------------------------
Primary sub-process performed by myReader
--- incoming:
  1        e-      11  (3)   
                                14.930     0.000     0.000    14.930     0.000
  2        e+     -11  (3)   
                               -14.930     0.000    -0.000    14.930     0.000
--- intermediates:
  3     gamma      22 [1,2] (4..8)   
                                 0.000     0.000     0.000    29.860    29.860
--- outgoing:
  4         g      21 [3] (9)  8>>5 {+1,-2}
                                 1.331     0.001     1.272     1.841     0.000
  5         g      21 [3] (10)  4>>7 {+3,-1}
                                -2.771    -0.419     7.586     8.087     0.000
  6         g      21 [3] (11)  7>>8 {+4,-5}
                                 2.536    -1.075   -11.252    11.584     0.000
  7         g      21 [3] (12)  5>>6 {+5,-3}
                                -2.353    -1.162     4.162     4.920     0.000
  8         g      21 [3] (13)  6>>4 {+2,-4}
                                 1.256     2.655    -1.767     3.428     0.000
------------------------------------------------------------------------------
Step 1 performed by myLesHouchesHandler
--- intermediates:
  1        e-      11  (3)   
                                14.930     0.000     0.000    14.930     0.000
  2        e+     -11  (3)   
                               -14.930     0.000    -0.000    14.930     0.000
  3     gamma      22 [1,2] (4..8)   
                                 0.000     0.000     0.000    29.860    29.860
--- final:
  4         g      21 [3] (9)  8>>5 {+1,-2}
                                 1.331     0.001     1.272     1.841     0.000
  5         g      21 [3] (10)  4>>7 {+3,-1}
                                -2.771    -0.419     7.586     8.087     0.000
  6         g      21 [3] (11)  7>>8 {+4,-5}
                                 2.536    -1.075   -11.252    11.584     0.000
  7         g      21 [3] (12)  5>>6 {+5,-3}
                                -2.353    -1.162     4.162     4.920     0.000
  8         g      21 [3] (13)  6>>4 {+2,-4}
                                 1.256     2.655    -1.767     3.428     0.000
------------------------------------------------------------------------------
     Sum of momenta:            -3e-05    -3e-05    -2e-05      29.9      29.9
------------------------------------------------------------------------------
Step 2 performed by ShowerHandler
--- final:
  9         g      21 [4] (14,15)  13>>10 {+1,-2}
                                 1.307     0.001     1.248     2.041     0.950
 10         g      21 [5] (16,17)  9>>12 {+3,-1}
                                -2.719    -0.411     7.445     7.993     0.950
 11         g      21 [6] (18,19)  12>>13 {+4,-5}
                                 2.489    -1.055   -11.043    11.409     0.950
 12         g      21 [7] (20,21)  10>>11 {+5,-3}
                                -2.310    -1.140     4.084     4.921     0.950
 13         g      21 [8] (22,23)  11>>9 {+2,-4}
                                 1.233     2.605    -1.734     3.496     0.950
------------------------------------------------------------------------------
     Sum of momenta:            -3e-05    -3e-05    -2e-05      29.9      29.9
------------------------------------------------------------------------------
Step 3 performed by ClusterHadHandler
--- intermediates:
 14         u       2 [9] (24)   {+1}
                                 0.361    -0.084     0.076     0.499     0.325
 15      ubar      -2 [9] (28)   {-2}
                                 0.946     0.085     1.172     1.543     0.325
 16         u       2 [10] (25)   {+3}
                                -0.833    -0.032     1.626     1.856     0.325
 17      ubar      -2 [10] (24)   {-1}
                                -1.886    -0.379     5.819     6.137     0.325
 18         u       2 [11] (26)   {+4}
                                 0.483    -0.228    -1.694     1.806     0.325
 19      ubar      -2 [11] (27)   {-5}
                                 2.006    -0.827    -9.349     9.603     0.325
 20         s       3 [12] (28)   {+5}
                                -1.485    -0.616     2.462     2.975     0.450
 21      sbar      -3 [12] (25)   {-3}
                                -0.824    -0.524     1.622     1.946     0.450
 22         u       2 [13] (27)   {+2}
                                 0.161     1.101    -0.653     1.331     0.325
 23      ubar      -2 [13] (26)   {-4}
                                 1.072     1.504    -1.082     2.165     0.325
 24   Cluster      81 [14,17] (35,36)   
                                -1.525    -0.463     5.895     6.636     2.596
 25   Cluster      81 [16,21] (37,38)   
                                -1.658    -0.556     3.248     3.803     0.922
 26   Cluster      81 [18,23] (31,32)   
                                 1.555     1.276    -2.776     3.971     2.004
 27   Cluster      81 [19,22] (29,30)   
                                 2.167     0.274   -10.002    10.933     3.839
 28   Cluster      81 [15,20] (33,34)   
                                -0.539    -0.532     3.634     4.518     2.575
 29   Cluster      81 [27] (39,40)   
                                 0.998     0.655    -4.560     5.287     2.394
 30   Cluster      81 [27] (41,42)   
                                 1.169    -0.380    -5.441     5.647     0.874
--- final:
 31        p+    2212 [26]    
                                 1.049     0.737    -1.966     2.527     0.938
 32     pbar-   -2212 [26]    
                                 0.507     0.539    -0.810     1.443     0.938
 33     Kbar0    -311 [28] (43)   
                                 0.279     0.136     1.850     1.941     0.498
 34    rho''-  -30213 [28] (46,47)   
                                -0.818    -0.667     1.783     2.576     1.531
 35        K+     321 [24]    
                                -1.457     0.102     3.067     3.433     0.494
 36      K'*- -100323 [24] (54,55)   
                                -0.068    -0.564     2.828     3.203     1.392
 37       pi+     211 [25]    
                                -0.602     0.097     0.834     1.042     0.140
 38        K0     311 [25] (58)   
                                -1.056    -0.653     2.415     2.760     0.498
 39      rho+     213 [29] (59,60)   
                                 0.210     0.419    -2.926     3.083     0.850
 40      a_2-    -215 [29] (63,64)   
                                 0.788     0.236    -1.634     2.204     1.229
 41       pi0     111 [30] (67,68)   
                                -0.019    -0.073    -1.694     1.702     0.135
 42       pi0     111 [30] (69,70)   
                                 1.188    -0.307    -3.747     3.945     0.135
------------------------------------------------------------------------------
     Sum of momenta:            -3e-05    -3e-05    -2e-05      29.9      29.9
------------------------------------------------------------------------------
Step 4 performed by DecayHandler
--- intermediates:
 43      K_S0     310 [33] (44,45)   
                                 0.279     0.136     1.850     1.941     0.498
 46      rho-    -213 [34] (48,49)   
                                -0.397    -0.372     0.687     1.154     0.750
 47      rho0     113 [34] (52,53)   
                                -0.422    -0.295     1.096     1.423     0.746
 48       pi0     111 [46] (50,51)   
                                -0.326     0.135     0.174     0.415     0.135
 54    K*bar0    -313 [36] (56,57)   
                                 0.092    -0.701     2.688     2.914     0.877
 59       pi0     111 [39] (61,62)   
                                 0.488     0.107    -1.332     1.429     0.135
 63      rho0     113 [40] (65,66)   
                                 0.849     0.260    -1.132     1.678     0.865
--- final:
 31        p+    2212 [26]    
                                 1.049     0.737    -1.966     2.527     0.938
 32     pbar-   -2212 [26]    
                                 0.507     0.539    -0.810     1.443     0.938
 35        K+     321 [24]    
                                -1.457     0.102     3.067     3.433     0.494
 37       pi+     211 [25]    
                                -0.602     0.097     0.834     1.042     0.140
 44       pi+     211 [43]    
                                 0.297     0.241     1.385     1.444     0.140
 45       pi-    -211 [43]    
                                -0.018    -0.105     0.465     0.497     0.140
 49       pi-    -211 [46]    
                                -0.071    -0.507     0.513     0.738     0.140
 50     gamma      22 [48]    
                                -0.146     0.082     0.012     0.168     0.000
 51     gamma      22 [48]    
                                -0.179     0.052     0.162     0.247     0.000
 52       pi+     211 [47]    
                                -0.047    -0.444     0.457     0.654     0.140
 53       pi-    -211 [47]    
                                -0.375     0.149     0.639     0.769     0.140
 55       pi-    -211 [36]    
                                -0.160     0.136     0.141     0.289     0.140
 56        K-    -321 [54]    
                                 0.020    -0.202     1.861     1.936     0.494
 57       pi+     211 [54]    
                                 0.072    -0.499     0.827     0.978     0.140
 58      K_L0     130 [38]    
                                -1.056    -0.653     2.415     2.760     0.498
 60       pi+     211 [39]    
                                -0.278     0.312    -1.595     1.654     0.140
 61     gamma      22 [59]    
                                 0.367     0.106    -0.849     0.932     0.000
 62     gamma      22 [59]    
                                 0.120     0.001    -0.482     0.497     0.000
 64       pi-    -211 [40]    
                                -0.062    -0.024    -0.502     0.525     0.140
 65       pi+     211 [63]    
                                 0.308     0.285    -1.014     1.106     0.140
 66       pi-    -211 [63]    
                                 0.542    -0.026    -0.118     0.572     0.140
 67     gamma      22 [41]    
                                -0.076    -0.056    -1.135     1.139     0.000
 68     gamma      22 [41]    
                                 0.057    -0.017    -0.560     0.563     0.000
 69     gamma      22 [42]    
                                 0.463    -0.059    -1.509     1.580     0.000
 70     gamma      22 [42]    
                                 0.725    -0.249    -2.237     2.365     0.000
------------------------------------------------------------------------------
     Sum of momenta:            -3e-05    -3e-05    -2e-05      29.9      29.9

The following exception classes were reported in this run:
ThePEG::EventHandler::ConsistencyException warning (1 times)
ThePEG::LesHouchesReader::LesHouchesReopenWarning warning (1 times)
