>>>>>>>>>>>>>>>>>>>>>>>>>>>>>>>>>>>>>>>>>>>>>>>>>>>>>>>>>>>>>>>>>>>>>>>>>>>>>>
>>>> Toolkit for HEP Event Generation - ThePEG 2.2.0 <<<<<<<<<<<<<<<<<<<<<<<<<
>>>> Tue Jun 30 00:24:47 2020                                             <<<<
<<<<<<<<<<<<<<<<<<<<<<<<<<<<<<<<<<<<<<<<<<<<<<<<<<<<<<<<<<<<<<<<<<<<<<<<<<<<<<

>> Herwig 7.2.0 / ThePEG 2.2.0

/Herwig/EventHandlers/NoCuts:
MHat  = 2 .. 23.0318 GeV
Scale = 0 .. 1e+12 GeV2
YHat  = -100 .. 100
X1    = 0 .. 1
X2    = 0 .. 1

* A warning exception of type ThePEG::LesHouchesReader::LesHouchesReopenWarning occurred while generating event number 1: 
Reopening LesHouchesReader 'myReader' after accessing 2 events out of 1
* A warning exception of type ThePEG::EventHandler::ConsistencyException occurred while generating event number 1: 
Event handler 'myLesHouchesHandler' found energy-momentum non-conservation by (-1e-05,-2e-05,-2e-05;1.99989e-05) GeV after generating step number 4.

******************************************************************************
Event number 1 (id: ./OUTPUT/0.95MB1.05/1515088783/TMP/Cluster_HERWIGOutput_11) performed by myLesHouchesHandler
Weight: 1
==============================================================================

--- Colliding particles:
  1        e-      11  (3)   
                                 5.758     0.000     0.000     5.758     0.000
  2        e+     -11  (3)   
                                -5.758     0.000    -0.000     5.758     0.000
------------------------------------------------------------------------------
Primary sub-process performed by myReader
--- incoming:
  1        e-      11  (3)   
                                 5.758     0.000     0.000     5.758     0.000
  2        e+     -11  (3)   
                                -5.758     0.000    -0.000     5.758     0.000
--- intermediates:
  3     gamma      22 [1,2] (4..7)   
                                 0.000     0.000     0.000    11.516    11.516
--- outgoing:
  4         g      21 [3] (8)  5>>6 {+1,-2}
                                 3.090     1.385     1.417     3.671     0.000
  5         g      21 [3] (9)  7>>4 {+2,-3}
                                -1.815    -0.162    -3.481     3.929     0.000
  6         g      21 [3] (10)  4>>7 {+4,-1}
                                 0.328    -0.984    -0.272     1.073     0.000
  7         g      21 [3] (11)  6>>5 {+3,-4}
                                -1.603    -0.239     2.336     2.843     0.000
------------------------------------------------------------------------------
Step 1 performed by myLesHouchesHandler
--- intermediates:
  1        e-      11  (3)   
                                 5.758     0.000     0.000     5.758     0.000
  2        e+     -11  (3)   
                                -5.758     0.000    -0.000     5.758     0.000
  3     gamma      22 [1,2] (4..7)   
                                 0.000     0.000     0.000    11.516    11.516
--- final:
  4         g      21 [3] (8)  5>>6 {+1,-2}
                                 3.090     1.385     1.417     3.671     0.000
  5         g      21 [3] (9)  7>>4 {+2,-3}
                                -1.815    -0.162    -3.481     3.929     0.000
  6         g      21 [3] (10)  4>>7 {+4,-1}
                                 0.328    -0.984    -0.272     1.073     0.000
  7         g      21 [3] (11)  6>>5 {+3,-4}
                                -1.603    -0.239     2.336     2.843     0.000
------------------------------------------------------------------------------
     Sum of momenta:            -2e-05    -2e-05    -2e-05      11.5      11.5
------------------------------------------------------------------------------
Step 2 performed by ShowerHandler
--- final:
  8         g      21 [4] (12,13)  9>>10 {+1,-2}
                                 2.876     1.290     1.319     3.547     0.950
  9         g      21 [5] (14,15)  11>>8 {+2,-3}
                                -1.689    -0.151    -3.241     3.779     0.950
 10         g      21 [6] (16,17)  8>>11 {+4,-1}
                                 0.306    -0.916    -0.253     1.378     0.950
 11         g      21 [7] (18,19)  10>>9 {+3,-4}
                                -1.493    -0.223     2.174     2.812     0.950
------------------------------------------------------------------------------
     Sum of momenta:            -2e-05    -2e-05    -2e-05      11.5      11.5
------------------------------------------------------------------------------
Step 3 performed by ClusterHadHandler
--- intermediates:
 12         s       3 [8] (20)   {+1}
                                 1.288     0.730     0.563     1.647     0.450
 13      sbar      -3 [8] (21)   {-2}
                                 1.588     0.560     0.757     1.900     0.450
 14         d       1 [9] (21)   {+2}
                                -0.552    -0.242    -0.722     0.995     0.325
 15      dbar      -1 [9] (22)   {-3}
                                -1.137     0.091    -2.518     2.784     0.325
 16         u       2 [10] (23)   {+4}
                                 0.372    -0.856    -0.311     1.036     0.325
 17      ubar      -2 [10] (20)   {-1}
                                -0.066    -0.060     0.058     0.342     0.325
 18         s       3 [11] (22)   {+3}
                                -0.967    -0.221     1.395     1.770     0.450
 19      sbar      -3 [11] (23)   {-4}
                                -0.526    -0.001     0.779     1.042     0.450
 20   Cluster      81 [12,17] (30,31)   
                                 1.222     0.670     0.620     1.989     1.276
 21   Cluster      81 [13,14] (28,29)   
                                 1.036     0.318     0.034     2.896     2.685
 22   Cluster      81 [15,18] (24,25)   
                                -2.104    -0.130    -1.123     4.553     3.877
 23   Cluster      81 [16,19] (26,27)   
                                -0.154    -0.858     0.468     2.078     1.828
 24   Cluster      81 [22] (32,33)   
                                -1.659    -0.074    -1.223     3.647     3.008
 25   Cluster      81 [22] (34,35)   
                                -0.445    -0.056     0.100     0.906     0.781
--- final:
 26      a_10   20113 [23] (36,37)   
                                 0.110    -0.803     0.117     1.415     1.154
 27        K+     321 [23]    
                                -0.264    -0.054     0.352     0.663     0.494
 28     K_3*+     327 [21] (42,43)   
                                 0.568    -0.104    -0.233     1.882     1.776
 29      rho-    -213 [21] (46,47)   
                                 0.468     0.422     0.267     1.013     0.747
 30    K*bar0    -313 [20] (50,51)   
                                 1.189     0.538     0.289     1.604     0.887
 31       pi-    -211 [20]    
                                 0.033     0.132     0.331     0.384     0.140
 32    K*bar0    -313 [24] (52,53)   
                                -0.841     0.515    -0.152     1.337     0.890
 33     K''*+   30323 [24] (54,55)   
                                -0.818    -0.590    -1.072     2.310     1.781
 34     Kbar0    -311 [25] (61)   
                                -0.223    -0.085     0.246     0.604     0.498
 35       pi-    -211 [25]    
                                -0.222     0.029    -0.146     0.302     0.140
------------------------------------------------------------------------------
     Sum of momenta:            -2e-05    -2e-05    -2e-05      11.5      11.5
------------------------------------------------------------------------------
Step 4 performed by DecayHandler
--- intermediates:
 36     rho'- -100213 [26] (38,39)   
                                 0.326    -0.655     0.321     1.055     0.690
 39       pi0     111 [36] (40,41)   
                                 0.499    -0.371     0.267     0.691     0.135
 43      rho0     113 [28] (44,45)   
                                 0.400     0.479    -0.304     1.097     0.849
 46       pi0     111 [29] (48,49)   
                                 0.595     0.282     0.357     0.761     0.135
 54      rho+     213 [33] (56,57)   
                                 0.193     0.263    -0.337     0.718     0.544
 55        K0     311 [33] (60)   
                                -1.011    -0.852    -0.735     1.592     0.498
 56       pi0     111 [54] (58,59)   
                                 0.201     0.117    -0.421     0.499     0.135
--- final:
 27        K+     321 [23]    
                                -0.264    -0.054     0.352     0.663     0.494
 31       pi-    -211 [20]    
                                 0.033     0.132     0.331     0.384     0.140
 35       pi-    -211 [25]    
                                -0.222     0.029    -0.146     0.302     0.140
 37       pi+     211 [26]    
                                -0.216    -0.148    -0.204     0.360     0.140
 38       pi-    -211 [36]    
                                -0.174    -0.283     0.053     0.364     0.140
 40     gamma      22 [39]    
                                 0.328    -0.166     0.131     0.390     0.000
 41     gamma      22 [39]    
                                 0.171    -0.206     0.136     0.300     0.000
 42        K+     321 [28]    
                                 0.168    -0.583     0.071     0.786     0.494
 44       pi+     211 [43]    
                                 0.236     0.246     0.259     0.450     0.140
 45       pi-    -211 [43]    
                                 0.164     0.233    -0.563     0.647     0.140
 47       pi-    -211 [29]    
                                -0.127     0.140    -0.090     0.252     0.140
 48     gamma      22 [46]    
                                 0.180     0.110     0.183     0.279     0.000
 49     gamma      22 [46]    
                                 0.416     0.172     0.174     0.482     0.000
 50        K-    -321 [30]    
                                 0.440     0.399    -0.013     0.772     0.494
 51       pi+     211 [30]    
                                 0.750     0.139     0.303     0.832     0.140
 52        K-    -321 [32]    
                                -0.788     0.197     0.011     0.950     0.494
 53       pi+     211 [32]    
                                -0.053     0.318    -0.162     0.387     0.140
 57       pi+     211 [54]    
                                -0.009     0.146     0.084     0.219     0.140
 58     gamma      22 [56]    
                                 0.141     0.145    -0.313     0.372     0.000
 59     gamma      22 [56]    
                                 0.060    -0.028    -0.108     0.127     0.000
 60      K_L0     130 [55]    
                                -1.011    -0.852    -0.735     1.592     0.498
 61      K_L0     130 [34]    
                                -0.223    -0.085     0.246     0.604     0.498
------------------------------------------------------------------------------
     Sum of momenta:            -2e-05    -2e-05    -2e-05      11.5      11.5

The following exception classes were reported in this run:
ThePEG::EventHandler::ConsistencyException warning (1 times)
ThePEG::LesHouchesReader::LesHouchesReopenWarning warning (1 times)
