>>>>>>>>>>>>>>>>>>>>>>>>>>>>>>>>>>>>>>>>>>>>>>>>>>>>>>>>>>>>>>>>>>>>>>>>>>>>>>
>>>> Toolkit for HEP Event Generation - ThePEG 2.2.0 <<<<<<<<<<<<<<<<<<<<<<<<<
>>>> Tue Jun 30 00:55:36 2020                                             <<<<
<<<<<<<<<<<<<<<<<<<<<<<<<<<<<<<<<<<<<<<<<<<<<<<<<<<<<<<<<<<<<<<<<<<<<<<<<<<<<<

>> Herwig 7.2.0 / ThePEG 2.2.0

/Herwig/EventHandlers/NoCuts:
MHat  = 2 .. 39.024 GeV
Scale = 0 .. 1e+12 GeV2
YHat  = -100 .. 100
X1    = 0 .. 1
X2    = 0 .. 1

* A warning exception of type ThePEG::LesHouchesReader::LesHouchesReopenWarning occurred while generating event number 1: 
Reopening LesHouchesReader 'myReader' after accessing 2 events out of 1
* A warning exception of type ThePEG::EventHandler::ConsistencyException occurred while generating event number 1: 
Event handler 'myLesHouchesHandler' found energy-momentum non-conservation by (-1e-05,-2e-05,-1e-05;-1.4199e-09) GeV after generating step number 4.

******************************************************************************
Event number 1 (id: ./OUTPUT/0.95MB1.05/1513342148/TMP/Cluster_HERWIGOutput_38) performed by myLesHouchesHandler
Weight: 1
==============================================================================

--- Colliding particles:
  1        e-      11  (3)   
                                 9.756     0.000     0.000     9.756     0.000
  2        e+     -11  (3)   
                                -9.756     0.000     0.000     9.756     0.000
------------------------------------------------------------------------------
Primary sub-process performed by myReader
--- incoming:
  1        e-      11  (3)   
                                 9.756     0.000     0.000     9.756     0.000
  2        e+     -11  (3)   
                                -9.756     0.000     0.000     9.756     0.000
--- intermediates:
  3     gamma      22 [1,2] (4..7)   
                                -0.000     0.000     0.000    19.512    19.512
--- outgoing:
  4         g      21 [3] (8)  7>>7 {+1,-2}
                                 5.495    -2.223    -2.293     6.356     0.000
  5         g      21 [3] (11)  6>>6 {+3,-4}
                                 0.681    -0.804    -1.810     2.095     0.000
  6         g      21 [3] (12)  5>>5 {+4,-3}
                                 1.655    -0.303     1.214     2.075     0.000
  7         g      21 [3] (13)  4>>4 {+2,-1}
                                -7.831     3.331     2.889     8.987     0.000
------------------------------------------------------------------------------
Step 1 performed by myLesHouchesHandler
--- intermediates:
  1        e-      11  (3)   
                                 9.756     0.000     0.000     9.756     0.000
  2        e+     -11  (3)   
                                -9.756     0.000     0.000     9.756     0.000
  3     gamma      22 [1,2] (4..7)   
                                -0.000     0.000     0.000    19.512    19.512
--- final:
  4         g      21 [3] (8)  7>>7 {+1,-2}
                                 5.495    -2.223    -2.293     6.356     0.000
  5         g      21 [3] (11)  6>>6 {+3,-4}
                                 0.681    -0.804    -1.810     2.095     0.000
  6         g      21 [3] (12)  5>>5 {+4,-3}
                                 1.655    -0.303     1.214     2.075     0.000
  7         g      21 [3] (13)  4>>4 {+2,-1}
                                -7.831     3.331     2.889     8.987     0.000
------------------------------------------------------------------------------
     Sum of momenta:            -2e-05    -2e-05    -1e-05      19.5      19.5
------------------------------------------------------------------------------
Step 2 performed by ShowerHandler
--- intermediates:
  8         g      21 [4] (9,10)   {+1,-2}
                                 3.599    -1.456    -1.502     7.435     6.160
 13         g      21 [7] (14,15)   {+2,-1}
                                -5.129     2.182     1.892     8.751     6.475
 15         g      21 [13] (16,17)   {+5,-1}
                                -4.976     3.020     2.451     7.357     3.775
--- final:
  9         g      21 [8] (22,23)  10>>16 {+1,-6}
                                 0.768     1.464     1.386     2.357     0.950
 10         g      21 [8] (24,25)  14>>9 {+6,-2}
                                 2.831    -2.920    -2.888     5.078     0.950
 11         g      21 [5] (18,19)  12>>12 {+3,-4}
                                 0.446    -0.527    -1.185     1.669     0.950
 12         g      21 [6] (20,21)  11>>11 {+4,-3}
                                 1.084    -0.199     0.795     1.658     0.950
 14         g      21 [13] (26,27)  17>>10 {+2,-5}
                                -0.153    -0.838    -0.559     1.393     0.950
 16         g      21 [15] (28,29)  9>>17 {+7,-1}
                                -0.951     0.912     2.166     2.707     0.950
 17         g      21 [15] (30,31)  16>>14 {+5,-7}
                                -4.024     2.108     0.285     4.650     0.950
------------------------------------------------------------------------------
     Sum of momenta:            -2e-05    -2e-05    -1e-05      19.5      19.5
------------------------------------------------------------------------------
Step 3 performed by ClusterHadHandler
--- intermediates:
 18         s       3 [11] (32)   {+3}
                                 0.074    -0.291    -0.611     0.816     0.450
 19      sbar      -3 [11] (38)   {-4}
                                 0.373    -0.236    -0.575     0.853     0.450
 20         u       2 [12] (37)   {+4}
                                 0.667    -0.105     0.065     0.752     0.325
 21      ubar      -2 [12] (32)   {-3}
                                 0.417    -0.093     0.730     0.906     0.325
 22         u       2 [9] (33)   {+1}
                                -0.039     0.264     0.243     0.486     0.325
 23      ubar      -2 [9] (37)   {-6}
                                 0.807     1.200     1.143     1.871     0.325
 24         d       1 [10] (34)   {+6}
                                 1.205    -0.983    -1.447     2.149     0.325
 25      dbar      -1 [10] (35)   {-2}
                                 1.626    -1.937    -1.441     2.929     0.325
 26         u       2 [14] (36)   {+2}
                                -0.216    -0.236    -0.538     0.705     0.325
 27      ubar      -2 [14] (34)   {-5}
                                 0.062    -0.603    -0.021     0.688     0.325
 28         u       2 [16] (35)   {+7}
                                -0.517     0.520     1.735     1.912     0.325
 29      ubar      -2 [16] (33)   {-1}
                                -0.434     0.392     0.431     0.796     0.325
 30         d       1 [17] (38)   {+5}
                                -2.628     1.069    -0.006     2.856     0.325
 31      dbar      -1 [17] (36)   {-7}
                                -1.396     1.039     0.291     1.794     0.325
 32   Cluster      81 [18,21] (49,50)   
                                 0.491    -0.385     0.119     1.722     1.601
 33   Cluster      81 [22,29] (43,44)   
                                -0.473     0.656     0.674     1.282     0.731
 34   Cluster      81 [24,27] (45,46)   
                                 1.267    -1.585    -1.468     2.837     1.332
 35   Cluster      81 [25,28] (39,40)   
                                 1.109    -1.417     0.295     4.840     4.484
 36   Cluster      81 [26,31] (41,42)   
                                -1.612     0.804    -0.248     2.500     1.715
 37   Cluster      81 [20,23] (51,52)   
                                 1.473     1.094     1.208     2.623     1.433
 38   Cluster      81 [19,30] (47,48)   
                                -2.255     0.833    -0.580     3.708     2.763
 39   Cluster      81 [35] (53,54)   
                                 0.261    -0.394     0.864     2.910     2.738
 40   Cluster      81 [35] (55,56)   
                                 0.848    -1.023    -0.570     1.930     1.279
--- final:
 41      b_1+   10213 [36] (57,58)   
                                -1.157     0.060    -0.201     1.617     1.109
 42       pi0     111 [36] (65,66)   
                                -0.455     0.743    -0.047     0.883     0.135
 43       pi+     211 [33]    
                                -0.401     0.361     0.754     0.938     0.140
 44       pi-    -211 [33]    
                                -0.072     0.295    -0.080     0.344     0.140
 45       pi-    -211 [34]    
                                 0.507    -0.315    -0.867     1.062     0.140
 46     omega     223 [34] (67,68)   
                                 0.760    -1.270    -0.601     1.775     0.773
 47     K*_20     315 [38] (73,74)   
                                -1.152     1.113    -0.394     2.209     1.469
 48      eta'     331 [38] (78..80)   
                                -1.103    -0.280    -0.186     1.499     0.958
 49        K-    -321 [32]    
                                -0.276    -0.241     0.028     0.616     0.494
 50     omega     223 [32] (86,87)   
                                 0.767    -0.143     0.091     1.106     0.779
 51       eta     221 [37] (92,93)   
                                 0.623     0.502     0.881     1.310     0.548
 52      rho0     113 [37] (94,95)   
                                 0.850     0.593     0.327     1.313     0.737
 53     pi_2+   10215 [39] (96,97)   
                                -0.037    -0.069    -0.102     1.611     1.606
 54     omega     223 [39] (104,105)   
                                 0.299    -0.325     0.966     1.299     0.748
 55       pi+     211 [40]    
                                 0.642    -0.519    -0.938     1.257     0.140
 56       pi-    -211 [40]    
                                 0.206    -0.505     0.369     0.673     0.140
------------------------------------------------------------------------------
     Sum of momenta:            -2e-05    -2e-05    -1e-05      19.5      19.5
------------------------------------------------------------------------------
Step 4 performed by DecayHandler
--- intermediates:
 57     omega     223 [41] (59,60)   
                                -0.999    -0.154    -0.063     1.285     0.791
 59      rho0     113 [57] (61,62)   
                                -0.829    -0.232     0.025     1.039     0.581
 60       pi0     111 [57] (63,64)   
                                -0.169     0.077    -0.088     0.246     0.135
 67      rho-    -213 [46] (69,70)   
                                 0.661    -0.678    -0.364     1.114     0.460
 69       pi0     111 [67] (71,72)   
                                 0.306    -0.124    -0.017     0.357     0.135
 73       K*+     323 [47] (75,76)   
                                -0.474     0.213    -0.226     1.061     0.897
 75        K0     311 [73] (77)   
                                -0.188    -0.031     0.103     0.543     0.498
 80       eta     221 [48] (81..83)   
                                -0.625    -0.221    -0.100     0.866     0.548
 83       pi0     111 [80] (84,85)   
                                -0.114     0.029    -0.053     0.187     0.135
 86      rho-    -213 [50] (88,89)   
                                 0.494    -0.278     0.109     0.771     0.511
 88       pi0     111 [86] (90,91)   
                                 0.159    -0.179    -0.151     0.314     0.135
 97       f_2     225 [53] (98,99)   
                                 0.042    -0.308     0.121     1.247     1.201
 98     sigma 9000221 [97] (100,101)   
                                -0.191     0.275     0.125     0.508     0.360
 99     sigma 9000221 [97] (102,103)   
                                 0.233    -0.583    -0.004     0.739     0.390
104      rho-    -213 [54] (106,107)   
                                 0.395    -0.207     0.666     0.935     0.481
106       pi0     111 [104] (108,109)   
                                 0.162    -0.280     0.493     0.604     0.135
--- final:
 43       pi+     211 [33]    
                                -0.401     0.361     0.754     0.938     0.140
 44       pi-    -211 [33]    
                                -0.072     0.295    -0.080     0.344     0.140
 45       pi-    -211 [34]    
                                 0.507    -0.315    -0.867     1.062     0.140
 49        K-    -321 [32]    
                                -0.276    -0.241     0.028     0.616     0.494
 55       pi+     211 [40]    
                                 0.642    -0.519    -0.938     1.257     0.140
 56       pi-    -211 [40]    
                                 0.206    -0.505     0.369     0.673     0.140
 58       pi+     211 [41]    
                                -0.158     0.215    -0.138     0.331     0.140
 61       pi+     211 [59]    
                                -0.056     0.096    -0.048     0.185     0.140
 62       pi-    -211 [59]    
                                -0.773    -0.327     0.073     0.854     0.140
 63     gamma      22 [60]    
                                -0.054     0.039     0.033     0.075     0.000
 64     gamma      22 [60]    
                                -0.115     0.038    -0.121     0.171     0.000
 65     gamma      22 [42]    
                                -0.069     0.110    -0.056     0.141     0.000
 66     gamma      22 [42]    
                                -0.386     0.634     0.009     0.742     0.000
 68       pi+     211 [46]    
                                 0.099    -0.593    -0.236     0.661     0.140
 70       pi-    -211 [67]    
                                 0.355    -0.554    -0.347     0.757     0.140
 71     gamma      22 [69]    
                                 0.124     0.010     0.026     0.127     0.000
 72     gamma      22 [69]    
                                 0.182    -0.134    -0.043     0.230     0.000
 74       pi-    -211 [47]    
                                -0.678     0.900    -0.168     1.148     0.140
 76       pi+     211 [73]    
                                -0.286     0.243    -0.329     0.518     0.140
 77      K_L0     130 [75]    
                                -0.188    -0.031     0.103     0.543     0.498
 78       pi+     211 [48]    
                                -0.022     0.011    -0.050     0.150     0.140
 79       pi-    -211 [48]    
                                -0.456    -0.070    -0.037     0.484     0.140
 81       pi+     211 [80]    
                                -0.453    -0.187    -0.066     0.514     0.140
 82       pi-    -211 [80]    
                                -0.058    -0.063     0.020     0.165     0.140
 84     gamma      22 [83]    
                                -0.132    -0.009    -0.023     0.135     0.000
 85     gamma      22 [83]    
                                 0.019     0.038    -0.030     0.052     0.000
 87       pi+     211 [50]    
                                 0.273     0.135    -0.018     0.335     0.140
 89       pi-    -211 [86]    
                                 0.335    -0.098     0.260     0.458     0.140
 90     gamma      22 [88]    
                                -0.001     0.013     0.010     0.017     0.000
 91     gamma      22 [88]    
                                 0.159    -0.193    -0.160     0.297     0.000
 92     gamma      22 [51]    
                                 0.524     0.589     0.875     1.177     0.000
 93     gamma      22 [51]    
                                 0.100    -0.087     0.007     0.133     0.000
 94       pi+     211 [52]    
                                -0.019    -0.082     0.044     0.169     0.140
 95       pi-    -211 [52]    
                                 0.868     0.675     0.283     1.144     0.140
 96       pi+     211 [53]    
                                -0.079     0.239    -0.223     0.364     0.140
100       pi+     211 [98]    
                                 0.032     0.077     0.033     0.166     0.140
101       pi-    -211 [98]    
                                -0.223     0.198     0.093     0.342     0.140
102       pi+     211 [99]    
                                 0.272    -0.352    -0.000     0.467     0.140
103       pi-    -211 [99]    
                                -0.040    -0.231    -0.004     0.273     0.140
105       pi+     211 [54]    
                                -0.096    -0.117     0.300     0.364     0.140
107       pi-    -211 [104]    
                                 0.234     0.072     0.173     0.331     0.140
108     gamma      22 [106]    
                                 0.003    -0.135     0.204     0.245     0.000
109     gamma      22 [106]    
                                 0.159    -0.145     0.289     0.360     0.000
------------------------------------------------------------------------------
     Sum of momenta:            -2e-05    -2e-05    -1e-05      19.5      19.5

The following exception classes were reported in this run:
ThePEG::EventHandler::ConsistencyException warning (1 times)
ThePEG::LesHouchesReader::LesHouchesReopenWarning warning (1 times)
