>>>>>>>>>>>>>>>>>>>>>>>>>>>>>>>>>>>>>>>>>>>>>>>>>>>>>>>>>>>>>>>>>>>>>>>>>>>>>>
>>>> Toolkit for HEP Event Generation - ThePEG 2.2.0 <<<<<<<<<<<<<<<<<<<<<<<<<
>>>> Tue Jun 30 00:17:45 2020                                             <<<<
<<<<<<<<<<<<<<<<<<<<<<<<<<<<<<<<<<<<<<<<<<<<<<<<<<<<<<<<<<<<<<<<<<<<<<<<<<<<<<

>> Herwig 7.2.0 / ThePEG 2.2.0

/Herwig/EventHandlers/NoCuts:
MHat  = 2 .. 62.3711 GeV
Scale = 0 .. 1e+12 GeV2
YHat  = -100 .. 100
X1    = 0 .. 1
X2    = 0 .. 1

* A warning exception of type ThePEG::LesHouchesReader::LesHouchesReopenWarning occurred while generating event number 1: 
Reopening LesHouchesReader 'myReader' after accessing 2 events out of 1
* A warning exception of type ThePEG::EventHandler::ConsistencyException occurred while generating event number 1: 
Event handler 'myLesHouchesHandler' found energy-momentum non-conservation by (-2e-05,-5e-05,-4e-05;2.99997e-05) GeV after generating step number 4.

******************************************************************************
Event number 1 (id: ./OUTPUT/0.95MB1.05/1513763215/TMP/Cluster_HERWIGOutput_2) performed by myLesHouchesHandler
Weight: 1
==============================================================================

--- Colliding particles:
  1        e-      11  (3)   
                                15.593     0.000     0.000    15.593     0.000
  2        e+     -11  (3)   
                               -15.593     0.000     0.000    15.593     0.000
------------------------------------------------------------------------------
Primary sub-process performed by myReader
--- incoming:
  1        e-      11  (3)   
                                15.593     0.000     0.000    15.593     0.000
  2        e+     -11  (3)   
                               -15.593     0.000     0.000    15.593     0.000
--- intermediates:
  3     gamma      22 [1,2] (4..10)   
                                -0.000     0.000     0.000    31.186    31.186
--- outgoing:
  4         g      21 [3] (11)  9>>6 {+1,-2}
                                 2.177     1.495     9.482     9.843     0.000
  5         g      21 [3] (14)  10>>8 {+3,-4}
                                -0.358    -0.927    -1.069     1.459     0.000
  6         g      21 [3] (15)  4>>7 {+5,-1}
                                 0.334    -0.074     1.935     1.965     0.000
  7         g      21 [3] (16)  6>>10 {+6,-5}
                                 4.319    -0.962     1.091     4.557     0.000
  8         g      21 [3] (17)  5>>9 {+7,-3}
                                -1.831     0.421    -5.511     5.823     0.000
  9         g      21 [3] (18)  8>>4 {+2,-7}
                                -3.499    -0.095    -4.632     5.806     0.000
 10         g      21 [3] (21)  7>>5 {+4,-6}
                                -1.142     0.142    -1.296     1.733     0.000
------------------------------------------------------------------------------
Step 1 performed by myLesHouchesHandler
--- intermediates:
  1        e-      11  (3)   
                                15.593     0.000     0.000    15.593     0.000
  2        e+     -11  (3)   
                               -15.593     0.000     0.000    15.593     0.000
  3     gamma      22 [1,2] (4..10)   
                                -0.000     0.000     0.000    31.186    31.186
--- final:
  4         g      21 [3] (11)  9>>6 {+1,-2}
                                 2.177     1.495     9.482     9.843     0.000
  5         g      21 [3] (14)  10>>8 {+3,-4}
                                -0.358    -0.927    -1.069     1.459     0.000
  6         g      21 [3] (15)  4>>7 {+5,-1}
                                 0.334    -0.074     1.935     1.965     0.000
  7         g      21 [3] (16)  6>>10 {+6,-5}
                                 4.319    -0.962     1.091     4.557     0.000
  8         g      21 [3] (17)  5>>9 {+7,-3}
                                -1.831     0.421    -5.511     5.823     0.000
  9         g      21 [3] (18)  8>>4 {+2,-7}
                                -3.499    -0.095    -4.632     5.806     0.000
 10         g      21 [3] (21)  7>>5 {+4,-6}
                                -1.142     0.142    -1.296     1.733     0.000
------------------------------------------------------------------------------
     Sum of momenta:            -3e-05    -5e-05    -4e-05      31.2      31.2
------------------------------------------------------------------------------
Step 2 performed by ShowerHandler
--- intermediates:
 11         g      21 [4] (12,13)   {+1,-2}
                                 1.861     1.278     8.107     9.421     4.235
 18         g      21 [9] (19,20)   {+2,-7}
                                -2.992    -0.082    -3.960     5.788     2.978
 21         g      21 [10] (22,23)   {+4,-6}
                                -0.976     0.122    -1.108     3.400     3.060
--- final:
 12         g      21 [11] (40,41)  13>>15 {+1,-8}
                                 1.087    -0.169     0.434     1.517     0.950
 13         g      21 [11] (42,43)  19>>12 {+8,-2}
                                 0.774     1.447     7.673     7.904     0.950
 14         g      21 [5] (24,25)  22>>17 {+3,-4}
                                -0.306    -0.792    -0.914     1.568     0.950
 15         g      21 [6] (26,27)  12>>16 {+5,-1}
                                 0.286    -0.064     1.654     1.930     0.950
 16         g      21 [7] (28,29)  15>>23 {+6,-5}
                                 3.692    -0.822     0.933     4.010     0.950
 17         g      21 [8] (30,31)  14>>20 {+7,-3}
                                -1.566     0.360    -4.712     5.068     0.950
 19         g      21 [18] (32,33)  20>>13 {+2,-9}
                                -0.282    -0.786    -1.245     1.775     0.950
 20         g      21 [18] (34,35)  17>>19 {+9,-7}
                                -2.709     0.704    -2.715     4.014     0.950
 22         g      21 [21] (36,37)  23>>14 {+4,-10}
                                 0.587     0.373     0.119     1.183     0.950
 23         g      21 [21] (38,39)  16>>22 {+10,-6}
                                -1.563    -0.251    -1.226     2.216     0.950
------------------------------------------------------------------------------
     Sum of momenta:            -3e-05    -5e-05    -4e-05      31.2      31.2
------------------------------------------------------------------------------
Step 3 performed by ClusterHadHandler
--- intermediates:
 24         d       1 [14] (44)   {+3}
                                -0.175    -0.093    -0.630     0.736     0.325
 25      dbar      -1 [14] (51)   {-4}
                                -0.131    -0.700    -0.284     0.833     0.325
 26         u       2 [15] (45)   {+5}
                                -0.045     0.166     0.282     0.464     0.325
 27      ubar      -2 [15] (46)   {-1}
                                 0.331    -0.230     1.372     1.466     0.325
 28         u       2 [16] (52)   {+6}
                                 2.533    -0.616     0.936     2.789     0.325
 29      ubar      -2 [16] (45)   {-5}
                                 1.159    -0.206    -0.003     1.221     0.325
 30         d       1 [17] (47)   {+7}
                                -1.326     0.066    -3.459     3.719     0.325
 31      dbar      -1 [17] (44)   {-3}
                                -0.240     0.294    -1.253     1.349     0.325
 32         d       1 [19] (51)   {+2}
                                -0.161    -0.371    -0.129     0.535     0.325
 33      dbar      -1 [19] (48)   {-9}
                                -0.121    -0.415    -1.116     1.240     0.325
 34         s       3 [20] (48)   {+9}
                                -1.434     0.499    -1.568     2.229     0.450
 35      sbar      -3 [20] (47)   {-7}
                                -1.275     0.205    -1.147     1.785     0.450
 36         s       3 [22] (50)   {+4}
                                 0.151     0.142    -0.040     0.497     0.450
 37      sbar      -3 [22] (49)   {-10}
                                 0.436     0.230     0.158     0.686     0.450
 38         u       2 [23] (49)   {+10}
                                -1.009     0.175    -0.672     1.267     0.325
 39      ubar      -2 [23] (53)   {-6}
                                -0.554    -0.426    -0.554     0.949     0.325
 40         s       3 [12] (46)   {+1}
                                 0.605     0.006     0.112     0.763     0.450
 41      sbar      -3 [12] (52)   {-8}
                                 0.482    -0.176     0.322     0.754     0.450
 42         s       3 [13] (53)   {+8}
                                 0.251     0.557     2.675     2.780     0.450
 43      sbar      -3 [13] (50)   {-2}
                                 0.523     0.891     4.998     5.124     0.450
 44   Cluster      81 [24,31] (58,59)   
                                -0.414     0.202    -1.883     2.085     0.767
 45   Cluster      81 [26,29] (56,57)   
                                 1.113    -0.040     0.279     1.685     1.232
 46   Cluster      81 [27,40] (66,67)   
                                 0.936    -0.223     1.484     2.229     1.356
 47   Cluster      81 [30,35] (60,61)   
                                -2.601     0.271    -4.606     5.504     1.498
 48   Cluster      81 [33,34] (54,55)   
                                -1.555     0.085    -2.684     3.469     1.550
 49   Cluster      81 [37,38] (72,73)   
                                -0.573     0.405    -0.514     1.953     1.749
 50   Cluster      81 [36,43] (68,69)   
                                 0.674     1.033     4.959     5.621     2.342
 51   Cluster      81 [25,32] (64,65)   
                                -0.293    -1.071    -0.413     1.367     0.683
 52   Cluster      81 [28,41] (70,71)   
                                 3.015    -0.792     1.257     3.543     1.121
 53   Cluster      81 [39,42] (62,63)   
                                -0.303     0.131     2.120     3.729     3.050
--- final:
 54       pi+     211 [48]    
                                -0.396     0.130    -0.774     0.890     0.140
 55      K_1-  -10323 [48] (74,75)   
                                -1.159    -0.046    -1.910     2.579     1.287
 56      rho+     213 [45] (81,82)   
                                 1.096    -0.263     0.159     1.395     0.806
 57       pi-    -211 [45]    
                                 0.018     0.223     0.120     0.290     0.140
 58       pi-    -211 [44]    
                                -0.461    -0.032    -1.664     1.732     0.140
 59       pi+     211 [44]    
                                 0.046     0.234    -0.219     0.353     0.140
 60       pi0     111 [47] (85,86)   
                                -0.307    -0.162    -0.487     0.613     0.135
 61      K_10   10313 [47] (87,88)   
                                -2.294     0.433    -4.119     4.891     1.228
 62  K*_2bar0    -315 [53] (94,95)   
                                -0.962     0.113     1.819     2.537     1.480
 63      b_1-  -10213 [53] (99,100)   
                                 0.659     0.018     0.301     1.192     0.946
 64       pi-    -211 [51]    
                                -0.429    -0.622    -0.073     0.772     0.140
 65       pi+     211 [51]    
                                 0.136    -0.449    -0.340     0.596     0.140
 66      rho-    -213 [46] (105,106)   
                                 0.314    -0.047     0.876     1.211     0.774
 67     Kbar0    -311 [46] (109)   
                                 0.623    -0.177     0.608     1.018     0.498
 68        K-    -321 [50]    
                                 0.091     0.412     1.009     1.200     0.494
 69K_2(1820)+   20325 [50] (110,111)   
                                 0.583     0.621     3.950     4.421     1.794
 70       pi+     211 [52]    
                                 0.191     0.089     0.304     0.395     0.140
 71        K0     311 [52] (114)   
                                 2.824    -0.881     0.954     3.148     0.498
 72        K0     311 [49] (121)   
                                -0.684    -0.309     0.206     0.924     0.498
 73       pi+     211 [49]    
                                 0.111     0.714    -0.720     1.029     0.140
------------------------------------------------------------------------------
     Sum of momenta:            -3e-05    -5e-05    -4e-05      31.2      31.2
------------------------------------------------------------------------------
Step 4 performed by DecayHandler
--- intermediates:
 74      rho-    -213 [55] (76,77)   
                                -0.698     0.011    -1.391     1.722     0.738
 75     Kbar0    -311 [55] (80)   
                                -0.461    -0.056    -0.520     0.856     0.498
 76       pi0     111 [74] (78,79)   
                                -0.665     0.260    -0.958     1.203     0.135
 81       pi0     111 [56] (83,84)   
                                 0.428    -0.359     0.359     0.677     0.135
 87     K*_0+   10321 [61] (89,90)   
                                -1.932     0.526    -3.795     4.377     0.866
 89        K0     311 [87] (91)   
                                -1.165     0.184    -1.805     2.213     0.498
 91      K_S0     310 [89] (92,93)   
                                -1.165     0.184    -1.805     2.213     0.498
 94       K*-    -323 [62] (96,97)   
                                -0.791     0.484     1.533     2.019     0.931
 96     Kbar0    -311 [94] (98)   
                                -0.906     0.359     1.261     1.669     0.498
 99     omega     223 [63] (101,102)   
                                 0.617    -0.008     0.318     1.043     0.779
102       pi0     111 [99] (103,104)   
                                 0.712    -0.213     0.311     0.817     0.135
105       pi0     111 [66] (107,108)   
                                 0.296     0.209     0.830     0.916     0.135
110       K*0     313 [69] (112,113)   
                                 1.002     0.210     2.973     3.273     0.909
114      K_S0     310 [71] (115,116)   
                                 2.824    -0.881     0.954     3.148     0.498
115       pi0     111 [114] (117,118)   
                                 1.650    -0.474     0.763     1.884     0.135
116       pi0     111 [114] (119,120)   
                                 1.174    -0.408     0.191     1.265     0.135
--- final:
 54       pi+     211 [48]    
                                -0.396     0.130    -0.774     0.890     0.140
 57       pi-    -211 [45]    
                                 0.018     0.223     0.120     0.290     0.140
 58       pi-    -211 [44]    
                                -0.461    -0.032    -1.664     1.732     0.140
 59       pi+     211 [44]    
                                 0.046     0.234    -0.219     0.353     0.140
 64       pi-    -211 [51]    
                                -0.429    -0.622    -0.073     0.772     0.140
 65       pi+     211 [51]    
                                 0.136    -0.449    -0.340     0.596     0.140
 68        K-    -321 [50]    
                                 0.091     0.412     1.009     1.200     0.494
 70       pi+     211 [52]    
                                 0.191     0.089     0.304     0.395     0.140
 73       pi+     211 [49]    
                                 0.111     0.714    -0.720     1.029     0.140
 77       pi-    -211 [74]    
                                -0.033    -0.250    -0.433     0.520     0.140
 78     gamma      22 [76]    
                                -0.000     0.018    -0.013     0.022     0.000
 79     gamma      22 [76]    
                                -0.665     0.243    -0.945     1.180     0.000
 80      K_L0     130 [75]    
                                -0.461    -0.056    -0.520     0.856     0.498
 82       pi+     211 [56]    
                                 0.668     0.096    -0.200     0.718     0.140
 83     gamma      22 [81]    
                                 0.131    -0.038     0.101     0.170     0.000
 84     gamma      22 [81]    
                                 0.297    -0.321     0.258     0.508     0.000
 85     gamma      22 [60]    
                                -0.168    -0.162    -0.306     0.385     0.000
 86     gamma      22 [60]    
                                -0.139     0.000    -0.182     0.229     0.000
 88       pi-    -211 [61]    
                                -0.362    -0.093    -0.324     0.514     0.140
 90       pi+     211 [87]    
                                -0.767     0.342    -1.990     2.164     0.140
 92       pi+     211 [91]    
                                -0.479    -0.112    -0.603     0.791     0.140
 93       pi-    -211 [91]    
                                -0.686     0.296    -1.202     1.422     0.140
 95       pi+     211 [62]    
                                -0.171    -0.371     0.286     0.518     0.140
 97       pi-    -211 [94]    
                                 0.115     0.125     0.272     0.350     0.140
 98      K_L0     130 [96]    
                                -0.906     0.359     1.261     1.669     0.498
100       pi-    -211 [63]    
                                 0.043     0.026    -0.017     0.149     0.140
101     gamma      22 [99]    
                                -0.095     0.205     0.007     0.226     0.000
103     gamma      22 [102]    
                                 0.162    -0.067     0.135     0.222     0.000
104     gamma      22 [102]    
                                 0.550    -0.146     0.176     0.595     0.000
106       pi-    -211 [66]    
                                 0.018    -0.256     0.046     0.295     0.140
107     gamma      22 [105]    
                                 0.294     0.155     0.696     0.772     0.000
108     gamma      22 [105]    
                                 0.002     0.054     0.134     0.144     0.000
109      K_L0     130 [67]    
                                 0.623    -0.177     0.608     1.018     0.498
111       pi+     211 [69]    
                                -0.419     0.411     0.977     1.148     0.140
112        K+     321 [110]    
                                 1.019     0.290     2.288     2.569     0.494
113       pi-    -211 [110]    
                                -0.017    -0.079     0.686     0.704     0.140
117     gamma      22 [115]    
                                 1.166    -0.388     0.508     1.330     0.000
118     gamma      22 [115]    
                                 0.484    -0.086     0.254     0.553     0.000
119     gamma      22 [116]    
                                 0.037    -0.042     0.008     0.057     0.000
120     gamma      22 [116]    
                                 1.136    -0.366     0.183     1.208     0.000
121      K_L0     130 [72]    
                                -0.684    -0.309     0.206     0.924     0.498
------------------------------------------------------------------------------
     Sum of momenta:            -3e-05    -5e-05    -4e-05      31.2      31.2

The following exception classes were reported in this run:
ThePEG::EventHandler::ConsistencyException warning (1 times)
ThePEG::LesHouchesReader::LesHouchesReopenWarning warning (1 times)
