>>>>>>>>>>>>>>>>>>>>>>>>>>>>>>>>>>>>>>>>>>>>>>>>>>>>>>>>>>>>>>>>>>>>>>>>>>>>>>
>>>> Toolkit for HEP Event Generation - ThePEG 2.2.0 <<<<<<<<<<<<<<<<<<<<<<<<<
>>>> Tue Jun 30 00:34:36 2020                                             <<<<
<<<<<<<<<<<<<<<<<<<<<<<<<<<<<<<<<<<<<<<<<<<<<<<<<<<<<<<<<<<<<<<<<<<<<<<<<<<<<<

>> Herwig 7.2.0 / ThePEG 2.2.0

/Herwig/EventHandlers/NoCuts:
MHat  = 2 .. 19.4431 GeV
Scale = 0 .. 1e+12 GeV2
YHat  = -100 .. 100
X1    = 0 .. 1
X2    = 0 .. 1

* A warning exception of type ThePEG::LesHouchesReader::LesHouchesReopenWarning occurred while generating event number 1: 
Reopening LesHouchesReader 'myReader' after accessing 2 events out of 1
* A warning exception of type ThePEG::EventHandler::ConsistencyException occurred while generating event number 1: 
Event handler 'myLesHouchesHandler' found energy-momentum non-conservation by (-2e-05,-2e-05,-2e-05;9.99901e-06) GeV after generating step number 4.

******************************************************************************
Event number 1 (id: ./OUTPUT/0.95MB1.05/1511299816/TMP/Cluster_HERWIGOutput_23) performed by myLesHouchesHandler
Weight: 1
==============================================================================

--- Colliding particles:
  1        e-      11  (3)   
                                 4.861     0.000    -0.000     4.861     0.000
  2        e+     -11  (3)   
                                -4.861     0.000     0.000     4.861     0.000
------------------------------------------------------------------------------
Primary sub-process performed by myReader
--- incoming:
  1        e-      11  (3)   
                                 4.861     0.000    -0.000     4.861     0.000
  2        e+     -11  (3)   
                                -4.861     0.000     0.000     4.861     0.000
--- intermediates:
  3     gamma      22 [1,2] (4..7)   
                                 0.000     0.000     0.000     9.722     9.722
--- outgoing:
  4         g      21 [3] (8)  5>>6 {+1,-2}
                                 1.766     2.133    -0.708     2.859     0.000
  5         g      21 [3] (9)  7>>4 {+2,-3}
                                -4.014    -1.987     0.099     4.480     0.000
  6         g      21 [3] (10)  4>>7 {+4,-1}
                                 0.309     0.116     0.195     0.383     0.000
  7         g      21 [3] (11)  6>>5 {+3,-4}
                                 1.939    -0.263     0.414     2.000     0.000
------------------------------------------------------------------------------
Step 1 performed by myLesHouchesHandler
--- intermediates:
  1        e-      11  (3)   
                                 4.861     0.000    -0.000     4.861     0.000
  2        e+     -11  (3)   
                                -4.861     0.000     0.000     4.861     0.000
  3     gamma      22 [1,2] (4..7)   
                                 0.000     0.000     0.000     9.722     9.722
--- final:
  4         g      21 [3] (8)  5>>6 {+1,-2}
                                 1.766     2.133    -0.708     2.859     0.000
  5         g      21 [3] (9)  7>>4 {+2,-3}
                                -4.014    -1.987     0.099     4.480     0.000
  6         g      21 [3] (10)  4>>7 {+4,-1}
                                 0.309     0.116     0.195     0.383     0.000
  7         g      21 [3] (11)  6>>5 {+3,-4}
                                 1.939    -0.263     0.414     2.000     0.000
------------------------------------------------------------------------------
     Sum of momenta:            -3e-05    -2e-05    -2e-05      9.72      9.72
------------------------------------------------------------------------------
Step 2 performed by ShowerHandler
--- final:
  8         g      21 [4] (12,13)  9>>10 {+1,-2}
                                 1.548     1.870    -0.621     2.680     0.950
  9         g      21 [5] (14,15)  11>>8 {+2,-3}
                                -3.518    -1.742     0.087     4.040     0.950
 10         g      21 [6] (16,17)  8>>11 {+4,-1}
                                 0.271     0.102     0.171     1.008     0.950
 11         g      21 [7] (18,19)  10>>9 {+3,-4}
                                 1.699    -0.230     0.363     1.994     0.950
------------------------------------------------------------------------------
     Sum of momenta:            -3e-05    -2e-05    -2e-05      9.72      9.72
------------------------------------------------------------------------------
Step 3 performed by ClusterHadHandler
--- intermediates:
 12         s       3 [8] (20)   {+1}
                                 0.776     1.142    -0.399     1.506     0.450
 13      sbar      -3 [8] (21)   {-2}
                                 0.772     0.728    -0.222     1.174     0.450
 14         d       1 [9] (21)   {+2}
                                -2.127    -1.234     0.337     2.503     0.325
 15      dbar      -1 [9] (22)   {-3}
                                -1.391    -0.507    -0.250     1.537     0.325
 16         u       2 [10] (23)   {+4}
                                 0.308    -0.211    -0.062     0.499     0.325
 17      ubar      -2 [10] (20)   {-1}
                                -0.037     0.313     0.233     0.509     0.325
 18         s       3 [11] (22)   {+3}
                                 0.729    -0.197     0.270     0.920     0.450
 19      sbar      -3 [11] (23)   {-4}
                                 0.970    -0.033     0.093     1.074     0.450
 20   Cluster      81 [12,17] (28,29)   
                                 0.739     1.455    -0.166     2.015     1.171
 21   Cluster      81 [13,14] (26,27)   
                                -1.355    -0.506     0.115     3.677     3.379
 22   Cluster      81 [15,18] (30,31)   
                                -0.662    -0.705     0.019     2.456     2.258
 23   Cluster      81 [16,19] (24,25)   
                                 1.279    -0.244     0.032     1.573     0.883
--- final:
 24       pi+     211 [23]    
                                 0.068    -0.105    -0.155     0.244     0.140
 25        K0     311 [23] (32)   
                                 1.211    -0.139     0.187     1.330     0.498
 26 Sigmabar-   -3222 [21] (35,36)   
                                 0.047    -1.023    -0.050     1.571     1.189
 27  p(1535)+   22212 [21] (37,38)   
                                -1.402     0.517     0.165     2.107     1.475
 28     Kbar0    -311 [20] (39)   
                                 0.444     0.861     0.371     1.150     0.498
 29       pi-    -211 [20]    
                                 0.295     0.594    -0.537     0.864     0.140
 30       eta     221 [22] (40,41)   
                                -0.698    -0.116     0.172     0.911     0.548
 31   K'*bar0 -100313 [22] (42,43)   
                                 0.035    -0.589    -0.153     1.546     1.420
------------------------------------------------------------------------------
     Sum of momenta:            -3e-05    -2e-05    -2e-05      9.72      9.72
------------------------------------------------------------------------------
Step 4 performed by DecayHandler
--- intermediates:
 32      K_S0     310 [25] (33,34)   
                                 1.211    -0.139     0.187     1.330     0.498
 42       K*-    -323 [31] (44,45)   
                                 0.108    -0.152     0.254     0.929     0.873
 44     Kbar0    -311 [42] (46)   
                                 0.181    -0.313     0.320     0.694     0.498
--- final:
 24       pi+     211 [23]    
                                 0.068    -0.105    -0.155     0.244     0.140
 29       pi-    -211 [20]    
                                 0.295     0.594    -0.537     0.864     0.140
 33       pi+     211 [32]    
                                 0.243     0.033    -0.095     0.298     0.140
 34       pi-    -211 [32]    
                                 0.968    -0.171     0.282     1.032     0.140
 35     nbar0   -2112 [26]    
                                 0.111    -1.032    -0.112     1.405     0.940
 36       pi-    -211 [26]    
                                -0.064     0.009     0.062     0.166     0.140
 37        n0    2112 [27]    
                                -0.469     0.398     0.254     1.151     0.940
 38       pi+     211 [27]    
                                -0.934     0.119    -0.088     0.955     0.140
 39      K_L0     130 [28]    
                                 0.444     0.861     0.371     1.150     0.498
 40     gamma      22 [30]    
                                -0.040     0.165    -0.017     0.171     0.000
 41     gamma      22 [30]    
                                -0.658    -0.281     0.189     0.740     0.000
 43       pi+     211 [31]    
                                -0.073    -0.437    -0.406     0.617     0.140
 45       pi-    -211 [42]    
                                -0.073     0.161    -0.066     0.235     0.140
 46      K_L0     130 [44]    
                                 0.181    -0.313     0.320     0.694     0.498
------------------------------------------------------------------------------
     Sum of momenta:            -3e-05    -2e-05    -2e-05      9.72      9.72

The following exception classes were reported in this run:
ThePEG::EventHandler::ConsistencyException warning (1 times)
ThePEG::LesHouchesReader::LesHouchesReopenWarning warning (1 times)
