>>>>>>>>>>>>>>>>>>>>>>>>>>>>>>>>>>>>>>>>>>>>>>>>>>>>>>>>>>>>>>>>>>>>>>>>>>>>>>
>>>> Toolkit for HEP Event Generation - ThePEG 2.2.0 <<<<<<<<<<<<<<<<<<<<<<<<<
>>>> Tue Jun 30 00:36:08 2020                                             <<<<
<<<<<<<<<<<<<<<<<<<<<<<<<<<<<<<<<<<<<<<<<<<<<<<<<<<<<<<<<<<<<<<<<<<<<<<<<<<<<<

>> Herwig 7.2.0 / ThePEG 2.2.0

/Herwig/EventHandlers/NoCuts:
MHat  = 2 .. 23.7742 GeV
Scale = 0 .. 1e+12 GeV2
YHat  = -100 .. 100
X1    = 0 .. 1
X2    = 0 .. 1

* A warning exception of type ThePEG::LesHouchesReader::LesHouchesReopenWarning occurred while generating event number 1: 
Reopening LesHouchesReader 'myReader' after accessing 2 events out of 1
* A warning exception of type ThePEG::EventHandler::ConsistencyException occurred while generating event number 1: 
Event handler 'myLesHouchesHandler' found energy-momentum non-conservation by (5.88329e-14,-1e-05,-3e-05;9.99896e-06) GeV after generating step number 4.

******************************************************************************
Event number 1 (id: ./OUTPUT/0.95MB1.05/1512015332/TMP/Cluster_HERWIGOutput_25) performed by myLesHouchesHandler
Weight: 1
==============================================================================

--- Colliding particles:
  1        e-      11  (3)   
                                 5.944     0.000     0.000     5.944     0.000
  2        e+     -11  (3)   
                                -5.944     0.000    -0.000     5.944     0.000
------------------------------------------------------------------------------
Primary sub-process performed by myReader
--- incoming:
  1        e-      11  (3)   
                                 5.944     0.000     0.000     5.944     0.000
  2        e+     -11  (3)   
                                -5.944     0.000    -0.000     5.944     0.000
--- intermediates:
  3     gamma      22 [1,2] (4..7)   
                                -0.000     0.000     0.000    11.887    11.887
--- outgoing:
  4         g      21 [3] (8)  5>>7 {+1,-2}
                                 0.607    -2.163     3.902     4.502     0.000
  5         g      21 [3] (9)  6>>4 {+2,-3}
                                 0.362     2.092    -5.034     5.463     0.000
  6         g      21 [3] (12)  7>>5 {+3,-4}
                                -0.610     0.183    -0.089     0.643     0.000
  7         g      21 [3] (13)  4>>6 {+4,-1}
                                -0.359    -0.112     1.221     1.278     0.000
------------------------------------------------------------------------------
Step 1 performed by myLesHouchesHandler
--- intermediates:
  1        e-      11  (3)   
                                 5.944     0.000     0.000     5.944     0.000
  2        e+     -11  (3)   
                                -5.944     0.000    -0.000     5.944     0.000
  3     gamma      22 [1,2] (4..7)   
                                -0.000     0.000     0.000    11.887    11.887
--- final:
  4         g      21 [3] (8)  5>>7 {+1,-2}
                                 0.607    -2.163     3.902     4.502     0.000
  5         g      21 [3] (9)  6>>4 {+2,-3}
                                 0.362     2.092    -5.034     5.463     0.000
  6         g      21 [3] (12)  7>>5 {+3,-4}
                                -0.610     0.183    -0.089     0.643     0.000
  7         g      21 [3] (13)  4>>6 {+4,-1}
                                -0.359    -0.112     1.221     1.278     0.000
------------------------------------------------------------------------------
     Sum of momenta:            -1e-05    -1e-05    -3e-05      11.9      11.9
------------------------------------------------------------------------------
Step 2 performed by ShowerHandler
--- intermediates:
  9         g      21 [5] (10,11)   {+2,-3}
                                 0.316     1.827    -4.397     5.272     2.239
--- final:
  8         g      21 [4] (14,15)  10>>13 {+1,-2}
                                 0.530    -1.889     3.409     4.046     0.950
 10         d       1 [9] (22)  >8 {+2}
                                 0.522     1.562    -1.258     2.098     0.325
 11      dbar      -1 [9] (21)  12> {-3}
                                -0.205     0.265    -3.139     3.173     0.325
 12         g      21 [6] (16,17)  13>>11 {+3,-4}
                                -0.533     0.160    -0.078     1.104     0.950
 13         g      21 [7] (18,19)  8>>12 {+4,-1}
                                -0.313    -0.098     1.067     1.466     0.950
------------------------------------------------------------------------------
     Sum of momenta:            -1e-05    -1e-05    -3e-05      11.9      11.9
------------------------------------------------------------------------------
Step 3 performed by ClusterHadHandler
--- intermediates:
 14         u       2 [8] (20)   {+1}
                                 0.448    -1.240     1.620     2.114     0.325
 15      ubar      -2 [8] (23)   {-2}
                                 0.082    -0.649     1.789     1.932     0.325
 16         s       3 [12] (21)   {+3}
                                -0.348    -0.007     0.058     0.572     0.450
 17      sbar      -3 [12] (22)   {-4}
                                -0.185     0.167    -0.136     0.532     0.450
 18         u       2 [13] (23)   {+4}
                                -0.384     0.134     0.308     0.605     0.325
 19      ubar      -2 [13] (20)   {-1}
                                 0.071    -0.232     0.759     0.861     0.325
 20   Cluster      81 [14,19] (30,31)   
                                 0.519    -1.473     2.379     2.975     0.867
 21   Cluster      81 [11,16] (28,29)   
                                -0.553     0.258    -3.081     3.745     2.040
 22   Cluster      81 [10,17] (24,25)   
                                 0.336     1.729    -1.394     2.630     1.368
 23   Cluster      81 [15,18] (26,27)   
                                -0.302    -0.515     2.096     2.537     1.298
--- final:
 24       pi-    -211 [22]    
                                -0.265     1.234    -1.043     1.644     0.140
 25        K+     321 [22]    
                                 0.601     0.495    -0.351     0.987     0.494
 26     omega     223 [23] (32,33)   
                                -0.298    -0.612     1.044     1.472     0.783
 27       pi0     111 [23] (38,39)   
                                -0.004     0.097     1.052     1.065     0.135
 28        K-    -321 [21]    
                                 0.193    -0.044    -0.449     0.696     0.494
 29      b_1+   10213 [21] (40,41)   
                                -0.746     0.303    -2.632     3.049     1.311
 30       pi0     111 [20] (48,49)   
                                -0.180    -0.288     0.779     0.861     0.135
 31       pi0     111 [20] (50,51)   
                                 0.699    -1.184     1.600     2.114     0.135
------------------------------------------------------------------------------
     Sum of momenta:            -1e-05    -1e-05    -3e-05      11.9      11.9
------------------------------------------------------------------------------
Step 4 performed by DecayHandler
--- intermediates:
 32      rho0     113 [26] (34,35)   
                                -0.458    -0.473     0.908     1.186     0.385
 33       pi0     111 [26] (36,37)   
                                 0.160    -0.139     0.136     0.286     0.135
 40     omega     223 [29] (42,43)   
                                -0.491     0.607    -1.704     2.029     0.779
 42      rho+     213 [40] (44,45)   
                                -0.442     0.448    -1.474     1.714     0.606
 44       pi0     111 [42] (46,47)   
                                -0.021    -0.099    -0.263     0.313     0.135
--- final:
 24       pi-    -211 [22]    
                                -0.265     1.234    -1.043     1.644     0.140
 25        K+     321 [22]    
                                 0.601     0.495    -0.351     0.987     0.494
 28        K-    -321 [21]    
                                 0.193    -0.044    -0.449     0.696     0.494
 34       pi+     211 [32]    
                                -0.226    -0.241     0.661     0.752     0.140
 35       pi-    -211 [32]    
                                -0.232    -0.232     0.247     0.434     0.140
 36     gamma      22 [33]    
                                 0.116    -0.076     0.011     0.139     0.000
 37     gamma      22 [33]    
                                 0.044    -0.063     0.125     0.146     0.000
 38     gamma      22 [27]    
                                 0.004    -0.034     0.200     0.203     0.000
 39     gamma      22 [27]    
                                -0.009     0.131     0.852     0.862     0.000
 41       pi+     211 [29]    
                                -0.255    -0.304    -0.929     1.020     0.140
 43       pi-    -211 [40]    
                                -0.049     0.159    -0.229     0.316     0.140
 45       pi+     211 [42]    
                                -0.421     0.548    -1.211     1.401     0.140
 46     gamma      22 [44]    
                                -0.038    -0.129    -0.223     0.260     0.000
 47     gamma      22 [44]    
                                 0.016     0.030    -0.041     0.053     0.000
 48     gamma      22 [30]    
                                -0.053    -0.114     0.449     0.466     0.000
 49     gamma      22 [30]    
                                -0.128    -0.174     0.330     0.394     0.000
 50     gamma      22 [31]    
                                 0.536    -1.003     1.291     1.720     0.000
 51     gamma      22 [31]    
                                 0.164    -0.181     0.309     0.394     0.000
------------------------------------------------------------------------------
     Sum of momenta:            -1e-05    -1e-05    -3e-05      11.9      11.9

The following exception classes were reported in this run:
ThePEG::EventHandler::ConsistencyException warning (1 times)
ThePEG::LesHouchesReader::LesHouchesReopenWarning warning (1 times)
