>>>>>>>>>>>>>>>>>>>>>>>>>>>>>>>>>>>>>>>>>>>>>>>>>>>>>>>>>>>>>>>>>>>>>>>>>>>>>>
>>>> Toolkit for HEP Event Generation - ThePEG 2.2.0 <<<<<<<<<<<<<<<<<<<<<<<<<
>>>> Tue Jun 30 00:35:11 2020                                             <<<<
<<<<<<<<<<<<<<<<<<<<<<<<<<<<<<<<<<<<<<<<<<<<<<<<<<<<<<<<<<<<<<<<<<<<<<<<<<<<<<

>> Herwig 7.2.0 / ThePEG 2.2.0

/Herwig/EventHandlers/NoCuts:
MHat  = 2 .. 69.4413 GeV
Scale = 0 .. 1e+12 GeV2
YHat  = -100 .. 100
X1    = 0 .. 1
X2    = 0 .. 1

* A warning exception of type ThePEG::LesHouchesReader::LesHouchesReopenWarning occurred while generating event number 1: 
Reopening LesHouchesReader 'myReader' after accessing 2 events out of 1
* A warning exception of type ThePEG::EventHandler::ConsistencyException occurred while generating event number 1: 
Event handler 'myLesHouchesHandler' found energy-momentum non-conservation by (-1.1e-05,-3e-05,-2e-05;1.19988e-05) GeV after generating step number 4.

******************************************************************************
Event number 1 (id: ./OUTPUT/0.95MB1.05/1513331033/TMP/Cluster_HERWIGOutput_24) performed by myLesHouchesHandler
Weight: 1
==============================================================================

--- Colliding particles:
  1        e-      11  (3)   
                                17.360     0.000    -0.000    17.360     0.000
  2        e+     -11  (3)   
                               -17.360     0.000     0.000    17.360     0.000
------------------------------------------------------------------------------
Primary sub-process performed by myReader
--- incoming:
  1        e-      11  (3)   
                                17.360     0.000    -0.000    17.360     0.000
  2        e+     -11  (3)   
                               -17.360     0.000     0.000    17.360     0.000
--- intermediates:
  3     gamma      22 [1,2] (4..8)   
                                -0.000     0.000     0.000    34.721    34.721
--- outgoing:
  4         g      21 [3] (9)  5>>8 {+1,-2}
                                -5.383    -3.981   -14.014    15.531     0.000
  5         g      21 [3] (14)  7>>4 {+2,-3}
                                 3.654     4.218     5.246     7.659     0.000
  6         g      21 [3] (15)  8>>7 {+4,-5}
                                -1.244    -0.701     3.206     3.510     0.000
  7         g      21 [3] (18)  6>>5 {+3,-4}
                                 1.119    -0.956     5.490     5.684     0.000
  8         g      21 [3] (21)  4>>6 {+5,-1}
                                 1.853     1.420     0.071     2.336     0.000
------------------------------------------------------------------------------
Step 1 performed by myLesHouchesHandler
--- intermediates:
  1        e-      11  (3)   
                                17.360     0.000    -0.000    17.360     0.000
  2        e+     -11  (3)   
                               -17.360     0.000     0.000    17.360     0.000
  3     gamma      22 [1,2] (4..8)   
                                -0.000     0.000     0.000    34.721    34.721
--- final:
  4         g      21 [3] (9)  5>>8 {+1,-2}
                                -5.383    -3.981   -14.014    15.531     0.000
  5         g      21 [3] (14)  7>>4 {+2,-3}
                                 3.654     4.218     5.246     7.659     0.000
  6         g      21 [3] (15)  8>>7 {+4,-5}
                                -1.244    -0.701     3.206     3.510     0.000
  7         g      21 [3] (18)  6>>5 {+3,-4}
                                 1.119    -0.956     5.490     5.684     0.000
  8         g      21 [3] (21)  4>>6 {+5,-1}
                                 1.853     1.420     0.071     2.336     0.000
------------------------------------------------------------------------------
     Sum of momenta:            -2e-05    -3e-05    -2e-05      34.7      34.7
------------------------------------------------------------------------------
Step 2 performed by ShowerHandler
--- intermediates:
  9         g      21 [4] (10,11)   {+1,-2}
                                -4.903    -3.626   -12.763    15.220     5.618
 11         g      21 [9] (12,13)   {+1,-6}
                                -3.414    -4.197    -9.169    11.174     3.395
 15         g      21 [6] (16,17)   {+4,-5}
                                -1.133    -0.639     2.920     4.291     2.863
 18         g      21 [7] (19,20)   {+3,-4}
                                 1.020    -0.870     5.000     5.840     2.704
--- final:
 10         g      21 [9] (26,27)  14>>13 {+6,-2}
                                -1.489     0.572    -3.594     4.045     0.950
 12         g      21 [11] (28,29)  13>>21 {+1,-7}
                                -2.399    -0.887    -3.162     4.176     0.950
 13         g      21 [11] (30,31)  10>>12 {+7,-6}
                                -1.015    -3.311    -6.007     6.998     0.950
 14         g      21 [5] (22,23)  19>>10 {+2,-3}
                                 3.328     3.842     4.778     7.040     0.950
 16         g      21 [15] (32,33)  21>>17 {+8,-5}
                                -0.189     0.061     2.560     2.738     0.950
 17         g      21 [15] (34,35)  16>>20 {+4,-8}
                                -0.944    -0.699     0.360     1.553     0.950
 19         d       1 [18] (39)  >14 {+3}
                                -0.523    -0.045     3.375     3.430     0.325
 20      dbar      -1 [18] (38)  17> {-4}
                                 1.542    -0.826     1.625     2.410     0.325
 21         g      21 [8] (24,25)  12>>16 {+5,-1}
                                 1.688     1.293     0.065     2.330     0.950
------------------------------------------------------------------------------
     Sum of momenta:            -2e-05    -3e-05    -2e-05      34.7      34.7
------------------------------------------------------------------------------
Step 3 performed by ClusterHadHandler
--- intermediates:
 22         u       2 [14] (41)   {+2}
                                 2.562     3.236     3.763     5.595     0.325
 23      ubar      -2 [14] (43)   {-3}
                                 0.766     0.605     1.015     1.445     0.325
 24         d       1 [21] (42)   {+5}
                                 0.445     0.707    -0.124     0.905     0.325
 25      dbar      -1 [21] (41)   {-1}
                                 1.243     0.586     0.189     1.425     0.325
 26         u       2 [10] (36)   {+6}
                                -1.251     0.372    -3.088     3.368     0.325
 27      ubar      -2 [10] (42)   {-2}
                                -0.237     0.200    -0.506     0.677     0.325
 28         s       3 [12] (40)   {+1}
                                -1.093    -0.255    -1.429     1.872     0.450
 29      sbar      -3 [12] (37)   {-7}
                                -1.305    -0.632    -1.733     2.304     0.450
 30         d       1 [13] (37)   {+7}
                                -0.396    -0.592    -1.371     1.578     0.325
 31      dbar      -1 [13] (36)   {-6}
                                -0.619    -2.719    -4.636     5.420     0.325
 32         s       3 [16] (43)   {+8}
                                -0.137    -0.065     0.975     1.085     0.450
 33      sbar      -3 [16] (39)   {-5}
                                -0.052     0.126     1.585     1.654     0.450
 34         d       1 [17] (38)   {+4}
                                -0.479    -0.736     0.157     0.949     0.325
 35      dbar      -1 [17] (40)   {-8}
                                -0.465     0.037     0.203     0.604     0.325
 36   Cluster      81 [26,31] (56,57)   
                                -1.871    -2.347    -7.724     8.788     2.926
 37   Cluster      81 [29,30] (44,45)   
                                -1.701    -1.224    -3.104     3.883     1.025
 38   Cluster      81 [20,34] (58,59)   
                                 1.063    -1.562     1.783     3.359     2.130
 39   Cluster      81 [19,33] (46,47)   
                                -0.574     0.081     4.960     5.084     0.954
 40   Cluster      81 [28,35] (48,49)   
                                -1.558    -0.218    -1.226     2.476     1.466
 41   Cluster      81 [22,25] (54,55)   
                                 3.805     3.822     3.952     7.020     2.138
 42   Cluster      81 [24,27] (52,53)   
                                 0.207     0.907    -0.630     1.582     1.113
 43   Cluster      81 [23,32] (50,51)   
                                 0.629     0.540     1.990     2.530     1.324
--- final:
 44        K0     311 [37] (60)   
                                -1.498    -0.661    -2.138     2.738     0.498
 45       pi0     111 [37] (61,62)   
                                -0.203    -0.563    -0.966     1.145     0.135
 46       pi-    -211 [39]    
                                -0.377     0.144     3.557     3.582     0.140
 47        K+     321 [39]    
                                -0.197    -0.063     1.403     1.502     0.494
 48        K-    -321 [40]    
                                -0.328     0.199    -0.483     0.790     0.494
 49      rho+     213 [40] (63,64)   
                                -1.231    -0.418    -0.743     1.685     0.774
 50        K-    -321 [43]    
                                 0.316     0.099     0.612     0.853     0.494
 51     omega     223 [43] (67,68)   
                                 0.313     0.441     1.378     1.677     0.787
 52       pi0     111 [42] (73,74)   
                                -0.419     0.470    -0.447     0.784     0.135
 53       pi-    -211 [42]    
                                 0.626     0.438    -0.183     0.798     0.140
 54       pi+     211 [41]    
                                 1.125     0.090     0.874     1.434     0.140
 55     omega     223 [41] (75,76)   
                                 2.681     3.732     3.077     5.586     0.782
 56       eta     221 [36] (81,82)   
                                -1.414    -0.496    -2.442     2.917     0.548
 57    rho''+   30213 [36] (83,84)   
                                -0.457    -1.851    -5.282     5.872     1.714
 58      rho+     213 [38] (95,96)   
                                 0.267    -0.541     1.575     1.852     0.765
 59      rho-    -213 [38] (99,100)   
                                 0.796    -1.021     0.207     1.507     0.743
------------------------------------------------------------------------------
     Sum of momenta:            -2e-05    -3e-05    -2e-05      34.7      34.7
------------------------------------------------------------------------------
Step 4 performed by DecayHandler
--- intermediates:
 63       pi0     111 [49] (65,66)   
                                -0.275    -0.207    -0.574     0.683     0.135
 67      rho+     213 [51] (69,70)   
                                 0.297     0.427     1.000     1.273     0.591
 69       pi0     111 [67] (71,72)   
                                 0.096     0.143     0.015     0.219     0.135
 75      rho0     113 [55] (77,78)   
                                 1.638     2.200     1.607     3.216     0.486
 76       pi0     111 [55] (79,80)   
                                 1.043     1.532     1.470     2.370     0.135
 83      rho+     213 [57] (85,86)   
                                -0.444    -1.811    -5.067     5.450     0.742
 84     sigma 9000221 [57] (89,90)   
                                -0.013    -0.041    -0.215     0.422     0.360
 85       pi0     111 [83] (87,88)   
                                 0.173    -0.544    -1.653     1.754     0.135
 89       pi0     111 [84] (91,92)   
                                 0.038     0.077    -0.038     0.164     0.135
 90       pi0     111 [84] (93,94)   
                                -0.052    -0.117    -0.177     0.257     0.135
 95       pi0     111 [58] (97,98)   
                                 0.435    -0.267     1.313     1.415     0.135
 99       pi0     111 [59] (101,102)   
                                 0.024    -0.373    -0.155     0.426     0.135
--- final:
 46       pi-    -211 [39]    
                                -0.377     0.144     3.557     3.582     0.140
 47        K+     321 [39]    
                                -0.197    -0.063     1.403     1.502     0.494
 48        K-    -321 [40]    
                                -0.328     0.199    -0.483     0.790     0.494
 50        K-    -321 [43]    
                                 0.316     0.099     0.612     0.853     0.494
 53       pi-    -211 [42]    
                                 0.626     0.438    -0.183     0.798     0.140
 54       pi+     211 [41]    
                                 1.125     0.090     0.874     1.434     0.140
 60      K_L0     130 [44]    
                                -1.498    -0.661    -2.138     2.738     0.498
 61     gamma      22 [45]    
                                -0.120    -0.310    -0.410     0.527     0.000
 62     gamma      22 [45]    
                                -0.083    -0.253    -0.557     0.617     0.000
 64       pi+     211 [49]    
                                -0.955    -0.210    -0.169     1.002     0.140
 65     gamma      22 [63]    
                                -0.090    -0.083    -0.097     0.157     0.000
 66     gamma      22 [63]    
                                -0.185    -0.124    -0.477     0.526     0.000
 68       pi-    -211 [51]    
                                 0.016     0.014     0.378     0.404     0.140
 70       pi+     211 [67]    
                                 0.201     0.284     0.984     1.054     0.140
 71     gamma      22 [69]    
                                 0.108     0.162     0.006     0.195     0.000
 72     gamma      22 [69]    
                                -0.013    -0.019     0.010     0.025     0.000
 73     gamma      22 [52]    
                                -0.239     0.172    -0.179     0.345     0.000
 74     gamma      22 [52]    
                                -0.180     0.297    -0.269     0.439     0.000
 77       pi+     211 [75]    
                                 1.064     1.161     1.045     1.896     0.140
 78       pi-    -211 [75]    
                                 0.573     1.039     0.562     1.320     0.140
 79     gamma      22 [76]    
                                 0.723     0.998     0.909     1.532     0.000
 80     gamma      22 [76]    
                                 0.320     0.534     0.561     0.838     0.000
 81     gamma      22 [56]    
                                -0.063    -0.167    -0.137     0.225     0.000
 82     gamma      22 [56]    
                                -1.350    -0.329    -2.305     2.691     0.000
 86       pi+     211 [83]    
                                -0.616    -1.266    -3.414     3.696     0.140
 87     gamma      22 [85]    
                                 0.046    -0.214    -0.455     0.505     0.000
 88     gamma      22 [85]    
                                 0.127    -0.330    -1.198     1.249     0.000
 91     gamma      22 [89]    
                                 0.076     0.033     0.018     0.084     0.000
 92     gamma      22 [89]    
                                -0.037     0.044    -0.055     0.080     0.000
 93     gamma      22 [90]    
                                -0.069    -0.005    -0.046     0.083     0.000
 94     gamma      22 [90]    
                                 0.017    -0.113    -0.131     0.174     0.000
 96       pi+     211 [58]    
                                -0.167    -0.274     0.263     0.438     0.140
 97     gamma      22 [95]    
                                 0.299    -0.139     0.690     0.765     0.000
 98     gamma      22 [95]    
                                 0.136    -0.128     0.623     0.650     0.000
100       pi-    -211 [59]    
                                 0.772    -0.648     0.363     1.080     0.140
101     gamma      22 [99]    
                                 0.029    -0.184    -0.147     0.237     0.000
102     gamma      22 [99]    
                                -0.005    -0.189    -0.008     0.189     0.000
------------------------------------------------------------------------------
     Sum of momenta:            -2e-05    -3e-05    -2e-05      34.7      34.7

The following exception classes were reported in this run:
ThePEG::EventHandler::ConsistencyException warning (1 times)
ThePEG::LesHouchesReader::LesHouchesReopenWarning warning (1 times)
