>>>>>>>>>>>>>>>>>>>>>>>>>>>>>>>>>>>>>>>>>>>>>>>>>>>>>>>>>>>>>>>>>>>>>>>>>>>>>>
>>>> Toolkit for HEP Event Generation - ThePEG 2.2.0 <<<<<<<<<<<<<<<<<<<<<<<<<
>>>> Tue Jun 30 00:35:08 2020                                             <<<<
<<<<<<<<<<<<<<<<<<<<<<<<<<<<<<<<<<<<<<<<<<<<<<<<<<<<<<<<<<<<<<<<<<<<<<<<<<<<<<

>> Herwig 7.2.0 / ThePEG 2.2.0

/Herwig/EventHandlers/NoCuts:
MHat  = 2 .. 22.1225 GeV
Scale = 0 .. 1e+12 GeV2
YHat  = -100 .. 100
X1    = 0 .. 1
X2    = 0 .. 1

* A warning exception of type ThePEG::LesHouchesReader::LesHouchesReopenWarning occurred while generating event number 1: 
Reopening LesHouchesReader 'myReader' after accessing 2 events out of 1
* A warning exception of type ThePEG::EventHandler::ConsistencyException occurred while generating event number 1: 
Event handler 'myLesHouchesHandler' found energy-momentum non-conservation by (-1e-05,-2e-05,-2e-05;-1.17479e-09) GeV after generating step number 4.

******************************************************************************
Event number 1 (id: ./OUTPUT/0.95MB1.05/1514252634/TMP/Cluster_HERWIGOutput_24) performed by myLesHouchesHandler
Weight: 1
==============================================================================

--- Colliding particles:
  1        e-      11  (3)   
                                 5.531     0.000    -0.000     5.531     0.000
  2        e+     -11  (3)   
                                -5.531     0.000     0.000     5.531     0.000
------------------------------------------------------------------------------
Primary sub-process performed by myReader
--- incoming:
  1        e-      11  (3)   
                                 5.531     0.000    -0.000     5.531     0.000
  2        e+     -11  (3)   
                                -5.531     0.000     0.000     5.531     0.000
--- intermediates:
  3     gamma      22 [1,2] (4..7)   
                                -0.000     0.000     0.000    11.061    11.061
--- outgoing:
  4         g      21 [3] (8)  7>>6 {+1,-2}
                                -1.206     1.284    -1.913     2.601     0.000
  5         g      21 [3] (9)  6>>7 {+3,-4}
                                 3.496    -1.249     3.246     4.932     0.000
  6         g      21 [3] (10)  4>>5 {+4,-1}
                                 0.114     0.603    -0.758     0.975     0.000
  7         g      21 [3] (11)  5>>4 {+2,-3}
                                -2.404    -0.639    -0.576     2.553     0.000
------------------------------------------------------------------------------
Step 1 performed by myLesHouchesHandler
--- intermediates:
  1        e-      11  (3)   
                                 5.531     0.000    -0.000     5.531     0.000
  2        e+     -11  (3)   
                                -5.531     0.000     0.000     5.531     0.000
  3     gamma      22 [1,2] (4..7)   
                                -0.000     0.000     0.000    11.061    11.061
--- final:
  4         g      21 [3] (8)  7>>6 {+1,-2}
                                -1.206     1.284    -1.913     2.601     0.000
  5         g      21 [3] (9)  6>>7 {+3,-4}
                                 3.496    -1.249     3.246     4.932     0.000
  6         g      21 [3] (10)  4>>5 {+4,-1}
                                 0.114     0.603    -0.758     0.975     0.000
  7         g      21 [3] (11)  5>>4 {+2,-3}
                                -2.404    -0.639    -0.576     2.553     0.000
------------------------------------------------------------------------------
     Sum of momenta:            -2e-05    -2e-05    -2e-05      11.1      11.1
------------------------------------------------------------------------------
Step 2 performed by ShowerHandler
--- final:
  8         g      21 [4] (12,13)  11>>10 {+1,-2}
                                -1.111     1.183    -1.762     2.577     0.950
  9         g      21 [5] (14,15)  10>>11 {+3,-4}
                                 3.220    -1.150     2.990     4.641     0.950
 10         g      21 [6] (16,17)  8>>9 {+4,-1}
                                 0.105     0.556    -0.698     1.307     0.950
 11         g      21 [7] (18,19)  9>>8 {+2,-3}
                                -2.214    -0.588    -0.530     2.536     0.950
------------------------------------------------------------------------------
     Sum of momenta:            -2e-05    -2e-05    -2e-05      11.1      11.1
------------------------------------------------------------------------------
Step 3 performed by ClusterHadHandler
--- intermediates:
 12         u       2 [8] (20)   {+1}
                                -0.641     1.084    -1.216     1.780     0.325
 13      ubar      -2 [8] (21)   {-2}
                                -0.470     0.099    -0.546     0.797     0.325
 14         s       3 [9] (22)   {+3}
                                 1.992    -0.678     1.952     2.905     0.450
 15      sbar      -3 [9] (23)   {-4}
                                 1.228    -0.472     1.038     1.735     0.450
 16         u       2 [10] (23)   {+4}
                                -0.003     0.240    -0.736     0.840     0.325
 17      ubar      -2 [10] (20)   {-1}
                                 0.108     0.316     0.038     0.468     0.325
 18         u       2 [11] (21)   {+2}
                                -1.498    -0.290    -0.643     1.687     0.325
 19      ubar      -2 [11] (22)   {-3}
                                -0.717    -0.298     0.113     0.849     0.325
 20   Cluster      81 [12,17] (28,29)   
                                -0.532     1.400    -1.177     2.248     1.193
 21   Cluster      81 [13,18] (24,25)   
                                -1.968    -0.191    -1.190     2.484     0.920
 22   Cluster      81 [14,19] (26,27)   
                                 1.276    -0.976     2.065     3.754     2.693
 23   Cluster      81 [15,16] (30,31)   
                                 1.225    -0.233     0.302     2.575     2.233
--- final:
 24       pi-    -211 [21]    
                                -1.468    -0.158    -1.277     1.957     0.140
 25       pi+     211 [21]    
                                -0.500    -0.032     0.087     0.527     0.140
 26  K*_2bar0    -315 [22] (32,33)   
                                 0.098    -0.859     1.297     2.170     1.510
 27      rho-    -213 [22] (34,35)   
                                 1.178    -0.117     0.768     1.584     0.720
 28       pi+     211 [20]    
                                -0.158     0.507     0.177     0.577     0.140
 29       pi-    -211 [20]    
                                -0.374     0.893    -1.355     1.671     0.140
 30        K0     311 [23] (38)   
                                 0.127    -0.011     0.115     0.527     0.498
 31     rho'+  100213 [23] (39,40)   
                                 1.098    -0.222     0.186     2.048     1.705
------------------------------------------------------------------------------
     Sum of momenta:            -2e-05    -2e-05    -2e-05      11.1      11.1
------------------------------------------------------------------------------
Step 4 performed by DecayHandler
--- intermediates:
 34       pi0     111 [27] (36,37)   
                                 0.618    -0.004     0.021     0.633     0.135
 39       h_1   10223 [31] (41,42)   
                                 0.760     0.339     0.191     1.378     1.082
 41      rho+     213 [39] (43,44)   
                                 0.503     0.099     0.024     0.965     0.817
 43       pi0     111 [41] (45,46)   
                                 0.415     0.085    -0.343     0.562     0.135
--- final:
 24       pi-    -211 [21]    
                                -1.468    -0.158    -1.277     1.957     0.140
 25       pi+     211 [21]    
                                -0.500    -0.032     0.087     0.527     0.140
 28       pi+     211 [20]    
                                -0.158     0.507     0.177     0.577     0.140
 29       pi-    -211 [20]    
                                -0.374     0.893    -1.355     1.671     0.140
 32        K-    -321 [26]    
                                 0.053     0.026     1.161     1.263     0.494
 33       pi+     211 [26]    
                                 0.045    -0.885     0.136     0.907     0.140
 35       pi-    -211 [27]    
                                 0.560    -0.113     0.748     0.951     0.140
 36     gamma      22 [34]    
                                 0.275     0.044    -0.040     0.281     0.000
 37     gamma      22 [34]    
                                 0.343    -0.048     0.060     0.352     0.000
 38      K_L0     130 [30]    
                                 0.127    -0.011     0.115     0.527     0.498
 40       pi+     211 [31]    
                                 0.338    -0.561    -0.005     0.670     0.140
 42       pi-    -211 [39]    
                                 0.257     0.241     0.167     0.414     0.140
 44       pi+     211 [41]    
                                 0.088     0.014     0.367     0.403     0.140
 45     gamma      22 [43]    
                                 0.272     0.097    -0.163     0.331     0.000
 46     gamma      22 [43]    
                                 0.144    -0.012    -0.180     0.231     0.000
------------------------------------------------------------------------------
     Sum of momenta:            -2e-05    -2e-05    -2e-05      11.1      11.1

The following exception classes were reported in this run:
ThePEG::EventHandler::ConsistencyException warning (1 times)
ThePEG::LesHouchesReader::LesHouchesReopenWarning warning (1 times)
