>>>>>>>>>>>>>>>>>>>>>>>>>>>>>>>>>>>>>>>>>>>>>>>>>>>>>>>>>>>>>>>>>>>>>>>>>>>>>>
>>>> Toolkit for HEP Event Generation - ThePEG 2.2.0 <<<<<<<<<<<<<<<<<<<<<<<<<
>>>> Tue Jun 30 00:21:43 2020                                             <<<<
<<<<<<<<<<<<<<<<<<<<<<<<<<<<<<<<<<<<<<<<<<<<<<<<<<<<<<<<<<<<<<<<<<<<<<<<<<<<<<

>> Herwig 7.2.0 / ThePEG 2.2.0

/Herwig/EventHandlers/NoCuts:
MHat  = 2 .. 23.6089 GeV
Scale = 0 .. 1e+12 GeV2
YHat  = -100 .. 100
X1    = 0 .. 1
X2    = 0 .. 1

* A warning exception of type ThePEG::LesHouchesReader::LesHouchesReopenWarning occurred while generating event number 1: 
Reopening LesHouchesReader 'myReader' after accessing 2 events out of 1
* A warning exception of type ThePEG::EventHandler::ConsistencyException occurred while generating event number 1: 
Event handler 'myLesHouchesHandler' found energy-momentum non-conservation by (-2e-05,-2e-05,-3e-05;9.99919e-06) GeV after generating step number 4.

******************************************************************************
Event number 1 (id: ./OUTPUT/0.95MB1.05/1512015332/TMP/Cluster_HERWIGOutput_7) performed by myLesHouchesHandler
Weight: 1
==============================================================================

--- Colliding particles:
  1        e-      11  (3)   
                                 5.902     0.000     0.000     5.902     0.000
  2        e+     -11  (3)   
                                -5.902     0.000     0.000     5.902     0.000
------------------------------------------------------------------------------
Primary sub-process performed by myReader
--- incoming:
  1        e-      11  (3)   
                                 5.902     0.000     0.000     5.902     0.000
  2        e+     -11  (3)   
                                -5.902     0.000     0.000     5.902     0.000
--- intermediates:
  3     gamma      22 [1,2] (4..7)   
                                -0.000     0.000     0.000    11.804    11.804
--- outgoing:
  4         g      21 [3] (8)  7>>7 {+1,-2}
                                 0.742    -1.332    -5.424     5.634     0.000
  5         g      21 [3] (11)  6>>6 {+3,-4}
                                 0.113     0.619     1.459     1.589     0.000
  6         g      21 [3] (12)  5>>5 {+4,-3}
                                -1.413     0.800     2.236     2.763     0.000
  7         g      21 [3] (13)  4>>4 {+2,-1}
                                 0.557    -0.088     1.729     1.818     0.000
------------------------------------------------------------------------------
Step 1 performed by myLesHouchesHandler
--- intermediates:
  1        e-      11  (3)   
                                 5.902     0.000     0.000     5.902     0.000
  2        e+     -11  (3)   
                                -5.902     0.000     0.000     5.902     0.000
  3     gamma      22 [1,2] (4..7)   
                                -0.000     0.000     0.000    11.804    11.804
--- final:
  4         g      21 [3] (8)  7>>7 {+1,-2}
                                 0.742    -1.332    -5.424     5.634     0.000
  5         g      21 [3] (11)  6>>6 {+3,-4}
                                 0.113     0.619     1.459     1.589     0.000
  6         g      21 [3] (12)  5>>5 {+4,-3}
                                -1.413     0.800     2.236     2.763     0.000
  7         g      21 [3] (13)  4>>4 {+2,-1}
                                 0.557    -0.088     1.729     1.818     0.000
------------------------------------------------------------------------------
     Sum of momenta:            -3e-05    -2e-05    -3e-05      11.8      11.8
------------------------------------------------------------------------------
Step 2 performed by ShowerHandler
--- intermediates:
  8         g      21 [4] (9,10)   {+1,-2}
                                 0.625    -1.122    -4.567     5.848     3.420
--- final:
  9         g      21 [8] (20,21)  10>>13 {+1,-5}
                                -0.021    -1.561    -1.018     2.092     0.950
 10         g      21 [8] (22,23)  13>>9 {+5,-2}
                                 0.646     0.440    -3.549     3.756     0.950
 11         g      21 [5] (14,15)  12>>12 {+3,-4}
                                 0.096     0.522     1.229     1.641     0.950
 12         g      21 [6] (16,17)  11>>11 {+4,-3}
                                -1.189     0.674     1.883     2.513     0.950
 13         g      21 [7] (18,19)  9>>10 {+2,-1}
                                 0.469    -0.074     1.456     1.802     0.950
------------------------------------------------------------------------------
     Sum of momenta:            -3e-05    -2e-05    -3e-05      11.8      11.8
------------------------------------------------------------------------------
Step 3 performed by ClusterHadHandler
--- intermediates:
 14         u       2 [11] (24)   {+3}
                                -0.239     0.134     0.260     0.498     0.325
 15      ubar      -2 [11] (25)   {-4}
                                 0.334     0.388     0.969     1.143     0.325
 16         u       2 [12] (25)   {+4}
                                -0.291     0.240     1.090     1.198     0.325
 17      ubar      -2 [12] (24)   {-3}
                                -0.898     0.434     0.793     1.315     0.325
 18         u       2 [13] (26)   {+2}
                                 0.391    -0.329     0.619     0.866     0.325
 19      ubar      -2 [13] (27)   {-1}
                                 0.078     0.255     0.836     0.936     0.325
 20         u       2 [9] (27)   {+1}
                                -0.330    -1.012    -0.542     1.238     0.325
 21      ubar      -2 [9] (28)   {-5}
                                 0.309    -0.549    -0.476     0.854     0.325
 22         d       1 [10] (28)   {+5}
                                 0.408     0.305    -0.973     1.145     0.325
 23      dbar      -1 [10] (26)   {-2}
                                 0.239     0.134    -2.576     2.611     0.325
 24   Cluster      81 [14,17] (37,38)   
                                -1.137     0.568     1.053     1.813     0.751
 25   Cluster      81 [15,16] (35,36)   
                                 0.043     0.628     2.059     2.341     0.921
 26   Cluster      81 [18,23] (31,32)   
                                 0.629    -0.194    -1.957     3.477     2.798
 27   Cluster      81 [19,20] (29,30)   
                                -0.252    -0.757     0.294     2.174     2.001
 28   Cluster      81 [21,22] (33,34)   
                                 0.716    -0.244    -1.449     1.999     1.151
--- final:
 29       pi-    -211 [27]    
                                -0.209    -0.284     0.785     0.872     0.140
 30      a_2+     215 [27] (39,40)   
                                -0.043    -0.473    -0.491     1.302     1.109
 31     K*_2+     325 [26] (47,48)   
                                 0.054    -0.315    -0.194     1.405     1.354
 32    K*bar0    -313 [26] (60,61)   
                                 0.576     0.121    -1.763     2.072     0.917
 33     omega     223 [28] (62,63)   
                                 0.725    -0.419    -1.202     1.665     0.792
 34       pi-    -211 [28]    
                                -0.008     0.175    -0.247     0.334     0.140
 35       pi-    -211 [25]    
                                -0.246    -0.089     0.846     0.896     0.140
 36       pi+     211 [25]    
                                 0.289     0.717     1.213     1.445     0.140
 37       pi+     211 [24]    
                                -0.743     0.317     0.221     0.849     0.140
 38       pi-    -211 [24]    
                                -0.393     0.251     0.831     0.964     0.140
------------------------------------------------------------------------------
     Sum of momenta:            -3e-05    -2e-05    -3e-05      11.8      11.8
------------------------------------------------------------------------------
Step 4 performed by DecayHandler
--- intermediates:
 39      rho+     213 [30] (41,42)   
                                 0.087    -0.322    -0.658     1.009     0.689
 40       pi0     111 [30] (45,46)   
                                -0.130    -0.152     0.167     0.293     0.135
 41       pi0     111 [39] (43,44)   
                                 0.039    -0.494    -0.330     0.610     0.135
 47       K*0     313 [31] (49,50)   
                                 0.025    -0.377    -0.466     1.092     0.913
 49        K0     311 [47] (51)   
                                -0.273    -0.172    -0.353     0.690     0.498
 50       pi0     111 [47] (58,59)   
                                 0.298    -0.204    -0.113     0.402     0.135
 51      K_S0     310 [49] (52,53)   
                                -0.273    -0.172    -0.353     0.690     0.498
 52       pi0     111 [51] (54,55)   
                                -0.108    -0.282    -0.110     0.349     0.135
 53       pi0     111 [51] (56,57)   
                                -0.165     0.110    -0.243     0.342     0.135
 62      rho-    -213 [33] (64,65)   
                                 0.676    -0.143    -0.793     1.150     0.465
 64       pi0     111 [62] (66,67)   
                                 0.339     0.086    -0.225     0.437     0.135
--- final:
 29       pi-    -211 [27]    
                                -0.209    -0.284     0.785     0.872     0.140
 34       pi-    -211 [28]    
                                -0.008     0.175    -0.247     0.334     0.140
 35       pi-    -211 [25]    
                                -0.246    -0.089     0.846     0.896     0.140
 36       pi+     211 [25]    
                                 0.289     0.717     1.213     1.445     0.140
 37       pi+     211 [24]    
                                -0.743     0.317     0.221     0.849     0.140
 38       pi-    -211 [24]    
                                -0.393     0.251     0.831     0.964     0.140
 42       pi+     211 [39]    
                                 0.048     0.172    -0.328     0.399     0.140
 43     gamma      22 [41]    
                                 0.045    -0.392    -0.320     0.508     0.000
 44     gamma      22 [41]    
                                -0.006    -0.102    -0.010     0.102     0.000
 45     gamma      22 [40]    
                                -0.106    -0.057     0.029     0.124     0.000
 46     gamma      22 [40]    
                                -0.023    -0.095     0.138     0.169     0.000
 48       pi+     211 [31]    
                                 0.029     0.061     0.272     0.313     0.140
 54     gamma      22 [52]    
                                -0.114    -0.128    -0.089     0.193     0.000
 55     gamma      22 [52]    
                                 0.006    -0.154    -0.021     0.156     0.000
 56     gamma      22 [53]    
                                 0.020     0.034    -0.039     0.055     0.000
 57     gamma      22 [53]    
                                -0.185     0.076    -0.204     0.286     0.000
 58     gamma      22 [50]    
                                 0.253    -0.219    -0.116     0.354     0.000
 59     gamma      22 [50]    
                                 0.045     0.015     0.003     0.047     0.000
 60        K-    -321 [32]    
                                 0.717     0.042    -1.490     1.726     0.494
 61       pi+     211 [32]    
                                -0.141     0.079    -0.273     0.346     0.140
 63       pi+     211 [33]    
                                 0.048    -0.276    -0.408     0.515     0.140
 65       pi-    -211 [62]    
                                 0.338    -0.229    -0.568     0.713     0.140
 66     gamma      22 [64]    
                                 0.167     0.100    -0.076     0.209     0.000
 67     gamma      22 [64]    
                                 0.172    -0.015    -0.149     0.228     0.000
------------------------------------------------------------------------------
     Sum of momenta:            -3e-05    -2e-05    -3e-05      11.8      11.8

The following exception classes were reported in this run:
ThePEG::EventHandler::ConsistencyException warning (1 times)
ThePEG::LesHouchesReader::LesHouchesReopenWarning warning (1 times)
