>>>>>>>>>>>>>>>>>>>>>>>>>>>>>>>>>>>>>>>>>>>>>>>>>>>>>>>>>>>>>>>>>>>>>>>>>>>>>>
>>>> Toolkit for HEP Event Generation - ThePEG 2.2.0 <<<<<<<<<<<<<<<<<<<<<<<<<
>>>> Tue Jun 30 00:45:59 2020                                             <<<<
<<<<<<<<<<<<<<<<<<<<<<<<<<<<<<<<<<<<<<<<<<<<<<<<<<<<<<<<<<<<<<<<<<<<<<<<<<<<<<

>> Herwig 7.2.0 / ThePEG 2.2.0

/Herwig/EventHandlers/NoCuts:
MHat  = 2 .. 30.0198 GeV
Scale = 0 .. 1e+12 GeV2
YHat  = -100 .. 100
X1    = 0 .. 1
X2    = 0 .. 1

* A warning exception of type ThePEG::LesHouchesReader::LesHouchesReopenWarning occurred while generating event number 1: 
Reopening LesHouchesReader 'myReader' after accessing 2 events out of 1
* A warning exception of type ThePEG::EventHandler::ConsistencyException occurred while generating event number 1: 
Event handler 'myLesHouchesHandler' found energy-momentum non-conservation by (-1e-05,-1e-05,-3e-05;9.99968e-06) GeV after generating step number 4.

******************************************************************************
Event number 1 (id: ./OUTPUT/0.95MB1.05/1512173926/TMP/Cluster_HERWIGOutput_20) performed by myLesHouchesHandler
Weight: 1
==============================================================================

--- Colliding particles:
  1        e-      11  (3)   
                                 7.505     0.000    -0.000     7.505     0.000
  2        e+     -11  (3)   
                                -7.505     0.000     0.000     7.505     0.000
------------------------------------------------------------------------------
Primary sub-process performed by myReader
--- incoming:
  1        e-      11  (3)   
                                 7.505     0.000    -0.000     7.505     0.000
  2        e+     -11  (3)   
                                -7.505     0.000     0.000     7.505     0.000
--- intermediates:
  3     gamma      22 [1,2] (4..7)   
                                -0.000     0.000    -0.000    15.010    15.010
--- outgoing:
  4         g      21 [3] (8)  6>>6 {+1,-2}
                                 1.792     0.234    -6.680     6.920     0.000
  5         g      21 [3] (9)  7>>7 {+3,-4}
                                -2.447    -0.164     2.134     3.251     0.000
  6         g      21 [3] (10)  4>>4 {+2,-1}
                                 0.126    -0.436     3.906     3.933     0.000
  7         g      21 [3] (15)  5>>5 {+4,-3}
                                 0.528     0.365     0.639     0.906     0.000
------------------------------------------------------------------------------
Step 1 performed by myLesHouchesHandler
--- intermediates:
  1        e-      11  (3)   
                                 7.505     0.000    -0.000     7.505     0.000
  2        e+     -11  (3)   
                                -7.505     0.000     0.000     7.505     0.000
  3     gamma      22 [1,2] (4..7)   
                                -0.000     0.000    -0.000    15.010    15.010
--- final:
  4         g      21 [3] (8)  6>>6 {+1,-2}
                                 1.792     0.234    -6.680     6.920     0.000
  5         g      21 [3] (9)  7>>7 {+3,-4}
                                -2.447    -0.164     2.134     3.251     0.000
  6         g      21 [3] (10)  4>>4 {+2,-1}
                                 0.126    -0.436     3.906     3.933     0.000
  7         g      21 [3] (15)  5>>5 {+4,-3}
                                 0.528     0.365     0.639     0.906     0.000
------------------------------------------------------------------------------
     Sum of momenta:            -2e-05    -1e-05    -3e-05        15        15
------------------------------------------------------------------------------
Step 2 performed by ShowerHandler
--- intermediates:
 10         g      21 [6] (11,12)   {+2,-1}
                                 0.090    -0.312     2.799     6.295     5.630
 12         g      21 [10] (13,14)   {+2,-5}
                                 1.090    -0.906     3.035     4.776     3.404
--- final:
  8         g      21 [4] (16,17)  13>>11 {+1,-2}
                                 1.284     0.168    -4.786     5.048     0.950
  9         g      21 [5] (18,19)  15>>15 {+3,-4}
                                -1.753    -0.118     1.529     2.516     0.950
 11         g      21 [10] (22,23)  8>>14 {+5,-1}
                                -0.999     0.593    -0.236     1.519     0.950
 13         g      21 [12] (24,25)  14>>8 {+2,-6}
                                 0.132     0.978     1.089     1.750     0.950
 14         g      21 [12] (26,27)  11>>13 {+6,-5}
                                 0.957    -1.884     1.946     3.026     0.950
 15         g      21 [7] (20,21)  9>>9 {+4,-3}
                                 0.379     0.262     0.458     1.151     0.950
------------------------------------------------------------------------------
     Sum of momenta:            -2e-05    -1e-05    -3e-05        15        15
------------------------------------------------------------------------------
Step 3 performed by ClusterHadHandler
--- intermediates:
 16         u       2 [8] (28)   {+1}
                                 0.212     0.088    -2.093     2.130     0.325
 17      ubar      -2 [8] (32)   {-2}
                                 1.072     0.080    -2.693     2.918     0.325
 18         d       1 [9] (29)   {+3}
                                -1.128    -0.062     0.524     1.287     0.325
 19      dbar      -1 [9] (33)   {-4}
                                -0.625    -0.055     1.005     1.229     0.325
 20         d       1 [15] (32)   {+4}
                                 0.070    -0.079    -0.102     0.357     0.325
 21      dbar      -1 [15] (29)   {-3}
                                 0.309     0.341     0.560     0.794     0.325
 22         s       3 [11] (30)   {+5}
                                -0.322     0.145    -0.071     0.576     0.450
 23      sbar      -3 [11] (28)   {-1}
                                -0.677     0.448    -0.165     0.943     0.450
 24         u       2 [13] (33)   {+2}
                                -0.240     0.643     0.728     1.052     0.325
 25      ubar      -2 [13] (31)   {-6}
                                 0.373     0.335     0.361     0.698     0.325
 26         u       2 [14] (31)   {+6}
                                 0.600    -1.367     1.677     2.269     0.325
 27      ubar      -2 [14] (30)   {-5}
                                 0.357    -0.517     0.268     0.757     0.325
 28   Cluster      81 [16,23] (38,39)   
                                -0.465     0.536    -2.258     3.073     1.960
 29   Cluster      81 [18,21] (44,45)   
                                -0.819     0.278     1.084     2.081     1.552
 30   Cluster      81 [22,27] (36,37)   
                                 0.035    -0.372     0.197     1.333     1.264
 31   Cluster      81 [25,26] (34,35)   
                                 0.973    -1.032     2.039     2.967     1.624
 32   Cluster      81 [17,20] (42,43)   
                                 1.142     0.001    -2.795     3.275     1.267
 33   Cluster      81 [19,24] (40,41)   
                                -0.866     0.588     1.733     2.281     1.051
--- final:
 34      rho-    -213 [31] (46,47)   
                                -0.082    -0.509     0.453     0.863     0.524
 35      rho+     213 [31] (50,51)   
                                 1.055    -0.523     1.586     2.104     0.724
 36    K*bar0    -313 [30] (54,55)   
                                -0.101    -0.410    -0.085     0.988     0.889
 37       pi-    -211 [30]    
                                 0.136     0.038     0.282     0.345     0.140
 38       pi+     211 [28]    
                                 0.003    -0.384    -0.257     0.482     0.140
 39     K*_20     315 [28] (56,57)   
                                -0.469     0.920    -2.001     2.591     1.280
 40      rho+     213 [33] (65,66)   
                                -0.810     0.408     1.634     2.029     0.790
 41       pi0     111 [33] (69,70)   
                                -0.056     0.180     0.099     0.252     0.135
 42     omega     223 [32] (71,72)   
                                 1.251     0.139    -2.436     2.851     0.782
 43       pi-    -211 [32]    
                                -0.109    -0.138    -0.360     0.424     0.140
 44       pi0     111 [29] (77,78)   
                                -0.796     0.688     0.463     1.157     0.135
 45       eta     221 [29] (79,80)   
                                -0.023    -0.410     0.621     0.924     0.548
------------------------------------------------------------------------------
     Sum of momenta:            -2e-05    -1e-05    -3e-05        15        15
------------------------------------------------------------------------------
Step 4 performed by DecayHandler
--- intermediates:
 46       pi0     111 [34] (48,49)   
                                 0.067    -0.508     0.316     0.617     0.135
 50       pi0     111 [35] (52,53)   
                                 0.284     0.143     0.299     0.456     0.135
 56     omega     223 [39] (58,59)   
                                -0.439     0.498    -1.210     1.565     0.737
 57        K0     311 [39] (64)   
                                -0.030     0.422    -0.791     1.026     0.498
 58      rho0     113 [56] (60,61)   
                                -0.336     0.266    -0.792     1.057     0.554
 59       pi0     111 [56] (62,63)   
                                -0.103     0.232    -0.418     0.508     0.135
 65       pi0     111 [40] (67,68)   
                                -0.317     0.565     0.999     1.198     0.135
 71      rho0     113 [42] (73,74)   
                                 0.994     0.109    -2.094     2.401     0.619
 72       pi0     111 [42] (75,76)   
                                 0.257     0.030    -0.342     0.449     0.135
--- final:
 37       pi-    -211 [30]    
                                 0.136     0.038     0.282     0.345     0.140
 38       pi+     211 [28]    
                                 0.003    -0.384    -0.257     0.482     0.140
 43       pi-    -211 [32]    
                                -0.109    -0.138    -0.360     0.424     0.140
 47       pi-    -211 [34]    
                                -0.149    -0.000     0.137     0.246     0.140
 48     gamma      22 [46]    
                                -0.004    -0.258     0.092     0.274     0.000
 49     gamma      22 [46]    
                                 0.071    -0.250     0.224     0.343     0.000
 51       pi+     211 [35]    
                                 0.771    -0.666     1.287     1.647     0.140
 52     gamma      22 [50]    
                                 0.165     0.025     0.207     0.265     0.000
 53     gamma      22 [50]    
                                 0.119     0.117     0.092     0.191     0.000
 54        K-    -321 [36]    
                                 0.208    -0.293    -0.135     0.626     0.494
 55       pi+     211 [36]    
                                -0.309    -0.117     0.051     0.362     0.140
 60       pi+     211 [58]    
                                -0.006     0.301    -0.460     0.568     0.140
 61       pi-    -211 [58]    
                                -0.330    -0.035    -0.331     0.489     0.140
 62     gamma      22 [59]    
                                -0.012     0.056    -0.017     0.060     0.000
 63     gamma      22 [59]    
                                -0.091     0.176    -0.401     0.448     0.000
 64      K_L0     130 [57]    
                                -0.030     0.422    -0.791     1.026     0.498
 66       pi+     211 [40]    
                                -0.493    -0.156     0.636     0.831     0.140
 67     gamma      22 [65]    
                                -0.162     0.288     0.387     0.509     0.000
 68     gamma      22 [65]    
                                -0.155     0.276     0.611     0.688     0.000
 69     gamma      22 [41]    
                                 0.010     0.084    -0.018     0.087     0.000
 70     gamma      22 [41]    
                                -0.066     0.095     0.117     0.165     0.000
 73       pi+     211 [71]    
                                 0.167    -0.121    -0.207     0.324     0.140
 74       pi-    -211 [71]    
                                 0.826     0.230    -1.887     2.077     0.140
 75     gamma      22 [72]    
                                 0.178     0.065    -0.160     0.249     0.000
 76     gamma      22 [72]    
                                 0.079    -0.035    -0.181     0.201     0.000
 77     gamma      22 [44]    
                                -0.711     0.648     0.452     1.062     0.000
 78     gamma      22 [44]    
                                -0.085     0.040     0.011     0.095     0.000
 79     gamma      22 [45]    
                                 0.066     0.104     0.014     0.124     0.000
 80     gamma      22 [45]    
                                -0.089    -0.514     0.606     0.800     0.000
------------------------------------------------------------------------------
     Sum of momenta:            -2e-05    -1e-05    -3e-05        15        15

The following exception classes were reported in this run:
ThePEG::EventHandler::ConsistencyException warning (1 times)
ThePEG::LesHouchesReader::LesHouchesReopenWarning warning (1 times)
