>>>>>>>>>>>>>>>>>>>>>>>>>>>>>>>>>>>>>>>>>>>>>>>>>>>>>>>>>>>>>>>>>>>>>>>>>>>>>>
>>>> Toolkit for HEP Event Generation - ThePEG 2.2.0 <<<<<<<<<<<<<<<<<<<<<<<<<
>>>> Tue Jun 30 00:46:47 2020                                             <<<<
<<<<<<<<<<<<<<<<<<<<<<<<<<<<<<<<<<<<<<<<<<<<<<<<<<<<<<<<<<<<<<<<<<<<<<<<<<<<<<

>> Herwig 7.2.0 / ThePEG 2.2.0

/Herwig/EventHandlers/NoCuts:
MHat  = 2 .. 20.2093 GeV
Scale = 0 .. 1e+12 GeV2
YHat  = -100 .. 100
X1    = 0 .. 1
X2    = 0 .. 1

* A warning exception of type ThePEG::LesHouchesReader::LesHouchesReopenWarning occurred while generating event number 1: 
Reopening LesHouchesReader 'myReader' after accessing 2 events out of 1
* A warning exception of type ThePEG::EventHandler::ConsistencyException occurred while generating event number 1: 
Event handler 'myLesHouchesHandler' found energy-momentum non-conservation by (-2e-05,-2e-05,-2e-05;9.99978e-06) GeV after generating step number 4.

******************************************************************************
Event number 1 (id: ./OUTPUT/0.95MB1.05/1512173926/TMP/Cluster_HERWIGOutput_21) performed by myLesHouchesHandler
Weight: 1
==============================================================================

--- Colliding particles:
  1        e-      11  (3)   
                                 5.052     0.000     0.000     5.052     0.000
  2        e+     -11  (3)   
                                -5.052     0.000     0.000     5.052     0.000
------------------------------------------------------------------------------
Primary sub-process performed by myReader
--- incoming:
  1        e-      11  (3)   
                                 5.052     0.000     0.000     5.052     0.000
  2        e+     -11  (3)   
                                -5.052     0.000     0.000     5.052     0.000
--- intermediates:
  3     gamma      22 [1,2] (4..7)   
                                -0.000     0.000     0.000    10.105    10.105
--- outgoing:
  4         g      21 [3] (8)  7>>6 {+1,-2}
                                 0.857    -1.984     2.818     3.551     0.000
  5         g      21 [3] (9)  6>>7 {+3,-4}
                                 0.968     0.142    -3.447     3.583     0.000
  6         g      21 [3] (10)  4>>5 {+4,-1}
                                -1.723     1.656     0.090     2.391     0.000
  7         g      21 [3] (11)  5>>4 {+2,-3}
                                -0.102     0.187     0.539     0.579     0.000
------------------------------------------------------------------------------
Step 1 performed by myLesHouchesHandler
--- intermediates:
  1        e-      11  (3)   
                                 5.052     0.000     0.000     5.052     0.000
  2        e+     -11  (3)   
                                -5.052     0.000     0.000     5.052     0.000
  3     gamma      22 [1,2] (4..7)   
                                -0.000     0.000     0.000    10.105    10.105
--- final:
  4         g      21 [3] (8)  7>>6 {+1,-2}
                                 0.857    -1.984     2.818     3.551     0.000
  5         g      21 [3] (9)  6>>7 {+3,-4}
                                 0.968     0.142    -3.447     3.583     0.000
  6         g      21 [3] (10)  4>>5 {+4,-1}
                                -1.723     1.656     0.090     2.391     0.000
  7         g      21 [3] (11)  5>>4 {+2,-3}
                                -0.102     0.187     0.539     0.579     0.000
------------------------------------------------------------------------------
     Sum of momenta:            -3e-05    -2e-05    -2e-05      10.1      10.1
------------------------------------------------------------------------------
Step 2 performed by ShowerHandler
--- final:
  8         g      21 [4] (12,13)  11>>10 {+1,-2}
                                 0.769    -1.780     2.528     3.324     0.950
  9         g      21 [5] (14,15)  10>>11 {+3,-4}
                                 0.868     0.127    -3.092     3.351     0.950
 10         g      21 [6] (16,17)  8>>9 {+4,-1}
                                -1.546     1.485     0.081     2.346     0.950
 11         g      21 [7] (18,19)  9>>8 {+2,-3}
                                -0.091     0.167     0.483     1.083     0.950
------------------------------------------------------------------------------
     Sum of momenta:            -3e-05    -2e-05    -2e-05      10.1      10.1
------------------------------------------------------------------------------
Step 3 performed by ClusterHadHandler
--- intermediates:
 12         u       2 [8] (20)   {+1}
                                 0.311    -0.232     0.705     0.868     0.325
 13      ubar      -2 [8] (21)   {-2}
                                 0.458    -1.548     1.823     2.456     0.325
 14         s       3 [9] (22)   {+3}
                                 0.393     0.069    -1.096     1.250     0.450
 15      sbar      -3 [9] (23)   {-4}
                                 0.475     0.059    -1.996     2.101     0.450
 16         u       2 [10] (23)   {+4}
                                -0.812     0.634    -0.291     1.119     0.325
 17      ubar      -2 [10] (20)   {-1}
                                -0.734     0.851     0.372     1.228     0.325
 18         u       2 [11] (21)   {+2}
                                -0.164     0.148    -0.105     0.407     0.325
 19      ubar      -2 [11] (22)   {-3}
                                 0.073     0.020     0.588     0.676     0.325
 20   Cluster      81 [12,17] (28,29)   
                                -0.423     0.619     1.077     2.095     1.634
 21   Cluster      81 [13,18] (24,25)   
                                 0.294    -1.401     1.718     2.863     1.788
 22   Cluster      81 [14,19] (26,27)   
                                 0.466     0.089    -0.508     1.926     1.797
 23   Cluster      81 [15,16] (30,31)   
                                -0.337     0.693    -2.287     3.220     2.132
--- final:
 24       pi-    -211 [21]    
                                -0.021    -0.262    -0.142     0.330     0.140
 25      rho+     213 [21] (32,33)   
                                 0.315    -1.139     1.860     2.533     1.250
 26        K-    -321 [22]    
                                 0.608    -0.437    -0.298     0.945     0.494
 27     omega     223 [22] (36,37)   
                                -0.142     0.526    -0.210     0.981     0.789
 28       K*+     323 [20] (40,41)   
                                -0.677     0.265     0.512     1.227     0.846
 29        K-    -321 [20]    
                                 0.254     0.355     0.565     0.868     0.494
 30        K0     311 [23] (43)   
                                -0.395     0.275    -0.517     0.864     0.498
 31      a_2+     215 [23] (46,47)   
                                 0.058     0.417    -1.769     2.356     1.497
------------------------------------------------------------------------------
     Sum of momenta:            -3e-05    -2e-05    -2e-05      10.1      10.1
------------------------------------------------------------------------------
Step 4 performed by DecayHandler
--- intermediates:
 32       pi0     111 [25] (34,35)   
                                 0.437    -1.229     1.914     2.320     0.135
 37       pi0     111 [27] (38,39)   
                                -0.410     0.109    -0.005     0.445     0.135
 40        K0     311 [28] (42)   
                                -0.239     0.275     0.132     0.630     0.498
 43      K_S0     310 [30] (44,45)   
                                -0.395     0.275    -0.517     0.864     0.498
 46      rho+     213 [31] (48,49)   
                                -0.030    -0.336    -0.638     0.988     0.674
 47       pi0     111 [31] (52,53)   
                                 0.087     0.753    -1.131     1.368     0.135
 48       pi0     111 [46] (50,51)   
                                 0.053     0.061     0.060     0.168     0.135
--- final:
 24       pi-    -211 [21]    
                                -0.021    -0.262    -0.142     0.330     0.140
 26        K-    -321 [22]    
                                 0.608    -0.437    -0.298     0.945     0.494
 29        K-    -321 [20]    
                                 0.254     0.355     0.565     0.868     0.494
 33       pi+     211 [25]    
                                -0.122     0.090    -0.054     0.213     0.140
 34     gamma      22 [32]    
                                 0.303    -0.910     1.502     1.782     0.000
 35     gamma      22 [32]    
                                 0.134    -0.319     0.412     0.538     0.000
 36     gamma      22 [27]    
                                 0.267     0.417    -0.205     0.536     0.000
 38     gamma      22 [37]    
                                -0.128     0.079    -0.049     0.158     0.000
 39     gamma      22 [37]    
                                -0.281     0.030     0.045     0.287     0.000
 41       pi+     211 [28]    
                                -0.439    -0.010     0.380     0.597     0.140
 42      K_L0     130 [40]    
                                -0.239     0.275     0.132     0.630     0.498
 44       pi+     211 [43]    
                                -0.421     0.104    -0.425     0.623     0.140
 45       pi-    -211 [43]    
                                 0.027     0.171    -0.092     0.241     0.140
 49       pi+     211 [46]    
                                -0.082    -0.396    -0.699     0.819     0.140
 50     gamma      22 [48]    
                                -0.023     0.009     0.072     0.076     0.000
 51     gamma      22 [48]    
                                 0.076     0.052    -0.011     0.092     0.000
 52     gamma      22 [47]    
                                 0.026     0.411    -0.725     0.834     0.000
 53     gamma      22 [47]    
                                 0.062     0.342    -0.406     0.534     0.000
------------------------------------------------------------------------------
     Sum of momenta:            -3e-05    -2e-05    -2e-05      10.1      10.1

The following exception classes were reported in this run:
ThePEG::EventHandler::ConsistencyException warning (1 times)
ThePEG::LesHouchesReader::LesHouchesReopenWarning warning (1 times)
