>>>>>>>>>>>>>>>>>>>>>>>>>>>>>>>>>>>>>>>>>>>>>>>>>>>>>>>>>>>>>>>>>>>>>>>>>>>>>>
>>>> Toolkit for HEP Event Generation - ThePEG 2.2.0 <<<<<<<<<<<<<<<<<<<<<<<<<
>>>> Tue Jun 30 00:42:22 2020                                             <<<<
<<<<<<<<<<<<<<<<<<<<<<<<<<<<<<<<<<<<<<<<<<<<<<<<<<<<<<<<<<<<<<<<<<<<<<<<<<<<<<

>> Herwig 7.2.0 / ThePEG 2.2.0

/Herwig/EventHandlers/NoCuts:
MHat  = 2 .. 30.8842 GeV
Scale = 0 .. 1e+12 GeV2
YHat  = -100 .. 100
X1    = 0 .. 1
X2    = 0 .. 1

* A warning exception of type ThePEG::LesHouchesReader::LesHouchesReopenWarning occurred while generating event number 1: 
Reopening LesHouchesReader 'myReader' after accessing 2 events out of 1
* A warning exception of type ThePEG::EventHandler::ConsistencyException occurred while generating event number 1: 
Event handler 'myLesHouchesHandler' found energy-momentum non-conservation by (-2e-05,-2e-05,-2e-05;9.99856e-06) GeV after generating step number 4.

******************************************************************************
Event number 1 (id: ./OUTPUT/0.95MB1.05/1513286961/TMP/Cluster_HERWIGOutput_33) performed by myLesHouchesHandler
Weight: 1
==============================================================================

--- Colliding particles:
  1        e-      11  (3)   
                                 7.721     0.000    -0.000     7.721     0.000
  2        e+     -11  (3)   
                                -7.721     0.000     0.000     7.721     0.000
------------------------------------------------------------------------------
Primary sub-process performed by myReader
--- incoming:
  1        e-      11  (3)   
                                 7.721     0.000    -0.000     7.721     0.000
  2        e+     -11  (3)   
                                -7.721     0.000     0.000     7.721     0.000
--- intermediates:
  3     gamma      22 [1,2] (4..8)   
                                -0.000     0.000     0.000    15.442    15.442
--- outgoing:
  4         g      21 [3] (9)  8>>5 {+1,-2}
                                 0.625     0.030    -0.185     0.653     0.000
  5         g      21 [3] (10)  4>>8 {+3,-1}
                                -1.454     3.222    -0.279     3.546     0.000
  6         g      21 [3] (11)  7>>7 {+4,-5}
                                -2.763    -3.217    -1.628     4.542     0.000
  7         g      21 [3] (12)  6>>6 {+5,-4}
                                 1.956    -0.745     3.732     4.279     0.000
  8         g      21 [3] (15)  5>>4 {+2,-3}
                                 1.636     0.710    -1.640     2.423     0.000
------------------------------------------------------------------------------
Step 1 performed by myLesHouchesHandler
--- intermediates:
  1        e-      11  (3)   
                                 7.721     0.000    -0.000     7.721     0.000
  2        e+     -11  (3)   
                                -7.721     0.000     0.000     7.721     0.000
  3     gamma      22 [1,2] (4..8)   
                                -0.000     0.000     0.000    15.442    15.442
--- final:
  4         g      21 [3] (9)  8>>5 {+1,-2}
                                 0.625     0.030    -0.185     0.653     0.000
  5         g      21 [3] (10)  4>>8 {+3,-1}
                                -1.454     3.222    -0.279     3.546     0.000
  6         g      21 [3] (11)  7>>7 {+4,-5}
                                -2.763    -3.217    -1.628     4.542     0.000
  7         g      21 [3] (12)  6>>6 {+5,-4}
                                 1.956    -0.745     3.732     4.279     0.000
  8         g      21 [3] (15)  5>>4 {+2,-3}
                                 1.636     0.710    -1.640     2.423     0.000
------------------------------------------------------------------------------
     Sum of momenta:            -3e-05    -2e-05    -2e-05      15.4      15.4
------------------------------------------------------------------------------
Step 2 performed by ShowerHandler
--- intermediates:
 12         g      21 [7] (13,14)   {+5,-4}
                                 1.680    -0.640     3.205     4.846     3.159
--- final:
  9         g      21 [4] (16,17)  15>>10 {+1,-2}
                                 0.537     0.026    -0.159     1.103     0.950
 10         g      21 [5] (18,19)  9>>15 {+3,-1}
                                -1.249     2.767    -0.240     3.190     0.950
 11         g      21 [6] (20,21)  13>>14 {+4,-5}
                                -2.373    -2.763    -1.398     4.015     0.950
 13         g      21 [12] (24,25)  14>>11 {+5,-6}
                                -0.153     0.611     0.576     1.277     0.950
 14         g      21 [12] (26,27)  11>>13 {+6,-4}
                                 1.832    -1.251     2.629     3.569     0.950
 15         g      21 [8] (22,23)  10>>9 {+2,-3}
                                 1.405     0.610    -1.408     2.288     0.950
------------------------------------------------------------------------------
     Sum of momenta:            -3e-05    -2e-05    -2e-05      15.4      15.4
------------------------------------------------------------------------------
Step 3 performed by ClusterHadHandler
--- intermediates:
 16         u       2 [9] (28)   {+1}
                                 0.518    -0.253    -0.123     0.673     0.325
 17      ubar      -2 [9] (29)   {-2}
                                 0.018     0.278    -0.036     0.430     0.325
 18         d       1 [10] (30)   {+3}
                                -1.009     2.144     0.052     2.392     0.325
 19      dbar      -1 [10] (28)   {-1}
                                -0.239     0.624    -0.292     0.798     0.325
 20         s       3 [11] (31)   {+4}
                                -1.506    -1.829    -0.938     2.588     0.450
 21      sbar      -3 [11] (32)   {-5}
                                -0.867    -0.933    -0.460     1.428     0.450
 22         u       2 [15] (29)   {+2}
                                 0.862     0.276    -0.379     1.034     0.325
 23      ubar      -2 [15] (30)   {-3}
                                 0.544     0.333    -1.030     1.254     0.325
 24         u       2 [13] (32)   {+5}
                                -0.398     0.216     0.184     0.587     0.325
 25      ubar      -2 [13] (33)   {-6}
                                 0.246     0.395     0.393     0.690     0.325
 26         s       3 [14] (33)   {+6}
                                 1.093    -0.734     1.712     2.206     0.450
 27      sbar      -3 [14] (31)   {-4}
                                 0.739    -0.516     0.918     1.363     0.450
 28   Cluster      81 [16,19] (38,39)   
                                 0.279     0.371    -0.414     1.471     1.333
 29   Cluster      81 [17,22] (36,37)   
                                 0.880     0.555    -0.415     1.463     0.942
 30   Cluster      81 [18,23] (40,41)   
                                -0.466     2.477    -0.978     3.646     2.447
 31   Cluster      81 [20,27] (44,45)   
                                -0.767    -2.346    -0.020     3.951     3.085
 32   Cluster      81 [21,24] (42,43)   
                                -1.266    -0.717    -0.277     2.015     1.366
 33   Cluster      81 [25,26] (34,35)   
                                 1.339    -0.340     2.104     2.896     1.432
--- final:
 34       pi0     111 [33] (46,47)   
                                 0.908    -0.198     0.813     1.242     0.135
 35       K*-    -323 [33] (48,49)   
                                 0.431    -0.142     1.291     1.654     0.929
 36       eta     221 [29] (53..55)   
                                 0.292     0.107    -0.319     0.706     0.548
 37       pi0     111 [29] (58,59)   
                                 0.589     0.447    -0.096     0.758     0.135
 38       pi+     211 [28]    
                                -0.040    -0.038    -0.210     0.258     0.140
 39      rho0     113 [28] (60,61)   
                                 0.319     0.409    -0.204     1.213     1.077
 40      rho0     113 [30] (62,63)   
                                 0.416     1.457    -0.823     1.862     0.703
 41      b_1-  -10213 [30] (64,65)   
                                -0.881     1.020    -0.155     1.784     1.159
 42        K0     311 [32] (72)   
                                -0.597    -0.268    -0.355     0.896     0.498
 43      rho+     213 [32] (73,74)   
                                -0.669    -0.449     0.079     1.119     0.773
 44       K*-    -323 [31] (77,78)   
                                -0.123    -1.689     0.449     1.963     0.885
 45K_2(1820)+   20325 [31] (82,83)   
                                -0.644    -0.657    -0.470     1.988     1.698
------------------------------------------------------------------------------
     Sum of momenta:            -3e-05    -2e-05    -2e-05      15.4      15.4
------------------------------------------------------------------------------
Step 4 performed by DecayHandler
--- intermediates:
 48     Kbar0    -311 [35] (50)   
                                 0.489    -0.126     0.550     0.897     0.498
 50      K_S0     310 [48] (51,52)   
                                 0.489    -0.126     0.550     0.897     0.498
 55       pi0     111 [36] (56,57)   
                                 0.147     0.046    -0.019     0.206     0.135
 64     omega     223 [41] (66,67)   
                                -0.606     0.662     0.182     1.204     0.781
 66      rho0     113 [64] (68,69)   
                                -0.485     0.383     0.206     0.870     0.577
 67       pi0     111 [64] (70,71)   
                                -0.121     0.279    -0.024     0.334     0.135
 73       pi0     111 [43] (75,76)   
                                -0.090     0.173     0.101     0.258     0.135
 77     Kbar0    -311 [44] (79)   
                                 0.181    -0.796     0.194     0.975     0.498
 79      K_S0     310 [77] (80,81)   
                                 0.181    -0.796     0.194     0.975     0.498
 83       f_2     225 [45] (84,85)   
                                -0.449    -0.401    -0.375     1.391     1.197
 84       pi0     111 [83] (86,87)   
                                -0.211    -0.743     0.044     0.785     0.135
 85       pi0     111 [83] (88,89)   
                                -0.238     0.342    -0.419     0.606     0.135
--- final:
 38       pi+     211 [28]    
                                -0.040    -0.038    -0.210     0.258     0.140
 46     gamma      22 [34]    
                                 0.885    -0.174     0.761     1.180     0.000
 47     gamma      22 [34]    
                                 0.023    -0.024     0.053     0.062     0.000
 49       pi-    -211 [35]    
                                -0.058    -0.015     0.741     0.756     0.140
 51       pi+     211 [50]    
                                 0.182    -0.157     0.476     0.551     0.140
 52       pi-    -211 [50]    
                                 0.307     0.030     0.074     0.346     0.140
 53       pi+     211 [36]    
                                 0.096    -0.087    -0.141     0.237     0.140
 54       pi-    -211 [36]    
                                 0.048     0.148    -0.159     0.263     0.140
 56     gamma      22 [55]    
                                 0.118    -0.031    -0.002     0.122     0.000
 57     gamma      22 [55]    
                                 0.029     0.077    -0.017     0.084     0.000
 58     gamma      22 [37]    
                                 0.192     0.197    -0.087     0.289     0.000
 59     gamma      22 [37]    
                                 0.396     0.250    -0.009     0.469     0.000
 60       pi+     211 [39]    
                                 0.156     0.698    -0.369     0.817     0.140
 61       pi-    -211 [39]    
                                 0.163    -0.289     0.165     0.396     0.140
 62       pi+     211 [40]    
                                 0.550     0.814    -0.572     1.145     0.140
 63       pi-    -211 [40]    
                                -0.134     0.643    -0.251     0.717     0.140
 65       pi-    -211 [41]    
                                -0.275     0.358    -0.337     0.580     0.140
 68       pi+     211 [66]    
                                -0.034     0.329     0.020     0.360     0.140
 69       pi-    -211 [66]    
                                -0.451     0.054     0.186     0.510     0.140
 70     gamma      22 [67]    
                                -0.052     0.151     0.054     0.169     0.000
 71     gamma      22 [67]    
                                -0.069     0.128    -0.078     0.165     0.000
 72      K_L0     130 [42]    
                                -0.597    -0.268    -0.355     0.896     0.498
 74       pi+     211 [43]    
                                -0.579    -0.622    -0.022     0.861     0.140
 75     gamma      22 [73]    
                                -0.079     0.148     0.016     0.169     0.000
 76     gamma      22 [73]    
                                -0.011     0.025     0.085     0.089     0.000
 78       pi-    -211 [44]    
                                -0.305    -0.893     0.255     0.988     0.140
 80       pi+     211 [79]    
                                -0.093    -0.281     0.184     0.375     0.140
 81       pi-    -211 [79]    
                                 0.275    -0.515     0.010     0.600     0.140
 82        K+     321 [45]    
                                -0.194    -0.255    -0.095     0.597     0.494
 86     gamma      22 [84]    
                                -0.030    -0.310     0.053     0.316     0.000
 87     gamma      22 [84]    
                                -0.181    -0.433    -0.009     0.469     0.000
 88     gamma      22 [85]    
                                -0.125     0.146    -0.104     0.218     0.000
 89     gamma      22 [85]    
                                -0.114     0.196    -0.315     0.388     0.000
------------------------------------------------------------------------------
     Sum of momenta:            -3e-05    -2e-05    -2e-05      15.4      15.4

The following exception classes were reported in this run:
ThePEG::EventHandler::ConsistencyException warning (1 times)
ThePEG::LesHouchesReader::LesHouchesReopenWarning warning (1 times)
