>>>>>>>>>>>>>>>>>>>>>>>>>>>>>>>>>>>>>>>>>>>>>>>>>>>>>>>>>>>>>>>>>>>>>>>>>>>>>>
>>>> Toolkit for HEP Event Generation - ThePEG 2.2.1 <<<<<<<<<<<<<<<<<<<<<<<<<
>>>> Mon Jun 22 19:52:36 2020                                             <<<<
<<<<<<<<<<<<<<<<<<<<<<<<<<<<<<<<<<<<<<<<<<<<<<<<<<<<<<<<<<<<<<<<<<<<<<<<<<<<<<

>> Herwig 7.2.1 / ThePEG 2.2.1

/Herwig/EventHandlers/NoCuts:
MHat  = 2 .. 31.4399 GeV
Scale = 0 .. 1e+12 GeV2
YHat  = -100 .. 100
X1    = 0 .. 1
X2    = 0 .. 1

* A warning exception of type ThePEG::LesHouchesReader::LesHouchesReopenWarning occurred while generating event number 1: 
Reopening LesHouchesReader 'myReader' after accessing 2 events out of 1
* A warning exception of type ThePEG::EventHandler::ConsistencyException occurred while generating event number 1: 
Event handler 'myLesHouchesHandler' found energy-momentum non-conservation by (-1e-05,-3e-05,-3e-05;9.9985e-06) GeV after generating step number 4.

******************************************************************************
Event number 1 (id: TMP/Cluster_HERWIGOutput_20) performed by myLesHouchesHandler
Weight: 1
==============================================================================

--- Colliding particles:
  1        e-      11  (3)   
                                 7.860     0.000    -0.000     7.860     0.000
  2        e+     -11  (3)   
                                -7.860     0.000     0.000     7.860     0.000
------------------------------------------------------------------------------
Primary sub-process performed by myReader
--- incoming:
  1        e-      11  (3)   
                                 7.860     0.000    -0.000     7.860     0.000
  2        e+     -11  (3)   
                                -7.860     0.000     0.000     7.860     0.000
--- intermediates:
  3     gamma      22 [1,2] (4..8)   
                                -0.000     0.000    -0.000    15.720    15.720
--- outgoing:
  4         g      21 [3] (9)  6>>6 {+1,-2}
                                 0.748    -1.118     1.306     1.875     0.000
  5         g      21 [3] (10)  7>>8 {+3,-4}
                                -0.924     2.974     2.556     4.028     0.000
  6         g      21 [3] (11)  4>>4 {+2,-1}
                                 0.579    -0.804    -1.985     2.219     0.000
  7         g      21 [3] (12)  8>>5 {+4,-5}
                                -2.073     0.609     2.077     2.997     0.000
  8         g      21 [3] (13)  5>>7 {+5,-3}
                                 1.670    -1.661    -3.953     4.601     0.000
------------------------------------------------------------------------------
Step 1 performed by myLesHouchesHandler
--- intermediates:
  1        e-      11  (3)   
                                 7.860     0.000    -0.000     7.860     0.000
  2        e+     -11  (3)   
                                -7.860     0.000     0.000     7.860     0.000
  3     gamma      22 [1,2] (4..8)   
                                -0.000     0.000    -0.000    15.720    15.720
--- final:
  4         g      21 [3] (9)  6>>6 {+1,-2}
                                 0.748    -1.118     1.306     1.875     0.000
  5         g      21 [3] (10)  7>>8 {+3,-4}
                                -0.924     2.974     2.556     4.028     0.000
  6         g      21 [3] (11)  4>>4 {+2,-1}
                                 0.579    -0.804    -1.985     2.219     0.000
  7         g      21 [3] (12)  8>>5 {+4,-5}
                                -2.073     0.609     2.077     2.997     0.000
  8         g      21 [3] (13)  5>>7 {+5,-3}
                                 1.670    -1.661    -3.953     4.601     0.000
------------------------------------------------------------------------------
     Sum of momenta:            -2e-05    -3e-05    -3e-05      15.7      15.7
------------------------------------------------------------------------------
Step 2 performed by ShowerHandler
--- intermediates:
 13         g      21 [8] (14,15)   {+5,-3}
                                 1.498    -1.489    -3.546     4.996     2.816
--- final:
  9         g      21 [4] (16,17)  11>>11 {+1,-2}
                                 0.671    -1.003     1.171     1.931     0.950
 10         g      21 [5] (18,19)  12>>14 {+3,-4}
                                -0.829     2.667     2.292     3.736     0.950
 11         g      21 [6] (20,21)  9>>9 {+2,-1}
                                 0.519    -0.721    -1.781     2.205     0.950
 12         g      21 [7] (22,23)  15>>10 {+4,-5}
                                -1.859     0.546     1.863     2.851     0.950
 14         g      21 [13] (24,25)  10>>15 {+6,-3}
                                 0.291    -1.448    -0.994     2.018     0.950
 15         g      21 [13] (26,27)  14>>12 {+5,-6}
                                 1.207    -0.042    -2.552     2.979     0.950
------------------------------------------------------------------------------
     Sum of momenta:            -2e-05    -3e-05    -3e-05      15.7      15.7
------------------------------------------------------------------------------
Step 3 performed by ClusterHadHandler
--- intermediates:
 16         u       2 [9] (32)   {+1}
                                 0.470    -0.700     1.123     1.442     0.325
 17      ubar      -2 [9] (28)   {-2}
                                 0.201    -0.302     0.048     0.489     0.325
 18         s       3 [10] (29)   {+3}
                                -0.615     1.622     1.410     2.280     0.450
 19      sbar      -3 [10] (30)   {-4}
                                -0.214     1.046     0.882     1.456     0.450
 20         u       2 [11] (28)   {+2}
                                -0.132    -0.245    -0.660     0.787     0.325
 21      ubar      -2 [11] (33)   {-1}
                                 0.651    -0.476    -1.120     1.418     0.325
 22         u       2 [12] (30)   {+4}
                                -1.256     0.226     0.782     1.532     0.325
 23      ubar      -2 [12] (32)   {-5}
                                -0.603     0.320     1.081     1.319     0.325
 24         u       2 [14] (31)   {+6}
                                 0.432    -0.824    -0.327     1.038     0.325
 25      ubar      -2 [14] (29)   {-3}
                                -0.140    -0.624    -0.667     0.980     0.325
 26         u       2 [15] (33)   {+5}
                                 0.907    -0.318    -1.665     1.949     0.325
 27      ubar      -2 [15] (31)   {-6}
                                 0.300     0.277    -0.887     1.029     0.325
 28   Cluster      81 [17,20] (44,45)   
                                 0.069    -0.548    -0.612     1.277     0.975
 29   Cluster      81 [18,25] (34,35)   
                                -0.756     0.998     0.743     3.260     2.917
 30   Cluster      81 [19,22] (36,37)   
                                -1.470     1.272     1.664     2.988     1.542
 31   Cluster      81 [24,27] (38,39)   
                                 0.732    -0.547    -1.214     2.067     1.402
 32   Cluster      81 [16,23] (40,41)   
                                -0.133    -0.381     2.204     2.761     1.613
 33   Cluster      81 [21,26] (42,43)   
                                 1.558    -0.794    -2.785     3.368     0.726
--- final:
 34     Kbar0    -311 [29] (46)   
                                -0.355     0.606     1.718     1.922     0.498
 35      rho-    -213 [29] (47,48)   
                                -0.401     0.392    -0.976     1.338     0.724
 36        K0     311 [30] (51)   
                                -0.754     0.301     0.281     0.993     0.498
 37      rho+     213 [30] (52,53)   
                                -0.716     0.970     1.383     1.995     0.782
 38      rho+     213 [31] (56,57)   
                                 0.644     0.037    -0.432     1.077     0.747
 39       pi-    -211 [31]    
                                 0.088    -0.585    -0.782     0.990     0.140
 40      a_1+   20213 [32] (60,61)   
                                -0.051    -0.452     0.815     1.361     0.990
 41       pi-    -211 [32]    
                                -0.081     0.071     1.389     1.400     0.140
 42       pi+     211 [33]    
                                 0.589    -0.603    -1.639     1.848     0.140
 43       pi-    -211 [33]    
                                 0.969    -0.191    -1.146     1.519     0.140
 44      rho0     113 [28] (68,69)   
                                 0.108    -0.248    -0.576     0.943     0.696
 45       pi0     111 [28] (70,71)   
                                -0.039    -0.300    -0.036     0.333     0.135
------------------------------------------------------------------------------
     Sum of momenta:            -2e-05    -3e-05    -3e-05      15.7      15.7
------------------------------------------------------------------------------
Step 4 performed by DecayHandler
--- intermediates:
 47       pi0     111 [35] (49,50)   
                                -0.012     0.291    -0.058     0.326     0.135
 52       pi0     111 [37] (54,55)   
                                -0.541     0.339     1.074     1.257     0.135
 56       pi0     111 [38] (58,59)   
                                 0.232    -0.144     0.141     0.335     0.135
 60     rho'+  100213 [40] (62,63)   
                                -0.148    -0.112     0.545     0.896     0.686
 61       pi0     111 [40] (66,67)   
                                 0.097    -0.340     0.270     0.465     0.135
 62       pi0     111 [60] (64,65)   
                                 0.034     0.240     0.135     0.308     0.135
--- final:
 39       pi-    -211 [31]    
                                 0.088    -0.585    -0.782     0.990     0.140
 41       pi-    -211 [32]    
                                -0.081     0.071     1.389     1.400     0.140
 42       pi+     211 [33]    
                                 0.589    -0.603    -1.639     1.848     0.140
 43       pi-    -211 [33]    
                                 0.969    -0.191    -1.146     1.519     0.140
 46      K_L0     130 [34]    
                                -0.355     0.606     1.718     1.922     0.498
 48       pi-    -211 [35]    
                                -0.390     0.102    -0.918     1.012     0.140
 49     gamma      22 [47]    
                                -0.025     0.022    -0.046     0.057     0.000
 50     gamma      22 [47]    
                                 0.014     0.269    -0.012     0.269     0.000
 51      K_L0     130 [36]    
                                -0.754     0.301     0.281     0.993     0.498
 53       pi+     211 [37]    
                                -0.174     0.631     0.309     0.737     0.140
 54     gamma      22 [52]    
                                 0.001     0.022     0.059     0.063     0.000
 55     gamma      22 [52]    
                                -0.542     0.317     1.015     1.194     0.000
 57       pi+     211 [38]    
                                 0.412     0.182    -0.572     0.742     0.140
 58     gamma      22 [56]    
                                 0.243    -0.113     0.108     0.289     0.000
 59     gamma      22 [56]    
                                -0.011    -0.032     0.032     0.047     0.000
 63       pi+     211 [60]    
                                -0.182    -0.352     0.410     0.587     0.140
 64     gamma      22 [62]    
                                 0.022     0.136     0.149     0.203     0.000
 65     gamma      22 [62]    
                                 0.012     0.104    -0.014     0.105     0.000
 66     gamma      22 [61]    
                                 0.016    -0.079    -0.000     0.080     0.000
 67     gamma      22 [61]    
                                 0.081    -0.261     0.270     0.385     0.000
 68       pi+     211 [44]    
                                 0.180     0.179    -0.262     0.391     0.140
 69       pi-    -211 [44]    
                                -0.072    -0.426    -0.314     0.552     0.140
 70     gamma      22 [45]    
                                -0.035    -0.302    -0.059     0.309     0.000
 71     gamma      22 [45]    
                                -0.005     0.002     0.023     0.024     0.000
------------------------------------------------------------------------------
     Sum of momenta:            -2e-05    -3e-05    -3e-05      15.7      15.7

The following exception classes were reported in this run:
ThePEG::EventHandler::ConsistencyException warning (1 times)
ThePEG::LesHouchesReader::LesHouchesReopenWarning warning (1 times)
