>>>>>>>>>>>>>>>>>>>>>>>>>>>>>>>>>>>>>>>>>>>>>>>>>>>>>>>>>>>>>>>>>>>>>>>>>>>>>>
>>>> Toolkit for HEP Event Generation - ThePEG 2.2.0 <<<<<<<<<<<<<<<<<<<<<<<<<
>>>> Tue Jun 30 00:42:45 2020                                             <<<<
<<<<<<<<<<<<<<<<<<<<<<<<<<<<<<<<<<<<<<<<<<<<<<<<<<<<<<<<<<<<<<<<<<<<<<<<<<<<<<

>> Herwig 7.2.0 / ThePEG 2.2.0

/Herwig/EventHandlers/NoCuts:
MHat  = 2 .. 37.0083 GeV
Scale = 0 .. 1e+12 GeV2
YHat  = -100 .. 100
X1    = 0 .. 1
X2    = 0 .. 1

* A warning exception of type ThePEG::LesHouchesReader::LesHouchesReopenWarning occurred while generating event number 1: 
Reopening LesHouchesReader 'myReader' after accessing 2 events out of 1
* A warning exception of type ThePEG::EventHandler::ConsistencyException occurred while generating event number 1: 
Event handler 'myLesHouchesHandler' found energy-momentum non-conservation by (-2e-05,-2e-05,-2e-05;1.99996e-05) GeV after generating step number 4.

******************************************************************************
Event number 1 (id: ./OUTPUT/0.95MB1.05/1512173926/TMP/Cluster_HERWIGOutput_16) performed by myLesHouchesHandler
Weight: 1
==============================================================================

--- Colliding particles:
  1        e-      11  (3)   
                                 9.252     0.000     0.000     9.252     0.000
  2        e+     -11  (3)   
                                -9.252     0.000     0.000     9.252     0.000
------------------------------------------------------------------------------
Primary sub-process performed by myReader
--- incoming:
  1        e-      11  (3)   
                                 9.252     0.000     0.000     9.252     0.000
  2        e+     -11  (3)   
                                -9.252     0.000     0.000     9.252     0.000
--- intermediates:
  3     gamma      22 [1,2] (4..8)   
                                 0.000     0.000    -0.000    18.504    18.504
--- outgoing:
  4         g      21 [3] (9)  8>>7 {+1,-2}
                                -0.894     0.883    -2.047     2.401     0.000
  5         g      21 [3] (10)  6>>8 {+3,-4}
                                -0.974    -2.584    -6.051     6.651     0.000
  6         g      21 [3] (11)  7>>5 {+4,-5}
                                -0.813    -0.413     2.008     2.205     0.000
  7         g      21 [3] (12)  4>>6 {+5,-1}
                                 1.225     0.794     4.463     4.696     0.000
  8         g      21 [3] (15)  5>>4 {+2,-3}
                                 1.456     1.320     1.626     2.551     0.000
------------------------------------------------------------------------------
Step 1 performed by myLesHouchesHandler
--- intermediates:
  1        e-      11  (3)   
                                 9.252     0.000     0.000     9.252     0.000
  2        e+     -11  (3)   
                                -9.252     0.000     0.000     9.252     0.000
  3     gamma      22 [1,2] (4..8)   
                                 0.000     0.000    -0.000    18.504    18.504
--- final:
  4         g      21 [3] (9)  8>>7 {+1,-2}
                                -0.894     0.883    -2.047     2.401     0.000
  5         g      21 [3] (10)  6>>8 {+3,-4}
                                -0.974    -2.584    -6.051     6.651     0.000
  6         g      21 [3] (11)  7>>5 {+4,-5}
                                -0.813    -0.413     2.008     2.205     0.000
  7         g      21 [3] (12)  4>>6 {+5,-1}
                                 1.225     0.794     4.463     4.696     0.000
  8         g      21 [3] (15)  5>>4 {+2,-3}
                                 1.456     1.320     1.626     2.551     0.000
------------------------------------------------------------------------------
     Sum of momenta:            -3e-05    -2e-05    -2e-05      18.5      18.5
------------------------------------------------------------------------------
Step 2 performed by ShowerHandler
--- intermediates:
 12         g      21 [7] (13,14)   {+5,-1}
                                 1.092     0.708     3.981     5.502     3.568
--- final:
  9         g      21 [4] (16,17)  15>>13 {+1,-2}
                                -0.797     0.787    -1.826     2.343     0.950
 10         g      21 [5] (18,19)  11>>15 {+3,-4}
                                -0.869    -2.305    -5.397     6.008     0.950
 11         g      21 [6] (20,21)  14>>10 {+4,-5}
                                -0.725    -0.368     1.791     2.185     0.950
 13         g      21 [12] (24,25)  9>>14 {+6,-1}
                                 0.442     1.862     1.904     2.862     0.950
 14         g      21 [12] (26,27)  13>>11 {+5,-6}
                                 0.650    -1.154     2.077     2.640     0.950
 15         g      21 [8] (22,23)  10>>9 {+2,-3}
                                 1.299     1.177     1.451     2.466     0.950
------------------------------------------------------------------------------
     Sum of momenta:            -3e-05    -2e-05    -2e-05      18.5      18.5
------------------------------------------------------------------------------
Step 3 performed by ClusterHadHandler
--- intermediates:
 16         s       3 [9] (32)   {+1}
                                -0.473     0.258    -0.896     1.138     0.450
 17      sbar      -3 [9] (28)   {-2}
                                -0.325     0.530    -0.930     1.205     0.450
 18         d       1 [10] (31)   {+3}
                                -0.525    -1.748    -4.377     4.753     0.325
 19      dbar      -1 [10] (32)   {-4}
                                -0.344    -0.557    -1.021     1.255     0.325
 20         s       3 [11] (33)   {+4}
                                -0.505    -0.317     1.053     1.291     0.450
 21      sbar      -3 [11] (29)   {-5}
                                -0.220    -0.052     0.739     0.894     0.450
 22         u       2 [15] (28)   {+2}
                                 0.124     0.188     0.472     0.616     0.325
 23      ubar      -2 [15] (30)   {-3}
                                 1.175     0.989     0.979     1.850     0.325
 24         d       1 [13] (30)   {+6}
                                 0.552     1.497     1.555     2.252     0.325
 25      dbar      -1 [13] (33)   {-1}
                                -0.109     0.365     0.349     0.610     0.325
 26         u       2 [14] (29)   {+5}
                                 0.314    -0.151     0.358     0.596     0.325
 27      ubar      -2 [14] (31)   {-6}
                                 0.336    -1.003     1.718     2.044     0.325
 28   Cluster      81 [17,22] (42,43)   
                                -0.201     0.718    -0.458     1.821     1.597
 29   Cluster      81 [21,26] (38,39)   
                                 0.094    -0.203     1.097     1.490     0.983
 30   Cluster      81 [23,24] (44,45)   
                                 1.727     2.486     2.534     4.102     1.114
 31   Cluster      81 [18,27] (34,35)   
                                -0.188    -2.751    -2.658     6.797     5.615
 32   Cluster      81 [16,19] (46,47)   
                                -0.817    -0.299    -1.916     2.393     1.139
 33   Cluster      81 [20,25] (40,41)   
                                -0.615     0.048     1.402     1.901     1.126
 34   Cluster      81 [31] (36,37)   
                                -0.201    -2.349    -2.537     5.847     4.711
 35   Cluster      81 [31] (48,49)   
                                 0.013    -0.402    -0.121     0.950     0.852
 36   Cluster      81 [34] (50,51)   
                                -0.237    -0.932    -2.049     2.517     1.100
 37   Cluster      81 [34] (52,53)   
                                 0.036    -1.417    -0.488     3.330     2.974
--- final:
 38        K0     311 [29] (54)   
                                 0.056    -0.481     0.776     1.042     0.498
 39       pi+     211 [29]    
                                 0.037     0.278     0.321     0.448     0.140
 40        K-    -321 [33]    
                                -0.439    -0.014     0.220     0.696     0.494
 41       pi+     211 [33]    
                                -0.176     0.062     1.182     1.205     0.140
 42      K_10   10313 [28] (61,62)   
                                 0.043     0.531    -0.562     1.468     1.247
 43       pi+     211 [28]    
                                -0.244     0.187     0.104     0.353     0.140
 44      rho0     113 [30] (68,69)   
                                 1.394     1.813     1.669     2.948     0.821
 45       pi-    -211 [30]    
                                 0.333     0.674     0.865     1.154     0.140
 46        K-    -321 [32]    
                                -0.082     0.075    -0.344     0.612     0.494
 47       pi+     211 [32]    
                                -0.735    -0.374    -1.573     1.781     0.140
 48       eta     221 [35] (70,71)   
                                -0.200    -0.339    -0.142     0.689     0.548
 49       pi0     111 [35] (72,73)   
                                 0.213    -0.063     0.021     0.261     0.135
 50     omega     223 [36] (74,75)   
                                -0.289    -0.777    -1.267     1.705     0.785
 51       pi-    -211 [36]    
                                 0.052    -0.155    -0.783     0.812     0.140
 52      a_1-  -20213 [37] (80,81)   
                                 0.096    -1.930    -0.867     2.428     1.187
 53      rho+     213 [37] (88,89)   
                                -0.060     0.513     0.379     0.902     0.635
------------------------------------------------------------------------------
     Sum of momenta:            -3e-05    -2e-05    -2e-05      18.5      18.5
------------------------------------------------------------------------------
Step 4 performed by DecayHandler
--- intermediates:
 54      K_S0     310 [38] (55,56)   
                                 0.056    -0.481     0.776     1.042     0.498
 55       pi0     111 [54] (57,58)   
                                 0.047    -0.140     0.020     0.201     0.135
 56       pi0     111 [54] (59,60)   
                                 0.009    -0.341     0.756     0.841     0.135
 61     K*_0+   10321 [42] (63,64)   
                                 0.328     0.652    -0.335     1.059     0.690
 63        K0     311 [61] (65)   
                                 0.122     0.476    -0.226     0.735     0.498
 65      K_S0     310 [63] (66,67)   
                                 0.122     0.476    -0.226     0.735     0.498
 74      rho-    -213 [50] (76,77)   
                                -0.195    -0.351    -0.523     0.832     0.507
 76       pi0     111 [74] (78,79)   
                                -0.299    -0.267    -0.232     0.482     0.135
 80      rho-    -213 [52] (82,83)   
                                 0.110    -1.001    -0.298     1.330     0.816
 81       pi0     111 [52] (86,87)   
                                -0.014    -0.929    -0.569     1.098     0.135
 82       pi0     111 [80] (84,85)   
                                 0.183    -0.318     0.229     0.453     0.135
 88       pi0     111 [53] (90,91)   
                                -0.153     0.561     0.152     0.616     0.135
--- final:
 39       pi+     211 [29]    
                                 0.037     0.278     0.321     0.448     0.140
 40        K-    -321 [33]    
                                -0.439    -0.014     0.220     0.696     0.494
 41       pi+     211 [33]    
                                -0.176     0.062     1.182     1.205     0.140
 43       pi+     211 [28]    
                                -0.244     0.187     0.104     0.353     0.140
 45       pi-    -211 [30]    
                                 0.333     0.674     0.865     1.154     0.140
 46        K-    -321 [32]    
                                -0.082     0.075    -0.344     0.612     0.494
 47       pi+     211 [32]    
                                -0.735    -0.374    -1.573     1.781     0.140
 51       pi-    -211 [36]    
                                 0.052    -0.155    -0.783     0.812     0.140
 57     gamma      22 [55]    
                                -0.029    -0.063     0.054     0.088     0.000
 58     gamma      22 [55]    
                                 0.076    -0.076    -0.034     0.113     0.000
 59     gamma      22 [56]    
                                 0.021    -0.080     0.079     0.114     0.000
 60     gamma      22 [56]    
                                -0.012    -0.261     0.678     0.727     0.000
 62       pi-    -211 [42]    
                                -0.286    -0.121    -0.226     0.409     0.140
 64       pi+     211 [61]    
                                 0.207     0.176    -0.110     0.324     0.140
 66       pi+     211 [65]    
                                -0.022     0.302     0.067     0.340     0.140
 67       pi-    -211 [65]    
                                 0.144     0.174    -0.292     0.395     0.140
 68       pi+     211 [44]    
                                 0.526     1.261     0.769     1.574     0.140
 69       pi-    -211 [44]    
                                 0.868     0.552     0.899     1.374     0.140
 70     gamma      22 [48]    
                                -0.050    -0.381     0.104     0.398     0.000
 71     gamma      22 [48]    
                                -0.150     0.042    -0.246     0.291     0.000
 72     gamma      22 [49]    
                                 0.083    -0.094     0.000     0.126     0.000
 73     gamma      22 [49]    
                                 0.130     0.031     0.021     0.135     0.000
 75       pi+     211 [50]    
                                -0.094    -0.426    -0.744     0.874     0.140
 77       pi-    -211 [74]    
                                 0.104    -0.084    -0.291     0.349     0.140
 78     gamma      22 [76]    
                                -0.267    -0.250    -0.155     0.397     0.000
 79     gamma      22 [76]    
                                -0.033    -0.017    -0.077     0.086     0.000
 83       pi-    -211 [80]    
                                -0.073    -0.683    -0.527     0.877     0.140
 84     gamma      22 [82]    
                                 0.022    -0.155     0.058     0.167     0.000
 85     gamma      22 [82]    
                                 0.161    -0.163     0.172     0.286     0.000
 86     gamma      22 [81]    
                                 0.002    -0.369    -0.304     0.478     0.000
 87     gamma      22 [81]    
                                -0.016    -0.560    -0.265     0.620     0.000
 89       pi+     211 [53]    
                                 0.092    -0.048     0.227     0.286     0.140
 90     gamma      22 [88]    
                                -0.068     0.242    -0.003     0.252     0.000
 91     gamma      22 [88]    
                                -0.084     0.319     0.155     0.364     0.000
------------------------------------------------------------------------------
     Sum of momenta:            -3e-05    -2e-05    -2e-05      18.5      18.5

The following exception classes were reported in this run:
ThePEG::EventHandler::ConsistencyException warning (1 times)
ThePEG::LesHouchesReader::LesHouchesReopenWarning warning (1 times)
