>>>>>>>>>>>>>>>>>>>>>>>>>>>>>>>>>>>>>>>>>>>>>>>>>>>>>>>>>>>>>>>>>>>>>>>>>>>>>>
>>>> Toolkit for HEP Event Generation - ThePEG 2.2.0 <<<<<<<<<<<<<<<<<<<<<<<<<
>>>> Tue Jun 30 00:38:18 2020                                             <<<<
<<<<<<<<<<<<<<<<<<<<<<<<<<<<<<<<<<<<<<<<<<<<<<<<<<<<<<<<<<<<<<<<<<<<<<<<<<<<<<

>> Herwig 7.2.0 / ThePEG 2.2.0

/Herwig/EventHandlers/NoCuts:
MHat  = 2 .. 18.3351 GeV
Scale = 0 .. 1e+12 GeV2
YHat  = -100 .. 100
X1    = 0 .. 1
X2    = 0 .. 1

* A warning exception of type ThePEG::LesHouchesReader::LesHouchesReopenWarning occurred while generating event number 1: 
Reopening LesHouchesReader 'myReader' after accessing 2 events out of 1
* A warning exception of type ThePEG::EventHandler::ConsistencyException occurred while generating event number 1: 
Event handler 'myLesHouchesHandler' found energy-momentum non-conservation by (-1e-05,-2e-05,-2e-05;-2.4029e-10) GeV after generating step number 4.

******************************************************************************
Event number 1 (id: ./OUTPUT/0.95MB1.05/1512495814/TMP/Cluster_HERWIGOutput_10) performed by myLesHouchesHandler
Weight: 1
==============================================================================

--- Colliding particles:
  1        e-      11  (3)   
                                 4.584     0.000     0.000     4.584     0.000
  2        e+     -11  (3)   
                                -4.584     0.000    -0.000     4.584     0.000
------------------------------------------------------------------------------
Primary sub-process performed by myReader
--- incoming:
  1        e-      11  (3)   
                                 4.584     0.000     0.000     4.584     0.000
  2        e+     -11  (3)   
                                -4.584     0.000    -0.000     4.584     0.000
--- intermediates:
  3     gamma      22 [1,2] (4..7)   
                                -0.000     0.000     0.000     9.168     9.168
--- outgoing:
  4         g      21 [3] (8)  7>>5 {+1,-2}
                                -0.045     0.763     0.883     1.168     0.000
  5         g      21 [3] (9)  4>>6 {+3,-1}
                                 0.814     0.555    -3.388     3.528     0.000
  6         g      21 [3] (10)  5>>7 {+4,-3}
                                -1.671    -1.974     1.670     3.079     0.000
  7         g      21 [3] (11)  6>>4 {+2,-4}
                                 0.902     0.656     0.835     1.393     0.000
------------------------------------------------------------------------------
Step 1 performed by myLesHouchesHandler
--- intermediates:
  1        e-      11  (3)   
                                 4.584     0.000     0.000     4.584     0.000
  2        e+     -11  (3)   
                                -4.584     0.000    -0.000     4.584     0.000
  3     gamma      22 [1,2] (4..7)   
                                -0.000     0.000     0.000     9.168     9.168
--- final:
  4         g      21 [3] (8)  7>>5 {+1,-2}
                                -0.045     0.763     0.883     1.168     0.000
  5         g      21 [3] (9)  4>>6 {+3,-1}
                                 0.814     0.555    -3.388     3.528     0.000
  6         g      21 [3] (10)  5>>7 {+4,-3}
                                -1.671    -1.974     1.670     3.079     0.000
  7         g      21 [3] (11)  6>>4 {+2,-4}
                                 0.902     0.656     0.835     1.393     0.000
------------------------------------------------------------------------------
     Sum of momenta:            -2e-05    -2e-05    -2e-05      9.17      9.17
------------------------------------------------------------------------------
Step 2 performed by ShowerHandler
--- final:
  8         g      21 [4] (12,13)  11>>9 {+1,-2}
                                -0.040     0.681     0.787     1.410     0.950
  9         g      21 [5] (14,15)  8>>10 {+3,-1}
                                 0.726     0.495    -3.022     3.287     0.950
 10         g      21 [6] (16,17)  9>>11 {+4,-3}
                                -1.490    -1.761     1.490     2.906     0.950
 11         g      21 [7] (18,19)  10>>8 {+2,-4}
                                 0.805     0.585     0.745     1.564     0.950
------------------------------------------------------------------------------
     Sum of momenta:            -2e-05    -2e-05    -2e-05      9.17      9.17
------------------------------------------------------------------------------
Step 3 performed by ClusterHadHandler
--- intermediates:
 12         d       1 [8] (20)   {+1}
                                -0.071     0.036     0.560     0.652     0.325
 13      dbar      -1 [8] (21)   {-2}
                                 0.031     0.644     0.227     0.757     0.325
 14         d       1 [9] (22)   {+3}
                                 0.249     0.007    -1.837     1.882     0.325
 15      dbar      -1 [9] (20)   {-1}
                                 0.476     0.488    -1.185     1.406     0.325
 16         s       3 [10] (23)   {+4}
                                -0.860    -0.838     0.654     1.439     0.450
 17      sbar      -3 [10] (22)   {-3}
                                -0.630    -0.923     0.836     1.467     0.450
 18         d       1 [11] (21)   {+2}
                                 0.336     0.145    -0.050     0.492     0.325
 19      dbar      -1 [11] (23)   {-4}
                                 0.469     0.441     0.794     1.073     0.325
 20   Cluster      81 [12,15] (24,25)   
                                 0.405     0.524    -0.625     2.058     1.845
 21   Cluster      81 [13,18] (26,27)   
                                 0.366     0.789     0.178     1.249     0.878
 22   Cluster      81 [14,17] (30,31)   
                                -0.381    -0.916    -1.000     3.349     3.038
 23   Cluster      81 [16,19] (28,29)   
                                -0.391    -0.397     1.448     2.512     1.975
--- final:
 24       eta     221 [20] (32..34)   
                                 0.099    -0.020     0.074     0.562     0.548
 25      b_10   10113 [20] (37,38)   
                                 0.306     0.545    -0.699     1.496     1.166
 26       pi+     211 [21]    
                                 0.078    -0.088    -0.172     0.251     0.140
 27       pi-    -211 [21]    
                                 0.288     0.878     0.350     0.998     0.140
 28    K*bar0    -313 [23] (47,48)   
                                -0.357    -0.173     0.005     0.952     0.865
 29       eta     221 [23] (49..51)   
                                -0.033    -0.224     1.443     1.560     0.548
 30       h_1   10223 [22] (58,59)   
                                 0.371    -0.372    -0.746     1.524     1.220
 31K_2(1770)0   10315 [22] (64,65)   
                                -0.752    -0.544    -0.254     1.825     1.551
------------------------------------------------------------------------------
     Sum of momenta:            -2e-05    -2e-05    -2e-05      9.17      9.17
------------------------------------------------------------------------------
Step 4 performed by DecayHandler
--- intermediates:
 34       pi0     111 [24] (35,36)   
                                 0.064    -0.038    -0.059     0.165     0.135
 37     omega     223 [25] (39,40)   
                                 0.513     0.483    -0.593     1.221     0.802
 38       pi0     111 [25] (45,46)   
                                -0.206     0.062    -0.106     0.275     0.135
 39      rho-    -213 [37] (41,42)   
                                 0.386     0.434    -0.229     0.808     0.513
 41       pi0     111 [39] (43,44)   
                                 0.288     0.244    -0.344     0.528     0.135
 49       pi0     111 [29] (52,53)   
                                -0.104    -0.081     0.595     0.624     0.135
 50       pi0     111 [29] (54,55)   
                                 0.041     0.028     0.528     0.547     0.135
 51       pi0     111 [29] (56,57)   
                                 0.029    -0.172     0.321     0.389     0.135
 58      rho-    -213 [30] (60,61)   
                                 0.096    -0.374    -0.249     0.938     0.818
 60       pi0     111 [58] (62,63)   
                                 0.262    -0.542    -0.096     0.624     0.135
 64       K*+     323 [31] (66,67)   
                                -0.452    -0.110    -0.603     1.178     0.899
 66        K0     311 [64] (68)   
                                -0.391    -0.329    -0.298     0.773     0.498
--- final:
 26       pi+     211 [21]    
                                 0.078    -0.088    -0.172     0.251     0.140
 27       pi-    -211 [21]    
                                 0.288     0.878     0.350     0.998     0.140
 32       pi+     211 [24]    
                                -0.030     0.040     0.181     0.234     0.140
 33       pi-    -211 [24]    
                                 0.065    -0.023    -0.048     0.163     0.140
 35     gamma      22 [34]    
                                -0.012     0.039    -0.036     0.055     0.000
 36     gamma      22 [34]    
                                 0.075    -0.077    -0.023     0.110     0.000
 40       pi+     211 [37]    
                                 0.126     0.049    -0.364     0.413     0.140
 42       pi-    -211 [39]    
                                 0.099     0.190     0.115     0.280     0.140
 43     gamma      22 [41]    
                                 0.115     0.024    -0.071     0.137     0.000
 44     gamma      22 [41]    
                                 0.173     0.220    -0.274     0.392     0.000
 45     gamma      22 [38]    
                                -0.046     0.053     0.018     0.072     0.000
 46     gamma      22 [38]    
                                -0.161     0.008    -0.123     0.203     0.000
 47        K-    -321 [28]    
                                -0.249    -0.223    -0.243     0.644     0.494
 48       pi+     211 [28]    
                                -0.108     0.049     0.248     0.308     0.140
 52     gamma      22 [49]    
                                -0.061    -0.096     0.543     0.555     0.000
 53     gamma      22 [49]    
                                -0.043     0.015     0.052     0.069     0.000
 54     gamma      22 [50]    
                                 0.075     0.055     0.429     0.439     0.000
 55     gamma      22 [50]    
                                -0.034    -0.027     0.099     0.108     0.000
 56     gamma      22 [51]    
                                -0.004     0.017     0.078     0.079     0.000
 57     gamma      22 [51]    
                                 0.034    -0.189     0.243     0.310     0.000
 59       pi+     211 [30]    
                                 0.275     0.002    -0.497     0.585     0.140
 61       pi-    -211 [58]    
                                -0.166     0.168    -0.153     0.314     0.140
 62     gamma      22 [60]    
                                 0.124    -0.355    -0.109     0.392     0.000
 63     gamma      22 [60]    
                                 0.138    -0.187     0.014     0.232     0.000
 65       pi-    -211 [31]    
                                -0.300    -0.434     0.348     0.647     0.140
 67       pi+     211 [64]    
                                -0.061     0.219    -0.305     0.405     0.140
 68      K_L0     130 [66]    
                                -0.391    -0.329    -0.298     0.773     0.498
------------------------------------------------------------------------------
     Sum of momenta:            -2e-05    -2e-05    -2e-05      9.17      9.17

The following exception classes were reported in this run:
ThePEG::EventHandler::ConsistencyException warning (1 times)
ThePEG::LesHouchesReader::LesHouchesReopenWarning warning (1 times)
