>>>>>>>>>>>>>>>>>>>>>>>>>>>>>>>>>>>>>>>>>>>>>>>>>>>>>>>>>>>>>>>>>>>>>>>>>>>>>>
>>>> Toolkit for HEP Event Generation - ThePEG 2.2.0 <<<<<<<<<<<<<<<<<<<<<<<<<
>>>> Tue Jun 30 00:17:37 2020                                             <<<<
<<<<<<<<<<<<<<<<<<<<<<<<<<<<<<<<<<<<<<<<<<<<<<<<<<<<<<<<<<<<<<<<<<<<<<<<<<<<<<

>> Herwig 7.2.0 / ThePEG 2.2.0

/Herwig/EventHandlers/NoCuts:
MHat  = 2 .. 47.3636 GeV
Scale = 0 .. 1e+12 GeV2
YHat  = -100 .. 100
X1    = 0 .. 1
X2    = 0 .. 1

* A warning exception of type ThePEG::LesHouchesReader::LesHouchesReopenWarning occurred while generating event number 1: 
Reopening LesHouchesReader 'myReader' after accessing 2 events out of 1
* A warning exception of type ThePEG::EventHandler::ConsistencyException occurred while generating event number 1: 
Event handler 'myLesHouchesHandler' found energy-momentum non-conservation by (-1e-05,-2e-05,-3e-05;2.99977e-05) GeV after generating step number 4.

******************************************************************************
Event number 1 (id: ./OUTPUT/0.95MB1.05/1511391750/TMP/Cluster_HERWIGOutput_2) performed by myLesHouchesHandler
Weight: 1
==============================================================================

--- Colliding particles:
  1        e-      11  (3)   
                                11.841     0.000     0.000    11.841     0.000
  2        e+     -11  (3)   
                               -11.841     0.000    -0.000    11.841     0.000
------------------------------------------------------------------------------
Primary sub-process performed by myReader
--- incoming:
  1        e-      11  (3)   
                                11.841     0.000     0.000    11.841     0.000
  2        e+     -11  (3)   
                               -11.841     0.000    -0.000    11.841     0.000
--- intermediates:
  3     gamma      22 [1,2] (4..8)   
                                 0.000     0.000     0.000    23.682    23.682
--- outgoing:
  4         g      21 [3] (9)  8>>6 {+1,-2}
                                 5.389     5.080    -8.022    10.918     0.000
  5         g      21 [3] (12)  6>>7 {+3,-4}
                                -0.682     1.061     0.519     1.364     0.000
  6         g      21 [3] (13)  4>>5 {+4,-1}
                                -0.684    -2.514     0.946     2.772     0.000
  7         g      21 [3] (14)  5>>8 {+5,-3}
                                -1.913    -2.619     4.203     5.309     0.000
  8         g      21 [3] (15)  7>>4 {+2,-5}
                                -2.110    -1.008     2.355     3.319     0.000
------------------------------------------------------------------------------
Step 1 performed by myLesHouchesHandler
--- intermediates:
  1        e-      11  (3)   
                                11.841     0.000     0.000    11.841     0.000
  2        e+     -11  (3)   
                               -11.841     0.000    -0.000    11.841     0.000
  3     gamma      22 [1,2] (4..8)   
                                 0.000     0.000     0.000    23.682    23.682
--- final:
  4         g      21 [3] (9)  8>>6 {+1,-2}
                                 5.389     5.080    -8.022    10.918     0.000
  5         g      21 [3] (12)  6>>7 {+3,-4}
                                -0.682     1.061     0.519     1.364     0.000
  6         g      21 [3] (13)  4>>5 {+4,-1}
                                -0.684    -2.514     0.946     2.772     0.000
  7         g      21 [3] (14)  5>>8 {+5,-3}
                                -1.913    -2.619     4.203     5.309     0.000
  8         g      21 [3] (15)  7>>4 {+2,-5}
                                -2.110    -1.008     2.355     3.319     0.000
------------------------------------------------------------------------------
     Sum of momenta:            -2e-05    -2e-05    -3e-05      23.7      23.7
------------------------------------------------------------------------------
Step 2 performed by ShowerHandler
--- intermediates:
  9         g      21 [4] (10,11)   {+1,-2}
                                 5.133     4.838    -7.641    10.821     2.990
--- final:
 10         g      21 [9] (24,25)  15>>11 {+6,-2}
                                 3.318     4.334    -5.262     7.641     0.950
 11         g      21 [9] (26,27)  10>>13 {+1,-6}
                                 1.815     0.505    -2.379     3.180     0.950
 12         g      21 [5] (16,17)  13>>14 {+3,-4}
                                -0.650     1.011     0.494     1.610     0.950
 13         g      21 [6] (18,19)  11>>12 {+4,-1}
                                -0.651    -2.395     0.901     2.806     0.950
 14         g      21 [7] (20,21)  12>>15 {+5,-3}
                                -1.822    -2.494     4.003     5.145     0.950
 15         g      21 [8] (22,23)  14>>10 {+2,-5}
                                -2.010    -0.960     2.243     3.301     0.950
------------------------------------------------------------------------------
     Sum of momenta:            -2e-05    -2e-05    -3e-05      23.7      23.7
------------------------------------------------------------------------------
Step 3 performed by ClusterHadHandler
--- intermediates:
 16         s       3 [12] (32)   {+3}
                                -0.435     0.722     0.320     1.007     0.450
 17      sbar      -3 [12] (28)   {-4}
                                -0.215     0.289     0.174     0.602     0.450
 18         u       2 [13] (28)   {+4}
                                -0.407    -1.562     0.906     1.879     0.325
 19      ubar      -2 [13] (29)   {-1}
                                -0.244    -0.833    -0.005     0.927     0.325
 20         u       2 [14] (30)   {+5}
                                -0.991    -0.821     1.472     1.982     0.325
 21      ubar      -2 [14] (33)   {-3}
                                -0.831    -1.673     2.531     3.163     0.325
 22         u       2 [15] (33)   {+2}
                                -0.556    -0.615     0.763     1.173     0.325
 23      ubar      -2 [15] (30)   {-5}
                                -1.454    -0.345     1.480     2.128     0.325
 24         d       1 [10] (31)   {+6}
                                 0.793     1.112    -1.008     1.728     0.325
 25      dbar      -1 [10] (32)   {-2}
                                 2.525     3.222    -4.254     5.913     0.325
 26         u       2 [11] (29)   {+1}
                                 1.285     0.327    -2.026     2.443     0.325
 27      ubar      -2 [11] (31)   {-6}
                                 0.530     0.177    -0.353     0.736     0.325
 28   Cluster      81 [17,18] (36,37)   
                                -0.622    -1.272     1.080     2.481     1.727
 29   Cluster      81 [19,26] (34,35)   
                                 1.041    -0.506    -2.031     3.370     2.428
 30   Cluster      81 [20,23] (42,43)   
                                -2.445    -1.166     2.952     4.110     0.917
 31   Cluster      81 [24,27] (44,45)   
                                 1.323     1.289    -1.361     2.465     0.900
 32   Cluster      81 [16,25] (40,41)   
                                 2.090     3.944    -3.934     6.920     3.533
 33   Cluster      81 [21,22] (38,39)   
                                -1.387    -2.288     3.295     4.336     0.885
--- final:
 34      a_10   20113 [29] (46,47)   
                                 0.877    -0.856    -1.431     2.326     1.364
 35      rho0     113 [29] (52,53)   
                                 0.164     0.350    -0.600     1.044     0.762
 36        K0     311 [28] (54)   
                                -0.435    -0.578    -0.114     0.885     0.498
 37      rho+     213 [28] (55,56)   
                                -0.188    -0.694     1.193     1.596     0.778
 38       eta     221 [33] (59,60)   
                                -1.155    -2.164     3.048     3.951     0.548
 39       pi0     111 [33] (61,62)   
                                -0.231    -0.124     0.246     0.384     0.135
 40    Sigma0    3212 [32] (63,64)   
                                 0.948     0.121    -0.803     1.726     1.193
 41 Deltabar0   -2114 [32] (69,70)   
                                 1.143     3.823    -3.131     5.194     1.117
 42       pi+     211 [30]    
                                -2.265    -1.213     2.890     3.869     0.140
 43       pi-    -211 [30]    
                                -0.181     0.047     0.062     0.241     0.140
 44       pi-    -211 [31]    
                                 0.847     1.297    -1.105     1.907     0.140
 45       pi0     111 [31] (73,74)   
                                 0.476    -0.007    -0.256     0.557     0.135
------------------------------------------------------------------------------
     Sum of momenta:            -2e-05    -2e-05    -3e-05      23.7      23.7
------------------------------------------------------------------------------
Step 4 performed by DecayHandler
--- intermediates:
 46      rho+     213 [34] (48,49)   
                                 0.825    -1.061    -1.324     2.051     0.807
 49       pi0     111 [46] (50,51)   
                                -0.086    -0.257    -0.094     0.317     0.135
 55       pi0     111 [37] (57,58)   
                                -0.073     0.132     0.148     0.251     0.135
 63   Lambda0    3122 [40] (65,66)   
                                 0.886     0.152    -0.825     1.653     1.116
 66       pi0     111 [63] (67,68)   
                                 0.003     0.014    -0.065     0.151     0.135
 70       pi0     111 [41] (71,72)   
                                 0.207     0.401    -0.299     0.558     0.135
--- final:
 42       pi+     211 [30]    
                                -2.265    -1.213     2.890     3.869     0.140
 43       pi-    -211 [30]    
                                -0.181     0.047     0.062     0.241     0.140
 44       pi-    -211 [31]    
                                 0.847     1.297    -1.105     1.907     0.140
 47       pi-    -211 [34]    
                                 0.052     0.204    -0.107     0.275     0.140
 48       pi+     211 [46]    
                                 0.911    -0.804    -1.230     1.735     0.140
 50     gamma      22 [49]    
                                -0.088    -0.216    -0.126     0.265     0.000
 51     gamma      22 [49]    
                                 0.001    -0.040     0.032     0.052     0.000
 52       pi+     211 [35]    
                                 0.034    -0.050     0.123     0.196     0.140
 53       pi-    -211 [35]    
                                 0.130     0.401    -0.723     0.848     0.140
 54      K_L0     130 [36]    
                                -0.435    -0.578    -0.114     0.885     0.498
 56       pi+     211 [37]    
                                -0.114    -0.826     1.046     1.345     0.140
 57     gamma      22 [55]    
                                -0.029     0.006     0.107     0.111     0.000
 58     gamma      22 [55]    
                                -0.044     0.126     0.041     0.140     0.000
 59     gamma      22 [38]    
                                -0.803    -1.430     1.610     2.299     0.000
 60     gamma      22 [38]    
                                -0.352    -0.734     1.438     1.653     0.000
 61     gamma      22 [39]    
                                -0.136    -0.077     0.228     0.276     0.000
 62     gamma      22 [39]    
                                -0.096    -0.047     0.018     0.108     0.000
 64     gamma      22 [40]    
                                 0.062    -0.031     0.022     0.073     0.000
 65        n0    2112 [63]    
                                 0.882     0.138    -0.760     1.503     0.940
 67     gamma      22 [66]    
                                -0.049     0.007     0.017     0.053     0.000
 68     gamma      22 [66]    
                                 0.052     0.007    -0.083     0.098     0.000
 69     nbar0   -2112 [41]    
                                 0.936     3.421    -2.832     4.635     0.940
 71     gamma      22 [70]    
                                 0.177     0.373    -0.217     0.466     0.000
 72     gamma      22 [70]    
                                 0.030     0.029    -0.082     0.092     0.000
 73     gamma      22 [45]    
                                 0.092     0.048    -0.029     0.108     0.000
 74     gamma      22 [45]    
                                 0.384    -0.055    -0.227     0.450     0.000
------------------------------------------------------------------------------
     Sum of momenta:            -2e-05    -2e-05    -3e-05      23.7      23.7

The following exception classes were reported in this run:
ThePEG::EventHandler::ConsistencyException warning (1 times)
ThePEG::LesHouchesReader::LesHouchesReopenWarning warning (1 times)
