>>>>>>>>>>>>>>>>>>>>>>>>>>>>>>>>>>>>>>>>>>>>>>>>>>>>>>>>>>>>>>>>>>>>>>>>>>>>>>
>>>> Toolkit for HEP Event Generation - ThePEG 2.2.0 <<<<<<<<<<<<<<<<<<<<<<<<<
>>>> Tue Jun 30 00:26:25 2020                                             <<<<
<<<<<<<<<<<<<<<<<<<<<<<<<<<<<<<<<<<<<<<<<<<<<<<<<<<<<<<<<<<<<<<<<<<<<<<<<<<<<<

>> Herwig 7.2.0 / ThePEG 2.2.0

/Herwig/EventHandlers/NoCuts:
MHat  = 2 .. 33.0659 GeV
Scale = 0 .. 1e+12 GeV2
YHat  = -100 .. 100
X1    = 0 .. 1
X2    = 0 .. 1

* A warning exception of type ThePEG::LesHouchesReader::LesHouchesReopenWarning occurred while generating event number 1: 
Reopening LesHouchesReader 'myReader' after accessing 2 events out of 1
* A warning exception of type ThePEG::EventHandler::ConsistencyException occurred while generating event number 1: 
Event handler 'myLesHouchesHandler' found energy-momentum non-conservation by (-2e-05,-2e-05,-1e-05;2e-05) GeV after generating step number 4.

******************************************************************************
Event number 1 (id: ./OUTPUT/0.95MB1.05/1513286961/TMP/Cluster_HERWIGOutput_13) performed by myLesHouchesHandler
Weight: 1
==============================================================================

--- Colliding particles:
  1        e-      11  (3)   
                                 8.266     0.000     0.000     8.266     0.000
  2        e+     -11  (3)   
                                -8.266     0.000     0.000     8.266     0.000
------------------------------------------------------------------------------
Primary sub-process performed by myReader
--- incoming:
  1        e-      11  (3)   
                                 8.266     0.000     0.000     8.266     0.000
  2        e+     -11  (3)   
                                -8.266     0.000     0.000     8.266     0.000
--- intermediates:
  3     gamma      22 [1,2] (4..7)   
                                 0.000     0.000     0.000    16.533    16.533
--- outgoing:
  4         g      21 [3] (8)  6>>6 {+1,-2}
                                -3.639     0.560     1.168     3.863     0.000
  5         g      21 [3] (9)  7>>7 {+3,-4}
                                 5.212     0.402    -5.484     7.576     0.000
  6         g      21 [3] (10)  4>>4 {+2,-1}
                                -0.281    -1.331     2.089     2.492     0.000
  7         g      21 [3] (11)  5>>5 {+4,-3}
                                -1.292     0.369     2.228     2.602     0.000
------------------------------------------------------------------------------
Step 1 performed by myLesHouchesHandler
--- intermediates:
  1        e-      11  (3)   
                                 8.266     0.000     0.000     8.266     0.000
  2        e+     -11  (3)   
                                -8.266     0.000     0.000     8.266     0.000
  3     gamma      22 [1,2] (4..7)   
                                 0.000     0.000     0.000    16.533    16.533
--- final:
  4         g      21 [3] (8)  6>>6 {+1,-2}
                                -3.639     0.560     1.168     3.863     0.000
  5         g      21 [3] (9)  7>>7 {+3,-4}
                                 5.212     0.402    -5.484     7.576     0.000
  6         g      21 [3] (10)  4>>4 {+2,-1}
                                -0.281    -1.331     2.089     2.492     0.000
  7         g      21 [3] (11)  5>>5 {+4,-3}
                                -1.292     0.369     2.228     2.602     0.000
------------------------------------------------------------------------------
     Sum of momenta:            -2e-05    -2e-05    -1e-05      16.5      16.5
------------------------------------------------------------------------------
Step 2 performed by ShowerHandler
--- intermediates:
 11         g      21 [7] (12,13)   {+4,-3}
                                -1.109     0.317     1.912     4.171     3.523
--- final:
  8         g      21 [4] (14,15)  10>>10 {+1,-2}
                                -3.123     0.481     1.003     3.449     0.950
  9         g      21 [5] (16,17)  13>>12 {+3,-4}
                                 4.473     0.345    -4.707     6.572     0.950
 10         g      21 [6] (18,19)  8>>8 {+2,-1}
                                -0.241    -1.142     1.793     2.341     0.950
 12         g      21 [11] (20,21)  9>>13 {+5,-3}
                                -0.521     1.177    -0.220     1.615     0.950
 13         g      21 [11] (22,23)  12>>9 {+4,-5}
                                -0.588    -0.861     2.132     2.556     0.950
------------------------------------------------------------------------------
     Sum of momenta:            -2e-05    -2e-05    -1e-05      16.5      16.5
------------------------------------------------------------------------------
Step 3 performed by ClusterHadHandler
--- intermediates:
 14         s       3 [8] (24)   {+1}
                                -1.081     0.228     0.338     1.239     0.450
 15      sbar      -3 [8] (28)   {-2}
                                -2.043     0.253     0.665     2.209     0.450
 16         d       1 [9] (25)   {+3}
                                 1.778     0.410    -2.191     2.870     0.325
 17      dbar      -1 [9] (26)   {-4}
                                 2.695    -0.065    -2.516     3.702     0.325
 18         s       3 [10] (27)   {+2}
                                -0.249    -0.666     1.129     1.408     0.450
 19      sbar      -3 [10] (24)   {-1}
                                 0.008    -0.476     0.663     0.932     0.450
 20         u       2 [12] (28)   {+5}
                                -0.315     0.231    -0.300     0.590     0.325
 21      ubar      -2 [12] (25)   {-3}
                                -0.206     0.946     0.080     1.025     0.325
 22         s       3 [13] (26)   {+4}
                                -0.403    -0.598     1.163     1.441     0.450
 23      sbar      -3 [13] (27)   {-5}
                                -0.185    -0.262     0.969     1.115     0.450
 24   Cluster      81 [14,19] (35,36)   
                                -1.073    -0.249     1.001     2.172     1.582
 25   Cluster      81 [16,21] (33,34)   
                                 1.572     1.357    -2.111     3.895     2.531
 26   Cluster      81 [17,22] (29,30)   
                                 2.292    -0.664    -1.353     5.143     4.350
 27   Cluster      81 [18,23] (31)   
                                -0.433    -0.928     2.098     2.524     0.958
 28   Cluster      81 [15,20] (32)   
                                -2.358     0.484     0.365     2.800     1.383
 29   Cluster      81 [26] (37,38)   
                                 2.362    -0.082    -2.173     3.325     0.867
 30   Cluster      81 [26] (39,40)   
                                -0.070    -0.582     0.820     1.818     1.513
 32   Cluster      81 [28] (41,42)   
                                -2.359     0.484     0.365     2.800     1.383
--- final:
 31       f_0 9010221 [27] (43,44)   
                                -0.432    -0.929     2.099     2.523     0.955
 33      rho0     113 [25] (45,46)   
                                 1.045     0.401    -1.378     1.932     0.762
 34    rho_3-    -217 [25] (47,48)   
                                 0.526     0.956    -0.733     1.963     1.457
 35       K*-    -323 [24] (55,56)   
                                -0.885    -0.340     0.367     1.341     0.876
 36        K+     321 [24]    
                                -0.188     0.091     0.634     0.830     0.494
 37       pi+     211 [29]    
                                 1.040     0.342    -0.762     1.341     0.140
 38       pi-    -211 [29]    
                                 1.322    -0.424    -1.411     1.984     0.140
 39       K*-    -323 [30] (60,61)   
                                 0.161    -0.021     0.107     0.871     0.850
 40       pi+     211 [30]    
                                -0.230    -0.561     0.713     0.946     0.140
 41       pi+     211 [32]    
                                -0.346    -0.208     0.229     0.485     0.140
 42       K*0     313 [32] (64,65)   
                                -2.013     0.692     0.135     2.316     0.902
------------------------------------------------------------------------------
     Sum of momenta:            -2e-05    -2e-05    -1e-05      16.5      16.5
------------------------------------------------------------------------------
Step 4 performed by DecayHandler
--- intermediates:
 48     omega     223 [34] (49,50)   
                                 0.000     0.957    -0.694     1.417     0.781
 49      rho+     213 [48] (51,52)   
                                -0.159     0.768    -0.598     1.117     0.524
 51       pi0     111 [49] (53,54)   
                                -0.055     0.735    -0.562     0.936     0.135
 55     Kbar0    -311 [35] (57)   
                                -0.620    -0.281     0.529     0.995     0.498
 57      K_S0     310 [55] (58,59)   
                                -0.620    -0.281     0.529     0.995     0.498
 61       pi0     111 [39] (62,63)   
                                 0.068     0.224     0.154     0.311     0.135
--- final:
 36        K+     321 [24]    
                                -0.188     0.091     0.634     0.830     0.494
 37       pi+     211 [29]    
                                 1.040     0.342    -0.762     1.341     0.140
 38       pi-    -211 [29]    
                                 1.322    -0.424    -1.411     1.984     0.140
 40       pi+     211 [30]    
                                -0.230    -0.561     0.713     0.946     0.140
 41       pi+     211 [32]    
                                -0.346    -0.208     0.229     0.485     0.140
 43       pi+     211 [31]    
                                -0.602    -0.370     1.553     1.712     0.140
 44       pi-    -211 [31]    
                                 0.170    -0.558     0.545     0.811     0.140
 45       pi+     211 [33]    
                                 0.714    -0.073    -0.953     1.201     0.140
 46       pi-    -211 [33]    
                                 0.332     0.474    -0.425     0.731     0.140
 47       pi-    -211 [34]    
                                 0.526    -0.001    -0.038     0.546     0.140
 50       pi-    -211 [48]    
                                 0.159     0.189    -0.097     0.300     0.140
 52       pi+     211 [49]    
                                -0.104     0.034    -0.036     0.181     0.140
 53     gamma      22 [51]    
                                 0.003     0.199    -0.084     0.216     0.000
 54     gamma      22 [51]    
                                -0.058     0.535    -0.478     0.720     0.000
 56       pi-    -211 [35]    
                                -0.265    -0.059    -0.163     0.346     0.140
 58       pi+     211 [57]    
                                -0.603    -0.199     0.520     0.833     0.140
 59       pi-    -211 [57]    
                                -0.017    -0.081     0.009     0.163     0.140
 60        K-    -321 [39]    
                                 0.093    -0.245    -0.047     0.561     0.494
 62     gamma      22 [61]    
                                 0.020     0.040    -0.024     0.051     0.000
 63     gamma      22 [61]    
                                 0.047     0.184     0.178     0.260     0.000
 64        K+     321 [42]    
                                -1.500     0.434    -0.177     1.647     0.494
 65       pi-    -211 [42]    
                                -0.513     0.258     0.313     0.669     0.140
------------------------------------------------------------------------------
     Sum of momenta:            -2e-05    -2e-05    -1e-05      16.5      16.5

The following exception classes were reported in this run:
ThePEG::EventHandler::ConsistencyException warning (1 times)
ThePEG::LesHouchesReader::LesHouchesReopenWarning warning (1 times)
