>>>>>>>>>>>>>>>>>>>>>>>>>>>>>>>>>>>>>>>>>>>>>>>>>>>>>>>>>>>>>>>>>>>>>>>>>>>>>>
>>>> Toolkit for HEP Event Generation - ThePEG 2.2.0 <<<<<<<<<<<<<<<<<<<<<<<<<
>>>> Tue Jun 30 00:16:55 2020                                             <<<<
<<<<<<<<<<<<<<<<<<<<<<<<<<<<<<<<<<<<<<<<<<<<<<<<<<<<<<<<<<<<<<<<<<<<<<<<<<<<<<

>> Herwig 7.2.0 / ThePEG 2.2.0

/Herwig/EventHandlers/NoCuts:
MHat  = 2 .. 28.8148 GeV
Scale = 0 .. 1e+12 GeV2
YHat  = -100 .. 100
X1    = 0 .. 1
X2    = 0 .. 1

* A warning exception of type ThePEG::LesHouchesReader::LesHouchesReopenWarning occurred while generating event number 1: 
Reopening LesHouchesReader 'myReader' after accessing 2 events out of 1
* A warning exception of type ThePEG::EventHandler::ConsistencyException occurred while generating event number 1: 
Event handler 'myLesHouchesHandler' found energy-momentum non-conservation by (-3e-05,-4e-05,-3e-05;2.99998e-05) GeV after generating step number 4.

******************************************************************************
Event number 1 (id: ./OUTPUT/0.95MB1.05/1512173926/TMP/Cluster_HERWIGOutput_1) performed by myLesHouchesHandler
Weight: 1
==============================================================================

--- Colliding particles:
  1        e-      11  (3)   
                                 7.204     0.000    -0.000     7.204     0.000
  2        e+     -11  (3)   
                                -7.204     0.000     0.000     7.204     0.000
------------------------------------------------------------------------------
Primary sub-process performed by myReader
--- incoming:
  1        e-      11  (3)   
                                 7.204     0.000    -0.000     7.204     0.000
  2        e+     -11  (3)   
                                -7.204     0.000     0.000     7.204     0.000
--- intermediates:
  3     gamma      22 [1,2] (4..9)   
                                 0.000     0.000     0.000    14.407    14.407
--- outgoing:
  4         g      21 [3] (10)  9>>7 {+1,-2}
                                 0.907    -0.612     0.728     1.314     0.000
  5         g      21 [3] (11)  7>>9 {+3,-4}
                                 0.386     0.464     0.431     0.741     0.000
  6         g      21 [3] (12)  8>>8 {+5,-6}
                                 2.085     3.458     2.045     4.526     0.000
  7         g      21 [3] (13)  4>>5 {+4,-1}
                                -2.199    -0.893     0.314     2.394     0.000
  8         g      21 [3] (14)  6>>6 {+6,-5}
                                 0.580     0.473    -0.764     1.069     0.000
  9         g      21 [3] (15)  5>>4 {+2,-3}
                                -1.759    -2.889    -2.754     4.362     0.000
------------------------------------------------------------------------------
Step 1 performed by myLesHouchesHandler
--- intermediates:
  1        e-      11  (3)   
                                 7.204     0.000    -0.000     7.204     0.000
  2        e+     -11  (3)   
                                -7.204     0.000     0.000     7.204     0.000
  3     gamma      22 [1,2] (4..9)   
                                 0.000     0.000     0.000    14.407    14.407
--- final:
  4         g      21 [3] (10)  9>>7 {+1,-2}
                                 0.907    -0.612     0.728     1.314     0.000
  5         g      21 [3] (11)  7>>9 {+3,-4}
                                 0.386     0.464     0.431     0.741     0.000
  6         g      21 [3] (12)  8>>8 {+5,-6}
                                 2.085     3.458     2.045     4.526     0.000
  7         g      21 [3] (13)  4>>5 {+4,-1}
                                -2.199    -0.893     0.314     2.394     0.000
  8         g      21 [3] (14)  6>>6 {+6,-5}
                                 0.580     0.473    -0.764     1.069     0.000
  9         g      21 [3] (15)  5>>4 {+2,-3}
                                -1.759    -2.889    -2.754     4.362     0.000
------------------------------------------------------------------------------
     Sum of momenta:            -4e-05    -4e-05    -3e-05      14.4      14.4
------------------------------------------------------------------------------
Step 2 performed by ShowerHandler
--- final:
 10         g      21 [4] (16,17)  15>>13 {+1,-2}
                                 0.802    -0.542     0.644     1.502     0.950
 11         g      21 [5] (18,19)  13>>15 {+3,-4}
                                 0.342     0.410     0.381     1.154     0.950
 12         g      21 [6] (20,21)  14>>14 {+5,-6}
                                 1.845     3.059     1.810     4.115     0.950
 13         g      21 [7] (22,23)  10>>11 {+4,-1}
                                -1.946    -0.790     0.277     2.322     0.950
 14         g      21 [8] (24,25)  12>>12 {+6,-5}
                                 0.513     0.419    -0.676     1.341     0.950
 15         g      21 [9] (26,27)  11>>10 {+2,-3}
                                -1.556    -2.556    -2.436     3.974     0.950
------------------------------------------------------------------------------
     Sum of momenta:            -4e-05    -4e-05    -3e-05      14.4      14.4
------------------------------------------------------------------------------
Step 3 performed by ClusterHadHandler
--- intermediates:
 16         u       2 [10] (28)   {+1}
                                 0.514    -0.365     0.738     1.023     0.325
 17      ubar      -2 [10] (29)   {-2}
                                 0.288    -0.177    -0.093     0.478     0.325
 18         s       3 [11] (30)   {+3}
                                 0.043     0.259     0.253     0.579     0.450
 19      sbar      -3 [11] (31)   {-4}
                                 0.299     0.151     0.128     0.575     0.450
 20         u       2 [12] (32)   {+5}
                                 0.429     1.317     0.806     1.635     0.325
 21      ubar      -2 [12] (33)   {-6}
                                 1.416     1.741     1.004     2.480     0.325
 22         u       2 [13] (31)   {+4}
                                -1.578    -0.591    -0.016     1.716     0.325
 23      ubar      -2 [13] (28)   {-1}
                                -0.368    -0.199     0.293     0.605     0.325
 24         u       2 [14] (33)   {+6}
                                 0.537     0.121    -0.154     0.657     0.325
 25      ubar      -2 [14] (32)   {-5}
                                -0.024     0.298    -0.522     0.683     0.325
 26         u       2 [15] (29)   {+2}
                                -0.854    -1.961    -1.681     2.740     0.325
 27      ubar      -2 [15] (30)   {-3}
                                -0.702    -0.594    -0.756     1.234     0.325
 28   Cluster      81 [16,23] (40,41)   
                                 0.146    -0.563     1.031     1.629     1.118
 29   Cluster      81 [17,26] (44,45)   
                                -0.566    -2.138    -1.774     3.218     1.521
 30   Cluster      81 [18,27] (34,35)   
                                -0.659    -0.335    -0.503     1.814     1.578
 31   Cluster      81 [19,22] (36,37)   
                                -1.279    -0.440     0.112     2.291     1.846
 32   Cluster      81 [20,25] (42,43)   
                                 0.405     1.615     0.284     2.319     1.589
 33   Cluster      81 [21,24] (38,39)   
                                 1.953     1.862     0.850     3.137     1.356
--- final:
 34     Kbar0    -311 [30] (46)   
                                -0.089    -0.617    -0.771     1.109     0.498
 35       pi-    -211 [30]    
                                -0.570     0.282     0.268     0.704     0.140
 36      K_10   10313 [31] (47,48)   
                                -0.974     0.221     0.088     1.550     1.181
 37       pi+     211 [31]    
                                -0.305    -0.661     0.024     0.742     0.140
 38      rho-    -213 [33] (58,59)   
                                 1.861     1.835     0.936     2.948     0.991
 39       pi+     211 [33]    
                                 0.092     0.028    -0.086     0.190     0.140
 40       pi+     211 [28]    
                                 0.134    -0.401     0.569     0.723     0.140
 41      rho-    -213 [28] (62,63)   
                                 0.012    -0.162     0.462     0.906     0.762
 42       pi+     211 [32]    
                                 0.167     1.410    -0.203     1.441     0.140
 43      rho-    -213 [32] (66,67)   
                                 0.238     0.205     0.487     0.878     0.659
 44       pi0     111 [29] (71,72)   
                                -0.104    -0.316    -0.035     0.361     0.135
 45       f_1   20223 [29] (73,74)   
                                -0.462    -1.822    -1.739     2.857     1.267
------------------------------------------------------------------------------
     Sum of momenta:            -4e-05    -4e-05    -3e-05      14.4      14.4
------------------------------------------------------------------------------
Step 4 performed by DecayHandler
--- intermediates:
 47       K*0     313 [36] (49,50)   
                                -0.725     0.396     0.053     1.214     0.888
 48       pi0     111 [36] (56,57)   
                                -0.249    -0.175     0.036     0.335     0.135
 49        K0     311 [47] (51)   
                                -0.325    -0.026    -0.086     0.601     0.498
 50       pi0     111 [47] (54,55)   
                                -0.400     0.423     0.139     0.613     0.135
 51      K_S0     310 [49] (52,53)   
                                -0.325    -0.026    -0.086     0.601     0.498
 58       pi0     111 [38] (60,61)   
                                 1.089     0.425     0.482     1.272     0.135
 62       pi0     111 [41] (64,65)   
                                -0.018     0.247     0.014     0.283     0.135
 66       pi0     111 [43] (68..70)   
                                 0.409     0.073     0.167     0.468     0.135
 73      a_00 9000111 [45] (75,76)   
                                -0.667    -1.674    -1.418     2.427     0.794
 74       pi0     111 [45] (81,82)   
                                 0.205    -0.148    -0.321     0.430     0.135
 75       eta     221 [73] (77,78)   
                                -0.277    -0.887    -0.831     1.361     0.548
 76       pi0     111 [73] (79,80)   
                                -0.390    -0.787    -0.587     1.065     0.135
--- final:
 35       pi-    -211 [30]    
                                -0.570     0.282     0.268     0.704     0.140
 37       pi+     211 [31]    
                                -0.305    -0.661     0.024     0.742     0.140
 39       pi+     211 [33]    
                                 0.092     0.028    -0.086     0.190     0.140
 40       pi+     211 [28]    
                                 0.134    -0.401     0.569     0.723     0.140
 42       pi+     211 [32]    
                                 0.167     1.410    -0.203     1.441     0.140
 46      K_L0     130 [34]    
                                -0.089    -0.617    -0.771     1.109     0.498
 52       pi+     211 [51]    
                                -0.245    -0.188     0.038     0.341     0.140
 53       pi-    -211 [51]    
                                -0.080     0.162    -0.124     0.260     0.140
 54     gamma      22 [50]    
                                -0.020     0.013     0.039     0.046     0.000
 55     gamma      22 [50]    
                                -0.381     0.409     0.100     0.567     0.000
 56     gamma      22 [48]    
                                -0.156    -0.147     0.079     0.228     0.000
 57     gamma      22 [48]    
                                -0.093    -0.029    -0.044     0.107     0.000
 59       pi-    -211 [38]    
                                 0.772     1.410     0.454     1.676     0.140
 60     gamma      22 [58]    
                                 0.088     0.020     0.003     0.091     0.000
 61     gamma      22 [58]    
                                 1.001     0.405     0.479     1.181     0.000
 63       pi-    -211 [41]    
                                 0.030    -0.409     0.448     0.624     0.140
 64     gamma      22 [62]    
                                 0.000     0.011     0.042     0.044     0.000
 65     gamma      22 [62]    
                                -0.018     0.237    -0.028     0.239     0.000
 67       pi-    -211 [43]    
                                -0.170     0.132     0.320     0.410     0.140
 68     gamma      22 [66]    
                                 0.345     0.010     0.149     0.376     0.000
 69        e-      11 [66]    
                                 0.022     0.022     0.007     0.032     0.001
 70        e+     -11 [66]    
                                 0.041     0.041     0.011     0.060     0.001
 71     gamma      22 [44]    
                                -0.053    -0.300    -0.039     0.307     0.000
 72     gamma      22 [44]    
                                -0.051    -0.016     0.004     0.054     0.000
 77     gamma      22 [75]    
                                -0.216    -0.278    -0.030     0.354     0.000
 78     gamma      22 [75]    
                                -0.060    -0.609    -0.801     1.008     0.000
 79     gamma      22 [76]    
                                -0.366    -0.632    -0.459     0.863     0.000
 80     gamma      22 [76]    
                                -0.024    -0.156    -0.128     0.203     0.000
 81     gamma      22 [74]    
                                 0.003     0.003     0.012     0.013     0.000
 82     gamma      22 [74]    
                                 0.202    -0.152    -0.332     0.418     0.000
------------------------------------------------------------------------------
     Sum of momenta:            -4e-05    -4e-05    -3e-05      14.4      14.4

The following exception classes were reported in this run:
ThePEG::EventHandler::ConsistencyException warning (1 times)
ThePEG::LesHouchesReader::LesHouchesReopenWarning warning (1 times)
