>>>>>>>>>>>>>>>>>>>>>>>>>>>>>>>>>>>>>>>>>>>>>>>>>>>>>>>>>>>>>>>>>>>>>>>>>>>>>>
>>>> Toolkit for HEP Event Generation - ThePEG 2.2.0 <<<<<<<<<<<<<<<<<<<<<<<<<
>>>> Tue Jun 30 00:50:49 2020                                             <<<<
<<<<<<<<<<<<<<<<<<<<<<<<<<<<<<<<<<<<<<<<<<<<<<<<<<<<<<<<<<<<<<<<<<<<<<<<<<<<<<

>> Herwig 7.2.0 / ThePEG 2.2.0

/Herwig/EventHandlers/NoCuts:
MHat  = 2 .. 43.6708 GeV
Scale = 0 .. 1e+12 GeV2
YHat  = -100 .. 100
X1    = 0 .. 1
X2    = 0 .. 1

* A warning exception of type ThePEG::LesHouchesReader::LesHouchesReopenWarning occurred while generating event number 1: 
Reopening LesHouchesReader 'myReader' after accessing 2 events out of 1
* A warning exception of type ThePEG::EventHandler::ConsistencyException occurred while generating event number 1: 
Event handler 'myLesHouchesHandler' found energy-momentum non-conservation by (-1e-05,-3e-05,-4e-05;1.99998e-05) GeV after generating step number 4.

******************************************************************************
Event number 1 (id: ./OUTPUT/0.95MB1.05/1513168335/TMP/Cluster_HERWIGOutput_44) performed by myLesHouchesHandler
Weight: 1
==============================================================================

--- Colliding particles:
  1        e-      11  (3)   
                                10.918     0.000    -0.000    10.918     0.000
  2        e+     -11  (3)   
                               -10.918     0.000     0.000    10.918     0.000
------------------------------------------------------------------------------
Primary sub-process performed by myReader
--- incoming:
  1        e-      11  (3)   
                                10.918     0.000    -0.000    10.918     0.000
  2        e+     -11  (3)   
                               -10.918     0.000     0.000    10.918     0.000
--- intermediates:
  3     gamma      22 [1,2] (4..8)   
                                -0.000     0.000    -0.000    21.835    21.835
--- outgoing:
  4         g      21 [3] (9)  7>>5 {+1,-2}
                                -2.066     0.961    -1.375     2.662     0.000
  5         g      21 [3] (10)  4>>7 {+3,-1}
                                 0.682    -0.052     1.075     1.274     0.000
  6         g      21 [3] (11)  8>>8 {+4,-5}
                                 3.404    -1.848     7.366     8.323     0.000
  7         g      21 [3] (12)  5>>4 {+2,-3}
                                 0.076     2.954    -1.538     3.331     0.000
  8         g      21 [3] (13)  6>>6 {+5,-4}
                                -2.095    -2.016    -5.528     6.246     0.000
------------------------------------------------------------------------------
Step 1 performed by myLesHouchesHandler
--- intermediates:
  1        e-      11  (3)   
                                10.918     0.000    -0.000    10.918     0.000
  2        e+     -11  (3)   
                               -10.918     0.000     0.000    10.918     0.000
  3     gamma      22 [1,2] (4..8)   
                                -0.000     0.000    -0.000    21.835    21.835
--- final:
  4         g      21 [3] (9)  7>>5 {+1,-2}
                                -2.066     0.961    -1.375     2.662     0.000
  5         g      21 [3] (10)  4>>7 {+3,-1}
                                 0.682    -0.052     1.075     1.274     0.000
  6         g      21 [3] (11)  8>>8 {+4,-5}
                                 3.404    -1.848     7.366     8.323     0.000
  7         g      21 [3] (12)  5>>4 {+2,-3}
                                 0.076     2.954    -1.538     3.331     0.000
  8         g      21 [3] (13)  6>>6 {+5,-4}
                                -2.095    -2.016    -5.528     6.246     0.000
------------------------------------------------------------------------------
     Sum of momenta:            -2e-05    -3e-05    -4e-05      21.8      21.8
------------------------------------------------------------------------------
Step 2 performed by ShowerHandler
--- final:
  9         g      21 [4] (14,15)  12>>10 {+1,-2}
                                -1.994     0.928    -1.327     2.739     0.950
 10         g      21 [5] (16,17)  9>>12 {+3,-1}
                                 0.658    -0.050     1.037     1.554     0.950
 11         g      21 [6] (18,19)  13>>13 {+4,-5}
                                 3.285    -1.783     7.109     8.088     0.950
 12         g      21 [7] (20,21)  10>>9 {+2,-3}
                                 0.073     2.851    -1.484     3.352     0.950
 13         g      21 [8] (22,23)  11>>11 {+5,-4}
                                -2.022    -1.945    -5.335     6.102     0.950
------------------------------------------------------------------------------
     Sum of momenta:            -2e-05    -3e-05    -4e-05      21.8      21.8
------------------------------------------------------------------------------
Step 3 performed by ClusterHadHandler
--- intermediates:
 14         u       2 [9] (28)   {+1}
                                -1.706     0.679    -0.858     2.053     0.325
 15      ubar      -2 [9] (24)   {-2}
                                -0.288     0.249    -0.470     0.686     0.325
 16         u       2 [10] (25)   {+3}
                                -0.053    -0.079     0.148     0.370     0.325
 17      ubar      -2 [10] (27)   {-1}
                                 0.711     0.029     0.889     1.184     0.325
 18         u       2 [11] (27)   {+4}
                                 2.830    -1.469     5.692     6.532     0.325
 19      ubar      -2 [11] (26)   {-5}
                                 0.455    -0.315     1.417     1.556     0.325
 20         u       2 [12] (24)   {+2}
                                 0.186     0.652    -0.582     0.951     0.325
 21      ubar      -2 [12] (25)   {-3}
                                -0.113     2.199    -0.903     2.402     0.325
 22         u       2 [13] (26)   {+5}
                                -1.551    -1.319    -3.220     3.824     0.325
 23      ubar      -2 [13] (28)   {-4}
                                -0.471    -0.627    -2.115     2.279     0.325
 24   Cluster      81 [15,20] (37,38)   
                                -0.102     0.901    -1.051     1.637     0.868
 25   Cluster      81 [16,21] (33,34)   
                                -0.166     2.120    -0.754     2.771     1.609
 26   Cluster      81 [19,22] (29,30)   
                                -1.096    -1.634    -1.803     5.379     4.671
 27   Cluster      81 [17,18] (31,32)   
                                 3.541    -1.440     6.581     7.716     1.273
 28   Cluster      81 [14,23] (35,36)   
                                -2.177     0.052    -2.972     4.331     2.276
 29   Cluster      81 [26] (39,40)   
                                -0.298    -0.603    -0.384     2.070     1.919
 30   Cluster      81 [26] (41,42)   
                                -0.797    -1.030    -1.419     3.309     2.691
--- final:
 31       pi+     211 [27]    
                                 0.184    -0.299     0.419     0.564     0.140
 32      rho-    -213 [27] (43,44)   
                                 3.357    -1.140     6.162     7.152     0.782
 33      rho+     213 [25] (47,48)   
                                 0.164     1.639    -0.148     1.754     0.587
 34      rho-    -213 [25] (51,52)   
                                -0.330     0.481    -0.606     1.017     0.571
 35       pi+     211 [28]    
                                -0.375     0.106    -0.548     0.687     0.140
 36    rho_3-    -217 [28] (55,56)   
                                -1.802    -0.053    -2.425     3.645     2.038
 37       pi0     111 [24] (63,64)   
                                 0.019     0.586    -0.613     0.859     0.135
 38       eta     221 [24] (65,66)   
                                -0.121     0.315    -0.439     0.779     0.548
 39       pi-    -211 [29]    
                                -0.169    -0.084    -0.507     0.558     0.140
 40 eta(1405) 9020221 [29] (67,68)   
                                -0.130    -0.520     0.123     1.511     1.408
 41     omega     223 [30] (77,78)   
                                -0.101    -1.098    -0.112     1.356     0.781
 42      a_2+     215 [30] (83,84)   
                                -0.696     0.068    -1.307     1.953     1.272
------------------------------------------------------------------------------
     Sum of momenta:            -2e-05    -3e-05    -4e-05      21.8      21.8
------------------------------------------------------------------------------
Step 4 performed by DecayHandler
--- intermediates:
 43       pi0     111 [32] (45,46)   
                                 2.340    -1.071     4.764     5.416     0.135
 47       pi0     111 [33] (49,50)   
                                 0.040     0.422     0.181     0.481     0.135
 51       pi0     111 [34] (53,54)   
                                -0.325     0.045    -0.220     0.417     0.135
 55      a_20     115 [36] (57,58)   
                                -1.773    -0.526    -1.934     2.948     1.238
 57      rho+     213 [55] (59,60)   
                                -1.858    -0.389    -1.862     2.723     0.588
 59       pi0     111 [57] (61,62)   
                                -1.107    -0.000    -1.216     1.650     0.135
 67      a_00 9000111 [40] (69,70)   
                                -0.092    -0.443     0.435     1.161     0.976
 68       pi0     111 [40] (75,76)   
                                -0.037    -0.077    -0.312     0.351     0.135
 69       eta     221 [67] (71,72)   
                                 0.184    -0.201     0.053     0.614     0.548
 70       pi0     111 [67] (73,74)   
                                -0.276    -0.242     0.382     0.547     0.135
 77      rho-    -213 [41] (79,80)   
                                 0.123    -0.475    -0.042     0.676     0.462
 79       pi0     111 [77] (81,82)   
                                 0.089    -0.054     0.113     0.205     0.135
 83      rho+     213 [42] (85,86)   
                                -0.177    -0.352    -0.638     0.998     0.659
 84       pi0     111 [42] (89,90)   
                                -0.520     0.420    -0.669     0.955     0.135
 85       pi0     111 [83] (87,88)   
                                -0.162    -0.022    -0.601     0.638     0.135
--- final:
 31       pi+     211 [27]    
                                 0.184    -0.299     0.419     0.564     0.140
 35       pi+     211 [28]    
                                -0.375     0.106    -0.548     0.687     0.140
 39       pi-    -211 [29]    
                                -0.169    -0.084    -0.507     0.558     0.140
 44       pi-    -211 [32]    
                                 1.017    -0.069     1.399     1.736     0.140
 45     gamma      22 [43]    
                                 1.017    -0.451     1.922     2.220     0.000
 46     gamma      22 [43]    
                                 1.323    -0.620     2.842     3.196     0.000
 48       pi+     211 [33]    
                                 0.123     1.216    -0.329     1.274     0.140
 49     gamma      22 [47]    
                                 0.088     0.216     0.096     0.253     0.000
 50     gamma      22 [47]    
                                -0.048     0.206     0.085     0.228     0.000
 52       pi-    -211 [34]    
                                -0.005     0.437    -0.387     0.600     0.140
 53     gamma      22 [51]    
                                -0.200    -0.040    -0.128     0.240     0.000
 54     gamma      22 [51]    
                                -0.125     0.084    -0.092     0.177     0.000
 56       pi-    -211 [36]    
                                -0.029     0.473    -0.491     0.696     0.140
 58       pi-    -211 [55]    
                                 0.085    -0.137    -0.072     0.225     0.140
 60       pi+     211 [57]    
                                -0.751    -0.388    -0.645     1.073     0.140
 61     gamma      22 [59]    
                                -0.309    -0.055    -0.306     0.438     0.000
 62     gamma      22 [59]    
                                -0.798     0.055    -0.911     1.212     0.000
 63     gamma      22 [37]    
                                -0.006     0.011    -0.059     0.060     0.000
 64     gamma      22 [37]    
                                 0.025     0.575    -0.554     0.799     0.000
 65     gamma      22 [38]    
                                 0.117     0.086     0.079     0.165     0.000
 66     gamma      22 [38]    
                                -0.237     0.229    -0.518     0.614     0.000
 71     gamma      22 [69]    
                                 0.095    -0.368     0.139     0.405     0.000
 72     gamma      22 [69]    
                                 0.089     0.168    -0.087     0.208     0.000
 73     gamma      22 [70]    
                                -0.075    -0.017     0.142     0.161     0.000
 74     gamma      22 [70]    
                                -0.202    -0.225     0.241     0.386     0.000
 75     gamma      22 [68]    
                                -0.039     0.028    -0.053     0.071     0.000
 76     gamma      22 [68]    
                                 0.002    -0.104    -0.259     0.279     0.000
 78       pi+     211 [41]    
                                -0.224    -0.623    -0.071     0.681     0.140
 80       pi-    -211 [77]    
                                 0.034    -0.421    -0.155     0.471     0.140
 81     gamma      22 [79]    
                                 0.049     0.031     0.091     0.108     0.000
 82     gamma      22 [79]    
                                 0.040    -0.085     0.022     0.097     0.000
 86       pi+     211 [83]    
                                -0.015    -0.330    -0.036     0.360     0.140
 87     gamma      22 [85]    
                                -0.178     0.008    -0.482     0.514     0.000
 88     gamma      22 [85]    
                                 0.015    -0.030    -0.119     0.124     0.000
 89     gamma      22 [84]    
                                -0.294     0.176    -0.405     0.531     0.000
 90     gamma      22 [84]    
                                -0.225     0.244    -0.264     0.424     0.000
------------------------------------------------------------------------------
     Sum of momenta:            -2e-05    -3e-05    -4e-05      21.8      21.8

The following exception classes were reported in this run:
ThePEG::EventHandler::ConsistencyException warning (1 times)
ThePEG::LesHouchesReader::LesHouchesReopenWarning warning (1 times)
