>>>>>>>>>>>>>>>>>>>>>>>>>>>>>>>>>>>>>>>>>>>>>>>>>>>>>>>>>>>>>>>>>>>>>>>>>>>>>>
>>>> Toolkit for HEP Event Generation - ThePEG 2.2.0 <<<<<<<<<<<<<<<<<<<<<<<<<
>>>> Tue Jun 30 00:40:46 2020                                             <<<<
<<<<<<<<<<<<<<<<<<<<<<<<<<<<<<<<<<<<<<<<<<<<<<<<<<<<<<<<<<<<<<<<<<<<<<<<<<<<<<

>> Herwig 7.2.0 / ThePEG 2.2.0

/Herwig/EventHandlers/NoCuts:
MHat  = 2 .. 15.9192 GeV
Scale = 0 .. 1e+12 GeV2
YHat  = -100 .. 100
X1    = 0 .. 1
X2    = 0 .. 1

* A warning exception of type ThePEG::LesHouchesReader::LesHouchesReopenWarning occurred while generating event number 1: 
Reopening LesHouchesReader 'myReader' after accessing 2 events out of 1
* A warning exception of type ThePEG::EventHandler::ConsistencyException occurred while generating event number 1: 
Event handler 'myLesHouchesHandler' found energy-momentum non-conservation by (-2e-05,-3e-05,-2e-05;1e-05) GeV after generating step number 4.

******************************************************************************
Event number 1 (id: ./OUTPUT/0.95MB1.05/1513286961/TMP/Cluster_HERWIGOutput_31) performed by myLesHouchesHandler
Weight: 1
==============================================================================

--- Colliding particles:
  1        e-      11  (3)   
                                 3.980     0.000     0.000     3.980     0.000
  2        e+     -11  (3)   
                                -3.980     0.000    -0.000     3.980     0.000
------------------------------------------------------------------------------
Primary sub-process performed by myReader
--- incoming:
  1        e-      11  (3)   
                                 3.980     0.000     0.000     3.980     0.000
  2        e+     -11  (3)   
                                -3.980     0.000    -0.000     3.980     0.000
--- intermediates:
  3     gamma      22 [1,2] (4..8)   
                                -0.000     0.000     0.000     7.960     7.960
--- outgoing:
  4         g      21 [3] (9)  5>>8 {+1,-2}
                                -0.817     0.223     0.215     0.874     0.000
  5         g      21 [3] (10)  7>>4 {+2,-3}
                                -0.409    -0.511     0.001     0.655     0.000
  6         g      21 [3] (11)  8>>7 {+4,-5}
                                -0.610    -0.304     0.104     0.689     0.000
  7         g      21 [3] (12)  6>>5 {+3,-4}
                                 1.712    -2.262    -0.498     2.880     0.000
  8         g      21 [3] (13)  4>>6 {+5,-1}
                                 0.125     2.853     0.179     2.861     0.000
------------------------------------------------------------------------------
Step 1 performed by myLesHouchesHandler
--- intermediates:
  1        e-      11  (3)   
                                 3.980     0.000     0.000     3.980     0.000
  2        e+     -11  (3)   
                                -3.980     0.000    -0.000     3.980     0.000
  3     gamma      22 [1,2] (4..8)   
                                -0.000     0.000     0.000     7.960     7.960
--- final:
  4         g      21 [3] (9)  5>>8 {+1,-2}
                                -0.817     0.223     0.215     0.874     0.000
  5         g      21 [3] (10)  7>>4 {+2,-3}
                                -0.409    -0.511     0.001     0.655     0.000
  6         g      21 [3] (11)  8>>7 {+4,-5}
                                -0.610    -0.304     0.104     0.689     0.000
  7         g      21 [3] (12)  6>>5 {+3,-4}
                                 1.712    -2.262    -0.498     2.880     0.000
  8         g      21 [3] (13)  4>>6 {+5,-1}
                                 0.125     2.853     0.179     2.861     0.000
------------------------------------------------------------------------------
     Sum of momenta:            -3e-05    -3e-05    -2e-05      7.96      7.96
------------------------------------------------------------------------------
Step 2 performed by ShowerHandler
--- final:
  9         g      21 [4] (14,15)  10>>13 {+1,-2}
                                -0.606     0.166     0.159     1.150     0.950
 10         g      21 [5] (16,17)  12>>9 {+2,-3}
                                -0.304    -0.379     0.000     1.067     0.950
 11         g      21 [6] (18,19)  13>>12 {+4,-5}
                                -0.453    -0.225     0.077     1.079     0.950
 12         g      21 [7] (20,21)  11>>10 {+3,-4}
                                 1.270    -1.678    -0.370     2.338     0.950
 13         g      21 [8] (22,23)  9>>11 {+5,-1}
                                 0.092     2.116     0.133     2.325     0.950
------------------------------------------------------------------------------
     Sum of momenta:            -3e-05    -3e-05    -2e-05      7.96      7.96
------------------------------------------------------------------------------
Step 3 performed by ClusterHadHandler
--- intermediates:
 14         s       3 [9] (24)   {+1}
                                -0.443     0.125    -0.001     0.644     0.450
 15      sbar      -3 [9] (28)   {-2}
                                -0.163     0.041     0.160     0.506     0.450
 16         d       1 [10] (27)   {+2}
                                -0.129    -0.274    -0.336     0.557     0.325
 17      dbar      -1 [10] (25)   {-3}
                                -0.175    -0.105     0.336     0.510     0.325
 18         d       1 [11] (28)   {+4}
                                -0.542    -0.029    -0.116     0.644     0.325
 19      dbar      -1 [11] (26)   {-5}
                                 0.090    -0.196     0.193     0.435     0.325
 20         u       2 [12] (25)   {+3}
                                 0.530    -0.281    -0.223     0.718     0.325
 21      ubar      -2 [12] (27)   {-4}
                                 0.740    -1.397    -0.146     1.620     0.325
 22         s       3 [13] (26)   {+5}
                                 0.093     1.117     0.213     1.227     0.450
 23      sbar      -3 [13] (24)   {-1}
                                -0.001     0.999    -0.080     1.099     0.450
 24   Cluster      81 [14,23] (31,32)   
                                -0.444     1.124    -0.081     1.742     1.253
 25   Cluster      81 [17,20] (29,30)   
                                 0.356    -0.386     0.113     1.228     1.105
 26   Cluster      81 [19,22] (35,36)   
                                 0.183     0.921     0.406     1.662     1.310
 27   Cluster      81 [16,21] (33,34)   
                                 0.611    -1.671    -0.482     2.177     1.159
 28   Cluster      81 [15,18] (37,38)   
                                -0.706     0.012     0.044     1.150     0.907
--- final:
 29       pi0     111 [25] (39,40)   
                                 0.080    -0.209    -0.474     0.541     0.135
 30       pi+     211 [25]    
                                 0.276    -0.177     0.587     0.687     0.140
 31     Kbar0    -311 [24] (41)   
                                -0.570     0.412    -0.006     0.862     0.498
 32        K0     311 [24] (42)   
                                 0.126     0.712    -0.076     0.881     0.498
 33      rho0     113 [27] (45,46)   
                                 0.618    -1.184    -0.088     1.536     0.752
 34       pi-    -211 [27]    
                                -0.007    -0.486    -0.394     0.641     0.140
 35     omega     223 [26] (47,48)   
                                 0.088     0.748     0.262     1.108     0.769
 36     Kbar0    -311 [26] (53)   
                                 0.095     0.173     0.144     0.554     0.498
 37       pi-    -211 [28]    
                                -0.090     0.193     0.202     0.325     0.140
 38        K+     321 [28]    
                                -0.616    -0.181    -0.157     0.825     0.494
------------------------------------------------------------------------------
     Sum of momenta:            -3e-05    -3e-05    -2e-05      7.96      7.96
------------------------------------------------------------------------------
Step 4 performed by DecayHandler
--- intermediates:
 42      K_S0     310 [32] (43,44)   
                                 0.126     0.712    -0.076     0.881     0.498
 47      rho+     213 [35] (49,50)   
                                 0.029     0.499     0.131     0.788     0.595
 49       pi0     111 [47] (51,52)   
                                 0.110    -0.008     0.183     0.253     0.135
--- final:
 30       pi+     211 [25]    
                                 0.276    -0.177     0.587     0.687     0.140
 34       pi-    -211 [27]    
                                -0.007    -0.486    -0.394     0.641     0.140
 37       pi-    -211 [28]    
                                -0.090     0.193     0.202     0.325     0.140
 38        K+     321 [28]    
                                -0.616    -0.181    -0.157     0.825     0.494
 39     gamma      22 [29]    
                                 0.048    -0.108    -0.108     0.161     0.000
 40     gamma      22 [29]    
                                 0.032    -0.100    -0.366     0.381     0.000
 41      K_L0     130 [31]    
                                -0.570     0.412    -0.006     0.862     0.498
 43       pi+     211 [42]    
                                 0.152     0.327    -0.222     0.445     0.140
 44       pi-    -211 [42]    
                                -0.025     0.385     0.146     0.435     0.140
 45       pi+     211 [33]    
                                 0.226    -0.296    -0.339     0.523     0.140
 46       pi-    -211 [33]    
                                 0.392    -0.889     0.251     1.013     0.140
 48       pi-    -211 [35]    
                                 0.059     0.249     0.131     0.320     0.140
 50       pi+     211 [47]    
                                -0.081     0.508    -0.053     0.535     0.140
 51     gamma      22 [49]    
                                 0.017    -0.059     0.035     0.071     0.000
 52     gamma      22 [49]    
                                 0.093     0.051     0.148     0.182     0.000
 53      K_L0     130 [36]    
                                 0.095     0.173     0.144     0.554     0.498
------------------------------------------------------------------------------
     Sum of momenta:            -3e-05    -3e-05    -2e-05      7.96      7.96

The following exception classes were reported in this run:
ThePEG::EventHandler::ConsistencyException warning (1 times)
ThePEG::LesHouchesReader::LesHouchesReopenWarning warning (1 times)
