>>>>>>>>>>>>>>>>>>>>>>>>>>>>>>>>>>>>>>>>>>>>>>>>>>>>>>>>>>>>>>>>>>>>>>>>>>>>>>
>>>> Toolkit for HEP Event Generation - ThePEG 2.2.0 <<<<<<<<<<<<<<<<<<<<<<<<<
>>>> Tue Jun 30 00:40:02 2020                                             <<<<
<<<<<<<<<<<<<<<<<<<<<<<<<<<<<<<<<<<<<<<<<<<<<<<<<<<<<<<<<<<<<<<<<<<<<<<<<<<<<<

>> Herwig 7.2.0 / ThePEG 2.2.0

/Herwig/EventHandlers/NoCuts:
MHat  = 2 .. 54.2391 GeV
Scale = 0 .. 1e+12 GeV2
YHat  = -100 .. 100
X1    = 0 .. 1
X2    = 0 .. 1

* A warning exception of type ThePEG::LesHouchesReader::LesHouchesReopenWarning occurred while generating event number 1: 
Reopening LesHouchesReader 'myReader' after accessing 2 events out of 1
* A warning exception of type ThePEG::EventHandler::ConsistencyException occurred while generating event number 1: 
Event handler 'myLesHouchesHandler' found energy-momentum non-conservation by (-2e-05,-2e-05,-3e-05;9.99743e-06) GeV after generating step number 4.

******************************************************************************
Event number 1 (id: ./OUTPUT/0.95MB1.05/1511417446/TMP/Cluster_HERWIGOutput_30) performed by myLesHouchesHandler
Weight: 1
==============================================================================

--- Colliding particles:
  1        e-      11  (3)   
                                13.560     0.000    -0.000    13.560     0.000
  2        e+     -11  (3)   
                               -13.560     0.000     0.000    13.560     0.000
------------------------------------------------------------------------------
Primary sub-process performed by myReader
--- incoming:
  1        e-      11  (3)   
                                13.560     0.000    -0.000    13.560     0.000
  2        e+     -11  (3)   
                               -13.560     0.000     0.000    13.560     0.000
--- intermediates:
  3     gamma      22 [1,2] (4..8)   
                                -0.000     0.000     0.000    27.120    27.120
--- outgoing:
  4         g      21 [3] (9)  5>>8 {+1,-2}
                                -0.183    -9.821     4.959    11.003     0.000
  5         g      21 [3] (14)  7>>4 {+2,-3}
                                -1.259    -0.064     1.469     1.935     0.000
  6         g      21 [3] (15)  8>>7 {+4,-5}
                                 0.347     1.184     1.647     2.058     0.000
  7         g      21 [3] (16)  6>>5 {+3,-4}
                                 1.764     6.858    -6.304     9.481     0.000
  8         g      21 [3] (17)  4>>6 {+5,-1}
                                -0.668     1.843    -1.771     2.642     0.000
------------------------------------------------------------------------------
Step 1 performed by myLesHouchesHandler
--- intermediates:
  1        e-      11  (3)   
                                13.560     0.000    -0.000    13.560     0.000
  2        e+     -11  (3)   
                               -13.560     0.000     0.000    13.560     0.000
  3     gamma      22 [1,2] (4..8)   
                                -0.000     0.000     0.000    27.120    27.120
--- final:
  4         g      21 [3] (9)  5>>8 {+1,-2}
                                -0.183    -9.821     4.959    11.003     0.000
  5         g      21 [3] (14)  7>>4 {+2,-3}
                                -1.259    -0.064     1.469     1.935     0.000
  6         g      21 [3] (15)  8>>7 {+4,-5}
                                 0.347     1.184     1.647     2.058     0.000
  7         g      21 [3] (16)  6>>5 {+3,-4}
                                 1.764     6.858    -6.304     9.481     0.000
  8         g      21 [3] (17)  4>>6 {+5,-1}
                                -0.668     1.843    -1.771     2.642     0.000
------------------------------------------------------------------------------
     Sum of momenta:            -3e-05    -2e-05    -3e-05      27.1      27.1
------------------------------------------------------------------------------
Step 2 performed by ShowerHandler
--- intermediates:
  9         g      21 [4] (10,11)   {+1,-2}
                                -0.154    -8.268     4.175    11.103     6.120
 11         g      21 [9] (12,13)   {+1,-6}
                                 1.329    -6.910     2.690     8.428     3.780
 17         g      21 [8] (18,19)   {+5,-1}
                                -0.563     1.552    -1.491     4.117     3.465
--- final:
 10         g      21 [9] (26,27)  14>>13 {+6,-2}
                                -1.483    -1.358     1.485     2.674     0.950
 12         g      21 [11] (28,29)  13>>19 {+1,-7}
                                 0.202    -1.787     2.319     3.085     0.950
 13         g      21 [11] (30,31)  10>>12 {+7,-6}
                                 1.128    -5.123     0.371     5.343     0.950
 14         g      21 [5] (20,21)  16>>10 {+2,-3}
                                -1.060    -0.054     1.236     1.886     0.950
 15         g      21 [6] (22,23)  18>>16 {+4,-5}
                                 0.292     0.996     1.387     1.976     0.950
 16         g      21 [7] (24,25)  15>>14 {+3,-4}
                                 1.485     5.774    -5.307     8.038     0.950
 18         g      21 [17] (32,33)  19>>15 {+5,-8}
                                 0.688     1.877    -0.651     2.307     0.950
 19         g      21 [17] (34,35)  12>>18 {+8,-1}
                                -1.250    -0.325    -0.840     1.810     0.950
------------------------------------------------------------------------------
     Sum of momenta:            -3e-05    -2e-05    -3e-05      27.1      27.1
------------------------------------------------------------------------------
Step 3 performed by ClusterHadHandler
--- intermediates:
 20         u       2 [14] (36)   {+2}
                                -0.803    -0.300     0.974     1.337     0.325
 21      ubar      -2 [14] (37)   {-3}
                                -0.257     0.246     0.263     0.549     0.325
 22         u       2 [15] (38)   {+4}
                                 0.234     0.309     1.000     1.120     0.325
 23      ubar      -2 [15] (39)   {-5}
                                 0.058     0.688     0.387     0.855     0.325
 24         s       3 [16] (37)   {+3}
                                 0.648     2.293    -2.273     3.324     0.450
 25      sbar      -3 [16] (38)   {-4}
                                 0.837     3.481    -3.034     4.714     0.450
 26         u       2 [10] (40)   {+6}
                                -0.215    -0.388     0.156     0.571     0.325
 27      ubar      -2 [10] (36)   {-2}
                                -1.269    -0.971     1.329     2.103     0.325
 28         s       3 [12] (41)   {+1}
                                 0.117    -0.596     0.800     1.100     0.450
 29      sbar      -3 [12] (42)   {-7}
                                 0.084    -1.191     1.520     1.985     0.450
 30         u       2 [13] (42)   {+7}
                                 0.952    -4.350     0.427     4.486     0.325
 31      ubar      -2 [13] (40)   {-6}
                                 0.175    -0.772    -0.056     0.858     0.325
 32         u       2 [18] (39)   {+5}
                                 0.232     0.952    -0.661     1.226     0.325
 33      ubar      -2 [18] (43)   {-8}
                                 0.456     0.924     0.010     1.081     0.325
 34         d       1 [19] (43)   {+8}
                                -0.128     0.004    -0.029     0.351     0.325
 35      dbar      -1 [19] (41)   {-1}
                                -1.122    -0.329    -0.811     1.460     0.325
 36   Cluster      81 [20,27] (46,47)   
                                -2.071    -1.271     2.303     3.440     0.793
 37   Cluster      81 [21,24] (52,53)   
                                 0.391     2.539    -2.011     3.873     2.087
 38   Cluster      81 [22,25] (44,45)   
                                 1.071     3.790    -2.034     5.835     3.794
 39   Cluster      81 [23,32] (56,57)   
                                 0.289     1.640    -0.274     2.081     1.218
 40   Cluster      81 [26,31] (48,49)   
                                -0.039    -1.160     0.099     1.429     0.828
 41   Cluster      81 [28,35] (58,59)   
                                -1.005    -0.925    -0.012     2.560     2.165
 42   Cluster      81 [29,30] (50,51)   
                                 1.036    -5.542     1.947     6.470     2.508
 43   Cluster      81 [33,34] (54,55)   
                                 0.328     0.929    -0.019     1.432     1.039
 44   Cluster      81 [38] (60,61)   
                                 0.267     0.563     0.550     1.338     1.049
 45   Cluster      81 [38] (62,63)   
                                 0.804     3.227    -2.584     4.496     1.575
--- final:
 46       pi+     211 [36]    
                                -0.209    -0.447     0.410     0.657     0.140
 47       pi-    -211 [36]    
                                -1.862    -0.823     1.893     2.784     0.140
 48       pi+     211 [40]    
                                -0.292    -0.199     0.184     0.422     0.140
 49       pi-    -211 [40]    
                                 0.253    -0.961    -0.085     1.007     0.140
 50        K+     321 [42]    
                                 1.086    -3.433     0.876     3.739     0.494
 51      pi'0  100111 [42] (64,65)   
                                -0.050    -2.108     1.072     2.732     1.366
 52       eta     221 [37] (70..72)   
                                -0.070     0.646    -1.066     1.364     0.548
 53      K_1-  -10323 [37] (75,76)   
                                 0.460     1.892    -0.944     2.509     1.269
 54      rho0     113 [43] (84,85)   
                                 0.331     0.685    -0.085     1.143     0.849
 55       pi-    -211 [43]    
                                -0.003     0.244     0.066     0.288     0.140
 56       pi-    -211 [39]    
                                -0.436     0.803    -0.278     0.965     0.140
 57       pi+     211 [39]    
                                 0.725     0.837     0.004     1.116     0.140
 58     Kbar0    -311 [41] (86)   
                                -0.393    -1.329    -0.143     1.480     0.498
 59     omega     223 [41] (87,88)   
                                -0.611     0.404     0.132     1.080     0.782
 60       pi+     211 [44]    
                                -0.018     0.104     0.091     0.197     0.140
 61       K*0     313 [44] (93,94)   
                                 0.284     0.460     0.459     1.141     0.895
 62        K+     321 [45]    
                                 0.326     2.033    -1.490     2.589     0.494
 63       K*-    -323 [45] (100,101)   
                                 0.478     1.194    -1.093     1.907     0.887
------------------------------------------------------------------------------
     Sum of momenta:            -3e-05    -2e-05    -3e-05      27.1      27.1
------------------------------------------------------------------------------
Step 4 performed by DecayHandler
--- intermediates:
 65      rho+     213 [51] (66,67)   
                                -0.525    -1.387     0.577     1.726     0.670
 66       pi0     111 [65] (68,69)   
                                -0.589    -0.810     0.491     1.123     0.135
 72       pi0     111 [52] (73,74)   
                                 0.010     0.192    -0.377     0.444     0.135
 75      rho-    -213 [53] (77,78)   
                                 0.174     0.976    -0.451     1.321     0.747
 76     Kbar0    -311 [53] (81)   
                                 0.287     0.916    -0.493     1.188     0.498
 77       pi0     111 [75] (79,80)   
                                -0.052     0.062     0.131     0.205     0.135
 81      K_S0     310 [76] (82,83)   
                                 0.287     0.916    -0.493     1.188     0.498
 87      rho0     113 [59] (89,90)   
                                -0.503     0.401     0.049     0.888     0.610
 88       pi0     111 [59] (91,92)   
                                -0.108     0.004     0.083     0.192     0.135
 93        K0     311 [61] (95)   
                                 0.349     0.051     0.286     0.673     0.498
 94       pi0     111 [61] (98,99)   
                                -0.064     0.408     0.173     0.468     0.135
 95      K_S0     310 [93] (96,97)   
                                 0.349     0.051     0.286     0.673     0.498
101       pi0     111 [63] (102,103)   
                                -0.124     0.196    -0.342     0.435     0.135
--- final:
 46       pi+     211 [36]    
                                -0.209    -0.447     0.410     0.657     0.140
 47       pi-    -211 [36]    
                                -1.862    -0.823     1.893     2.784     0.140
 48       pi+     211 [40]    
                                -0.292    -0.199     0.184     0.422     0.140
 49       pi-    -211 [40]    
                                 0.253    -0.961    -0.085     1.007     0.140
 50        K+     321 [42]    
                                 1.086    -3.433     0.876     3.739     0.494
 55       pi-    -211 [43]    
                                -0.003     0.244     0.066     0.288     0.140
 56       pi-    -211 [39]    
                                -0.436     0.803    -0.278     0.965     0.140
 57       pi+     211 [39]    
                                 0.725     0.837     0.004     1.116     0.140
 60       pi+     211 [44]    
                                -0.018     0.104     0.091     0.197     0.140
 62        K+     321 [45]    
                                 0.326     2.033    -1.490     2.589     0.494
 64       pi-    -211 [51]    
                                 0.475    -0.722     0.495     1.006     0.140
 67       pi+     211 [65]    
                                 0.064    -0.577     0.086     0.603     0.140
 68     gamma      22 [66]    
                                -0.568    -0.716     0.452     1.019     0.000
 69     gamma      22 [66]    
                                -0.021    -0.094     0.039     0.104     0.000
 70       pi+     211 [52]    
                                 0.074     0.102    -0.304     0.358     0.140
 71       pi-    -211 [52]    
                                -0.154     0.353    -0.385     0.562     0.140
 73     gamma      22 [72]    
                                 0.067     0.149    -0.247     0.296     0.000
 74     gamma      22 [72]    
                                -0.057     0.043    -0.130     0.148     0.000
 78       pi-    -211 [75]    
                                 0.226     0.914    -0.582     1.116     0.140
 79     gamma      22 [77]    
                                -0.024     0.103     0.071     0.127     0.000
 80     gamma      22 [77]    
                                -0.028    -0.041     0.060     0.077     0.000
 82       pi+     211 [81]    
                                 0.114     0.693    -0.168     0.736     0.140
 83       pi-    -211 [81]    
                                 0.173     0.223    -0.325     0.452     0.140
 84       pi+     211 [54]    
                                 0.420     0.766    -0.224     0.913     0.140
 85       pi-    -211 [54]    
                                -0.089    -0.081     0.139     0.231     0.140
 86      K_L0     130 [58]    
                                -0.393    -1.329    -0.143     1.480     0.498
 89       pi+     211 [87]    
                                -0.009     0.078     0.206     0.261     0.140
 90       pi-    -211 [87]    
                                -0.494     0.323    -0.158     0.627     0.140
 91     gamma      22 [88]    
                                -0.001    -0.035    -0.018     0.040     0.000
 92     gamma      22 [88]    
                                -0.107     0.039     0.101     0.153     0.000
 96       pi+     211 [95]    
                                 0.402    -0.002     0.288     0.514     0.140
 97       pi-    -211 [95]    
                                -0.054     0.054    -0.003     0.159     0.140
 98     gamma      22 [94]    
                                -0.063     0.087     0.078     0.133     0.000
 99     gamma      22 [94]    
                                -0.001     0.321     0.095     0.335     0.000
100        K-    -321 [63]    
                                 0.603     0.998    -0.751     1.472     0.494
102     gamma      22 [101]    
                                 0.000     0.033     0.003     0.033     0.000
103     gamma      22 [101]    
                                -0.124     0.163    -0.345     0.401     0.000
------------------------------------------------------------------------------
     Sum of momenta:            -3e-05    -2e-05    -3e-05      27.1      27.1

The following exception classes were reported in this run:
ThePEG::EventHandler::ConsistencyException warning (1 times)
ThePEG::LesHouchesReader::LesHouchesReopenWarning warning (1 times)
