>>>>>>>>>>>>>>>>>>>>>>>>>>>>>>>>>>>>>>>>>>>>>>>>>>>>>>>>>>>>>>>>>>>>>>>>>>>>>>
>>>> Toolkit for HEP Event Generation - ThePEG 2.2.0 <<<<<<<<<<<<<<<<<<<<<<<<<
>>>> Tue Jun 30 00:17:37 2020                                             <<<<
<<<<<<<<<<<<<<<<<<<<<<<<<<<<<<<<<<<<<<<<<<<<<<<<<<<<<<<<<<<<<<<<<<<<<<<<<<<<<<

>> Herwig 7.2.0 / ThePEG 2.2.0

/Herwig/EventHandlers/NoCuts:
MHat  = 2 .. 30.0957 GeV
Scale = 0 .. 1e+12 GeV2
YHat  = -100 .. 100
X1    = 0 .. 1
X2    = 0 .. 1

* A warning exception of type ThePEG::LesHouchesReader::LesHouchesReopenWarning occurred while generating event number 1: 
Reopening LesHouchesReader 'myReader' after accessing 2 events out of 1
* A warning exception of type ThePEG::EventHandler::ConsistencyException occurred while generating event number 1: 
Event handler 'myLesHouchesHandler' found energy-momentum non-conservation by (-1e-05,-2e-05,-2e-05;9.99883e-06) GeV after generating step number 4.

******************************************************************************
Event number 1 (id: ./OUTPUT/0.95MB1.05/1512769616/TMP/Cluster_HERWIGOutput_2) performed by myLesHouchesHandler
Weight: 1
==============================================================================

--- Colliding particles:
  1        e-      11  (3)   
                                 7.524     0.000     0.000     7.524     0.000
  2        e+     -11  (3)   
                                -7.524     0.000    -0.000     7.524     0.000
------------------------------------------------------------------------------
Primary sub-process performed by myReader
--- incoming:
  1        e-      11  (3)   
                                 7.524     0.000     0.000     7.524     0.000
  2        e+     -11  (3)   
                                -7.524     0.000    -0.000     7.524     0.000
--- intermediates:
  3     gamma      22 [1,2] (4..7)   
                                -0.000     0.000     0.000    15.048    15.048
--- outgoing:
  4         g      21 [3] (8)  5>>7 {+1,-2}
                                -1.610    -0.747    -0.643     1.887     0.000
  5         g      21 [3] (9)  6>>4 {+2,-3}
                                -0.558    -1.311    -0.752     1.611     0.000
  6         g      21 [3] (10)  7>>5 {+3,-4}
                                 5.356     4.743    -0.001     7.154     0.000
  7         g      21 [3] (15)  4>>6 {+4,-1}
                                -3.189    -2.685     1.396     4.396     0.000
------------------------------------------------------------------------------
Step 1 performed by myLesHouchesHandler
--- intermediates:
  1        e-      11  (3)   
                                 7.524     0.000     0.000     7.524     0.000
  2        e+     -11  (3)   
                                -7.524     0.000    -0.000     7.524     0.000
  3     gamma      22 [1,2] (4..7)   
                                -0.000     0.000     0.000    15.048    15.048
--- final:
  4         g      21 [3] (8)  5>>7 {+1,-2}
                                -1.610    -0.747    -0.643     1.887     0.000
  5         g      21 [3] (9)  6>>4 {+2,-3}
                                -0.558    -1.311    -0.752     1.611     0.000
  6         g      21 [3] (10)  7>>5 {+3,-4}
                                 5.356     4.743    -0.001     7.154     0.000
  7         g      21 [3] (15)  4>>6 {+4,-1}
                                -3.189    -2.685     1.396     4.396     0.000
------------------------------------------------------------------------------
     Sum of momenta:            -2e-05    -2e-05    -2e-05        15        15
------------------------------------------------------------------------------
Step 2 performed by ShowerHandler
--- intermediates:
 10         g      21 [6] (11,12)   {+3,-4}
                                 4.177     3.699    -0.001     8.163     5.959
 12         g      21 [10] (13,14)   {+3,-5}
                                 4.290     1.863    -0.700     5.978     3.657
--- final:
  8         g      21 [4] (16,17)  9>>15 {+1,-2}
                                -1.255    -0.582    -0.502     1.752     0.950
  9         g      21 [5] (18,19)  13>>8 {+2,-3}
                                -0.435    -1.022    -0.586     1.575     0.950
 11         g      21 [10] (22,23)  15>>14 {+5,-4}
                                -0.113     1.836     0.700     2.185     0.950
 13         g      21 [12] (24,25)  14>>9 {+3,-6}
                                 0.689     1.651    -0.954     2.239     0.950
 14         g      21 [12] (26,27)  11>>13 {+6,-5}
                                 3.602     0.212     0.254     3.740     0.950
 15         g      21 [7] (20,21)  8>>11 {+4,-1}
                                -2.487    -2.094     1.089     3.558     0.950
------------------------------------------------------------------------------
     Sum of momenta:            -2e-05    -2e-05    -2e-05        15        15
------------------------------------------------------------------------------
Step 3 performed by ClusterHadHandler
--- intermediates:
 16         u       2 [8] (33)   {+1}
                                -1.024    -0.171    -0.448     1.177     0.325
 17      ubar      -2 [8] (28)   {-2}
                                -0.231    -0.411    -0.053     0.575     0.325
 18         u       2 [9] (28)   {+2}
                                -0.033    -0.845    -0.451     1.012     0.325
 19      ubar      -2 [9] (29)   {-3}
                                -0.402    -0.178    -0.135     0.563     0.325
 20         d       1 [15] (30)   {+4}
                                -1.600    -1.299     1.017     2.321     0.325
 21      dbar      -1 [15] (33)   {-1}
                                -0.887    -0.796     0.072     1.237     0.325
 22         u       2 [11] (31)   {+5}
                                -0.043     0.707    -0.065     0.782     0.325
 23      ubar      -2 [11] (30)   {-4}
                                -0.070     1.129     0.764     1.404     0.325
 24         u       2 [13] (29)   {+3}
                                 0.708     1.074    -0.829     1.565     0.325
 25      ubar      -2 [13] (32)   {-6}
                                -0.020     0.577    -0.125     0.674     0.325
 26         d       1 [14] (32)   {+6}
                                 0.608    -0.109    -0.025     0.698     0.325
 27      dbar      -1 [14] (31)   {-5}
                                 2.994     0.321     0.279     3.041     0.325
 28   Cluster      81 [17,18] (42,43)   
                                -0.264    -1.255    -0.505     1.587     0.786
 29   Cluster      81 [19,24] (44,45)   
                                 0.306     0.896    -0.964     2.128     1.643
 30   Cluster      81 [20,23] (40,41)   
                                -1.671    -0.169     1.781     3.724     2.807
 31   Cluster      81 [22,27] (38,39)   
                                 2.951     1.027     0.214     3.823     2.192
 32   Cluster      81 [25,26] (36,37)   
                                 0.588     0.468    -0.150     1.372     1.138
 33   Cluster      81 [16,21] (34,35)   
                                -1.911    -0.967    -0.377     2.414     1.048
--- final:
 34       pi+     211 [33]    
                                -1.166    -0.065    -0.381     1.236     0.140
 35       pi0     111 [33] (46,47)   
                                -0.745    -0.902     0.004     1.178     0.135
 36       eta     221 [32] (48..50)   
                                 0.110     0.324    -0.437     0.780     0.548
 37       pi-    -211 [32]    
                                 0.478     0.144     0.287     0.593     0.140
 38       K*+     323 [31] (57,58)   
                                 2.078     0.593    -0.387     2.355     0.851
 39    K*bar0    -313 [31] (61,62)   
                                 0.873     0.434     0.601     1.468     0.918
 40      a_2-    -215 [30] (63,64)   
                                -1.466    -0.665     1.528     2.614     1.381
 41      rho0     113 [30] (74,75)   
                                -0.205     0.496     0.253     1.110     0.938
 42       pi0     111 [28] (76,77)   
                                 0.049     0.049    -0.012     0.152     0.135
 43       pi0     111 [28] (78,79)   
                                -0.313    -1.304    -0.493     1.435     0.135
 44      a_1-  -20213 [29] (80,81)   
                                 0.194     1.045    -0.651     1.737     1.210
 45       pi+     211 [29]    
                                 0.113    -0.149    -0.313     0.391     0.140
------------------------------------------------------------------------------
     Sum of momenta:            -2e-05    -2e-05    -2e-05        15        15
------------------------------------------------------------------------------
Step 4 performed by DecayHandler
--- intermediates:
 48       pi0     111 [36] (51,52)   
                                 0.015    -0.007    -0.016     0.137     0.135
 49       pi0     111 [36] (53,54)   
                                 0.056     0.194    -0.365     0.439     0.135
 50       pi0     111 [36] (55,56)   
                                 0.039     0.137    -0.056     0.204     0.135
 58       pi0     111 [38] (59,60)   
                                 0.618    -0.056     0.012     0.636     0.135
 63      eta'     331 [40] (65..67)   
                                -1.215    -0.605     1.606     2.311     0.958
 65       pi0     111 [63] (68,69)   
                                -0.111    -0.015     0.286     0.335     0.135
 66       pi0     111 [63] (70,71)   
                                -0.119    -0.132     0.078     0.236     0.135
 67       eta     221 [63] (72,73)   
                                -0.985    -0.458     1.243     1.739     0.548
 80    rho''-  -30213 [44] (82,83)   
                                 0.446     0.958    -0.397     1.345     0.731
 81       pi0     111 [44] (86,87)   
                                -0.252     0.088    -0.254     0.392     0.135
 82       pi0     111 [80] (84,85)   
                                 0.046     0.362    -0.470     0.610     0.135
--- final:
 34       pi+     211 [33]    
                                -1.166    -0.065    -0.381     1.236     0.140
 37       pi-    -211 [32]    
                                 0.478     0.144     0.287     0.593     0.140
 45       pi+     211 [29]    
                                 0.113    -0.149    -0.313     0.391     0.140
 46     gamma      22 [35]    
                                -0.685    -0.869    -0.015     1.107     0.000
 47     gamma      22 [35]    
                                -0.060    -0.033     0.019     0.071     0.000
 51     gamma      22 [48]    
                                -0.003    -0.010     0.059     0.060     0.000
 52     gamma      22 [48]    
                                 0.018     0.003    -0.075     0.077     0.000
 53     gamma      22 [49]    
                                -0.003     0.125    -0.305     0.330     0.000
 54     gamma      22 [49]    
                                 0.059     0.069    -0.060     0.109     0.000
 55     gamma      22 [50]    
                                -0.036     0.075     0.014     0.084     0.000
 56     gamma      22 [50]    
                                 0.075     0.062    -0.070     0.119     0.000
 57        K+     321 [38]    
                                 1.460     0.649    -0.399     1.719     0.494
 59     gamma      22 [58]    
                                 0.353    -0.087     0.045     0.366     0.000
 60     gamma      22 [58]    
                                 0.266     0.031    -0.033     0.269     0.000
 61        K-    -321 [39]    
                                 0.919     0.278     0.345     1.134     0.494
 62       pi+     211 [39]    
                                -0.047     0.157     0.256     0.335     0.140
 64       pi-    -211 [40]    
                                -0.250    -0.061    -0.078     0.303     0.140
 68     gamma      22 [65]    
                                -0.021    -0.022    -0.005     0.031     0.000
 69     gamma      22 [65]    
                                -0.090     0.008     0.291     0.304     0.000
 70     gamma      22 [66]    
                                -0.109    -0.042    -0.001     0.117     0.000
 71     gamma      22 [66]    
                                -0.010    -0.090     0.078     0.119     0.000
 72     gamma      22 [67]    
                                -0.582    -0.261     0.321     0.714     0.000
 73     gamma      22 [67]    
                                -0.403    -0.197     0.922     1.025     0.000
 74       pi+     211 [41]    
                                -0.327     0.677     0.340     0.837     0.140
 75       pi-    -211 [41]    
                                 0.122    -0.181    -0.087     0.273     0.140
 76     gamma      22 [42]    
                                 0.018    -0.008    -0.065     0.068     0.000
 77     gamma      22 [42]    
                                 0.031     0.056     0.054     0.084     0.000
 78     gamma      22 [43]    
                                -0.245    -0.755    -0.317     0.855     0.000
 79     gamma      22 [43]    
                                -0.068    -0.549    -0.176     0.581     0.000
 83       pi-    -211 [80]    
                                 0.400     0.596     0.073     0.735     0.140
 84     gamma      22 [82]    
                                -0.027     0.238    -0.244     0.342     0.000
 85     gamma      22 [82]    
                                 0.073     0.123    -0.226     0.268     0.000
 86     gamma      22 [81]    
                                -0.172     0.122    -0.195     0.287     0.000
 87     gamma      22 [81]    
                                -0.080    -0.034    -0.059     0.105     0.000
------------------------------------------------------------------------------
     Sum of momenta:            -2e-05    -2e-05    -2e-05        15        15

The following exception classes were reported in this run:
ThePEG::EventHandler::ConsistencyException warning (1 times)
ThePEG::LesHouchesReader::LesHouchesReopenWarning warning (1 times)
