>>>>>>>>>>>>>>>>>>>>>>>>>>>>>>>>>>>>>>>>>>>>>>>>>>>>>>>>>>>>>>>>>>>>>>>>>>>>>>
>>>> Toolkit for HEP Event Generation - ThePEG 2.2.0 <<<<<<<<<<<<<<<<<<<<<<<<<
>>>> Tue Jun 30 00:58:47 2020                                             <<<<
<<<<<<<<<<<<<<<<<<<<<<<<<<<<<<<<<<<<<<<<<<<<<<<<<<<<<<<<<<<<<<<<<<<<<<<<<<<<<<

>> Herwig 7.2.0 / ThePEG 2.2.0

/Herwig/EventHandlers/NoCuts:
MHat  = 2 .. 27.8425 GeV
Scale = 0 .. 1e+12 GeV2
YHat  = -100 .. 100
X1    = 0 .. 1
X2    = 0 .. 1

* A warning exception of type ThePEG::LesHouchesReader::LesHouchesReopenWarning occurred while generating event number 1: 
Reopening LesHouchesReader 'myReader' after accessing 2 events out of 1
* A warning exception of type ThePEG::EventHandler::ConsistencyException occurred while generating event number 1: 
Event handler 'myLesHouchesHandler' found energy-momentum non-conservation by (-2e-05,-2e-05,-2e-05;1.99994e-05) GeV after generating step number 4.

******************************************************************************
Event number 1 (id: ./OUTPUT/0.95MB1.05/1511886132/TMP/Cluster_HERWIGOutput_27) performed by myLesHouchesHandler
Weight: 1
==============================================================================

--- Colliding particles:
  1        e-      11  (3)   
                                 6.961     0.000     0.000     6.961     0.000
  2        e+     -11  (3)   
                                -6.961     0.000     0.000     6.961     0.000
------------------------------------------------------------------------------
Primary sub-process performed by myReader
--- incoming:
  1        e-      11  (3)   
                                 6.961     0.000     0.000     6.961     0.000
  2        e+     -11  (3)   
                                -6.961     0.000     0.000     6.961     0.000
--- intermediates:
  3     gamma      22 [1,2] (4..7)   
                                 0.000     0.000     0.000    13.921    13.921
--- outgoing:
  4         g      21 [3] (8)  5>>6 {+1,-2}
                                 2.889    -0.708    -2.056     3.616     0.000
  5         g      21 [3] (9)  7>>4 {+2,-3}
                                 0.028     3.203     2.777     4.239     0.000
  6         g      21 [3] (10)  4>>7 {+4,-1}
                                -0.684     1.385    -0.250     1.565     0.000
  7         g      21 [3] (11)  6>>5 {+3,-4}
                                -2.233    -3.880    -0.470     4.501     0.000
------------------------------------------------------------------------------
Step 1 performed by myLesHouchesHandler
--- intermediates:
  1        e-      11  (3)   
                                 6.961     0.000     0.000     6.961     0.000
  2        e+     -11  (3)   
                                -6.961     0.000     0.000     6.961     0.000
  3     gamma      22 [1,2] (4..7)   
                                 0.000     0.000     0.000    13.921    13.921
--- final:
  4         g      21 [3] (8)  5>>6 {+1,-2}
                                 2.889    -0.708    -2.056     3.616     0.000
  5         g      21 [3] (9)  7>>4 {+2,-3}
                                 0.028     3.203     2.777     4.239     0.000
  6         g      21 [3] (10)  4>>7 {+4,-1}
                                -0.684     1.385    -0.250     1.565     0.000
  7         g      21 [3] (11)  6>>5 {+3,-4}
                                -2.233    -3.880    -0.470     4.501     0.000
------------------------------------------------------------------------------
     Sum of momenta:            -3e-05    -2e-05    -2e-05      13.9      13.9
------------------------------------------------------------------------------
Step 2 performed by ShowerHandler
--- intermediates:
 11         g      21 [7] (12,13)   {+3,-4}
                                -1.889    -3.283    -0.398     5.377     3.796
--- final:
  8         g      21 [4] (14,15)  9>>10 {+1,-2}
                                 2.445    -0.599    -1.740     3.204     0.950
  9         g      21 [5] (16,17)  12>>8 {+2,-3}
                                 0.023     2.710     2.349     3.710     0.950
 10         g      21 [6] (18,19)  8>>13 {+4,-1}
                                -0.579     1.172    -0.212     1.630     0.950
 12         g      21 [11] (20,21)  13>>9 {+3,-5}
                                -1.839    -1.655     1.197     2.908     0.950
 13         g      21 [11] (22,23)  10>>12 {+5,-4}
                                -0.050    -1.627    -1.594     2.469     0.950
------------------------------------------------------------------------------
     Sum of momenta:            -3e-05    -2e-05    -2e-05      13.9      13.9
------------------------------------------------------------------------------
Step 3 performed by ClusterHadHandler
--- intermediates:
 14         u       2 [8] (24)   {+1}
                                 0.662    -0.040    -0.795     1.085     0.325
 15      ubar      -2 [8] (25)   {-2}
                                 1.783    -0.559    -0.945     2.119     0.325
 16         u       2 [9] (25)   {+2}
                                 0.230     0.560     0.590     0.906     0.325
 17      ubar      -2 [9] (26)   {-3}
                                -0.207     2.150     1.759     2.804     0.325
 18         d       1 [10] (27)   {+4}
                                -0.338     0.568     0.239     0.774     0.325
 19      dbar      -1 [10] (24)   {-1}
                                -0.241     0.604    -0.451     0.855     0.325
 20         u       2 [12] (26)   {+3}
                                -0.732    -0.690     0.133     1.066     0.325
 21      ubar      -2 [12] (28)   {-5}
                                -1.107    -0.965     1.064     1.843     0.325
 22         u       2 [13] (28)   {+5}
                                 0.238    -0.949    -1.166     1.557     0.325
 23      ubar      -2 [13] (27)   {-4}
                                -0.288    -0.678    -0.428     0.912     0.325
 24   Cluster      81 [14,19] (29,30)   
                                 0.421     0.564    -1.246     1.941     1.311
 25   Cluster      81 [15,16] (33,34)   
                                 2.013     0.002    -0.354     3.025     2.230
 26   Cluster      81 [17,20] (31,32)   
                                -0.939     1.459     1.892     3.870     2.896
 27   Cluster      81 [18,23] (37,38)   
                                -0.626    -0.110    -0.189     1.686     1.550
 28   Cluster      81 [21,22] (35,36)   
                                -0.869    -1.914    -0.102     3.399     2.669
--- final:
 29      rho+     213 [24] (39,40)   
                                 0.437     0.593    -0.796     1.469     0.991
 30       pi0     111 [24] (43,44)   
                                -0.016    -0.030    -0.450     0.471     0.135
 31 Deltabar0   -2114 [26] (45,46)   
                                -0.227     0.122     1.647     2.070     1.228
 32        n0    2112 [26]    
                                -0.712     1.337     0.245     1.800     0.940
 33       pi-    -211 [25]    
                                 0.482     0.469    -0.402     0.796     0.140
 34    rho_3+     217 [25] (49,50)   
                                 1.531    -0.467     0.047     2.229     1.551
 35      a_10   20113 [28] (65,66)   
                                -0.570    -1.155     0.693     1.795     1.041
 36       f_2     225 [28] (71,72)   
                                -0.299    -0.760    -0.795     1.604     1.129
 37       pi-    -211 [27]    
                                -0.487    -0.392    -0.489     0.806     0.140
 38      rho0     113 [27] (73,74)   
                                -0.140     0.282     0.300     0.881     0.766
------------------------------------------------------------------------------
     Sum of momenta:            -3e-05    -2e-05    -2e-05      13.9      13.9
------------------------------------------------------------------------------
Step 4 performed by DecayHandler
--- intermediates:
 39       pi0     111 [29] (41,42)   
                                 0.353     0.848    -0.542     1.075     0.135
 46       pi0     111 [31] (47,48)   
                                -0.122     0.227     0.519     0.595     0.135
 49      a_2+     215 [34] (51,52)   
                                 1.365    -0.479     0.141     1.995     1.367
 50       pi0     111 [34] (63,64)   
                                 0.166     0.012    -0.094     0.234     0.135
 51     omega     223 [49] (53,54)   
                                 0.803    -0.275     0.092     1.156     0.780
 52      rho+     213 [49] (59,60)   
                                 0.562    -0.204     0.049     0.839     0.586
 53      rho0     113 [51] (55,56)   
                                 0.694    -0.201     0.211     0.933     0.552
 54       pi0     111 [51] (57,58)   
                                 0.109    -0.074    -0.119     0.223     0.135
 59       pi0     111 [52] (61,62)   
                                 0.476    -0.160    -0.183     0.551     0.135
 65    rho''+   30213 [35] (67,68)   
                                -0.667    -0.873     0.396     1.352     0.681
 68       pi0     111 [65] (69,70)   
                                -0.682    -0.546     0.101     0.890     0.135
--- final:
 32        n0    2112 [26]    
                                -0.712     1.337     0.245     1.800     0.940
 33       pi-    -211 [25]    
                                 0.482     0.469    -0.402     0.796     0.140
 37       pi-    -211 [27]    
                                -0.487    -0.392    -0.489     0.806     0.140
 40       pi+     211 [29]    
                                 0.084    -0.254    -0.254     0.395     0.140
 41     gamma      22 [39]    
                                 0.052     0.039    -0.043     0.078     0.000
 42     gamma      22 [39]    
                                 0.301     0.809    -0.499     0.997     0.000
 43     gamma      22 [30]    
                                -0.065     0.022    -0.223     0.233     0.000
 44     gamma      22 [30]    
                                 0.048    -0.052    -0.227     0.238     0.000
 45     nbar0   -2112 [31]    
                                -0.105    -0.105     1.128     1.476     0.940
 47     gamma      22 [46]    
                                -0.053     0.002     0.127     0.138     0.000
 48     gamma      22 [46]    
                                -0.069     0.225     0.391     0.457     0.000
 55       pi+     211 [53]    
                                 0.485    -0.311     0.272     0.652     0.140
 56       pi-    -211 [53]    
                                 0.209     0.110    -0.061     0.281     0.140
 57     gamma      22 [54]    
                                 0.108    -0.030    -0.135     0.176     0.000
 58     gamma      22 [54]    
                                 0.001    -0.045     0.016     0.047     0.000
 60       pi+     211 [52]    
                                 0.085    -0.044     0.232     0.287     0.140
 61     gamma      22 [59]    
                                 0.454    -0.180    -0.159     0.513     0.000
 62     gamma      22 [59]    
                                 0.022     0.020    -0.024     0.038     0.000
 63     gamma      22 [50]    
                                 0.143     0.056    -0.035     0.157     0.000
 64     gamma      22 [50]    
                                 0.023    -0.044    -0.059     0.077     0.000
 66       pi-    -211 [35]    
                                 0.097    -0.282     0.297     0.443     0.140
 67       pi+     211 [65]    
                                 0.014    -0.326     0.295     0.462     0.140
 69     gamma      22 [68]    
                                -0.161    -0.152    -0.030     0.223     0.000
 70     gamma      22 [68]    
                                -0.521    -0.395     0.131     0.667     0.000
 71       pi-    -211 [36]    
                                 0.391    -0.326    -0.497     0.725     0.140
 72       pi+     211 [36]    
                                -0.690    -0.434    -0.298     0.879     0.140
 73       pi+     211 [38]    
                                -0.332     0.121    -0.096     0.392     0.140
 74       pi-    -211 [38]    
                                 0.193     0.160     0.395     0.489     0.140
------------------------------------------------------------------------------
     Sum of momenta:            -3e-05    -2e-05    -2e-05      13.9      13.9

The following exception classes were reported in this run:
ThePEG::EventHandler::ConsistencyException warning (1 times)
ThePEG::LesHouchesReader::LesHouchesReopenWarning warning (1 times)
