>>>>>>>>>>>>>>>>>>>>>>>>>>>>>>>>>>>>>>>>>>>>>>>>>>>>>>>>>>>>>>>>>>>>>>>>>>>>>>
>>>> Toolkit for HEP Event Generation - ThePEG 2.2.0 <<<<<<<<<<<<<<<<<<<<<<<<<
>>>> Tue Jun 30 00:19:57 2020                                             <<<<
<<<<<<<<<<<<<<<<<<<<<<<<<<<<<<<<<<<<<<<<<<<<<<<<<<<<<<<<<<<<<<<<<<<<<<<<<<<<<<

>> Herwig 7.2.0 / ThePEG 2.2.0

/Herwig/EventHandlers/NoCuts:
MHat  = 2 .. 68.1106 GeV
Scale = 0 .. 1e+12 GeV2
YHat  = -100 .. 100
X1    = 0 .. 1
X2    = 0 .. 1

* A warning exception of type ThePEG::LesHouchesReader::LesHouchesReopenWarning occurred while generating event number 1: 
Reopening LesHouchesReader 'myReader' after accessing 2 events out of 1
* A warning exception of type ThePEG::EventHandler::ConsistencyException occurred while generating event number 1: 
Event handler 'myLesHouchesHandler' found energy-momentum non-conservation by (-2.4059e-14,-2e-05,-1e-05;9.99902e-06) GeV after generating step number 4.

******************************************************************************
Event number 1 (id: ./OUTPUT/0.95MB1.05/1514252634/TMP/Cluster_HERWIGOutput_5) performed by myLesHouchesHandler
Weight: 1
==============================================================================

--- Colliding particles:
  1        e-      11  (3)   
                                17.028     0.000     0.000    17.028     0.000
  2        e+     -11  (3)   
                               -17.028     0.000    -0.000    17.028     0.000
------------------------------------------------------------------------------
Primary sub-process performed by myReader
--- incoming:
  1        e-      11  (3)   
                                17.028     0.000     0.000    17.028     0.000
  2        e+     -11  (3)   
                               -17.028     0.000    -0.000    17.028     0.000
--- intermediates:
  3     gamma      22 [1,2] (4..7)   
                                -0.000     0.000    -0.000    34.055    34.055
--- outgoing:
  4         g      21 [3] (8)  7>>5 {+1,-2}
                                 0.646    -3.298    -0.393     3.383     0.000
  5         g      21 [3] (9)  4>>6 {+3,-1}
                                 0.027    -1.295     3.858     4.070     0.000
  6         g      21 [3] (10)  5>>7 {+4,-3}
                                -2.763    -0.621   -14.204    14.484     0.000
  7         g      21 [3] (19)  6>>4 {+2,-4}
                                 2.090     5.214    10.739    12.119     0.000
------------------------------------------------------------------------------
Step 1 performed by myLesHouchesHandler
--- intermediates:
  1        e-      11  (3)   
                                17.028     0.000     0.000    17.028     0.000
  2        e+     -11  (3)   
                               -17.028     0.000    -0.000    17.028     0.000
  3     gamma      22 [1,2] (4..7)   
                                -0.000     0.000    -0.000    34.055    34.055
--- final:
  4         g      21 [3] (8)  7>>5 {+1,-2}
                                 0.646    -3.298    -0.393     3.383     0.000
  5         g      21 [3] (9)  4>>6 {+3,-1}
                                 0.027    -1.295     3.858     4.070     0.000
  6         g      21 [3] (10)  5>>7 {+4,-3}
                                -2.763    -0.621   -14.204    14.484     0.000
  7         g      21 [3] (19)  6>>4 {+2,-4}
                                 2.090     5.214    10.739    12.119     0.000
------------------------------------------------------------------------------
     Sum of momenta:            -1e-05    -2e-05    -1e-05      34.1      34.1
------------------------------------------------------------------------------
Step 2 performed by ShowerHandler
--- intermediates:
 10         g      21 [6] (11,18)   {+4,-3}
                                -2.247    -0.505   -11.551    17.145    12.459
 11         g      21 [10] (12,13)   {+4,-5}
                                -2.813    -1.273   -11.114    15.730    10.695
 13         g      21 [11] (14,15)   {+6,-5}
                                 1.026     0.440    -9.017    10.937     6.088
 15         g      21 [13] (16,17)   {+7,-5}
                                 2.655    -0.931    -7.107     7.923     2.086
 19         g      21 [7] (20,21)   {+2,-4}
                                 1.700     4.240     8.733    10.556     3.782
--- final:
  8         g      21 [4] (22,23)  20>>9 {+1,-2}
                                 0.525    -2.682    -0.319     2.911     0.950
  9         g      21 [5] (24,25)  8>>18 {+3,-1}
                                 0.022    -1.053     3.137     3.443     0.950
 12         g      21 [11] (28,29)  14>>21 {+4,-6}
                                -3.839    -1.713    -2.097     4.793     0.950
 14         g      21 [13] (30,31)  16>>12 {+6,-7}
                                -1.629     1.371    -1.910     3.014     0.950
 16         d       1 [15] (39)  >14 {+7}
                                 0.175    -0.711    -3.037     3.141     0.325
 17      dbar      -1 [15] (37)  18> {-5}
                                 2.480    -0.220    -4.070     4.782     0.325
 18         g      21 [10] (26,27)  9>>17 {+5,-3}
                                 0.566     0.768    -0.437     1.415     0.950
 20         g      21 [19] (32,33)  21>>8 {+2,-8}
                                -0.217     0.084     3.022     3.176     0.950
 21         g      21 [19] (34,35)  12>>20 {+8,-4}
                                 1.917     4.156     5.711     7.380     0.950
------------------------------------------------------------------------------
     Sum of momenta:            -1e-05    -2e-05    -1e-05      34.1      34.1
------------------------------------------------------------------------------
Step 3 performed by ClusterHadHandler
--- intermediates:
 22         d       1 [8] (41)   {+1}
                                 0.048    -0.444    -0.229     0.598     0.325
 23      dbar      -1 [8] (40)   {-2}
                                 0.477    -2.237    -0.090     2.312     0.325
 24         s       3 [9] (36)   {+3}
                                -0.024    -0.324     1.088     1.221     0.450
 25      sbar      -3 [9] (42)   {-1}
                                 0.046    -0.729     2.049     2.222     0.450
 26         d       1 [18] (37)   {+5}
                                 0.026     0.576    -0.080     0.666     0.325
 27      dbar      -1 [18] (36)   {-3}
                                 0.539     0.192    -0.357     0.749     0.325
 28         u       2 [12] (41)   {+4}
                                -2.247    -0.649    -1.020     2.572     0.325
 29      ubar      -2 [12] (38)   {-6}
                                -1.592    -1.063    -1.078     2.221     0.325
 30         s       3 [14] (38)   {+6}
                                -0.877     0.570    -0.831     1.410     0.450
 31      sbar      -3 [14] (39)   {-7}
                                -0.752     0.801    -1.079     1.604     0.450
 32         s       3 [20] (40)   {+2}
                                -0.220    -0.044     1.756     1.827     0.450
 33      sbar      -3 [20] (42)   {-8}
                                 0.004     0.128     1.265     1.349     0.450
 34         d       1 [21] (41)   {+8}
                                 0.725     1.291     1.440     2.090     0.325
 35      dbar      -1 [21] (42)   {-4}
                                 1.192     2.866     4.271     5.290     0.325
 36   Cluster      81 [24,27] (57,58)   
                                 0.515    -0.132     0.731     1.970     1.750
 37   Cluster      81 [17,26] (53,54)   
                                 2.507     0.356    -4.150     5.449     2.461
 38   Cluster      81 [29,30] (55,56)   
                                -2.469    -0.493    -1.909     3.631     1.788
 39   Cluster      81 [16,31] (51,52)   
                                -0.577     0.090    -4.115     4.745     2.288
 40   Cluster      81 [23,32] (49,50)   
                                 0.257    -2.282     1.667     4.139     3.014
 41   Cluster      81 [22,28,34] (44)   
                                -1.474     0.197     0.191     5.261     5.043
 42   Cluster      81 [25,33,35] (43)   
                                 1.241     2.265     7.586     8.860     3.781
 43   Cluster      81 [42] (47,48)   
                                 1.241     2.265     7.586     8.860     3.781
 44   Cluster      81 [41] (45,46)   
                                -1.474     0.197     0.191     5.261     5.043
 45   Cluster      81 [44] (59,60)   
                                 0.606     1.286     1.432     2.444     1.379
 47   Cluster      81 [43] (61,62)   
                                 0.964     2.129     4.277     5.157     1.685
 48   Cluster      81 [43] (63,64)   
                                 0.277     0.136     3.309     3.703     1.635
--- final:
 46        n0    2112 [44]    
                                -2.080    -1.089    -1.242     2.817     0.940
 49  K_3*bar0    -317 [40] (65,66)   
                                -0.123    -1.037     0.077     2.013     1.720
 50       eta     221 [40] (71,72)   
                                 0.380    -1.245     1.590     2.126     0.548
 51       pi-    -211 [39]    
                                 0.370    -0.457    -0.701     0.926     0.140
 52      K_1+   10323 [39] (73,74)   
                                -0.947     0.547    -3.414     3.819     1.316
 53      pi'- -100211 [37] (82,83)   
                                 1.138    -0.305    -1.559     2.311     1.234
 54      rho+     213 [37] (86,87)   
                                 1.369     0.661    -2.591     3.138     0.907
 55        K-    -321 [38]    
                                -0.476     0.198    -0.232     0.750     0.494
 56       phi     333 [38] (90,91)   
                                -1.993    -0.691    -1.677     2.880     1.016
 57    K*bar0    -313 [36] (92,93)   
                                 0.474    -0.486     0.634     1.310     0.923
 58       eta     221 [36] (97..99)   
                                 0.041     0.354     0.098     0.661     0.548
 59      rho-    -213 [45] (100,101)   
                                 0.208     1.288     1.007     1.845     0.830
 60       pi+     211 [45]    
                                 0.398    -0.002     0.425     0.599     0.140
 61      rho+     213 [47] (104,105)   
                                 0.856     1.022     2.590     3.001     0.719
 62     omega     223 [47] (108,109)   
                                 0.108     1.107     1.687     2.157     0.754
 63    Xibar+   -3312 [48] (114,115)   
                                 0.276     0.293     2.385     2.756     1.321
 64       pi-    -211 [48]    
                                 0.001    -0.158     0.923     0.947     0.140
------------------------------------------------------------------------------
     Sum of momenta:            -1e-05    -2e-05    -1e-05      34.1      34.1
------------------------------------------------------------------------------
Step 4 performed by DecayHandler
--- intermediates:
 66      rho+     213 [49] (67,68)   
                                 0.325    -0.210    -0.051     0.944     0.859
 67       pi0     111 [66] (69,70)   
                                 0.161    -0.109    -0.433     0.493     0.135
 73      rho+     213 [52] (75,76)   
                                -0.647     0.649    -2.275     2.536     0.645
 74        K0     311 [52] (79)   
                                -0.301    -0.102    -1.139     1.283     0.498
 75       pi0     111 [73] (77,78)   
                                -0.325     0.123    -1.448     1.495     0.135
 79      K_S0     310 [74] (80,81)   
                                -0.301    -0.102    -1.139     1.283     0.498
 83      rho0     113 [53] (84,85)   
                                 1.230    -0.323    -1.145     1.864     0.739
 86       pi0     111 [54] (88,89)   
                                -0.064     0.154    -0.541     0.582     0.135
 92     Kbar0    -311 [57] (94)   
                                 0.395    -0.121     0.643     0.913     0.498
 93       pi0     111 [57] (95,96)   
                                 0.079    -0.365    -0.010     0.397     0.135
100       pi0     111 [59] (102,103)   
                                 0.268     0.860     1.049     1.390     0.135
104       pi0     111 [61] (106,107)   
                                 0.799     0.816     1.553     1.932     0.135
108      rho0     113 [62] (110,111)   
                                 0.044     0.962     1.088     1.522     0.454
109       pi0     111 [62] (112,113)   
                                 0.063     0.145     0.600     0.635     0.135
114Lambdabar0   -3122 [63] (116,117)   
                                 0.166     0.134     1.859     2.179     1.116
--- final:
 46        n0    2112 [44]    
                                -2.080    -1.089    -1.242     2.817     0.940
 51       pi-    -211 [39]    
                                 0.370    -0.457    -0.701     0.926     0.140
 55        K-    -321 [38]    
                                -0.476     0.198    -0.232     0.750     0.494
 60       pi+     211 [45]    
                                 0.398    -0.002     0.425     0.599     0.140
 64       pi-    -211 [48]    
                                 0.001    -0.158     0.923     0.947     0.140
 65        K-    -321 [49]    
                                -0.448    -0.827     0.128     1.070     0.494
 68       pi+     211 [66]    
                                 0.164    -0.101     0.382     0.450     0.140
 69     gamma      22 [67]    
                                 0.171    -0.075    -0.280     0.336     0.000
 70     gamma      22 [67]    
                                -0.010    -0.035    -0.153     0.157     0.000
 71     gamma      22 [50]    
                                -0.143    -0.290     0.373     0.494     0.000
 72     gamma      22 [50]    
                                 0.523    -0.955     1.216     1.632     0.000
 76       pi+     211 [73]    
                                -0.321     0.525    -0.827     1.041     0.140
 77     gamma      22 [75]    
                                -0.322     0.121    -1.450     1.490     0.000
 78     gamma      22 [75]    
                                -0.003     0.002     0.002     0.005     0.000
 80       pi+     211 [79]    
                                -0.207     0.075    -0.916     0.952     0.140
 81       pi-    -211 [79]    
                                -0.093    -0.177    -0.224     0.331     0.140
 82       pi-    -211 [53]    
                                -0.092     0.018    -0.415     0.447     0.140
 84       pi+     211 [83]    
                                 0.294    -0.335    -0.638     0.790     0.140
 85       pi-    -211 [83]    
                                 0.935     0.012    -0.507     1.073     0.140
 87       pi+     211 [54]    
                                 1.433     0.507    -2.050     2.556     0.140
 88     gamma      22 [86]    
                                -0.053     0.054    -0.411     0.418     0.000
 89     gamma      22 [86]    
                                -0.011     0.099    -0.130     0.164     0.000
 90        K+     321 [56]    
                                -0.895    -0.432    -0.767     1.349     0.494
 91        K-    -321 [56]    
                                -1.098    -0.259    -0.910     1.531     0.494
 94      K_L0     130 [92]    
                                 0.395    -0.121     0.643     0.913     0.498
 95     gamma      22 [93]    
                                 0.062    -0.175     0.058     0.194     0.000
 96     gamma      22 [93]    
                                 0.017    -0.190    -0.068     0.203     0.000
 97       pi+     211 [58]    
                                 0.004     0.197    -0.096     0.260     0.140
 98       pi-    -211 [58]    
                                -0.053     0.036     0.197     0.250     0.140
 99     gamma      22 [58]    
                                 0.090     0.121    -0.003     0.151     0.000
101       pi-    -211 [59]    
                                -0.060     0.428    -0.042     0.456     0.140
102     gamma      22 [100]    
                                 0.072     0.094     0.168     0.205     0.000
103     gamma      22 [100]    
                                 0.196     0.766     0.882     1.184     0.000
105       pi+     211 [61]    
                                 0.057     0.206     1.037     1.068     0.140
106     gamma      22 [104]    
                                 0.639     0.572     1.185     1.463     0.000
107     gamma      22 [104]    
                                 0.160     0.244     0.367     0.469     0.000
110       pi+     211 [108]    
                                 0.134     0.241     0.207     0.372     0.140
111       pi-    -211 [108]    
                                -0.090     0.721     0.881     1.150     0.140
112     gamma      22 [109]    
                                 0.053    -0.001     0.254     0.259     0.000
113     gamma      22 [109]    
                                 0.011     0.146     0.346     0.376     0.000
115       pi+     211 [63]    
                                 0.111     0.159     0.526     0.578     0.140
116     pbar-   -2212 [114]    
                                 0.114     0.170     1.425     1.719     0.938
117       pi+     211 [114]    
                                 0.052    -0.036     0.434     0.460     0.140
------------------------------------------------------------------------------
     Sum of momenta:            -1e-05    -2e-05    -1e-05      34.1      34.1

The following exception classes were reported in this run:
ThePEG::EventHandler::ConsistencyException warning (1 times)
ThePEG::LesHouchesReader::LesHouchesReopenWarning warning (1 times)
