>>>>>>>>>>>>>>>>>>>>>>>>>>>>>>>>>>>>>>>>>>>>>>>>>>>>>>>>>>>>>>>>>>>>>>>>>>>>>>
>>>> Toolkit for HEP Event Generation - ThePEG 2.2.0 <<<<<<<<<<<<<<<<<<<<<<<<<
>>>> Tue Jun 30 00:38:03 2020                                             <<<<
<<<<<<<<<<<<<<<<<<<<<<<<<<<<<<<<<<<<<<<<<<<<<<<<<<<<<<<<<<<<<<<<<<<<<<<<<<<<<<

>> Herwig 7.2.0 / ThePEG 2.2.0

/Herwig/EventHandlers/NoCuts:
MHat  = 2 .. 21.1518 GeV
Scale = 0 .. 1e+12 GeV2
YHat  = -100 .. 100
X1    = 0 .. 1
X2    = 0 .. 1

* A warning exception of type ThePEG::LesHouchesReader::LesHouchesReopenWarning occurred while generating event number 1: 
Reopening LesHouchesReader 'myReader' after accessing 2 events out of 1
* A warning exception of type ThePEG::EventHandler::ConsistencyException occurred while generating event number 1: 
Event handler 'myLesHouchesHandler' found energy-momentum non-conservation by (-1e-05,-3e-05,-2e-05;9.99979e-06) GeV after generating step number 4.

******************************************************************************
Event number 1 (id: ./OUTPUT/0.95MB1.05/1513342148/TMP/Cluster_HERWIGOutput_10) performed by myLesHouchesHandler
Weight: 1
==============================================================================

--- Colliding particles:
  1        e-      11  (3)   
                                 5.288     0.000     0.000     5.288     0.000
  2        e+     -11  (3)   
                                -5.288     0.000    -0.000     5.288     0.000
------------------------------------------------------------------------------
Primary sub-process performed by myReader
--- incoming:
  1        e-      11  (3)   
                                 5.288     0.000     0.000     5.288     0.000
  2        e+     -11  (3)   
                                -5.288     0.000    -0.000     5.288     0.000
--- intermediates:
  3     gamma      22 [1,2] (4..7)   
                                -0.000     0.000     0.000    10.576    10.576
--- outgoing:
  4         g      21 [3] (8)  6>>5 {+1,-2}
                                 0.834    -1.808     4.570     4.985     0.000
  5         g      21 [3] (11)  4>>7 {+3,-1}
                                 0.614     0.085    -0.290     0.684     0.000
  6         g      21 [3] (12)  7>>4 {+2,-4}
                                -0.185     0.834    -1.473     1.702     0.000
  7         g      21 [3] (13)  5>>6 {+4,-3}
                                -1.263     0.889    -2.808     3.204     0.000
------------------------------------------------------------------------------
Step 1 performed by myLesHouchesHandler
--- intermediates:
  1        e-      11  (3)   
                                 5.288     0.000     0.000     5.288     0.000
  2        e+     -11  (3)   
                                -5.288     0.000    -0.000     5.288     0.000
  3     gamma      22 [1,2] (4..7)   
                                -0.000     0.000     0.000    10.576    10.576
--- final:
  4         g      21 [3] (8)  6>>5 {+1,-2}
                                 0.834    -1.808     4.570     4.985     0.000
  5         g      21 [3] (11)  4>>7 {+3,-1}
                                 0.614     0.085    -0.290     0.684     0.000
  6         g      21 [3] (12)  7>>4 {+2,-4}
                                -0.185     0.834    -1.473     1.702     0.000
  7         g      21 [3] (13)  5>>6 {+4,-3}
                                -1.263     0.889    -2.808     3.204     0.000
------------------------------------------------------------------------------
     Sum of momenta:            -2e-05    -3e-05    -2e-05      10.6      10.6
------------------------------------------------------------------------------
Step 2 performed by ShowerHandler
--- intermediates:
  8         g      21 [4] (9,10)   {+1,-2}
                                 0.659    -1.428     3.609     5.134     3.295
--- final:
  9         g      21 [8] (20,21)  10>>11 {+1,-5}
                                 0.434     0.730     1.422     1.909     0.950
 10         g      21 [8] (22,23)  12>>9 {+5,-2}
                                 0.225    -2.158     2.188     3.224     0.950
 11         g      21 [5] (14,15)  9>>13 {+3,-1}
                                 0.485     0.067    -0.229     1.093     0.950
 12         g      21 [6] (16,17)  13>>10 {+2,-4}
                                -0.146     0.659    -1.163     1.646     0.950
 13         g      21 [7] (18,19)  11>>12 {+4,-3}
                                -0.997     0.702    -2.217     2.703     0.950
------------------------------------------------------------------------------
     Sum of momenta:            -2e-05    -3e-05    -2e-05      10.6      10.6
------------------------------------------------------------------------------
Step 3 performed by ClusterHadHandler
--- intermediates:
 14         u       2 [11] (27)   {+3}
                                 0.188    -0.049    -0.449     0.587     0.325
 15      ubar      -2 [11] (24)   {-1}
                                 0.297     0.116     0.220     0.506     0.325
 16         u       2 [12] (28)   {+2}
                                -0.223     0.520    -1.100     1.279     0.325
 17      ubar      -2 [12] (25)   {-4}
                                 0.077     0.139    -0.063     0.367     0.325
 18         u       2 [13] (25)   {+4}
                                -0.242     0.154    -0.247     0.499     0.325
 19      ubar      -2 [13] (28)   {-3}
                                -0.755     0.548    -1.970     2.204     0.325
 20         s       3 [9] (24)   {+1}
                                 0.100     0.438     0.811     1.030     0.450
 21      sbar      -3 [9] (26)   {-5}
                                 0.334     0.292     0.611     0.879     0.450
 22         u       2 [10] (26)   {+5}
                                -0.231    -1.005     1.115     1.553     0.325
 23      ubar      -2 [10] (27)   {-2}
                                 0.455    -1.153     1.073     1.671     0.325
 24   Cluster      81 [15,20] (29,30)   
                                 0.398     0.554     1.030     1.536     0.912
 25   Cluster      81 [17,18] (31,32)   
                                -0.165     0.292    -0.310     0.866     0.736
 26   Cluster      81 [21,22] (33,34)   
                                 0.103    -0.713     1.726     2.432     1.555
 27   Cluster      81 [14,23] (35,36)   
                                 0.643    -1.202     0.624     2.258     1.689
 28   Cluster      81 [16,19] (37,38)   
                                -0.979     1.068    -3.071     3.483     0.780
--- final:
 29       pi0     111 [24] (39,40)   
                                 0.064     0.465     0.685     0.842     0.135
 30        K-    -321 [24]    
                                 0.334     0.089     0.345     0.694     0.494
 31       pi-    -211 [25]    
                                -0.431     0.177    -0.186     0.521     0.140
 32       pi+     211 [25]    
                                 0.266     0.115    -0.124     0.345     0.140
 33      K'*+  100323 [26] (41,42)   
                                -0.024    -0.641     1.091     1.767     1.233
 34       pi0     111 [26] (49,50)   
                                 0.126    -0.072     0.635     0.665     0.135
 35       pi+     211 [27]    
                                 0.511    -0.659     0.749     1.130     0.140
 36      a_1-  -20213 [27] (51,52)   
                                 0.132    -0.542    -0.125     1.129     0.973
 37       pi+     211 [28]    
                                -0.974     0.605    -2.019     2.326     0.140
 38       pi-    -211 [28]    
                                -0.005     0.463    -1.051     1.157     0.140
------------------------------------------------------------------------------
     Sum of momenta:            -2e-05    -3e-05    -2e-05      10.6      10.6
------------------------------------------------------------------------------
Step 4 performed by DecayHandler
--- intermediates:
 41       K*+     323 [33] (43,44)   
                                 0.147    -0.440     0.683     1.263     0.956
 42       pi0     111 [33] (47,48)   
                                -0.171    -0.201     0.408     0.504     0.135
 44       pi0     111 [41] (45,46)   
                                 0.383    -0.265     0.360     0.604     0.135
 51     rho'- -100213 [36] (53,54)   
                                 0.086    -0.551    -0.027     0.955     0.775
 52       pi0     111 [36] (57,58)   
                                 0.046     0.008    -0.098     0.173     0.135
 53       pi0     111 [51] (55,56)   
                                 0.279     0.029    -0.095     0.325     0.135
--- final:
 30        K-    -321 [24]    
                                 0.334     0.089     0.345     0.694     0.494
 31       pi-    -211 [25]    
                                -0.431     0.177    -0.186     0.521     0.140
 32       pi+     211 [25]    
                                 0.266     0.115    -0.124     0.345     0.140
 35       pi+     211 [27]    
                                 0.511    -0.659     0.749     1.130     0.140
 37       pi+     211 [28]    
                                -0.974     0.605    -2.019     2.326     0.140
 38       pi-    -211 [28]    
                                -0.005     0.463    -1.051     1.157     0.140
 39     gamma      22 [29]    
                                 0.051     0.193     0.186     0.273     0.000
 40     gamma      22 [29]    
                                 0.013     0.273     0.500     0.569     0.000
 43        K+     321 [41]    
                                -0.236    -0.175     0.323     0.659     0.494
 45     gamma      22 [44]    
                                 0.238    -0.222     0.296     0.440     0.000
 46     gamma      22 [44]    
                                 0.145    -0.043     0.064     0.164     0.000
 47     gamma      22 [42]    
                                -0.098    -0.067     0.081     0.144     0.000
 48     gamma      22 [42]    
                                -0.073    -0.134     0.326     0.360     0.000
 49     gamma      22 [34]    
                                -0.025     0.006     0.126     0.128     0.000
 50     gamma      22 [34]    
                                 0.151    -0.079     0.509     0.537     0.000
 54       pi-    -211 [51]    
                                -0.193    -0.579     0.068     0.630     0.140
 55     gamma      22 [53]    
                                 0.133     0.023     0.024     0.137     0.000
 56     gamma      22 [53]    
                                 0.146     0.006    -0.119     0.189     0.000
 57     gamma      22 [52]    
                                 0.054    -0.037    -0.108     0.126     0.000
 58     gamma      22 [52]    
                                -0.007     0.046     0.010     0.047     0.000
------------------------------------------------------------------------------
     Sum of momenta:            -2e-05    -3e-05    -2e-05      10.6      10.6

The following exception classes were reported in this run:
ThePEG::EventHandler::ConsistencyException warning (1 times)
ThePEG::LesHouchesReader::LesHouchesReopenWarning warning (1 times)
