>>>>>>>>>>>>>>>>>>>>>>>>>>>>>>>>>>>>>>>>>>>>>>>>>>>>>>>>>>>>>>>>>>>>>>>>>>>>>>
>>>> Toolkit for HEP Event Generation - ThePEG 2.2.0 <<<<<<<<<<<<<<<<<<<<<<<<<
>>>> Tue Jun 30 00:23:14 2020                                             <<<<
<<<<<<<<<<<<<<<<<<<<<<<<<<<<<<<<<<<<<<<<<<<<<<<<<<<<<<<<<<<<<<<<<<<<<<<<<<<<<<

>> Herwig 7.2.0 / ThePEG 2.2.0

/Herwig/EventHandlers/NoCuts:
MHat  = 2 .. 46.7398 GeV
Scale = 0 .. 1e+12 GeV2
YHat  = -100 .. 100
X1    = 0 .. 1
X2    = 0 .. 1

* A warning exception of type ThePEG::LesHouchesReader::LesHouchesReopenWarning occurred while generating event number 1: 
Reopening LesHouchesReader 'myReader' after accessing 2 events out of 1
* A warning exception of type ThePEG::EventHandler::ConsistencyException occurred while generating event number 1: 
Event handler 'myLesHouchesHandler' found energy-momentum non-conservation by (-1e-05,-2e-05,-1e-05;9.99872e-06) GeV after generating step number 4.

******************************************************************************
Event number 1 (id: ./OUTPUT/0.95MB1.05/1513254215/TMP/Cluster_HERWIGOutput_9) performed by myLesHouchesHandler
Weight: 1
==============================================================================

--- Colliding particles:
  1        e-      11  (3)   
                                11.685     0.000     0.000    11.685     0.000
  2        e+     -11  (3)   
                               -11.685     0.000    -0.000    11.685     0.000
------------------------------------------------------------------------------
Primary sub-process performed by myReader
--- incoming:
  1        e-      11  (3)   
                                11.685     0.000     0.000    11.685     0.000
  2        e+     -11  (3)   
                               -11.685     0.000    -0.000    11.685     0.000
--- intermediates:
  3     gamma      22 [1,2] (4..7)   
                                -0.000     0.000     0.000    23.370    23.370
--- outgoing:
  4         g      21 [3] (8)  7>>6 {+1,-2}
                                 0.523     0.739    -2.234     2.411     0.000
  5         g      21 [3] (9)  6>>7 {+3,-4}
                                 3.176    -8.219    -4.312     9.810     0.000
  6         g      21 [3] (12)  4>>5 {+4,-1}
                                -4.226     5.387     4.651     8.277     0.000
  7         g      21 [3] (17)  5>>4 {+2,-3}
                                 0.526     2.093     1.895     2.872     0.000
------------------------------------------------------------------------------
Step 1 performed by myLesHouchesHandler
--- intermediates:
  1        e-      11  (3)   
                                11.685     0.000     0.000    11.685     0.000
  2        e+     -11  (3)   
                               -11.685     0.000    -0.000    11.685     0.000
  3     gamma      22 [1,2] (4..7)   
                                -0.000     0.000     0.000    23.370    23.370
--- final:
  4         g      21 [3] (8)  7>>6 {+1,-2}
                                 0.523     0.739    -2.234     2.411     0.000
  5         g      21 [3] (9)  6>>7 {+3,-4}
                                 3.176    -8.219    -4.312     9.810     0.000
  6         g      21 [3] (12)  4>>5 {+4,-1}
                                -4.226     5.387     4.651     8.277     0.000
  7         g      21 [3] (17)  5>>4 {+2,-3}
                                 0.526     2.093     1.895     2.872     0.000
------------------------------------------------------------------------------
     Sum of momenta:            -2e-05    -2e-05    -1e-05      23.4      23.4
------------------------------------------------------------------------------
Step 2 performed by ShowerHandler
--- intermediates:
  9         g      21 [5] (10,11)   {+3,-4}
                                 2.378    -6.153    -3.228     8.259     3.779
 12         g      21 [6] (13,14)   {+4,-1}
                                -3.163     4.033     3.482    10.721     8.749
 14         g      21 [12] (15,16)   {+4,-5}
                                -3.762     2.773     4.849     8.549     5.266
--- final:
  8         g      21 [4] (18,19)  17>>13 {+1,-2}
                                 0.392     0.553    -1.673     2.039     0.950
 10         g      21 [9] (28,29)  16>>11 {+6,-4}
                                 1.216    -0.520    -0.071     1.630     0.950
 11         g      21 [9] (30,31)  10>>17 {+3,-6}
                                 1.162    -5.633    -3.157     6.629     0.950
 13         g      21 [12] (22,23)  8>>15 {+5,-1}
                                 0.599     1.260    -1.367     2.172     0.950
 15         g      21 [14] (24,25)  13>>16 {+7,-5}
                                -2.562     3.373     5.294     6.846     0.950
 16         g      21 [14] (26,27)  15>>10 {+4,-7}
                                -1.200    -0.600    -0.445     1.703     0.950
 17         g      21 [7] (20,21)  11>>8 {+2,-3}
                                 0.394     1.567     1.419     2.351     0.950
------------------------------------------------------------------------------
     Sum of momenta:            -2e-05    -2e-05    -1e-05      23.4      23.4
------------------------------------------------------------------------------
Step 3 performed by ClusterHadHandler
--- intermediates:
 18         s       3 [8] (37)   {+1}
                                 0.092     0.268    -0.986     1.120     0.450
 19      sbar      -3 [8] (34)   {-2}
                                 0.299     0.285    -0.686     0.919     0.450
 20         u       2 [17] (33)   {+2}
                                 0.103     1.314     0.909     1.633     0.325
 21      ubar      -2 [17] (35)   {-3}
                                 0.291     0.253     0.510     0.717     0.325
 22         s       3 [13] (34)   {+5}
                                 0.419     0.847    -0.925     1.397     0.450
 23      sbar      -3 [13] (38)   {-1}
                                 0.180     0.413    -0.442     0.775     0.450
 24         s       3 [15] (35)   {+7}
                                -1.104     1.435     2.067     2.784     0.450
 25      sbar      -3 [15] (33)   {-5}
                                -1.458     1.938     3.227     4.062     0.450
 26         u       2 [16] (32)   {+4}
                                -0.056    -0.101    -0.169     0.384     0.325
 27      ubar      -2 [16] (36)   {-7}
                                -1.144    -0.499    -0.277     1.319     0.325
 28         u       2 [10] (38)   {+6}
                                 0.130    -0.272     0.106     0.456     0.325
 29      ubar      -2 [10] (32)   {-4}
                                 1.086    -0.248    -0.177     1.174     0.325
 30         u       2 [11] (36)   {+3}
                                 0.511    -1.306    -0.700     1.601     0.325
 31      ubar      -2 [11] (37)   {-6}
                                 0.651    -4.326    -2.457     5.028     0.325
 32   Cluster      81 [26,29] (40)   
                                 1.031    -0.349    -0.346     1.558     1.060
 33   Cluster      81 [20,25] (41,42)   
                                -1.355     3.252     4.136     5.695     1.708
 34   Cluster      81 [19,22] (39)   
                                 0.718     1.132    -1.612     2.316     0.984
 35   Cluster      81 [21,24] (43,44)   
                                -0.813     1.688     2.577     3.502     1.453
 36   Cluster      81 [27,30] (45,46)   
                                -0.633    -1.805    -0.977     2.920     1.978
 37   Cluster      81 [18,31] (49,50)   
                                 0.743    -4.059    -3.443     6.149     2.988
 38   Cluster      81 [23,28] (47,48)   
                                 0.309     0.141    -0.335     1.230     1.134
 40   Cluster      81 [32] (51,52)   
                                 1.039    -0.358    -0.342     1.565     1.060
--- final:
 39      eta'     331 [34] (53..55)   
                                 0.710     1.141    -1.615     2.309     0.958
 41       pi+     211 [33]    
                                -1.274     2.011     2.587     3.518     0.140
 42       K*0     313 [33] (61,62)   
                                -0.081     1.241     1.550     2.177     0.890
 43        K-    -321 [35]    
                                 0.019     0.643     1.340     1.566     0.494
 44      rho0     113 [35] (66,67)   
                                -0.832     1.045     1.236     1.935     0.657
 45      rho+     213 [36] (68,69)   
                                -0.142    -1.117    -1.202     1.799     0.723
 46      rho-    -213 [36] (72,73)   
                                -0.491    -0.688     0.225     1.121     0.701
 47       pi+     211 [38]    
                                -0.074     0.026     0.024     0.162     0.140
 48       K*0     313 [38] (76,77)   
                                 0.383     0.115    -0.360     1.068     0.923
 49     Kbar0    -311 [37] (78)   
                                 0.590    -3.363    -2.142     4.062     0.498
 50     a'_0-  -10211 [37] (81,82)   
                                 0.153    -0.695    -1.301     2.087     1.468
 51      rho+     213 [40] (93,94)   
                                 0.675    -0.229    -0.239     1.141     0.859
 52       pi-    -211 [40]    
                                 0.364    -0.128    -0.103     0.423     0.140
------------------------------------------------------------------------------
     Sum of momenta:            -2e-05    -2e-05    -1e-05      23.4      23.4
------------------------------------------------------------------------------
Step 4 performed by DecayHandler
--- intermediates:
 55       eta     221 [39] (56..58)   
                                 0.277     0.606    -0.754     1.145     0.548
 58       pi0     111 [55] (59,60)   
                                 0.071     0.217    -0.168     0.314     0.135
 61        K0     311 [42] (63)   
                                -0.049     0.936     1.502     1.839     0.498
 62       pi0     111 [42] (64,65)   
                                -0.032     0.305     0.048     0.338     0.135
 68       pi0     111 [45] (70,71)   
                                -0.397    -0.549    -0.729     1.004     0.135
 72       pi0     111 [46] (74,75)   
                                -0.268     0.042     0.158     0.342     0.135
 78      K_S0     310 [49] (79,80)   
                                 0.590    -3.363    -2.142     4.062     0.498
 81      rho-    -213 [50] (83,84)   
                                 0.266    -0.194    -0.686     0.962     0.588
 82     omega     223 [50] (87,88)   
                                -0.112    -0.501    -0.615     1.125     0.790
 83       pi0     111 [81] (85,86)   
                                 0.199     0.159    -0.285     0.405     0.135
 87      rho-    -213 [82] (89,90)   
                                -0.227    -0.110    -0.465     0.669     0.410
 89       pi0     111 [87] (91,92)   
                                -0.072     0.014    -0.383     0.413     0.135
 93       pi0     111 [51] (95,96)   
                                 0.676    -0.471    -0.147     0.847     0.135
--- final:
 41       pi+     211 [33]    
                                -1.274     2.011     2.587     3.518     0.140
 43        K-    -321 [35]    
                                 0.019     0.643     1.340     1.566     0.494
 47       pi+     211 [38]    
                                -0.074     0.026     0.024     0.162     0.140
 52       pi-    -211 [40]    
                                 0.364    -0.128    -0.103     0.423     0.140
 53       pi+     211 [39]    
                                 0.212     0.421    -0.613     0.785     0.140
 54       pi-    -211 [39]    
                                 0.221     0.114    -0.249     0.379     0.140
 56       pi+     211 [55]    
                                -0.016     0.165    -0.357     0.417     0.140
 57       pi-    -211 [55]    
                                 0.222     0.224    -0.229     0.414     0.140
 59     gamma      22 [58]    
                                 0.044     0.174    -0.052     0.187     0.000
 60     gamma      22 [58]    
                                 0.026     0.043    -0.116     0.127     0.000
 63      K_L0     130 [61]    
                                -0.049     0.936     1.502     1.839     0.498
 64     gamma      22 [62]    
                                -0.007    -0.007     0.022     0.024     0.000
 65     gamma      22 [62]    
                                -0.025     0.312     0.026     0.314     0.000
 66       pi+     211 [44]    
                                -0.578     0.437     0.951     1.204     0.140
 67       pi-    -211 [44]    
                                -0.254     0.608     0.285     0.731     0.140
 69       pi+     211 [45]    
                                 0.255    -0.568    -0.473     0.795     0.140
 70     gamma      22 [68]    
                                -0.402    -0.515    -0.667     0.934     0.000
 71     gamma      22 [68]    
                                 0.005    -0.034    -0.062     0.070     0.000
 73       pi-    -211 [46]    
                                -0.223    -0.731     0.067     0.779     0.140
 74     gamma      22 [72]    
                                -0.155     0.089     0.075     0.194     0.000
 75     gamma      22 [72]    
                                -0.113    -0.047     0.083     0.148     0.000
 76        K+     321 [48]    
                                 0.037     0.128    -0.454     0.684     0.494
 77       pi-    -211 [48]    
                                 0.346    -0.013     0.094     0.385     0.140
 79       pi+     211 [78]    
                                 0.120    -1.619    -1.164     2.003     0.140
 80       pi-    -211 [78]    
                                 0.470    -1.744    -0.978     2.059     0.140
 84       pi-    -211 [81]    
                                 0.067    -0.353    -0.401     0.557     0.140
 85     gamma      22 [83]    
                                 0.048     0.125    -0.135     0.190     0.000
 86     gamma      22 [83]    
                                 0.150     0.034    -0.149     0.215     0.000
 88       pi+     211 [82]    
                                 0.114    -0.391    -0.150     0.456     0.140
 90       pi-    -211 [87]    
                                -0.155    -0.124    -0.082     0.256     0.140
 91     gamma      22 [89]    
                                -0.097     0.047    -0.229     0.253     0.000
 92     gamma      22 [89]    
                                 0.025    -0.033    -0.154     0.160     0.000
 94       pi+     211 [51]    
                                -0.001     0.242    -0.093     0.294     0.140
 95     gamma      22 [93]    
                                 0.502    -0.417    -0.120     0.664     0.000
 96     gamma      22 [93]    
                                 0.173    -0.054    -0.027     0.183     0.000
------------------------------------------------------------------------------
     Sum of momenta:            -2e-05    -2e-05    -1e-05      23.4      23.4

The following exception classes were reported in this run:
ThePEG::EventHandler::ConsistencyException warning (1 times)
ThePEG::LesHouchesReader::LesHouchesReopenWarning warning (1 times)
