>>>>>>>>>>>>>>>>>>>>>>>>>>>>>>>>>>>>>>>>>>>>>>>>>>>>>>>>>>>>>>>>>>>>>>>>>>>>>>
>>>> Toolkit for HEP Event Generation - ThePEG 2.2.0 <<<<<<<<<<<<<<<<<<<<<<<<<
>>>> Tue Jun 30 00:42:12 2020                                             <<<<
<<<<<<<<<<<<<<<<<<<<<<<<<<<<<<<<<<<<<<<<<<<<<<<<<<<<<<<<<<<<<<<<<<<<<<<<<<<<<<

>> Herwig 7.2.0 / ThePEG 2.2.0

/Herwig/EventHandlers/NoCuts:
MHat  = 2 .. 33.9797 GeV
Scale = 0 .. 1e+12 GeV2
YHat  = -100 .. 100
X1    = 0 .. 1
X2    = 0 .. 1

* A warning exception of type ThePEG::LesHouchesReader::LesHouchesReopenWarning occurred while generating event number 1: 
Reopening LesHouchesReader 'myReader' after accessing 2 events out of 1
* A warning exception of type ThePEG::EventHandler::ConsistencyException occurred while generating event number 1: 
Event handler 'myLesHouchesHandler' found energy-momentum non-conservation by (-2e-05,-2e-05,-2e-05;9.99846e-06) GeV after generating step number 4.

******************************************************************************
Event number 1 (id: ./OUTPUT/0.95MB1.05/1511425928/TMP/Cluster_HERWIGOutput_33) performed by myLesHouchesHandler
Weight: 1
==============================================================================

--- Colliding particles:
  1        e-      11  (3)   
                                 8.495     0.000     0.000     8.495     0.000
  2        e+     -11  (3)   
                                -8.495     0.000    -0.000     8.495     0.000
------------------------------------------------------------------------------
Primary sub-process performed by myReader
--- incoming:
  1        e-      11  (3)   
                                 8.495     0.000     0.000     8.495     0.000
  2        e+     -11  (3)   
                                -8.495     0.000    -0.000     8.495     0.000
--- intermediates:
  3     gamma      22 [1,2] (4..7)   
                                -0.000     0.000     0.000    16.990    16.990
--- outgoing:
  4         g      21 [3] (8)  5>>7 {+1,-2}
                                -5.076    -3.014    -0.764     5.953     0.000
  5         g      21 [3] (11)  6>>4 {+2,-3}
                                 1.593     4.545    -0.768     4.877     0.000
  6         g      21 [3] (12)  7>>5 {+3,-4}
                                -0.125     0.782     1.697     1.872     0.000
  7         g      21 [3] (13)  4>>6 {+4,-1}
                                 3.608    -2.312    -0.164     4.288     0.000
------------------------------------------------------------------------------
Step 1 performed by myLesHouchesHandler
--- intermediates:
  1        e-      11  (3)   
                                 8.495     0.000     0.000     8.495     0.000
  2        e+     -11  (3)   
                                -8.495     0.000    -0.000     8.495     0.000
  3     gamma      22 [1,2] (4..7)   
                                -0.000     0.000     0.000    16.990    16.990
--- final:
  4         g      21 [3] (8)  5>>7 {+1,-2}
                                -5.076    -3.014    -0.764     5.953     0.000
  5         g      21 [3] (11)  6>>4 {+2,-3}
                                 1.593     4.545    -0.768     4.877     0.000
  6         g      21 [3] (12)  7>>5 {+3,-4}
                                -0.125     0.782     1.697     1.872     0.000
  7         g      21 [3] (13)  4>>6 {+4,-1}
                                 3.608    -2.312    -0.164     4.288     0.000
------------------------------------------------------------------------------
     Sum of momenta:            -3e-05    -2e-05    -2e-05        17        17
------------------------------------------------------------------------------
Step 2 performed by ShowerHandler
--- intermediates:
  8         g      21 [4] (9,10)   {+1,-2}
                                -4.737    -2.813    -0.713     6.238     2.836
--- final:
  9         g      21 [8] (20,21)  11>>10 {+5,-2}
                                -1.965    -0.883    -1.285     2.682     0.950
 10         g      21 [8] (22,23)  9>>13 {+1,-5}
                                -2.772    -1.930     0.572     3.556     0.950
 11         g      21 [5] (14,15)  12>>9 {+2,-3}
                                 1.487     4.242    -0.717     4.650     0.950
 12         g      21 [6] (16,17)  13>>11 {+3,-4}
                                -0.116     0.730     1.583     1.989     0.950
 13         g      21 [7] (18,19)  10>>12 {+4,-1}
                                 3.367    -2.158    -0.153     4.114     0.950
------------------------------------------------------------------------------
     Sum of momenta:            -3e-05    -2e-05    -2e-05        17        17
------------------------------------------------------------------------------
Step 3 performed by ClusterHadHandler
--- intermediates:
 14         u       2 [11] (24)   {+2}
                                 0.584     1.186    -0.458     1.436     0.325
 15      ubar      -2 [11] (25)   {-3}
                                 0.903     3.056    -0.259     3.214     0.325
 16         d       1 [12] (25)   {+3}
                                 0.109     0.015     0.248     0.423     0.325
 17      dbar      -1 [12] (26)   {-4}
                                -0.226     0.715     1.335     1.565     0.325
 18         u       2 [13] (26)   {+4}
                                 0.501    -0.528    -0.053     0.799     0.325
 19      ubar      -2 [13] (27)   {-1}
                                 2.866    -1.630    -0.101     3.315     0.325
 20         d       1 [9] (28)   {+5}
                                -1.670    -0.647    -1.191     2.175     0.325
 21      dbar      -1 [9] (24)   {-2}
                                -0.295    -0.236    -0.094     0.507     0.325
 22         d       1 [10] (27)   {+1}
                                -1.734    -1.334     0.058     2.212     0.325
 23      dbar      -1 [10] (28)   {-5}
                                -1.039    -0.597     0.514     1.343     0.325
 24   Cluster      81 [14,21] (33,34)   
                                 0.289     0.950    -0.552     1.943     1.577
 25   Cluster      81 [15,16] (31,32)   
                                 1.012     3.071    -0.011     3.637     1.665
 26   Cluster      81 [17,18] (35,36)   
                                 0.276     0.187     1.283     2.364     1.958
 27   Cluster      81 [19,22] (29,30)   
                                 1.132    -2.964    -0.043     5.527     4.525
 28   Cluster      81 [20,23] (37,38)   
                                -2.709    -1.243    -0.677     3.519     1.743
 29   Cluster      81 [27] (39,40)   
                                 2.306    -1.492    -0.081     2.994     1.189
 30   Cluster      81 [27] (41,42)   
                                -1.174    -1.472     0.039     2.532     1.693
--- final:
 31      rho0     113 [25] (43,44)   
                                -0.041     0.602    -0.272     0.936     0.662
 32       pi-    -211 [25]    
                                 1.053     2.469     0.261     2.701     0.140
 33       pi+     211 [24]    
                                -0.248     0.122    -0.164     0.350     0.140
 34      a_20     115 [24] (45,46)   
                                 0.537     0.827    -0.388     1.593     1.189
 35       pi0     111 [26] (58,59)   
                                -0.075     0.170    -0.043     0.234     0.135
 36    rho_3+     217 [26] (60,61)   
                                 0.350     0.017     1.325     2.130     1.631
 37       pi0     111 [28] (68,69)   
                                -2.014    -0.348    -0.675     2.157     0.135
 38     omega     223 [28] (70,71)   
                                -0.695    -0.895    -0.002     1.362     0.755
 39       pi0     111 [29] (76,77)   
                                 0.957    -1.106    -0.451     1.536     0.135
 40       pi-    -211 [29]    
                                 1.349    -0.386     0.369     1.458     0.140
 41       pi-    -211 [30]    
                                -0.199    -0.608     0.190     0.682     0.140
 42      a_2+     215 [30] (78,79)   
                                -0.975    -0.864    -0.151     1.851     1.306
------------------------------------------------------------------------------
     Sum of momenta:            -3e-05    -2e-05    -2e-05        17        17
------------------------------------------------------------------------------
Step 4 performed by DecayHandler
--- intermediates:
 45       eta     221 [34] (47..49)   
                                 0.038     0.207     0.171     0.611     0.548
 46       pi0     111 [34] (56,57)   
                                 0.498     0.620    -0.559     0.982     0.135
 47       pi0     111 [45] (50,51)   
                                 0.183     0.096     0.054     0.252     0.135
 48       pi0     111 [45] (52,53)   
                                -0.035     0.073     0.028     0.160     0.135
 49       pi0     111 [45] (54,55)   
                                -0.109     0.038     0.089     0.199     0.135
 60      a_20     115 [36] (62,63)   
                                 0.294     0.132     0.829     1.599     1.329
 62      rho+     213 [60] (64,65)   
                                -0.161     0.097     0.869     1.120     0.682
 64       pi0     111 [62] (66,67)   
                                -0.285     0.159     0.167     0.391     0.135
 70      rho-    -213 [38] (72,73)   
                                -0.193    -0.342     0.014     0.602     0.456
 72       pi0     111 [70] (74,75)   
                                -0.059    -0.011     0.135     0.200     0.135
 78       eta     221 [42] (80,81)   
                                -0.264    -0.453    -0.541     0.931     0.548
--- final:
 32       pi-    -211 [25]    
                                 1.053     2.469     0.261     2.701     0.140
 33       pi+     211 [24]    
                                -0.248     0.122    -0.164     0.350     0.140
 40       pi-    -211 [29]    
                                 1.349    -0.386     0.369     1.458     0.140
 41       pi-    -211 [30]    
                                -0.199    -0.608     0.190     0.682     0.140
 43       pi+     211 [31]    
                                 0.069    -0.033    -0.225     0.276     0.140
 44       pi-    -211 [31]    
                                -0.110     0.634    -0.047     0.660     0.140
 50     gamma      22 [47]    
                                 0.015     0.050     0.059     0.079     0.000
 51     gamma      22 [47]    
                                 0.167     0.046    -0.005     0.173     0.000
 52     gamma      22 [48]    
                                 0.052     0.027     0.006     0.059     0.000
 53     gamma      22 [48]    
                                -0.087     0.046     0.022     0.101     0.000
 54     gamma      22 [49]    
                                -0.006    -0.042     0.043     0.060     0.000
 55     gamma      22 [49]    
                                -0.103     0.080     0.046     0.139     0.000
 56     gamma      22 [46]    
                                 0.265     0.401    -0.393     0.621     0.000
 57     gamma      22 [46]    
                                 0.234     0.219    -0.166     0.361     0.000
 58     gamma      22 [35]    
                                -0.072     0.058    -0.073     0.118     0.000
 59     gamma      22 [35]    
                                -0.003     0.112     0.030     0.116     0.000
 61       pi+     211 [36]    
                                 0.056    -0.115     0.497     0.532     0.140
 63       pi-    -211 [60]    
                                 0.455     0.035    -0.040     0.479     0.140
 65       pi+     211 [62]    
                                 0.125    -0.062     0.702     0.729     0.140
 66     gamma      22 [64]    
                                -0.154     0.160     0.114     0.249     0.000
 67     gamma      22 [64]    
                                -0.131    -0.000     0.053     0.142     0.000
 68     gamma      22 [37]    
                                -1.135    -0.142    -0.334     1.191     0.000
 69     gamma      22 [37]    
                                -0.880    -0.206    -0.340     0.965     0.000
 71       pi+     211 [38]    
                                -0.502    -0.553    -0.016     0.760     0.140
 73       pi-    -211 [70]    
                                -0.133    -0.331    -0.121     0.402     0.140
 74     gamma      22 [72]    
                                -0.031     0.052     0.111     0.126     0.000
 75     gamma      22 [72]    
                                -0.028    -0.064     0.024     0.074     0.000
 76     gamma      22 [39]    
                                 0.660    -0.666    -0.272     0.976     0.000
 77     gamma      22 [39]    
                                 0.297    -0.440    -0.178     0.560     0.000
 79       pi+     211 [42]    
                                -0.711    -0.411     0.389     0.919     0.140
 80     gamma      22 [78]    
                                -0.407    -0.405    -0.528     0.780     0.000
 81     gamma      22 [78]    
                                 0.143    -0.048    -0.012     0.151     0.000
------------------------------------------------------------------------------
     Sum of momenta:            -3e-05    -2e-05    -2e-05        17        17

The following exception classes were reported in this run:
ThePEG::EventHandler::ConsistencyException warning (1 times)
ThePEG::LesHouchesReader::LesHouchesReopenWarning warning (1 times)
