>>>>>>>>>>>>>>>>>>>>>>>>>>>>>>>>>>>>>>>>>>>>>>>>>>>>>>>>>>>>>>>>>>>>>>>>>>>>>>
>>>> Toolkit for HEP Event Generation - ThePEG 2.2.0 <<<<<<<<<<<<<<<<<<<<<<<<<
>>>> Tue Jun 30 00:32:55 2020                                             <<<<
<<<<<<<<<<<<<<<<<<<<<<<<<<<<<<<<<<<<<<<<<<<<<<<<<<<<<<<<<<<<<<<<<<<<<<<<<<<<<<

>> Herwig 7.2.0 / ThePEG 2.2.0

/Herwig/EventHandlers/NoCuts:
MHat  = 2 .. 57.1918 GeV
Scale = 0 .. 1e+12 GeV2
YHat  = -100 .. 100
X1    = 0 .. 1
X2    = 0 .. 1

* A warning exception of type ThePEG::LesHouchesReader::LesHouchesReopenWarning occurred while generating event number 1: 
Reopening LesHouchesReader 'myReader' after accessing 2 events out of 1
* A warning exception of type ThePEG::EventHandler::ConsistencyException occurred while generating event number 1: 
Event handler 'myLesHouchesHandler' found energy-momentum non-conservation by (-3e-05,-2e-05,-3e-05;2.99973e-05) GeV after generating step number 4.

******************************************************************************
Event number 1 (id: ./OUTPUT/0.95MB1.05/1511996808/TMP/Cluster_HERWIGOutput_21) performed by myLesHouchesHandler
Weight: 1
==============================================================================

--- Colliding particles:
  1        e-      11  (3)   
                                14.298     0.000     0.000    14.298     0.000
  2        e+     -11  (3)   
                               -14.298     0.000     0.000    14.298     0.000
------------------------------------------------------------------------------
Primary sub-process performed by myReader
--- incoming:
  1        e-      11  (3)   
                                14.298     0.000     0.000    14.298     0.000
  2        e+     -11  (3)   
                               -14.298     0.000     0.000    14.298     0.000
--- intermediates:
  3     gamma      22 [1,2] (4..8)   
                                 0.000     0.000     0.000    28.596    28.596
--- outgoing:
  4         g      21 [3] (9)  6>>8 {+1,-2}
                                 1.487     0.869     1.261     2.135     0.000
  5         g      21 [3] (10)  7>>7 {+3,-4}
                                 3.646    -4.264    -6.044     8.246     0.000
  6         g      21 [3] (11)  8>>4 {+2,-5}
                                -3.961     6.943    -2.103     8.265     0.000
  7         g      21 [3] (14)  5>>5 {+4,-3}
                                -1.507     0.802    -0.106     1.710     0.000
  8         g      21 [3] (15)  4>>6 {+5,-1}
                                 0.335    -4.349     6.991     8.240     0.000
------------------------------------------------------------------------------
Step 1 performed by myLesHouchesHandler
--- intermediates:
  1        e-      11  (3)   
                                14.298     0.000     0.000    14.298     0.000
  2        e+     -11  (3)   
                               -14.298     0.000     0.000    14.298     0.000
  3     gamma      22 [1,2] (4..8)   
                                 0.000     0.000     0.000    28.596    28.596
--- final:
  4         g      21 [3] (9)  6>>8 {+1,-2}
                                 1.487     0.869     1.261     2.135     0.000
  5         g      21 [3] (10)  7>>7 {+3,-4}
                                 3.646    -4.264    -6.044     8.246     0.000
  6         g      21 [3] (11)  8>>4 {+2,-5}
                                -3.961     6.943    -2.103     8.265     0.000
  7         g      21 [3] (14)  5>>5 {+4,-3}
                                -1.507     0.802    -0.106     1.710     0.000
  8         g      21 [3] (15)  4>>6 {+5,-1}
                                 0.335    -4.349     6.991     8.240     0.000
------------------------------------------------------------------------------
     Sum of momenta:            -3e-05    -2e-05    -3e-05      28.6      28.6
------------------------------------------------------------------------------
Step 2 performed by ShowerHandler
--- intermediates:
 11         g      21 [6] (12,13)   {+2,-5}
                                -3.768     6.604    -2.000     8.673     3.661
--- final:
  9         g      21 [4] (16,17)  12>>15 {+1,-2}
                                 1.414     0.827     1.200     2.242     0.950
 10         g      21 [5] (18,19)  14>>14 {+3,-4}
                                 3.468    -4.057    -5.749     7.902     0.950
 12         g      21 [11] (24,25)  13>>9 {+2,-6}
                                -2.081     5.092    -2.579     6.150     0.950
 13         g      21 [11] (26,27)  15>>12 {+6,-5}
                                -1.686     1.512     0.579     2.523     0.950
 14         g      21 [7] (20,21)  10>>10 {+4,-3}
                                -1.433     0.763    -0.101     1.884     0.950
 15         g      21 [8] (22,23)  9>>13 {+5,-1}
                                 0.318    -4.137     6.650     7.896     0.950
------------------------------------------------------------------------------
     Sum of momenta:            -3e-05    -2e-05    -3e-05      28.6      28.6
------------------------------------------------------------------------------
Step 3 performed by ClusterHadHandler
--- intermediates:
 16         u       2 [9] (28)   {+1}
                                 0.281     0.438     0.618     0.871     0.325
 17      ubar      -2 [9] (33)   {-2}
                                 1.133     0.388     0.582     1.371     0.325
 18         u       2 [10] (33)   {+3}
                                 0.905    -1.196    -1.266     1.990     0.325
 19      ubar      -2 [10] (29)   {-4}
                                 2.563    -2.860    -4.483     5.912     0.325
 20         d       1 [14] (29)   {+4}
                                -0.726     0.592     0.235     1.019     0.325
 21      dbar      -1 [14] (32)   {-3}
                                -0.707     0.170    -0.336     0.864     0.325
 22         d       1 [15] (30)   {+5}
                                 0.381    -3.429     5.623     6.605     0.325
 23      dbar      -1 [15] (28)   {-1}
                                -0.062    -0.708     1.027     1.290     0.325
 24         d       1 [12] (32)   {+2}
                                -1.088     1.922    -1.233     2.551     0.325
 25      dbar      -1 [12] (31)   {-6}
                                -0.993     3.170    -1.346     3.599     0.325
 26         d       1 [13] (31)   {+6}
                                -0.299     0.323    -0.082     0.553     0.325
 27      dbar      -1 [13] (30)   {-5}
                                -1.387     1.189     0.661     1.970     0.325
 28   Cluster      81 [16,23] (42,43)   
                                 0.219    -0.270     1.645     2.162     1.359
 29   Cluster      81 [19,20] (36,37)   
                                 1.837    -2.268    -4.248     6.931     4.635
 30   Cluster      81 [22,27] (34,35)   
                                -1.007    -2.240     6.284     8.576     5.293
 31   Cluster      81 [25,26] (38,39)   
                                -1.292     3.493    -1.428     4.152     1.153
 32   Cluster      81 [21,24] (40,41)   
                                -1.795     2.093    -1.569     3.415     1.265
 33   Cluster      81 [17,18] (44,45)   
                                 2.038    -0.808    -0.685     3.360     2.453
 34   Cluster      81 [30] (46,47)   
                                 0.092    -1.810     3.194     3.855     1.174
 35   Cluster      81 [30] (48,49)   
                                -1.099    -0.430     3.091     4.721     3.368
 36   Cluster      81 [29] (50,51)   
                                 2.383    -2.695    -4.337     5.937     1.870
 37   Cluster      81 [29] (52,53)   
                                -0.546     0.427     0.089     0.995     0.708
--- final:
 38       eta     221 [31] (54,55)   
                                -0.342     0.747    -0.296     1.030     0.548
 39       pi0     111 [31] (56,57)   
                                -0.950     2.746    -1.132     3.122     0.135
 40       pi-    -211 [32]    
                                -0.515     0.267    -0.039     0.598     0.140
 41      rho+     213 [32] (58,59)   
                                -1.281     1.826    -1.530     2.817     0.790
 42      rho+     213 [28] (62,63)   
                                 0.508     0.001     0.819     1.236     0.773
 43       pi0     111 [28] (66,67)   
                                -0.290    -0.271     0.826     0.926     0.135
 44       pi+     211 [33]    
                                 0.027     0.630    -0.356     0.738     0.140
 45      rho-    -213 [33] (68,69)   
                                 2.011    -1.438    -0.329     2.623     0.812
 46      a_00 9000111 [34] (72,73)   
                                 0.138    -1.098     1.909     2.379     0.889
 47       pi-    -211 [34]    
                                -0.046    -0.712     1.284     1.476     0.140
 48  K_3*bar0    -317 [35] (85,86)   
                                -0.377     0.397     1.503     2.298     1.650
 49      K'*+  100323 [35] (87,88)   
                                -0.721    -0.828     1.588     2.423     1.464
 50       pi-    -211 [36]    
                                 0.523    -0.774    -1.034     1.400     0.140
 51     eta_2   10225 [36] (91,92)   
                                 1.860    -1.921    -3.303     4.536     1.588
 52       pi-    -211 [37]    
                                -0.338     0.204     0.369     0.558     0.140
 53       pi+     211 [37]    
                                -0.208     0.223    -0.280     0.437     0.140
------------------------------------------------------------------------------
     Sum of momenta:            -3e-05    -2e-05    -3e-05      28.6      28.6
------------------------------------------------------------------------------
Step 4 performed by DecayHandler
--- intermediates:
 58       pi0     111 [41] (60,61)   
                                -1.044     1.237    -1.422     2.158     0.135
 62       pi0     111 [42] (64,65)   
                                -0.001     0.287     0.210     0.380     0.135
 68       pi0     111 [45] (70,71)   
                                 0.905    -1.077    -0.028     1.413     0.135
 72       eta     221 [46] (74..76)   
                                -0.066    -0.747     0.949     1.327     0.548
 73       pi0     111 [46] (83,84)   
                                 0.205    -0.351     0.961     1.052     0.135
 74       pi0     111 [72] (77,78)   
                                -0.024    -0.157     0.459     0.504     0.135
 75       pi0     111 [72] (79,80)   
                                 0.013    -0.227     0.252     0.365     0.135
 76       pi0     111 [72] (81,82)   
                                -0.055    -0.364     0.237     0.458     0.135
 87       K*0     313 [49] (89,90)   
                                -0.385    -0.466     1.590     1.909     0.867
 91      a_20     115 [51] (93,94)   
                                 1.819    -1.881    -3.103     4.289     1.385
 92       pi0     111 [51] (102,103)   
                                 0.041    -0.040    -0.200     0.248     0.135
 93       eta     221 [91] (95..97)   
                                 1.885    -1.394    -2.254     3.298     0.548
 94       pi0     111 [91] (100,101)   
                                -0.067    -0.487    -0.849     0.990     0.135
 97       pi0     111 [93] (98,99)   
                                 0.610    -0.560    -0.790     1.153     0.135
--- final:
 40       pi-    -211 [32]    
                                -0.515     0.267    -0.039     0.598     0.140
 44       pi+     211 [33]    
                                 0.027     0.630    -0.356     0.738     0.140
 47       pi-    -211 [34]    
                                -0.046    -0.712     1.284     1.476     0.140
 50       pi-    -211 [36]    
                                 0.523    -0.774    -1.034     1.400     0.140
 52       pi-    -211 [37]    
                                -0.338     0.204     0.369     0.558     0.140
 53       pi+     211 [37]    
                                -0.208     0.223    -0.280     0.437     0.140
 54     gamma      22 [38]    
                                -0.027     0.222    -0.351     0.416     0.000
 55     gamma      22 [38]    
                                -0.315     0.525     0.055     0.615     0.000
 56     gamma      22 [39]    
                                -0.201     0.513    -0.266     0.612     0.000
 57     gamma      22 [39]    
                                -0.749     2.234    -0.865     2.510     0.000
 59       pi+     211 [41]    
                                -0.237     0.589    -0.108     0.659     0.140
 60     gamma      22 [58]    
                                -0.926     1.028    -1.191     1.826     0.000
 61     gamma      22 [58]    
                                -0.117     0.209    -0.231     0.333     0.000
 63       pi+     211 [42]    
                                 0.510    -0.286     0.609     0.856     0.140
 64     gamma      22 [62]    
                                -0.049     0.125     0.149     0.200     0.000
 65     gamma      22 [62]    
                                 0.048     0.162     0.061     0.180     0.000
 66     gamma      22 [43]    
                                -0.196    -0.227     0.490     0.575     0.000
 67     gamma      22 [43]    
                                -0.093    -0.043     0.335     0.351     0.000
 69       pi-    -211 [45]    
                                 1.105    -0.362    -0.300     1.209     0.140
 70     gamma      22 [68]    
                                 0.326    -0.491    -0.016     0.589     0.000
 71     gamma      22 [68]    
                                 0.579    -0.586    -0.013     0.824     0.000
 77     gamma      22 [74]    
                                 0.017    -0.128     0.185     0.226     0.000
 78     gamma      22 [74]    
                                -0.041    -0.029     0.274     0.279     0.000
 79     gamma      22 [75]    
                                 0.002    -0.191     0.264     0.326     0.000
 80     gamma      22 [75]    
                                 0.011    -0.035    -0.012     0.039     0.000
 81     gamma      22 [76]    
                                -0.091    -0.152     0.107     0.207     0.000
 82     gamma      22 [76]    
                                 0.036    -0.212     0.130     0.251     0.000
 83     gamma      22 [73]    
                                 0.177    -0.357     0.880     0.966     0.000
 84     gamma      22 [73]    
                                 0.028     0.006     0.081     0.086     0.000
 85        K-    -321 [48]    
                                 0.297    -0.366     0.805     1.056     0.494
 86       pi+     211 [48]    
                                -0.675     0.763     0.698     1.242     0.140
 88       pi+     211 [49]    
                                -0.336    -0.362    -0.002     0.513     0.140
 89        K+     321 [87]    
                                -0.484    -0.516     1.427     1.668     0.494
 90       pi-    -211 [87]    
                                 0.099     0.050     0.163     0.242     0.140
 95       pi+     211 [93]    
                                 0.434    -0.318    -0.676     0.875     0.140
 96       pi-    -211 [93]    
                                 0.841    -0.515    -0.788     1.270     0.140
 98     gamma      22 [97]    
                                 0.543    -0.456    -0.719     1.009     0.000
 99     gamma      22 [97]    
                                 0.067    -0.105    -0.072     0.144     0.000
100     gamma      22 [94]    
                                 0.031    -0.226    -0.333     0.404     0.000
101     gamma      22 [94]    
                                -0.098    -0.260    -0.516     0.587     0.000
102     gamma      22 [92]    
                                -0.043     0.006    -0.029     0.052     0.000
103     gamma      22 [92]    
                                 0.084    -0.046    -0.171     0.196     0.000
------------------------------------------------------------------------------
     Sum of momenta:            -3e-05    -2e-05    -3e-05      28.6      28.6

The following exception classes were reported in this run:
ThePEG::EventHandler::ConsistencyException warning (1 times)
ThePEG::LesHouchesReader::LesHouchesReopenWarning warning (1 times)
