>>>>>>>>>>>>>>>>>>>>>>>>>>>>>>>>>>>>>>>>>>>>>>>>>>>>>>>>>>>>>>>>>>>>>>>>>>>>>>
>>>> Toolkit for HEP Event Generation - ThePEG 2.2.0 <<<<<<<<<<<<<<<<<<<<<<<<<
>>>> Tue Jun 30 00:24:48 2020                                             <<<<
<<<<<<<<<<<<<<<<<<<<<<<<<<<<<<<<<<<<<<<<<<<<<<<<<<<<<<<<<<<<<<<<<<<<<<<<<<<<<<

>> Herwig 7.2.0 / ThePEG 2.2.0

/Herwig/EventHandlers/NoCuts:
MHat  = 2 .. 39.9224 GeV
Scale = 0 .. 1e+12 GeV2
YHat  = -100 .. 100
X1    = 0 .. 1
X2    = 0 .. 1

* A warning exception of type ThePEG::LesHouchesReader::LesHouchesReopenWarning occurred while generating event number 1: 
Reopening LesHouchesReader 'myReader' after accessing 2 events out of 1
* A warning exception of type ThePEG::EventHandler::ConsistencyException occurred while generating event number 1: 
Event handler 'myLesHouchesHandler' found energy-momentum non-conservation by (-2e-05,-2e-05,-3e-05;1.99989e-05) GeV after generating step number 4.

******************************************************************************
Event number 1 (id: ./OUTPUT/0.95MB1.05/1514252634/TMP/Cluster_HERWIGOutput_11) performed by myLesHouchesHandler
Weight: 1
==============================================================================

--- Colliding particles:
  1        e-      11  (3)   
                                 9.981     0.000     0.000     9.981     0.000
  2        e+     -11  (3)   
                                -9.981     0.000     0.000     9.981     0.000
------------------------------------------------------------------------------
Primary sub-process performed by myReader
--- incoming:
  1        e-      11  (3)   
                                 9.981     0.000     0.000     9.981     0.000
  2        e+     -11  (3)   
                                -9.981     0.000     0.000     9.981     0.000
--- intermediates:
  3     gamma      22 [1,2] (4..8)   
                                -0.000     0.000    -0.000    19.961    19.961
--- outgoing:
  4         g      21 [3] (9)  8>>6 {+1,-2}
                                 4.423     1.592     2.045     5.126     0.000
  5         g      21 [3] (10)  7>>7 {+3,-4}
                                -0.053     0.088     0.018     0.104     0.000
  6         g      21 [3] (11)  4>>8 {+5,-1}
                                -6.994    -4.199    -4.463     9.299     0.000
  7         g      21 [3] (14)  5>>5 {+4,-3}
                                 0.171     2.406     1.325     2.752     0.000
  8         g      21 [3] (15)  6>>4 {+2,-5}
                                 2.453     0.113     1.075     2.681     0.000
------------------------------------------------------------------------------
Step 1 performed by myLesHouchesHandler
--- intermediates:
  1        e-      11  (3)   
                                 9.981     0.000     0.000     9.981     0.000
  2        e+     -11  (3)   
                                -9.981     0.000     0.000     9.981     0.000
  3     gamma      22 [1,2] (4..8)   
                                -0.000     0.000    -0.000    19.961    19.961
--- final:
  4         g      21 [3] (9)  8>>6 {+1,-2}
                                 4.423     1.592     2.045     5.126     0.000
  5         g      21 [3] (10)  7>>7 {+3,-4}
                                -0.053     0.088     0.018     0.104     0.000
  6         g      21 [3] (11)  4>>8 {+5,-1}
                                -6.994    -4.199    -4.463     9.299     0.000
  7         g      21 [3] (14)  5>>5 {+4,-3}
                                 0.171     2.406     1.325     2.752     0.000
  8         g      21 [3] (15)  6>>4 {+2,-5}
                                 2.453     0.113     1.075     2.681     0.000
------------------------------------------------------------------------------
     Sum of momenta:            -3e-05    -2e-05    -3e-05        20        20
------------------------------------------------------------------------------
Step 2 performed by ShowerHandler
--- intermediates:
 11         g      21 [6] (12,13)   {+5,-1}
                                -6.440    -3.866    -4.109     8.841     2.208
--- final:
  9         g      21 [4] (16,17)  15>>13 {+1,-2}
                                 4.072     1.466     1.882     4.814     0.950
 10         g      21 [5] (18,19)  14>>14 {+3,-4}
                                -0.048     0.081     0.017     0.955     0.950
 12         d       1 [11] (28)  >15 {+5}
                                -2.233    -2.519    -1.484     3.693     0.325
 13      dbar      -1 [11] (24)  9> {-1}
                                -4.207    -1.347    -2.625     5.148     0.325
 14         g      21 [7] (20,21)  10>>10 {+4,-3}
                                 0.157     2.215     1.220     2.706     0.950
 15         g      21 [8] (22,23)  12>>9 {+2,-5}
                                 2.258     0.104     0.990     2.645     0.950
------------------------------------------------------------------------------
     Sum of momenta:            -3e-05    -2e-05    -3e-05        20        20
------------------------------------------------------------------------------
Step 3 performed by ClusterHadHandler
--- intermediates:
 16         u       2 [9] (24)   {+1}
                                 2.245     0.484     0.811     2.457     0.325
 17      ubar      -2 [9] (25)   {-2}
                                 1.827     0.982     1.072     2.357     0.325
 18         s       3 [10] (26)   {+3}
                                -0.100    -0.048     0.106     0.476     0.450
 19      sbar      -3 [10] (27)   {-4}
                                 0.052     0.129    -0.089     0.479     0.450
 20         u       2 [14] (27)   {+4}
                                -0.159     1.381     0.493     1.510     0.325
 21      ubar      -2 [14] (26)   {-3}
                                 0.316     0.835     0.727     1.196     0.325
 22         s       3 [15] (25)   {+2}
                                 0.985    -0.073     0.358     1.143     0.450
 23      sbar      -3 [15] (28)   {-5}
                                 1.273     0.177     0.632     1.502     0.450
 24   Cluster      81 [13,16] (31,32)   
                                -1.962    -0.863    -1.814     7.606     7.068
 25   Cluster      81 [17,22] (35,36)   
                                 2.812     0.908     1.429     3.500     1.214
 26   Cluster      81 [18,21] (39,40)   
                                 0.216     0.787     0.833     1.671     1.198
 27   Cluster      81 [19,20] (37,38)   
                                -0.107     1.509     0.404     1.989     1.227
 28   Cluster      81 [12,23] (29,30)   
                                -0.960    -2.341    -0.852     5.195     4.456
 29   Cluster      81 [28] (41,42)   
                                 0.311    -0.802     0.010     2.789     2.653
 30   Cluster      81 [28] (43,44)   
                                -1.270    -1.539    -0.862     2.406     1.030
 31   Cluster      81 [24] (33,34)   
                                 0.285    -0.133    -0.385     4.619     4.592
 32   Cluster      81 [24] (45,46)   
                                -2.247    -0.730    -1.429     2.987     1.140
 33   Cluster      81 [31] (47,48)   
                                 1.601     0.310     0.490     2.846     2.280
 34   Cluster      81 [31] (49,50)   
                                -1.316    -0.443    -0.875     1.773     0.670
--- final:
 35       pi-    -211 [25]    
                                 2.072     0.563     0.599     2.233     0.140
 36     Kbar0    -311 [25] (51)   
                                 0.740     0.345     0.830     1.267     0.498
 37       K*0     313 [27] (52,53)   
                                -0.120     1.196     0.509     1.630     0.977
 38       pi+     211 [27]    
                                 0.013     0.314    -0.105     0.359     0.140
 39     Kbar0    -311 [26] (54)   
                                 0.382     0.197     0.038     0.658     0.498
 40       pi-    -211 [26]    
                                -0.166     0.590     0.795     1.013     0.140
 41        K+     321 [29]    
                                 0.200    -0.907    -0.938     1.410     0.494
 42      a_1-  -20213 [29] (57,58)   
                                 0.111     0.105     0.948     1.380     0.990
 43       pi-    -211 [30]    
                                -0.920    -0.732    -0.027     1.184     0.140
 44       pi+     211 [30]    
                                -0.350    -0.807    -0.835     1.221     0.140
 45      rho+     213 [32] (65,66)   
                                -1.249    -0.443    -1.192     1.913     0.696
 46       pi0     111 [32] (69,70)   
                                -0.998    -0.287    -0.237     1.074     0.135
 47      rho+     213 [33] (71,72)   
                                 0.529     0.274    -0.591     1.141     0.773
 48      rho-    -213 [33] (75,76)   
                                 1.072     0.036     1.081     1.705     0.766
 49       pi-    -211 [34]    
                                -0.058     0.069    -0.164     0.233     0.140
 50       pi+     211 [34]    
                                -1.258    -0.512    -0.711     1.540     0.140
------------------------------------------------------------------------------
     Sum of momenta:            -3e-05    -2e-05    -3e-05        20        20
------------------------------------------------------------------------------
Step 4 performed by DecayHandler
--- intermediates:
 54      K_S0     310 [39] (55,56)   
                                 0.382     0.197     0.038     0.658     0.498
 57      rho-    -213 [42] (59,60)   
                                 0.283     0.070     0.649     1.007     0.713
 58       pi0     111 [42] (63,64)   
                                -0.172     0.035     0.300     0.373     0.135
 59       pi0     111 [57] (61,62)   
                                 0.445     0.060     0.638     0.792     0.135
 65       pi0     111 [45] (67,68)   
                                -0.321     0.158    -0.323     0.501     0.135
 71       pi0     111 [47] (73,74)   
                                 0.332    -0.223    -0.289     0.512     0.135
 75       pi0     111 [48] (77,78)   
                                 0.376     0.306     0.680     0.846     0.135
--- final:
 35       pi-    -211 [25]    
                                 2.072     0.563     0.599     2.233     0.140
 38       pi+     211 [27]    
                                 0.013     0.314    -0.105     0.359     0.140
 40       pi-    -211 [26]    
                                -0.166     0.590     0.795     1.013     0.140
 41        K+     321 [29]    
                                 0.200    -0.907    -0.938     1.410     0.494
 43       pi-    -211 [30]    
                                -0.920    -0.732    -0.027     1.184     0.140
 44       pi+     211 [30]    
                                -0.350    -0.807    -0.835     1.221     0.140
 49       pi-    -211 [34]    
                                -0.058     0.069    -0.164     0.233     0.140
 50       pi+     211 [34]    
                                -1.258    -0.512    -0.711     1.540     0.140
 51      K_L0     130 [36]    
                                 0.740     0.345     0.830     1.267     0.498
 52        K+     321 [37]    
                                -0.113     0.563    -0.071     0.761     0.494
 53       pi-    -211 [37]    
                                -0.007     0.633     0.580     0.869     0.140
 55       pi+     211 [54]    
                                 0.079     0.218     0.146     0.308     0.140
 56       pi-    -211 [54]    
                                 0.302    -0.022    -0.108     0.351     0.140
 60       pi-    -211 [57]    
                                -0.163     0.010     0.010     0.215     0.140
 61     gamma      22 [59]    
                                 0.128    -0.002     0.093     0.158     0.000
 62     gamma      22 [59]    
                                 0.317     0.062     0.545     0.634     0.000
 63     gamma      22 [58]    
                                -0.099     0.084     0.143     0.193     0.000
 64     gamma      22 [58]    
                                -0.073    -0.049     0.157     0.180     0.000
 66       pi+     211 [45]    
                                -0.928    -0.601    -0.868     1.413     0.140
 67     gamma      22 [65]    
                                -0.040     0.069    -0.115     0.140     0.000
 68     gamma      22 [65]    
                                -0.281     0.089    -0.208     0.361     0.000
 69     gamma      22 [46]    
                                -0.253    -0.080    -0.121     0.292     0.000
 70     gamma      22 [46]    
                                -0.745    -0.206    -0.115     0.782     0.000
 72       pi+     211 [47]    
                                 0.197     0.497    -0.302     0.630     0.140
 73     gamma      22 [71]    
                                 0.023    -0.009     0.014     0.028     0.000
 74     gamma      22 [71]    
                                 0.309    -0.214    -0.304     0.483     0.000
 76       pi-    -211 [48]    
                                 0.696    -0.270     0.401     0.859     0.140
 77     gamma      22 [75]    
                                 0.035     0.002     0.012     0.037     0.000
 78     gamma      22 [75]    
                                 0.342     0.304     0.668     0.809     0.000
------------------------------------------------------------------------------
     Sum of momenta:            -3e-05    -2e-05    -3e-05        20        20

The following exception classes were reported in this run:
ThePEG::EventHandler::ConsistencyException warning (1 times)
ThePEG::LesHouchesReader::LesHouchesReopenWarning warning (1 times)
