>>>>>>>>>>>>>>>>>>>>>>>>>>>>>>>>>>>>>>>>>>>>>>>>>>>>>>>>>>>>>>>>>>>>>>>>>>>>>>
>>>> Toolkit for HEP Event Generation - ThePEG 2.2.0 <<<<<<<<<<<<<<<<<<<<<<<<<
>>>> Tue Jun 30 00:55:42 2020                                             <<<<
<<<<<<<<<<<<<<<<<<<<<<<<<<<<<<<<<<<<<<<<<<<<<<<<<<<<<<<<<<<<<<<<<<<<<<<<<<<<<<

>> Herwig 7.2.0 / ThePEG 2.2.0

/Herwig/EventHandlers/NoCuts:
MHat  = 2 .. 30.4627 GeV
Scale = 0 .. 1e+12 GeV2
YHat  = -100 .. 100
X1    = 0 .. 1
X2    = 0 .. 1

* A warning exception of type ThePEG::LesHouchesReader::LesHouchesReopenWarning occurred while generating event number 1: 
Reopening LesHouchesReader 'myReader' after accessing 2 events out of 1
* A warning exception of type ThePEG::EventHandler::ConsistencyException occurred while generating event number 1: 
Event handler 'myLesHouchesHandler' found energy-momentum non-conservation by (-2e-05,-2e-05,-2e-05;1.99996e-05) GeV after generating step number 4.

******************************************************************************
Event number 1 (id: ./OUTPUT/0.95MB1.05/1512495814/TMP/Cluster_HERWIGOutput_38) performed by myLesHouchesHandler
Weight: 1
==============================================================================

--- Colliding particles:
  1        e-      11  (3)   
                                 7.616     0.000     0.000     7.616     0.000
  2        e+     -11  (3)   
                                -7.616     0.000     0.000     7.616     0.000
------------------------------------------------------------------------------
Primary sub-process performed by myReader
--- incoming:
  1        e-      11  (3)   
                                 7.616     0.000     0.000     7.616     0.000
  2        e+     -11  (3)   
                                -7.616     0.000     0.000     7.616     0.000
--- intermediates:
  3     gamma      22 [1,2] (4..7)   
                                 0.000     0.000     0.000    15.231    15.231
--- outgoing:
  4         g      21 [3] (8)  5>>5 {+1,-2}
                                -0.599    -0.276    -0.173     0.682     0.000
  5         g      21 [3] (9)  4>>4 {+2,-1}
                                -1.044     3.307    -4.976     6.065     0.000
  6         g      21 [3] (10)  7>>7 {+3,-4}
                                -0.136    -3.361     0.380     3.385     0.000
  7         g      21 [3] (11)  6>>6 {+4,-3}
                                 1.779     0.330     4.768     5.100     0.000
------------------------------------------------------------------------------
Step 1 performed by myLesHouchesHandler
--- intermediates:
  1        e-      11  (3)   
                                 7.616     0.000     0.000     7.616     0.000
  2        e+     -11  (3)   
                                -7.616     0.000     0.000     7.616     0.000
  3     gamma      22 [1,2] (4..7)   
                                 0.000     0.000     0.000    15.231    15.231
--- final:
  4         g      21 [3] (8)  5>>5 {+1,-2}
                                -0.599    -0.276    -0.173     0.682     0.000
  5         g      21 [3] (9)  4>>4 {+2,-1}
                                -1.044     3.307    -4.976     6.065     0.000
  6         g      21 [3] (10)  7>>7 {+3,-4}
                                -0.136    -3.361     0.380     3.385     0.000
  7         g      21 [3] (11)  6>>6 {+4,-3}
                                 1.779     0.330     4.768     5.100     0.000
------------------------------------------------------------------------------
     Sum of momenta:            -2e-05    -2e-05    -2e-05      15.2      15.2
------------------------------------------------------------------------------
Step 2 performed by ShowerHandler
--- final:
  8         g      21 [4] (12,13)  9>>9 {+1,-2}
                                -0.567    -0.262    -0.163     1.149     0.950
  9         g      21 [5] (14,15)  8>>8 {+2,-1}
                                -0.988     3.131    -4.711     5.820     0.950
 10         g      21 [6] (16,17)  11>>11 {+3,-4}
                                -0.129    -3.182     0.360     3.342     0.950
 11         g      21 [7] (18,19)  10>>10 {+4,-3}
                                 1.685     0.313     4.514     4.921     0.950
------------------------------------------------------------------------------
     Sum of momenta:            -2e-05    -2e-05    -2e-05      15.2      15.2
------------------------------------------------------------------------------
Step 3 performed by ClusterHadHandler
--- intermediates:
 12         u       2 [8] (20)   {+1}
                                -0.183     0.211    -0.162     0.458     0.325
 13      ubar      -2 [8] (21)   {-2}
                                -0.384    -0.473    -0.002     0.691     0.325
 14         s       3 [9] (21)   {+2}
                                -0.346     1.258    -1.722     2.207     0.450
 15      sbar      -3 [9] (20)   {-1}
                                -0.642     1.873    -2.989     3.613     0.450
 16         u       2 [10] (22)   {+3}
                                -0.134    -1.797    -0.136     1.836     0.325
 17      ubar      -2 [10] (23)   {-4}
                                 0.005    -1.384     0.496     1.506     0.325
 18         u       2 [11] (23)   {+4}
                                 0.233     0.141     0.643     0.770     0.325
 19      ubar      -2 [11] (22)   {-3}
                                 1.452     0.171     3.871     4.151     0.325
 20   Cluster      81 [12,15] (28,29)   
                                -0.825     2.084    -3.151     4.071     1.275
 21   Cluster      81 [13,14] (26,27)   
                                -0.731     0.785    -1.723     2.897     2.067
 22   Cluster      81 [16,19] (24,25)   
                                 1.318    -1.626     3.735     5.987     4.185
 23   Cluster      81 [17,18] (30,31)   
                                 0.238    -1.243     1.139     2.276     1.511
 24   Cluster      81 [22] (32,33)   
                                -0.025    -1.072     0.065     1.259     0.657
 25   Cluster      81 [22] (34,35)   
                                 1.343    -0.554     3.670     4.728     2.602
--- final:
 26     pbar-   -2212 [21]    
                                -0.276     0.256    -0.807     1.294     0.938
 27   Lambda0    3122 [21] (36,37)   
                                -0.455     0.529    -0.916     1.603     1.116
 28       pi+     211 [20]    
                                -0.131     0.241     0.017     0.308     0.140
 29        K0     311 [20] (38)   
                                -0.694     1.843    -3.168     3.763     0.498
 30       pi-    -211 [23]    
                                -0.069    -0.353     0.258     0.464     0.140
 31      a_1+   20213 [23] (39,40)   
                                 0.307    -0.890     0.881     1.812     1.273
 32       pi+     211 [24]    
                                -0.190    -0.490    -0.207     0.581     0.140
 33       pi-    -211 [24]    
                                 0.164    -0.582     0.272     0.678     0.140
 34      rho-    -213 [25] (47,48)   
                                 0.350     0.387     0.511     1.055     0.762
 35      a_2+     215 [25] (51,52)   
                                 0.993    -0.941     3.159     3.672     1.278
------------------------------------------------------------------------------
     Sum of momenta:            -2e-05    -2e-05    -2e-05      15.2      15.2
------------------------------------------------------------------------------
Step 4 performed by DecayHandler
--- intermediates:
 39      rho+     213 [31] (41,42)   
                                 0.094    -0.106     0.680     0.964     0.669
 40       pi0     111 [31] (45,46)   
                                 0.213    -0.784     0.201     0.848     0.135
 41       pi0     111 [39] (43,44)   
                                 0.143     0.026     0.733     0.759     0.135
 47       pi0     111 [34] (49,50)   
                                 0.369     0.435     0.633     0.863     0.135
 51      rho0     113 [35] (53,54)   
                                 0.871    -1.029     3.084     3.454     0.776
--- final:
 26     pbar-   -2212 [21]    
                                -0.276     0.256    -0.807     1.294     0.938
 28       pi+     211 [20]    
                                -0.131     0.241     0.017     0.308     0.140
 30       pi-    -211 [23]    
                                -0.069    -0.353     0.258     0.464     0.140
 32       pi+     211 [24]    
                                -0.190    -0.490    -0.207     0.581     0.140
 33       pi-    -211 [24]    
                                 0.164    -0.582     0.272     0.678     0.140
 36        p+    2212 [27]    
                                -0.378     0.364    -0.831     1.359     0.938
 37       pi-    -211 [27]    
                                -0.078     0.165    -0.085     0.245     0.140
 38      K_L0     130 [29]    
                                -0.694     1.843    -3.168     3.763     0.498
 42       pi+     211 [39]    
                                -0.049    -0.132    -0.053     0.205     0.140
 43     gamma      22 [41]    
                                -0.002    -0.036     0.081     0.089     0.000
 44     gamma      22 [41]    
                                 0.144     0.062     0.652     0.670     0.000
 45     gamma      22 [40]    
                                 0.181    -0.474     0.167     0.534     0.000
 46     gamma      22 [40]    
                                 0.032    -0.310     0.034     0.314     0.000
 48       pi-    -211 [34]    
                                -0.019    -0.047    -0.122     0.193     0.140
 49     gamma      22 [47]    
                                 0.021    -0.006     0.044     0.049     0.000
 50     gamma      22 [47]    
                                 0.348     0.440     0.590     0.814     0.000
 52       pi+     211 [35]    
                                 0.122     0.088     0.076     0.219     0.140
 53       pi+     211 [51]    
                                 0.805    -0.456     2.182     2.374     0.140
 54       pi-    -211 [51]    
                                 0.066    -0.573     0.901     1.079     0.140
------------------------------------------------------------------------------
     Sum of momenta:            -2e-05    -2e-05    -2e-05      15.2      15.2

The following exception classes were reported in this run:
ThePEG::EventHandler::ConsistencyException warning (1 times)
ThePEG::LesHouchesReader::LesHouchesReopenWarning warning (1 times)
