>>>>>>>>>>>>>>>>>>>>>>>>>>>>>>>>>>>>>>>>>>>>>>>>>>>>>>>>>>>>>>>>>>>>>>>>>>>>>>
>>>> Toolkit for HEP Event Generation - ThePEG 2.2.0 <<<<<<<<<<<<<<<<<<<<<<<<<
>>>> Tue Jun 30 00:40:05 2020                                             <<<<
<<<<<<<<<<<<<<<<<<<<<<<<<<<<<<<<<<<<<<<<<<<<<<<<<<<<<<<<<<<<<<<<<<<<<<<<<<<<<<

>> Herwig 7.2.0 / ThePEG 2.2.0

/Herwig/EventHandlers/NoCuts:
MHat  = 2 .. 54.3732 GeV
Scale = 0 .. 1e+12 GeV2
YHat  = -100 .. 100
X1    = 0 .. 1
X2    = 0 .. 1

* A warning exception of type ThePEG::LesHouchesReader::LesHouchesReopenWarning occurred while generating event number 1: 
Reopening LesHouchesReader 'myReader' after accessing 2 events out of 1
* A warning exception of type ThePEG::EventHandler::ConsistencyException occurred while generating event number 1: 
Event handler 'myLesHouchesHandler' found energy-momentum non-conservation by (-1e-05,-3e-05,-2e-05;9.99791e-06) GeV after generating step number 4.

******************************************************************************
Event number 1 (id: ./OUTPUT/0.95MB1.05/1511299816/TMP/Cluster_HERWIGOutput_30) performed by myLesHouchesHandler
Weight: 1
==============================================================================

--- Colliding particles:
  1        e-      11  (3)   
                                13.593     0.000     0.000    13.593     0.000
  2        e+     -11  (3)   
                               -13.593     0.000     0.000    13.593     0.000
------------------------------------------------------------------------------
Primary sub-process performed by myReader
--- incoming:
  1        e-      11  (3)   
                                13.593     0.000     0.000    13.593     0.000
  2        e+     -11  (3)   
                               -13.593     0.000     0.000    13.593     0.000
--- intermediates:
  3     gamma      22 [1,2] (4..7)   
                                -0.000     0.000    -0.000    27.187    27.187
--- outgoing:
  4         g      21 [3] (8)  7>>5 {+1,-2}
                                -2.714     2.287   -10.194    10.794     0.000
  5         g      21 [3] (11)  4>>6 {+3,-1}
                                -2.721     0.672     0.120     2.805     0.000
  6         g      21 [3] (12)  5>>7 {+4,-3}
                                 3.589     1.794     4.709     6.187     0.000
  7         g      21 [3] (13)  6>>4 {+2,-4}
                                 1.846    -4.753     5.364     7.401     0.000
------------------------------------------------------------------------------
Step 1 performed by myLesHouchesHandler
--- intermediates:
  1        e-      11  (3)   
                                13.593     0.000     0.000    13.593     0.000
  2        e+     -11  (3)   
                               -13.593     0.000     0.000    13.593     0.000
  3     gamma      22 [1,2] (4..7)   
                                -0.000     0.000    -0.000    27.187    27.187
--- final:
  4         g      21 [3] (8)  7>>5 {+1,-2}
                                -2.714     2.287   -10.194    10.794     0.000
  5         g      21 [3] (11)  4>>6 {+3,-1}
                                -2.721     0.672     0.120     2.805     0.000
  6         g      21 [3] (12)  5>>7 {+4,-3}
                                 3.589     1.794     4.709     6.187     0.000
  7         g      21 [3] (13)  6>>4 {+2,-4}
                                 1.846    -4.753     5.364     7.401     0.000
------------------------------------------------------------------------------
     Sum of momenta:            -2e-05    -3e-05    -2e-05      27.2      27.2
------------------------------------------------------------------------------
Step 2 performed by ShowerHandler
--- intermediates:
  8         g      21 [4] (9,10)   {+1,-2}
                                -2.496     2.104    -9.376    10.999     4.735
 13         g      21 [7] (14,15)   {+2,-4}
                                 1.698    -4.372     4.933     7.669     3.534
--- final:
  9         d       1 [8] (20)  >11 {+1}
                                 0.651     2.406    -3.368     4.203     0.325
 10      dbar      -1 [8] (22)  14> {-2}
                                -3.146    -0.302    -6.007     6.796     0.325
 11         g      21 [5] (16,17)  9>>12 {+3,-1}
                                -2.503     0.618     0.111     2.750     0.950
 12         g      21 [6] (18,19)  11>>15 {+4,-3}
                                 3.301     1.650     4.331     5.769     0.950
 14         d       1 [13] (23)  >10 {+2}
                                 0.197    -0.034     2.373     2.403     0.325
 15      dbar      -1 [13] (21)  12> {-4}
                                 1.501    -4.338     2.561     5.266     0.325
------------------------------------------------------------------------------
     Sum of momenta:            -2e-05    -3e-05    -2e-05      27.2      27.2
------------------------------------------------------------------------------
Step 3 performed by ClusterHadHandler
--- intermediates:
 16         d       1 [11] (22)   {+3}
                                -1.275     0.513     0.346     1.454     0.325
 17      dbar      -1 [11] (20)   {-1}
                                -1.227     0.106    -0.235     1.295     0.325
 18         d       1 [12] (21)   {+4}
                                 2.564     1.101     3.500     4.488     0.325
 19      dbar      -1 [12] (23)   {-3}
                                 0.736     0.549     0.831     1.280     0.325
 20   Cluster      81 [9,17] (30,31)   
                                -0.577     2.512    -3.603     5.498     3.256
 21   Cluster      81 [15,18] (24,25)   
                                 4.066    -3.237     6.061     9.755     5.605
 22   Cluster      81 [10,16] (28,29)   
                                -4.422     0.210    -5.662     8.250     4.052
 23   Cluster      81 [14,19] (32,33)   
                                 0.933     0.514     3.204     3.684     1.473
 24   Cluster      81 [21] (26,27)   
                                 3.457    -2.011     5.077     7.902     4.546
 25   Cluster      81 [21] (34,35)   
                                 0.609    -1.226     0.983     1.853     0.770
 26   Cluster      81 [24] (36,37)   
                                 2.667    -1.347     3.896     5.998     3.445
 27   Cluster      81 [24] (38,39)   
                                 0.790    -0.664     1.181     1.904     1.079
 28   Cluster      81 [22] (40,41)   
                                -1.923     0.299    -1.555     3.164     1.950
 29   Cluster      81 [22] (42,43)   
                                -2.499    -0.088    -4.107     5.087     1.661
--- final:
 30    K*bar0    -313 [20] (44,45)   
                                -0.487     0.823    -2.880     3.155     0.865
 31     K''*0   30313 [20] (46,47)   
                                -0.090     1.689    -0.723     2.343     1.450
 32       pi-    -211 [23]    
                                 0.893     0.534     1.819     2.101     0.140
 33      rho+     213 [23] (52,53)   
                                 0.039    -0.019     1.385     1.583     0.766
 34       eta     221 [25] (56..58)   
                                 0.359    -0.878     0.541     1.222     0.548
 35       pi+     211 [25]    
                                 0.249    -0.347     0.442     0.631     0.140
 36      a_2-    -215 [26] (65,66)   
                                 2.118    -0.039     3.386     4.212     1.336
 37      eta'     331 [26] (69..71)   
                                 0.549    -1.308     0.510     1.786     0.958
 38      rho-    -213 [27] (74,75)   
                                 0.648    -0.472     0.663     1.316     0.806
 39       pi+     211 [27]    
                                 0.142    -0.192     0.519     0.588     0.140
 40       pi-    -211 [28]    
                                -0.899    -0.147    -0.926     1.307     0.140
 41     rho'0  100113 [28] (78,79)   
                                -1.024     0.445    -0.629     1.857     1.344
 42      a_10   20113 [29] (84,85)   
                                -1.952    -0.141    -3.407     4.186     1.444
 43       pi+     211 [29]    
                                -0.547     0.053    -0.699     0.900     0.140
------------------------------------------------------------------------------
     Sum of momenta:            -2e-05    -3e-05    -2e-05      27.2      27.2
------------------------------------------------------------------------------
Step 4 performed by DecayHandler
--- intermediates:
 46      rho-    -213 [31] (48,49)   
                                -0.469     0.387    -0.337     0.848     0.486
 48       pi0     111 [46] (50,51)   
                                -0.370     0.213    -0.396     0.597     0.135
 52       pi0     111 [33] (54,55)   
                                -0.177     0.276     0.471     0.589     0.135
 56       pi0     111 [34] (59,60)   
                                 0.141    -0.276     0.138     0.365     0.135
 57       pi0     111 [34] (61,62)   
                                 0.010    -0.126     0.224     0.291     0.135
 58       pi0     111 [34] (63,64)   
                                 0.209    -0.476     0.179     0.566     0.135
 65      rho0     113 [36] (67,68)   
                                 1.199     0.391     1.779     2.306     0.750
 71       eta     221 [37] (72,73)   
                                 0.255    -1.070     0.365     1.282     0.548
 74       pi0     111 [38] (76,77)   
                                 0.458    -0.129    -0.044     0.496     0.135
 78      rho0     113 [41] (80,81)   
                                -1.150     0.233    -0.433     1.393     0.614
 79     sigma 9000221 [41] (82,83)   
                                 0.126     0.212    -0.196     0.464     0.340
 84      rho+     213 [42] (86,87)   
                                -1.864    -0.198    -2.702     3.460     1.074
 87       pi0     111 [84] (88,89)   
                                -0.475    -0.460    -1.295     1.460     0.135
--- final:
 32       pi-    -211 [23]    
                                 0.893     0.534     1.819     2.101     0.140
 35       pi+     211 [25]    
                                 0.249    -0.347     0.442     0.631     0.140
 39       pi+     211 [27]    
                                 0.142    -0.192     0.519     0.588     0.140
 40       pi-    -211 [28]    
                                -0.899    -0.147    -0.926     1.307     0.140
 43       pi+     211 [29]    
                                -0.547     0.053    -0.699     0.900     0.140
 44        K-    -321 [30]    
                                -0.227     0.816    -2.001     2.228     0.494
 45       pi+     211 [30]    
                                -0.260     0.007    -0.879     0.927     0.140
 47        K+     321 [31]    
                                 0.380     1.302    -0.386     1.494     0.494
 49       pi-    -211 [46]    
                                -0.100     0.173     0.059     0.251     0.140
 50     gamma      22 [48]    
                                -0.370     0.183    -0.344     0.538     0.000
 51     gamma      22 [48]    
                                 0.001     0.030    -0.051     0.060     0.000
 53       pi+     211 [33]    
                                 0.216    -0.295     0.913     0.994     0.140
 54     gamma      22 [52]    
                                -0.174     0.171     0.375     0.448     0.000
 55     gamma      22 [52]    
                                -0.003     0.104     0.096     0.142     0.000
 59     gamma      22 [56]    
                                -0.022    -0.065     0.011     0.069     0.000
 60     gamma      22 [56]    
                                 0.163    -0.211     0.127     0.295     0.000
 61     gamma      22 [57]    
                                -0.031    -0.077     0.209     0.225     0.000
 62     gamma      22 [57]    
                                 0.041    -0.049     0.015     0.066     0.000
 63     gamma      22 [58]    
                                 0.134    -0.411     0.176     0.467     0.000
 64     gamma      22 [58]    
                                 0.075    -0.065     0.003     0.100     0.000
 66       pi-    -211 [36]    
                                 0.920    -0.430     1.607     1.906     0.140
 67       pi+     211 [65]    
                                 0.268     0.087     0.056     0.319     0.140
 68       pi-    -211 [65]    
                                 0.931     0.303     1.723     1.987     0.140
 69       pi+     211 [37]    
                                 0.114    -0.150     0.105     0.257     0.140
 70       pi-    -211 [37]    
                                 0.179    -0.088     0.039     0.247     0.140
 72     gamma      22 [71]    
                                -0.083     0.022     0.033     0.091     0.000
 73     gamma      22 [71]    
                                 0.337    -1.092     0.333     1.190     0.000
 75       pi-    -211 [38]    
                                 0.191    -0.343     0.706     0.820     0.140
 76     gamma      22 [74]    
                                 0.015    -0.002     0.026     0.031     0.000
 77     gamma      22 [74]    
                                 0.442    -0.127    -0.070     0.465     0.000
 80       pi+     211 [78]    
                                -0.671     0.381    -0.141     0.797     0.140
 81       pi-    -211 [78]    
                                -0.479    -0.147    -0.292     0.596     0.140
 82       pi+     211 [79]    
                                 0.101     0.202    -0.071     0.275     0.140
 83       pi-    -211 [79]    
                                 0.025     0.010    -0.125     0.189     0.140
 85       pi-    -211 [42]    
                                -0.087     0.057    -0.705     0.726     0.140
 86       pi+     211 [84]    
                                -1.390     0.261    -1.407     2.000     0.140
 88     gamma      22 [87]    
                                -0.341    -0.396    -0.942     1.078     0.000
 89     gamma      22 [87]    
                                -0.134    -0.063    -0.353     0.383     0.000
------------------------------------------------------------------------------
     Sum of momenta:            -2e-05    -3e-05    -2e-05      27.2      27.2

The following exception classes were reported in this run:
ThePEG::EventHandler::ConsistencyException warning (1 times)
ThePEG::LesHouchesReader::LesHouchesReopenWarning warning (1 times)
