>>>>>>>>>>>>>>>>>>>>>>>>>>>>>>>>>>>>>>>>>>>>>>>>>>>>>>>>>>>>>>>>>>>>>>>>>>>>>>
>>>> Toolkit for HEP Event Generation - ThePEG 2.2.0 <<<<<<<<<<<<<<<<<<<<<<<<<
>>>> Tue Jun 30 00:45:24 2020                                             <<<<
<<<<<<<<<<<<<<<<<<<<<<<<<<<<<<<<<<<<<<<<<<<<<<<<<<<<<<<<<<<<<<<<<<<<<<<<<<<<<<

>> Herwig 7.2.0 / ThePEG 2.2.0

/Herwig/EventHandlers/NoCuts:
MHat  = 2 .. 35.4344 GeV
Scale = 0 .. 1e+12 GeV2
YHat  = -100 .. 100
X1    = 0 .. 1
X2    = 0 .. 1

* A warning exception of type ThePEG::LesHouchesReader::LesHouchesReopenWarning occurred while generating event number 1: 
Reopening LesHouchesReader 'myReader' after accessing 2 events out of 1
* A warning exception of type ThePEG::EventHandler::ConsistencyException occurred while generating event number 1: 
Event handler 'myLesHouchesHandler' found energy-momentum non-conservation by (-1e-05,-3e-05,-2e-05;9.99938e-06) GeV after generating step number 4.

******************************************************************************
Event number 1 (id: ./OUTPUT/0.95MB1.05/1512750994/TMP/Cluster_HERWIGOutput_37) performed by myLesHouchesHandler
Weight: 1
==============================================================================

--- Colliding particles:
  1        e-      11  (3)   
                                 8.859     0.000    -0.000     8.859     0.000
  2        e+     -11  (3)   
                                -8.859     0.000     0.000     8.859     0.000
------------------------------------------------------------------------------
Primary sub-process performed by myReader
--- incoming:
  1        e-      11  (3)   
                                 8.859     0.000    -0.000     8.859     0.000
  2        e+     -11  (3)   
                                -8.859     0.000     0.000     8.859     0.000
--- intermediates:
  3     gamma      22 [1,2] (4..8)   
                                -0.000     0.000     0.000    17.717    17.717
--- outgoing:
  4         g      21 [3] (9)  6>>7 {+1,-2}
                                -1.964     3.352     1.872     4.312     0.000
  5         g      21 [3] (12)  8>>6 {+3,-4}
                                -2.108    -0.535     0.850     2.335     0.000
  6         g      21 [3] (13)  5>>4 {+2,-3}
                                -0.114    -0.763    -4.589     4.654     0.000
  7         g      21 [3] (14)  4>>8 {+5,-1}
                                 3.575    -1.111    -0.517     3.779     0.000
  8         g      21 [3] (17)  7>>5 {+4,-5}
                                 0.611    -0.943     2.385     2.637     0.000
------------------------------------------------------------------------------
Step 1 performed by myLesHouchesHandler
--- intermediates:
  1        e-      11  (3)   
                                 8.859     0.000    -0.000     8.859     0.000
  2        e+     -11  (3)   
                                -8.859     0.000     0.000     8.859     0.000
  3     gamma      22 [1,2] (4..8)   
                                -0.000     0.000     0.000    17.717    17.717
--- final:
  4         g      21 [3] (9)  6>>7 {+1,-2}
                                -1.964     3.352     1.872     4.312     0.000
  5         g      21 [3] (12)  8>>6 {+3,-4}
                                -2.108    -0.535     0.850     2.335     0.000
  6         g      21 [3] (13)  5>>4 {+2,-3}
                                -0.114    -0.763    -4.589     4.654     0.000
  7         g      21 [3] (14)  4>>8 {+5,-1}
                                 3.575    -1.111    -0.517     3.779     0.000
  8         g      21 [3] (17)  7>>5 {+4,-5}
                                 0.611    -0.943     2.385     2.637     0.000
------------------------------------------------------------------------------
     Sum of momenta:            -2e-05    -3e-05    -2e-05      17.7      17.7
------------------------------------------------------------------------------
Step 2 performed by ShowerHandler
--- intermediates:
  9         g      21 [4] (10,11)   {+1,-2}
                                -1.521     2.596     1.449     4.916     3.608
 14         g      21 [7] (15,16)   {+5,-1}
                                 2.769    -0.860    -0.400     4.779     3.778
--- final:
 10         g      21 [9] (24,25)  13>>11 {+6,-2}
                                -0.459     0.589    -0.905     1.510     0.950
 11         g      21 [9] (26,27)  10>>16 {+1,-6}
                                -1.061     2.006     2.355     3.406     0.950
 12         g      21 [5] (18,19)  17>>13 {+3,-4}
                                -1.633    -0.414     0.658     2.043     0.950
 13         g      21 [6] (20,21)  12>>10 {+2,-3}
                                -0.088    -0.591    -3.554     3.727     0.950
 15         g      21 [14] (28,29)  16>>17 {+5,-7}
                                 1.310     0.086     1.370     2.122     0.950
 16         g      21 [14] (30,31)  11>>15 {+7,-1}
                                 1.458    -0.946    -1.771     2.657     0.950
 17         g      21 [8] (22,23)  15>>12 {+4,-5}
                                 0.473    -0.730     1.847     2.252     0.950
------------------------------------------------------------------------------
     Sum of momenta:            -2e-05    -3e-05    -2e-05      17.7      17.7
------------------------------------------------------------------------------
Step 3 performed by ClusterHadHandler
--- intermediates:
 18         d       1 [12] (37)   {+3}
                                -0.362    -0.267    -0.027     0.556     0.325
 19      dbar      -1 [12] (36)   {-4}
                                -1.271    -0.147     0.685     1.487     0.325
 20         u       2 [13] (32)   {+2}
                                -0.201    -0.006    -0.747     0.839     0.325
 21      ubar      -2 [13] (38)   {-3}
                                 0.113    -0.585    -2.807     2.888     0.325
 22         u       2 [17] (36)   {+4}
                                 0.332    -0.777     1.510     1.761     0.325
 23      ubar      -2 [17] (33)   {-5}
                                 0.141     0.047     0.337     0.492     0.325
 24         s       3 [10] (34)   {+6}
                                -0.390     0.281    -0.507     0.831     0.450
 25      sbar      -3 [10] (32)   {-2}
                                -0.069     0.308    -0.398     0.679     0.450
 26         u       2 [11] (35)   {+1}
                                -0.139     0.547     0.347     0.738     0.325
 27      ubar      -2 [11] (34)   {-6}
                                -0.923     1.460     2.008     2.668     0.325
 28         u       2 [15] (33)   {+5}
                                 0.135    -0.135     0.256     0.455     0.325
 29      ubar      -2 [15] (37)   {-7}
                                 1.175     0.221     1.115     1.667     0.325
 30         d       1 [16] (38)   {+7}
                                 0.712    -0.192    -1.088     1.354     0.325
 31      dbar      -1 [16] (35)   {-1}
                                 0.747    -0.755    -0.683     1.303     0.325
 32   Cluster      81 [20,25] (45,46)   
                                -0.270     0.302    -1.146     1.518     0.910
 33   Cluster      81 [23,28] (43,44)   
                                 0.276    -0.088     0.593     0.947     0.679
 34   Cluster      81 [24,27] (51,52)   
                                -1.313     1.741     1.501     3.500     2.289
 35   Cluster      81 [26,31] (47,48)   
                                 0.608    -0.208    -0.336     2.041     1.908
 36   Cluster      81 [19,22] (39,40)   
                                -0.939    -0.924     2.195     3.248     1.999
 37   Cluster      81 [18,29] (49,50)   
                                 0.813    -0.046     1.088     2.222     1.759
 38   Cluster      81 [21,30] (41,42)   
                                 0.824    -0.777    -3.895     4.241     1.240
--- final:
 39       pi0     111 [36] (53..55)   
                                -0.372    -0.471     0.139     0.631     0.135
 40     rho'+  100213 [36] (56,57)   
                                -0.567    -0.453     2.056     2.617     1.447
 41       f_0 9010221 [38] (60,61)   
                                 0.832    -0.434    -2.883     3.164     0.905
 42       pi-    -211 [38]    
                                -0.008    -0.343    -1.011     1.077     0.140
 43       pi-    -211 [33]    
                                 0.271     0.145     0.585     0.675     0.140
 44       pi+     211 [33]    
                                 0.005    -0.233     0.008     0.272     0.140
 45       pi0     111 [32] (62,63)   
                                -0.351    -0.037    -0.322     0.497     0.135
 46        K+     321 [32]    
                                 0.081     0.340    -0.823     1.022     0.494
 47        p+    2212 [35]    
                                 0.377    -0.101    -0.328     1.068     0.938
 48     nbar0   -2112 [35]    
                                 0.231    -0.107    -0.008     0.973     0.940
 49       eta     221 [37] (64,65)   
                                 1.196     0.251     1.076     1.718     0.548
 50       pi-    -211 [37]    
                                -0.383    -0.297     0.012     0.505     0.140
 51    K*bar0    -313 [34] (66,67)   
                                -0.442     1.108     0.610     1.590     0.857
 52      a_2-    -215 [34] (68,69)   
                                -0.871     0.633     0.891     1.909     1.301
------------------------------------------------------------------------------
     Sum of momenta:            -2e-05    -3e-05    -2e-05      17.7      17.7
------------------------------------------------------------------------------
Step 4 performed by DecayHandler
--- intermediates:
 56       pi0     111 [40] (58,59)   
                                 0.065    -0.616     0.233     0.675     0.135
 68     omega     223 [52] (70,71)   
                                -0.587     0.555     0.578     1.271     0.793
 69      rho-    -213 [52] (76,77)   
                                -0.284     0.078     0.313     0.638     0.472
 70      rho0     113 [68] (72,73)   
                                -0.479     0.517     0.406     1.024     0.622
 71       pi0     111 [68] (74,75)   
                                -0.108     0.037     0.172     0.247     0.135
 76       pi0     111 [69] (78,79)   
                                -0.002    -0.121     0.132     0.224     0.135
--- final:
 42       pi-    -211 [38]    
                                -0.008    -0.343    -1.011     1.077     0.140
 43       pi-    -211 [33]    
                                 0.271     0.145     0.585     0.675     0.140
 44       pi+     211 [33]    
                                 0.005    -0.233     0.008     0.272     0.140
 46        K+     321 [32]    
                                 0.081     0.340    -0.823     1.022     0.494
 47        p+    2212 [35]    
                                 0.377    -0.101    -0.328     1.068     0.938
 48     nbar0   -2112 [35]    
                                 0.231    -0.107    -0.008     0.973     0.940
 50       pi-    -211 [37]    
                                -0.383    -0.297     0.012     0.505     0.140
 53     gamma      22 [39]    
                                -0.170    -0.315     0.106     0.373     0.000
 54        e-      11 [39]    
                                -0.070    -0.054     0.012     0.090     0.001
 55        e+     -11 [39]    
                                -0.132    -0.102     0.021     0.168     0.001
 57       pi+     211 [40]    
                                -0.632     0.163     1.824     1.942     0.140
 58     gamma      22 [56]    
                                -0.032    -0.122     0.016     0.127     0.000
 59     gamma      22 [56]    
                                 0.097    -0.494     0.217     0.548     0.000
 60       pi+     211 [41]    
                                 0.482    -0.685    -1.817     2.005     0.140
 61       pi-    -211 [41]    
                                 0.350     0.252    -1.067     1.159     0.140
 62     gamma      22 [45]    
                                -0.259    -0.047    -0.304     0.402     0.000
 63     gamma      22 [45]    
                                -0.092     0.010    -0.018     0.094     0.000
 64     gamma      22 [49]    
                                 0.944     0.381     0.995     1.424     0.000
 65     gamma      22 [49]    
                                 0.252    -0.129     0.081     0.294     0.000
 66        K-    -321 [51]    
                                -0.377     0.601     0.127     0.874     0.494
 67       pi+     211 [51]    
                                -0.065     0.507     0.483     0.717     0.140
 72       pi+     211 [70]    
                                -0.029     0.150     0.372     0.426     0.140
 73       pi-    -211 [70]    
                                -0.449     0.368     0.034     0.598     0.140
 74     gamma      22 [71]    
                                 0.007    -0.027    -0.002     0.028     0.000
 75     gamma      22 [71]    
                                -0.116     0.064     0.175     0.219     0.000
 77       pi-    -211 [69]    
                                -0.282     0.199     0.181     0.414     0.140
 78     gamma      22 [76]    
                                -0.002    -0.144     0.074     0.161     0.000
 79     gamma      22 [76]    
                                 0.000     0.023     0.058     0.063     0.000
------------------------------------------------------------------------------
     Sum of momenta:            -2e-05    -3e-05    -2e-05      17.7      17.7

The following exception classes were reported in this run:
ThePEG::EventHandler::ConsistencyException warning (1 times)
ThePEG::LesHouchesReader::LesHouchesReopenWarning warning (1 times)
