>>>>>>>>>>>>>>>>>>>>>>>>>>>>>>>>>>>>>>>>>>>>>>>>>>>>>>>>>>>>>>>>>>>>>>>>>>>>>>
>>>> Toolkit for HEP Event Generation - ThePEG 2.2.0 <<<<<<<<<<<<<<<<<<<<<<<<<
>>>> Tue Jun 30 00:55:33 2020                                             <<<<
<<<<<<<<<<<<<<<<<<<<<<<<<<<<<<<<<<<<<<<<<<<<<<<<<<<<<<<<<<<<<<<<<<<<<<<<<<<<<<

>> Herwig 7.2.0 / ThePEG 2.2.0

/Herwig/EventHandlers/NoCuts:
MHat  = 2 .. 59.9295 GeV
Scale = 0 .. 1e+12 GeV2
YHat  = -100 .. 100
X1    = 0 .. 1
X2    = 0 .. 1

* A warning exception of type ThePEG::LesHouchesReader::LesHouchesReopenWarning occurred while generating event number 1: 
Reopening LesHouchesReader 'myReader' after accessing 2 events out of 1
* A warning exception of type ThePEG::EventHandler::ConsistencyException occurred while generating event number 1: 
Event handler 'myLesHouchesHandler' found energy-momentum non-conservation by (-2e-05,-2e-05,-1e-05;9.99862e-06) GeV after generating step number 4.

******************************************************************************
Event number 1 (id: ./OUTPUT/0.95MB1.05/1511437604/TMP/Cluster_HERWIGOutput_19) performed by myLesHouchesHandler
Weight: 1
==============================================================================

--- Colliding particles:
  1        e-      11  (3)   
                                14.982     0.000     0.000    14.982     0.000
  2        e+     -11  (3)   
                               -14.982     0.000     0.000    14.982     0.000
------------------------------------------------------------------------------
Primary sub-process performed by myReader
--- incoming:
  1        e-      11  (3)   
                                14.982     0.000     0.000    14.982     0.000
  2        e+     -11  (3)   
                               -14.982     0.000     0.000    14.982     0.000
--- intermediates:
  3     gamma      22 [1,2] (4..7)   
                                 0.000     0.000     0.000    29.965    29.965
--- outgoing:
  4         g      21 [3] (8)  5>>7 {+1,-2}
                                 2.786     3.420    13.162    13.882     0.000
  5         g      21 [3] (13)  6>>4 {+2,-3}
                                -1.914    -1.462    -4.453     5.063     0.000
  6         g      21 [3] (16)  7>>5 {+3,-4}
                                -1.859     0.247     0.108     1.878     0.000
  7         g      21 [3] (17)  4>>6 {+4,-1}
                                 0.987    -2.205    -8.817     9.142     0.000
------------------------------------------------------------------------------
Step 1 performed by myLesHouchesHandler
--- intermediates:
  1        e-      11  (3)   
                                14.982     0.000     0.000    14.982     0.000
  2        e+     -11  (3)   
                               -14.982     0.000     0.000    14.982     0.000
  3     gamma      22 [1,2] (4..7)   
                                 0.000     0.000     0.000    29.965    29.965
--- final:
  4         g      21 [3] (8)  5>>7 {+1,-2}
                                 2.786     3.420    13.162    13.882     0.000
  5         g      21 [3] (13)  6>>4 {+2,-3}
                                -1.914    -1.462    -4.453     5.063     0.000
  6         g      21 [3] (16)  7>>5 {+3,-4}
                                -1.859     0.247     0.108     1.878     0.000
  7         g      21 [3] (17)  4>>6 {+4,-1}
                                 0.987    -2.205    -8.817     9.142     0.000
------------------------------------------------------------------------------
     Sum of momenta:            -3e-05    -2e-05    -1e-05        30        30
------------------------------------------------------------------------------
Step 2 performed by ShowerHandler
--- intermediates:
  8         g      21 [4] (9,12)   {+1,-2}
                                 1.794     2.202     8.473    11.228     6.799
  9         d       1 [8] (10,11)   {+1}
                                 3.399     1.544     2.692     5.184     2.386
 13         g      21 [5] (14,15)   {+2,-3}
                                -1.232    -0.941    -2.867     4.851     3.593
 17         g      21 [7] (18,19)   {+4,-1}
                                 0.635    -1.419    -5.675    12.348    10.856
--- final:
 10         d       1 [9] (30)  >11 {+5}
                                 1.894     1.628     0.949     2.692     0.325
 11         g      21 [9] (22,23)  10>>19 {+1,-5}
                                 1.505    -0.084     1.743     2.493     0.950
 12      dbar      -1 [8] (29)  15> {-2}
                                -1.605     0.658     5.781     6.044     0.325
 14         g      21 [13] (24,25)  16>>15 {+6,-3}
                                -0.203     0.925    -0.287     1.372     0.950
 15         g      21 [13] (26,27)  14>>12 {+2,-6}
                                -1.029    -1.867    -2.580     3.479     0.950
 16         g      21 [6] (20,21)  18>>14 {+3,-4}
                                -1.196     0.159     0.069     1.538     0.950
 18         c       4 [17] (28)  >16 {+4}
                                 3.189     2.563    -5.893     7.350     1.600
 19      cbar      -4 [17] (32)  11> {-1}
                                -2.554    -3.982     0.217     4.998     1.600
------------------------------------------------------------------------------
     Sum of momenta:            -3e-05    -2e-05    -1e-05        30        30
------------------------------------------------------------------------------
Step 3 performed by ClusterHadHandler
--- intermediates:
 20         s       3 [16] (32)   {+3}
                                -0.780     0.061    -0.055     0.904     0.450
 21      sbar      -3 [16] (28)   {-4}
                                -0.416     0.098     0.125     0.633     0.450
 22         u       2 [11] (33)   {+1}
                                 0.490     0.277     0.744     0.988     0.325
 23      ubar      -2 [11] (30)   {-5}
                                 1.014    -0.361     1.000     1.505     0.325
 24         s       3 [14] (31)   {+6}
                                -0.051     0.597    -0.263     0.794     0.450
 25      sbar      -3 [14] (33)   {-3}
                                -0.152     0.328    -0.024     0.578     0.450
 26         s       3 [15] (29)   {+2}
                                -0.638    -1.071    -1.661     2.125     0.450
 27      sbar      -3 [15] (31)   {-6}
                                -0.392    -0.795    -0.919     1.354     0.450
 28   Cluster      81 [18,21] (36,37)   
                                 2.772     2.661    -5.768     7.983     3.961
 29   Cluster      81 [12,26] (34,35)   
                                -2.243    -0.414     4.120     8.169     6.675
 30   Cluster      81 [10,23] (38,39)   
                                 2.909     1.267     1.949     4.197     1.936
 31   Cluster      81 [24,27] (42,43)   
                                -0.443    -0.198    -1.182     2.148     1.727
 32   Cluster      81 [19,20] (44,45)   
                                -3.334    -3.921     0.162     5.903     2.885
 33   Cluster      81 [22,25] (40,41)   
                                 0.338     0.605     0.719     1.566     1.205
 34   Cluster      81 [29] (46,47)   
                                -1.413     0.513     4.892     5.305     1.399
 35   Cluster      81 [29] (48,49)   
                                -0.830    -0.927    -0.772     2.863     2.461
 36   Cluster      81 [28] (50,51)   
                                 0.360     0.601    -1.130     1.978     1.465
 37   Cluster      81 [28] (52,53)   
                                 2.413     2.060    -4.638     6.005     2.117
--- final:
 38        n0    2112 [30]    
                                 1.571     0.865     0.915     2.222     0.940
 39     pbar-   -2212 [30]    
                                 1.337     0.402     1.034     1.975     0.938
 40       eta     221 [33] (54..56)   
                                -0.035     0.140     0.515     0.765     0.548
 41        K+     321 [33]    
                                 0.373     0.465     0.204     0.800     0.494
 42    K*bar0    -313 [31] (63,64)   
                                -0.184    -0.164    -0.717     1.419     1.199
 43        K0     311 [31] (70)   
                                -0.259    -0.034    -0.465     0.729     0.498
 44    K*bar0    -313 [32] (73,74)   
                                -1.056    -0.639    -0.241     1.473     0.767
 45        D-    -411 [32] (75,76)   
                                -2.277    -3.282     0.403     4.429     1.870
 46      rho+     213 [34] (84,85)   
                                -1.386     0.410     3.823     4.123     0.545
 47        K-    -321 [34]    
                                -0.027     0.103     1.069     1.182     0.494
 48    Sigma0    3212 [35] (88,89)   
                                -0.607    -0.778    -0.142     1.554     1.193
 49Lambdabar0   -3122 [35] (92,93)   
                                -0.223    -0.149    -0.630     1.309     1.116
 50       K*0     313 [36] (96,97)   
                                -0.118     0.371    -1.061     1.425     0.868
 51       pi+     211 [36]    
                                 0.478     0.230    -0.069     0.553     0.140
 52        D0     421 [37] (98,99)   
                                 2.436     1.927    -4.433     5.725     1.865
 53       pi0     111 [37] (104,105)   
                                -0.023     0.132    -0.205     0.280     0.135
------------------------------------------------------------------------------
     Sum of momenta:            -3e-05    -2e-05    -1e-05        30        30
------------------------------------------------------------------------------
Step 4 performed by DecayHandler
--- intermediates:
 54       pi0     111 [40] (57,58)   
                                -0.054     0.146     0.114     0.235     0.135
 55       pi0     111 [40] (59,60)   
                                 0.025    -0.099     0.130     0.213     0.135
 56       pi0     111 [40] (61,62)   
                                -0.005     0.093     0.271     0.317     0.135
 63     Kbar0    -311 [42] (65)   
                                -0.411    -0.302    -0.836     1.098     0.498
 64       pi0     111 [42] (68,69)   
                                 0.227     0.138     0.119     0.321     0.135
 65      K_S0     310 [63] (66,67)   
                                -0.411    -0.302    -0.836     1.098     0.498
 70      K_S0     310 [43] (71,72)   
                                -0.259    -0.034    -0.465     0.729     0.498
 75        K0     311 [45] (77)   
                                -1.294    -2.067    -0.119     2.491     0.498
 76      a_1-  -20213 [45] (80,81)   
                                -0.984    -1.215     0.523     1.938     1.018
 77      K_S0     310 [75] (78,79)   
                                -1.294    -2.067    -0.119     2.491     0.498
 80      rho0     113 [76] (82,83)   
                                -0.740    -0.779     0.293     1.370     0.798
 84       pi0     111 [46] (86,87)   
                                -0.406    -0.026     1.516     1.576     0.135
 88   Lambda0    3122 [48] (90,91)   
                                -0.627    -0.682    -0.131     1.456     1.116
 93       pi0     111 [49] (94,95)   
                                -0.042     0.070    -0.035     0.161     0.135
 98       K*-    -323 [52] (100,101)   
                                 0.991     0.454    -1.321     1.989     1.010
101       pi0     111 [98] (102,103)   
                                 0.264     0.388    -0.872     0.999     0.135
--- final:
 38        n0    2112 [30]    
                                 1.571     0.865     0.915     2.222     0.940
 39     pbar-   -2212 [30]    
                                 1.337     0.402     1.034     1.975     0.938
 41        K+     321 [33]    
                                 0.373     0.465     0.204     0.800     0.494
 47        K-    -321 [34]    
                                -0.027     0.103     1.069     1.182     0.494
 51       pi+     211 [36]    
                                 0.478     0.230    -0.069     0.553     0.140
 57     gamma      22 [54]    
                                -0.051     0.021     0.094     0.109     0.000
 58     gamma      22 [54]    
                                -0.003     0.124     0.020     0.126     0.000
 59     gamma      22 [55]    
                                 0.023    -0.049     0.150     0.160     0.000
 60     gamma      22 [55]    
                                 0.002    -0.050    -0.020     0.054     0.000
 61     gamma      22 [56]    
                                -0.044    -0.001     0.160     0.166     0.000
 62     gamma      22 [56]    
                                 0.039     0.094     0.111     0.151     0.000
 66       pi+     211 [65]    
                                -0.068     0.065    -0.096     0.194     0.140
 67       pi-    -211 [65]    
                                -0.343    -0.366    -0.739     0.905     0.140
 68     gamma      22 [64]    
                                 0.075     0.009    -0.020     0.078     0.000
 69     gamma      22 [64]    
                                 0.152     0.129     0.138     0.243     0.000
 71       pi+     211 [70]    
                                -0.052    -0.189    -0.325     0.404     0.140
 72       pi-    -211 [70]    
                                -0.207     0.155    -0.140     0.325     0.140
 73        K-    -321 [44]    
                                -0.528    -0.461    -0.268     0.898     0.494
 74       pi+     211 [44]    
                                -0.528    -0.178     0.026     0.575     0.140
 78       pi+     211 [77]    
                                -1.076    -1.808    -0.196     2.117     0.140
 79       pi-    -211 [77]    
                                -0.217    -0.259     0.077     0.374     0.140
 81       pi-    -211 [76]    
                                -0.244    -0.437     0.230     0.568     0.140
 82       pi-    -211 [80]    
                                -0.095    -0.450     0.399     0.624     0.140
 83       pi+     211 [80]    
                                -0.646    -0.329    -0.106     0.745     0.140
 85       pi+     211 [46]    
                                -0.979     0.435     2.307     2.547     0.140
 86     gamma      22 [84]    
                                -0.180    -0.078     0.657     0.686     0.000
 87     gamma      22 [84]    
                                -0.227     0.052     0.859     0.890     0.000
 89     gamma      22 [48]    
                                 0.020    -0.095    -0.011     0.098     0.000
 90        p+    2212 [88]    
                                -0.502    -0.506    -0.187     1.193     0.938
 91       pi-    -211 [88]    
                                -0.126    -0.177     0.055     0.264     0.140
 92     nbar0   -2112 [49]    
                                -0.181    -0.219    -0.594     1.147     0.940
 94     gamma      22 [93]    
                                -0.069     0.062    -0.070     0.116     0.000
 95     gamma      22 [93]    
                                 0.027     0.007     0.035     0.045     0.000
 96        K+     321 [50]    
                                -0.289     0.285    -0.484     0.801     0.494
 97       pi-    -211 [50]    
                                 0.171     0.087    -0.577     0.624     0.140
 99       pi+     211 [52]    
                                 1.444     1.473    -3.112     3.736     0.140
100        K-    -321 [98]    
                                 0.728     0.067    -0.449     0.990     0.494
102     gamma      22 [101]    
                                 0.108     0.057    -0.215     0.247     0.000
103     gamma      22 [101]    
                                 0.155     0.331    -0.657     0.752     0.000
104     gamma      22 [53]    
                                 0.018     0.049     0.002     0.052     0.000
105     gamma      22 [53]    
                                -0.041     0.083    -0.208     0.227     0.000
------------------------------------------------------------------------------
     Sum of momenta:            -3e-05    -2e-05    -1e-05        30        30

The following exception classes were reported in this run:
ThePEG::EventHandler::ConsistencyException warning (1 times)
ThePEG::LesHouchesReader::LesHouchesReopenWarning warning (1 times)
