>>>>>>>>>>>>>>>>>>>>>>>>>>>>>>>>>>>>>>>>>>>>>>>>>>>>>>>>>>>>>>>>>>>>>>>>>>>>>>
>>>> Toolkit for HEP Event Generation - ThePEG 2.2.0 <<<<<<<<<<<<<<<<<<<<<<<<<
>>>> Tue Jun 30 00:40:53 2020                                             <<<<
<<<<<<<<<<<<<<<<<<<<<<<<<<<<<<<<<<<<<<<<<<<<<<<<<<<<<<<<<<<<<<<<<<<<<<<<<<<<<<

>> Herwig 7.2.0 / ThePEG 2.2.0

/Herwig/EventHandlers/NoCuts:
MHat  = 2 .. 38.1466 GeV
Scale = 0 .. 1e+12 GeV2
YHat  = -100 .. 100
X1    = 0 .. 1
X2    = 0 .. 1

* A warning exception of type ThePEG::LesHouchesReader::LesHouchesReopenWarning occurred while generating event number 1: 
Reopening LesHouchesReader 'myReader' after accessing 2 events out of 1
* A warning exception of type ThePEG::EventHandler::ConsistencyException occurred while generating event number 1: 
Event handler 'myLesHouchesHandler' found energy-momentum non-conservation by (-2e-05,-1e-05,-3e-05;9.99934e-06) GeV after generating step number 4.

******************************************************************************
Event number 1 (id: ./OUTPUT/0.95MB1.05/1513168335/TMP/Cluster_HERWIGOutput_31) performed by myLesHouchesHandler
Weight: 1
==============================================================================

--- Colliding particles:
  1        e-      11  (3)   
                                 9.537     0.000     0.000     9.537     0.000
  2        e+     -11  (3)   
                                -9.537     0.000    -0.000     9.537     0.000
------------------------------------------------------------------------------
Primary sub-process performed by myReader
--- incoming:
  1        e-      11  (3)   
                                 9.537     0.000     0.000     9.537     0.000
  2        e+     -11  (3)   
                                -9.537     0.000    -0.000     9.537     0.000
--- intermediates:
  3     gamma      22 [1,2] (4..7)   
                                -0.000     0.000    -0.000    19.073    19.073
--- outgoing:
  4         g      21 [3] (8)  7>>5 {+1,-2}
                                 0.508    -2.190    -0.743     2.368     0.000
  5         g      21 [3] (9)  4>>6 {+3,-1}
                                 1.770     3.429     0.734     3.928     0.000
  6         g      21 [3] (10)  5>>7 {+4,-3}
                                 0.417     4.342    -3.555     5.628     0.000
  7         g      21 [3] (15)  6>>4 {+2,-4}
                                -2.695    -5.581     3.564     7.150     0.000
------------------------------------------------------------------------------
Step 1 performed by myLesHouchesHandler
--- intermediates:
  1        e-      11  (3)   
                                 9.537     0.000     0.000     9.537     0.000
  2        e+     -11  (3)   
                                -9.537     0.000    -0.000     9.537     0.000
  3     gamma      22 [1,2] (4..7)   
                                -0.000     0.000    -0.000    19.073    19.073
--- final:
  4         g      21 [3] (8)  7>>5 {+1,-2}
                                 0.508    -2.190    -0.743     2.368     0.000
  5         g      21 [3] (9)  4>>6 {+3,-1}
                                 1.770     3.429     0.734     3.928     0.000
  6         g      21 [3] (10)  5>>7 {+4,-3}
                                 0.417     4.342    -3.555     5.628     0.000
  7         g      21 [3] (15)  6>>4 {+2,-4}
                                -2.695    -5.581     3.564     7.150     0.000
------------------------------------------------------------------------------
     Sum of momenta:            -3e-05    -1e-05    -3e-05      19.1      19.1
------------------------------------------------------------------------------
Step 2 performed by ShowerHandler
--- intermediates:
 10         g      21 [6] (11,12)   {+4,-3}
                                 0.331     3.446    -2.821     7.957     6.586
 12         g      21 [10] (13,14)   {+4,-5}
                                 2.057     2.485    -2.007     5.619     4.140
--- final:
  8         g      21 [4] (16,17)  15>>9 {+1,-2}
                                 0.403    -1.738    -0.589     2.105     0.950
  9         g      21 [5] (18,19)  8>>11 {+3,-1}
                                 1.404     2.721     0.582     3.258     0.950
 11         g      21 [10] (22,23)  9>>14 {+5,-3}
                                -1.726     0.960    -0.814     2.338     0.950
 13         g      21 [12] (24,25)  14>>15 {+4,-6}
                                -0.294     0.559    -2.148     2.432     0.950
 14         g      21 [12] (26,27)  11>>13 {+6,-5}
                                 2.351     1.926     0.141     3.187     0.950
 15         g      21 [7] (20,21)  13>>8 {+2,-4}
                                -2.138    -4.429     2.828     5.752     0.950
------------------------------------------------------------------------------
     Sum of momenta:            -3e-05    -1e-05    -3e-05      19.1      19.1
------------------------------------------------------------------------------
Step 3 performed by ClusterHadHandler
--- intermediates:
 16         d       1 [8] (33)   {+1}
                                -0.154    -0.447    -0.230     0.618     0.325
 17      dbar      -1 [8] (28)   {-2}
                                 0.557    -1.291    -0.360     1.487     0.325
 18         s       3 [9] (29)   {+3}
                                 0.570     1.419     0.337     1.629     0.450
 19      sbar      -3 [9] (32)   {-1}
                                 0.835     1.302     0.245     1.629     0.450
 20         s       3 [15] (28)   {+2}
                                -1.164    -2.658     1.582     3.336     0.450
 21      sbar      -3 [15] (33)   {-4}
                                -0.974    -1.770     1.247     2.417     0.450
 22         s       3 [11] (30)   {+5}
                                -0.972     0.380    -0.365     1.194     0.450
 23      sbar      -3 [11] (29)   {-3}
                                -0.754     0.581    -0.449     1.144     0.450
 24         u       2 [13] (32)   {+4}
                                -0.361     0.576    -1.798     1.950     0.325
 25      ubar      -2 [13] (31)   {-6}
                                 0.067    -0.017    -0.349     0.482     0.325
 26         s       3 [14] (31)   {+6}
                                 1.178     1.141     0.017     1.701     0.450
 27      sbar      -3 [14] (30)   {-5}
                                 1.173     0.784     0.124     1.486     0.450
 28   Cluster      81 [17,20] (38,39)   
                                -0.606    -3.949     1.222     4.823     2.409
 29   Cluster      81 [18,23] (44,45)   
                                -0.184     2.000    -0.112     2.774     1.910
 30   Cluster      81 [22,27] (40,41)   
                                 0.200     1.164    -0.242     2.680     2.393
 31   Cluster      81 [25,26] (36,37)   
                                 1.245     1.125    -0.332     2.183     1.357
 32   Cluster      81 [19,24] (34,35)   
                                 0.474     1.878    -1.554     3.579     2.578
 33   Cluster      81 [16,21] (42,43)   
                                -1.129    -2.218     1.017     3.035     1.409
--- final:
 34      rho0     113 [32] (46,47)   
                                 0.360     0.438     0.166     0.930     0.718
 35     K'_1+   20323 [32] (48,49)   
                                 0.114     1.440    -1.719     2.649     1.405
 36       eta     221 [31] (57..59)   
                                 0.476     0.464    -0.567     1.031     0.548
 37        K-    -321 [31]    
                                 0.770     0.661     0.235     1.152     0.494
 38       pi0     111 [28] (62,63)   
                                -0.105    -1.682     0.309     1.719     0.135
 39K_2(1770)bar0  -10315 [28] (64,65)   
                                -0.501    -2.267     0.913     3.104     1.846
 40     K*_2-    -325 [30] (71,72)   
                                -0.131     0.606    -0.322     1.588     1.427
 41       K*+     323 [30] (75,76)   
                                 0.331     0.559     0.081     1.092     0.873
 42      rho-    -213 [33] (79,80)   
                                -0.479    -0.841     0.424     1.328     0.805
 43        K+     321 [33]    
                                -0.650    -1.377     0.593     1.706     0.494
 44        K-    -321 [29]    
                                 0.500     0.153    -0.183     0.742     0.494
 45        K+     321 [29]    
                                -0.684     1.847     0.071     2.032     0.494
------------------------------------------------------------------------------
     Sum of momenta:            -3e-05    -1e-05    -3e-05      19.1      19.1
------------------------------------------------------------------------------
Step 4 performed by DecayHandler
--- intermediates:
 48       K*+     323 [35] (50,51)   
                                -0.149     1.419    -1.655     2.346     0.852
 49       pi0     111 [35] (55,56)   
                                 0.263     0.021    -0.064     0.304     0.135
 50        K0     311 [48] (52)   
                                 0.144     0.927    -1.187     1.592     0.498
 52      K_S0     310 [50] (53,54)   
                                 0.144     0.927    -1.187     1.592     0.498
 59       pi0     111 [36] (60,61)   
                                 0.178     0.279    -0.149     0.387     0.135
 64     Kbar0    -311 [39] (66)   
                                 0.083    -0.654     0.448     0.939     0.498
 65       f_2     225 [39] (67,68)   
                                -0.584    -1.613     0.465     2.164     1.235
 67     Kbar0    -311 [65] (69)   
                                -0.533    -1.354     0.443     1.600     0.498
 68        K0     311 [65] (70)   
                                -0.051    -0.259     0.022     0.564     0.498
 71    K*bar0    -313 [40] (73,74)   
                                 0.198     0.399    -0.509     1.135     0.911
 76       pi0     111 [41] (77,78)   
                                 0.021     0.458     0.137     0.497     0.135
 79       pi0     111 [42] (81,82)   
                                 0.046    -0.664     0.157     0.697     0.135
--- final:
 37        K-    -321 [31]    
                                 0.770     0.661     0.235     1.152     0.494
 43        K+     321 [33]    
                                -0.650    -1.377     0.593     1.706     0.494
 44        K-    -321 [29]    
                                 0.500     0.153    -0.183     0.742     0.494
 45        K+     321 [29]    
                                -0.684     1.847     0.071     2.032     0.494
 46       pi+     211 [34]    
                                 0.402     0.456     0.333     0.707     0.140
 47       pi-    -211 [34]    
                                -0.043    -0.019    -0.167     0.222     0.140
 51       pi+     211 [48]    
                                -0.293     0.493    -0.468     0.753     0.140
 53       pi+     211 [52]    
                                -0.036     0.774    -0.899     1.195     0.140
 54       pi-    -211 [52]    
                                 0.180     0.153    -0.288     0.397     0.140
 55     gamma      22 [49]    
                                 0.135     0.016    -0.102     0.170     0.000
 56     gamma      22 [49]    
                                 0.129     0.005     0.037     0.134     0.000
 57       pi+     211 [36]    
                                 0.155     0.131    -0.346     0.424     0.140
 58       pi-    -211 [36]    
                                 0.144     0.054    -0.072     0.220     0.140
 60     gamma      22 [59]    
                                 0.048     0.177    -0.121     0.220     0.000
 61     gamma      22 [59]    
                                 0.130     0.102    -0.028     0.167     0.000
 62     gamma      22 [38]    
                                 0.030    -0.253     0.063     0.263     0.000
 63     gamma      22 [38]    
                                -0.135    -1.429     0.246     1.457     0.000
 66      K_L0     130 [64]    
                                 0.083    -0.654     0.448     0.939     0.498
 69      K_L0     130 [67]    
                                -0.533    -1.354     0.443     1.600     0.498
 70      K_L0     130 [68]    
                                -0.051    -0.259     0.022     0.564     0.498
 72       pi-    -211 [40]    
                                -0.329     0.206     0.187     0.453     0.140
 73        K-    -321 [71]    
                                 0.151     0.013    -0.504     0.721     0.494
 74       pi+     211 [71]    
                                 0.047     0.387    -0.006     0.414     0.140
 75        K+     321 [41]    
                                 0.311     0.101    -0.056     0.595     0.494
 77     gamma      22 [76]    
                                -0.054     0.277     0.075     0.292     0.000
 78     gamma      22 [76]    
                                 0.074     0.181     0.062     0.205     0.000
 80       pi-    -211 [42]    
                                -0.525    -0.177     0.268     0.631     0.140
 81     gamma      22 [79]    
                                -0.036    -0.211     0.089     0.232     0.000
 82     gamma      22 [79]    
                                 0.082    -0.454     0.068     0.466     0.000
------------------------------------------------------------------------------
     Sum of momenta:            -3e-05    -1e-05    -3e-05      19.1      19.1

The following exception classes were reported in this run:
ThePEG::EventHandler::ConsistencyException warning (1 times)
ThePEG::LesHouchesReader::LesHouchesReopenWarning warning (1 times)
