>>>>>>>>>>>>>>>>>>>>>>>>>>>>>>>>>>>>>>>>>>>>>>>>>>>>>>>>>>>>>>>>>>>>>>>>>>>>>>
>>>> Toolkit for HEP Event Generation - ThePEG 2.2.0 <<<<<<<<<<<<<<<<<<<<<<<<<
>>>> Tue Jun 30 00:29:33 2020                                             <<<<
<<<<<<<<<<<<<<<<<<<<<<<<<<<<<<<<<<<<<<<<<<<<<<<<<<<<<<<<<<<<<<<<<<<<<<<<<<<<<<

>> Herwig 7.2.0 / ThePEG 2.2.0

/Herwig/EventHandlers/NoCuts:
MHat  = 2 .. 88.9175 GeV
Scale = 0 .. 1e+12 GeV2
YHat  = -100 .. 100
X1    = 0 .. 1
X2    = 0 .. 1

* A warning exception of type ThePEG::LesHouchesReader::LesHouchesReopenWarning occurred while generating event number 1: 
Reopening LesHouchesReader 'myReader' after accessing 2 events out of 1
* A warning exception of type ThePEG::EventHandler::ConsistencyException occurred while generating event number 1: 
Event handler 'myLesHouchesHandler' found energy-momentum non-conservation by (-2e-05,-3e-05,-3e-05;1.99982e-05) GeV after generating step number 4.

******************************************************************************
Event number 1 (id: ./OUTPUT/0.95MB1.05/1514252634/TMP/Cluster_HERWIGOutput_17) performed by myLesHouchesHandler
Weight: 1
==============================================================================

--- Colliding particles:
  1        e-      11  (3)   
                                22.229     0.000     0.000    22.229     0.000
  2        e+     -11  (3)   
                               -22.229     0.000     0.000    22.229     0.000
------------------------------------------------------------------------------
Primary sub-process performed by myReader
--- incoming:
  1        e-      11  (3)   
                                22.229     0.000     0.000    22.229     0.000
  2        e+     -11  (3)   
                               -22.229     0.000     0.000    22.229     0.000
--- intermediates:
  3     gamma      22 [1,2] (4..9)   
                                -0.000     0.000     0.000    44.459    44.459
--- outgoing:
  4         g      21 [3] (10)  8>>6 {+1,-2}
                                -0.352     0.274    -3.891     3.916     0.000
  5         g      21 [3] (13)  6>>8 {+3,-4}
                                 2.059    -2.196    -3.479     4.601     0.000
  6         g      21 [3] (18)  4>>5 {+4,-1}
                                -5.293     5.612    15.004    16.871     0.000
  7         g      21 [3] (19)  9>>9 {+5,-6}
                                -2.291    -0.588    -2.306     3.303     0.000
  8         g      21 [3] (22)  5>>4 {+2,-3}
                                -3.525    -1.083     1.491     3.978     0.000
  9         g      21 [3] (23)  7>>7 {+6,-5}
                                 9.402    -2.018    -6.819    11.789     0.000
------------------------------------------------------------------------------
Step 1 performed by myLesHouchesHandler
--- intermediates:
  1        e-      11  (3)   
                                22.229     0.000     0.000    22.229     0.000
  2        e+     -11  (3)   
                               -22.229     0.000     0.000    22.229     0.000
  3     gamma      22 [1,2] (4..9)   
                                -0.000     0.000     0.000    44.459    44.459
--- final:
  4         g      21 [3] (10)  8>>6 {+1,-2}
                                -0.352     0.274    -3.891     3.916     0.000
  5         g      21 [3] (13)  6>>8 {+3,-4}
                                 2.059    -2.196    -3.479     4.601     0.000
  6         g      21 [3] (18)  4>>5 {+4,-1}
                                -5.293     5.612    15.004    16.871     0.000
  7         g      21 [3] (19)  9>>9 {+5,-6}
                                -2.291    -0.588    -2.306     3.303     0.000
  8         g      21 [3] (22)  5>>4 {+2,-3}
                                -3.525    -1.083     1.491     3.978     0.000
  9         g      21 [3] (23)  7>>7 {+6,-5}
                                 9.402    -2.018    -6.819    11.789     0.000
------------------------------------------------------------------------------
     Sum of momenta:            -3e-05    -3e-05    -3e-05      44.5      44.5
------------------------------------------------------------------------------
Step 2 performed by ShowerHandler
--- intermediates:
 10         g      21 [4] (11,12)   {+1,-2}
                                -0.282     0.220    -3.120     4.515     3.244
 13         g      21 [5] (14,15)   {+3,-4}
                                 1.651    -1.761    -2.790     7.252     6.244
 15         g      21 [13] (16,17)   {+7,-4}
                                 2.874    -1.856    -2.965     5.691     3.449
 19         g      21 [7] (20,21)   {+5,-6}
                                -1.837    -0.472    -1.849     5.466     4.782
 23         g      21 [9] (24,25)   {+6,-5}
                                 7.539    -1.618    -5.467    10.337     4.185
--- final:
 11         g      21 [10] (30,31)  12>>18 {+1,-8}
                                -0.347     1.077    -0.435     1.540     0.950
 12         g      21 [10] (32,33)  22>>11 {+8,-2}
                                 0.065    -0.857    -2.685     2.975     0.950
 14         g      21 [13] (42,43)  16>>22 {+3,-7}
                                -1.223     0.095     0.175     1.561     0.950
 16         g      21 [15] (44,45)  17>>14 {+7,-9}
                                -0.265     0.068    -1.018     1.419     0.950
 17         g      21 [15] (46,47)  18>>16 {+9,-4}
                                 3.139    -1.924    -1.946     4.271     0.950
 18         g      21 [6] (26,27)  11>>17 {+4,-1}
                                -4.244     4.499    12.030    13.560     0.950
 20         g      21 [19] (34,35)  21>>25 {+5,-10}
                                 0.225     1.715    -0.941     2.186     0.950
 21         g      21 [19] (36,37)  24>>20 {+10,-6}
                                -2.062    -2.187    -0.908     3.280     0.950
 22         g      21 [8] (28,29)  14>>12 {+2,-3}
                                -2.827    -0.868     1.195     3.328     0.950
 24         g      21 [23] (38,39)  25>>21 {+6,-11}
                                 1.951    -2.147    -2.304     3.825     0.950
 25         g      21 [23] (40,41)  20>>24 {+11,-5}
                                 5.588     0.529    -3.164     6.513     0.950
------------------------------------------------------------------------------
     Sum of momenta:            -3e-05    -3e-05    -3e-05      44.5      44.5
------------------------------------------------------------------------------
Step 3 performed by ClusterHadHandler
--- intermediates:
 26         u       2 [18] (48)   {+4}
                                -2.975     2.803     7.460     8.513     0.325
 27      ubar      -2 [18] (49)   {-1}
                                -1.269     1.696     4.570     5.047     0.325
 28         d       1 [22] (56)   {+2}
                                -0.527    -0.180     0.045     0.647     0.325
 29      dbar      -1 [22] (50)   {-3}
                                -2.299    -0.689     1.150     2.681     0.325
 30         s       3 [11] (49)   {+1}
                                -0.154     0.751    -0.257     0.925     0.450
 31      sbar      -3 [11] (58)   {-8}
                                -0.194     0.325    -0.178     0.614     0.450
 32         s       3 [12] (57)   {+8}
                                 0.154    -0.324    -1.119     1.259     0.450
 33      sbar      -3 [12] (55)   {-2}
                                -0.089    -0.533    -1.565     1.716     0.450
 34         u       2 [20] (58)   {+5}
                                 0.341     0.831    -0.759     1.221     0.325
 35      ubar      -2 [20] (51)   {-10}
                                -0.116     0.883    -0.182     0.966     0.325
 36         u       2 [21] (51)   {+10}
                                -0.384    -0.823    -0.241     0.994     0.325
 37      ubar      -2 [21] (56)   {-6}
                                -1.678    -1.364    -0.667     2.286     0.325
 38         d       1 [24] (55)   {+6}
                                 1.380    -1.719    -1.962     2.969     0.325
 39      dbar      -1 [24] (52)   {-11}
                                 0.571    -0.429    -0.341     0.856     0.325
 40         u       2 [25] (52)   {+11}
                                 3.687     0.660    -2.060     4.287     0.325
 41      ubar      -2 [25] (54)   {-5}
                                 1.901    -0.130    -1.103     2.226     0.325
 42         u       2 [14] (50)   {+3}
                                -0.698    -0.193    -0.149     0.807     0.325
 43      ubar      -2 [14] (53)   {-7}
                                -0.525     0.287     0.324     0.754     0.325
 44         u       2 [16] (53)   {+7}
                                -0.137     0.312    -0.232     0.525     0.325
 45      ubar      -2 [16] (57)   {-9}
                                -0.129    -0.244    -0.787     0.895     0.325
 46         d       1 [17] (54)   {+9}
                                 2.243    -1.496    -1.112     2.934     0.325
 47      dbar      -1 [17] (48)   {-4}
                                 0.896    -0.428    -0.834     1.337     0.325
 48   Cluster      81 [26,47] (59,60)   
                                -2.079     2.375     6.626     9.850     6.569
 49   Cluster      81 [27,30] (69,70)   
                                -1.423     2.447     4.313     5.973     3.010
 50   Cluster      81 [29,42] (73,74)   
                                -2.997    -0.881     1.002     3.488     1.187
 51   Cluster      81 [35,36] (63,64)   
                                -0.500     0.060    -0.423     1.960     1.847
 52   Cluster      81 [39,40] (81,82)   
                                 4.258     0.231    -2.402     5.143     1.580
 53   Cluster      81 [43,44] (67,68)   
                                -0.662     0.599     0.092     1.279     0.911
 54   Cluster      81 [41,46] (71,72)   
                                 4.144    -1.626    -2.216     5.160     1.379
 55   Cluster      81 [33,38] (75,76)   
                                 1.291    -2.251    -3.528     4.685     1.664
 56   Cluster      81 [28,37] (77,78)   
                                -2.205    -1.543    -0.622     2.932     0.984
 57   Cluster      81 [32,45] (79,80)   
                                 0.026    -0.568    -1.906     2.153     0.825
 58   Cluster      81 [31,34] (65,66)   
                                 0.147     1.157    -0.937     1.835     1.062
 59   Cluster      81 [48] (83,84)   
                                -1.731     1.671     4.475     5.322     1.585
 60   Cluster      81 [48] (61,62)   
                                -0.347     0.705     2.151     4.528     3.906
 61   Cluster      81 [60] (85,86)   
                                 0.479    -0.193    -0.326     1.287     1.133
 62   Cluster      81 [60] (87,88)   
                                -0.826     0.898     2.478     3.241     1.696
--- final:
 63       eta     221 [51] (89,90)   
                                -0.646     0.467    -0.467     1.073     0.548
 64      rho0     113 [51] (91,92)   
                                 0.146    -0.407     0.044     0.887     0.773
 65       pi0     111 [58] (93,94)   
                                 0.066     0.254    -0.185     0.349     0.135
 66       K*+     323 [58] (95,96)   
                                 0.081     0.902    -0.752     1.486     0.907
 67       pi0     111 [53] (100,101)   
                                 0.117     0.341    -0.149     0.413     0.135
 68       pi0     111 [53] (102,103)   
                                -0.779     0.259     0.242     0.866     0.135
 69       f_2     225 [49] (104,105)   
                                -1.121     2.018     3.205     4.149     1.271
 70      K_1-  -10323 [49] (106,107)   
                                -0.303     0.429     1.108     1.824     1.350
 71       eta     221 [54] (113..115)   
                                 1.310    -0.592    -0.749     1.711     0.548
 72      rho-    -213 [54] (118,119)   
                                 2.834    -1.034    -1.467     3.449     0.804
 73     omega     223 [50] (122,123)   
                                -1.713    -0.266     0.444     1.953     0.782
 74       pi+     211 [50]    
                                -1.284    -0.616     0.558     1.536     0.140
 75     omega     223 [55] (128,129)   
                                 1.062    -1.754    -3.193     3.873     0.774
 76        K0     311 [55] (134)   
                                 0.229    -0.497    -0.335     0.812     0.498
 77       pi0     111 [56] (135,136)   
                                -1.396    -1.463    -0.571     2.106     0.135
 78       pi-    -211 [56]    
                                -0.809    -0.080    -0.051     0.827     0.140
 79     Kbar0    -311 [57] (137)   
                                -0.196    -0.256    -1.198     1.337     0.498
 80       pi-    -211 [57]    
                                 0.222    -0.311    -0.708     0.817     0.140
 81       pi0     111 [52] (140,141)   
                                 0.579    -0.223    -0.822     1.039     0.135
 82      rho+     213 [52] (142,143)   
                                 3.679     0.454    -1.579     4.104     0.779
 83      rho+     213 [59] (146,147)   
                                -0.925     1.028     2.500     2.966     0.796
 84      rho0     113 [59] (150,151)   
                                -0.806     0.643     1.974     2.356     0.767
 85       pi+     211 [61]    
                                 0.192     0.097     0.022     0.257     0.140
 86      rho0     113 [61] (152,153)   
                                 0.287    -0.290    -0.348     1.030     0.879
 87       pi-    -211 [62]    
                                -0.982     0.622     0.724     1.376     0.140
 88       eta     221 [62] (154..156)   
                                 0.155     0.276     1.754     1.864     0.548
------------------------------------------------------------------------------
     Sum of momenta:            -3e-05    -3e-05    -3e-05      44.5      44.5
------------------------------------------------------------------------------
Step 4 performed by DecayHandler
--- intermediates:
 95        K0     311 [66] (97)   
                                 0.223     0.256    -0.406     0.726     0.498
 97      K_S0     310 [95] (98,99)   
                                 0.223     0.256    -0.406     0.726     0.498
106     omega     223 [70] (108..110)   
                                -0.247     0.314     0.449     0.990     0.787
108       pi0     111 [106] (111,112)   
                                 0.097     0.034    -0.163     0.235     0.135
115       pi0     111 [71] (116,117)   
                                 0.348    -0.135    -0.235     0.462     0.135
118       pi0     111 [72] (120,121)   
                                 2.541    -0.909    -1.516     3.098     0.135
122      rho0     113 [73] (124,125)   
                                -1.145     0.037     0.200     1.252     0.462
123       pi0     111 [73] (126,127)   
                                -0.567    -0.303     0.244     0.701     0.135
128      rho+     213 [75] (130,131)   
                                 0.854    -0.940    -1.841     2.275     0.416
130       pi0     111 [128] (132,133)   
                                 0.237    -0.382    -0.869     0.988     0.135
137      K_S0     310 [79] (138,139)   
                                -0.196    -0.256    -1.198     1.337     0.498
142       pi0     111 [82] (144,145)   
                                 1.727     0.521    -0.973     2.054     0.135
146       pi0     111 [83] (148,149)   
                                -0.171     0.311     1.378     1.430     0.135
156       pi0     111 [88] (157,158)   
                                 0.011    -0.012     0.372     0.396     0.135
--- final:
 74       pi+     211 [50]    
                                -1.284    -0.616     0.558     1.536     0.140
 78       pi-    -211 [56]    
                                -0.809    -0.080    -0.051     0.827     0.140
 80       pi-    -211 [57]    
                                 0.222    -0.311    -0.708     0.817     0.140
 85       pi+     211 [61]    
                                 0.192     0.097     0.022     0.257     0.140
 87       pi-    -211 [62]    
                                -0.982     0.622     0.724     1.376     0.140
 89     gamma      22 [63]    
                                -0.548     0.551    -0.242     0.814     0.000
 90     gamma      22 [63]    
                                -0.098    -0.085    -0.225     0.260     0.000
 91       pi+     211 [64]    
                                 0.174     0.132     0.178     0.314     0.140
 92       pi-    -211 [64]    
                                -0.029    -0.538    -0.134     0.572     0.140
 93     gamma      22 [65]    
                                -0.015     0.194    -0.117     0.227     0.000
 94     gamma      22 [65]    
                                 0.081     0.061    -0.068     0.122     0.000
 96       pi+     211 [66]    
                                -0.142     0.647    -0.346     0.760     0.140
 98       pi+     211 [97]    
                                 0.282     0.087    -0.093     0.340     0.140
 99       pi-    -211 [97]    
                                -0.060     0.169    -0.313     0.387     0.140
100     gamma      22 [67]    
                                -0.022     0.008    -0.005     0.024     0.000
101     gamma      22 [67]    
                                 0.139     0.332    -0.145     0.388     0.000
102     gamma      22 [68]    
                                -0.181     0.065    -0.001     0.192     0.000
103     gamma      22 [68]    
                                -0.598     0.194     0.243     0.674     0.000
104       pi-    -211 [69]    
                                -0.026    -0.111     0.516     0.547     0.140
105       pi+     211 [69]    
                                -1.094     2.129     2.688     3.602     0.140
107        K-    -321 [70]    
                                -0.055     0.115     0.660     0.834     0.494
109        e-      11 [106]    
                                -0.024     0.022     0.043     0.054     0.001
110        e+     -11 [106]    
                                -0.320     0.258     0.568     0.701     0.001
111     gamma      22 [108]    
                                 0.092    -0.016    -0.038     0.101     0.000
112     gamma      22 [108]    
                                 0.005     0.051    -0.124     0.134     0.000
113       pi+     211 [71]    
                                 0.372    -0.180    -0.360     0.565     0.140
114       pi-    -211 [71]    
                                 0.590    -0.276    -0.154     0.684     0.140
116     gamma      22 [115]    
                                 0.264    -0.140    -0.128     0.325     0.000
117     gamma      22 [115]    
                                 0.084     0.005    -0.107     0.136     0.000
119       pi-    -211 [72]    
                                 0.292    -0.126     0.049     0.351     0.140
120     gamma      22 [118]    
                                 2.347    -0.865    -1.374     2.854     0.000
121     gamma      22 [118]    
                                 0.194    -0.044    -0.142     0.245     0.000
124       pi+     211 [122]    
                                -0.182    -0.032    -0.065     0.241     0.140
125       pi-    -211 [122]    
                                -0.963     0.069     0.265     1.011     0.140
126     gamma      22 [123]    
                                -0.277    -0.224     0.130     0.379     0.000
127     gamma      22 [123]    
                                -0.290    -0.079     0.114     0.322     0.000
129       pi-    -211 [75]    
                                 0.207    -0.814    -1.352     1.598     0.140
131       pi+     211 [128]    
                                 0.618    -0.559    -0.972     1.288     0.140
132     gamma      22 [130]    
                                 0.043    -0.189    -0.403     0.447     0.000
133     gamma      22 [130]    
                                 0.194    -0.192    -0.466     0.540     0.000
134      K_L0     130 [76]    
                                 0.229    -0.497    -0.335     0.812     0.498
135     gamma      22 [77]    
                                -1.079    -1.077    -0.384     1.572     0.000
136     gamma      22 [77]    
                                -0.316    -0.387    -0.187     0.533     0.000
138       pi+     211 [137]    
                                -0.234    -0.234    -1.108     1.165     0.140
139       pi-    -211 [137]    
                                 0.038    -0.022    -0.090     0.172     0.140
140     gamma      22 [81]    
                                 0.180    -0.040    -0.158     0.243     0.000
141     gamma      22 [81]    
                                 0.399    -0.183    -0.664     0.796     0.000
143       pi+     211 [82]    
                                 1.952    -0.067    -0.606     2.050     0.140
144     gamma      22 [142]    
                                 0.548     0.225    -0.350     0.688     0.000
145     gamma      22 [142]    
                                 1.179     0.296    -0.623     1.366     0.000
147       pi+     211 [83]    
                                -0.754     0.717     1.122     1.537     0.140
148     gamma      22 [146]    
                                -0.142     0.128     0.792     0.814     0.000
149     gamma      22 [146]    
                                -0.029     0.183     0.587     0.615     0.000
150       pi+     211 [84]    
                                -0.793     0.385     1.813     2.020     0.140
151       pi-    -211 [84]    
                                -0.013     0.258     0.162     0.335     0.140
152       pi+     211 [86]    
                                 0.310     0.241    -0.112     0.432     0.140
153       pi-    -211 [86]    
                                -0.023    -0.531    -0.236     0.599     0.140
154       pi+     211 [88]    
                                 0.112     0.218     1.169     1.203     0.140
155       pi-    -211 [88]    
                                 0.032     0.069     0.213     0.266     0.140
157     gamma      22 [156]    
                                -0.022    -0.012     0.360     0.361     0.000
158     gamma      22 [156]    
                                 0.033     0.000     0.012     0.035     0.000
------------------------------------------------------------------------------
     Sum of momenta:            -3e-05    -3e-05    -3e-05      44.5      44.5

The following exception classes were reported in this run:
ThePEG::EventHandler::ConsistencyException warning (1 times)
ThePEG::LesHouchesReader::LesHouchesReopenWarning warning (1 times)
