>>>>>>>>>>>>>>>>>>>>>>>>>>>>>>>>>>>>>>>>>>>>>>>>>>>>>>>>>>>>>>>>>>>>>>>>>>>>>>
>>>> Toolkit for HEP Event Generation - ThePEG 2.2.0 <<<<<<<<<<<<<<<<<<<<<<<<<
>>>> Tue Jun 30 00:23:57 2020                                             <<<<
<<<<<<<<<<<<<<<<<<<<<<<<<<<<<<<<<<<<<<<<<<<<<<<<<<<<<<<<<<<<<<<<<<<<<<<<<<<<<<

>> Herwig 7.2.0 / ThePEG 2.2.0

/Herwig/EventHandlers/NoCuts:
MHat  = 2 .. 28.6154 GeV
Scale = 0 .. 1e+12 GeV2
YHat  = -100 .. 100
X1    = 0 .. 1
X2    = 0 .. 1

* A warning exception of type ThePEG::LesHouchesReader::LesHouchesReopenWarning occurred while generating event number 1: 
Reopening LesHouchesReader 'myReader' after accessing 2 events out of 1
* A warning exception of type ThePEG::EventHandler::ConsistencyException occurred while generating event number 1: 
Event handler 'myLesHouchesHandler' found energy-momentum non-conservation by (-1e-05,-3e-05,-3e-05;1.99998e-05) GeV after generating step number 4.

******************************************************************************
Event number 1 (id: ./OUTPUT/0.95MB1.05/1511425928/TMP/Cluster_HERWIGOutput_10) performed by myLesHouchesHandler
Weight: 1
==============================================================================

--- Colliding particles:
  1        e-      11  (3)   
                                 7.154     0.000     0.000     7.154     0.000
  2        e+     -11  (3)   
                                -7.154     0.000    -0.000     7.154     0.000
------------------------------------------------------------------------------
Primary sub-process performed by myReader
--- incoming:
  1        e-      11  (3)   
                                 7.154     0.000     0.000     7.154     0.000
  2        e+     -11  (3)   
                                -7.154     0.000    -0.000     7.154     0.000
--- intermediates:
  3     gamma      22 [1,2] (4..8)   
                                 0.000     0.000     0.000    14.308    14.308
--- outgoing:
  4         g      21 [3] (9)  5>>6 {+1,-2}
                                -0.982    -0.987    -0.047     1.393     0.000
  5         g      21 [3] (10)  8>>4 {+2,-3}
                                -1.113     0.789    -3.815     4.051     0.000
  6         g      21 [3] (11)  4>>7 {+4,-1}
                                 0.100    -0.018     0.279     0.297     0.000
  7         g      21 [3] (12)  6>>8 {+5,-4}
                                 0.784    -2.873    -0.788     3.080     0.000
  8         g      21 [3] (13)  7>>5 {+3,-5}
                                 1.210     3.088     4.370     5.486     0.000
------------------------------------------------------------------------------
Step 1 performed by myLesHouchesHandler
--- intermediates:
  1        e-      11  (3)   
                                 7.154     0.000     0.000     7.154     0.000
  2        e+     -11  (3)   
                                -7.154     0.000    -0.000     7.154     0.000
  3     gamma      22 [1,2] (4..8)   
                                 0.000     0.000     0.000    14.308    14.308
--- final:
  4         g      21 [3] (9)  5>>6 {+1,-2}
                                -0.982    -0.987    -0.047     1.393     0.000
  5         g      21 [3] (10)  8>>4 {+2,-3}
                                -1.113     0.789    -3.815     4.051     0.000
  6         g      21 [3] (11)  4>>7 {+4,-1}
                                 0.100    -0.018     0.279     0.297     0.000
  7         g      21 [3] (12)  6>>8 {+5,-4}
                                 0.784    -2.873    -0.788     3.080     0.000
  8         g      21 [3] (13)  7>>5 {+3,-5}
                                 1.210     3.088     4.370     5.486     0.000
------------------------------------------------------------------------------
     Sum of momenta:            -2e-05    -3e-05    -3e-05      14.3      14.3
------------------------------------------------------------------------------
Step 2 performed by ShowerHandler
--- intermediates:
 13         g      21 [8] (14,15)   {+3,-5}
                                 1.025     2.614     3.700     5.477     2.902
--- final:
  9         g      21 [4] (16,17)  10>>11 {+1,-2}
                                -0.831    -0.836    -0.040     1.514     0.950
 10         g      21 [5] (18,19)  15>>9 {+2,-3}
                                -0.942     0.668    -3.229     3.559     0.950
 11         g      21 [6] (20,21)  9>>12 {+4,-1}
                                 0.085    -0.015     0.236     0.983     0.950
 12         g      21 [7] (22,23)  11>>14 {+5,-4}
                                 0.664    -2.432    -0.667     2.775     0.950
 14         g      21 [13] (24,25)  12>>15 {+6,-5}
                                -0.562     1.554     1.782     2.609     0.950
 15         g      21 [13] (26,27)  14>>10 {+3,-6}
                                 1.587     1.060     1.918     2.868     0.950
------------------------------------------------------------------------------
     Sum of momenta:            -2e-05    -3e-05    -3e-05      14.3      14.3
------------------------------------------------------------------------------
Step 3 performed by ClusterHadHandler
--- intermediates:
 16         u       2 [9] (28)   {+1}
                                -0.390    -0.449     0.324     0.751     0.325
 17      ubar      -2 [9] (29)   {-2}
                                -0.441    -0.386    -0.364     0.763     0.325
 18         s       3 [10] (29)   {+2}
                                -0.589     0.381    -1.519     1.733     0.450
 19      sbar      -3 [10] (30)   {-3}
                                -0.353     0.287    -1.710     1.826     0.450
 20         u       2 [11] (31)   {+4}
                                -0.298     0.036     0.168     0.473     0.325
 21      ubar      -2 [11] (28)   {-1}
                                 0.383    -0.051     0.069     0.509     0.325
 22         u       2 [12] (32)   {+5}
                                 0.076    -1.349    -0.555     1.496     0.325
 23      ubar      -2 [12] (31)   {-4}
                                 0.587    -1.083    -0.112     1.279     0.325
 24         u       2 [14] (33)   {+6}
                                -0.003     0.704     1.086     1.334     0.325
 25      ubar      -2 [14] (32)   {-5}
                                -0.560     0.850     0.696     1.275     0.325
 26         u       2 [15] (30)   {+3}
                                 0.857     0.171     0.750     1.196     0.325
 27      ubar      -2 [15] (33)   {-6}
                                 0.730     0.889     1.168     1.671     0.325
 28   Cluster      81 [16,21] (40,41)   
                                -0.007    -0.500     0.393     1.261     1.089
 29   Cluster      81 [17,18] (44,45)   
                                -1.031    -0.006    -1.883     2.496     1.273
 30   Cluster      81 [19,26] (34,35)   
                                 0.504     0.459    -0.960     3.022     2.783
 31   Cluster      81 [20,23] (36,37)   
                                 0.289    -1.047     0.055     1.752     1.374
 32   Cluster      81 [22,25] (42,43)   
                                -0.483    -0.499     0.141     2.771     2.679
 33   Cluster      81 [24,27] (38,39)   
                                 0.728     1.593     2.254     3.006     0.942
--- final:
 34        K0     311 [30] (46)   
                                 0.394    -0.214    -0.683     0.957     0.498
 35     pi_2+   10215 [30] (47,48)   
                                 0.110     0.673    -0.278     2.066     1.930
 36      a_00 9000111 [31] (51,52)   
                                 0.061    -0.905    -0.281     1.301     0.889
 37       pi0     111 [31] (60,61)   
                                 0.228    -0.142     0.337     0.451     0.135
 38       pi+     211 [33]    
                                 0.718     1.039     2.024     2.390     0.140
 39       pi-    -211 [33]    
                                 0.010     0.554     0.230     0.616     0.140
 40     omega     223 [28] (62,63)   
                                -0.004    -0.587     0.468     1.084     0.782
 41       pi0     111 [28] (68,69)   
                                -0.002     0.087    -0.075     0.177     0.135
 42      rho+     213 [32] (70,71)   
                                -0.267     0.579    -0.457     1.025     0.659
 43      pi'- -100211 [32] (74,75)   
                                -0.217    -1.078     0.598     1.747     1.218
 44       pi0     111 [29] (78,79)   
                                -0.297     0.486    -0.433     0.728     0.135
 45        K-    -321 [29]    
                                -0.734    -0.491    -1.450     1.768     0.494
------------------------------------------------------------------------------
     Sum of momenta:            -2e-05    -3e-05    -3e-05      14.3      14.3
------------------------------------------------------------------------------
Step 4 performed by DecayHandler
--- intermediates:
 47      rho0     113 [35] (49,50)   
                                -0.750     0.129    -0.206     1.035     0.671
 51       eta     221 [36] (53..55)   
                                -0.111    -0.639    -0.397     0.937     0.548
 52       pi0     111 [36] (58,59)   
                                 0.172    -0.266     0.116     0.364     0.135
 55       pi0     111 [51] (56,57)   
                                -0.014    -0.136    -0.007     0.193     0.135
 62      rho-    -213 [40] (64,65)   
                                -0.094    -0.311     0.240     0.689     0.558
 64       pi0     111 [62] (66,67)   
                                -0.178    -0.383     0.254     0.511     0.135
 70       pi0     111 [42] (72,73)   
                                -0.090     0.161     0.135     0.266     0.135
 75      rho0     113 [43] (76,77)   
                                 0.302    -0.214     0.316     0.691     0.491
--- final:
 38       pi+     211 [33]    
                                 0.718     1.039     2.024     2.390     0.140
 39       pi-    -211 [33]    
                                 0.010     0.554     0.230     0.616     0.140
 45        K-    -321 [29]    
                                -0.734    -0.491    -1.450     1.768     0.494
 46      K_L0     130 [34]    
                                 0.394    -0.214    -0.683     0.957     0.498
 48       pi+     211 [35]    
                                 0.860     0.545    -0.071     1.030     0.140
 49       pi+     211 [47]    
                                -0.824     0.158    -0.204     0.875     0.140
 50       pi-    -211 [47]    
                                 0.074    -0.030    -0.002     0.161     0.140
 53       pi+     211 [51]    
                                -0.029    -0.446    -0.301     0.557     0.140
 54       pi-    -211 [51]    
                                -0.069    -0.056    -0.089     0.188     0.140
 56     gamma      22 [55]    
                                -0.032    -0.150     0.022     0.155     0.000
 57     gamma      22 [55]    
                                 0.019     0.013    -0.030     0.038     0.000
 58     gamma      22 [52]    
                                 0.152    -0.115     0.079     0.207     0.000
 59     gamma      22 [52]    
                                 0.020    -0.151     0.037     0.157     0.000
 60     gamma      22 [37]    
                                 0.082    -0.076     0.238     0.263     0.000
 61     gamma      22 [37]    
                                 0.147    -0.066     0.099     0.189     0.000
 63       pi+     211 [40]    
                                 0.090    -0.276     0.228     0.395     0.140
 65       pi-    -211 [62]    
                                 0.083     0.072    -0.014     0.178     0.140
 66     gamma      22 [64]    
                                -0.031    -0.193     0.162     0.254     0.000
 67     gamma      22 [64]    
                                -0.146    -0.190     0.092     0.257     0.000
 68     gamma      22 [41]    
                                -0.046     0.099    -0.074     0.132     0.000
 69     gamma      22 [41]    
                                 0.043    -0.012    -0.001     0.045     0.000
 71       pi+     211 [42]    
                                -0.177     0.418    -0.592     0.759     0.140
 72     gamma      22 [70]    
                                 0.005    -0.009    -0.016     0.019     0.000
 73     gamma      22 [70]    
                                -0.095     0.170     0.151     0.247     0.000
 74       pi-    -211 [43]    
                                -0.518    -0.864     0.283     1.056     0.140
 76       pi+     211 [75]    
                                 0.037    -0.110    -0.068     0.194     0.140
 77       pi-    -211 [75]    
                                 0.264    -0.104     0.383     0.497     0.140
 78     gamma      22 [44]    
                                -0.290     0.375    -0.346     0.587     0.000
 79     gamma      22 [44]    
                                -0.007     0.111    -0.087     0.141     0.000
------------------------------------------------------------------------------
     Sum of momenta:            -2e-05    -3e-05    -3e-05      14.3      14.3

The following exception classes were reported in this run:
ThePEG::EventHandler::ConsistencyException warning (1 times)
ThePEG::LesHouchesReader::LesHouchesReopenWarning warning (1 times)
