>>>>>>>>>>>>>>>>>>>>>>>>>>>>>>>>>>>>>>>>>>>>>>>>>>>>>>>>>>>>>>>>>>>>>>>>>>>>>>
>>>> Toolkit for HEP Event Generation - ThePEG 2.2.0 <<<<<<<<<<<<<<<<<<<<<<<<<
>>>> Tue Jun 30 00:53:07 2020                                             <<<<
<<<<<<<<<<<<<<<<<<<<<<<<<<<<<<<<<<<<<<<<<<<<<<<<<<<<<<<<<<<<<<<<<<<<<<<<<<<<<<

>> Herwig 7.2.0 / ThePEG 2.2.0

/Herwig/EventHandlers/NoCuts:
MHat  = 2 .. 92.8909 GeV
Scale = 0 .. 1e+12 GeV2
YHat  = -100 .. 100
X1    = 0 .. 1
X2    = 0 .. 1

* A warning exception of type ThePEG::LesHouchesReader::LesHouchesReopenWarning occurred while generating event number 1: 
Reopening LesHouchesReader 'myReader' after accessing 2 events out of 1
* A warning exception of type ThePEG::EventHandler::ConsistencyException occurred while generating event number 1: 
Event handler 'myLesHouchesHandler' found energy-momentum non-conservation by (-1e-06,-1e-05,-2.1e-05;-3.54632e-09) GeV after generating step number 4.

******************************************************************************
Event number 1 (id: ./OUTPUT/0.95MB1.05/1511416763/TMP/Cluster_HERWIGOutput_32) performed by myLesHouchesHandler
Weight: 1
==============================================================================

--- Colliding particles:
  1        e-      11  (3)   
                                23.223     0.000    -0.000    23.223     0.000
  2        e+     -11  (3)   
                               -23.223     0.000     0.000    23.223     0.000
------------------------------------------------------------------------------
Primary sub-process performed by myReader
--- incoming:
  1        e-      11  (3)   
                                23.223     0.000    -0.000    23.223     0.000
  2        e+     -11  (3)   
                               -23.223     0.000     0.000    23.223     0.000
--- intermediates:
  3     gamma      22 [1,2] (4..7)   
                                 0.000     0.000    -0.000    46.445    46.445
--- outgoing:
  4         g      21 [3] (8)  7>>6 {+1,-2}
                                -0.338     3.265     2.306     4.011     0.000
  5         g      21 [3] (9)  6>>7 {+3,-4}
                                 8.541     0.645   -20.091    21.840     0.000
  6         g      21 [3] (10)  4>>5 {+4,-1}
                                -6.194    -0.462     8.888    10.843     0.000
  7         g      21 [3] (17)  5>>4 {+2,-3}
                                -2.009    -3.447     8.897     9.751     0.000
------------------------------------------------------------------------------
Step 1 performed by myLesHouchesHandler
--- intermediates:
  1        e-      11  (3)   
                                23.223     0.000    -0.000    23.223     0.000
  2        e+     -11  (3)   
                               -23.223     0.000     0.000    23.223     0.000
  3     gamma      22 [1,2] (4..7)   
                                 0.000     0.000    -0.000    46.445    46.445
--- final:
  4         g      21 [3] (8)  7>>6 {+1,-2}
                                -0.338     3.265     2.306     4.011     0.000
  5         g      21 [3] (9)  6>>7 {+3,-4}
                                 8.541     0.645   -20.091    21.840     0.000
  6         g      21 [3] (10)  4>>5 {+4,-1}
                                -6.194    -0.462     8.888    10.843     0.000
  7         g      21 [3] (17)  5>>4 {+2,-3}
                                -2.009    -3.447     8.897     9.751     0.000
------------------------------------------------------------------------------
     Sum of momenta:            -1e-05    -1e-05  -2.1e-05      46.4      46.4
------------------------------------------------------------------------------
Step 2 performed by ShowerHandler
--- intermediates:
 10         g      21 [6] (11,16)   {+4,-1}
                                -5.076    -0.378     7.283    17.053    14.555
 11         g      21 [10] (12,13)   {+4,-5}
                                -4.573     0.369     7.781    15.652    12.783
 13         g      21 [11] (14,15)   {+6,-5}
                                -4.214    -3.693     5.442    10.856     7.540
--- final:
  8         g      21 [4] (18,19)  17>>16 {+1,-2}
                                -0.277     2.675     1.890     3.422     0.950
  9         g      21 [5] (20,21)  12>>17 {+3,-4}
                                 6.999     0.528   -16.465    17.923     0.950
 12         g      21 [11] (26,27)  14>>9 {+4,-6}
                                -0.359     4.062     2.339     4.796     0.950
 14         d       1 [13] (33)  >12 {+6}
                                -0.313     0.210     5.304     5.327     0.325
 15      dbar      -1 [13] (31)  16> {-5}
                                -3.901    -3.903     0.138     5.529     0.325
 16         g      21 [10] (24,25)  8>>15 {+5,-1}
                                -0.503    -0.747    -0.498     1.401     0.950
 17         g      21 [7] (22,23)  9>>8 {+2,-3}
                                -1.646    -2.825     7.291     8.047     0.950
------------------------------------------------------------------------------
     Sum of momenta:            -1e-05    -1e-05  -2.1e-05      46.4      46.4
------------------------------------------------------------------------------
Step 3 performed by ClusterHadHandler
--- intermediates:
 18         s       3 [8] (32)   {+1}
                                -0.133     1.462     0.847     1.753     0.450
 19      sbar      -3 [8] (28)   {-2}
                                -0.144     1.214     1.043     1.668     0.450
 20         d       1 [9] (29)   {+3}
                                 4.107     0.632    -9.937    10.776     0.325
 21      dbar      -1 [9] (30)   {-4}
                                 2.892    -0.104    -6.528     7.148     0.325
 22         d       1 [17] (28)   {+2}
                                -0.650    -1.789     4.192     4.615     0.325
 23      dbar      -1 [17] (29)   {-3}
                                -0.996    -1.036     3.099     3.432     0.325
 24         u       2 [16] (31)   {+5}
                                -0.139    -0.493    -0.586     0.844     0.325
 25      ubar      -2 [16] (33)   {-1}
                                -0.364    -0.254     0.088     0.557     0.325
 26         s       3 [12] (30)   {+4}
                                -0.247     2.695     1.519     3.136     0.450
 27      sbar      -3 [12] (32)   {-6}
                                -0.112     1.367     0.820     1.660     0.450
 28   Cluster      81 [19,22] (42,43)   
                                -0.794    -0.575     5.235     6.284     3.335
 29   Cluster      81 [20,23] (34,35)   
                                 3.111    -0.404    -6.838    14.208    12.052
 30   Cluster      81 [21,26] (36,37)   
                                 2.645     2.590    -5.008    10.283     8.183
 31   Cluster      81 [15,24] (44,45)   
                                -4.040    -4.396    -0.448     6.373     2.183
 32   Cluster      81 [18,27] (40)   
                                -0.245     2.829     1.667     3.414     0.901
 33   Cluster      81 [14,25] (41)   
                                -0.677    -0.044     5.392     5.884     2.256
 34   Cluster      81 [29] (46,47)   
                                 3.840     0.580    -9.282    10.151     1.341
 35   Cluster      81 [29] (48,49)   
                                -0.729    -0.984     2.444     4.057     2.997
 36   Cluster      81 [30] (38,39)   
                                 2.810     0.465    -6.140     7.736     3.745
 37   Cluster      81 [30] (50,51)   
                                -0.165     2.125     1.132     2.548     0.816
 38   Cluster      81 [36] (52,53)   
                                 1.916    -0.179    -4.364     4.901     1.126
 39   Cluster      81 [36] (54,55)   
                                 0.894     0.644    -1.776     2.835     1.915
 41   Cluster      81 [33] (56,57)   
                                -0.674    -0.037     5.369     5.863     2.256
--- final:
 40      eta'     331 [32] (58..60)   
                                -0.248     2.822     1.690     3.435     0.958
 42      K_1+   10323 [28] (61,62)   
                                 0.159     0.147     1.113     1.699     1.266
 43    rho_3-    -217 [28] (65,66)   
                                -0.953    -0.722     4.122     4.585     1.612
 44       f_0 9010221 [31] (73,74)   
                                -1.456    -2.026    -1.038     2.815     0.785
 45       pi+     211 [31]    
                                -2.584    -2.370     0.591     3.558     0.140
 46       pi-    -211 [34]    
                                 0.319    -0.246    -0.928     1.021     0.140
 47      rho+     213 [34] (79,80)   
                                 3.521     0.826    -8.354     9.129     0.691
 48   omega''   30223 [35] (83,84)   
                                -0.021    -1.395     2.112     2.825     1.255
 49       f_0 9010221 [35] (89,90)   
                                -0.709     0.411     0.332     1.231     0.857
 50     Kbar0    -311 [37] (95)   
                                -0.184     1.960     0.874     2.210     0.498
 51       pi-    -211 [37]    
                                 0.019     0.166     0.258     0.338     0.140
 52       pi+     211 [38]    
                                 0.682    -0.266    -1.473     1.651     0.140
 53      rho-    -213 [38] (96,97)   
                                 1.234     0.087    -2.892     3.250     0.821
 54      rho+     213 [39] (100,101)   
                                 0.178     0.342    -1.122     1.438     0.813
 55      eta'     331 [39] (104..106)   
                                 0.716     0.303    -0.654     1.396     0.958
 56       eta     221 [41] (110,111)   
                                 0.133     0.001     2.821     2.877     0.548
 57      a_1-  -20213 [41] (112,113)   
                                -0.807    -0.039     2.548     2.986     1.331
------------------------------------------------------------------------------
     Sum of momenta:            -1e-05    -1e-05  -2.1e-05      46.4      46.4
------------------------------------------------------------------------------
Step 4 performed by DecayHandler
--- intermediates:
 61      rho0     113 [42] (63,64)   
                                -0.002     0.178     0.708     1.040     0.741
 65      a_20     115 [43] (67,68)   
                                -0.447    -0.547     3.238     3.542     1.249
 67      rho-    -213 [65] (69,70)   
                                -0.670    -0.276     2.302     2.532     0.768
 69       pi0     111 [67] (71,72)   
                                -0.562     0.045     1.909     1.995     0.135
 73       pi0     111 [44] (75,76)   
                                -0.182    -0.839    -0.367     0.943     0.135
 74       pi0     111 [44] (77,78)   
                                -1.274    -1.188    -0.672     1.872     0.135
 79       pi0     111 [47] (81,82)   
                                 1.801     0.586    -5.032     5.378     0.135
 83      rho0     113 [48] (85,86)   
                                -0.393    -0.778     1.281     1.717     0.740
 84       pi0     111 [48] (87,88)   
                                 0.373    -0.617     0.832     1.109     0.135
 89       pi0     111 [49] (91,92)   
                                -0.621     0.627     0.357     0.961     0.135
 90       pi0     111 [49] (93,94)   
                                -0.087    -0.216    -0.024     0.270     0.135
 96       pi0     111 [53] (98,99)   
                                 0.800    -0.225    -2.259     2.411     0.135
100       pi0     111 [54] (102,103)   
                                 0.244    -0.191    -0.339     0.479     0.135
106       eta     221 [55] (107..109)   
                                 0.633     0.292    -0.483     1.009     0.548
112     rho'0  100113 [57] (114,115)   
                                -0.519     0.424     1.841     2.083     0.706
--- final:
 45       pi+     211 [31]    
                                -2.584    -2.370     0.591     3.558     0.140
 46       pi-    -211 [34]    
                                 0.319    -0.246    -0.928     1.021     0.140
 51       pi-    -211 [37]    
                                 0.019     0.166     0.258     0.338     0.140
 52       pi+     211 [38]    
                                 0.682    -0.266    -1.473     1.651     0.140
 58       pi+     211 [40]    
                                -0.366     0.562     0.290     0.744     0.140
 59       pi-    -211 [40]    
                                 0.142     2.031     1.372     2.459     0.140
 60     gamma      22 [40]    
                                -0.024     0.228     0.027     0.231     0.000
 62        K+     321 [42]    
                                 0.161    -0.031     0.405     0.659     0.494
 63       pi+     211 [61]    
                                 0.087    -0.251     0.245     0.388     0.140
 64       pi-    -211 [61]    
                                -0.089     0.429     0.463     0.653     0.140
 66       pi-    -211 [43]    
                                -0.506    -0.175     0.884     1.043     0.140
 68       pi+     211 [65]    
                                 0.223    -0.271     0.936     1.009     0.140
 70       pi-    -211 [67]    
                                -0.108    -0.321     0.393     0.537     0.140
 71     gamma      22 [69]    
                                -0.271     0.089     0.968     1.009     0.000
 72     gamma      22 [69]    
                                -0.291    -0.044     0.941     0.986     0.000
 75     gamma      22 [73]    
                                -0.112    -0.702    -0.265     0.759     0.000
 76     gamma      22 [73]    
                                -0.070    -0.136    -0.102     0.184     0.000
 77     gamma      22 [74]    
                                -0.953    -0.939    -0.468     1.417     0.000
 78     gamma      22 [74]    
                                -0.321    -0.249    -0.204     0.454     0.000
 80       pi+     211 [47]    
                                 1.720     0.240    -3.322     3.752     0.140
 81     gamma      22 [79]    
                                 0.040    -0.007    -0.096     0.104     0.000
 82     gamma      22 [79]    
                                 1.761     0.592    -4.936     5.274     0.000
 85       pi+     211 [83]    
                                -0.131     0.080     0.111     0.235     0.140
 86       pi-    -211 [83]    
                                -0.262    -0.859     1.170     1.481     0.140
 87     gamma      22 [84]    
                                 0.260    -0.479     0.541     0.768     0.000
 88     gamma      22 [84]    
                                 0.113    -0.138     0.291     0.341     0.000
 91     gamma      22 [89]    
                                -0.566     0.503     0.307     0.817     0.000
 92     gamma      22 [89]    
                                -0.055     0.123     0.050     0.144     0.000
 93     gamma      22 [90]    
                                -0.043    -0.096    -0.079     0.131     0.000
 94     gamma      22 [90]    
                                -0.045    -0.120     0.054     0.139     0.000
 95      K_L0     130 [50]    
                                -0.184     1.960     0.874     2.210     0.498
 97       pi-    -211 [53]    
                                 0.434     0.311    -0.632     0.839     0.140
 98     gamma      22 [96]    
                                 0.695    -0.196    -2.073     2.196     0.000
 99     gamma      22 [96]    
                                 0.105    -0.029    -0.186     0.216     0.000
101       pi+     211 [54]    
                                -0.066     0.533    -0.783     0.959     0.140
102     gamma      22 [100]    
                                -0.004     0.015    -0.019     0.024     0.000
103     gamma      22 [100]    
                                 0.248    -0.206    -0.320     0.455     0.000
104       pi+     211 [55]    
                                 0.068     0.058    -0.172     0.239     0.140
105       pi-    -211 [55]    
                                 0.015    -0.047     0.001     0.148     0.140
107       pi+     211 [106]    
                                 0.413     0.101    -0.165     0.477     0.140
108       pi-    -211 [106]    
                                 0.102     0.090    -0.323     0.378     0.140
109     gamma      22 [106]    
                                 0.117     0.100     0.005     0.154     0.000
110     gamma      22 [56]    
                                 0.241     0.122     0.714     0.764     0.000
111     gamma      22 [56]    
                                -0.108    -0.121     2.107     2.113     0.000
113       pi-    -211 [57]    
                                -0.288    -0.463     0.707     0.903     0.140
114       pi-    -211 [112]    
                                -0.610     0.251     0.985     1.194     0.140
115       pi+     211 [112]    
                                 0.090     0.173     0.856     0.889     0.140
------------------------------------------------------------------------------
     Sum of momenta:            -1e-05    -1e-05  -2.1e-05      46.4      46.4

The following exception classes were reported in this run:
ThePEG::EventHandler::ConsistencyException warning (1 times)
ThePEG::LesHouchesReader::LesHouchesReopenWarning warning (1 times)
