>>>>>>>>>>>>>>>>>>>>>>>>>>>>>>>>>>>>>>>>>>>>>>>>>>>>>>>>>>>>>>>>>>>>>>>>>>>>>>
>>>> Toolkit for HEP Event Generation - ThePEG 2.2.0 <<<<<<<<<<<<<<<<<<<<<<<<<
>>>> Tue Jun 30 00:53:36 2020                                             <<<<
<<<<<<<<<<<<<<<<<<<<<<<<<<<<<<<<<<<<<<<<<<<<<<<<<<<<<<<<<<<<<<<<<<<<<<<<<<<<<<

>> Herwig 7.2.0 / ThePEG 2.2.0

/Herwig/EventHandlers/NoCuts:
MHat  = 2 .. 19.7196 GeV
Scale = 0 .. 1e+12 GeV2
YHat  = -100 .. 100
X1    = 0 .. 1
X2    = 0 .. 1

* A warning exception of type ThePEG::LesHouchesReader::LesHouchesReopenWarning occurred while generating event number 1: 
Reopening LesHouchesReader 'myReader' after accessing 2 events out of 1
* A warning exception of type ThePEG::EventHandler::ConsistencyException occurred while generating event number 1: 
Event handler 'myLesHouchesHandler' found energy-momentum non-conservation by (-2e-05,-3e-05,-3e-05;1.99997e-05) GeV after generating step number 4.

******************************************************************************
Event number 1 (id: ./OUTPUT/0.95MB1.05/1513254215/TMP/Cluster_HERWIGOutput_33) performed by myLesHouchesHandler
Weight: 1
==============================================================================

--- Colliding particles:
  1        e-      11  (3)   
                                 4.930     0.000    -0.000     4.930     0.000
  2        e+     -11  (3)   
                                -4.930     0.000     0.000     4.930     0.000
------------------------------------------------------------------------------
Primary sub-process performed by myReader
--- incoming:
  1        e-      11  (3)   
                                 4.930     0.000    -0.000     4.930     0.000
  2        e+     -11  (3)   
                                -4.930     0.000     0.000     4.930     0.000
--- intermediates:
  3     gamma      22 [1,2] (4..8)   
                                -0.000     0.000    -0.000     9.860     9.860
--- outgoing:
  4         g      21 [3] (9)  8>>7 {+1,-2}
                                 0.739    -0.447     1.648     1.860     0.000
  5         g      21 [3] (10)  7>>6 {+3,-4}
                                -1.286     0.579     1.291     1.912     0.000
  6         g      21 [3] (11)  5>>8 {+5,-3}
                                 0.530     1.250     0.637     1.500     0.000
  7         g      21 [3] (12)  4>>5 {+4,-1}
                                 0.905    -1.511    -1.454     2.284     0.000
  8         g      21 [3] (13)  6>>4 {+2,-5}
                                -0.888     0.129    -2.121     2.303     0.000
------------------------------------------------------------------------------
Step 1 performed by myLesHouchesHandler
--- intermediates:
  1        e-      11  (3)   
                                 4.930     0.000    -0.000     4.930     0.000
  2        e+     -11  (3)   
                                -4.930     0.000     0.000     4.930     0.000
  3     gamma      22 [1,2] (4..8)   
                                -0.000     0.000    -0.000     9.860     9.860
--- final:
  4         g      21 [3] (9)  8>>7 {+1,-2}
                                 0.739    -0.447     1.648     1.860     0.000
  5         g      21 [3] (10)  7>>6 {+3,-4}
                                -1.286     0.579     1.291     1.912     0.000
  6         g      21 [3] (11)  5>>8 {+5,-3}
                                 0.530     1.250     0.637     1.500     0.000
  7         g      21 [3] (12)  4>>5 {+4,-1}
                                 0.905    -1.511    -1.454     2.284     0.000
  8         g      21 [3] (13)  6>>4 {+2,-5}
                                -0.888     0.129    -2.121     2.303     0.000
------------------------------------------------------------------------------
     Sum of momenta:            -3e-05    -3e-05    -3e-05      9.86      9.86
------------------------------------------------------------------------------
Step 2 performed by ShowerHandler
--- final:
  9         g      21 [4] (14,15)  13>>12 {+1,-2}
                                 0.645    -0.391     1.440     1.883     0.950
 10         g      21 [5] (16,17)  12>>11 {+3,-4}
                                -1.124     0.506     1.128     1.922     0.950
 11         g      21 [6] (18,19)  10>>13 {+5,-3}
                                 0.463     1.092     0.556     1.619     0.950
 12         g      21 [7] (20,21)  9>>10 {+4,-1}
                                 0.791    -1.320    -1.271     2.211     0.950
 13         g      21 [8] (22,23)  11>>9 {+2,-5}
                                -0.776     0.113    -1.854     2.226     0.950
------------------------------------------------------------------------------
     Sum of momenta:            -3e-05    -3e-05    -3e-05      9.86      9.86
------------------------------------------------------------------------------
Step 3 performed by ClusterHadHandler
--- intermediates:
 14         u       2 [9] (24)   {+1}
                                 0.142    -0.209     0.131     0.432     0.325
 15      ubar      -2 [9] (27)   {-2}
                                 0.503    -0.181     1.309     1.451     0.325
 16         u       2 [10] (25)   {+3}
                                -0.614     0.295     0.176     0.775     0.325
 17      ubar      -2 [10] (28)   {-4}
                                -0.510     0.211     0.952     1.147     0.325
 18         u       2 [11] (27)   {+5}
                                 0.287     0.587     0.660     0.984     0.325
 19      ubar      -2 [11] (25)   {-3}
                                 0.176     0.505    -0.104     0.635     0.325
 20         s       3 [12] (26)   {+4}
                                 0.201    -0.496    -0.467     0.841     0.450
 21      sbar      -3 [12] (24)   {-1}
                                 0.590    -0.824    -0.804     1.370     0.450
 22         u       2 [13] (28)   {+2}
                                -0.772     0.106    -0.981     1.294     0.325
 23      ubar      -2 [13] (26)   {-5}
                                -0.004     0.007    -0.872     0.931     0.325
 24   Cluster      81 [14,21] (35,36)   
                                 0.732    -1.033    -0.673     1.802     1.091
 25   Cluster      81 [16,19] (37,38)   
                                -0.437     0.800     0.073     1.409     1.072
 26   Cluster      81 [20,23] (31,32)   
                                 0.198    -0.489    -1.340     1.772     1.033
 27   Cluster      81 [15,18] (33,34)   
                                 0.790     0.406     1.969     2.435     1.124
 28   Cluster      81 [17,22] (29,30)   
                                -1.283     0.317    -0.029     2.442     2.053
--- final:
 29 eta(1405) 9020221 [28] (39,40)   
                                -0.984     0.014    -0.190     1.730     1.410
 30       eta     221 [28] (56,57)   
                                -0.299     0.303     0.161     0.712     0.548
 31     Kbar0    -311 [26] (58)   
                                 0.440    -0.340    -1.226     1.435     0.498
 32       pi-    -211 [26]    
                                -0.243    -0.149    -0.114     0.337     0.140
 33       pi0     111 [27] (61,62)   
                                -0.050     0.226     0.432     0.509     0.135
 34     omega     223 [27] (63,64)   
                                 0.841     0.179     1.537     1.926     0.781
 35       pi0     111 [24] (69,70)   
                                 0.041    -0.040     0.037     0.151     0.135
 36       K*+     323 [24] (71,72)   
                                 0.691    -0.994    -0.710     1.651     0.870
 37       pi+     211 [25]    
                                -0.178     0.186    -0.112     0.314     0.140
 38      rho-    -213 [25] (80,81)   
                                -0.260     0.614     0.185     1.096     0.850
------------------------------------------------------------------------------
     Sum of momenta:            -3e-05    -3e-05    -3e-05      9.86      9.86
------------------------------------------------------------------------------
Step 4 performed by DecayHandler
--- intermediates:
 39       eta     221 [29] (41..43)   
                                -0.366     0.235     0.268     0.749     0.548
 40     sigma 9000221 [29] (50,51)   
                                -0.618    -0.221    -0.459     0.981     0.567
 41       pi0     111 [39] (44,45)   
                                -0.008     0.155     0.167     0.265     0.135
 42       pi0     111 [39] (46,47)   
                                -0.082     0.022     0.050     0.167     0.135
 43       pi0     111 [39] (48,49)   
                                -0.277     0.058     0.051     0.317     0.135
 50       pi0     111 [40] (52,53)   
                                -0.097    -0.257    -0.062     0.312     0.135
 51       pi0     111 [40] (54,55)   
                                -0.520     0.036    -0.397     0.669     0.135
 58      K_S0     310 [31] (59,60)   
                                 0.440    -0.340    -1.226     1.435     0.498
 63      rho0     113 [34] (65,66)   
                                 0.621     0.036     1.278     1.534     0.577
 64       pi0     111 [34] (67,68)   
                                 0.219     0.143     0.258     0.392     0.135
 71        K0     311 [36] (73)   
                                 0.360    -0.584    -0.134     0.858     0.498
 73      K_S0     310 [71] (74,75)   
                                 0.360    -0.584    -0.134     0.858     0.498
 74       pi0     111 [73] (76,77)   
                                 0.056    -0.079    -0.188     0.251     0.135
 75       pi0     111 [73] (78,79)   
                                 0.304    -0.505     0.054     0.607     0.135
 80       pi0     111 [38] (82,83)   
                                -0.493     0.138     0.050     0.531     0.135
--- final:
 32       pi-    -211 [26]    
                                -0.243    -0.149    -0.114     0.337     0.140
 37       pi+     211 [25]    
                                -0.178     0.186    -0.112     0.314     0.140
 44     gamma      22 [41]    
                                -0.060     0.030     0.033     0.074     0.000
 45     gamma      22 [41]    
                                 0.052     0.124     0.134     0.190     0.000
 46     gamma      22 [42]    
                                -0.115     0.029     0.018     0.120     0.000
 47     gamma      22 [42]    
                                 0.034    -0.006     0.032     0.047     0.000
 48     gamma      22 [43]    
                                -0.191     0.049    -0.030     0.199     0.000
 49     gamma      22 [43]    
                                -0.086     0.009     0.081     0.118     0.000
 52     gamma      22 [50]    
                                -0.038    -0.001    -0.028     0.047     0.000
 53     gamma      22 [50]    
                                -0.060    -0.256    -0.034     0.265     0.000
 54     gamma      22 [51]    
                                -0.239    -0.029    -0.119     0.268     0.000
 55     gamma      22 [51]    
                                -0.282     0.064    -0.278     0.401     0.000
 56     gamma      22 [30]    
                                -0.192     0.053    -0.185     0.272     0.000
 57     gamma      22 [30]    
                                -0.107     0.249     0.346     0.440     0.000
 59       pi+     211 [58]    
                                 0.175    -0.051    -0.132     0.265     0.140
 60       pi-    -211 [58]    
                                 0.266    -0.288    -1.094     1.170     0.140
 61     gamma      22 [33]    
                                 0.023     0.072     0.239     0.251     0.000
 62     gamma      22 [33]    
                                -0.073     0.154     0.193     0.258     0.000
 65       pi+     211 [63]    
                                 0.451     0.192     0.515     0.724     0.140
 66       pi-    -211 [63]    
                                 0.170    -0.156     0.764     0.810     0.140
 67     gamma      22 [64]    
                                 0.182     0.123     0.270     0.348     0.000
 68     gamma      22 [64]    
                                 0.038     0.020    -0.011     0.044     0.000
 69     gamma      22 [35]    
                                 0.046    -0.063    -0.027     0.083     0.000
 70     gamma      22 [35]    
                                -0.005     0.024     0.064     0.068     0.000
 72       pi+     211 [36]    
                                 0.331    -0.409    -0.576     0.792     0.140
 76     gamma      22 [74]    
                                 0.007    -0.105    -0.154     0.187     0.000
 77     gamma      22 [74]    
                                 0.048     0.025    -0.034     0.064     0.000
 78     gamma      22 [75]    
                                 0.253    -0.490     0.051     0.554     0.000
 79     gamma      22 [75]    
                                 0.051    -0.015     0.003     0.053     0.000
 81       pi-    -211 [38]    
                                 0.233     0.476     0.135     0.564     0.140
 82     gamma      22 [80]    
                                -0.255     0.035     0.083     0.270     0.000
 83     gamma      22 [80]    
                                -0.238     0.103    -0.033     0.261     0.000
------------------------------------------------------------------------------
     Sum of momenta:            -3e-05    -3e-05    -3e-05      9.86      9.86

The following exception classes were reported in this run:
ThePEG::EventHandler::ConsistencyException warning (1 times)
ThePEG::LesHouchesReader::LesHouchesReopenWarning warning (1 times)
