>>>>>>>>>>>>>>>>>>>>>>>>>>>>>>>>>>>>>>>>>>>>>>>>>>>>>>>>>>>>>>>>>>>>>>>>>>>>>>
>>>> Toolkit for HEP Event Generation - ThePEG 2.2.0 <<<<<<<<<<<<<<<<<<<<<<<<<
>>>> Tue Jun 30 00:41:25 2020                                             <<<<
<<<<<<<<<<<<<<<<<<<<<<<<<<<<<<<<<<<<<<<<<<<<<<<<<<<<<<<<<<<<<<<<<<<<<<<<<<<<<<

>> Herwig 7.2.0 / ThePEG 2.2.0

/Herwig/EventHandlers/NoCuts:
MHat  = 2 .. 26.9593 GeV
Scale = 0 .. 1e+12 GeV2
YHat  = -100 .. 100
X1    = 0 .. 1
X2    = 0 .. 1

* A warning exception of type ThePEG::LesHouchesReader::LesHouchesReopenWarning occurred while generating event number 1: 
Reopening LesHouchesReader 'myReader' after accessing 2 events out of 1
* A warning exception of type ThePEG::EventHandler::ConsistencyException occurred while generating event number 1: 
Event handler 'myLesHouchesHandler' found energy-momentum non-conservation by (3.4035e-15,-3e-05,-2e-05;9.99869e-06) GeV after generating step number 4.

******************************************************************************
Event number 1 (id: ./OUTPUT/0.95MB1.05/1512750994/TMP/Cluster_HERWIGOutput_32) performed by myLesHouchesHandler
Weight: 1
==============================================================================

--- Colliding particles:
  1        e-      11  (3)   
                                 6.740     0.000     0.000     6.740     0.000
  2        e+     -11  (3)   
                                -6.740     0.000     0.000     6.740     0.000
------------------------------------------------------------------------------
Primary sub-process performed by myReader
--- incoming:
  1        e-      11  (3)   
                                 6.740     0.000     0.000     6.740     0.000
  2        e+     -11  (3)   
                                -6.740     0.000     0.000     6.740     0.000
--- intermediates:
  3     gamma      22 [1,2] (4..7)   
                                -0.000     0.000     0.000    13.480    13.480
--- outgoing:
  4         g      21 [3] (8)  7>>5 {+1,-2}
                                 2.032    -1.163     3.267     4.020     0.000
  5         g      21 [3] (11)  4>>6 {+3,-1}
                                 2.838     2.246    -1.039     3.765     0.000
  6         g      21 [3] (12)  5>>7 {+4,-3}
                                -2.633    -0.891    -0.420     2.811     0.000
  7         g      21 [3] (13)  6>>4 {+2,-4}
                                -2.238    -0.192    -1.808     2.883     0.000
------------------------------------------------------------------------------
Step 1 performed by myLesHouchesHandler
--- intermediates:
  1        e-      11  (3)   
                                 6.740     0.000     0.000     6.740     0.000
  2        e+     -11  (3)   
                                -6.740     0.000     0.000     6.740     0.000
  3     gamma      22 [1,2] (4..7)   
                                -0.000     0.000     0.000    13.480    13.480
--- final:
  4         g      21 [3] (8)  7>>5 {+1,-2}
                                 2.032    -1.163     3.267     4.020     0.000
  5         g      21 [3] (11)  4>>6 {+3,-1}
                                 2.838     2.246    -1.039     3.765     0.000
  6         g      21 [3] (12)  5>>7 {+4,-3}
                                -2.633    -0.891    -0.420     2.811     0.000
  7         g      21 [3] (13)  6>>4 {+2,-4}
                                -2.238    -0.192    -1.808     2.883     0.000
------------------------------------------------------------------------------
     Sum of momenta:            -1e-05    -3e-05    -2e-05      13.5      13.5
------------------------------------------------------------------------------
Step 2 performed by ShowerHandler
--- intermediates:
  8         g      21 [4] (9,10)   {+1,-2}
                                 1.728    -0.989     2.778     4.938     3.564
--- final:
  9         g      21 [8] (20,21)  10>>11 {+1,-5}
                                -0.550     0.328     1.427     1.831     0.950
 10         g      21 [8] (22,23)  13>>9 {+5,-2}
                                 2.279    -1.318     1.351     3.108     0.950
 11         g      21 [5] (14,15)  9>>12 {+3,-1}
                                 2.413     1.910    -0.883     3.340     0.950
 12         g      21 [6] (16,17)  11>>13 {+4,-3}
                                -2.239    -0.757    -0.357     2.572     0.950
 13         g      21 [7] (18,19)  12>>10 {+2,-4}
                                -1.903    -0.163    -1.538     2.630     0.950
------------------------------------------------------------------------------
     Sum of momenta:            -1e-05    -3e-05    -2e-05      13.5      13.5
------------------------------------------------------------------------------
Step 3 performed by ClusterHadHandler
--- intermediates:
 14         d       1 [11] (28)   {+3}
                                 1.700     1.353    -0.306     2.218     0.325
 15      dbar      -1 [11] (24)   {-1}
                                 0.713     0.557    -0.578     1.122     0.325
 16         s       3 [12] (27)   {+4}
                                -1.253    -0.408    -0.340     1.434     0.450
 17      sbar      -3 [12] (26)   {-3}
                                -0.986    -0.349    -0.017     1.139     0.450
 18         u       2 [13] (26)   {+2}
                                -1.001    -0.354    -1.084     1.552     0.325
 19      ubar      -2 [13] (28)   {-4}
                                -0.902     0.191    -0.454     1.078     0.325
 20         d       1 [9] (24)   {+1}
                                -0.029    -0.104     0.216     0.405     0.325
 21      dbar      -1 [9] (25)   {-5}
                                -0.521     0.433     1.212     1.426     0.325
 22         u       2 [10] (25)   {+5}
                                 0.305    -0.361     0.372     0.683     0.325
 23      ubar      -2 [10] (27)   {-2}
                                 1.974    -0.957     0.979     2.424     0.325
 24   Cluster      81 [15,20] (33,34)   
                                 0.684     0.453    -0.362     1.526     1.235
 25   Cluster      81 [21,22] (35,36)   
                                -0.217     0.072     1.583     2.109     1.374
 26   Cluster      81 [17,18] (29,30)   
                                -1.987    -0.703    -1.101     2.690     1.259
 27   Cluster      81 [16,23] (37,38)   
                                 0.721    -1.365     0.639     3.858     3.477
 28   Cluster      81 [14,19] (31,32)   
                                 0.798     1.544    -0.759     3.296     2.695
--- final:
 29       pi+     211 [26]    
                                -0.239    -0.224     0.066     0.362     0.140
 30       K*0     313 [26] (39,40)   
                                -1.747    -0.479    -1.167     2.328     0.881
 31       K*0     313 [28] (46,47)   
                                 0.325    -0.188     0.360     1.031     0.890
 32       K*-    -323 [28] (48,49)   
                                 0.473     1.732    -1.120     2.265     0.808
 33      rho+     213 [24] (53,54)   
                                 0.201     0.097    -0.472     0.901     0.734
 34       pi-    -211 [24]    
                                 0.483     0.356     0.110     0.625     0.140
 35       pi+     211 [25]    
                                -0.044     0.444     0.817     0.941     0.140
 36     omega     223 [25] (57,58)   
                                -0.173    -0.372     0.766     1.168     0.779
 37K_2(1820)-  -20325 [27] (63,64)   
                                 0.047    -0.065     0.732     1.792     1.634
 38     rho'0  100113 [27] (71,72)   
                                 0.674    -1.300    -0.093     2.066     1.454
------------------------------------------------------------------------------
     Sum of momenta:            -1e-05    -3e-05    -2e-05      13.5      13.5
------------------------------------------------------------------------------
Step 4 performed by DecayHandler
--- intermediates:
 39        K0     311 [30] (41)   
                                -1.231    -0.494    -0.569     1.526     0.498
 40       pi0     111 [30] (44,45)   
                                -0.516     0.015    -0.598     0.802     0.135
 41      K_S0     310 [39] (42,43)   
                                -1.231    -0.494    -0.569     1.526     0.498
 48     Kbar0    -311 [32] (50)   
                                 0.087     0.753    -0.540     1.056     0.498
 50      K_S0     310 [48] (51,52)   
                                 0.087     0.753    -0.540     1.056     0.498
 53       pi0     111 [33] (55,56)   
                                 0.280    -0.237    -0.186     0.433     0.135
 57      rho0     113 [36] (59,60)   
                                 0.028    -0.325     0.712     0.915     0.474
 58       pi0     111 [36] (61,62)   
                                -0.201    -0.048     0.054     0.253     0.135
 64       f_2     225 [37] (65,66)   
                                 0.041    -0.051     0.590     1.278     1.132
 65       pi0     111 [64] (67,68)   
                                -0.283    -0.023     0.805     0.865     0.135
 66       pi0     111 [64] (69,70)   
                                 0.324    -0.029    -0.216     0.413     0.135
 71      rho0     113 [38] (73,74)   
                                 0.718    -0.378     0.008     1.073     0.703
 72     sigma 9000221 [38] (75,76)   
                                -0.044    -0.923    -0.101     0.992     0.349
 75       pi0     111 [72] (77,78)   
                                 0.012    -0.445    -0.155     0.490     0.135
 76       pi0     111 [72] (79,80)   
                                -0.055    -0.478     0.053     0.502     0.135
--- final:
 29       pi+     211 [26]    
                                -0.239    -0.224     0.066     0.362     0.140
 34       pi-    -211 [24]    
                                 0.483     0.356     0.110     0.625     0.140
 35       pi+     211 [25]    
                                -0.044     0.444     0.817     0.941     0.140
 42       pi+     211 [41]    
                                -0.313    -0.110     0.023     0.360     0.140
 43       pi-    -211 [41]    
                                -0.918    -0.384    -0.591     1.166     0.140
 44     gamma      22 [40]    
                                -0.044    -0.037    -0.081     0.100     0.000
 45     gamma      22 [40]    
                                -0.472     0.052    -0.516     0.702     0.000
 46        K+     321 [31]    
                                 0.215    -0.264     0.509     0.787     0.494
 47       pi-    -211 [31]    
                                 0.110     0.076    -0.149     0.244     0.140
 49       pi-    -211 [32]    
                                 0.386     0.979    -0.579     1.209     0.140
 51       pi+     211 [50]    
                                -0.138     0.411    -0.171     0.487     0.140
 52       pi-    -211 [50]    
                                 0.226     0.342    -0.369     0.569     0.140
 54       pi+     211 [33]    
                                -0.079     0.334    -0.286     0.468     0.140
 55     gamma      22 [53]    
                                 0.130    -0.166    -0.160     0.264     0.000
 56     gamma      22 [53]    
                                 0.151    -0.071    -0.026     0.169     0.000
 59       pi+     211 [57]    
                                 0.192    -0.171     0.486     0.567     0.140
 60       pi-    -211 [57]    
                                -0.164    -0.154     0.226     0.348     0.140
 61     gamma      22 [58]    
                                 0.002     0.028    -0.004     0.029     0.000
 62     gamma      22 [58]    
                                -0.202    -0.076     0.058     0.224     0.000
 63        K-    -321 [37]    
                                 0.005    -0.014     0.143     0.514     0.494
 67     gamma      22 [65]    
                                -0.137     0.056     0.349     0.379     0.000
 68     gamma      22 [65]    
                                -0.146    -0.078     0.456     0.485     0.000
 69     gamma      22 [66]    
                                 0.174    -0.013    -0.193     0.260     0.000
 70     gamma      22 [66]    
                                 0.151    -0.016    -0.023     0.153     0.000
 73       pi+     211 [71]    
                                 0.103     0.131     0.132     0.254     0.140
 74       pi-    -211 [71]    
                                 0.615    -0.509    -0.123     0.819     0.140
 77     gamma      22 [75]    
                                 0.064    -0.338    -0.094     0.356     0.000
 78     gamma      22 [75]    
                                -0.052    -0.107    -0.061     0.134     0.000
 79     gamma      22 [76]    
                                -0.026    -0.355    -0.020     0.356     0.000
 80     gamma      22 [76]    
                                -0.029    -0.123     0.073     0.146     0.000
------------------------------------------------------------------------------
     Sum of momenta:            -1e-05    -3e-05    -2e-05      13.5      13.5

The following exception classes were reported in this run:
ThePEG::EventHandler::ConsistencyException warning (1 times)
ThePEG::LesHouchesReader::LesHouchesReopenWarning warning (1 times)
