>>>>>>>>>>>>>>>>>>>>>>>>>>>>>>>>>>>>>>>>>>>>>>>>>>>>>>>>>>>>>>>>>>>>>>>>>>>>>>
>>>> Toolkit for HEP Event Generation - ThePEG 2.2.0 <<<<<<<<<<<<<<<<<<<<<<<<<
>>>> Tue Jun 30 00:46:41 2020                                             <<<<
<<<<<<<<<<<<<<<<<<<<<<<<<<<<<<<<<<<<<<<<<<<<<<<<<<<<<<<<<<<<<<<<<<<<<<<<<<<<<<

>> Herwig 7.2.0 / ThePEG 2.2.0

/Herwig/EventHandlers/NoCuts:
MHat  = 2 .. 17.9971 GeV
Scale = 0 .. 1e+12 GeV2
YHat  = -100 .. 100
X1    = 0 .. 1
X2    = 0 .. 1

* A warning exception of type ThePEG::LesHouchesReader::LesHouchesReopenWarning occurred while generating event number 1: 
Reopening LesHouchesReader 'myReader' after accessing 2 events out of 1
* A warning exception of type ThePEG::EventHandler::ConsistencyException occurred while generating event number 1: 
Event handler 'myLesHouchesHandler' found energy-momentum non-conservation by (-1e-05,-3e-05,-3e-05;9.99964e-06) GeV after generating step number 4.

******************************************************************************
Event number 1 (id: ./OUTPUT/0.95MB1.05/1511416763/TMP/Cluster_HERWIGOutput_21) performed by myLesHouchesHandler
Weight: 1
==============================================================================

--- Colliding particles:
  1        e-      11  (3)   
                                 4.499     0.000    -0.000     4.499     0.000
  2        e+     -11  (3)   
                                -4.499     0.000     0.000     4.499     0.000
------------------------------------------------------------------------------
Primary sub-process performed by myReader
--- incoming:
  1        e-      11  (3)   
                                 4.499     0.000    -0.000     4.499     0.000
  2        e+     -11  (3)   
                                -4.499     0.000     0.000     4.499     0.000
--- intermediates:
  3     gamma      22 [1,2] (4..7)   
                                 0.000     0.000     0.000     8.999     8.999
--- outgoing:
  4         g      21 [3] (8)  7>>7 {+1,-2}
                                -0.260     0.123    -0.036     0.290     0.000
  5         g      21 [3] (9)  6>>6 {+3,-4}
                                 1.684     0.269     0.011     1.706     0.000
  6         g      21 [3] (10)  5>>5 {+4,-3}
                                -0.864     2.962     1.331     3.360     0.000
  7         g      21 [3] (11)  4>>4 {+2,-1}
                                -0.560    -3.354    -1.306     3.643     0.000
------------------------------------------------------------------------------
Step 1 performed by myLesHouchesHandler
--- intermediates:
  1        e-      11  (3)   
                                 4.499     0.000    -0.000     4.499     0.000
  2        e+     -11  (3)   
                                -4.499     0.000     0.000     4.499     0.000
  3     gamma      22 [1,2] (4..7)   
                                 0.000     0.000     0.000     8.999     8.999
--- final:
  4         g      21 [3] (8)  7>>7 {+1,-2}
                                -0.260     0.123    -0.036     0.290     0.000
  5         g      21 [3] (9)  6>>6 {+3,-4}
                                 1.684     0.269     0.011     1.706     0.000
  6         g      21 [3] (10)  5>>5 {+4,-3}
                                -0.864     2.962     1.331     3.360     0.000
  7         g      21 [3] (11)  4>>4 {+2,-1}
                                -0.560    -3.354    -1.306     3.643     0.000
------------------------------------------------------------------------------
     Sum of momenta:            -2e-05    -3e-05    -3e-05         9         9
------------------------------------------------------------------------------
Step 2 performed by ShowerHandler
--- final:
  8         g      21 [4] (12,13)  11>>11 {+1,-2}
                                -0.222     0.105    -0.030     0.982     0.950
  9         g      21 [5] (14,15)  10>>10 {+3,-4}
                                 1.439     0.230     0.009     1.739     0.950
 10         g      21 [6] (16,17)  9>>9 {+4,-3}
                                -0.738     2.530     1.137     3.024     0.950
 11         g      21 [7] (18,19)  8>>8 {+2,-1}
                                -0.478    -2.865    -1.116     3.254     0.950
------------------------------------------------------------------------------
     Sum of momenta:            -2e-05    -3e-05    -3e-05         9         9
------------------------------------------------------------------------------
Step 3 performed by ClusterHadHandler
--- intermediates:
 12         d       1 [8] (20)   {+1}
                                -0.160    -0.238     0.169     0.465     0.325
 13      dbar      -1 [8] (22)   {-2}
                                -0.062     0.343    -0.199     0.517     0.325
 14         d       1 [9] (21)   {+3}
                                 0.405    -0.179    -0.152     0.570     0.325
 15      dbar      -1 [9] (23)   {-4}
                                 1.034     0.409     0.161     1.170     0.325
 16         s       3 [10] (22)   {+4}
                                -0.505     1.357     0.508     1.599     0.450
 17      sbar      -3 [10] (21)   {-3}
                                -0.233     1.173     0.629     1.425     0.450
 18         d       1 [11] (23)   {+2}
                                -0.284    -1.938    -1.059     2.251     0.325
 19      dbar      -1 [11] (20)   {-1}
                                -0.194    -0.927    -0.056     1.003     0.325
 20   Cluster      81 [12,19] (24,25)   
                                -0.354    -1.165     0.113     1.468     0.813
 21   Cluster      81 [14,17] (30,31)   
                                 0.172     0.994     0.477     1.994     1.652
 22   Cluster      81 [13,16] (28,29)   
                                -0.568     1.700     0.308     2.116     1.081
 23   Cluster      81 [15,18] (26,27)   
                                 0.750    -1.529    -0.898     3.420     2.827
--- final:
 24       pi-    -211 [20]    
                                -0.568    -0.831    -0.049     1.017     0.140
 25       pi+     211 [20]    
                                 0.214    -0.334     0.162     0.451     0.140
 26      b_10   10113 [23] (32,33)   
                                 0.125    -0.711     0.337     1.436     1.194
 27       h_1   10223 [23] (42,43)   
                                 0.625    -0.819    -1.235     1.985     1.163
 28     Kbar0    -311 [22] (48)   
                                -0.621     1.755     0.342     1.957     0.498
 29       pi0     111 [22] (51,52)   
                                 0.053    -0.055    -0.034     0.159     0.135
 30       K*0     313 [21] (53,54)   
                                 0.239     0.548    -0.082     1.091     0.909
 31       eta     221 [21] (58..60)   
                                -0.067     0.446     0.559     0.903     0.547
------------------------------------------------------------------------------
     Sum of momenta:            -2e-05    -3e-05    -3e-05         9         9
------------------------------------------------------------------------------
Step 4 performed by DecayHandler
--- intermediates:
 32     omega     223 [26] (34,35)   
                                -0.025    -0.172     0.163     0.834     0.799
 33       pi0     111 [26] (40,41)   
                                 0.150    -0.539     0.174     0.601     0.135
 34      rho+     213 [32] (36,37)   
                                -0.030    -0.351    -0.015     0.544     0.414
 36       pi0     111 [34] (38,39)   
                                 0.130    -0.107     0.029     0.217     0.135
 42      rho-    -213 [27] (44,45)   
                                 0.720    -0.731    -1.200     1.791     0.847
 44       pi0     111 [42] (46,47)   
                                 0.239    -0.448    -0.078     0.531     0.135
 48      K_S0     310 [28] (49,50)   
                                -0.621     1.755     0.342     1.957     0.498
 53        K0     311 [30] (55)   
                                 0.320     0.538     0.146     0.813     0.498
 54       pi0     111 [30] (56,57)   
                                -0.081     0.010    -0.228     0.278     0.135
 58       pi0     111 [31] (61,62)   
                                 0.053     0.267     0.130     0.331     0.135
 59       pi0     111 [31] (63,64)   
                                -0.063     0.111     0.113     0.218     0.135
 60       pi0     111 [31] (65..67)   
                                -0.057     0.068     0.316     0.355     0.135
--- final:
 24       pi-    -211 [20]    
                                -0.568    -0.831    -0.049     1.017     0.140
 25       pi+     211 [20]    
                                 0.214    -0.334     0.162     0.451     0.140
 35       pi-    -211 [32]    
                                 0.005     0.180     0.179     0.290     0.140
 37       pi+     211 [34]    
                                -0.160    -0.245    -0.044     0.327     0.140
 38     gamma      22 [36]    
                                 0.028     0.015     0.048     0.058     0.000
 39     gamma      22 [36]    
                                 0.102    -0.121    -0.019     0.160     0.000
 40     gamma      22 [33]    
                                -0.019    -0.092     0.055     0.108     0.000
 41     gamma      22 [33]    
                                 0.169    -0.448     0.119     0.493     0.000
 43       pi+     211 [27]    
                                -0.094    -0.088    -0.036     0.193     0.140
 45       pi-    -211 [42]    
                                 0.481    -0.283    -1.122     1.260     0.140
 46     gamma      22 [44]    
                                 0.233    -0.314    -0.052     0.394     0.000
 47     gamma      22 [44]    
                                 0.006    -0.134    -0.026     0.136     0.000
 49       pi+     211 [48]    
                                -0.424     0.812     0.004     0.927     0.140
 50       pi-    -211 [48]    
                                -0.197     0.943     0.338     1.030     0.140
 51     gamma      22 [29]    
                                -0.039    -0.003     0.015     0.042     0.000
 52     gamma      22 [29]    
                                 0.092    -0.052    -0.049     0.117     0.000
 55      K_L0     130 [53]    
                                 0.320     0.538     0.146     0.813     0.498
 56     gamma      22 [54]    
                                -0.108    -0.026    -0.141     0.179     0.000
 57     gamma      22 [54]    
                                 0.027     0.036    -0.088     0.099     0.000
 61     gamma      22 [58]    
                                 0.090     0.122     0.043     0.157     0.000
 62     gamma      22 [58]    
                                -0.037     0.146     0.086     0.173     0.000
 63     gamma      22 [59]    
                                -0.019    -0.020     0.065     0.071     0.000
 64     gamma      22 [59]    
                                -0.044     0.132     0.048     0.147     0.000
 65     gamma      22 [60]    
                                 0.013    -0.007     0.197     0.198     0.000
 66        e-      11 [60]    
                                -0.025     0.026     0.042     0.055     0.001
 67        e+     -11 [60]    
                                -0.046     0.049     0.077     0.102     0.001
------------------------------------------------------------------------------
     Sum of momenta:            -2e-05    -3e-05    -3e-05         9         9

The following exception classes were reported in this run:
ThePEG::EventHandler::ConsistencyException warning (1 times)
ThePEG::LesHouchesReader::LesHouchesReopenWarning warning (1 times)
