>>>>>>>>>>>>>>>>>>>>>>>>>>>>>>>>>>>>>>>>>>>>>>>>>>>>>>>>>>>>>>>>>>>>>>>>>>>>>>
>>>> Toolkit for HEP Event Generation - ThePEG 2.2.0 <<<<<<<<<<<<<<<<<<<<<<<<<
>>>> Tue Jun 30 00:59:17 2020                                             <<<<
<<<<<<<<<<<<<<<<<<<<<<<<<<<<<<<<<<<<<<<<<<<<<<<<<<<<<<<<<<<<<<<<<<<<<<<<<<<<<<

>> Herwig 7.2.0 / ThePEG 2.2.0

/Herwig/EventHandlers/NoCuts:
MHat  = 2 .. 44.0692 GeV
Scale = 0 .. 1e+12 GeV2
YHat  = -100 .. 100
X1    = 0 .. 1
X2    = 0 .. 1

* A warning exception of type ThePEG::LesHouchesReader::LesHouchesReopenWarning occurred while generating event number 1: 
Reopening LesHouchesReader 'myReader' after accessing 2 events out of 1
* A warning exception of type ThePEG::EventHandler::ConsistencyException occurred while generating event number 1: 
Event handler 'myLesHouchesHandler' found energy-momentum non-conservation by (2.09184e-14,-2e-05,-3e-05;1.99997e-05) GeV after generating step number 4.

******************************************************************************
Event number 1 (id: ./OUTPUT/0.95MB1.05/1514252642/TMP/Cluster_HERWIGOutput_28) performed by myLesHouchesHandler
Weight: 1
==============================================================================

--- Colliding particles:
  1        e-      11  (3)   
                                11.017     0.000     0.000    11.017     0.000
  2        e+     -11  (3)   
                               -11.017     0.000     0.000    11.017     0.000
------------------------------------------------------------------------------
Primary sub-process performed by myReader
--- incoming:
  1        e-      11  (3)   
                                11.017     0.000     0.000    11.017     0.000
  2        e+     -11  (3)   
                               -11.017     0.000     0.000    11.017     0.000
--- intermediates:
  3     gamma      22 [1,2] (4..8)   
                                 0.000     0.000     0.000    22.035    22.035
--- outgoing:
  4         g      21 [3] (9)  7>>5 {+1,-2}
                                 0.237     2.316    -6.459     6.866     0.000
  5         g      21 [3] (12)  4>>7 {+3,-1}
                                -0.566     0.120     0.971     1.130     0.000
  6         g      21 [3] (13)  8>>8 {+4,-5}
                                 0.315    -0.293     8.108     8.120     0.000
  7         g      21 [3] (16)  5>>4 {+2,-3}
                                 2.276    -0.985    -0.337     2.502     0.000
  8         g      21 [3] (17)  6>>6 {+5,-4}
                                -2.261    -1.158    -2.283     3.416     0.000
------------------------------------------------------------------------------
Step 1 performed by myLesHouchesHandler
--- intermediates:
  1        e-      11  (3)   
                                11.017     0.000     0.000    11.017     0.000
  2        e+     -11  (3)   
                               -11.017     0.000     0.000    11.017     0.000
  3     gamma      22 [1,2] (4..8)   
                                 0.000     0.000     0.000    22.035    22.035
--- final:
  4         g      21 [3] (9)  7>>5 {+1,-2}
                                 0.237     2.316    -6.459     6.866     0.000
  5         g      21 [3] (12)  4>>7 {+3,-1}
                                -0.566     0.120     0.971     1.130     0.000
  6         g      21 [3] (13)  8>>8 {+4,-5}
                                 0.315    -0.293     8.108     8.120     0.000
  7         g      21 [3] (16)  5>>4 {+2,-3}
                                 2.276    -0.985    -0.337     2.502     0.000
  8         g      21 [3] (17)  6>>6 {+5,-4}
                                -2.261    -1.158    -2.283     3.416     0.000
------------------------------------------------------------------------------
     Sum of momenta:            -1e-05    -2e-05    -3e-05        22        22
------------------------------------------------------------------------------
Step 2 performed by ShowerHandler
--- intermediates:
  9         g      21 [4] (10,11)   {+1,-2}
                                 0.181     1.772    -4.942     6.064     3.028
 13         g      21 [6] (14,15)   {+4,-5}
                                 0.241    -0.224     6.204     7.561     4.309
 17         g      21 [8] (18,19)   {+5,-4}
                                -1.730    -0.886    -1.747     4.988     4.248
--- final:
 10         g      21 [9] (24,25)  16>>11 {+6,-2}
                                 0.311    -0.310    -2.522     2.730     0.950
 11         g      21 [9] (26,27)  10>>12 {+1,-6}
                                -0.130     2.082    -2.420     3.334     0.950
 12         g      21 [5] (20,21)  11>>16 {+3,-1}
                                -0.433     0.091     0.743     1.285     0.950
 14         g      21 [13] (32,33)  19>>15 {+7,-5}
                                 1.365     1.368     3.082     3.759     0.950
 15         g      21 [13] (34,35)  14>>18 {+4,-7}
                                -1.124    -1.592     3.122     3.801     0.950
 16         g      21 [7] (22,23)  12>>10 {+2,-3}
                                 1.741    -0.754    -0.258     2.138     0.950
 18         g      21 [17] (28,29)  15>>19 {+8,-4}
                                -0.641     0.575     0.951     1.596     0.950
 19         g      21 [17] (30,31)  18>>14 {+5,-8}
                                -1.090    -1.461    -2.698     3.392     0.950
------------------------------------------------------------------------------
     Sum of momenta:            -1e-05    -2e-05    -3e-05        22        22
------------------------------------------------------------------------------
Step 3 performed by ClusterHadHandler
--- intermediates:
 20         u       2 [12] (41)   {+3}
                                -0.163     0.133     0.767     0.859     0.325
 21      ubar      -2 [12] (36)   {-1}
                                -0.270    -0.041    -0.024     0.425     0.325
 22         s       3 [16] (37)   {+2}
                                 0.735    -0.431    -0.220     0.989     0.450
 23      sbar      -3 [16] (42)   {-3}
                                 1.006    -0.322    -0.038     1.149     0.450
 24         s       3 [10] (40)   {+6}
                                 0.054    -0.247    -1.425     1.515     0.450
 25      sbar      -3 [10] (37)   {-2}
                                 0.258    -0.063    -1.097     1.215     0.450
 26         d       1 [11] (36)   {+1}
                                 0.199     1.469    -1.724     2.297     0.325
 27      dbar      -1 [11] (43)   {-6}
                                -0.329     0.614    -0.696     1.037     0.325
 28         u       2 [18] (42)   {+8}
                                -0.039     0.495     0.460     0.751     0.325
 29      ubar      -2 [18] (38)   {-4}
                                -0.601     0.080     0.491     0.845     0.325
 30         u       2 [19] (43)   {+5}
                                -0.283    -0.108    -0.652     0.789     0.325
 31      ubar      -2 [19] (40)   {-8}
                                -0.806    -1.353    -2.045     2.602     0.325
 32         d       1 [14] (39)   {+7}
                                 0.232     0.662     0.973     1.243     0.325
 33      dbar      -1 [14] (41)   {-5}
                                 1.132     0.706     2.109     2.516     0.325
 34         u       2 [15] (38)   {+4}
                                -0.474    -0.589     0.699     1.080     0.325
 35      ubar      -2 [15] (39)   {-7}
                                -0.650    -1.003     2.423     2.722     0.325
 36   Cluster      81 [21,26] (56,57)   
                                -0.071     1.427    -1.748     2.722     1.520
 37   Cluster      81 [22,25] (58,59)   
                                 0.993    -0.495    -1.317     2.204     1.376
 38   Cluster      81 [29,34] (50,51)   
                                -1.075    -0.509     1.190     1.925     0.935
 39   Cluster      81 [32,35] (48,49)   
                                -0.418    -0.341     3.397     3.965     1.973
 40   Cluster      81 [24,31] (44,45)   
                                -0.753    -1.600    -3.470     4.118     1.336
 41   Cluster      81 [20,33] (46,47)   
                                 0.969     0.839     2.876     3.376     1.217
 42   Cluster      81 [23,28] (54,55)   
                                 0.967     0.173     0.422     1.899     1.570
 43   Cluster      81 [27,30] (52,53)   
                                -0.613     0.506    -1.349     1.827     0.941
--- final:
 44        K-    -321 [40]    
                                -0.302    -0.900    -1.591     1.917     0.494
 45     omega     223 [40] (60,61)   
                                -0.450    -0.700    -1.880     2.201     0.785
 46       pi0     111 [41] (66,67)   
                                 0.476     0.411     1.254     1.409     0.135
 47      rho+     213 [41] (68,69)   
                                 0.494     0.428     1.622     1.967     0.900
 48       pi-    -211 [39]    
                                -0.666    -0.078     1.048     1.252     0.140
 49    omega'  100223 [39] (72,73)   
                                 0.248    -0.263     2.348     2.713     1.309
 50       pi-    -211 [38]    
                                -0.004    -0.259    -0.006     0.294     0.140
 51       pi+     211 [38]    
                                -1.071    -0.250     1.196     1.631     0.140
 52       pi+     211 [43]    
                                -0.202    -0.072    -0.623     0.674     0.140
 53       eta     221 [43] (82,83)   
                                -0.411     0.578    -0.726     1.153     0.548
 54      rho+     213 [42] (84,85)   
                                 0.409     0.041     0.849     1.029     0.411
 55        K0     311 [42] (88)   
                                 0.558     0.132    -0.427     0.871     0.498
 56      a_2-    -215 [36] (89,90)   
                                -0.060     1.420    -1.662     2.561     1.334
 57       pi0     111 [36] (97,98)   
                                -0.011     0.007    -0.087     0.161     0.135
 58        K-    -321 [37]    
                                 0.583    -0.374    -0.146     0.863     0.494
 59        K+     321 [37]    
                                 0.410    -0.121    -1.171     1.341     0.494
------------------------------------------------------------------------------
     Sum of momenta:            -1e-05    -2e-05    -3e-05        22        22
------------------------------------------------------------------------------
Step 4 performed by DecayHandler
--- intermediates:
 60      rho-    -213 [45] (62,63)   
                                -0.073    -0.257    -1.039     1.169     0.463
 62       pi0     111 [60] (64,65)   
                                 0.027     0.073    -0.227     0.276     0.135
 68       pi0     111 [47] (70,71)   
                                 0.420     0.650     1.436     1.637     0.135
 72     omega     223 [49] (74,75)   
                                 0.393     0.013     1.238     1.510     0.770
 73     sigma 9000221 [49] (80,81)   
                                -0.145    -0.276     1.110     1.203     0.342
 74      rho0     113 [72] (76,77)   
                                 0.088     0.094     0.687     0.861     0.503
 75       pi0     111 [72] (78,79)   
                                 0.305    -0.081     0.551     0.649     0.135
 84       pi0     111 [54] (86,87)   
                                 0.187     0.112     0.199     0.324     0.135
 89      rho-    -213 [56] (91,92)   
                                 0.286     0.675    -1.299     1.653     0.712
 90       pi0     111 [56] (95,96)   
                                -0.346     0.745    -0.362     0.908     0.135
 91       pi0     111 [89] (93,94)   
                                 0.162     0.573    -1.304     1.440     0.135
--- final:
 44        K-    -321 [40]    
                                -0.302    -0.900    -1.591     1.917     0.494
 48       pi-    -211 [39]    
                                -0.666    -0.078     1.048     1.252     0.140
 50       pi-    -211 [38]    
                                -0.004    -0.259    -0.006     0.294     0.140
 51       pi+     211 [38]    
                                -1.071    -0.250     1.196     1.631     0.140
 52       pi+     211 [43]    
                                -0.202    -0.072    -0.623     0.674     0.140
 58        K-    -321 [37]    
                                 0.583    -0.374    -0.146     0.863     0.494
 59        K+     321 [37]    
                                 0.410    -0.121    -1.171     1.341     0.494
 61       pi+     211 [45]    
                                -0.377    -0.444    -0.840     1.032     0.140
 63       pi-    -211 [60]    
                                -0.100    -0.330    -0.812     0.893     0.140
 64     gamma      22 [62]    
                                 0.015     0.092    -0.069     0.115     0.000
 65     gamma      22 [62]    
                                 0.012    -0.018    -0.159     0.160     0.000
 66     gamma      22 [46]    
                                 0.416     0.331     0.943     1.083     0.000
 67     gamma      22 [46]    
                                 0.059     0.080     0.311     0.326     0.000
 69       pi+     211 [47]    
                                 0.073    -0.222     0.186     0.330     0.140
 70     gamma      22 [68]    
                                 0.265     0.291     0.762     0.857     0.000
 71     gamma      22 [68]    
                                 0.156     0.359     0.674     0.779     0.000
 76       pi+     211 [74]    
                                -0.041    -0.149     0.240     0.318     0.140
 77       pi-    -211 [74]    
                                 0.129     0.243     0.447     0.543     0.140
 78     gamma      22 [75]    
                                 0.180    -0.043     0.442     0.479     0.000
 79     gamma      22 [75]    
                                 0.125    -0.038     0.109     0.170     0.000
 80       pi+     211 [73]    
                                -0.157    -0.090     0.506     0.555     0.140
 81       pi-    -211 [73]    
                                 0.013    -0.185     0.604     0.647     0.140
 82     gamma      22 [53]    
                                -0.140    -0.075    -0.265     0.309     0.000
 83     gamma      22 [53]    
                                -0.270     0.653    -0.461     0.844     0.000
 85       pi+     211 [54]    
                                 0.223    -0.071     0.650     0.705     0.140
 86     gamma      22 [84]    
                                 0.174     0.039     0.114     0.212     0.000
 87     gamma      22 [84]    
                                 0.012     0.072     0.085     0.112     0.000
 88      K_L0     130 [55]    
                                 0.558     0.132    -0.427     0.871     0.498
 92       pi-    -211 [89]    
                                 0.124     0.101     0.005     0.213     0.140
 93     gamma      22 [91]    
                                 0.141     0.532    -1.264     1.379     0.000
 94     gamma      22 [91]    
                                 0.022     0.041    -0.040     0.062     0.000
 95     gamma      22 [90]    
                                -0.337     0.651    -0.287     0.787     0.000
 96     gamma      22 [90]    
                                -0.010     0.094    -0.076     0.121     0.000
 97     gamma      22 [57]    
                                -0.037     0.060    -0.070     0.100     0.000
 98     gamma      22 [57]    
                                 0.026    -0.053    -0.016     0.061     0.000
------------------------------------------------------------------------------
     Sum of momenta:            -1e-05    -2e-05    -3e-05        22        22

The following exception classes were reported in this run:
ThePEG::EventHandler::ConsistencyException warning (1 times)
ThePEG::LesHouchesReader::LesHouchesReopenWarning warning (1 times)
