>>>>>>>>>>>>>>>>>>>>>>>>>>>>>>>>>>>>>>>>>>>>>>>>>>>>>>>>>>>>>>>>>>>>>>>>>>>>>>
>>>> Toolkit for HEP Event Generation - ThePEG 2.2.0 <<<<<<<<<<<<<<<<<<<<<<<<<
>>>> Tue Jun 30 00:19:05 2020                                             <<<<
<<<<<<<<<<<<<<<<<<<<<<<<<<<<<<<<<<<<<<<<<<<<<<<<<<<<<<<<<<<<<<<<<<<<<<<<<<<<<<

>> Herwig 7.2.0 / ThePEG 2.2.0

/Herwig/EventHandlers/NoCuts:
MHat  = 2 .. 80.4469 GeV
Scale = 0 .. 1e+12 GeV2
YHat  = -100 .. 100
X1    = 0 .. 1
X2    = 0 .. 1

* A warning exception of type ThePEG::LesHouchesReader::LesHouchesReopenWarning occurred while generating event number 1: 
Reopening LesHouchesReader 'myReader' after accessing 2 events out of 1
* A warning exception of type ThePEG::EventHandler::ConsistencyException occurred while generating event number 1: 
Event handler 'myLesHouchesHandler' found energy-momentum non-conservation by (-4.1e-05,-4e-05,-3e-05;2.29997e-05) GeV after generating step number 4.

******************************************************************************
Event number 1 (id: ./OUTPUT/0.95MB1.05/1512366534/TMP/Cluster_HERWIGOutput_4) performed by myLesHouchesHandler
Weight: 1
==============================================================================

--- Colliding particles:
  1        e-      11  (3)   
                                20.112     0.000     0.000    20.112     0.000
  2        e+     -11  (3)   
                               -20.112     0.000     0.000    20.112     0.000
------------------------------------------------------------------------------
Primary sub-process performed by myReader
--- incoming:
  1        e-      11  (3)   
                                20.112     0.000     0.000    20.112     0.000
  2        e+     -11  (3)   
                               -20.112     0.000     0.000    20.112     0.000
--- intermediates:
  3     gamma      22 [1,2] (4..10)   
                                -0.000     0.000     0.000    40.223    40.223
--- outgoing:
  4         g      21 [3] (11)  8>>10 {+1,-2}
                                -8.348    -3.018   -14.150    16.704     0.000
  5         g      21 [3] (14)  10>>8 {+3,-4}
                                 2.682     0.608     4.067     4.909     0.000
  6         g      21 [3] (15)  9>>7 {+5,-6}
                                 0.560     0.280     0.866     1.068     0.000
  7         g      21 [3] (16)  6>>9 {+7,-5}
                                 1.920    -4.529    -0.200     4.923     0.000
  8         g      21 [3] (17)  5>>4 {+2,-3}
                                 0.222     2.974     6.093     6.784     0.000
  9         g      21 [3] (24)  7>>6 {+6,-7}
                                 0.746     0.666     0.384     1.071     0.000
 10         g      21 [3] (25)  4>>5 {+4,-1}
                                 2.218     3.020     2.941     4.763     0.000
------------------------------------------------------------------------------
Step 1 performed by myLesHouchesHandler
--- intermediates:
  1        e-      11  (3)   
                                20.112     0.000     0.000    20.112     0.000
  2        e+     -11  (3)   
                               -20.112     0.000     0.000    20.112     0.000
  3     gamma      22 [1,2] (4..10)   
                                -0.000     0.000     0.000    40.223    40.223
--- final:
  4         g      21 [3] (11)  8>>10 {+1,-2}
                                -8.348    -3.018   -14.150    16.704     0.000
  5         g      21 [3] (14)  10>>8 {+3,-4}
                                 2.682     0.608     4.067     4.909     0.000
  6         g      21 [3] (15)  9>>7 {+5,-6}
                                 0.560     0.280     0.866     1.068     0.000
  7         g      21 [3] (16)  6>>9 {+7,-5}
                                 1.920    -4.529    -0.200     4.923     0.000
  8         g      21 [3] (17)  5>>4 {+2,-3}
                                 0.222     2.974     6.093     6.784     0.000
  9         g      21 [3] (24)  7>>6 {+6,-7}
                                 0.746     0.666     0.384     1.071     0.000
 10         g      21 [3] (25)  4>>5 {+4,-1}
                                 2.218     3.020     2.941     4.763     0.000
------------------------------------------------------------------------------
     Sum of momenta:            -5e-05    -4e-05    -3e-05      40.2      40.2
------------------------------------------------------------------------------
Step 2 performed by ShowerHandler
--- intermediates:
 11         g      21 [4] (12,13)   {+1,-2}
                                -6.222    -2.249   -10.546    12.967     3.625
 17         g      21 [8] (18,19)   {+2,-3}
                                 0.166     2.216     4.541    13.531    12.551
 19         g      21 [17] (20,21)   {+8,-3}
                                -0.263    -0.061     4.757    11.018     9.934
 21         g      21 [19] (22,23)   {+8,-9}
                                -2.034    -2.771     3.654     7.468     5.532
--- final:
 12         g      21 [11] (40,41)  13>>25 {+1,-10}
                                -1.370    -1.452    -5.153     5.607     0.950
 13         g      21 [11] (42,43)  18>>12 {+10,-2}
                                -4.851    -0.797    -5.393     7.360     0.950
 14         g      21 [5] (26,27)  25>>20 {+3,-4}
                                 1.999     0.453     3.031     3.780     0.950
 15         g      21 [6] (28,29)  24>>16 {+5,-6}
                                 0.417     0.209     0.645     1.240     0.950
 16         g      21 [7] (30,31)  15>>24 {+7,-5}
                                 1.431    -3.376    -0.149     3.790     0.950
 18         g      21 [17] (36,37)  22>>13 {+2,-8}
                                 0.428     2.277    -0.216     2.513     0.950
 20         g      21 [19] (38,39)  14>>23 {+9,-3}
                                 1.771     2.710     1.104     3.550     0.950
 22         c       4 [21] (52)  >18 {+8}
                                 1.365    -0.666     1.299     2.560     1.600
 23      cbar      -4 [21] (50)  20> {-9}
                                -3.399    -2.105     2.355     4.908     1.600
 24         g      21 [9] (32,33)  16>>15 {+6,-7}
                                 0.556     0.496     0.286     1.241     0.950
 25         g      21 [10] (34,35)  12>>14 {+4,-1}
                                 1.653     2.250     2.192     3.675     0.950
------------------------------------------------------------------------------
     Sum of momenta:            -5e-05    -4e-05    -3e-05      40.2      40.2
------------------------------------------------------------------------------
Step 3 performed by ClusterHadHandler
--- intermediates:
 26         u       2 [14] (44)   {+3}
                                 0.748     0.013     1.638     1.830     0.325
 27      ubar      -2 [14] (52)   {-4}
                                 1.251     0.440     1.393     1.950     0.325
 28         d       1 [15] (49)   {+5}
                                 0.368    -0.171     0.489     0.714     0.325
 29      dbar      -1 [15] (45)   {-6}
                                 0.049     0.379     0.156     0.526     0.325
 30         u       2 [16] (48)   {+7}
                                 0.914    -1.295    -0.020     1.618     0.325
 31      ubar      -2 [16] (50)   {-5}
                                 0.517    -2.081    -0.128     2.172     0.325
 32         d       1 [24] (45)   {+6}
                                -0.061     0.085    -0.083     0.351     0.325
 33      dbar      -1 [24] (48)   {-7}
                                 0.617     0.411     0.369     0.890     0.325
 34         s       3 [25] (51)   {+4}
                                 1.083     1.489     1.471     2.399     0.450
 35      sbar      -3 [25] (46)   {-1}
                                 0.570     0.762     0.720     1.275     0.450
 36         u       2 [18] (49)   {+2}
                                 0.465     0.739    -0.086     0.936     0.325
 37      ubar      -2 [18] (51)   {-8}
                                -0.037     1.538    -0.130     1.578     0.325
 38         d       1 [20] (49)   {+9}
                                 1.438     2.256     1.068     2.899     0.325
 39      dbar      -1 [20] (44)   {-3}
                                 0.333     0.455     0.036     0.652     0.325
 40         d       1 [12] (46)   {+1}
                                -0.875    -0.523    -3.065     3.247     0.325
 41      dbar      -1 [12] (47)   {-10}
                                -0.495    -0.929    -2.088     2.361     0.325
 42         s       3 [13] (47)   {+10}
                                -2.923    -0.392    -3.337     4.476     0.450
 43      sbar      -3 [13] (50)   {-2}
                                -1.929    -0.405    -2.057     2.884     0.450
 44   Cluster      81 [26,39] (69,70)   
                                 1.081     0.468     1.674     2.481     1.403
 45   Cluster      81 [29,32] (61,62)   
                                -0.012     0.465     0.074     0.877     0.740
 46   Cluster      81 [35,40] (59,60)   
                                -0.305     0.239    -2.345     4.522     3.847
 47   Cluster      81 [41,42] (67,68)   
                                -3.418    -1.321    -5.424     6.836     1.971
 48   Cluster      81 [30,33] (63,64)   
                                 1.531    -0.884     0.348     2.508     1.744
 49   Cluster      81 [28,36,38] (54)   
                                 2.272     2.824     1.470     4.548     2.321
 50   Cluster      81 [23,31,43] (53)   
                                -4.810    -4.591     0.170     9.964     7.419
 51   Cluster      81 [34,37] (71,72)   
                                 1.046     3.027     1.341     3.977     1.939
 52   Cluster      81 [22,27] (65,66)   
                                 2.615    -0.226     2.692     4.510     2.491
 53   Cluster      81 [50] (55,56)   
                                -4.810    -4.591     0.170     9.964     7.419
 54   Cluster      81 [49] (73,74)   
                                 2.272     2.824     1.470     4.548     2.321
 55   Cluster      81 [53] (75,76)   
                                -2.910    -2.197     1.242     4.942     3.095
 56   Cluster      81 [53] (57,58)   
                                -1.900    -2.394    -1.072     5.022     3.839
 57   Cluster      81 [56] (77,78)   
                                -0.811    -1.552    -1.500     3.269     2.317
 58   Cluster      81 [56] (79,80)   
                                -1.089    -0.841     0.428     1.753     0.998
 59   Cluster      81 [46] (81,82)   
                                 0.157     0.300    -0.074     1.076     1.019
 60   Cluster      81 [46] (83,84)   
                                -0.462    -0.061    -2.271     3.446     2.549
--- final:
 61       pi+     211 [45]    
                                -0.281     0.184    -0.166     0.400     0.140
 62       pi-    -211 [45]    
                                 0.268     0.280     0.240     0.477     0.140
 63       pi0     111 [48] (85,86)   
                                 0.010    -0.134     0.163     0.251     0.135
 64      a_1+   20213 [48] (87,88)   
                                 1.522    -0.750     0.185     2.257     1.477
 65        D0     421 [52] (91,92)   
                                 2.132    -0.656     1.875     3.460     1.865
 66       pi0     111 [52] (97,98)   
                                 0.483     0.430     0.816     1.050     0.135
 67       phi     333 [47] (99,100)   
                                -1.496    -0.459    -2.376     3.021     1.016
 68    K*bar0    -313 [47] (103,104)   
                                -1.922    -0.863    -3.048     3.815     0.909
 69       pi+     211 [44]    
                                 0.135    -0.028     0.348     0.399     0.140
 70       h_1   10223 [44] (105,106)   
                                 0.947     0.496     1.326     2.082     1.198
 71       K*-    -323 [51] (111,112)   
                                 0.411     1.835     0.693     2.201     0.911
 72      rho0     113 [51] (116,117)   
                                 0.635     1.192     0.648     1.776     0.953
 73      rho-    -213 [54] (118,119)   
                                 1.180     1.648     1.673     2.678     0.516
 74        p+    2212 [54]    
                                 1.092     1.176    -0.203     1.870     0.938
 75  D*_2bar0    -425 [55] (122,123)   
                                -2.134    -1.533     1.647     3.834     2.255
 76       pi-    -211 [55]    
                                -0.776    -0.664    -0.405     1.108     0.140
 77Sigmabar(1750)0  -23212 [57] (136,137)   
                                -0.500    -1.596    -0.874     2.555     1.723
 78       pi-    -211 [57]    
                                -0.311     0.044    -0.626     0.714     0.140
 79       pi+     211 [58]    
                                -0.638    -0.056    -0.148     0.672     0.140
 80       pi0     111 [58] (142,143)   
                                -0.451    -0.785     0.576     1.081     0.135
 81        K0     311 [59] (144)   
                                 0.268     0.490    -0.218     0.779     0.498
 82       pi+     211 [59]    
                                -0.110    -0.190     0.144     0.297     0.140
 83     omega     223 [60] (147,148)   
                                 0.661     0.074    -1.098     1.502     0.779
 84      a_0- -9000211 [60] (153,154)   
                                -1.124    -0.135    -1.173     1.944     1.060
------------------------------------------------------------------------------
     Sum of momenta:            -5e-05    -4e-05    -3e-05      40.2      40.2
------------------------------------------------------------------------------
Step 4 performed by DecayHandler
--- intermediates:
 87    rho''0   30113 [64] (89,90)   
                                 1.498    -0.811     0.334     2.042     1.075
 91     K*_0-  -10321 [65] (93,94)   
                                 0.952    -0.210     0.755     1.767     1.266
 94       pi0     111 [91] (95,96)   
                                -0.060     0.225    -0.100     0.287     0.135
100      K_S0     310 [67] (101,102)   
                                -0.834    -0.156    -1.287     1.620     0.498
105      rho-    -213 [70] (107,108)   
                                 0.759     0.335     0.611     1.313     0.814
107       pi0     111 [105] (109,110)   
                                -0.082     0.154     0.330     0.397     0.135
111     Kbar0    -311 [71] (113)   
                                 0.103     1.227     0.187     1.341     0.498
113      K_S0     310 [111] (114,115)   
                                 0.103     1.227     0.187     1.341     0.498
118       pi0     111 [73] (120,121)   
                                 0.887     1.047     0.899     1.646     0.135
122       D*-    -413 [75] (124,125)   
                                -1.696    -1.233     1.283     3.175     2.010
124        D-    -411 [122] (126..128)   
                                -1.597    -1.123     1.172     2.946     1.870
125       pi0     111 [122] (134,135)   
                                -0.099    -0.110     0.111     0.229     0.135
126       K*0     313 [124] (129,130)   
                                -0.617    -0.176     0.676     1.261     0.848
129        K0     311 [126] (131)   
                                -0.214    -0.052     0.134     0.560     0.498
130       pi0     111 [126] (132,133)   
                                -0.403    -0.123     0.542     0.700     0.135
136Lambdabar0   -3122 [77] (138,139)   
                                 0.047    -0.976    -0.236     1.502     1.116
137       pi0     111 [77] (140,141)   
                                -0.547    -0.620    -0.638     1.053     0.135
144      K_S0     310 [81] (145,146)   
                                 0.268     0.490    -0.218     0.779     0.498
147      rho-    -213 [83] (149,150)   
                                 0.415    -0.070    -0.396     0.731     0.448
149       pi0     111 [147] (151,152)   
                                 0.325     0.084    -0.136     0.386     0.135
154        K0     311 [84] (155)   
                                -0.810    -0.153    -0.677     1.177     0.498
155      K_S0     310 [154] (156,157)   
                                -0.810    -0.153    -0.677     1.177     0.498
--- final:
 61       pi+     211 [45]    
                                -0.281     0.184    -0.166     0.400     0.140
 62       pi-    -211 [45]    
                                 0.268     0.280     0.240     0.477     0.140
 69       pi+     211 [44]    
                                 0.135    -0.028     0.348     0.399     0.140
 74        p+    2212 [54]    
                                 1.092     1.176    -0.203     1.870     0.938
 76       pi-    -211 [55]    
                                -0.776    -0.664    -0.405     1.108     0.140
 78       pi-    -211 [57]    
                                -0.311     0.044    -0.626     0.714     0.140
 79       pi+     211 [58]    
                                -0.638    -0.056    -0.148     0.672     0.140
 82       pi+     211 [59]    
                                -0.110    -0.190     0.144     0.297     0.140
 85     gamma      22 [63]    
                                -0.029    -0.120     0.169     0.209     0.000
 86     gamma      22 [63]    
                                 0.039    -0.014    -0.006     0.041     0.000
 88       pi+     211 [64]    
                                 0.023     0.061    -0.149     0.215     0.140
 89       pi+     211 [87]    
                                 0.182    -0.603    -0.052     0.648     0.140
 90       pi-    -211 [87]    
                                 1.316    -0.208     0.387     1.394     0.140
 92       pi+     211 [65]    
                                 1.181    -0.446     1.120     1.693     0.140
 93        K-    -321 [91]    
                                 1.012    -0.435     0.856     1.480     0.494
 95     gamma      22 [94]    
                                 0.021     0.171    -0.058     0.181     0.000
 96     gamma      22 [94]    
                                -0.080     0.055    -0.043     0.106     0.000
 97     gamma      22 [66]    
                                 0.171     0.092     0.312     0.368     0.000
 98     gamma      22 [66]    
                                 0.311     0.338     0.504     0.682     0.000
 99      K_L0     130 [67]    
                                -0.662    -0.303    -1.089     1.401     0.498
101       pi+     211 [100]    
                                -0.113    -0.070    -0.520     0.555     0.140
102       pi-    -211 [100]    
                                -0.721    -0.086    -0.767     1.065     0.140
103        K-    -321 [68]    
                                -1.677    -0.873    -2.314     3.028     0.494
104       pi+     211 [68]    
                                -0.245     0.011    -0.735     0.787     0.140
106       pi+     211 [70]    
                                 0.188     0.161     0.715     0.769     0.140
108       pi-    -211 [105]    
                                 0.841     0.180     0.282     0.916     0.140
109     gamma      22 [107]    
                                -0.061     0.092     0.309     0.328     0.000
110     gamma      22 [107]    
                                -0.022     0.062     0.021     0.069     0.000
112       pi-    -211 [71]    
                                 0.308     0.608     0.506     0.860     0.140
114       pi+     211 [113]    
                                -0.138     0.757     0.114     0.790     0.140
115       pi-    -211 [113]    
                                 0.241     0.470     0.073     0.551     0.140
116       pi+     211 [72]    
                                 0.301     0.162    -0.174     0.408     0.140
117       pi-    -211 [72]    
                                 0.334     1.031     0.822     1.367     0.140
119       pi-    -211 [73]    
                                 0.292     0.600     0.774     1.032     0.140
120     gamma      22 [118]    
                                 0.030     0.033     0.004     0.045     0.000
121     gamma      22 [118]    
                                 0.857     1.014     0.895     1.601     0.000
123       pi+     211 [75]    
                                -0.438    -0.300     0.364     0.659     0.140
127       mu-      13 [124]    
                                -0.444    -0.390     0.663     0.895     0.106
128  nu_mubar     -14 [124]    
                                -0.536    -0.557    -0.168     0.791     0.000
131      K_L0     130 [129]    
                                -0.214    -0.052     0.134     0.560     0.498
132     gamma      22 [130]    
                                -0.231    -0.080     0.415     0.481     0.000
133     gamma      22 [130]    
                                -0.172    -0.043     0.128     0.219     0.000
134     gamma      22 [125]    
                                -0.128    -0.094     0.113     0.195     0.000
135     gamma      22 [125]    
                                 0.030    -0.016    -0.002     0.034     0.000
138     pbar-   -2212 [136]    
                                 0.099    -0.906    -0.265     1.335     0.938
139       pi+     211 [136]    
                                -0.052    -0.070     0.029     0.167     0.140
140     gamma      22 [137]    
                                -0.472    -0.521    -0.476     0.849     0.000
141     gamma      22 [137]    
                                -0.075    -0.099    -0.162     0.204     0.000
142     gamma      22 [80]    
                                -0.434    -0.665     0.510     0.943     0.000
143     gamma      22 [80]    
                                -0.018    -0.120     0.066     0.138     0.000
145       pi+     211 [144]    
                                 0.227     0.514    -0.094     0.586     0.140
146       pi-    -211 [144]    
                                 0.041    -0.024    -0.124     0.193     0.140
148       pi+     211 [83]    
                                 0.246     0.144    -0.702     0.770     0.140
150       pi-    -211 [147]    
                                 0.091    -0.154    -0.260     0.345     0.140
151     gamma      22 [149]    
                                 0.052    -0.032    -0.047     0.077     0.000
152     gamma      22 [149]    
                                 0.273     0.116    -0.089     0.309     0.000
153        K-    -321 [84]    
                                -0.314     0.017    -0.496     0.767     0.494
156       pi+     211 [155]    
                                -0.778    -0.125    -0.645     1.028     0.140
157       pi-    -211 [155]    
                                -0.032    -0.027    -0.032     0.149     0.140
------------------------------------------------------------------------------
     Sum of momenta:            -5e-05    -4e-05    -3e-05      40.2      40.2

The following exception classes were reported in this run:
ThePEG::EventHandler::ConsistencyException warning (1 times)
ThePEG::LesHouchesReader::LesHouchesReopenWarning warning (1 times)
