>>>>>>>>>>>>>>>>>>>>>>>>>>>>>>>>>>>>>>>>>>>>>>>>>>>>>>>>>>>>>>>>>>>>>>>>>>>>>>
>>>> Toolkit for HEP Event Generation - ThePEG 2.2.0 <<<<<<<<<<<<<<<<<<<<<<<<<
>>>> Tue Jun 30 00:51:08 2020                                             <<<<
<<<<<<<<<<<<<<<<<<<<<<<<<<<<<<<<<<<<<<<<<<<<<<<<<<<<<<<<<<<<<<<<<<<<<<<<<<<<<<

>> Herwig 7.2.0 / ThePEG 2.2.0

/Herwig/EventHandlers/NoCuts:
MHat  = 2 .. 63.5513 GeV
Scale = 0 .. 1e+12 GeV2
YHat  = -100 .. 100
X1    = 0 .. 1
X2    = 0 .. 1

* A warning exception of type ThePEG::LesHouchesReader::LesHouchesReopenWarning occurred while generating event number 1: 
Reopening LesHouchesReader 'myReader' after accessing 2 events out of 1
* A warning exception of type ThePEG::EventHandler::ConsistencyException occurred while generating event number 1: 
Event handler 'myLesHouchesHandler' found energy-momentum non-conservation by (-3e-05,-2e-05,-4e-05;2.99973e-05) GeV after generating step number 4.

******************************************************************************
Event number 1 (id: ./OUTPUT/0.95MB1.05/1514252634/TMP/Cluster_HERWIGOutput_45) performed by myLesHouchesHandler
Weight: 1
==============================================================================

--- Colliding particles:
  1        e-      11  (3)   
                                15.888     0.000     0.000    15.888     0.000
  2        e+     -11  (3)   
                               -15.888     0.000     0.000    15.888     0.000
------------------------------------------------------------------------------
Primary sub-process performed by myReader
--- incoming:
  1        e-      11  (3)   
                                15.888     0.000     0.000    15.888     0.000
  2        e+     -11  (3)   
                               -15.888     0.000     0.000    15.888     0.000
--- intermediates:
  3     gamma      22 [1,2] (4..9)   
                                 0.000     0.000     0.000    31.776    31.776
--- outgoing:
  4         g      21 [3] (10)  6>>5 {+1,-2}
                                 0.825     2.845     4.470     5.363     0.000
  5         g      21 [3] (11)  4>>6 {+3,-1}
                                 0.604    -4.367    -0.505     4.437     0.000
  6         g      21 [3] (12)  5>>4 {+2,-3}
                                -0.044     0.046     3.686     3.687     0.000
  7         g      21 [3] (13)  9>>8 {+4,-5}
                                 3.675     1.506    -5.546     6.821     0.000
  8         g      21 [3] (14)  7>>9 {+6,-4}
                                -1.294     1.130    -5.810     6.059     0.000
  9         g      21 [3] (15)  8>>7 {+5,-6}
                                -3.766    -1.162     3.705     5.409     0.000
------------------------------------------------------------------------------
Step 1 performed by myLesHouchesHandler
--- intermediates:
  1        e-      11  (3)   
                                15.888     0.000     0.000    15.888     0.000
  2        e+     -11  (3)   
                               -15.888     0.000     0.000    15.888     0.000
  3     gamma      22 [1,2] (4..9)   
                                 0.000     0.000     0.000    31.776    31.776
--- final:
  4         g      21 [3] (10)  6>>5 {+1,-2}
                                 0.825     2.845     4.470     5.363     0.000
  5         g      21 [3] (11)  4>>6 {+3,-1}
                                 0.604    -4.367    -0.505     4.437     0.000
  6         g      21 [3] (12)  5>>4 {+2,-3}
                                -0.044     0.046     3.686     3.687     0.000
  7         g      21 [3] (13)  9>>8 {+4,-5}
                                 3.675     1.506    -5.546     6.821     0.000
  8         g      21 [3] (14)  7>>9 {+6,-4}
                                -1.294     1.130    -5.810     6.059     0.000
  9         g      21 [3] (15)  8>>7 {+5,-6}
                                -3.766    -1.162     3.705     5.409     0.000
------------------------------------------------------------------------------
     Sum of momenta:            -3e-05    -2e-05    -4e-05      31.8      31.8
------------------------------------------------------------------------------
Step 2 performed by ShowerHandler
--- intermediates:
 15         g      21 [9] (16,17)   {+5,-6}
                                -3.627    -1.119     3.568     5.920     2.812
--- final:
 10         g      21 [4] (18,19)  12>>11 {+1,-2}
                                 0.794     2.740     4.305     5.252     0.950
 11         g      21 [5] (20,21)  10>>12 {+3,-1}
                                 0.582    -4.206    -0.487     4.378     0.950
 12         g      21 [6] (22,23)  11>>10 {+2,-3}
                                -0.042     0.044     3.550     3.676     0.950
 13         g      21 [7] (24,25)  16>>14 {+4,-5}
                                 3.540     1.451    -5.341     6.638     0.950
 14         g      21 [8] (26,27)  13>>17 {+6,-4}
                                -1.246     1.089    -5.596     5.912     0.950
 16         d       1 [15] (30)  >13 {+5}
                                -0.739    -1.583     1.447     2.292     0.325
 17      dbar      -1 [15] (33)  14> {-6}
                                -2.888     0.465     2.121     3.628     0.325
------------------------------------------------------------------------------
     Sum of momenta:            -3e-05    -2e-05    -4e-05      31.8      31.8
------------------------------------------------------------------------------
Step 3 performed by ClusterHadHandler
--- intermediates:
 18         u       2 [10] (33)   {+1}
                                 0.146     1.682     2.614     3.129     0.325
 19      ubar      -2 [10] (28)   {-2}
                                 0.648     1.058     1.691     2.122     0.325
 20         u       2 [11] (32)   {+3}
                                 0.240    -2.238     0.083     2.275     0.325
 21      ubar      -2 [11] (31)   {-1}
                                 0.342    -1.968    -0.570     2.102     0.325
 22         d       1 [12] (28)   {+2}
                                -0.002     0.223     2.895     2.922     0.325
 23      dbar      -1 [12] (32)   {-3}
                                -0.041    -0.178     0.655     0.754     0.325
 24         d       1 [13] (29)   {+4}
                                 1.243     0.340    -1.385     1.920     0.325
 25      dbar      -1 [13] (30)   {-5}
                                 2.297     1.111    -3.956     4.719     0.325
 26         d       1 [14] (31)   {+6}
                                -0.964     0.419    -3.560     3.726     0.325
 27      dbar      -1 [14] (29)   {-4}
                                -0.282     0.670    -2.036     2.186     0.325
 28   Cluster      81 [19,22] (38,39)   
                                 0.646     1.281     4.587     5.044     1.534
 29   Cluster      81 [24,27] (42,43)   
                                 0.961     1.011    -3.421     4.106     1.791
 30   Cluster      81 [16,25] (36,37)   
                                 1.557    -0.473    -2.509     7.011     6.341
 31   Cluster      81 [21,26] (34,35)   
                                -0.622    -1.549    -4.130     5.829     3.759
 32   Cluster      81 [20,23] (44,45)   
                                 0.199    -2.416     0.738     3.029     1.660
 33   Cluster      81 [17,18] (40,41)   
                                -2.742     2.147     4.735     6.757     3.333
 34   Cluster      81 [31] (46,47)   
                                -0.642     0.187    -2.461     2.651     0.726
 35   Cluster      81 [31] (48,49)   
                                 0.019    -1.736    -1.669     3.178     2.072
 36   Cluster      81 [30] (50,51)   
                                 2.152     0.853    -3.680     5.006     2.481
 37   Cluster      81 [30] (52,53)   
                                -0.594    -1.325     1.171     2.005     0.735
--- final:
 38       pi-    -211 [28]    
                                 0.274     0.031     1.578     1.609     0.140
 39      b_10   10113 [28] (54,55)   
                                 0.372     1.250     3.008     3.436     1.028
 40      rho0     113 [33] (62,63)   
                                 0.319     1.314     1.569     2.217     0.790
 41      rho+     213 [33] (64,65)   
                                -3.060     0.833     3.166     4.540     0.728
 42      rho0     113 [29] (68,69)   
                                 0.711     0.153    -1.224     1.535     0.576
 43      a_00 9000111 [29] (70,71)   
                                 0.250     0.858    -2.197     2.570     0.990
 44      rho0     113 [32] (83,84)   
                                 0.288    -1.798     0.683     2.155     0.928
 45      rho+     213 [32] (85,86)   
                                -0.089    -0.618     0.055     0.874     0.609
 46       pi-    -211 [34]    
                                -0.272     0.029    -0.716     0.779     0.140
 47       eta     221 [34] (89..91)   
                                -0.370     0.158    -1.745     1.872     0.548
 48      a_2-    -215 [35] (98,99)   
                                -0.289    -1.514    -0.756     2.178     1.340
 49       pi+     211 [35]    
                                 0.309    -0.222    -0.914     0.999     0.140
 50     omega     223 [36] (109,110)   
                                 0.871    -0.062    -1.656     2.029     0.781
 51    omega'  100223 [36] (113,114)   
                                 1.281     0.915    -2.024     2.977     1.513
 52       pi-    -211 [37]    
                                -0.642    -0.607     0.629     1.094     0.140
 53       pi+     211 [37]    
                                 0.048    -0.718     0.542     0.912     0.140
------------------------------------------------------------------------------
     Sum of momenta:            -3e-05    -2e-05    -4e-05      31.8      31.8
------------------------------------------------------------------------------
Step 4 performed by DecayHandler
--- intermediates:
 54     omega     223 [39] (56,57)   
                                 0.314     0.737     2.193     2.462     0.781
 55       pi0     111 [39] (60,61)   
                                 0.058     0.513     0.815     0.974     0.135
 57       pi0     111 [54] (58,59)   
                                -0.164     0.577     1.221     1.367     0.135
 64       pi0     111 [41] (66,67)   
                                -2.902     0.788     3.083     4.309     0.135
 70       eta     221 [43] (72..74)   
                                 0.087     0.780    -1.137     1.486     0.548
 71       pi0     111 [43] (81,82)   
                                 0.163     0.078    -1.060     1.084     0.135
 72       pi0     111 [70] (75,76)   
                                 0.164     0.291    -0.587     0.688     0.135
 73       pi0     111 [70] (77,78)   
                                -0.063     0.148    -0.217     0.302     0.135
 74       pi0     111 [70] (79,80)   
                                -0.015     0.341    -0.333     0.496     0.135
 85       pi0     111 [45] (87,88)   
                                 0.033    -0.206    -0.231     0.339     0.135
 89       pi0     111 [47] (92,93)   
                                -0.176     0.054    -0.789     0.821     0.135
 90       pi0     111 [47] (94,95)   
                                -0.099     0.188    -0.536     0.592     0.135
 91       pi0     111 [47] (96,97)   
                                -0.095    -0.084    -0.420     0.459     0.135
 98       eta     221 [48] (100..102)   
                                 0.136    -0.283    -0.579     0.856     0.548
100       pi0     111 [98] (103,104)   
                                -0.025    -0.047    -0.075     0.163     0.135
101       pi0     111 [98] (105,106)   
                                -0.028    -0.123    -0.341     0.387     0.135
102       pi0     111 [98] (107,108)   
                                 0.189    -0.114    -0.163     0.306     0.135
110       pi0     111 [50] (111,112)   
                                 0.224    -0.145    -1.189     1.226     0.135
113      rho0     113 [51] (115,116)   
                                 0.401     0.119    -0.313     0.890     0.721
114       pi0     111 [51] (117,118)   
                                 0.880     0.796    -1.711     2.086     0.135
--- final:
 38       pi-    -211 [28]    
                                 0.274     0.031     1.578     1.609     0.140
 46       pi-    -211 [34]    
                                -0.272     0.029    -0.716     0.779     0.140
 49       pi+     211 [35]    
                                 0.309    -0.222    -0.914     0.999     0.140
 52       pi-    -211 [37]    
                                -0.642    -0.607     0.629     1.094     0.140
 53       pi+     211 [37]    
                                 0.048    -0.718     0.542     0.912     0.140
 56     gamma      22 [54]    
                                 0.478     0.160     0.972     1.095     0.000
 58     gamma      22 [57]    
                                -0.129     0.380     0.672     0.783     0.000
 59     gamma      22 [57]    
                                -0.035     0.197     0.549     0.584     0.000
 60     gamma      22 [55]    
                                 0.034     0.376     0.476     0.608     0.000
 61     gamma      22 [55]    
                                 0.024     0.136     0.339     0.366     0.000
 62       pi+     211 [40]    
                                -0.025     0.226     0.774     0.819     0.140
 63       pi-    -211 [40]    
                                 0.344     1.088     0.795     1.398     0.140
 65       pi+     211 [41]    
                                -0.158     0.045     0.083     0.231     0.140
 66     gamma      22 [64]    
                                -2.379     0.663     2.600     3.586     0.000
 67     gamma      22 [64]    
                                -0.523     0.125     0.483     0.723     0.000
 68       pi+     211 [42]    
                                 0.265    -0.009    -0.890     0.939     0.140
 69       pi-    -211 [42]    
                                 0.446     0.162    -0.334     0.597     0.140
 75     gamma      22 [72]    
                                 0.020    -0.013    -0.035     0.043     0.000
 76     gamma      22 [72]    
                                 0.144     0.304    -0.551     0.646     0.000
 77     gamma      22 [73]    
                                 0.025    -0.006    -0.060     0.065     0.000
 78     gamma      22 [73]    
                                -0.087     0.154    -0.157     0.236     0.000
 79     gamma      22 [74]    
                                -0.042     0.121    -0.053     0.138     0.000
 80     gamma      22 [74]    
                                 0.028     0.220    -0.280     0.357     0.000
 81     gamma      22 [71]    
                                 0.043     0.054    -0.146     0.162     0.000
 82     gamma      22 [71]    
                                 0.121     0.023    -0.914     0.922     0.000
 83       pi+     211 [44]    
                                 0.294    -0.790     0.747     1.135     0.140
 84       pi-    -211 [44]    
                                -0.005    -1.008    -0.065     1.020     0.140
 86       pi+     211 [45]    
                                -0.122    -0.412     0.287     0.535     0.140
 87     gamma      22 [85]    
                                -0.029    -0.129    -0.068     0.149     0.000
 88     gamma      22 [85]    
                                 0.061    -0.076    -0.163     0.190     0.000
 92     gamma      22 [89]    
                                -0.141    -0.018    -0.588     0.605     0.000
 93     gamma      22 [89]    
                                -0.035     0.072    -0.201     0.216     0.000
 94     gamma      22 [90]    
                                -0.132     0.138    -0.377     0.422     0.000
 95     gamma      22 [90]    
                                 0.032     0.050    -0.159     0.170     0.000
 96     gamma      22 [91]    
                                -0.094    -0.003    -0.150     0.177     0.000
 97     gamma      22 [91]    
                                -0.001    -0.081    -0.270     0.282     0.000
 99       pi-    -211 [48]    
                                -0.426    -1.231    -0.177     1.322     0.140
103     gamma      22 [100]    
                                -0.010     0.028    -0.081     0.086     0.000
104     gamma      22 [100]    
                                -0.015    -0.075     0.006     0.077     0.000
105     gamma      22 [101]    
                                 0.025    -0.093    -0.098     0.137     0.000
106     gamma      22 [101]    
                                -0.053    -0.030    -0.243     0.250     0.000
107     gamma      22 [102]    
                                 0.068     0.016    -0.090     0.114     0.000
108     gamma      22 [102]    
                                 0.121    -0.130    -0.073     0.192     0.000
109     gamma      22 [50]    
                                 0.647     0.083    -0.467     0.802     0.000
111     gamma      22 [110]    
                                 0.113    -0.142    -0.603     0.630     0.000
112     gamma      22 [110]    
                                 0.111    -0.004    -0.586     0.596     0.000
115       pi+     211 [113]    
                                 0.518     0.234    -0.334     0.674     0.140
116       pi-    -211 [113]    
                                -0.117    -0.115     0.021     0.217     0.140
117     gamma      22 [114]    
                                 0.630     0.496    -1.204     1.446     0.000
118     gamma      22 [114]    
                                 0.250     0.301    -0.507     0.640     0.000
------------------------------------------------------------------------------
     Sum of momenta:            -3e-05    -2e-05    -4e-05      31.8      31.8

The following exception classes were reported in this run:
ThePEG::EventHandler::ConsistencyException warning (1 times)
ThePEG::LesHouchesReader::LesHouchesReopenWarning warning (1 times)
