>>>>>>>>>>>>>>>>>>>>>>>>>>>>>>>>>>>>>>>>>>>>>>>>>>>>>>>>>>>>>>>>>>>>>>>>>>>>>>
>>>> Toolkit for HEP Event Generation - ThePEG 2.2.0 <<<<<<<<<<<<<<<<<<<<<<<<<
>>>> Tue Jun 30 00:38:31 2020                                             <<<<
<<<<<<<<<<<<<<<<<<<<<<<<<<<<<<<<<<<<<<<<<<<<<<<<<<<<<<<<<<<<<<<<<<<<<<<<<<<<<<

>> Herwig 7.2.0 / ThePEG 2.2.0

/Herwig/EventHandlers/NoCuts:
MHat  = 2 .. 10.7437 GeV
Scale = 0 .. 1e+12 GeV2
YHat  = -100 .. 100
X1    = 0 .. 1
X2    = 0 .. 1

* A warning exception of type ThePEG::LesHouchesReader::LesHouchesReopenWarning occurred while generating event number 1: 
Reopening LesHouchesReader 'myReader' after accessing 2 events out of 1
* A warning exception of type ThePEG::EventHandler::ConsistencyException occurred while generating event number 1: 
Event handler 'myLesHouchesHandler' found energy-momentum non-conservation by (-1e-05,-2e-05,-2e-05;9.99963e-06) GeV after generating step number 4.

******************************************************************************
Event number 1 (id: ./OUTPUT/0.95MB1.05/1511299816/TMP/Cluster_HERWIGOutput_28) performed by myLesHouchesHandler
Weight: 1
==============================================================================

--- Colliding particles:
  1        e-      11  (3)   
                                 2.686     0.000     0.000     2.686     0.000
  2        e+     -11  (3)   
                                -2.686     0.000    -0.000     2.686     0.000
------------------------------------------------------------------------------
Primary sub-process performed by myReader
--- incoming:
  1        e-      11  (3)   
                                 2.686     0.000     0.000     2.686     0.000
  2        e+     -11  (3)   
                                -2.686     0.000    -0.000     2.686     0.000
--- intermediates:
  3     gamma      22 [1,2] (4..7)   
                                -0.000     0.000    -0.000     5.372     5.372
--- outgoing:
  4         g      21 [3] (8)  7>>5 {+1,-2}
                                -0.291     0.696    -0.068     0.757     0.000
  5         g      21 [3] (9)  4>>6 {+3,-1}
                                 1.078    -0.600    -0.027     1.234     0.000
  6         g      21 [3] (10)  5>>7 {+4,-3}
                                -1.795    -0.111    -0.860     1.993     0.000
  7         g      21 [3] (11)  6>>4 {+2,-4}
                                 1.007     0.015     0.955     1.388     0.000
------------------------------------------------------------------------------
Step 1 performed by myLesHouchesHandler
--- intermediates:
  1        e-      11  (3)   
                                 2.686     0.000     0.000     2.686     0.000
  2        e+     -11  (3)   
                                -2.686     0.000    -0.000     2.686     0.000
  3     gamma      22 [1,2] (4..7)   
                                -0.000     0.000    -0.000     5.372     5.372
--- final:
  4         g      21 [3] (8)  7>>5 {+1,-2}
                                -0.291     0.696    -0.068     0.757     0.000
  5         g      21 [3] (9)  4>>6 {+3,-1}
                                 1.078    -0.600    -0.027     1.234     0.000
  6         g      21 [3] (10)  5>>7 {+4,-3}
                                -1.795    -0.111    -0.860     1.993     0.000
  7         g      21 [3] (11)  6>>4 {+2,-4}
                                 1.007     0.015     0.955     1.388     0.000
------------------------------------------------------------------------------
     Sum of momenta:            -2e-05    -2e-05    -2e-05      5.37      5.37
------------------------------------------------------------------------------
Step 2 performed by ShowerHandler
--- final:
  8         g      21 [4] (12,13)  11>>9 {+1,-2}
                                -0.200     0.479    -0.047     1.083     0.950
  9         g      21 [5] (14,15)  8>>10 {+3,-1}
                                 0.741    -0.413    -0.019     1.274     0.950
 10         g      21 [6] (16,17)  9>>11 {+4,-3}
                                -1.234    -0.076    -0.591     1.668     0.950
 11         g      21 [7] (18,19)  10>>8 {+2,-4}
                                 0.693     0.011     0.657     1.347     0.950
------------------------------------------------------------------------------
     Sum of momenta:            -2e-05    -2e-05    -2e-05      5.37      5.37
------------------------------------------------------------------------------
Step 3 performed by ClusterHadHandler
--- intermediates:
 12         d       1 [8] (20)   {+1}
                                -0.138    -0.084     0.164     0.398     0.325
 13      dbar      -1 [8] (21)   {-2}
                                -0.062     0.562    -0.210     0.685     0.325
 14         d       1 [9] (22)   {+3}
                                 0.216    -0.474    -0.165     0.636     0.325
 15      dbar      -1 [9] (20)   {-1}
                                 0.525     0.061     0.147     0.638     0.325
 16         s       3 [10] (23)   {+4}
                                -0.835    -0.008    -0.428     1.041     0.450
 17      sbar      -3 [10] (22)   {-3}
                                -0.400    -0.068    -0.163     0.627     0.450
 18         d       1 [11] (21)   {+2}
                                 0.308    -0.076    -0.069     0.459     0.325
 19      dbar      -1 [11] (23)   {-4}
                                 0.385     0.087     0.725     0.887     0.325
 20   Cluster      81 [12,15] (24,25)   
                                 0.388    -0.022     0.310     1.036     0.909
 21   Cluster      81 [13,18] (26,27)   
                                 0.246     0.486    -0.279     1.145     0.967
 22   Cluster      81 [14,17] (30,31)   
                                -0.184    -0.543    -0.328     1.263     1.077
 23   Cluster      81 [16,19] (28,29)   
                                -0.450     0.079     0.297     1.928     1.849
--- final:
 24       pi0     111 [20] (32,33)   
                                 0.182    -0.256     0.531     0.631     0.135
 25       pi0     111 [20] (34,35)   
                                 0.205     0.234    -0.220     0.404     0.135
 26       eta     221 [21] (36..38)   
                                -0.107     0.414    -0.049     0.697     0.548
 27       pi0     111 [21] (45,46)   
                                 0.353     0.072    -0.231     0.448     0.135
 28    K*bar0    -313 [23] (47,48)   
                                -0.050    -0.283     0.052     0.947     0.900
 29     omega     223 [23] (49,50)   
                                -0.400     0.362     0.245     0.981     0.782
 30       eta     221 [22] (53,54)   
                                -0.015    -0.276    -0.061     0.617     0.548
 31        K0     311 [22] (55)   
                                -0.169    -0.266    -0.267     0.647     0.498
------------------------------------------------------------------------------
     Sum of momenta:            -2e-05    -2e-05    -2e-05      5.37      5.37
------------------------------------------------------------------------------
Step 4 performed by DecayHandler
--- intermediates:
 36       pi0     111 [26] (39,40)   
                                -0.039     0.070     0.019     0.158     0.135
 37       pi0     111 [26] (41,42)   
                                 0.039     0.315    -0.103     0.360     0.135
 38       pi0     111 [26] (43,44)   
                                -0.107     0.029     0.036     0.178     0.135
 50       pi0     111 [29] (51,52)   
                                -0.317     0.204    -0.238     0.466     0.135
--- final:
 32     gamma      22 [24]    
                                 0.080    -0.209     0.405     0.463     0.000
 33     gamma      22 [24]    
                                 0.102    -0.047     0.126     0.169     0.000
 34     gamma      22 [25]    
                                 0.196     0.219    -0.239     0.379     0.000
 35     gamma      22 [25]    
                                 0.009     0.015     0.019     0.025     0.000
 39     gamma      22 [36]    
                                 0.004    -0.007     0.060     0.060     0.000
 40     gamma      22 [36]    
                                -0.043     0.077    -0.041     0.098     0.000
 41     gamma      22 [37]    
                                 0.026     0.266    -0.027     0.269     0.000
 42     gamma      22 [37]    
                                 0.013     0.049    -0.076     0.091     0.000
 43     gamma      22 [38]    
                                -0.093     0.034     0.083     0.129     0.000
 44     gamma      22 [38]    
                                -0.013    -0.005    -0.047     0.049     0.000
 45     gamma      22 [27]    
                                 0.239     0.082    -0.218     0.334     0.000
 46     gamma      22 [27]    
                                 0.113    -0.010    -0.013     0.114     0.000
 47        K-    -321 [28]    
                                -0.193    -0.167    -0.213     0.595     0.494
 48       pi+     211 [28]    
                                 0.142    -0.116     0.265     0.352     0.140
 49     gamma      22 [29]    
                                -0.083     0.159     0.483     0.515     0.000
 51     gamma      22 [50]    
                                -0.135     0.146    -0.175     0.265     0.000
 52     gamma      22 [50]    
                                -0.182     0.058    -0.063     0.201     0.000
 53     gamma      22 [30]    
                                 0.144    -0.371    -0.130     0.419     0.000
 54     gamma      22 [30]    
                                -0.159     0.095     0.069     0.198     0.000
 55      K_L0     130 [31]    
                                -0.169    -0.266    -0.267     0.647     0.498
------------------------------------------------------------------------------
     Sum of momenta:            -2e-05    -2e-05    -2e-05      5.37      5.37

The following exception classes were reported in this run:
ThePEG::EventHandler::ConsistencyException warning (1 times)
ThePEG::LesHouchesReader::LesHouchesReopenWarning warning (1 times)
