>>>>>>>>>>>>>>>>>>>>>>>>>>>>>>>>>>>>>>>>>>>>>>>>>>>>>>>>>>>>>>>>>>>>>>>>>>>>>>
>>>> Toolkit for HEP Event Generation - ThePEG 2.2.0 <<<<<<<<<<<<<<<<<<<<<<<<<
>>>> Tue Jun 30 00:41:28 2020                                             <<<<
<<<<<<<<<<<<<<<<<<<<<<<<<<<<<<<<<<<<<<<<<<<<<<<<<<<<<<<<<<<<<<<<<<<<<<<<<<<<<<

>> Herwig 7.2.0 / ThePEG 2.2.0

/Herwig/EventHandlers/NoCuts:
MHat  = 2 .. 32.8973 GeV
Scale = 0 .. 1e+12 GeV2
YHat  = -100 .. 100
X1    = 0 .. 1
X2    = 0 .. 1

* A warning exception of type ThePEG::LesHouchesReader::LesHouchesReopenWarning occurred while generating event number 1: 
Reopening LesHouchesReader 'myReader' after accessing 2 events out of 1
* A warning exception of type ThePEG::EventHandler::ConsistencyException occurred while generating event number 1: 
Event handler 'myLesHouchesHandler' found energy-momentum non-conservation by (-2e-05,-3e-05,-3e-05;9.99975e-06) GeV after generating step number 4.

******************************************************************************
Event number 1 (id: ./OUTPUT/0.95MB1.05/1512495814/TMP/Cluster_HERWIGOutput_14) performed by myLesHouchesHandler
Weight: 1
==============================================================================

--- Colliding particles:
  1        e-      11  (3)   
                                 8.224     0.000     0.000     8.224     0.000
  2        e+     -11  (3)   
                                -8.224     0.000     0.000     8.224     0.000
------------------------------------------------------------------------------
Primary sub-process performed by myReader
--- incoming:
  1        e-      11  (3)   
                                 8.224     0.000     0.000     8.224     0.000
  2        e+     -11  (3)   
                                -8.224     0.000     0.000     8.224     0.000
--- intermediates:
  3     gamma      22 [1,2] (4..8)   
                                -0.000     0.000    -0.000    16.449    16.449
--- outgoing:
  4         g      21 [3] (9)  6>>5 {+1,-2}
                                 0.265    -5.179    -4.681     6.986     0.000
  5         g      21 [3] (14)  4>>8 {+3,-1}
                                -0.378    -0.345     0.867     1.007     0.000
  6         g      21 [3] (15)  7>>4 {+2,-4}
                                 2.359     3.048     1.055     3.996     0.000
  7         g      21 [3] (16)  8>>6 {+4,-5}
                                -0.853     0.319     0.493     1.036     0.000
  8         g      21 [3] (17)  5>>7 {+5,-3}
                                -1.393     2.157     2.265     3.424     0.000
------------------------------------------------------------------------------
Step 1 performed by myLesHouchesHandler
--- intermediates:
  1        e-      11  (3)   
                                 8.224     0.000     0.000     8.224     0.000
  2        e+     -11  (3)   
                                -8.224     0.000     0.000     8.224     0.000
  3     gamma      22 [1,2] (4..8)   
                                -0.000     0.000    -0.000    16.449    16.449
--- final:
  4         g      21 [3] (9)  6>>5 {+1,-2}
                                 0.265    -5.179    -4.681     6.986     0.000
  5         g      21 [3] (14)  4>>8 {+3,-1}
                                -0.378    -0.345     0.867     1.007     0.000
  6         g      21 [3] (15)  7>>4 {+2,-4}
                                 2.359     3.048     1.055     3.996     0.000
  7         g      21 [3] (16)  8>>6 {+4,-5}
                                -0.853     0.319     0.493     1.036     0.000
  8         g      21 [3] (17)  5>>7 {+5,-3}
                                -1.393     2.157     2.265     3.424     0.000
------------------------------------------------------------------------------
     Sum of momenta:            -3e-05    -3e-05    -3e-05      16.4      16.4
------------------------------------------------------------------------------
Step 2 performed by ShowerHandler
--- intermediates:
  9         g      21 [4] (10,11)   {+1,-2}
                                 0.211    -4.118    -3.722     7.750     5.404
 11         g      21 [9] (12,13)   {+1,-6}
                                 1.405    -3.818    -3.235     6.121     3.232
--- final:
 10         g      21 [9] (26,27)  15>>13 {+6,-2}
                                -1.194    -0.300    -0.487     1.629     0.950
 12         g      21 [11] (28,29)  13>>14 {+1,-7}
                                -0.242    -1.775    -0.265     2.045     0.950
 13         g      21 [11] (30,31)  10>>12 {+7,-6}
                                 1.647    -2.043    -2.970     4.076     0.950
 14         g      21 [5] (18,19)  12>>17 {+3,-1}
                                -0.301    -0.274     0.690     1.242     0.950
 15         g      21 [6] (20,21)  16>>10 {+2,-4}
                                 1.875     2.423     0.839     3.316     0.950
 16         g      21 [7] (22,23)  17>>15 {+4,-5}
                                -0.678     0.254     0.392     1.257     0.950
 17         g      21 [8] (24,25)  14>>16 {+5,-3}
                                -1.108     1.715     1.801     2.883     0.950
------------------------------------------------------------------------------
     Sum of momenta:            -3e-05    -3e-05    -3e-05      16.4      16.4
------------------------------------------------------------------------------
Step 3 performed by ClusterHadHandler
--- intermediates:
 18         d       1 [14] (36)   {+3}
                                 0.015    -0.120    -0.061     0.352     0.325
 19      dbar      -1 [14] (32)   {-1}
                                -0.315    -0.154     0.751     0.890     0.325
 20         s       3 [15] (38)   {+2}
                                 0.652     0.858     0.379     1.228     0.450
 21      sbar      -3 [15] (36)   {-4}
                                 1.223     1.565     0.461     2.088     0.450
 22         u       2 [16] (37)   {+4}
                                -0.679    -0.042     0.233     0.790     0.325
 23      ubar      -2 [16] (33)   {-5}
                                 0.002     0.296     0.159     0.467     0.325
 24         d       1 [17] (33)   {+5}
                                -0.431     1.197     1.276     1.832     0.325
 25      dbar      -1 [17] (38)   {-3}
                                -0.677     0.517     0.524     1.052     0.325
 26         u       2 [10] (34)   {+6}
                                -0.441     0.053    -0.490     0.737     0.325
 27      ubar      -2 [10] (37)   {-2}
                                -0.753    -0.352     0.003     0.892     0.325
 28         u       2 [12] (32)   {+1}
                                -0.335    -0.917    -0.417     1.110     0.325
 29      ubar      -2 [12] (35)   {-7}
                                 0.093    -0.858     0.152     0.935     0.325
 30         d       1 [13] (35)   {+7}
                                 0.251    -0.508    -1.011     1.203     0.325
 31      dbar      -1 [13] (34)   {-6}
                                 1.395    -1.535    -1.959     2.872     0.325
 32   Cluster      81 [19,28] (49,50)   
                                -0.651    -1.071     0.334     2.001     1.523
 33   Cluster      81 [23,24] (51,52)   
                                -0.430     1.493     1.435     2.299     0.900
 34   Cluster      81 [26,31] (47,48)   
                                 0.954    -1.483    -2.449     3.609     1.979
 35   Cluster      81 [29,30] (41,42)   
                                 0.344    -1.366    -0.859     2.138     1.360
 36   Cluster      81 [18,21] (39,40)   
                                 1.238     1.445     0.399     2.440     1.475
 37   Cluster      81 [22,27] (45,46)   
                                -1.432    -0.394     0.236     1.682     0.753
 38   Cluster      81 [20,25] (43,44)   
                                -0.025     1.376     0.903     2.279     1.577
--- final:
 39       pi-    -211 [36]    
                                -0.124     0.051    -0.141     0.240     0.140
 40       K*+     323 [36] (53,54)   
                                 1.362     1.394     0.541     2.201     0.866
 41       pi0     111 [35] (57,58)   
                                -0.048    -0.353    -0.251     0.456     0.135
 42      rho-    -213 [35] (59,60)   
                                 0.393    -1.013    -0.608     1.682     1.131
 43       K*-    -323 [38] (63,64)   
                                -0.254     1.533     0.686     1.900     0.851
 44       pi+     211 [38]    
                                 0.230    -0.157     0.217     0.379     0.140
 45       pi+     211 [37]    
                                -1.428    -0.392     0.317     1.521     0.140
 46       pi-    -211 [37]    
                                -0.004    -0.002    -0.081     0.161     0.140
 47   omega''   30223 [34] (68..70)   
                                 0.820    -1.397    -2.313     3.357     1.816
 48       pi+     211 [34]    
                                 0.135    -0.086    -0.136     0.252     0.140
 49      rho+     213 [32] (77,78)   
                                -0.850    -0.596    -0.139     1.288     0.750
 50       pi0     111 [32] (81,82)   
                                 0.199    -0.476     0.473     0.712     0.135
 51       pi-    -211 [33]    
                                -0.669     1.205     1.220     1.846     0.140
 52       pi0     111 [33] (83,84)   
                                 0.240     0.288     0.215     0.453     0.135
------------------------------------------------------------------------------
     Sum of momenta:            -3e-05    -3e-05    -3e-05      16.4      16.4
------------------------------------------------------------------------------
Step 4 performed by DecayHandler
--- intermediates:
 54       pi0     111 [40] (55,56)   
                                 0.383     0.766     0.174     0.885     0.135
 59       pi0     111 [42] (61,62)   
                                 0.119     0.084    -0.500     0.538     0.135
 63     Kbar0    -311 [43] (65)   
                                 0.094     0.877     0.333     1.066     0.498
 65      K_S0     310 [63] (66,67)   
                                 0.094     0.877     0.333     1.066     0.498
 68     omega     223 [47] (71,72)   
                                -0.175    -0.522    -0.452     1.010     0.716
 71      rho0     113 [68] (73,74)   
                                -0.168    -0.414    -0.452     0.837     0.545
 72       pi0     111 [68] (75,76)   
                                -0.007    -0.108    -0.000     0.173     0.135
 77       pi0     111 [49] (79,80)   
                                -0.418    -0.689    -0.093     0.823     0.135
--- final:
 39       pi-    -211 [36]    
                                -0.124     0.051    -0.141     0.240     0.140
 44       pi+     211 [38]    
                                 0.230    -0.157     0.217     0.379     0.140
 45       pi+     211 [37]    
                                -1.428    -0.392     0.317     1.521     0.140
 46       pi-    -211 [37]    
                                -0.004    -0.002    -0.081     0.161     0.140
 48       pi+     211 [34]    
                                 0.135    -0.086    -0.136     0.252     0.140
 51       pi-    -211 [33]    
                                -0.669     1.205     1.220     1.846     0.140
 53        K+     321 [40]    
                                 0.980     0.628     0.367     1.316     0.494
 55     gamma      22 [54]    
                                 0.038     0.117    -0.019     0.124     0.000
 56     gamma      22 [54]    
                                 0.345     0.650     0.193     0.760     0.000
 57     gamma      22 [41]    
                                -0.082    -0.119    -0.090     0.170     0.000
 58     gamma      22 [41]    
                                 0.034    -0.234    -0.160     0.286     0.000
 60       pi-    -211 [42]    
                                 0.273    -1.097    -0.108     1.144     0.140
 61     gamma      22 [59]    
                                 0.034    -0.035    -0.083     0.096     0.000
 62     gamma      22 [59]    
                                 0.086     0.119    -0.417     0.442     0.000
 64       pi-    -211 [43]    
                                -0.348     0.656     0.354     0.834     0.140
 66       pi+     211 [65]    
                                -0.079     0.661     0.121     0.690     0.140
 67       pi-    -211 [65]    
                                 0.173     0.217     0.212     0.376     0.140
 69       pi+     211 [47]    
                                 0.930    -0.625    -1.565     1.930     0.140
 70       pi-    -211 [47]    
                                 0.064    -0.250    -0.296     0.417     0.140
 73       pi+     211 [71]    
                                 0.001     0.082    -0.119     0.201     0.140
 74       pi-    -211 [71]    
                                -0.169    -0.496    -0.332     0.636     0.140
 75     gamma      22 [72]    
                                 0.041    -0.047    -0.051     0.080     0.000
 76     gamma      22 [72]    
                                -0.047    -0.061     0.051     0.092     0.000
 78       pi+     211 [49]    
                                -0.432     0.094    -0.046     0.466     0.140
 79     gamma      22 [77]    
                                -0.200    -0.261     0.019     0.329     0.000
 80     gamma      22 [77]    
                                -0.218    -0.428    -0.112     0.493     0.000
 81     gamma      22 [50]    
                                 0.052    -0.164     0.245     0.300     0.000
 82     gamma      22 [50]    
                                 0.147    -0.311     0.227     0.412     0.000
 83     gamma      22 [52]    
                                 0.080     0.185     0.068     0.213     0.000
 84     gamma      22 [52]    
                                 0.159     0.104     0.147     0.240     0.000
------------------------------------------------------------------------------
     Sum of momenta:            -3e-05    -3e-05    -3e-05      16.4      16.4

The following exception classes were reported in this run:
ThePEG::EventHandler::ConsistencyException warning (1 times)
ThePEG::LesHouchesReader::LesHouchesReopenWarning warning (1 times)
