>>>>>>>>>>>>>>>>>>>>>>>>>>>>>>>>>>>>>>>>>>>>>>>>>>>>>>>>>>>>>>>>>>>>>>>>>>>>>>
>>>> Toolkit for HEP Event Generation - ThePEG 2.2.0 <<<<<<<<<<<<<<<<<<<<<<<<<
>>>> Tue Jun 30 00:37:30 2020                                             <<<<
<<<<<<<<<<<<<<<<<<<<<<<<<<<<<<<<<<<<<<<<<<<<<<<<<<<<<<<<<<<<<<<<<<<<<<<<<<<<<<

>> Herwig 7.2.0 / ThePEG 2.2.0

/Herwig/EventHandlers/NoCuts:
MHat  = 2 .. 30.6805 GeV
Scale = 0 .. 1e+12 GeV2
YHat  = -100 .. 100
X1    = 0 .. 1
X2    = 0 .. 1

* A warning exception of type ThePEG::LesHouchesReader::LesHouchesReopenWarning occurred while generating event number 1: 
Reopening LesHouchesReader 'myReader' after accessing 2 events out of 1
* A warning exception of type ThePEG::EventHandler::ConsistencyException occurred while generating event number 1: 
Event handler 'myLesHouchesHandler' found energy-momentum non-conservation by (3.0127e-15,-2e-05,-1e-05;9.99937e-06) GeV after generating step number 4.

******************************************************************************
Event number 1 (id: ./OUTPUT/0.95MB1.05/1512495814/TMP/Cluster_HERWIGOutput_9) performed by myLesHouchesHandler
Weight: 1
==============================================================================

--- Colliding particles:
  1        e-      11  (3)   
                                 7.670     0.000     0.000     7.670     0.000
  2        e+     -11  (3)   
                                -7.670     0.000     0.000     7.670     0.000
------------------------------------------------------------------------------
Primary sub-process performed by myReader
--- incoming:
  1        e-      11  (3)   
                                 7.670     0.000     0.000     7.670     0.000
  2        e+     -11  (3)   
                                -7.670     0.000     0.000     7.670     0.000
--- intermediates:
  3     gamma      22 [1,2] (4..7)   
                                 0.000     0.000    -0.000    15.340    15.340
--- outgoing:
  4         g      21 [3] (8)  5>>7 {+1,-2}
                                 0.870    -0.612    -1.044     1.490     0.000
  5         g      21 [3] (9)  6>>4 {+2,-3}
                                -0.543     0.415    -0.122     0.694     0.000
  6         g      21 [3] (10)  7>>5 {+3,-4}
                                 4.741     1.695    -3.479     6.120     0.000
  7         g      21 [3] (15)  4>>6 {+4,-1}
                                -5.069    -1.498     4.645     7.036     0.000
------------------------------------------------------------------------------
Step 1 performed by myLesHouchesHandler
--- intermediates:
  1        e-      11  (3)   
                                 7.670     0.000     0.000     7.670     0.000
  2        e+     -11  (3)   
                                -7.670     0.000     0.000     7.670     0.000
  3     gamma      22 [1,2] (4..7)   
                                 0.000     0.000    -0.000    15.340    15.340
--- final:
  4         g      21 [3] (8)  5>>7 {+1,-2}
                                 0.870    -0.612    -1.044     1.490     0.000
  5         g      21 [3] (9)  6>>4 {+2,-3}
                                -0.543     0.415    -0.122     0.694     0.000
  6         g      21 [3] (10)  7>>5 {+3,-4}
                                 4.741     1.695    -3.479     6.120     0.000
  7         g      21 [3] (15)  4>>6 {+4,-1}
                                -5.069    -1.498     4.645     7.036     0.000
------------------------------------------------------------------------------
     Sum of momenta:            -1e-05    -2e-05    -1e-05      15.3      15.3
------------------------------------------------------------------------------
Step 2 performed by ShowerHandler
--- intermediates:
 10         g      21 [6] (11,12)   {+3,-4}
                                 3.226     1.153    -2.367     8.009     6.841
 12         g      21 [10] (13,14)   {+3,-5}
                                 2.461    -0.407    -3.112     5.893     4.338
--- final:
  8         g      21 [4] (16,17)  9>>15 {+1,-2}
                                 0.592    -0.417    -0.710     1.390     0.950
  9         g      21 [5] (18,19)  13>>8 {+2,-3}
                                -0.369     0.282    -0.083     1.061     0.950
 11         g      21 [10] (22,23)  15>>14 {+5,-4}
                                 0.765     1.561     0.744     2.116     0.950
 13         g      21 [12] (24,25)  14>>9 {+3,-6}
                                 0.761     1.671    -0.773     2.207     0.950
 14         g      21 [12] (26,27)  11>>13 {+6,-5}
                                 1.700    -2.079    -2.339     3.685     0.950
 15         g      21 [7] (20,21)  8>>11 {+4,-1}
                                -3.449    -1.019     3.160     4.881     0.950
------------------------------------------------------------------------------
     Sum of momenta:            -1e-05    -2e-05    -1e-05      15.3      15.3
------------------------------------------------------------------------------
Step 3 performed by ClusterHadHandler
--- intermediates:
 16         d       1 [8] (28)   {+1}
                                 0.255     0.032     0.018     0.415     0.325
 17      dbar      -1 [8] (32)   {-2}
                                 0.337    -0.448    -0.728     0.975     0.325
 18         d       1 [9] (31)   {+2}
                                -0.038     0.008     0.264     0.420     0.325
 19      dbar      -1 [9] (29)   {-3}
                                -0.331     0.274    -0.347     0.641     0.325
 20         d       1 [15] (30)   {+4}
                                -2.251    -0.854     1.744     2.991     0.325
 21      dbar      -1 [15] (28)   {-1}
                                -1.198    -0.165     1.416     1.890     0.325
 22         d       1 [11] (31)   {+5}
                                 0.522     0.532     0.060     0.816     0.325
 23      dbar      -1 [11] (30)   {-4}
                                 0.243     1.028     0.685     1.300     0.325
 24         u       2 [13] (29)   {+3}
                                 0.189     0.963    -0.119     1.040     0.325
 25      ubar      -2 [13] (32)   {-6}
                                 0.572     0.709    -0.653     1.167     0.325
 26         u       2 [14] (31)   {+6}
                                 0.868    -1.327    -0.972     1.888     0.325
 27      ubar      -2 [14] (32)   {-5}
                                 0.832    -0.752    -1.367     1.797     0.325
 28   Cluster      81 [16,21] (35,36)   
                                -0.943    -0.134     1.434     2.305     1.532
 29   Cluster      81 [19,24] (39,40)   
                                -0.142     1.237    -0.466     1.681     1.029
 30   Cluster      81 [20,23] (37,38)   
                                -2.009     0.174     2.429     4.291     2.907
 31   Cluster      81 [18,22,26] (34)   
                                 1.352    -0.786    -0.649     3.124     2.626
 32   Cluster      81 [17,25,27] (33)   
                                 1.741    -0.491    -2.748     3.939     2.166
 33   Cluster      81 [32] (41,42)   
                                 1.741    -0.491    -2.748     3.939     2.166
 34   Cluster      81 [31] (43,44)   
                                 1.352    -0.786    -0.649     3.124     2.626
--- final:
 35       pi0     111 [28] (45,46)   
                                -0.670    -0.411     1.346     1.564     0.135
 36      rho0     113 [28] (47,48)   
                                -0.273     0.277     0.088     0.740     0.624
 37   omega_3     227 [30] (49,50)   
                                -0.537    -0.018     0.772     1.867     1.613
 38      a_00 9000111 [30] (55,56)   
                                -1.472     0.193     1.657     2.424     0.963
 39      rho0     113 [29] (68,69)   
                                -0.032     1.020    -0.493     1.400     0.821
 40       pi+     211 [29]    
                                -0.109     0.217     0.027     0.281     0.140
 41      rho0     113 [33] (70,71)   
                                 1.016     0.024    -0.727     1.540     0.900
 42     pbar-   -2212 [33]    
                                 0.725    -0.515    -2.021     2.399     0.938
 43       h_1   10223 [34] (72,73)   
                                 0.840    -0.394    -0.672     1.680     1.229
 44  n(1440)0   12112 [34] (78,79)   
                                 0.513    -0.392     0.024     1.444     1.291
------------------------------------------------------------------------------
     Sum of momenta:            -1e-05    -2e-05    -1e-05      15.3      15.3
------------------------------------------------------------------------------
Step 4 performed by DecayHandler
--- intermediates:
 49      rho0     113 [37] (51,52)   
                                -0.725     0.454     0.811     1.339     0.635
 50       pi0     111 [37] (53,54)   
                                 0.188    -0.473    -0.039     0.528     0.135
 55       eta     221 [38] (57..59)   
                                -1.194     0.246     0.917     1.621     0.548
 56       pi0     111 [38] (66,67)   
                                -0.278    -0.053     0.740     0.803     0.135
 57       pi0     111 [55] (60,61)   
                                -0.448     0.184     0.372     0.625     0.135
 58       pi0     111 [55] (62,63)   
                                -0.136    -0.035     0.080     0.211     0.135
 59       pi0     111 [55] (64,65)   
                                -0.610     0.097     0.465     0.785     0.135
 72      rho0     113 [43] (74,75)   
                                 0.740    -0.228    -0.840     1.391     0.794
 73       pi0     111 [43] (76,77)   
                                 0.100    -0.166     0.167     0.289     0.135
 79       pi0     111 [44] (80,81)   
                                 0.415    -0.159     0.072     0.470     0.135
--- final:
 40       pi+     211 [29]    
                                -0.109     0.217     0.027     0.281     0.140
 42     pbar-   -2212 [33]    
                                 0.725    -0.515    -2.021     2.399     0.938
 45     gamma      22 [35]    
                                -0.448    -0.323     0.845     1.010     0.000
 46     gamma      22 [35]    
                                -0.222    -0.088     0.501     0.555     0.000
 47       pi+     211 [36]    
                                -0.174     0.403    -0.082     0.468     0.140
 48       pi-    -211 [36]    
                                -0.099    -0.126     0.171     0.273     0.140
 51       pi+     211 [49]    
                                -0.478     0.259     0.821     0.995     0.140
 52       pi-    -211 [49]    
                                -0.247     0.195    -0.010     0.345     0.140
 53     gamma      22 [50]    
                                 0.176    -0.423    -0.076     0.464     0.000
 54     gamma      22 [50]    
                                 0.013    -0.050     0.037     0.063     0.000
 60     gamma      22 [57]    
                                -0.156     0.048     0.052     0.171     0.000
 61     gamma      22 [57]    
                                -0.292     0.135     0.320     0.454     0.000
 62     gamma      22 [58]    
                                -0.154    -0.016     0.035     0.159     0.000
 63     gamma      22 [58]    
                                 0.018    -0.019     0.045     0.052     0.000
 64     gamma      22 [59]    
                                -0.247     0.040     0.108     0.273     0.000
 65     gamma      22 [59]    
                                -0.362     0.057     0.357     0.512     0.000
 66     gamma      22 [56]    
                                -0.001    -0.017     0.006     0.018     0.000
 67     gamma      22 [56]    
                                -0.277    -0.036     0.734     0.785     0.000
 68       pi+     211 [39]    
                                -0.231     1.025    -0.457     1.154     0.140
 69       pi-    -211 [39]    
                                 0.199    -0.005    -0.036     0.246     0.140
 70       pi+     211 [41]    
                                 0.187    -0.344    -0.098     0.427     0.140
 71       pi-    -211 [41]    
                                 0.829     0.369    -0.629     1.113     0.140
 74       pi+     211 [72]    
                                 0.057     0.184    -0.411     0.475     0.140
 75       pi-    -211 [72]    
                                 0.682    -0.412    -0.428     0.916     0.140
 76     gamma      22 [73]    
                                 0.116    -0.120     0.172     0.240     0.000
 77     gamma      22 [73]    
                                -0.017    -0.046    -0.005     0.049     0.000
 78        n0    2112 [44]    
                                 0.098    -0.234    -0.049     0.974     0.940
 80     gamma      22 [79]    
                                 0.060    -0.075    -0.007     0.096     0.000
 81     gamma      22 [79]    
                                 0.355    -0.083     0.079     0.373     0.000
------------------------------------------------------------------------------
     Sum of momenta:            -1e-05    -2e-05    -1e-05      15.3      15.3

The following exception classes were reported in this run:
ThePEG::EventHandler::ConsistencyException warning (1 times)
ThePEG::LesHouchesReader::LesHouchesReopenWarning warning (1 times)
