>>>>>>>>>>>>>>>>>>>>>>>>>>>>>>>>>>>>>>>>>>>>>>>>>>>>>>>>>>>>>>>>>>>>>>>>>>>>>>
>>>> Toolkit for HEP Event Generation - ThePEG 2.2.0 <<<<<<<<<<<<<<<<<<<<<<<<<
>>>> Tue Jun 30 00:25:40 2020                                             <<<<
<<<<<<<<<<<<<<<<<<<<<<<<<<<<<<<<<<<<<<<<<<<<<<<<<<<<<<<<<<<<<<<<<<<<<<<<<<<<<<

>> Herwig 7.2.0 / ThePEG 2.2.0

/Herwig/EventHandlers/NoCuts:
MHat  = 2 .. 13.4727 GeV
Scale = 0 .. 1e+12 GeV2
YHat  = -100 .. 100
X1    = 0 .. 1
X2    = 0 .. 1

* A warning exception of type ThePEG::LesHouchesReader::LesHouchesReopenWarning occurred while generating event number 1: 
Reopening LesHouchesReader 'myReader' after accessing 2 events out of 1
* A warning exception of type ThePEG::EventHandler::ConsistencyException occurred while generating event number 1: 
Event handler 'myLesHouchesHandler' found energy-momentum non-conservation by (-1e-05,-2e-05,-1e-05;2.99999e-05) GeV after generating step number 4.

******************************************************************************
Event number 1 (id: ./OUTPUT/0.95MB1.05/1512173935/TMP/Cluster_HERWIGOutput_12) performed by myLesHouchesHandler
Weight: 1
==============================================================================

--- Colliding particles:
  1        e-      11  (3)   
                                 3.368     0.000     0.000     3.368     0.000
  2        e+     -11  (3)   
                                -3.368     0.000    -0.000     3.368     0.000
------------------------------------------------------------------------------
Primary sub-process performed by myReader
--- incoming:
  1        e-      11  (3)   
                                 3.368     0.000     0.000     3.368     0.000
  2        e+     -11  (3)   
                                -3.368     0.000    -0.000     3.368     0.000
--- intermediates:
  3     gamma      22 [1,2] (4..7)   
                                -0.000     0.000    -0.000     6.736     6.736
--- outgoing:
  4         g      21 [3] (8)  7>>5 {+1,-2}
                                -0.262    -1.799     0.297     1.842     0.000
  5         g      21 [3] (9)  4>>6 {+3,-1}
                                 0.540     1.055     1.613     2.001     0.000
  6         g      21 [3] (10)  5>>7 {+4,-3}
                                -0.379     1.197    -2.055     2.408     0.000
  7         g      21 [3] (11)  6>>4 {+2,-4}
                                 0.100    -0.453     0.145     0.486     0.000
------------------------------------------------------------------------------
Step 1 performed by myLesHouchesHandler
--- intermediates:
  1        e-      11  (3)   
                                 3.368     0.000     0.000     3.368     0.000
  2        e+     -11  (3)   
                                -3.368     0.000    -0.000     3.368     0.000
  3     gamma      22 [1,2] (4..7)   
                                -0.000     0.000    -0.000     6.736     6.736
--- final:
  4         g      21 [3] (8)  7>>5 {+1,-2}
                                -0.262    -1.799     0.297     1.842     0.000
  5         g      21 [3] (9)  4>>6 {+3,-1}
                                 0.540     1.055     1.613     2.001     0.000
  6         g      21 [3] (10)  5>>7 {+4,-3}
                                -0.379     1.197    -2.055     2.408     0.000
  7         g      21 [3] (11)  6>>4 {+2,-4}
                                 0.100    -0.453     0.145     0.486     0.000
------------------------------------------------------------------------------
     Sum of momenta:            -2e-05    -2e-05    -1e-05      6.74      6.74
------------------------------------------------------------------------------
Step 2 performed by ShowerHandler
--- final:
  8         g      21 [4] (12,13)  11>>9 {+1,-2}
                                -0.207    -1.422     0.235     1.739     0.950
  9         g      21 [5] (14,15)  8>>10 {+3,-1}
                                 0.427     0.834     1.275     1.846     0.950
 10         g      21 [6] (16,17)  9>>11 {+4,-3}
                                -0.300     0.946    -1.625     2.128     0.950
 11         g      21 [7] (18,19)  10>>8 {+2,-4}
                                 0.079    -0.358     0.114     1.025     0.950
------------------------------------------------------------------------------
     Sum of momenta:            -2e-05    -2e-05    -1e-05      6.74      6.74
------------------------------------------------------------------------------
Step 3 performed by ClusterHadHandler
--- intermediates:
 12         d       1 [8] (20)   {+1}
                                -0.193    -1.259     0.344     1.359     0.325
 13      dbar      -1 [8] (21)   {-2}
                                -0.014    -0.163    -0.109     0.380     0.325
 14         d       1 [9] (22)   {+3}
                                -0.019    -0.004     0.247     0.409     0.325
 15      dbar      -1 [9] (20)   {-1}
                                 0.446     0.838     1.028     1.437     0.325
 16         s       3 [10] (23)   {+4}
                                -0.291     0.577    -1.015     1.285     0.450
 17      sbar      -3 [10] (22)   {-3}
                                -0.008     0.369    -0.610     0.843     0.450
 18         d       1 [11] (21)   {+2}
                                 0.066    -0.258    -0.279     0.504     0.325
 19      dbar      -1 [11] (23)   {-4}
                                 0.014    -0.100     0.394     0.520     0.325
 20   Cluster      81 [12,15] (24,25)   
                                 0.253    -0.421     1.372     2.795     2.386
 21   Cluster      81 [13,18] (26,27)   
                                 0.052    -0.421    -0.388     0.884     0.672
 22   Cluster      81 [14,17] (30,31)   
                                -0.027     0.364    -0.363     1.252     1.141
 23   Cluster      81 [16,19] (28,29)   
                                -0.278     0.477    -0.621     1.805     1.602
--- final:
 24      rho0     113 [20] (32,33)   
                                 0.068    -0.373     0.839     1.176     0.731
 25      f'_0   10221 [20] (34,35)   
                                 0.185    -0.047     0.533     1.620     1.517
 26       pi0     111 [21] (44,45)   
                                -0.018    -0.276    -0.542     0.624     0.135
 27       pi0     111 [21] (46,47)   
                                 0.070    -0.145     0.154     0.261     0.135
 28  K'_1bar0  -20313 [23] (48,49)   
                                -0.427     0.323    -0.506     1.527     1.338
 29       pi0     111 [23] (55,56)   
                                 0.149     0.154    -0.115     0.278     0.135
 30       pi0     111 [22] (57,58)   
                                 0.008     0.152     0.320     0.380     0.135
 31        K0     311 [22] (59)   
                                -0.036     0.212    -0.683     0.872     0.498
------------------------------------------------------------------------------
     Sum of momenta:            -2e-05    -2e-05    -1e-05      6.74      6.74
------------------------------------------------------------------------------
Step 4 performed by DecayHandler
--- intermediates:
 34     sigma 9000221 [25] (36,37)   
                                -0.049    -0.155     0.838     1.025     0.567
 35     sigma 9000221 [25] (38,39)   
                                 0.234     0.108    -0.305     0.595     0.441
 38       pi0     111 [35] (40,41)   
                                 0.001     0.104     0.022     0.172     0.135
 39       pi0     111 [35] (42,43)   
                                 0.232     0.004    -0.327     0.423     0.135
 48       K*-    -323 [28] (50,51)   
                                -0.151    -0.046    -0.156     0.932     0.905
 50     Kbar0    -311 [48] (52)   
                                -0.114    -0.149    -0.375     0.651     0.498
 52      K_S0     310 [50] (53,54)   
                                -0.114    -0.149    -0.375     0.651     0.498
 59      K_S0     310 [31] (60,61)   
                                -0.036     0.212    -0.683     0.872     0.498
--- final:
 32       pi+     211 [24]    
                                 0.349    -0.313     0.617     0.787     0.140
 33       pi-    -211 [24]    
                                -0.280    -0.060     0.222     0.388     0.140
 36       pi+     211 [34]    
                                 0.110     0.084     0.100     0.220     0.140
 37       pi-    -211 [34]    
                                -0.159    -0.239     0.738     0.804     0.140
 40     gamma      22 [38]    
                                -0.052    -0.002     0.009     0.053     0.000
 41     gamma      22 [38]    
                                 0.053     0.106     0.013     0.119     0.000
 42     gamma      22 [39]    
                                 0.133    -0.043    -0.259     0.294     0.000
 43     gamma      22 [39]    
                                 0.099     0.047    -0.068     0.129     0.000
 44     gamma      22 [26]    
                                -0.034    -0.286    -0.502     0.578     0.000
 45     gamma      22 [26]    
                                 0.016     0.010    -0.041     0.045     0.000
 46     gamma      22 [27]    
                                 0.054    -0.049     0.145     0.162     0.000
 47     gamma      22 [27]    
                                 0.016    -0.097     0.009     0.098     0.000
 49       pi+     211 [28]    
                                -0.276     0.369    -0.350     0.595     0.140
 51       pi-    -211 [48]    
                                -0.037     0.103     0.218     0.281     0.140
 53       pi+     211 [52]    
                                -0.101     0.102    -0.031     0.203     0.140
 54       pi-    -211 [52]    
                                -0.013    -0.251    -0.344     0.448     0.140
 55     gamma      22 [29]    
                                 0.118     0.178    -0.088     0.231     0.000
 56     gamma      22 [29]    
                                 0.031    -0.024    -0.027     0.047     0.000
 57     gamma      22 [30]    
                                 0.059     0.022     0.112     0.129     0.000
 58     gamma      22 [30]    
                                -0.051     0.130     0.209     0.251     0.000
 60       pi+     211 [59]    
                                 0.122     0.193    -0.169     0.316     0.140
 61       pi-    -211 [59]    
                                -0.158     0.019    -0.514     0.556     0.140
------------------------------------------------------------------------------
     Sum of momenta:            -2e-05    -2e-05    -1e-05      6.74      6.74

The following exception classes were reported in this run:
ThePEG::EventHandler::ConsistencyException warning (1 times)
ThePEG::LesHouchesReader::LesHouchesReopenWarning warning (1 times)
