>>>>>>>>>>>>>>>>>>>>>>>>>>>>>>>>>>>>>>>>>>>>>>>>>>>>>>>>>>>>>>>>>>>>>>>>>>>>>>
>>>> Toolkit for HEP Event Generation - ThePEG 2.2.0 <<<<<<<<<<<<<<<<<<<<<<<<<
>>>> Tue Jun 30 00:20:39 2020                                             <<<<
<<<<<<<<<<<<<<<<<<<<<<<<<<<<<<<<<<<<<<<<<<<<<<<<<<<<<<<<<<<<<<<<<<<<<<<<<<<<<<

>> Herwig 7.2.0 / ThePEG 2.2.0

/Herwig/EventHandlers/NoCuts:
MHat  = 2 .. 42.7876 GeV
Scale = 0 .. 1e+12 GeV2
YHat  = -100 .. 100
X1    = 0 .. 1
X2    = 0 .. 1

* A warning exception of type ThePEG::LesHouchesReader::LesHouchesReopenWarning occurred while generating event number 1: 
Reopening LesHouchesReader 'myReader' after accessing 2 events out of 1
* A warning exception of type ThePEG::EventHandler::ConsistencyException occurred while generating event number 1: 
Event handler 'myLesHouchesHandler' found energy-momentum non-conservation by (-2e-05,-3e-05,-4e-05;1.99995e-05) GeV after generating step number 4.

******************************************************************************
Event number 1 (id: ./OUTPUT/0.95MB1.05/1514657259/TMP/Cluster_HERWIGOutput_6) performed by myLesHouchesHandler
Weight: 1
==============================================================================

--- Colliding particles:
  1        e-      11  (3)   
                                10.697     0.000    -0.000    10.697     0.000
  2        e+     -11  (3)   
                               -10.697     0.000     0.000    10.697     0.000
------------------------------------------------------------------------------
Primary sub-process performed by myReader
--- incoming:
  1        e-      11  (3)   
                                10.697     0.000    -0.000    10.697     0.000
  2        e+     -11  (3)   
                               -10.697     0.000     0.000    10.697     0.000
--- intermediates:
  3     gamma      22 [1,2] (4..9)   
                                 0.000     0.000     0.000    21.394    21.394
--- outgoing:
  4         g      21 [3] (10)  8>>6 {+1,-2}
                                 3.445    -0.824    -4.673     5.864     0.000
  5         g      21 [3] (11)  7>>9 {+3,-4}
                                -3.678    -3.242     6.891     8.457     0.000
  6         g      21 [3] (12)  4>>7 {+5,-1}
                                -0.122    -0.566    -0.701     0.909     0.000
  7         g      21 [3] (13)  6>>5 {+4,-5}
                                -0.345    -0.017     0.449     0.566     0.000
  8         g      21 [3] (14)  9>>4 {+2,-6}
                                -0.168    -0.169    -0.385     0.453     0.000
  9         g      21 [3] (15)  5>>8 {+6,-3}
                                 0.868     4.818    -1.582     5.145     0.000
------------------------------------------------------------------------------
Step 1 performed by myLesHouchesHandler
--- intermediates:
  1        e-      11  (3)   
                                10.697     0.000    -0.000    10.697     0.000
  2        e+     -11  (3)   
                               -10.697     0.000     0.000    10.697     0.000
  3     gamma      22 [1,2] (4..9)   
                                 0.000     0.000     0.000    21.394    21.394
--- final:
  4         g      21 [3] (10)  8>>6 {+1,-2}
                                 3.445    -0.824    -4.673     5.864     0.000
  5         g      21 [3] (11)  7>>9 {+3,-4}
                                -3.678    -3.242     6.891     8.457     0.000
  6         g      21 [3] (12)  4>>7 {+5,-1}
                                -0.122    -0.566    -0.701     0.909     0.000
  7         g      21 [3] (13)  6>>5 {+4,-5}
                                -0.345    -0.017     0.449     0.566     0.000
  8         g      21 [3] (14)  9>>4 {+2,-6}
                                -0.168    -0.169    -0.385     0.453     0.000
  9         g      21 [3] (15)  5>>8 {+6,-3}
                                 0.868     4.818    -1.582     5.145     0.000
------------------------------------------------------------------------------
     Sum of momenta:            -3e-05    -3e-05    -4e-05      21.4      21.4
------------------------------------------------------------------------------
Step 2 performed by ShowerHandler
--- final:
 10         g      21 [4] (16,17)  14>>12 {+1,-2}
                                 3.146    -0.753    -4.268     5.439     0.950
 11         g      21 [5] (18,19)  13>>15 {+3,-4}
                                -3.359    -2.961     6.293     7.782     0.950
 12         g      21 [6] (20,21)  10>>13 {+5,-1}
                                -0.112    -0.517    -0.640     1.262     0.950
 13         g      21 [7] (22,23)  12>>11 {+4,-5}
                                -0.315    -0.016     0.410     1.082     0.950
 14         g      21 [8] (24,25)  15>>10 {+2,-6}
                                -0.154    -0.155    -0.351     1.036     0.950
 15         g      21 [9] (26,27)  11>>14 {+6,-3}
                                 0.793     4.400    -1.444     4.794     0.950
------------------------------------------------------------------------------
     Sum of momenta:            -3e-05    -3e-05    -4e-05      21.4      21.4
------------------------------------------------------------------------------
Step 3 performed by ClusterHadHandler
--- intermediates:
 16         u       2 [10] (33)   {+1}
                                 1.236    -0.176    -2.177     2.530     0.325
 17      ubar      -2 [10] (28)   {-2}
                                 1.911    -0.577    -2.091     2.909     0.325
 18         s       3 [11] (32)   {+3}
                                -1.674    -1.568     2.990     3.795     0.450
 19      sbar      -3 [11] (29)   {-4}
                                -1.685    -1.393     3.304     3.987     0.450
 20         s       3 [12] (30)   {+5}
                                -0.086    -0.291    -0.501     0.739     0.450
 21      sbar      -3 [12] (32)   {-1}
                                -0.026    -0.225    -0.139     0.523     0.450
 22         u       2 [13] (29)   {+4}
                                -0.168    -0.043     0.579     0.686     0.325
 23      ubar      -2 [13] (30)   {-5}
                                -0.147     0.027    -0.169     0.396     0.325
 24         d       1 [14] (28)   {+2}
                                -0.120    -0.374    -0.389     0.641     0.325
 25      dbar      -1 [14] (31)   {-6}
                                -0.034     0.219     0.038     0.395     0.325
 26         u       2 [15] (31)   {+6}
                                 0.323     1.182    -0.144     1.275     0.325
 27      ubar      -2 [15] (33)   {-3}
                                 0.470     3.218    -1.301     3.518     0.325
 28   Cluster      81 [17,24] (42,43)   
                                 1.790    -0.950    -2.480     3.550     1.530
 29   Cluster      81 [19,22] (36,37)   
                                -1.853    -1.436     3.883     4.673     1.127
 30   Cluster      81 [20,23] (34,35)   
                                -0.233    -0.264    -0.670     1.134     0.845
 31   Cluster      81 [25,26] (38,39)   
                                 0.289     1.401    -0.106     1.671     0.857
 32   Cluster      81 [18,21] (44,45)   
                                -1.700    -1.793     2.851     4.318     2.100
 33   Cluster      81 [16,27] (40,41)   
                                 1.706     3.042    -3.478     6.048     3.510
--- final:
 34     Kbar0    -311 [30] (46)   
                                -0.318    -0.360    -0.385     0.792     0.498
 35       pi-    -211 [30]    
                                 0.086     0.096    -0.286     0.343     0.140
 36       K*+     323 [29] (49,50)   
                                -1.775    -1.384     3.779     4.479     0.845
 37       pi0     111 [29] (54,55)   
                                -0.078    -0.051     0.104     0.194     0.135
 38       pi0     111 [31] (56,57)   
                                 0.178     1.252    -0.364     1.323     0.135
 39       pi+     211 [31]    
                                 0.112     0.148     0.258     0.348     0.140
 40      rho+     213 [33] (58,59)   
                                 0.962     0.591     0.074     1.343     0.724
 41    rho''-  -30213 [33] (62,63)   
                                 0.744     2.451    -3.552     4.705     1.720
 42        K-    -321 [28]    
                                 0.924    -0.818    -0.696     1.500     0.494
 43        K0     311 [28] (70)   
                                 0.866    -0.132    -1.784     2.049     0.498
 44    K*bar0    -313 [32] (71,72)   
                                -1.290    -1.706     2.201     3.220     0.974
 45       K*0     313 [32] (73,74)   
                                -0.410    -0.087     0.650     1.098     0.779
------------------------------------------------------------------------------
     Sum of momenta:            -3e-05    -3e-05    -4e-05      21.4      21.4
------------------------------------------------------------------------------
Step 4 performed by DecayHandler
--- intermediates:
 46      K_S0     310 [34] (47,48)   
                                -0.318    -0.360    -0.385     0.792     0.498
 49        K0     311 [36] (51)   
                                -1.389    -1.243     2.721     3.335     0.498
 51      K_S0     310 [49] (52,53)   
                                -1.389    -1.243     2.721     3.335     0.498
 58       pi0     111 [40] (60,61)   
                                 0.442    -0.071     0.139     0.488     0.135
 62       pi0     111 [41] (64,65)   
                                 0.690     0.894    -1.188     1.645     0.135
 63      pi'- -100211 [41] (66,67)   
                                 0.054     1.557    -2.363     3.060     1.162
 67      rho0     113 [63] (68,69)   
                                -0.058     0.874    -1.646     2.053     0.860
 73        K0     311 [45] (75)   
                                -0.096    -0.065     0.242     0.565     0.498
 74       pi0     111 [45] (82,83)   
                                -0.314    -0.022     0.408     0.532     0.135
 75      K_S0     310 [73] (76,77)   
                                -0.096    -0.065     0.242     0.565     0.498
 76       pi0     111 [75] (78,79)   
                                -0.002    -0.226     0.202     0.332     0.135
 77       pi0     111 [75] (80,81)   
                                -0.095     0.161     0.040     0.233     0.135
--- final:
 35       pi-    -211 [30]    
                                 0.086     0.096    -0.286     0.343     0.140
 39       pi+     211 [31]    
                                 0.112     0.148     0.258     0.348     0.140
 42        K-    -321 [28]    
                                 0.924    -0.818    -0.696     1.500     0.494
 47       pi+     211 [46]    
                                -0.351    -0.197    -0.385     0.574     0.140
 48       pi-    -211 [46]    
                                 0.033    -0.164     0.001     0.217     0.140
 50       pi+     211 [36]    
                                -0.387    -0.141     1.058     1.144     0.140
 52       pi+     211 [51]    
                                -0.875    -0.538     1.631     1.932     0.140
 53       pi-    -211 [51]    
                                -0.514    -0.704     1.090     1.403     0.140
 54     gamma      22 [37]    
                                -0.100     0.007     0.073     0.124     0.000
 55     gamma      22 [37]    
                                 0.022    -0.059     0.030     0.070     0.000
 56     gamma      22 [38]    
                                 0.185     0.950    -0.308     1.015     0.000
 57     gamma      22 [38]    
                                -0.007     0.302    -0.057     0.308     0.000
 59       pi+     211 [40]    
                                 0.520     0.662    -0.065     0.855     0.140
 60     gamma      22 [58]    
                                 0.362    -0.107     0.093     0.389     0.000
 61     gamma      22 [58]    
                                 0.080     0.036     0.046     0.099     0.000
 64     gamma      22 [62]    
                                 0.666     0.892    -1.169     1.614     0.000
 65     gamma      22 [62]    
                                 0.024     0.002    -0.019     0.031     0.000
 66       pi-    -211 [63]    
                                 0.112     0.684    -0.718     1.007     0.140
 68       pi+     211 [67]    
                                 0.052     0.998    -1.316     1.658     0.140
 69       pi-    -211 [67]    
                                -0.110    -0.124    -0.330     0.395     0.140
 70      K_L0     130 [43]    
                                 0.866    -0.132    -1.784     2.049     0.498
 71        K-    -321 [44]    
                                -0.956    -0.788     1.512     2.016     0.494
 72       pi+     211 [44]    
                                -0.334    -0.918     0.690     1.204     0.140
 78     gamma      22 [76]    
                                -0.045    -0.131     0.050     0.148     0.000
 79     gamma      22 [76]    
                                 0.043    -0.094     0.153     0.184     0.000
 80     gamma      22 [77]    
                                 0.006    -0.015    -0.016     0.023     0.000
 81     gamma      22 [77]    
                                -0.101     0.176     0.056     0.210     0.000
 82     gamma      22 [74]    
                                -0.231     0.041     0.319     0.396     0.000
 83     gamma      22 [74]    
                                -0.083    -0.062     0.089     0.136     0.000
------------------------------------------------------------------------------
     Sum of momenta:            -3e-05    -3e-05    -4e-05      21.4      21.4

The following exception classes were reported in this run:
ThePEG::EventHandler::ConsistencyException warning (1 times)
ThePEG::LesHouchesReader::LesHouchesReopenWarning warning (1 times)
