>>>>>>>>>>>>>>>>>>>>>>>>>>>>>>>>>>>>>>>>>>>>>>>>>>>>>>>>>>>>>>>>>>>>>>>>>>>>>>
>>>> Toolkit for HEP Event Generation - ThePEG 2.2.0 <<<<<<<<<<<<<<<<<<<<<<<<<
>>>> Tue Jun 30 01:02:18 2020                                             <<<<
<<<<<<<<<<<<<<<<<<<<<<<<<<<<<<<<<<<<<<<<<<<<<<<<<<<<<<<<<<<<<<<<<<<<<<<<<<<<<<

>> Herwig 7.2.0 / ThePEG 2.2.0

/Herwig/EventHandlers/NoCuts:
MHat  = 2 .. 27.0225 GeV
Scale = 0 .. 1e+12 GeV2
YHat  = -100 .. 100
X1    = 0 .. 1
X2    = 0 .. 1

* A warning exception of type ThePEG::LesHouchesReader::LesHouchesReopenWarning occurred while generating event number 1: 
Reopening LesHouchesReader 'myReader' after accessing 2 events out of 1
* A warning exception of type ThePEG::EventHandler::ConsistencyException occurred while generating event number 1: 
Event handler 'myLesHouchesHandler' found energy-momentum non-conservation by (-3e-05,-3e-05,-4e-05;9.99974e-06) GeV after generating step number 4.

******************************************************************************
Event number 1 (id: ./OUTPUT/0.95MB1.05/1513763215/TMP/Cluster_HERWIGOutput_40) performed by myLesHouchesHandler
Weight: 1
==============================================================================

--- Colliding particles:
  1        e-      11  (3)   
                                 6.756     0.000     0.000     6.756     0.000
  2        e+     -11  (3)   
                                -6.756     0.000     0.000     6.756     0.000
------------------------------------------------------------------------------
Primary sub-process performed by myReader
--- incoming:
  1        e-      11  (3)   
                                 6.756     0.000     0.000     6.756     0.000
  2        e+     -11  (3)   
                                -6.756     0.000     0.000     6.756     0.000
--- intermediates:
  3     gamma      22 [1,2] (4..9)   
                                 0.000     0.000    -0.000    13.511    13.511
--- outgoing:
  4         g      21 [3] (10)  7>>8 {+1,-2}
                                -0.261    -1.388     0.021     1.412     0.000
  5         g      21 [3] (11)  8>>6 {+3,-4}
                                -1.621     1.500    -0.285     2.227     0.000
  6         g      21 [3] (12)  5>>9 {+5,-3}
                                -0.358     1.608     0.441     1.705     0.000
  7         g      21 [3] (13)  9>>4 {+2,-6}
                                 0.889    -2.102    -0.883     2.447     0.000
  8         g      21 [3] (14)  4>>5 {+4,-1}
                                 1.224     1.904    -1.727     2.847     0.000
  9         g      21 [3] (15)  6>>7 {+6,-5}
                                 0.127    -1.522     2.433     2.873     0.000
------------------------------------------------------------------------------
Step 1 performed by myLesHouchesHandler
--- intermediates:
  1        e-      11  (3)   
                                 6.756     0.000     0.000     6.756     0.000
  2        e+     -11  (3)   
                                -6.756     0.000     0.000     6.756     0.000
  3     gamma      22 [1,2] (4..9)   
                                 0.000     0.000    -0.000    13.511    13.511
--- final:
  4         g      21 [3] (10)  7>>8 {+1,-2}
                                -0.261    -1.388     0.021     1.412     0.000
  5         g      21 [3] (11)  8>>6 {+3,-4}
                                -1.621     1.500    -0.285     2.227     0.000
  6         g      21 [3] (12)  5>>9 {+5,-3}
                                -0.358     1.608     0.441     1.705     0.000
  7         g      21 [3] (13)  9>>4 {+2,-6}
                                 0.889    -2.102    -0.883     2.447     0.000
  8         g      21 [3] (14)  4>>5 {+4,-1}
                                 1.224     1.904    -1.727     2.847     0.000
  9         g      21 [3] (15)  6>>7 {+6,-5}
                                 0.127    -1.522     2.433     2.873     0.000
------------------------------------------------------------------------------
     Sum of momenta:            -4e-05    -3e-05    -4e-05      13.5      13.5
------------------------------------------------------------------------------
Step 2 performed by ShowerHandler
--- final:
 10         g      21 [4] (16,17)  13>>14 {+1,-2}
                                -0.235    -1.251     0.019     1.588     0.950
 11         g      21 [5] (18,19)  14>>12 {+3,-4}
                                -1.461     1.352    -0.257     2.220     0.950
 12         g      21 [6] (20,21)  11>>15 {+5,-3}
                                -0.323     1.449     0.398     1.807     0.950
 13         g      21 [7] (22,23)  15>>10 {+2,-6}
                                 0.801    -1.895    -0.796     2.401     0.950
 14         g      21 [8] (24,25)  10>>11 {+4,-1}
                                 1.103     1.716    -1.557     2.736     0.950
 15         g      21 [9] (26,27)  12>>13 {+6,-5}
                                 0.115    -1.372     2.193     2.758     0.950
------------------------------------------------------------------------------
     Sum of momenta:            -4e-05    -3e-05    -4e-05      13.5      13.5
------------------------------------------------------------------------------
Step 3 performed by ClusterHadHandler
--- intermediates:
 16         d       1 [10] (32)   {+1}
                                -0.405    -0.502    -0.149     0.738     0.325
 17      dbar      -1 [10] (28)   {-2}
                                 0.170    -0.748     0.168     0.850     0.325
 18         u       2 [11] (29)   {+3}
                                -0.838     1.167    -0.249     1.494     0.325
 19      ubar      -2 [11] (30)   {-4}
                                -0.623     0.185    -0.008     0.727     0.325
 20         s       3 [12] (33)   {+5}
                                -0.125     0.780     0.353     0.975     0.450
 21      sbar      -3 [12] (29)   {-3}
                                -0.198     0.669     0.044     0.831     0.450
 22         u       2 [13] (28)   {+2}
                                 0.429    -1.251    -0.820     1.590     0.325
 23      ubar      -2 [13] (31)   {-6}
                                 0.372    -0.643     0.024     0.811     0.325
 24         u       2 [14] (30)   {+4}
                                 0.579     1.169    -1.307     1.874     0.325
 25      ubar      -2 [14] (33)   {-1}
                                 0.525     0.547    -0.250     0.862     0.325
 26         u       2 [15] (31)   {+6}
                                 0.107    -1.032     1.940     2.224     0.325
 27      ubar      -2 [15] (32)   {-5}
                                 0.007    -0.340     0.253     0.534     0.325
 28   Cluster      81 [17,22] (34,35)   
                                 0.599    -2.000    -0.652     2.440     1.082
 29   Cluster      81 [18,21] (38,39)   
                                -1.036     1.836    -0.204     2.325     0.959
 30   Cluster      81 [19,24] (42,43)   
                                -0.045     1.354    -1.315     2.601     1.790
 31   Cluster      81 [23,26] (36,37)   
                                 0.479    -1.675     1.965     3.036     1.523
 32   Cluster      81 [16,27] (40,41)   
                                -0.398    -0.842     0.103     1.272     0.860
 33   Cluster      81 [20,25] (44,45)   
                                 0.400     1.327     0.103     1.837     1.202
--- final:
 34      rho+     213 [28] (46,47)   
                                 0.578    -1.752    -0.677     2.156     0.887
 35       pi0     111 [28] (50,51)   
                                 0.021    -0.248     0.025     0.284     0.135
 36       K*-    -323 [31] (52,53)   
                                 0.375    -0.949     0.827     1.595     0.904
 37        K+     321 [31]    
                                 0.104    -0.726     1.138     1.441     0.494
 38       pi+     211 [29]    
                                -0.364     1.035    -0.345     1.159     0.140
 39        K0     311 [29] (57)   
                                -0.671     0.801     0.141     1.166     0.498
 40       pi0     111 [32] (58,59)   
                                -0.561    -0.262    -0.046     0.636     0.135
 41       pi-    -211 [32]    
                                 0.163    -0.580     0.149     0.636     0.140
 42       pi-    -211 [30]    
                                -0.250     1.137    -0.839     1.442     0.140
 43      rho+     213 [30] (60,61)   
                                 0.205     0.216    -0.477     1.159     1.014
 44     Kbar0    -311 [33] (64)   
                                 0.089     0.067     0.148     0.531     0.498
 45       pi-    -211 [33]    
                                 0.311     1.260    -0.044     1.307     0.140
------------------------------------------------------------------------------
     Sum of momenta:            -4e-05    -3e-05    -4e-05      13.5      13.5
------------------------------------------------------------------------------
Step 4 performed by DecayHandler
--- intermediates:
 46       pi0     111 [34] (48,49)   
                                 0.753    -1.502    -0.687     1.820     0.135
 52     Kbar0    -311 [36] (54)   
                                 0.277    -0.585     0.185     0.837     0.498
 54      K_S0     310 [52] (55,56)   
                                 0.277    -0.585     0.185     0.837     0.498
 60       pi0     111 [43] (62,63)   
                                 0.194    -0.339    -0.411     0.583     0.135
--- final:
 37        K+     321 [31]    
                                 0.104    -0.726     1.138     1.441     0.494
 38       pi+     211 [29]    
                                -0.364     1.035    -0.345     1.159     0.140
 41       pi-    -211 [32]    
                                 0.163    -0.580     0.149     0.636     0.140
 42       pi-    -211 [30]    
                                -0.250     1.137    -0.839     1.442     0.140
 45       pi-    -211 [33]    
                                 0.311     1.260    -0.044     1.307     0.140
 47       pi+     211 [34]    
                                -0.175    -0.250     0.011     0.336     0.140
 48     gamma      22 [46]    
                                 0.728    -1.454    -0.637     1.747     0.000
 49     gamma      22 [46]    
                                 0.025    -0.047    -0.050     0.073     0.000
 50     gamma      22 [35]    
                                 0.040    -0.030     0.041     0.065     0.000
 51     gamma      22 [35]    
                                -0.020    -0.218    -0.016     0.219     0.000
 53       pi-    -211 [36]    
                                 0.098    -0.364     0.642     0.758     0.140
 55       pi+     211 [54]    
                                 0.098    -0.521     0.019     0.548     0.140
 56       pi-    -211 [54]    
                                 0.179    -0.064     0.166     0.289     0.140
 57      K_L0     130 [39]    
                                -0.671     0.801     0.141     1.166     0.498
 58     gamma      22 [40]    
                                -0.443    -0.259    -0.015     0.514     0.000
 59     gamma      22 [40]    
                                -0.118    -0.003    -0.030     0.122     0.000
 61       pi+     211 [43]    
                                 0.011     0.555    -0.066     0.576     0.140
 62     gamma      22 [60]    
                                 0.071    -0.038    -0.132     0.154     0.000
 63     gamma      22 [60]    
                                 0.124    -0.301    -0.279     0.429     0.000
 64      K_L0     130 [44]    
                                 0.089     0.067     0.148     0.531     0.498
------------------------------------------------------------------------------
     Sum of momenta:            -4e-05    -3e-05    -4e-05      13.5      13.5

The following exception classes were reported in this run:
ThePEG::EventHandler::ConsistencyException warning (1 times)
ThePEG::LesHouchesReader::LesHouchesReopenWarning warning (1 times)
