>>>>>>>>>>>>>>>>>>>>>>>>>>>>>>>>>>>>>>>>>>>>>>>>>>>>>>>>>>>>>>>>>>>>>>>>>>>>>>
>>>> Toolkit for HEP Event Generation - ThePEG 2.2.0 <<<<<<<<<<<<<<<<<<<<<<<<<
>>>> Tue Jun 30 00:17:34 2020                                             <<<<
<<<<<<<<<<<<<<<<<<<<<<<<<<<<<<<<<<<<<<<<<<<<<<<<<<<<<<<<<<<<<<<<<<<<<<<<<<<<<<

>> Herwig 7.2.0 / ThePEG 2.2.0

/Herwig/EventHandlers/NoCuts:
MHat  = 2 .. 33.5022 GeV
Scale = 0 .. 1e+12 GeV2
YHat  = -100 .. 100
X1    = 0 .. 1
X2    = 0 .. 1

* A warning exception of type ThePEG::LesHouchesReader::LesHouchesReopenWarning occurred while generating event number 1: 
Reopening LesHouchesReader 'myReader' after accessing 2 events out of 1
* A warning exception of type ThePEG::EventHandler::ConsistencyException occurred while generating event number 1: 
Event handler 'myLesHouchesHandler' found energy-momentum non-conservation by (-1e-05,-2e-05,-2e-05;1.99986e-05) GeV after generating step number 4.

******************************************************************************
Event number 1 (id: ./OUTPUT/0.95MB1.05/1513331030/TMP/Cluster_HERWIGOutput_2) performed by myLesHouchesHandler
Weight: 1
==============================================================================

--- Colliding particles:
  1        e-      11  (3)   
                                 8.376     0.000     0.000     8.376     0.000
  2        e+     -11  (3)   
                                -8.376     0.000     0.000     8.376     0.000
------------------------------------------------------------------------------
Primary sub-process performed by myReader
--- incoming:
  1        e-      11  (3)   
                                 8.376     0.000     0.000     8.376     0.000
  2        e+     -11  (3)   
                                -8.376     0.000     0.000     8.376     0.000
--- intermediates:
  3     gamma      22 [1,2] (4..7)   
                                -0.000     0.000     0.000    16.751    16.751
--- outgoing:
  4         g      21 [3] (8)  7>>6 {+1,-2}
                                 0.542     1.006    -0.772     1.379     0.000
  5         g      21 [3] (9)  6>>7 {+3,-4}
                                 1.198    -0.581     0.319     1.369     0.000
  6         g      21 [3] (10)  4>>5 {+4,-1}
                                -0.625     1.836    -6.407     6.695     0.000
  7         g      21 [3] (11)  5>>4 {+2,-3}
                                -1.115    -2.262     6.860     7.308     0.000
------------------------------------------------------------------------------
Step 1 performed by myLesHouchesHandler
--- intermediates:
  1        e-      11  (3)   
                                 8.376     0.000     0.000     8.376     0.000
  2        e+     -11  (3)   
                                -8.376     0.000     0.000     8.376     0.000
  3     gamma      22 [1,2] (4..7)   
                                -0.000     0.000     0.000    16.751    16.751
--- final:
  4         g      21 [3] (8)  7>>6 {+1,-2}
                                 0.542     1.006    -0.772     1.379     0.000
  5         g      21 [3] (9)  6>>7 {+3,-4}
                                 1.198    -0.581     0.319     1.369     0.000
  6         g      21 [3] (10)  4>>5 {+4,-1}
                                -0.625     1.836    -6.407     6.695     0.000
  7         g      21 [3] (11)  5>>4 {+2,-3}
                                -1.115    -2.262     6.860     7.308     0.000
------------------------------------------------------------------------------
     Sum of momenta:            -2e-05    -2e-05    -2e-05      16.8      16.8
------------------------------------------------------------------------------
Step 2 performed by ShowerHandler
--- final:
  8         g      21 [4] (12,13)  11>>10 {+1,-2}
                                 0.517     0.961    -0.737     1.624     0.950
  9         g      21 [5] (14,15)  10>>11 {+3,-4}
                                 1.145    -0.555     0.305     1.617     0.950
 10         g      21 [6] (16,17)  8>>9 {+4,-1}
                                -0.597     1.754    -6.121     6.465     0.950
 11         g      21 [7] (18,19)  9>>8 {+2,-3}
                                -1.065    -2.160     6.553     7.046     0.950
------------------------------------------------------------------------------
     Sum of momenta:            -2e-05    -2e-05    -2e-05      16.8      16.8
------------------------------------------------------------------------------
Step 3 performed by ClusterHadHandler
--- intermediates:
 12         u       2 [8] (20)   {+1}
                                -0.118     0.456    -0.265     0.630     0.325
 13      ubar      -2 [8] (22)   {-2}
                                 0.635     0.505    -0.472     0.994     0.325
 14         u       2 [9] (21)   {+3}
                                 0.137    -0.262    -0.092     0.449     0.325
 15      ubar      -2 [9] (23)   {-4}
                                 1.007    -0.293     0.397     1.168     0.325
 16         u       2 [10] (22)   {+4}
                                 0.105     0.437    -1.645     1.736     0.325
 17      ubar      -2 [10] (20)   {-1}
                                -0.702     1.317    -4.476     4.730     0.325
 18         u       2 [11] (23)   {+2}
                                -0.352    -1.336     3.075     3.387     0.325
 19      ubar      -2 [11] (21)   {-3}
                                -0.713    -0.824     3.478     3.659     0.325
 20   Cluster      81 [12,17] (28,29)   
                                -0.820     1.773    -4.741     5.360     1.561
 21   Cluster      81 [14,19] (24,25)   
                                -0.575    -1.086     3.386     4.108     1.975
 22   Cluster      81 [13,16] (30,31)   
                                 0.740     0.942    -2.117     2.729     1.238
 23   Cluster      81 [15,18] (26,27)   
                                 0.655    -1.629     3.472     4.555     2.368
--- final:
 24      b_1+   10213 [21] (32,33)   
                                -0.788    -1.363     2.371     3.025     1.026
 25       pi-    -211 [21]    
                                 0.213     0.277     1.015     1.082     0.140
 26       pi+     211 [23]    
                                 0.695    -0.260     1.622     1.789     0.140
 27     pi_2-  -10215 [23] (40,41)   
                                -0.040    -1.369     1.850     2.765     1.533
 28       f_1   20223 [20] (44..46)   
                                -0.878     1.560    -3.870     4.451     1.279
 29       pi0     111 [20] (53,54)   
                                 0.058     0.213    -0.871     0.908     0.135
 30       pi+     211 [22]    
                                 0.257     1.131    -1.622     1.999     0.140
 31       pi-    -211 [22]    
                                 0.483    -0.189    -0.494     0.730     0.140
------------------------------------------------------------------------------
     Sum of momenta:            -2e-05    -2e-05    -2e-05      16.8      16.8
------------------------------------------------------------------------------
Step 4 performed by DecayHandler
--- intermediates:
 32     omega     223 [24] (34,35)   
                                -0.615    -1.030     2.104     2.544     0.779
 34      rho0     113 [32] (36,37)   
                                -0.571    -0.996     1.894     2.288     0.576
 35       pi0     111 [32] (38,39)   
                                -0.044    -0.034     0.210     0.256     0.135
 41       f_2     225 [27] (42,43)   
                                -0.052    -0.759     1.410     2.000     1.197
 44      rho+     213 [28] (47,48)   
                                -0.660     1.344    -2.908     3.399     0.925
 46       pi0     111 [28] (51,52)   
                                -0.163     0.097    -0.583     0.628     0.135
 47       pi0     111 [44] (49,50)   
                                -0.121     1.149    -1.787     2.132     0.135
--- final:
 25       pi-    -211 [21]    
                                 0.213     0.277     1.015     1.082     0.140
 26       pi+     211 [23]    
                                 0.695    -0.260     1.622     1.789     0.140
 30       pi+     211 [22]    
                                 0.257     1.131    -1.622     1.999     0.140
 31       pi-    -211 [22]    
                                 0.483    -0.189    -0.494     0.730     0.140
 33       pi+     211 [24]    
                                -0.174    -0.333     0.267     0.481     0.140
 36       pi+     211 [34]    
                                 0.029    -0.077     0.382     0.415     0.140
 37       pi-    -211 [34]    
                                -0.599    -0.920     1.512     1.873     0.140
 38     gamma      22 [35]    
                                -0.024    -0.015     0.224     0.225     0.000
 39     gamma      22 [35]    
                                -0.020    -0.019    -0.013     0.031     0.000
 40       pi-    -211 [27]    
                                 0.012    -0.610     0.440     0.765     0.140
 42       pi-    -211 [41]    
                                -0.108     0.247     0.692     0.756     0.140
 43       pi+     211 [41]    
                                 0.056    -1.005     0.718     1.244     0.140
 45       pi-    -211 [28]    
                                -0.055     0.119    -0.379     0.424     0.140
 48       pi+     211 [44]    
                                -0.539     0.195    -1.121     1.267     0.140
 49     gamma      22 [47]    
                                 0.004     0.052    -0.041     0.066     0.000
 50     gamma      22 [47]    
                                -0.125     1.097    -1.746     2.066     0.000
 51     gamma      22 [46]    
                                -0.123     0.116    -0.540     0.566     0.000
 52     gamma      22 [46]    
                                -0.040    -0.020    -0.043     0.062     0.000
 53     gamma      22 [29]    
                                -0.040     0.089    -0.406     0.418     0.000
 54     gamma      22 [29]    
                                 0.098     0.124    -0.465     0.491     0.000
------------------------------------------------------------------------------
     Sum of momenta:            -2e-05    -2e-05    -2e-05      16.8      16.8

The following exception classes were reported in this run:
ThePEG::EventHandler::ConsistencyException warning (1 times)
ThePEG::LesHouchesReader::LesHouchesReopenWarning warning (1 times)
