>>>>>>>>>>>>>>>>>>>>>>>>>>>>>>>>>>>>>>>>>>>>>>>>>>>>>>>>>>>>>>>>>>>>>>>>>>>>>>
>>>> Toolkit for HEP Event Generation - ThePEG 2.2.0 <<<<<<<<<<<<<<<<<<<<<<<<<
>>>> Tue Jun 30 00:29:46 2020                                             <<<<
<<<<<<<<<<<<<<<<<<<<<<<<<<<<<<<<<<<<<<<<<<<<<<<<<<<<<<<<<<<<<<<<<<<<<<<<<<<<<<

>> Herwig 7.2.0 / ThePEG 2.2.0

/Herwig/EventHandlers/NoCuts:
MHat  = 2 .. 20.68 GeV
Scale = 0 .. 1e+12 GeV2
YHat  = -100 .. 100
X1    = 0 .. 1
X2    = 0 .. 1

* A warning exception of type ThePEG::LesHouchesReader::LesHouchesReopenWarning occurred while generating event number 1: 
Reopening LesHouchesReader 'myReader' after accessing 2 events out of 1
* A warning exception of type ThePEG::EventHandler::ConsistencyException occurred while generating event number 1: 
Event handler 'myLesHouchesHandler' found energy-momentum non-conservation by (-1e-05,-2e-05,-2e-05;9.99993e-06) GeV after generating step number 4.

******************************************************************************
Event number 1 (id: ./OUTPUT/0.95MB1.05/1513126133/TMP/Cluster_HERWIGOutput_17) performed by myLesHouchesHandler
Weight: 1
==============================================================================

--- Colliding particles:
  1        e-      11  (3)   
                                 5.170     0.000     0.000     5.170     0.000
  2        e+     -11  (3)   
                                -5.170     0.000     0.000     5.170     0.000
------------------------------------------------------------------------------
Primary sub-process performed by myReader
--- incoming:
  1        e-      11  (3)   
                                 5.170     0.000     0.000     5.170     0.000
  2        e+     -11  (3)   
                                -5.170     0.000     0.000     5.170     0.000
--- intermediates:
  3     gamma      22 [1,2] (4..7)   
                                -0.000     0.000     0.000    10.340    10.340
--- outgoing:
  4         g      21 [3] (8)  5>>6 {+1,-2}
                                -2.416    -3.145     2.859     4.889     0.000
  5         g      21 [3] (11)  7>>4 {+2,-3}
                                -0.358     0.284    -0.789     0.912     0.000
  6         g      21 [3] (12)  4>>7 {+4,-1}
                                 2.493     2.786    -1.831     4.163     0.000
  7         g      21 [3] (13)  6>>5 {+3,-4}
                                 0.281     0.075    -0.239     0.376     0.000
------------------------------------------------------------------------------
Step 1 performed by myLesHouchesHandler
--- intermediates:
  1        e-      11  (3)   
                                 5.170     0.000     0.000     5.170     0.000
  2        e+     -11  (3)   
                                -5.170     0.000     0.000     5.170     0.000
  3     gamma      22 [1,2] (4..7)   
                                -0.000     0.000     0.000    10.340    10.340
--- final:
  4         g      21 [3] (8)  5>>6 {+1,-2}
                                -2.416    -3.145     2.859     4.889     0.000
  5         g      21 [3] (11)  7>>4 {+2,-3}
                                -0.358     0.284    -0.789     0.912     0.000
  6         g      21 [3] (12)  4>>7 {+4,-1}
                                 2.493     2.786    -1.831     4.163     0.000
  7         g      21 [3] (13)  6>>5 {+3,-4}
                                 0.281     0.075    -0.239     0.376     0.000
------------------------------------------------------------------------------
     Sum of momenta:            -2e-05    -2e-05    -2e-05      10.3      10.3
------------------------------------------------------------------------------
Step 2 performed by ShowerHandler
--- intermediates:
  8         g      21 [4] (9,10)   {+1,-2}
                                -1.569    -2.043     1.858     5.373     4.333
--- final:
  9         g      21 [8] (20,21)  10>>12 {+1,-5}
                                -1.266     0.869     0.056     1.806     0.950
 10         g      21 [8] (22,23)  11>>9 {+5,-2}
                                -0.303    -2.912     1.802     3.566     0.950
 11         g      21 [5] (14,15)  13>>10 {+2,-3}
                                -0.233     0.184    -0.513     1.120     0.950
 12         g      21 [6] (16,17)  9>>13 {+4,-1}
                                 1.620     1.810    -1.190     2.867     0.950
 13         g      21 [7] (18,19)  12>>11 {+3,-4}
                                 0.183     0.049    -0.155     0.981     0.950
------------------------------------------------------------------------------
     Sum of momenta:            -2e-05    -2e-05    -2e-05      10.3      10.3
------------------------------------------------------------------------------
Step 3 performed by ClusterHadHandler
--- intermediates:
 14         s       3 [11] (24)   {+2}
                                -0.151    -0.025    -0.352     0.592     0.450
 15      sbar      -3 [11] (25)   {-3}
                                -0.081     0.209    -0.161     0.528     0.450
 16         s       3 [12] (26)   {+4}
                                 0.841     0.959    -0.785     1.564     0.450
 17      sbar      -3 [12] (27)   {-1}
                                 0.779     0.851    -0.404     1.303     0.450
 18         u       2 [13] (25)   {+3}
                                 0.098    -0.011     0.271     0.435     0.325
 19      ubar      -2 [13] (26)   {-4}
                                 0.085     0.060    -0.427     0.546     0.325
 20         d       1 [9] (27)   {+1}
                                -0.562     0.076    -0.168     0.675     0.325
 21      dbar      -1 [9] (28)   {-5}
                                -0.704     0.793     0.224     1.132     0.325
 22         u       2 [10] (28)   {+5}
                                -0.139    -2.276     1.606     2.808     0.325
 23      ubar      -2 [10] (24)   {-2}
                                -0.164    -0.636     0.195     0.758     0.325
 24   Cluster      81 [14,23] (35,36)   
                                -0.316    -0.661    -0.157     1.350     1.123
 25   Cluster      81 [15,18] (33,34)   
                                 0.017     0.199     0.111     0.963     0.935
 26   Cluster      81 [16,19] (29,30)   
                                 0.925     1.019    -1.212     2.110     1.044
 27   Cluster      81 [17,20] (31,32)   
                                 0.217     0.927    -0.572     1.977     1.636
 28   Cluster      81 [21,22] (37,38)   
                                -0.844    -1.483     1.831     3.940     3.043
--- final:
 29     Kbar0    -311 [26] (39)   
                                 0.203     0.128    -0.546     0.777     0.498
 30       pi-    -211 [26]    
                                 0.722     0.891    -0.666     1.334     0.140
 31        K+     321 [27]    
                                 0.348     0.387    -0.442     0.842     0.494
 32      a_0- -9000211 [27] (40,41)   
                                -0.131     0.540    -0.131     1.135     0.981
 33        K+     321 [25]    
                                -0.101     0.395     0.218     0.676     0.494
 34       pi0     111 [25] (47,48)   
                                 0.117    -0.196    -0.107     0.287     0.135
 35       K*-    -323 [24] (49,50)   
                                -0.329    -0.431    -0.261     1.064     0.877
 36       pi0     111 [24] (53,54)   
                                 0.014    -0.229     0.104     0.286     0.135
 37   K'*bar0 -100313 [28] (55,56)   
                                -0.375    -1.189     0.470     1.972     1.453
 38      K_1+   10323 [28] (61,62)   
                                -0.469    -0.294     1.361     1.968     1.311
------------------------------------------------------------------------------
     Sum of momenta:            -2e-05    -2e-05    -2e-05      10.3      10.3
------------------------------------------------------------------------------
Step 4 performed by DecayHandler
--- intermediates:
 40       eta     221 [32] (42..44)   
                                -0.105     0.012     0.049     0.560     0.548
 44       pi0     111 [40] (45,46)   
                                 0.001     0.051     0.069     0.160     0.135
 50       pi0     111 [35] (51,52)   
                                -0.011     0.132    -0.153     0.243     0.135
 55       K*-    -323 [37] (57,58)   
                                 0.073    -0.850     0.055     1.259     0.925
 58       pi0     111 [55] (59,60)   
                                 0.038    -0.113    -0.261     0.317     0.135
 61      rho0     113 [38] (63,64)   
                                -0.236    -0.376     0.831     1.204     0.749
--- final:
 30       pi-    -211 [26]    
                                 0.722     0.891    -0.666     1.334     0.140
 31        K+     321 [27]    
                                 0.348     0.387    -0.442     0.842     0.494
 33        K+     321 [25]    
                                -0.101     0.395     0.218     0.676     0.494
 39      K_L0     130 [29]    
                                 0.203     0.128    -0.546     0.777     0.498
 41       pi-    -211 [32]    
                                -0.026     0.528    -0.179     0.575     0.140
 42       pi+     211 [40]    
                                -0.002    -0.119     0.058     0.193     0.140
 43       pi-    -211 [40]    
                                -0.105     0.080    -0.078     0.207     0.140
 45     gamma      22 [44]    
                                -0.060     0.056     0.043     0.093     0.000
 46     gamma      22 [44]    
                                 0.062    -0.005     0.026     0.067     0.000
 47     gamma      22 [34]    
                                 0.121    -0.086    -0.030     0.151     0.000
 48     gamma      22 [34]    
                                -0.004    -0.111    -0.077     0.135     0.000
 49        K-    -321 [35]    
                                -0.318    -0.563    -0.107     0.821     0.494
 51     gamma      22 [50]    
                                -0.061     0.112    -0.074     0.148     0.000
 52     gamma      22 [50]    
                                 0.050     0.020    -0.079     0.096     0.000
 53     gamma      22 [36]    
                                 0.058    -0.064     0.001     0.086     0.000
 54     gamma      22 [36]    
                                -0.044    -0.166     0.103     0.200     0.000
 56       pi+     211 [37]    
                                -0.448    -0.340     0.415     0.712     0.140
 57        K-    -321 [55]    
                                 0.034    -0.737     0.316     0.942     0.494
 59     gamma      22 [58]    
                                 0.088    -0.064    -0.139     0.177     0.000
 60     gamma      22 [58]    
                                -0.050    -0.048    -0.121     0.140     0.000
 62        K+     321 [38]    
                                -0.232     0.083     0.529     0.765     0.494
 63       pi+     211 [61]    
                                 0.046    -0.029     0.701     0.717     0.140
 64       pi-    -211 [61]    
                                -0.282    -0.348     0.130     0.487     0.140
------------------------------------------------------------------------------
     Sum of momenta:            -2e-05    -2e-05    -2e-05      10.3      10.3

The following exception classes were reported in this run:
ThePEG::EventHandler::ConsistencyException warning (1 times)
ThePEG::LesHouchesReader::LesHouchesReopenWarning warning (1 times)
