>>>>>>>>>>>>>>>>>>>>>>>>>>>>>>>>>>>>>>>>>>>>>>>>>>>>>>>>>>>>>>>>>>>>>>>>>>>>>>
>>>> Toolkit for HEP Event Generation - ThePEG 2.2.0 <<<<<<<<<<<<<<<<<<<<<<<<<
>>>> Tue Jun 30 00:53:41 2020                                             <<<<
<<<<<<<<<<<<<<<<<<<<<<<<<<<<<<<<<<<<<<<<<<<<<<<<<<<<<<<<<<<<<<<<<<<<<<<<<<<<<<

>> Herwig 7.2.0 / ThePEG 2.2.0

/Herwig/EventHandlers/NoCuts:
MHat  = 2 .. 10.7385 GeV
Scale = 0 .. 1e+12 GeV2
YHat  = -100 .. 100
X1    = 0 .. 1
X2    = 0 .. 1

* A warning exception of type ThePEG::LesHouchesReader::LesHouchesReopenWarning occurred while generating event number 1: 
Reopening LesHouchesReader 'myReader' after accessing 2 events out of 1
* A warning exception of type ThePEG::EventHandler::ConsistencyException occurred while generating event number 1: 
Event handler 'myLesHouchesHandler' found energy-momentum non-conservation by (-1e-05,-1e-05,-2e-05;1.99997e-05) GeV after generating step number 4.

******************************************************************************
Event number 1 (id: ./OUTPUT/0.95MB1.05/1511410537/TMP/Cluster_HERWIGOutput_33) performed by myLesHouchesHandler
Weight: 1
==============================================================================

--- Colliding particles:
  1        e-      11  (3)   
                                 2.685     0.000     0.000     2.685     0.000
  2        e+     -11  (3)   
                                -2.685     0.000    -0.000     2.685     0.000
------------------------------------------------------------------------------
Primary sub-process performed by myReader
--- incoming:
  1        e-      11  (3)   
                                 2.685     0.000     0.000     2.685     0.000
  2        e+     -11  (3)   
                                -2.685     0.000    -0.000     2.685     0.000
--- intermediates:
  3     gamma      22 [1,2] (4..7)   
                                 0.000     0.000     0.000     5.369     5.369
--- outgoing:
  4         g      21 [3] (8)  6>>6 {+1,-2}
                                 0.582    -1.911    -1.057     2.260     0.000
  5         g      21 [3] (9)  7>>7 {+3,-4}
                                 0.391     0.645     1.275     1.482     0.000
  6         g      21 [3] (10)  4>>4 {+2,-1}
                                -0.367     0.316    -0.103     0.495     0.000
  7         g      21 [3] (11)  5>>5 {+4,-3}
                                -0.605     0.950    -0.116     1.132     0.000
------------------------------------------------------------------------------
Step 1 performed by myLesHouchesHandler
--- intermediates:
  1        e-      11  (3)   
                                 2.685     0.000     0.000     2.685     0.000
  2        e+     -11  (3)   
                                -2.685     0.000    -0.000     2.685     0.000
  3     gamma      22 [1,2] (4..7)   
                                 0.000     0.000     0.000     5.369     5.369
--- final:
  4         g      21 [3] (8)  6>>6 {+1,-2}
                                 0.582    -1.911    -1.057     2.260     0.000
  5         g      21 [3] (9)  7>>7 {+3,-4}
                                 0.391     0.645     1.275     1.482     0.000
  6         g      21 [3] (10)  4>>4 {+2,-1}
                                -0.367     0.316    -0.103     0.495     0.000
  7         g      21 [3] (11)  5>>5 {+4,-3}
                                -0.605     0.950    -0.116     1.132     0.000
------------------------------------------------------------------------------
     Sum of momenta:            -2e-05    -1e-05    -2e-05      5.37      5.37
------------------------------------------------------------------------------
Step 2 performed by ShowerHandler
--- final:
  8         g      21 [4] (12,13)  10>>10 {+1,-2}
                                 0.388    -1.273    -0.704     1.780     0.950
  9         g      21 [5] (14,15)  11>>11 {+3,-4}
                                 0.260     0.430     0.850     1.370     0.950
 10         g      21 [6] (16,17)  8>>8 {+2,-1}
                                -0.245     0.211    -0.068     1.006     0.950
 11         g      21 [7] (18,19)  9>>9 {+4,-3}
                                -0.403     0.633    -0.077     1.213     0.950
------------------------------------------------------------------------------
     Sum of momenta:            -2e-05    -1e-05    -2e-05      5.37      5.37
------------------------------------------------------------------------------
Step 3 performed by ClusterHadHandler
--- intermediates:
 12         d       1 [8] (20)   {+1}
                                 0.175    -1.033    -0.228     1.120     0.325
 13      dbar      -1 [8] (21)   {-2}
                                 0.213    -0.240    -0.477     0.660     0.325
 14         d       1 [9] (22)   {+3}
                                -0.058    -0.109     0.158     0.382     0.325
 15      dbar      -1 [9] (23)   {-4}
                                 0.318     0.539     0.692     0.988     0.325
 16         s       3 [10] (21)   {+2}
                                -0.248     0.146    -0.122     0.548     0.450
 17      sbar      -3 [10] (20)   {-1}
                                 0.003     0.064     0.053     0.458     0.450
 18         d       1 [11] (23)   {+4}
                                -0.168     0.225    -0.373     0.569     0.325
 19      dbar      -1 [11] (22)   {-3}
                                -0.235     0.408     0.296     0.644     0.325
 20   Cluster      81 [12,17] (24,25)   
                                 0.178    -0.969    -0.174     1.578     1.220
 21   Cluster      81 [13,16] (26,27)   
                                -0.035    -0.094    -0.598     1.208     1.045
 22   Cluster      81 [14,19] (30,31)   
                                -0.293     0.298     0.454     1.026     0.819
 23   Cluster      81 [15,18] (28,29)   
                                 0.150     0.764     0.318     1.557     1.310
--- final:
 24       pi0     111 [20] (32,33)   
                                 0.028    -0.420     0.173     0.475     0.135
 25       K*0     313 [20] (34,35)   
                                 0.150    -0.549    -0.348     1.103     0.879
 26       pi+     211 [21]    
                                -0.068    -0.247    -0.362     0.465     0.140
 27       K*-    -323 [21] (41,42)   
                                 0.033     0.153    -0.236     0.743     0.687
 28       pi0     111 [23] (44,45)   
                                 0.146     0.060     0.459     0.504     0.135
 29      rho0     113 [23] (46,47)   
                                 0.004     0.704    -0.141     1.053     0.770
 30       pi-    -211 [22]    
                                 0.070     0.154     0.557     0.599     0.140
 31       pi+     211 [22]    
                                -0.363     0.144    -0.103     0.427     0.140
------------------------------------------------------------------------------
     Sum of momenta:            -2e-05    -1e-05    -2e-05      5.37      5.37
------------------------------------------------------------------------------
Step 4 performed by DecayHandler
--- intermediates:
 34        K0     311 [25] (36)   
                                 0.172    -0.242     0.051     0.582     0.498
 35       pi0     111 [25] (39,40)   
                                -0.022    -0.307    -0.399     0.522     0.135
 36      K_S0     310 [34] (37,38)   
                                 0.172    -0.242     0.051     0.582     0.498
 41     Kbar0    -311 [27] (43)   
                                -0.012     0.215    -0.151     0.563     0.498
--- final:
 26       pi+     211 [21]    
                                -0.068    -0.247    -0.362     0.465     0.140
 30       pi-    -211 [22]    
                                 0.070     0.154     0.557     0.599     0.140
 31       pi+     211 [22]    
                                -0.363     0.144    -0.103     0.427     0.140
 32     gamma      22 [24]    
                                -0.041    -0.176     0.028     0.182     0.000
 33     gamma      22 [24]    
                                 0.069    -0.244     0.145     0.292     0.000
 37       pi+     211 [36]    
                                 0.079    -0.249     0.200     0.357     0.140
 38       pi-    -211 [36]    
                                 0.093     0.007    -0.149     0.224     0.140
 39     gamma      22 [35]    
                                 0.046    -0.225    -0.275     0.358     0.000
 40     gamma      22 [35]    
                                -0.068    -0.082    -0.124     0.163     0.000
 42       pi-    -211 [27]    
                                 0.045    -0.061    -0.086     0.181     0.140
 43      K_L0     130 [41]    
                                -0.012     0.215    -0.151     0.563     0.498
 44     gamma      22 [28]    
                                 0.118     0.076     0.207     0.250     0.000
 45     gamma      22 [28]    
                                 0.029    -0.016     0.252     0.254     0.000
 46       pi+     211 [29]    
                                 0.139    -0.048    -0.185     0.275     0.140
 47       pi-    -211 [29]    
                                -0.135     0.753     0.044     0.779     0.140
------------------------------------------------------------------------------
     Sum of momenta:            -2e-05    -1e-05    -2e-05      5.37      5.37

The following exception classes were reported in this run:
ThePEG::EventHandler::ConsistencyException warning (1 times)
ThePEG::LesHouchesReader::LesHouchesReopenWarning warning (1 times)
