>>>>>>>>>>>>>>>>>>>>>>>>>>>>>>>>>>>>>>>>>>>>>>>>>>>>>>>>>>>>>>>>>>>>>>>>>>>>>>
>>>> Toolkit for HEP Event Generation - ThePEG 2.2.0 <<<<<<<<<<<<<<<<<<<<<<<<<
>>>> Tue Jun 30 00:52:06 2020                                             <<<<
<<<<<<<<<<<<<<<<<<<<<<<<<<<<<<<<<<<<<<<<<<<<<<<<<<<<<<<<<<<<<<<<<<<<<<<<<<<<<<

>> Herwig 7.2.0 / ThePEG 2.2.0

/Herwig/EventHandlers/NoCuts:
MHat  = 2 .. 47.2976 GeV
Scale = 0 .. 1e+12 GeV2
YHat  = -100 .. 100
X1    = 0 .. 1
X2    = 0 .. 1

* A warning exception of type ThePEG::LesHouchesReader::LesHouchesReopenWarning occurred while generating event number 1: 
Reopening LesHouchesReader 'myReader' after accessing 2 events out of 1
* A warning exception of type ThePEG::EventHandler::ConsistencyException occurred while generating event number 1: 
Event handler 'myLesHouchesHandler' found energy-momentum non-conservation by (-2e-05,-2e-05,-3e-05;1.99985e-05) GeV after generating step number 4.

******************************************************************************
Event number 1 (id: ./OUTPUT/0.95MB1.05/1511395746/TMP/Cluster_HERWIGOutput_28) performed by myLesHouchesHandler
Weight: 1
==============================================================================

--- Colliding particles:
  1        e-      11  (3)   
                                11.824     0.000    -0.000    11.824     0.000
  2        e+     -11  (3)   
                               -11.824     0.000     0.000    11.824     0.000
------------------------------------------------------------------------------
Primary sub-process performed by myReader
--- incoming:
  1        e-      11  (3)   
                                11.824     0.000    -0.000    11.824     0.000
  2        e+     -11  (3)   
                               -11.824     0.000     0.000    11.824     0.000
--- intermediates:
  3     gamma      22 [1,2] (4..9)   
                                -0.000     0.000    -0.000    23.649    23.649
--- outgoing:
  4         g      21 [3] (10)  5>>6 {+1,-2}
                                -0.664    -0.059     0.428     0.792     0.000
  5         g      21 [3] (11)  9>>4 {+2,-3}
                                -0.230     3.974    -8.533     9.416     0.000
  6         g      21 [3] (12)  4>>8 {+4,-1}
                                 0.139     0.066     0.004     0.154     0.000
  7         g      21 [3] (13)  8>>9 {+5,-6}
                                -0.864     0.588    -1.668     1.968     0.000
  8         g      21 [3] (16)  6>>7 {+6,-4}
                                 0.815    -0.647     4.927     5.036     0.000
  9         g      21 [3] (17)  7>>5 {+3,-5}
                                 0.803    -3.922     4.842     6.283     0.000
------------------------------------------------------------------------------
Step 1 performed by myLesHouchesHandler
--- intermediates:
  1        e-      11  (3)   
                                11.824     0.000    -0.000    11.824     0.000
  2        e+     -11  (3)   
                               -11.824     0.000     0.000    11.824     0.000
  3     gamma      22 [1,2] (4..9)   
                                -0.000     0.000    -0.000    23.649    23.649
--- final:
  4         g      21 [3] (10)  5>>6 {+1,-2}
                                -0.664    -0.059     0.428     0.792     0.000
  5         g      21 [3] (11)  9>>4 {+2,-3}
                                -0.230     3.974    -8.533     9.416     0.000
  6         g      21 [3] (12)  4>>8 {+4,-1}
                                 0.139     0.066     0.004     0.154     0.000
  7         g      21 [3] (13)  8>>9 {+5,-6}
                                -0.864     0.588    -1.668     1.968     0.000
  8         g      21 [3] (16)  6>>7 {+6,-4}
                                 0.815    -0.647     4.927     5.036     0.000
  9         g      21 [3] (17)  7>>5 {+3,-5}
                                 0.803    -3.922     4.842     6.283     0.000
------------------------------------------------------------------------------
     Sum of momenta:            -3e-05    -2e-05    -3e-05      23.6      23.6
------------------------------------------------------------------------------
Step 2 performed by ShowerHandler
--- intermediates:
 13         g      21 [7] (14,15)   {+5,-6}
                                -0.533     0.362    -1.029     2.753     2.470
 17         g      21 [9] (18,19)   {+3,-5}
                                 0.495    -2.419     2.986     9.741     8.937
 19         g      21 [17] (20,21)   {+7,-5}
                                -2.644    -1.078     1.865     6.024     4.966
--- final:
 10         g      21 [4] (22,23)  11>>12 {+1,-2}
                                -0.409    -0.036     0.264     1.068     0.950
 11         g      21 [5] (24,25)  18>>10 {+2,-3}
                                -0.142     2.451    -5.263     5.885     0.950
 12         g      21 [6] (26,27)  10>>16 {+4,-1}
                                 0.086     0.041     0.003     0.955     0.950
 14         u       2 [13] (33)  >21 {+5}
                                -1.305     0.657    -0.152     1.505     0.325
 15      ubar      -2 [13] (38)  16> {-6}
                                 0.772    -0.295    -0.876     1.248     0.325
 16         g      21 [8] (28,29)  12>>15 {+6,-4}
                                 0.503    -0.399     3.039     3.248     0.950
 18         g      21 [17] (30,31)  20>>11 {+3,-7}
                                 3.139    -1.341     1.122     3.717     0.950
 20         c       4 [19] (34)  >18 {+7}
                                -0.814     0.914     2.053     2.876     1.600
 21      cbar      -4 [19] (33)  14> {-5}
                                -1.830    -1.991    -0.188     3.148     1.600
------------------------------------------------------------------------------
     Sum of momenta:            -3e-05    -2e-05    -3e-05      23.6      23.6
------------------------------------------------------------------------------
Step 3 performed by ClusterHadHandler
--- intermediates:
 22         u       2 [10] (35)   {+1}
                                -0.017    -0.027    -0.197     0.381     0.325
 23      ubar      -2 [10] (37)   {-2}
                                -0.393    -0.009     0.461     0.687     0.325
 24         u       2 [11] (38)   {+2}
                                -0.343     1.246    -3.180     3.448     0.325
 25      ubar      -2 [11] (35)   {-3}
                                 0.202     1.205    -2.083     2.436     0.325
 26         d       1 [12] (32)   {+4}
                                 0.016     0.309    -0.189     0.487     0.325
 27      dbar      -1 [12] (36)   {-1}
                                 0.070    -0.268     0.192     0.468     0.325
 28         u       2 [16] (37)   {+6}
                                -0.004     0.080     0.558     0.651     0.325
 29      ubar      -2 [16] (32)   {-4}
                                 0.507    -0.479     2.481     2.597     0.325
 30         u       2 [18] (36)   {+3}
                                 2.231    -0.984     1.082     2.687     0.325
 31      ubar      -2 [18] (34)   {-7}
                                 0.908    -0.357     0.040     1.030     0.325
 32   Cluster      81 [26,29] (39,40)   
                                 0.522    -0.170     2.292     3.084     1.989
 33   Cluster      81 [14,21] (47,48)   
                                -3.135    -1.334    -0.340     4.653     3.150
 34   Cluster      81 [20,31] (45,46)   
                                 0.094     0.557     2.093     3.906     3.249
 35   Cluster      81 [22,25] (41,42)   
                                 0.185     1.178    -2.279     2.818     1.150
 36   Cluster      81 [27,30] (51,52)   
                                 2.301    -1.252     1.274     3.155     1.213
 37   Cluster      81 [23,28] (43,44)   
                                -0.396     0.071     1.019     1.338     0.768
 38   Cluster      81 [15,24] (49,50)   
                                 0.429     0.951    -4.057     4.696     2.123
--- final:
 39      rho-    -213 [32] (53,54)   
                                 1.142    -0.483     1.461     1.993     0.546
 40       pi0     111 [32] (57,58)   
                                -0.620     0.313     0.831     1.091     0.135
 41      rho+     213 [35] (59,60)   
                                 0.044     0.284    -1.306     1.481     0.638
 42       pi-    -211 [35]    
                                 0.141     0.894    -0.974     1.336     0.140
 43       pi+     211 [37]    
                                -0.391    -0.016     1.084     1.161     0.140
 44       pi-    -211 [37]    
                                -0.005     0.086    -0.065     0.177     0.140
 45     pbar-   -2212 [34]    
                                 0.206     0.166     0.651     1.172     0.938
 46 Lambda_c+    4122 [34] (63..65)   
                                -0.112     0.391     1.441     2.733     2.286
 47      b_1+   10213 [33] (77,78)   
                                -1.155    -0.048     0.059     1.614     1.125
 48        D-    -411 [33] (83,84)   
                                -1.980    -1.287    -0.400     3.038     1.870
 49      rho+     213 [38] (90,91)   
                                 0.463     0.811    -2.267     2.543     0.677
 50      a_1-  -20213 [38] (94,95)   
                                -0.034     0.141    -1.790     2.153     1.187
 51      rho+     213 [36] (98,99)   
                                 1.430    -0.858     1.354     2.187     0.411
 52       pi0     111 [36] (102,103)   
                                 0.870    -0.394    -0.080     0.968     0.135
------------------------------------------------------------------------------
     Sum of momenta:            -3e-05    -2e-05    -3e-05      23.6      23.6
------------------------------------------------------------------------------
Step 4 performed by DecayHandler
--- intermediates:
 53       pi0     111 [39] (55,56)   
                                 0.505    -0.428     0.553     0.872     0.135
 59       pi0     111 [41] (61,62)   
                                -0.074     0.168    -1.231     1.252     0.135
 63   Lambda0    3122 [46] (66,67)   
                                -0.264     0.415     1.287     1.773     1.116
 65       eta     221 [46] (68..70)   
                                 0.024     0.207    -0.065     0.590     0.548
 68       pi0     111 [65] (71,72)   
                                -0.034     0.178    -0.073     0.237     0.135
 69       pi0     111 [65] (73,74)   
                                 0.043    -0.075    -0.054     0.170     0.135
 70       pi0     111 [65] (75,76)   
                                 0.015     0.105     0.063     0.183     0.135
 77     omega     223 [47] (79,80)   
                                -0.721     0.054     0.280     1.098     0.777
 80       pi0     111 [77] (81,82)   
                                -0.332    -0.273    -0.103     0.462     0.135
 83       K*0     313 [48] (85,86)   
                                -1.154    -0.931    -0.353     1.763     0.886
 84       K*-    -323 [48] (87,88)   
                                -0.826    -0.356    -0.047     1.276     0.903
 87     Kbar0    -311 [84] (89)   
                                -0.343    -0.410     0.126     0.741     0.498
 90       pi0     111 [49] (92,93)   
                                -0.084     0.219    -0.995     1.031     0.135
 94    rho''0   30113 [50] (96,97)   
                                 0.111    -0.243    -1.179     1.403     0.713
 98       pi0     111 [51] (100,101)   
                                 1.123    -0.740     0.978     1.668     0.135
--- final:
 42       pi-    -211 [35]    
                                 0.141     0.894    -0.974     1.336     0.140
 43       pi+     211 [37]    
                                -0.391    -0.016     1.084     1.161     0.140
 44       pi-    -211 [37]    
                                -0.005     0.086    -0.065     0.177     0.140
 45     pbar-   -2212 [34]    
                                 0.206     0.166     0.651     1.172     0.938
 54       pi-    -211 [39]    
                                 0.638    -0.055     0.909     1.120     0.140
 55     gamma      22 [53]    
                                 0.157    -0.150     0.105     0.241     0.000
 56     gamma      22 [53]    
                                 0.348    -0.277     0.448     0.631     0.000
 57     gamma      22 [40]    
                                -0.381     0.191     0.405     0.589     0.000
 58     gamma      22 [40]    
                                -0.239     0.122     0.425     0.503     0.000
 60       pi+     211 [41]    
                                 0.118     0.117    -0.075     0.229     0.140
 61     gamma      22 [59]    
                                -0.113     0.115    -0.812     0.828     0.000
 62     gamma      22 [59]    
                                 0.039     0.053    -0.419     0.424     0.000
 64       pi+     211 [46]    
                                 0.128    -0.232     0.219     0.371     0.140
 66        p+    2212 [63]    
                                -0.229     0.458     1.120     1.548     0.938
 67       pi-    -211 [63]    
                                -0.035    -0.043     0.168     0.225     0.140
 71     gamma      22 [68]    
                                -0.035     0.003     0.019     0.040     0.000
 72     gamma      22 [68]    
                                 0.001     0.175    -0.092     0.197     0.000
 73     gamma      22 [69]    
                                 0.024    -0.014     0.044     0.052     0.000
 74     gamma      22 [69]    
                                 0.019    -0.061    -0.098     0.117     0.000
 75     gamma      22 [70]    
                                -0.036    -0.008     0.045     0.058     0.000
 76     gamma      22 [70]    
                                 0.051     0.113     0.018     0.125     0.000
 78       pi+     211 [47]    
                                -0.434    -0.102    -0.221     0.516     0.140
 79     gamma      22 [77]    
                                -0.389     0.327     0.382     0.636     0.000
 81     gamma      22 [80]    
                                -0.327    -0.261    -0.124     0.437     0.000
 82     gamma      22 [80]    
                                -0.005    -0.012     0.022     0.025     0.000
 85        K+     321 [83]    
                                -0.721    -0.257    -0.135     0.921     0.494
 86       pi-    -211 [83]    
                                -0.433    -0.674    -0.218     0.842     0.140
 88       pi-    -211 [84]    
                                -0.483     0.054    -0.173     0.534     0.140
 89      K_L0     130 [87]    
                                -0.343    -0.410     0.126     0.741     0.498
 91       pi+     211 [49]    
                                 0.547     0.592    -1.272     1.512     0.140
 92     gamma      22 [90]    
                                -0.013    -0.015    -0.031     0.037     0.000
 93     gamma      22 [90]    
                                -0.072     0.234    -0.964     0.994     0.000
 95       pi-    -211 [50]    
                                -0.145     0.384    -0.612     0.750     0.140
 96       pi-    -211 [94]    
                                 0.137     0.208    -0.385     0.479     0.140
 97       pi+     211 [94]    
                                -0.027    -0.451    -0.793     0.924     0.140
 99       pi+     211 [51]    
                                 0.308    -0.118     0.376     0.519     0.140
100     gamma      22 [98]    
                                 0.737    -0.553     0.632     1.118     0.000
101     gamma      22 [98]    
                                 0.385    -0.187     0.345     0.550     0.000
102     gamma      22 [52]    
                                 0.618    -0.274    -0.118     0.686     0.000
103     gamma      22 [52]    
                                 0.252    -0.120     0.038     0.282     0.000
------------------------------------------------------------------------------
     Sum of momenta:            -3e-05    -2e-05    -3e-05      23.6      23.6

The following exception classes were reported in this run:
ThePEG::EventHandler::ConsistencyException warning (1 times)
ThePEG::LesHouchesReader::LesHouchesReopenWarning warning (1 times)
