>>>>>>>>>>>>>>>>>>>>>>>>>>>>>>>>>>>>>>>>>>>>>>>>>>>>>>>>>>>>>>>>>>>>>>>>>>>>>>
>>>> Toolkit for HEP Event Generation - ThePEG 2.2.0 <<<<<<<<<<<<<<<<<<<<<<<<<
>>>> Tue Jun 30 00:28:59 2020                                             <<<<
<<<<<<<<<<<<<<<<<<<<<<<<<<<<<<<<<<<<<<<<<<<<<<<<<<<<<<<<<<<<<<<<<<<<<<<<<<<<<<

>> Herwig 7.2.0 / ThePEG 2.2.0

/Herwig/EventHandlers/NoCuts:
MHat  = 2 .. 52.7854 GeV
Scale = 0 .. 1e+12 GeV2
YHat  = -100 .. 100
X1    = 0 .. 1
X2    = 0 .. 1

* A warning exception of type ThePEG::LesHouchesReader::LesHouchesReopenWarning occurred while generating event number 1: 
Reopening LesHouchesReader 'myReader' after accessing 2 events out of 1
* A warning exception of type ThePEG::EventHandler::ConsistencyException occurred while generating event number 1: 
Event handler 'myLesHouchesHandler' found energy-momentum non-conservation by (-1e-05,-3e-05,-3e-05;-1.02092e-09) GeV after generating step number 4.

******************************************************************************
Event number 1 (id: ./OUTPUT/0.95MB1.05/1513126133/TMP/Cluster_HERWIGOutput_16) performed by myLesHouchesHandler
Weight: 1
==============================================================================

--- Colliding particles:
  1        e-      11  (3)   
                                13.196     0.000     0.000    13.196     0.000
  2        e+     -11  (3)   
                               -13.196     0.000     0.000    13.196     0.000
------------------------------------------------------------------------------
Primary sub-process performed by myReader
--- incoming:
  1        e-      11  (3)   
                                13.196     0.000     0.000    13.196     0.000
  2        e+     -11  (3)   
                               -13.196     0.000     0.000    13.196     0.000
--- intermediates:
  3     gamma      22 [1,2] (4..7)   
                                -0.000     0.000     0.000    26.393    26.393
--- outgoing:
  4         g      21 [3] (8)  6>>7 {+1,-2}
                                 2.636     2.272   -11.418    11.937     0.000
  5         g      21 [3] (9)  7>>6 {+3,-4}
                                 1.565     1.004     0.370     1.896     0.000
  6         g      21 [3] (10)  5>>4 {+2,-3}
                                -1.459     0.097     4.218     4.464     0.000
  7         g      21 [3] (11)  4>>5 {+4,-1}
                                -2.742    -3.373     6.831     8.097     0.000
------------------------------------------------------------------------------
Step 1 performed by myLesHouchesHandler
--- intermediates:
  1        e-      11  (3)   
                                13.196     0.000     0.000    13.196     0.000
  2        e+     -11  (3)   
                               -13.196     0.000     0.000    13.196     0.000
  3     gamma      22 [1,2] (4..7)   
                                -0.000     0.000     0.000    26.393    26.393
--- final:
  4         g      21 [3] (8)  6>>7 {+1,-2}
                                 2.636     2.272   -11.418    11.937     0.000
  5         g      21 [3] (9)  7>>6 {+3,-4}
                                 1.565     1.004     0.370     1.896     0.000
  6         g      21 [3] (10)  5>>4 {+2,-3}
                                -1.459     0.097     4.218     4.464     0.000
  7         g      21 [3] (11)  4>>5 {+4,-1}
                                -2.742    -3.373     6.831     8.097     0.000
------------------------------------------------------------------------------
     Sum of momenta:            -2e-05    -3e-05    -3e-05      26.4      26.4
------------------------------------------------------------------------------
Step 2 performed by ShowerHandler
--- final:
  8         g      21 [4] (12,13)  10>>11 {+1,-2}
                                 2.594     2.235   -11.235    11.783     0.950
  9         g      21 [5] (14,15)  11>>10 {+3,-4}
                                 1.539     0.988     0.364     2.093     0.950
 10         g      21 [6] (16,17)  9>>8 {+2,-3}
                                -1.435     0.096     4.150     4.494     0.950
 11         g      21 [7] (18,19)  8>>9 {+4,-1}
                                -2.698    -3.319     6.721     8.023     0.950
------------------------------------------------------------------------------
     Sum of momenta:            -2e-05    -3e-05    -3e-05      26.4      26.4
------------------------------------------------------------------------------
Step 3 performed by ClusterHadHandler
--- intermediates:
 12         s       3 [8] (20)   {+1}
                                 0.989     0.827    -4.659     4.855     0.450
 13      sbar      -3 [8] (21)   {-2}
                                 1.605     1.408    -6.575     6.928     0.450
 14         u       2 [9] (22)   {+3}
                                 0.143     0.091     0.111     0.383     0.325
 15      ubar      -2 [9] (23)   {-4}
                                 1.396     0.897     0.253     1.710     0.325
 16         d       1 [10] (21)   {+2}
                                -0.615     0.222     2.652     2.750     0.325
 17      dbar      -1 [10] (22)   {-3}
                                -0.820    -0.126     1.498     1.743     0.325
 18         u       2 [11] (23)   {+4}
                                -0.368    -0.407     0.954     1.148     0.325
 19      ubar      -2 [11] (20)   {-1}
                                -2.330    -2.912     5.767     6.875     0.325
 20   Cluster      81 [12,19] (28,29)   
                                -1.341    -2.086     1.108    11.731    11.412
 21   Cluster      81 [13,16] (24,25)   
                                 0.990     1.631    -3.924     9.678     8.639
 22   Cluster      81 [14,17] (36,37)   
                                -0.677    -0.036     1.609     2.126     1.213
 23   Cluster      81 [15,18] (38,39)   
                                 1.028     0.490     1.207     2.858     2.326
 24   Cluster      81 [21] (40,41)   
                                 1.107     0.990    -4.531     4.910     1.169
 25   Cluster      81 [21] (26,27)   
                                -0.117     0.641     0.608     4.769     4.685
 26   Cluster      81 [25] (42,43)   
                                -0.549     0.140     2.358     2.647     1.061
 27   Cluster      81 [25] (44,45)   
                                 0.432     0.501    -1.750     2.122     1.001
 28   Cluster      81 [20] (46,47)   
                                 0.655     0.533    -3.165     3.496     1.220
 29   Cluster      81 [20] (30,31)   
                                -1.996    -2.618     4.273     8.235     6.222
 30   Cluster      81 [29] (32,33)   
                                -1.941    -2.505     4.376     7.432     5.104
 31   Cluster      81 [29] (48,49)   
                                -0.055    -0.113    -0.103     0.802     0.786
 32   Cluster      81 [30] (34,35)   
                                -1.597    -2.050     3.664     5.964     3.924
 33   Cluster      81 [30] (50,51)   
                                -0.344    -0.455     0.712     1.468     1.150
 34   Cluster      81 [32] (52,53)   
                                -1.256    -1.569     3.112     4.159     1.891
 35   Cluster      81 [32] (54,55)   
                                -0.341    -0.481     0.552     1.805     1.615
--- final:
 36     omega     223 [22] (56,57)   
                                -0.315     0.236     0.770     1.163     0.777
 37       pi+     211 [22]    
                                -0.362    -0.272     0.839     0.964     0.140
 38      rho-    -213 [23] (62,63)   
                                 0.228     0.309    -0.263     0.902     0.773
 39      a_0+ 9000211 [23] (66,67)   
                                 0.800     0.182     1.469     1.955     0.995
 40       K*0     313 [24] (73,74)   
                                 1.070     0.920    -3.587     3.952     0.871
 41       pi+     211 [24]    
                                 0.036     0.070    -0.945     0.958     0.140
 42       pi-    -211 [26]    
                                -0.123     0.213     1.041     1.079     0.140
 43      rho0     113 [26] (78,79)   
                                -0.427    -0.073     1.316     1.568     0.734
 44      rho0     113 [27] (80,81)   
                                 0.319     0.474    -1.449     1.772     0.845
 45       pi0     111 [27] (82,83)   
                                 0.113     0.027    -0.301     0.350     0.135
 46    K*bar0    -313 [28] (84,85)   
                                 0.304     0.240    -2.224     2.440     0.927
 47       pi-    -211 [28]    
                                 0.351     0.292    -0.942     1.056     0.140
 48       pi+     211 [31]    
                                 0.158     0.092    -0.331     0.403     0.140
 49       pi-    -211 [31]    
                                -0.213    -0.205     0.228     0.399     0.140
 50       pi0     111 [33] (86,87)   
                                 0.077    -0.271     0.002     0.313     0.135
 51     omega     223 [33] (88,89)   
                                -0.421    -0.184     0.709     1.155     0.787
 52       pi-    -211 [34]    
                                -1.573    -0.802     1.423     2.272     0.140
 53       pi+     211 [34]    
                                 0.317    -0.767     1.689     1.887     0.140
 54       pi+     211 [35]    
                                -0.064    -1.038     0.176     1.064     0.140
 55       pi-    -211 [35]    
                                -0.277     0.558     0.376     0.741     0.140
------------------------------------------------------------------------------
     Sum of momenta:            -2e-05    -3e-05    -3e-05      26.4      26.4
------------------------------------------------------------------------------
Step 4 performed by DecayHandler
--- intermediates:
 56      rho0     113 [36] (58,59)   
                                -0.182     0.201     0.750     0.969     0.550
 57       pi0     111 [36] (60,61)   
                                -0.133     0.035     0.021     0.194     0.135
 62       pi0     111 [38] (64,65)   
                                 0.333     0.124    -0.448     0.588     0.135
 66       eta     221 [39] (68..70)   
                                 0.758    -0.129     1.135     1.476     0.548
 70       pi0     111 [66] (71,72)   
                                 0.342    -0.022     0.459     0.589     0.135
 73        K0     311 [40] (75)   
                                 0.591     0.235    -1.886     2.052     0.498
 74       pi0     111 [40] (76,77)   
                                 0.479     0.685    -1.700     1.900     0.135
 88      rho0     113 [51] (90,91)   
                                -0.305    -0.028     0.446     0.801     0.590
 89       pi0     111 [51] (92,93)   
                                -0.116    -0.156     0.263     0.354     0.135
--- final:
 37       pi+     211 [22]    
                                -0.362    -0.272     0.839     0.964     0.140
 41       pi+     211 [24]    
                                 0.036     0.070    -0.945     0.958     0.140
 42       pi-    -211 [26]    
                                -0.123     0.213     1.041     1.079     0.140
 47       pi-    -211 [28]    
                                 0.351     0.292    -0.942     1.056     0.140
 48       pi+     211 [31]    
                                 0.158     0.092    -0.331     0.403     0.140
 49       pi-    -211 [31]    
                                -0.213    -0.205     0.228     0.399     0.140
 52       pi-    -211 [34]    
                                -1.573    -0.802     1.423     2.272     0.140
 53       pi+     211 [34]    
                                 0.317    -0.767     1.689     1.887     0.140
 54       pi+     211 [35]    
                                -0.064    -1.038     0.176     1.064     0.140
 55       pi-    -211 [35]    
                                -0.277     0.558     0.376     0.741     0.140
 58       pi+     211 [56]    
                                -0.075    -0.056     0.600     0.623     0.140
 59       pi-    -211 [56]    
                                -0.107     0.258     0.150     0.346     0.140
 60     gamma      22 [57]    
                                -0.018     0.034    -0.047     0.060     0.000
 61     gamma      22 [57]    
                                -0.115     0.000     0.067     0.134     0.000
 63       pi-    -211 [38]    
                                -0.105     0.184     0.185     0.314     0.140
 64     gamma      22 [62]    
                                 0.263     0.035    -0.290     0.394     0.000
 65     gamma      22 [62]    
                                 0.070     0.089    -0.158     0.194     0.000
 67       pi+     211 [39]    
                                 0.043     0.311     0.334     0.479     0.140
 68       pi+     211 [66]    
                                 0.369    -0.012     0.416     0.574     0.140
 69       pi-    -211 [66]    
                                 0.046    -0.096     0.260     0.314     0.140
 71     gamma      22 [70]    
                                 0.026    -0.041     0.091     0.103     0.000
 72     gamma      22 [70]    
                                 0.316     0.019     0.368     0.486     0.000
 75      K_L0     130 [73]    
                                 0.591     0.235    -1.886     2.052     0.498
 76     gamma      22 [74]    
                                 0.335     0.366    -1.027     1.140     0.000
 77     gamma      22 [74]    
                                 0.144     0.319    -0.673     0.759     0.000
 78       pi+     211 [43]    
                                 0.069    -0.010     0.003     0.156     0.140
 79       pi-    -211 [43]    
                                -0.496    -0.063     1.313     1.412     0.140
 80       pi+     211 [44]    
                                 0.158     0.595    -1.379     1.517     0.140
 81       pi-    -211 [44]    
                                 0.161    -0.121    -0.069     0.255     0.140
 82     gamma      22 [45]    
                                 0.007     0.039    -0.196     0.200     0.000
 83     gamma      22 [45]    
                                 0.106    -0.012    -0.105     0.150     0.000
 84        K-    -321 [46]    
                                 0.323     0.394    -2.047     2.166     0.494
 85       pi+     211 [46]    
                                -0.019    -0.154    -0.177     0.274     0.140
 86     gamma      22 [50]    
                                 0.115    -0.220    -0.005     0.249     0.000
 87     gamma      22 [50]    
                                -0.038    -0.051     0.008     0.064     0.000
 90       pi+     211 [88]    
                                -0.221     0.123     0.495     0.573     0.140
 91       pi-    -211 [88]    
                                -0.084    -0.151    -0.049     0.227     0.140
 92     gamma      22 [89]    
                                -0.090    -0.151     0.131     0.219     0.000
 93     gamma      22 [89]    
                                -0.025    -0.006     0.132     0.135     0.000
------------------------------------------------------------------------------
     Sum of momenta:            -2e-05    -3e-05    -3e-05      26.4      26.4

The following exception classes were reported in this run:
ThePEG::EventHandler::ConsistencyException warning (1 times)
ThePEG::LesHouchesReader::LesHouchesReopenWarning warning (1 times)
