>>>>>>>>>>>>>>>>>>>>>>>>>>>>>>>>>>>>>>>>>>>>>>>>>>>>>>>>>>>>>>>>>>>>>>>>>>>>>>
>>>> Toolkit for HEP Event Generation - ThePEG 2.2.0 <<<<<<<<<<<<<<<<<<<<<<<<<
>>>> Tue Jun 30 00:27:14 2020                                             <<<<
<<<<<<<<<<<<<<<<<<<<<<<<<<<<<<<<<<<<<<<<<<<<<<<<<<<<<<<<<<<<<<<<<<<<<<<<<<<<<<

>> Herwig 7.2.0 / ThePEG 2.2.0

/Herwig/EventHandlers/NoCuts:
MHat  = 2 .. 11.2875 GeV
Scale = 0 .. 1e+12 GeV2
YHat  = -100 .. 100
X1    = 0 .. 1
X2    = 0 .. 1

* A warning exception of type ThePEG::LesHouchesReader::LesHouchesReopenWarning occurred while generating event number 1: 
Reopening LesHouchesReader 'myReader' after accessing 2 events out of 1
* A warning exception of type ThePEG::EventHandler::ConsistencyException occurred while generating event number 1: 
Event handler 'myLesHouchesHandler' found energy-momentum non-conservation by (1.64491e-15,-1e-05,-2e-05;-3.00282e-10) GeV after generating step number 4.

******************************************************************************
Event number 1 (id: ./OUTPUT/0.95MB1.05/1512972536/TMP/Cluster_HERWIGOutput_14) performed by myLesHouchesHandler
Weight: 1
==============================================================================

--- Colliding particles:
  1        e-      11  (3)   
                                 2.822     0.000    -0.000     2.822     0.000
  2        e+     -11  (3)   
                                -2.822     0.000     0.000     2.822     0.000
------------------------------------------------------------------------------
Primary sub-process performed by myReader
--- incoming:
  1        e-      11  (3)   
                                 2.822     0.000    -0.000     2.822     0.000
  2        e+     -11  (3)   
                                -2.822     0.000     0.000     2.822     0.000
--- intermediates:
  3     gamma      22 [1,2] (4..7)   
                                 0.000     0.000    -0.000     5.644     5.644
--- outgoing:
  4         g      21 [3] (8)  6>>5 {+1,-2}
                                -1.324     1.168     1.160     2.113     0.000
  5         g      21 [3] (9)  4>>7 {+3,-1}
                                 0.042    -1.408    -0.977     1.714     0.000
  6         g      21 [3] (10)  7>>4 {+2,-4}
                                 1.025    -0.327    -0.413     1.152     0.000
  7         g      21 [3] (11)  5>>6 {+4,-3}
                                 0.257     0.567     0.230     0.664     0.000
------------------------------------------------------------------------------
Step 1 performed by myLesHouchesHandler
--- intermediates:
  1        e-      11  (3)   
                                 2.822     0.000    -0.000     2.822     0.000
  2        e+     -11  (3)   
                                -2.822     0.000     0.000     2.822     0.000
  3     gamma      22 [1,2] (4..7)   
                                 0.000     0.000    -0.000     5.644     5.644
--- final:
  4         g      21 [3] (8)  6>>5 {+1,-2}
                                -1.324     1.168     1.160     2.113     0.000
  5         g      21 [3] (9)  4>>7 {+3,-1}
                                 0.042    -1.408    -0.977     1.714     0.000
  6         g      21 [3] (10)  7>>4 {+2,-4}
                                 1.025    -0.327    -0.413     1.152     0.000
  7         g      21 [3] (11)  5>>6 {+4,-3}
                                 0.257     0.567     0.230     0.664     0.000
------------------------------------------------------------------------------
     Sum of momenta:            -1e-05    -1e-05    -2e-05      5.64      5.64
------------------------------------------------------------------------------
Step 2 performed by ShowerHandler
--- final:
  8         g      21 [4] (12,13)  10>>9 {+1,-2}
                                -0.943     0.832     0.826     1.780     0.950
  9         g      21 [5] (14,15)  8>>11 {+3,-1}
                                 0.030    -1.003    -0.696     1.547     0.950
 10         g      21 [6] (16,17)  11>>8 {+2,-4}
                                 0.730    -0.233    -0.294     1.256     0.950
 11         g      21 [7] (18,19)  9>>10 {+4,-3}
                                 0.183     0.404     0.164     1.061     0.950
------------------------------------------------------------------------------
     Sum of momenta:            -1e-05    -1e-05    -2e-05      5.64      5.64
------------------------------------------------------------------------------
Step 3 performed by ClusterHadHandler
--- intermediates:
 12         d       1 [8] (20)   {+1}
                                -0.509     0.114     0.584     0.848     0.325
 13      dbar      -1 [8] (21)   {-2}
                                -0.434     0.718     0.242     0.932     0.325
 14         d       1 [9] (22)   {+3}
                                -0.135    -0.927    -0.613     1.166     0.325
 15      dbar      -1 [9] (20)   {-1}
                                 0.165    -0.076    -0.083     0.381     0.325
 16         s       3 [10] (21)   {+2}
                                 0.220    -0.072    -0.223     0.553     0.450
 17      sbar      -3 [10] (23)   {-4}
                                 0.510    -0.161    -0.071     0.702     0.450
 18         d       1 [11] (23)   {+4}
                                 0.110     0.104    -0.261     0.444     0.325
 19      dbar      -1 [11] (22)   {-3}
                                 0.073     0.300     0.425     0.618     0.325
 20   Cluster      81 [12,15] (24,25)   
                                -0.344     0.039     0.502     1.229     1.067
 21   Cluster      81 [13,16] (26,27)   
                                -0.214     0.645     0.019     1.485     1.320
 22   Cluster      81 [14,19] (30,31)   
                                -0.061    -0.627    -0.188     1.784     1.658
 23   Cluster      81 [17,18] (28,29)   
                                 0.620    -0.057    -0.332     1.146     0.903
--- final:
 24       pi0     111 [20] (32,33)   
                                -0.113    -0.113     0.321     0.383     0.135
 25     omega     223 [20] (34,35)   
                                -0.231     0.151     0.181     0.847     0.779
 26      rho+     213 [21] (40,41)   
                                -0.188    -0.104    -0.266     0.543     0.421
 27        K-    -321 [21]    
                                -0.026     0.750     0.285     0.942     0.494
 28        K0     311 [23] (44)   
                                 0.455    -0.171     0.046     0.697     0.498
 29       pi0     111 [23] (47,48)   
                                 0.165     0.114    -0.378     0.449     0.135
 30       pi-    -211 [22]    
                                 0.100    -0.686    -0.427     0.826     0.140
 31      a_0+ 9000211 [22] (49,50)   
                                -0.162     0.059     0.238     0.958     0.912
------------------------------------------------------------------------------
     Sum of momenta:            -1e-05    -1e-05    -2e-05      5.64      5.64
------------------------------------------------------------------------------
Step 4 performed by DecayHandler
--- intermediates:
 34      rho-    -213 [25] (36,37)   
                                -0.122     0.217     0.299     0.624     0.488
 36       pi0     111 [34] (38,39)   
                                 0.037     0.101    -0.067     0.185     0.135
 40       pi0     111 [26] (42,43)   
                                -0.076    -0.087    -0.310     0.357     0.135
 44      K_S0     310 [28] (45,46)   
                                 0.455    -0.171     0.046     0.697     0.498
 49       eta     221 [31] (51..53)   
                                -0.067     0.303     0.141     0.645     0.548
 53       pi0     111 [49] (54,55)   
                                -0.079     0.035    -0.012     0.161     0.135
--- final:
 27        K-    -321 [21]    
                                -0.026     0.750     0.285     0.942     0.494
 30       pi-    -211 [22]    
                                 0.100    -0.686    -0.427     0.826     0.140
 32     gamma      22 [24]    
                                -0.097    -0.048     0.084     0.137     0.000
 33     gamma      22 [24]    
                                -0.016    -0.065     0.237     0.246     0.000
 35       pi+     211 [25]    
                                -0.109    -0.065    -0.118     0.222     0.140
 37       pi-    -211 [34]    
                                -0.159     0.115     0.366     0.439     0.140
 38     gamma      22 [36]    
                                 0.039    -0.016     0.012     0.044     0.000
 39     gamma      22 [36]    
                                -0.002     0.117    -0.079     0.142     0.000
 41       pi+     211 [26]    
                                -0.113    -0.017     0.044     0.185     0.140
 42     gamma      22 [40]    
                                -0.047     0.025    -0.155     0.164     0.000
 43     gamma      22 [40]    
                                -0.029    -0.112    -0.155     0.193     0.000
 45       pi+     211 [44]    
                                 0.396     0.025     0.122     0.438     0.140
 46       pi-    -211 [44]    
                                 0.059    -0.196    -0.076     0.259     0.140
 47     gamma      22 [29]    
                                 0.103     0.001    -0.232     0.254     0.000
 48     gamma      22 [29]    
                                 0.061     0.113    -0.146     0.195     0.000
 50       pi+     211 [31]    
                                -0.095    -0.245     0.098     0.313     0.140
 51       pi+     211 [49]    
                                -0.100     0.209     0.080     0.282     0.140
 52       pi-    -211 [49]    
                                 0.112     0.059     0.073     0.202     0.140
 54     gamma      22 [53]    
                                -0.065     0.083     0.012     0.106     0.000
 55     gamma      22 [53]    
                                -0.014    -0.047    -0.024     0.055     0.000
------------------------------------------------------------------------------
     Sum of momenta:            -1e-05    -1e-05    -2e-05      5.64      5.64

The following exception classes were reported in this run:
ThePEG::EventHandler::ConsistencyException warning (1 times)
ThePEG::LesHouchesReader::LesHouchesReopenWarning warning (1 times)
