>>>>>>>>>>>>>>>>>>>>>>>>>>>>>>>>>>>>>>>>>>>>>>>>>>>>>>>>>>>>>>>>>>>>>>>>>>>>>>
>>>> Toolkit for HEP Event Generation - ThePEG 2.2.0 <<<<<<<<<<<<<<<<<<<<<<<<<
>>>> Tue Jun 30 00:39:07 2020                                             <<<<
<<<<<<<<<<<<<<<<<<<<<<<<<<<<<<<<<<<<<<<<<<<<<<<<<<<<<<<<<<<<<<<<<<<<<<<<<<<<<<

>> Herwig 7.2.0 / ThePEG 2.2.0

/Herwig/EventHandlers/NoCuts:
MHat  = 2 .. 13.4072 GeV
Scale = 0 .. 1e+12 GeV2
YHat  = -100 .. 100
X1    = 0 .. 1
X2    = 0 .. 1

* A warning exception of type ThePEG::LesHouchesReader::LesHouchesReopenWarning occurred while generating event number 1: 
Reopening LesHouchesReader 'myReader' after accessing 2 events out of 1
* A warning exception of type ThePEG::EventHandler::ConsistencyException occurred while generating event number 1: 
Event handler 'myLesHouchesHandler' found energy-momentum non-conservation by (-1e-05,-1e-05,-4e-05;1.99999e-05) GeV after generating step number 4.

******************************************************************************
Event number 1 (id: ./OUTPUT/0.95MB1.05/1513331033/TMP/Cluster_HERWIGOutput_29) performed by myLesHouchesHandler
Weight: 1
==============================================================================

--- Colliding particles:
  1        e-      11  (3)   
                                 3.352     0.000     0.000     3.352     0.000
  2        e+     -11  (3)   
                                -3.352     0.000    -0.000     3.352     0.000
------------------------------------------------------------------------------
Primary sub-process performed by myReader
--- incoming:
  1        e-      11  (3)   
                                 3.352     0.000     0.000     3.352     0.000
  2        e+     -11  (3)   
                                -3.352     0.000    -0.000     3.352     0.000
--- intermediates:
  3     gamma      22 [1,2] (4..8)   
                                 0.000     0.000     0.000     6.704     6.704
--- outgoing:
  4         g      21 [3] (9)  6>>8 {+1,-2}
                                 0.117     0.558     0.233     0.616     0.000
  5         g      21 [3] (10)  7>>7 {+3,-4}
                                -0.900    -0.514     2.277     2.502     0.000
  6         g      21 [3] (11)  8>>4 {+2,-5}
                                 0.429    -0.169    -0.307     0.554     0.000
  7         g      21 [3] (12)  5>>5 {+4,-3}
                                -0.279    -0.722    -1.684     1.853     0.000
  8         g      21 [3] (13)  4>>6 {+5,-1}
                                 0.633     0.847    -0.520     1.178     0.000
------------------------------------------------------------------------------
Step 1 performed by myLesHouchesHandler
--- intermediates:
  1        e-      11  (3)   
                                 3.352     0.000     0.000     3.352     0.000
  2        e+     -11  (3)   
                                -3.352     0.000    -0.000     3.352     0.000
  3     gamma      22 [1,2] (4..8)   
                                 0.000     0.000     0.000     6.704     6.704
--- final:
  4         g      21 [3] (9)  6>>8 {+1,-2}
                                 0.117     0.558     0.233     0.616     0.000
  5         g      21 [3] (10)  7>>7 {+3,-4}
                                -0.900    -0.514     2.277     2.502     0.000
  6         g      21 [3] (11)  8>>4 {+2,-5}
                                 0.429    -0.169    -0.307     0.554     0.000
  7         g      21 [3] (12)  5>>5 {+4,-3}
                                -0.279    -0.722    -1.684     1.853     0.000
  8         g      21 [3] (13)  4>>6 {+5,-1}
                                 0.633     0.847    -0.520     1.178     0.000
------------------------------------------------------------------------------
     Sum of momenta:            -2e-05    -1e-05    -4e-05       6.7       6.7
------------------------------------------------------------------------------
Step 2 performed by ShowerHandler
--- final:
  9         g      21 [4] (14,15)  11>>13 {+1,-2}
                                 0.076     0.365     0.153     1.032     0.950
 10         g      21 [5] (16,17)  12>>12 {+3,-4}
                                -0.588    -0.336     1.489     1.892     0.950
 11         g      21 [6] (18,19)  13>>9 {+2,-5}
                                 0.280    -0.110    -0.201     1.017     0.950
 12         g      21 [7] (20,21)  10>>10 {+4,-3}
                                -0.182    -0.472    -1.101     1.540     0.950
 13         g      21 [8] (22,23)  9>>11 {+5,-1}
                                 0.414     0.554    -0.340     1.223     0.950
------------------------------------------------------------------------------
     Sum of momenta:            -2e-05    -1e-05    -4e-05       6.7       6.7
------------------------------------------------------------------------------
Step 3 performed by ClusterHadHandler
--- intermediates:
 14         u       2 [9] (24)   {+1}
                                -0.030     0.082    -0.260     0.426     0.325
 15      ubar      -2 [9] (25)   {-2}
                                 0.106     0.283     0.413     0.606     0.325
 16         u       2 [10] (26)   {+3}
                                -0.327    -0.041     0.198     0.504     0.325
 17      ubar      -2 [10] (27)   {-4}
                                -0.261    -0.295     1.291     1.388     0.325
 18         u       2 [11] (25)   {+2}
                                 0.155    -0.085     0.250     0.447     0.325
 19      ubar      -2 [11] (28)   {-5}
                                 0.125    -0.025    -0.451     0.570     0.325
 20         s       3 [12] (28)   {+4}
                                -0.214    -0.169    -0.456     0.696     0.450
 21      sbar      -3 [12] (26)   {-3}
                                 0.031    -0.304    -0.645     0.844     0.450
 22         u       2 [13] (27)   {+5}
                                -0.160     0.284    -0.096     0.470     0.325
 23      ubar      -2 [13] (24)   {-1}
                                 0.574     0.270    -0.244     0.753     0.325
 24   Cluster      81 [14,23] (35,36)   
                                 0.544     0.352    -0.504     1.179     0.846
 25   Cluster      81 [15,18] (29,30)   
                                 0.261     0.198     0.663     1.053     0.749
 26   Cluster      81 [16,21] (37,38)   
                                -0.296    -0.345    -0.447     1.348     1.187
 27   Cluster      81 [17,22] (33,34)   
                                -0.421    -0.011     1.195     1.859     1.360
 28   Cluster      81 [19,20] (31,32)   
                                -0.089    -0.194    -0.906     1.266     0.858
--- final:
 29       eta     221 [25] (39,40)   
                                 0.153     0.242     0.607     0.866     0.548
 30       pi0     111 [25] (41,42)   
                                 0.108    -0.044     0.056     0.187     0.135
 31     Kbar0    -311 [28] (43)   
                                -0.036    -0.088    -0.214     0.550     0.498
 32       pi-    -211 [28]    
                                -0.053    -0.106    -0.692     0.716     0.140
 33       pi+     211 [27]    
                                -0.865     0.166     0.952     1.305     0.140
 34       pi-    -211 [27]    
                                 0.444    -0.177     0.243     0.554     0.140
 35       pi+     211 [24]    
                                 0.403     0.049     0.130     0.449     0.140
 36       pi-    -211 [24]    
                                 0.141     0.303    -0.634     0.730     0.140
 37       eta     221 [26] (44,45)   
                                -0.152    -0.399    -0.050     0.696     0.548
 38        K+     321 [26]    
                                -0.144     0.054    -0.397     0.652     0.494
------------------------------------------------------------------------------
     Sum of momenta:            -2e-05    -1e-05    -4e-05       6.7       6.7
------------------------------------------------------------------------------
Step 4 performed by DecayHandler
--- final:
 32       pi-    -211 [28]    
                                -0.053    -0.106    -0.692     0.716     0.140
 33       pi+     211 [27]    
                                -0.865     0.166     0.952     1.305     0.140
 34       pi-    -211 [27]    
                                 0.444    -0.177     0.243     0.554     0.140
 35       pi+     211 [24]    
                                 0.403     0.049     0.130     0.449     0.140
 36       pi-    -211 [24]    
                                 0.141     0.303    -0.634     0.730     0.140
 38        K+     321 [26]    
                                -0.144     0.054    -0.397     0.652     0.494
 39     gamma      22 [29]    
                                 0.095    -0.160     0.314     0.365     0.000
 40     gamma      22 [29]    
                                 0.058     0.402     0.293     0.501     0.000
 41     gamma      22 [30]    
                                 0.085    -0.060    -0.020     0.106     0.000
 42     gamma      22 [30]    
                                 0.023     0.016     0.076     0.081     0.000
 43      K_L0     130 [31]    
                                -0.036    -0.088    -0.214     0.550     0.498
 44     gamma      22 [37]    
                                 0.155    -0.247    -0.165     0.335     0.000
 45     gamma      22 [37]    
                                -0.307    -0.152     0.114     0.361     0.000
------------------------------------------------------------------------------
     Sum of momenta:            -2e-05    -1e-05    -4e-05       6.7       6.7

The following exception classes were reported in this run:
ThePEG::EventHandler::ConsistencyException warning (1 times)
ThePEG::LesHouchesReader::LesHouchesReopenWarning warning (1 times)
