>>>>>>>>>>>>>>>>>>>>>>>>>>>>>>>>>>>>>>>>>>>>>>>>>>>>>>>>>>>>>>>>>>>>>>>>>>>>>>
>>>> Toolkit for HEP Event Generation - ThePEG 2.2.0 <<<<<<<<<<<<<<<<<<<<<<<<<
>>>> Tue Jun 30 00:45:14 2020                                             <<<<
<<<<<<<<<<<<<<<<<<<<<<<<<<<<<<<<<<<<<<<<<<<<<<<<<<<<<<<<<<<<<<<<<<<<<<<<<<<<<<

>> Herwig 7.2.0 / ThePEG 2.2.0

/Herwig/EventHandlers/NoCuts:
MHat  = 2 .. 13.5876 GeV
Scale = 0 .. 1e+12 GeV2
YHat  = -100 .. 100
X1    = 0 .. 1
X2    = 0 .. 1

* A warning exception of type ThePEG::LesHouchesReader::LesHouchesReopenWarning occurred while generating event number 1: 
Reopening LesHouchesReader 'myReader' after accessing 2 events out of 1
* A warning exception of type ThePEG::EventHandler::ConsistencyException occurred while generating event number 1: 
Event handler 'myLesHouchesHandler' found energy-momentum non-conservation by (-1e-05,-2e-05,-3e-05;1.99999e-05) GeV after generating step number 4.

******************************************************************************
Event number 1 (id: ./OUTPUT/0.95MB1.05/1511393700/TMP/Cluster_HERWIGOutput_19) performed by myLesHouchesHandler
Weight: 1
==============================================================================

--- Colliding particles:
  1        e-      11  (3)   
                                 3.397     0.000     0.000     3.397     0.000
  2        e+     -11  (3)   
                                -3.397     0.000     0.000     3.397     0.000
------------------------------------------------------------------------------
Primary sub-process performed by myReader
--- incoming:
  1        e-      11  (3)   
                                 3.397     0.000     0.000     3.397     0.000
  2        e+     -11  (3)   
                                -3.397     0.000     0.000     3.397     0.000
--- intermediates:
  3     gamma      22 [1,2] (4..7)   
                                -0.000     0.000    -0.000     6.794     6.794
--- outgoing:
  4         g      21 [3] (8)  6>>5 {+1,-2}
                                -1.335    -2.173    -0.893     2.702     0.000
  5         g      21 [3] (9)  4>>7 {+3,-1}
                                 0.942     0.930     1.259     1.827     0.000
  6         g      21 [3] (12)  7>>4 {+2,-4}
                                 0.085    -0.447     0.138     0.476     0.000
  7         g      21 [3] (13)  5>>6 {+4,-3}
                                 0.307     1.690    -0.505     1.790     0.000
------------------------------------------------------------------------------
Step 1 performed by myLesHouchesHandler
--- intermediates:
  1        e-      11  (3)   
                                 3.397     0.000     0.000     3.397     0.000
  2        e+     -11  (3)   
                                -3.397     0.000     0.000     3.397     0.000
  3     gamma      22 [1,2] (4..7)   
                                -0.000     0.000    -0.000     6.794     6.794
--- final:
  4         g      21 [3] (8)  6>>5 {+1,-2}
                                -1.335    -2.173    -0.893     2.702     0.000
  5         g      21 [3] (9)  4>>7 {+3,-1}
                                 0.942     0.930     1.259     1.827     0.000
  6         g      21 [3] (12)  7>>4 {+2,-4}
                                 0.085    -0.447     0.138     0.476     0.000
  7         g      21 [3] (13)  5>>6 {+4,-3}
                                 0.307     1.690    -0.505     1.790     0.000
------------------------------------------------------------------------------
     Sum of momenta:            -2e-05    -2e-05    -3e-05      6.79      6.79
------------------------------------------------------------------------------
Step 2 performed by ShowerHandler
--- intermediates:
  9         g      21 [5] (10,11)   {+3,-1}
                                 0.447     0.441     0.597     2.948     2.817
--- final:
  8         g      21 [4] (14,15)  12>>11 {+1,-2}
                                -0.633    -1.031    -0.424     1.595     0.950
 10         g      21 [9] (20,21)  11>>13 {+3,-5}
                                -0.724     0.541    -0.031     1.311     0.950
 11         g      21 [9] (22,23)  8>>10 {+5,-1}
                                 1.171    -0.100     0.628     1.636     0.950
 12         g      21 [6] (16,17)  13>>8 {+2,-4}
                                 0.041    -0.212     0.066     0.976     0.950
 13         g      21 [7] (18,19)  10>>12 {+4,-3}
                                 0.146     0.802    -0.240     1.274     0.950
------------------------------------------------------------------------------
     Sum of momenta:            -2e-05    -2e-05    -3e-05      6.79      6.79
------------------------------------------------------------------------------
Step 3 performed by ClusterHadHandler
--- intermediates:
 14         d       1 [8] (24)   {+1}
                                -0.369    -0.751     0.057     0.900     0.325
 15      dbar      -1 [8] (28)   {-2}
                                -0.264    -0.279    -0.480     0.696     0.325
 16         u       2 [12] (28)   {+2}
                                 0.195    -0.374    -0.112     0.544     0.325
 17      ubar      -2 [12] (25)   {-4}
                                -0.154     0.162     0.178     0.433     0.325
 18         s       3 [13] (25)   {+4}
                                -0.010     0.273    -0.010     0.526     0.450
 19      sbar      -3 [13] (27)   {-3}
                                 0.156     0.529    -0.229     0.748     0.450
 20         u       2 [10] (27)   {+3}
                                -0.700     0.518    -0.189     0.949     0.325
 21      ubar      -2 [10] (26)   {-5}
                                -0.024     0.022     0.158     0.363     0.325
 22         s       3 [11] (26)   {+5}
                                 0.516    -0.167     0.206     0.734     0.450
 23      sbar      -3 [11] (24)   {-1}
                                 0.655     0.067     0.422     0.902     0.450
 24   Cluster      81 [14,23] (33,34)   
                                 0.286    -0.684     0.479     1.802     1.571
 25   Cluster      81 [17,18] (35,36)   
                                -0.165     0.434     0.167     0.959     0.822
 26   Cluster      81 [21,22] (37,38)   
                                 0.492    -0.144     0.364     1.097     0.899
 27   Cluster      81 [19,20] (31,32)   
                                -0.544     1.048    -0.418     1.697     1.145
 28   Cluster      81 [15,16] (29,30)   
                                -0.069    -0.653    -0.592     1.239     0.869
--- final:
 29       pi+     211 [28]    
                                -0.026    -0.330     0.172     0.399     0.140
 30       pi0     111 [28] (39,40)   
                                -0.043    -0.323    -0.764     0.841     0.135
 31       pi+     211 [27]    
                                -0.472     0.032    -0.012     0.493     0.140
 32        K0     311 [27] (41)   
                                -0.072     1.015    -0.406     1.203     0.498
 33        K0     311 [24] (42)   
                                 0.043    -0.303     0.356     0.684     0.498
 34       phi     333 [24] (45,46)   
                                 0.243    -0.382     0.123     1.118     1.015
 35       pi-    -211 [25]    
                                -0.073     0.319    -0.107     0.372     0.140
 36     Kbar0    -311 [25] (53)   
                                -0.092     0.115     0.274     0.587     0.498
 37       pi-    -211 [26]    
                                 0.334    -0.133     0.422     0.571     0.140
 38     Kbar0    -311 [26] (54)   
                                 0.158    -0.011    -0.058     0.526     0.498
------------------------------------------------------------------------------
     Sum of momenta:            -2e-05    -2e-05    -3e-05      6.79      6.79
------------------------------------------------------------------------------
Step 4 performed by DecayHandler
--- intermediates:
 42      K_S0     310 [33] (43,44)   
                                 0.043    -0.303     0.356     0.684     0.498
 46      K_S0     310 [34] (47,48)   
                                 0.124    -0.280     0.121     0.597     0.498
 47       pi0     111 [46] (49,50)   
                                 0.013    -0.288    -0.082     0.328     0.135
 48       pi0     111 [46] (51,52)   
                                 0.112     0.008     0.203     0.268     0.135
 54      K_S0     310 [38] (55,56)   
                                 0.158    -0.011    -0.058     0.526     0.498
 55       pi0     111 [54] (57,58)   
                                 0.072    -0.213    -0.003     0.262     0.135
 56       pi0     111 [54] (59,60)   
                                 0.086     0.202    -0.055     0.263     0.135
--- final:
 29       pi+     211 [28]    
                                -0.026    -0.330     0.172     0.399     0.140
 31       pi+     211 [27]    
                                -0.472     0.032    -0.012     0.493     0.140
 35       pi-    -211 [25]    
                                -0.073     0.319    -0.107     0.372     0.140
 37       pi-    -211 [26]    
                                 0.334    -0.133     0.422     0.571     0.140
 39     gamma      22 [30]    
                                 0.012    -0.179    -0.545     0.574     0.000
 40     gamma      22 [30]    
                                -0.055    -0.144    -0.219     0.267     0.000
 41      K_L0     130 [32]    
                                -0.072     1.015    -0.406     1.203     0.498
 43       pi+     211 [42]    
                                 0.136    -0.155    -0.016     0.249     0.140
 44       pi-    -211 [42]    
                                -0.094    -0.148     0.372     0.434     0.140
 45      K_L0     130 [34]    
                                 0.119    -0.102     0.002     0.522     0.498
 49     gamma      22 [47]    
                                 0.060    -0.232    -0.086     0.255     0.000
 50     gamma      22 [47]    
                                -0.048    -0.056     0.005     0.074     0.000
 51     gamma      22 [48]    
                                 0.061     0.008     0.002     0.061     0.000
 52     gamma      22 [48]    
                                 0.051     0.000     0.201     0.207     0.000
 53      K_L0     130 [36]    
                                -0.092     0.115     0.274     0.587     0.498
 57     gamma      22 [55]    
                                 0.090    -0.109     0.042     0.148     0.000
 58     gamma      22 [55]    
                                -0.018    -0.103    -0.045     0.114     0.000
 59     gamma      22 [56]    
                                 0.089     0.190    -0.089     0.228     0.000
 60     gamma      22 [56]    
                                -0.003     0.012     0.033     0.036     0.000
------------------------------------------------------------------------------
     Sum of momenta:            -2e-05    -2e-05    -3e-05      6.79      6.79

The following exception classes were reported in this run:
ThePEG::EventHandler::ConsistencyException warning (1 times)
ThePEG::LesHouchesReader::LesHouchesReopenWarning warning (1 times)
