>>>>>>>>>>>>>>>>>>>>>>>>>>>>>>>>>>>>>>>>>>>>>>>>>>>>>>>>>>>>>>>>>>>>>>>>>>>>>>
>>>> Toolkit for HEP Event Generation - ThePEG 2.2.0 <<<<<<<<<<<<<<<<<<<<<<<<<
>>>> Tue Jun 30 00:21:26 2020                                             <<<<
<<<<<<<<<<<<<<<<<<<<<<<<<<<<<<<<<<<<<<<<<<<<<<<<<<<<<<<<<<<<<<<<<<<<<<<<<<<<<<

>> Herwig 7.2.0 / ThePEG 2.2.0

/Herwig/EventHandlers/NoCuts:
MHat  = 2 .. 55.2712 GeV
Scale = 0 .. 1e+12 GeV2
YHat  = -100 .. 100
X1    = 0 .. 1
X2    = 0 .. 1

* A warning exception of type ThePEG::LesHouchesReader::LesHouchesReopenWarning occurred while generating event number 1: 
Reopening LesHouchesReader 'myReader' after accessing 2 events out of 1
* A warning exception of type ThePEG::EventHandler::ConsistencyException occurred while generating event number 1: 
Event handler 'myLesHouchesHandler' found energy-momentum non-conservation by (-2e-05,-2e-05,-2e-05;9.99926e-06) GeV after generating step number 4.

******************************************************************************
Event number 1 (id: ./OUTPUT/0.95MB1.05/1512366534/TMP/Cluster_HERWIGOutput_7) performed by myLesHouchesHandler
Weight: 1
==============================================================================

--- Colliding particles:
  1        e-      11  (3)   
                                13.818     0.000     0.000    13.818     0.000
  2        e+     -11  (3)   
                               -13.818     0.000     0.000    13.818     0.000
------------------------------------------------------------------------------
Primary sub-process performed by myReader
--- incoming:
  1        e-      11  (3)   
                                13.818     0.000     0.000    13.818     0.000
  2        e+     -11  (3)   
                               -13.818     0.000     0.000    13.818     0.000
--- intermediates:
  3     gamma      22 [1,2] (4..7)   
                                 0.000     0.000     0.000    27.636    27.636
--- outgoing:
  4         g      21 [3] (8)  6>>6 {+1,-2}
                                -1.333    -2.857     8.281     8.860     0.000
  5         g      21 [3] (11)  7>>7 {+3,-4}
                                -3.380     1.673    -4.469     5.847     0.000
  6         g      21 [3] (12)  4>>4 {+2,-1}
                                 5.895     4.846    -0.174     7.633     0.000
  7         g      21 [3] (17)  5>>5 {+4,-3}
                                -1.183    -3.662    -3.637     5.295     0.000
------------------------------------------------------------------------------
Step 1 performed by myLesHouchesHandler
--- intermediates:
  1        e-      11  (3)   
                                13.818     0.000     0.000    13.818     0.000
  2        e+     -11  (3)   
                               -13.818     0.000     0.000    13.818     0.000
  3     gamma      22 [1,2] (4..7)   
                                 0.000     0.000     0.000    27.636    27.636
--- final:
  4         g      21 [3] (8)  6>>6 {+1,-2}
                                -1.333    -2.857     8.281     8.860     0.000
  5         g      21 [3] (11)  7>>7 {+3,-4}
                                -3.380     1.673    -4.469     5.847     0.000
  6         g      21 [3] (12)  4>>4 {+2,-1}
                                 5.895     4.846    -0.174     7.633     0.000
  7         g      21 [3] (17)  5>>5 {+4,-3}
                                -1.183    -3.662    -3.637     5.295     0.000
------------------------------------------------------------------------------
     Sum of momenta:            -2e-05    -2e-05    -2e-05      27.6      27.6
------------------------------------------------------------------------------
Step 2 performed by ShowerHandler
--- intermediates:
  8         g      21 [4] (9,10)   {+1,-2}
                                -1.055    -2.262     6.555     9.362     6.200
 12         g      21 [6] (13,14)   {+2,-1}
                                 4.667     3.836    -0.138     9.250     7.004
 14         g      21 [12] (15,16)   {+2,-5}
                                 4.708     1.770    -1.036     6.805     4.465
--- final:
  9         g      21 [8] (28,29)  10>>13 {+1,-6}
                                 2.344    -0.869     3.909     4.736     0.950
 10         g      21 [8] (30,31)  15>>9 {+6,-2}
                                -3.399    -1.392     2.646     4.626     0.950
 11         g      21 [5] (18,19)  17>>17 {+3,-4}
                                -2.676     1.324    -3.538     4.726     0.950
 13         g      21 [12] (22,23)  9>>16 {+5,-1}
                                -0.041     2.066     0.898     2.445     0.950
 15         g      21 [14] (24,25)  16>>10 {+2,-7}
                                 3.559    -0.218     0.723     3.760     0.950
 16         g      21 [14] (26,27)  13>>15 {+7,-5}
                                 1.149     1.989    -1.760     3.045     0.950
 17         g      21 [7] (20,21)  11>>11 {+4,-3}
                                -0.936    -2.899    -2.879     4.298     0.950
------------------------------------------------------------------------------
     Sum of momenta:            -2e-05    -2e-05    -2e-05      27.6      27.6
------------------------------------------------------------------------------
Step 3 performed by ClusterHadHandler
--- intermediates:
 18         d       1 [11] (32)   {+3}
                                -1.035     0.774    -1.901     2.322     0.325
 19      dbar      -1 [11] (37)   {-4}
                                -1.640     0.550    -1.636     2.404     0.325
 20         u       2 [17] (38)   {+4}
                                -0.032    -0.713    -0.923     1.211     0.325
 21      ubar      -2 [17] (32)   {-3}
                                -0.905    -2.185    -1.956     3.087     0.325
 22         u       2 [13] (33)   {+5}
                                 0.004     1.847     0.798     2.038     0.325
 23      ubar      -2 [13] (34)   {-1}
                                -0.045     0.218     0.100     0.407     0.325
 24         d       1 [15] (35)   {+2}
                                 0.647     0.107     0.034     0.733     0.325
 25      dbar      -1 [15] (36)   {-7}
                                 2.912    -0.326     0.689     3.027     0.325
 26         u       2 [16] (36)   {+7}
                                 0.563     1.089    -1.346     1.849     0.325
 27      ubar      -2 [16] (33)   {-5}
                                 0.587     0.900    -0.413     1.196     0.325
 28         s       3 [9] (34)   {+1}
                                 1.157    -0.276     1.940     2.320     0.450
 29      sbar      -3 [9] (38)   {-6}
                                 1.187    -0.593     1.968     2.416     0.450
 30         d       1 [10] (37)   {+6}
                                -2.197    -0.582     1.788     2.910     0.325
 31      dbar      -1 [10] (35)   {-2}
                                -1.202    -0.810     0.859     1.716     0.325
 32   Cluster      81 [18,21] (49,50)   
                                -1.940    -1.411    -3.858     5.409     2.935
 33   Cluster      81 [22,27] (47,48)   
                                 0.590     2.747     0.385     3.234     1.555
 34   Cluster      81 [23,28] (43,44)   
                                 1.112    -0.058     2.040     2.727     1.425
 35   Cluster      81 [24,31] (51,52)   
                                -0.555    -0.703     0.893     2.449     2.097
 36   Cluster      81 [25,26] (45,46)   
                                 3.474     0.763    -0.658     4.877     3.270
 37   Cluster      81 [19,30] (39,40)   
                                -3.837    -0.032     0.151     5.313     3.672
 38   Cluster      81 [20,29] (41,42)   
                                 1.155    -1.306     1.045     3.627     3.004
 39   Cluster      81 [37] (53,54)   
                                -2.215    -0.431     1.333     2.970     1.398
 40   Cluster      81 [37] (55,56)   
                                -1.623     0.399    -1.181     2.343     1.142
--- final:
 41       pi+     211 [38]    
                                -0.326     0.567     0.142     0.684     0.140
 42      K'*0  100313 [38] (57,58)   
                                 1.481    -1.873     0.903     2.943     1.464
 43      rho-    -213 [34] (64,65)   
                                 0.646     0.146     0.546     1.071     0.641
 44     Kbar0    -311 [34] (68)   
                                 0.466    -0.204     1.495     1.656     0.498
 45     pi_2+   10215 [36] (75,76)   
                                 3.244     0.716    -1.359     3.956     1.665
 46       eta     221 [36] (79,80)   
                                 0.230     0.047     0.701     0.920     0.548
 47       pi+     211 [33]    
                                 0.322     0.379     0.102     0.526     0.140
 48      a_1-  -20213 [33] (81,82)   
                                 0.269     2.369     0.283     2.708     1.254
 49    omega'  100223 [32] (85,86)   
                                -0.874    -0.466    -2.891     3.357     1.388
 50      a_2-    -215 [32] (95,96)   
                                -1.066    -0.945    -0.967     2.052     1.117
 51       pi-    -211 [35]    
                                -0.128     0.494    -0.091     0.537     0.140
 52      a_0+ 9000211 [35] (99,100)   
                                -0.427    -1.197     0.984     1.912     1.036
 53      rho-    -213 [39] (102,103)   
                                -1.183    -0.467     1.358     1.928     0.505
 54       pi+     211 [39]    
                                -1.031     0.036    -0.026     1.042     0.140
 55       pi+     211 [40]    
                                -0.274    -0.107    -0.406     0.520     0.140
 56      rho-    -213 [40] (106,107)   
                                -1.348     0.506    -0.776     1.823     0.805
------------------------------------------------------------------------------
     Sum of momenta:            -2e-05    -2e-05    -2e-05      27.6      27.6
------------------------------------------------------------------------------
Step 4 performed by DecayHandler
--- intermediates:
 57       K*+     323 [42] (59,60)   
                                 1.373    -1.958     0.906     2.748     1.005
 59        K0     311 [57] (61)   
                                 1.243    -1.842     0.575     2.349     0.498
 61      K_S0     310 [59] (62,63)   
                                 1.243    -1.842     0.575     2.349     0.498
 64       pi0     111 [43] (66,67)   
                                 0.562    -0.004     0.118     0.590     0.135
 68      K_S0     310 [44] (69,70)   
                                 0.466    -0.204     1.495     1.656     0.498
 69       pi0     111 [68] (71,72)   
                                -0.017    -0.150     0.347     0.402     0.135
 70       pi0     111 [68] (73,74)   
                                 0.483    -0.055     1.148     1.254     0.135
 76       f_2     225 [45] (77,78)   
                                 2.148     0.221    -0.778     2.614     1.251
 81    rho''0   30113 [48] (83,84)   
                                -0.132     0.552    -0.136     0.797     0.542
 85     omega     223 [49] (87,88)   
                                -0.262    -0.099    -1.998     2.159     0.770
 86     sigma 9000221 [49] (93,94)   
                                -0.612    -0.367    -0.893     1.197     0.356
 87      rho0     113 [85] (89,90)   
                                -0.356     0.009    -1.622     1.735     0.503
 88       pi0     111 [85] (91,92)   
                                 0.094    -0.108    -0.376     0.424     0.135
 95      rho0     113 [50] (97,98)   
                                -0.370    -0.545    -0.090     0.855     0.538
100     Kbar0    -311 [52] (101)   
                                -0.366    -0.634     0.476     1.005     0.498
102       pi0     111 [53] (104,105)   
                                -0.209    -0.114     0.521     0.588     0.135
106       pi0     111 [56] (108,109)   
                                -0.413     0.381     0.024     0.578     0.135
--- final:
 41       pi+     211 [38]    
                                -0.326     0.567     0.142     0.684     0.140
 47       pi+     211 [33]    
                                 0.322     0.379     0.102     0.526     0.140
 51       pi-    -211 [35]    
                                -0.128     0.494    -0.091     0.537     0.140
 54       pi+     211 [39]    
                                -1.031     0.036    -0.026     1.042     0.140
 55       pi+     211 [40]    
                                -0.274    -0.107    -0.406     0.520     0.140
 58       pi-    -211 [42]    
                                 0.108     0.084    -0.003     0.196     0.140
 60       pi+     211 [57]    
                                 0.130    -0.116     0.331     0.399     0.140
 62       pi+     211 [61]    
                                 0.726    -1.362     0.486     1.624     0.140
 63       pi-    -211 [61]    
                                 0.517    -0.480     0.089     0.725     0.140
 65       pi-    -211 [43]    
                                 0.085     0.150     0.427     0.481     0.140
 66     gamma      22 [64]    
                                 0.319    -0.031     0.005     0.320     0.000
 67     gamma      22 [64]    
                                 0.243     0.027     0.113     0.269     0.000
 71     gamma      22 [69]    
                                -0.013    -0.171     0.254     0.307     0.000
 72     gamma      22 [69]    
                                -0.004     0.021     0.093     0.095     0.000
 73     gamma      22 [70]    
                                 0.259    -0.069     0.756     0.803     0.000
 74     gamma      22 [70]    
                                 0.224     0.015     0.391     0.451     0.000
 75       pi+     211 [45]    
                                 1.096     0.495    -0.580     1.342     0.140
 77       pi-    -211 [76]    
                                 0.781     0.670    -0.202     1.058     0.140
 78       pi+     211 [76]    
                                 1.367    -0.449    -0.576     1.556     0.140
 79     gamma      22 [46]    
                                -0.010     0.052    -0.084     0.099     0.000
 80     gamma      22 [46]    
                                 0.240    -0.004     0.785     0.821     0.000
 82       pi-    -211 [48]    
                                 0.401     1.816     0.419     1.912     0.140
 83       pi-    -211 [81]    
                                -0.273     0.401     0.015     0.505     0.140
 84       pi+     211 [81]    
                                 0.141     0.151    -0.152     0.292     0.140
 89       pi+     211 [87]    
                                -0.253    -0.195    -0.929     0.993     0.140
 90       pi-    -211 [87]    
                                -0.103     0.204    -0.692     0.742     0.140
 91     gamma      22 [88]    
                                -0.018    -0.003     0.000     0.018     0.000
 92     gamma      22 [88]    
                                 0.112    -0.105    -0.376     0.406     0.000
 93       pi+     211 [86]    
                                -0.473    -0.180    -0.563     0.770     0.140
 94       pi-    -211 [86]    
                                -0.139    -0.187    -0.330     0.428     0.140
 96       pi-    -211 [50]    
                                -0.696    -0.401    -0.877     1.197     0.140
 97       pi+     211 [95]    
                                 0.060    -0.132    -0.134     0.241     0.140
 98       pi-    -211 [95]    
                                -0.429    -0.413     0.044     0.614     0.140
 99        K+     321 [52]    
                                -0.060    -0.563     0.508     0.907     0.494
101      K_L0     130 [100]    
                                -0.366    -0.634     0.476     1.005     0.498
103       pi-    -211 [53]    
                                -0.975    -0.353     0.837     1.340     0.140
104     gamma      22 [102]    
                                -0.177    -0.142     0.471     0.523     0.000
105     gamma      22 [102]    
                                -0.032     0.028     0.050     0.066     0.000
107       pi-    -211 [56]    
                                -0.935     0.125    -0.799     1.245     0.140
108     gamma      22 [106]    
                                -0.044     0.087     0.042     0.106     0.000
109     gamma      22 [106]    
                                -0.369     0.295    -0.019     0.472     0.000
------------------------------------------------------------------------------
     Sum of momenta:            -2e-05    -2e-05    -2e-05      27.6      27.6

The following exception classes were reported in this run:
ThePEG::EventHandler::ConsistencyException warning (1 times)
ThePEG::LesHouchesReader::LesHouchesReopenWarning warning (1 times)
