>>>>>>>>>>>>>>>>>>>>>>>>>>>>>>>>>>>>>>>>>>>>>>>>>>>>>>>>>>>>>>>>>>>>>>>>>>>>>>
>>>> Toolkit for HEP Event Generation - ThePEG 2.2.0 <<<<<<<<<<<<<<<<<<<<<<<<<
>>>> Tue Jun 30 00:44:43 2020                                             <<<<
<<<<<<<<<<<<<<<<<<<<<<<<<<<<<<<<<<<<<<<<<<<<<<<<<<<<<<<<<<<<<<<<<<<<<<<<<<<<<<

>> Herwig 7.2.0 / ThePEG 2.2.0

/Herwig/EventHandlers/NoCuts:
MHat  = 2 .. 17.6545 GeV
Scale = 0 .. 1e+12 GeV2
YHat  = -100 .. 100
X1    = 0 .. 1
X2    = 0 .. 1

* A warning exception of type ThePEG::LesHouchesReader::LesHouchesReopenWarning occurred while generating event number 1: 
Reopening LesHouchesReader 'myReader' after accessing 2 events out of 1
* A warning exception of type ThePEG::EventHandler::ConsistencyException occurred while generating event number 1: 
Event handler 'myLesHouchesHandler' found energy-momentum non-conservation by (-1e-05,-2e-05,-1e-05;1.99994e-05) GeV after generating step number 4.

******************************************************************************
Event number 1 (id: ./OUTPUT/0.95MB1.05/1514657236/TMP/Cluster_HERWIGOutput_36) performed by myLesHouchesHandler
Weight: 1
==============================================================================

--- Colliding particles:
  1        e-      11  (3)   
                                 4.414     0.000    -0.000     4.414     0.000
  2        e+     -11  (3)   
                                -4.414     0.000     0.000     4.414     0.000
------------------------------------------------------------------------------
Primary sub-process performed by myReader
--- incoming:
  1        e-      11  (3)   
                                 4.414     0.000    -0.000     4.414     0.000
  2        e+     -11  (3)   
                                -4.414     0.000     0.000     4.414     0.000
--- intermediates:
  3     gamma      22 [1,2] (4..7)   
                                 0.000     0.000    -0.000     8.827     8.827
--- outgoing:
  4         g      21 [3] (8)  5>>5 {+1,-2}
                                -0.680     0.916     0.368     1.199     0.000
  5         g      21 [3] (9)  4>>4 {+2,-1}
                                -0.734    -2.689    -1.696     3.263     0.000
  6         g      21 [3] (10)  7>>7 {+3,-4}
                                 2.572     1.452     0.871     3.080     0.000
  7         g      21 [3] (11)  6>>6 {+4,-3}
                                -1.158     0.321     0.457     1.286     0.000
------------------------------------------------------------------------------
Step 1 performed by myLesHouchesHandler
--- intermediates:
  1        e-      11  (3)   
                                 4.414     0.000    -0.000     4.414     0.000
  2        e+     -11  (3)   
                                -4.414     0.000     0.000     4.414     0.000
  3     gamma      22 [1,2] (4..7)   
                                 0.000     0.000    -0.000     8.827     8.827
--- final:
  4         g      21 [3] (8)  5>>5 {+1,-2}
                                -0.680     0.916     0.368     1.199     0.000
  5         g      21 [3] (9)  4>>4 {+2,-1}
                                -0.734    -2.689    -1.696     3.263     0.000
  6         g      21 [3] (10)  7>>7 {+3,-4}
                                 2.572     1.452     0.871     3.080     0.000
  7         g      21 [3] (11)  6>>6 {+4,-3}
                                -1.158     0.321     0.457     1.286     0.000
------------------------------------------------------------------------------
     Sum of momenta:            -2e-05    -2e-05    -1e-05      8.83      8.83
------------------------------------------------------------------------------
Step 2 performed by ShowerHandler
--- final:
  8         g      21 [4] (12,13)  9>>9 {+1,-2}
                                -0.602     0.810     0.325     1.424     0.950
  9         g      21 [5] (14,15)  8>>8 {+2,-1}
                                -0.649    -2.378    -1.500     3.038     0.950
 10         g      21 [6] (16,17)  11>>11 {+3,-4}
                                 2.275     1.284     0.770     2.884     0.950
 11         g      21 [7] (18,19)  10>>10 {+4,-3}
                                -1.024     0.284     0.404     1.482     0.950
------------------------------------------------------------------------------
     Sum of momenta:            -2e-05    -2e-05    -1e-05      8.83      8.83
------------------------------------------------------------------------------
Step 3 performed by ClusterHadHandler
--- intermediates:
 12         d       1 [8] (20)   {+1}
                                -0.314     0.065     0.326     0.561     0.325
 13      dbar      -1 [8] (21)   {-2}
                                -0.287     0.746    -0.001     0.863     0.325
 14         d       1 [9] (21)   {+2}
                                -0.645    -2.067    -1.290     2.542     0.325
 15      dbar      -1 [9] (20)   {-1}
                                -0.004    -0.311    -0.209     0.496     0.325
 16         s       3 [10] (22)   {+3}
                                 0.834     0.575     0.237     1.134     0.450
 17      sbar      -3 [10] (23)   {-4}
                                 1.440     0.709     0.533     1.750     0.450
 18         d       1 [11] (23)   {+4}
                                -0.404     0.039    -0.166     0.546     0.325
 19      dbar      -1 [11] (22)   {-3}
                                -0.620     0.245     0.571     0.936     0.325
 20   Cluster      81 [12,15] (24,25)   
                                -0.318    -0.246     0.116     1.057     0.971
 21   Cluster      81 [13,14] (26,27)   
                                -0.933    -1.321    -1.291     3.404     2.703
 22   Cluster      81 [16,19] (30,31)   
                                 0.214     0.820     0.808     2.070     1.707
 23   Cluster      81 [17,18] (28,29)   
                                 1.037     0.748     0.367     2.296     1.872
--- final:
 24       pi0     111 [20] (32,33)   
                                -0.093    -0.158     0.171     0.285     0.135
 25      rho0     113 [20] (34,35)   
                                -0.226    -0.088    -0.055     0.772     0.731
 26   K'*bar0 -100313 [21] (36,37)   
                                -0.794    -1.612    -1.384     2.474     0.987
 27       K*0     313 [21] (45,46)   
                                -0.139     0.291     0.093     0.931     0.868
 28      K_10   10313 [23] (47,48)   
                                 0.188     0.279     0.280     1.313     1.238
 29       pi0     111 [23] (53,54)   
                                 0.849     0.469     0.086     0.983     0.135
 30     Kbar0    -311 [22] (55)   
                                 0.169     0.566     1.292     1.505     0.498
 31       pi0     111 [22] (58,59)   
                                 0.045     0.254    -0.484     0.565     0.135
------------------------------------------------------------------------------
     Sum of momenta:            -2e-05    -2e-05    -1e-05      8.83      8.83
------------------------------------------------------------------------------
Step 4 performed by DecayHandler
--- intermediates:
 36    K*bar0    -313 [26] (38,39)   
                                -0.363    -0.831    -0.870     1.435     0.693
 37       pi0     111 [26] (43,44)   
                                -0.431    -0.781    -0.514     1.038     0.135
 38     Kbar0    -311 [36] (40)   
                                -0.315    -0.641    -0.527     1.018     0.498
 39       pi0     111 [36] (41,42)   
                                -0.048    -0.189    -0.344     0.418     0.135
 47      rho-    -213 [28] (49,50)   
                                 0.132     0.147     0.069     0.757     0.728
 49       pi0     111 [47] (51,52)   
                                -0.242     0.211     0.063     0.354     0.135
 55      K_S0     310 [30] (56,57)   
                                 0.169     0.566     1.292     1.505     0.498
--- final:
 32     gamma      22 [24]    
                                -0.035    -0.076     0.164     0.185     0.000
 33     gamma      22 [24]    
                                -0.058    -0.082     0.007     0.100     0.000
 34       pi+     211 [25]    
                                 0.095    -0.064    -0.296     0.347     0.140
 35       pi-    -211 [25]    
                                -0.321    -0.024     0.241     0.426     0.140
 40      K_L0     130 [38]    
                                -0.315    -0.641    -0.527     1.018     0.498
 41     gamma      22 [39]    
                                -0.023     0.013    -0.013     0.029     0.000
 42     gamma      22 [39]    
                                -0.025    -0.202    -0.331     0.389     0.000
 43     gamma      22 [37]    
                                -0.141    -0.204    -0.081     0.260     0.000
 44     gamma      22 [37]    
                                -0.290    -0.578    -0.433     0.778     0.000
 45        K+     321 [27]    
                                -0.335     0.083     0.011     0.603     0.494
 46       pi-    -211 [27]    
                                 0.196     0.207     0.082     0.328     0.140
 48        K+     321 [28]    
                                 0.057     0.132     0.211     0.556     0.494
 50       pi-    -211 [47]    
                                 0.373    -0.064     0.006     0.404     0.140
 51     gamma      22 [49]    
                                -0.082     0.025    -0.031     0.091     0.000
 52     gamma      22 [49]    
                                -0.160     0.186     0.094     0.263     0.000
 53     gamma      22 [29]    
                                 0.424     0.305     0.073     0.527     0.000
 54     gamma      22 [29]    
                                 0.425     0.164     0.013     0.456     0.000
 56       pi+     211 [55]    
                                -0.094     0.133     0.596     0.633     0.140
 57       pi-    -211 [55]    
                                 0.262     0.433     0.696     0.872     0.140
 58     gamma      22 [31]    
                                 0.010     0.226    -0.462     0.515     0.000
 59     gamma      22 [31]    
                                 0.035     0.028    -0.022     0.050     0.000
------------------------------------------------------------------------------
     Sum of momenta:            -2e-05    -2e-05    -1e-05      8.83      8.83

The following exception classes were reported in this run:
ThePEG::EventHandler::ConsistencyException warning (1 times)
ThePEG::LesHouchesReader::LesHouchesReopenWarning warning (1 times)
