>>>>>>>>>>>>>>>>>>>>>>>>>>>>>>>>>>>>>>>>>>>>>>>>>>>>>>>>>>>>>>>>>>>>>>>>>>>>>>
>>>> Toolkit for HEP Event Generation - ThePEG 2.2.0 <<<<<<<<<<<<<<<<<<<<<<<<<
>>>> Tue Jun 30 00:52:58 2020                                             <<<<
<<<<<<<<<<<<<<<<<<<<<<<<<<<<<<<<<<<<<<<<<<<<<<<<<<<<<<<<<<<<<<<<<<<<<<<<<<<<<<

>> Herwig 7.2.0 / ThePEG 2.2.0

/Herwig/EventHandlers/NoCuts:
MHat  = 2 .. 20.3786 GeV
Scale = 0 .. 1e+12 GeV2
YHat  = -100 .. 100
X1    = 0 .. 1
X2    = 0 .. 1

* A warning exception of type ThePEG::LesHouchesReader::LesHouchesReopenWarning occurred while generating event number 1: 
Reopening LesHouchesReader 'myReader' after accessing 2 events out of 1
* A warning exception of type ThePEG::EventHandler::ConsistencyException occurred while generating event number 1: 
Event handler 'myLesHouchesHandler' found energy-momentum non-conservation by (-2e-05,-3e-05,-2e-05;-7.80024e-10) GeV after generating step number 4.

******************************************************************************
Event number 1 (id: ./OUTPUT/0.95MB1.05/1513331030/TMP/Cluster_HERWIGOutput_31) performed by myLesHouchesHandler
Weight: 1
==============================================================================

--- Colliding particles:
  1        e-      11  (3)   
                                 5.095     0.000    -0.000     5.095     0.000
  2        e+     -11  (3)   
                                -5.095     0.000     0.000     5.095     0.000
------------------------------------------------------------------------------
Primary sub-process performed by myReader
--- incoming:
  1        e-      11  (3)   
                                 5.095     0.000    -0.000     5.095     0.000
  2        e+     -11  (3)   
                                -5.095     0.000     0.000     5.095     0.000
--- intermediates:
  3     gamma      22 [1,2] (4..8)   
                                -0.000     0.000    -0.000    10.189    10.189
--- outgoing:
  4         g      21 [3] (9)  8>>8 {+1,-2}
                                -0.218    -1.791    -1.924     2.637     0.000
  5         g      21 [3] (12)  6>>7 {+3,-4}
                                 1.024     0.537     0.037     1.157     0.000
  6         g      21 [3] (13)  7>>5 {+4,-5}
                                 0.001    -0.567     0.341     0.662     0.000
  7         g      21 [3] (14)  5>>6 {+5,-3}
                                 1.938    -0.068    -0.236     1.954     0.000
  8         g      21 [3] (15)  4>>4 {+2,-1}
                                -2.746     1.889     1.781     3.779     0.000
------------------------------------------------------------------------------
Step 1 performed by myLesHouchesHandler
--- intermediates:
  1        e-      11  (3)   
                                 5.095     0.000    -0.000     5.095     0.000
  2        e+     -11  (3)   
                                -5.095     0.000     0.000     5.095     0.000
  3     gamma      22 [1,2] (4..8)   
                                -0.000     0.000    -0.000    10.189    10.189
--- final:
  4         g      21 [3] (9)  8>>8 {+1,-2}
                                -0.218    -1.791    -1.924     2.637     0.000
  5         g      21 [3] (12)  6>>7 {+3,-4}
                                 1.024     0.537     0.037     1.157     0.000
  6         g      21 [3] (13)  7>>5 {+4,-5}
                                 0.001    -0.567     0.341     0.662     0.000
  7         g      21 [3] (14)  5>>6 {+5,-3}
                                 1.938    -0.068    -0.236     1.954     0.000
  8         g      21 [3] (15)  4>>4 {+2,-1}
                                -2.746     1.889     1.781     3.779     0.000
------------------------------------------------------------------------------
     Sum of momenta:            -3e-05    -3e-05    -2e-05      10.2      10.2
------------------------------------------------------------------------------
Step 2 performed by ShowerHandler
--- intermediates:
  9         g      21 [4] (10,11)   {+1,-2}
                                -0.149    -1.228    -1.319     3.496     2.991
--- final:
 10         g      21 [9] (24,25)  15>>11 {+6,-2}
                                -0.680    -1.221     0.116     1.694     0.950
 11         g      21 [9] (26,27)  10>>15 {+1,-6}
                                 0.531    -0.007    -1.436     1.802     0.950
 12         g      21 [5] (16,17)  13>>14 {+3,-4}
                                 0.702     0.368     0.026     1.238     0.950
 13         g      21 [6] (18,19)  14>>12 {+4,-5}
                                 0.001    -0.389     0.234     1.053     0.950
 14         g      21 [7] (20,21)  12>>13 {+5,-3}
                                 1.329    -0.047    -0.162     1.643     0.950
 15         g      21 [8] (22,23)  11>>10 {+2,-1}
                                -1.883     1.296     1.221     2.760     0.950
------------------------------------------------------------------------------
     Sum of momenta:            -3e-05    -3e-05    -2e-05      10.2      10.2
------------------------------------------------------------------------------
Step 3 performed by ClusterHadHandler
--- intermediates:
 16         u       2 [12] (31)   {+3}
                                 0.002     0.083    -0.192     0.386     0.325
 17      ubar      -2 [12] (28)   {-4}
                                 0.701     0.285     0.217     0.851     0.325
 18         u       2 [13] (28)   {+4}
                                 0.283    -0.296     0.306     0.606     0.325
 19      ubar      -2 [13] (32)   {-5}
                                -0.283    -0.093    -0.072     0.447     0.325
 20         u       2 [14] (31)   {+5}
                                 0.958    -0.321    -0.187     1.078     0.325
 21      ubar      -2 [14] (32)   {-3}
                                 0.371     0.274     0.025     0.565     0.325
 22         u       2 [15] (29)   {+2}
                                -1.509     0.686     0.803     1.870     0.325
 23      ubar      -2 [15] (32)   {-1}
                                -0.375     0.610     0.418     0.890     0.325
 24         d       1 [10] (30)   {+6}
                                -0.078    -0.318     0.294     0.547     0.325
 25      dbar      -1 [10] (29)   {-2}
                                -0.602    -0.903    -0.178     1.147     0.325
 26         s       3 [11] (31)   {+1}
                                 0.264    -0.002    -0.969     1.100     0.450
 27      sbar      -3 [11] (30)   {-6}
                                 0.267    -0.005    -0.467     0.701     0.450
 28   Cluster      81 [17,18] (39,40)   
                                 0.984    -0.011     0.524     1.458     0.939
 29   Cluster      81 [22,25] (35,36)   
                                -2.111    -0.217     0.626     3.017     2.052
 30   Cluster      81 [24,27] (37,38)   
                                 0.189    -0.323    -0.173     1.248     1.178
 31   Cluster      81 [16,20,26] (33)   
                                 1.224    -0.240    -1.347     2.564     1.790
 32   Cluster      81 [19,21,23] (34)   
                                -0.286     0.791     0.370     1.902     1.665
 33   Cluster      81 [31] (41,42)   
                                 1.224    -0.240    -1.347     2.564     1.790
 34   Cluster      81 [32] (43,44)   
                                -0.286     0.791     0.370     1.902     1.665
--- final:
 35       K*+     323 [29] (45,46)   
                                -1.319    -0.264     0.822     1.788     0.845
 36    K*bar0    -313 [29] (49,50)   
                                -0.792     0.047    -0.196     1.229     0.917
 37       pi-    -211 [30]    
                                 0.128    -0.197    -0.064     0.280     0.140
 38       K*+     323 [30] (51,52)   
                                 0.061    -0.126    -0.109     0.968     0.951
 39       pi-    -211 [28]    
                                 0.105    -0.362     0.189     0.444     0.140
 40       pi+     211 [28]    
                                 0.879     0.351     0.335     1.014     0.140
 41       pi+     211 [33]    
                                 0.093    -0.010    -0.799     0.816     0.140
 42    Sigma0    3212 [33] (55,56)   
                                 1.131    -0.230    -0.548     1.748     1.193
 43       pi-    -211 [34]    
                                 0.020    -0.276     0.323     0.448     0.140
 44     pbar-   -2212 [34]    
                                -0.306     1.067     0.047     1.454     0.938
------------------------------------------------------------------------------
     Sum of momenta:            -3e-05    -3e-05    -2e-05      10.2      10.2
------------------------------------------------------------------------------
Step 4 performed by DecayHandler
--- intermediates:
 46       pi0     111 [35] (47,48)   
                                -0.659     0.095     0.454     0.817     0.135
 52       pi0     111 [38] (53,54)   
                                 0.340    -0.122     0.020     0.386     0.135
 55   Lambda0    3122 [42] (57,58)   
                                 1.117    -0.179    -0.476     1.659     1.116
--- final:
 37       pi-    -211 [30]    
                                 0.128    -0.197    -0.064     0.280     0.140
 39       pi-    -211 [28]    
                                 0.105    -0.362     0.189     0.444     0.140
 40       pi+     211 [28]    
                                 0.879     0.351     0.335     1.014     0.140
 41       pi+     211 [33]    
                                 0.093    -0.010    -0.799     0.816     0.140
 43       pi-    -211 [34]    
                                 0.020    -0.276     0.323     0.448     0.140
 44     pbar-   -2212 [34]    
                                -0.306     1.067     0.047     1.454     0.938
 45        K+     321 [35]    
                                -0.660    -0.360     0.368     0.972     0.494
 47     gamma      22 [46]    
                                -0.593     0.058     0.359     0.696     0.000
 48     gamma      22 [46]    
                                -0.066     0.037     0.095     0.121     0.000
 49        K-    -321 [36]    
                                -0.539    -0.091    -0.410     0.843     0.494
 50       pi+     211 [36]    
                                -0.253     0.138     0.214     0.385     0.140
 51        K+     321 [38]    
                                -0.279    -0.005    -0.130     0.582     0.494
 53     gamma      22 [52]    
                                 0.133    -0.097     0.058     0.175     0.000
 54     gamma      22 [52]    
                                 0.207    -0.025    -0.038     0.212     0.000
 56     gamma      22 [42]    
                                 0.014    -0.051    -0.072     0.089     0.000
 57        p+    2212 [55]    
                                 0.998    -0.243    -0.454     1.463     0.938
 58       pi-    -211 [55]    
                                 0.120     0.064    -0.022     0.196     0.140
------------------------------------------------------------------------------
     Sum of momenta:            -3e-05    -3e-05    -2e-05      10.2      10.2

The following exception classes were reported in this run:
ThePEG::EventHandler::ConsistencyException warning (1 times)
ThePEG::LesHouchesReader::LesHouchesReopenWarning warning (1 times)
