>>>>>>>>>>>>>>>>>>>>>>>>>>>>>>>>>>>>>>>>>>>>>>>>>>>>>>>>>>>>>>>>>>>>>>>>>>>>>>
>>>> Toolkit for HEP Event Generation - ThePEG 2.2.0 <<<<<<<<<<<<<<<<<<<<<<<<<
>>>> Tue Jun 30 00:36:46 2020                                             <<<<
<<<<<<<<<<<<<<<<<<<<<<<<<<<<<<<<<<<<<<<<<<<<<<<<<<<<<<<<<<<<<<<<<<<<<<<<<<<<<<

>> Herwig 7.2.0 / ThePEG 2.2.0

/Herwig/EventHandlers/NoCuts:
MHat  = 2 .. 42.4071 GeV
Scale = 0 .. 1e+12 GeV2
YHat  = -100 .. 100
X1    = 0 .. 1
X2    = 0 .. 1

* A warning exception of type ThePEG::LesHouchesReader::LesHouchesReopenWarning occurred while generating event number 1: 
Reopening LesHouchesReader 'myReader' after accessing 2 events out of 1
* A warning exception of type ThePEG::EventHandler::ConsistencyException occurred while generating event number 1: 
Event handler 'myLesHouchesHandler' found energy-momentum non-conservation by (-1e-05,-3e-05,-2e-05;1.9999e-05) GeV after generating step number 4.

******************************************************************************
Event number 1 (id: ./OUTPUT/0.95MB1.05/1511437604/TMP/Cluster_HERWIGOutput_8) performed by myLesHouchesHandler
Weight: 1
==============================================================================

--- Colliding particles:
  1        e-      11  (3)   
                                10.602     0.000     0.000    10.602     0.000
  2        e+     -11  (3)   
                               -10.602     0.000     0.000    10.602     0.000
------------------------------------------------------------------------------
Primary sub-process performed by myReader
--- incoming:
  1        e-      11  (3)   
                                10.602     0.000     0.000    10.602     0.000
  2        e+     -11  (3)   
                               -10.602     0.000     0.000    10.602     0.000
--- intermediates:
  3     gamma      22 [1,2] (4..8)   
                                 0.000     0.000     0.000    21.204    21.204
--- outgoing:
  4         g      21 [3] (9)  5>>6 {+1,-2}
                                 6.078     3.912     5.493     9.079     0.000
  5         g      21 [3] (12)  7>>4 {+2,-3}
                                -3.469    -2.086    -3.828     5.571     0.000
  6         g      21 [3] (13)  4>>8 {+4,-1}
                                -2.479     0.500     0.280     2.545     0.000
  7         g      21 [3] (14)  8>>5 {+3,-5}
                                 0.895     0.064    -0.375     0.972     0.000
  8         g      21 [3] (15)  6>>7 {+5,-4}
                                -1.025    -2.390    -1.570     3.037     0.000
------------------------------------------------------------------------------
Step 1 performed by myLesHouchesHandler
--- intermediates:
  1        e-      11  (3)   
                                10.602     0.000     0.000    10.602     0.000
  2        e+     -11  (3)   
                               -10.602     0.000     0.000    10.602     0.000
  3     gamma      22 [1,2] (4..8)   
                                 0.000     0.000     0.000    21.204    21.204
--- final:
  4         g      21 [3] (9)  5>>6 {+1,-2}
                                 6.078     3.912     5.493     9.079     0.000
  5         g      21 [3] (12)  7>>4 {+2,-3}
                                -3.469    -2.086    -3.828     5.571     0.000
  6         g      21 [3] (13)  4>>8 {+4,-1}
                                -2.479     0.500     0.280     2.545     0.000
  7         g      21 [3] (14)  8>>5 {+3,-5}
                                 0.895     0.064    -0.375     0.972     0.000
  8         g      21 [3] (15)  6>>7 {+5,-4}
                                -1.025    -2.390    -1.570     3.037     0.000
------------------------------------------------------------------------------
     Sum of momenta:            -2e-05    -3e-05    -2e-05      21.2      21.2
------------------------------------------------------------------------------
Step 2 performed by ShowerHandler
--- intermediates:
  9         g      21 [4] (10,11)   {+1,-2}
                                 5.592     3.599     5.053     9.208     3.878
--- final:
 10         g      21 [9] (24,25)  12>>11 {+6,-2}
                                 0.768     1.972     2.581     3.470     0.950
 11         g      21 [9] (26,27)  10>>13 {+1,-6}
                                 4.823     1.628     2.473     5.739     0.950
 12         g      21 [5] (16,17)  14>>10 {+2,-3}
                                -3.191    -1.919    -3.521     5.212     0.950
 13         g      21 [6] (18,19)  11>>15 {+4,-1}
                                -2.281     0.460     0.257     2.526     0.950
 14         g      21 [7] (20,21)  15>>12 {+3,-5}
                                 0.823     0.058    -0.345     1.305     0.950
 15         g      21 [8] (22,23)  13>>14 {+5,-4}
                                -0.943    -2.198    -1.445     2.951     0.950
------------------------------------------------------------------------------
     Sum of momenta:            -2e-05    -3e-05    -2e-05      21.2      21.2
------------------------------------------------------------------------------
Step 3 performed by ClusterHadHandler
--- intermediates:
 16         u       2 [12] (28)   {+2}
                                -2.554    -1.313    -2.451     3.789     0.325
 17      ubar      -2 [12] (29)   {-3}
                                -0.637    -0.606    -1.071     1.423     0.325
 18         d       1 [13] (30)   {+4}
                                -1.704     0.293    -0.088     1.761     0.325
 19      dbar      -1 [13] (33)   {-1}
                                -0.577     0.167     0.345     0.765     0.325
 20         d       1 [14] (29)   {+3}
                                 0.339    -0.153    -0.459     0.674     0.325
 21      dbar      -1 [14] (32)   {-5}
                                 0.484     0.211     0.114     0.630     0.325
 22         s       3 [15] (33)   {+5}
                                -0.392    -1.263    -0.730     1.576     0.450
 23      sbar      -3 [15] (30)   {-4}
                                -0.551    -0.935    -0.715     1.375     0.450
 24         u       2 [10] (31)   {+6}
                                 0.110     1.181     1.540     1.971     0.325
 25      ubar      -2 [10] (28)   {-2}
                                 0.658     0.791     1.041     1.499     0.325
 26         u       2 [11] (32)   {+1}
                                 2.674     0.856     1.737     3.317     0.325
 27      ubar      -2 [11] (31)   {-6}
                                 2.149     0.771     0.736     2.421     0.325
 28   Cluster      81 [16,25] (34,35)   
                                -1.896    -0.522    -1.410     5.288     4.702
 29   Cluster      81 [17,20] (42,43)   
                                -0.298    -0.759    -1.530     2.098     1.181
 30   Cluster      81 [18,23] (46,47)   
                                -2.254    -0.642    -0.802     3.136     1.923
 31   Cluster      81 [24,27] (38,39)   
                                 2.259     1.952     2.276     4.392     2.279
 32   Cluster      81 [21,26] (44,45)   
                                 3.158     1.067     1.851     3.948     1.024
 33   Cluster      81 [19,22] (40,41)   
                                -0.969    -1.097    -0.385     2.342     1.787
 34   Cluster      81 [28] (36,37)   
                                -1.713    -0.531    -1.328     4.452     3.852
 35   Cluster      81 [28] (48,49)   
                                -0.182     0.009    -0.082     0.836     0.811
 36   Cluster      81 [34] (50,51)   
                                -1.194    -0.577    -1.113     1.994     0.991
 37   Cluster      81 [34] (52,53)   
                                -0.519     0.046    -0.216     2.458     2.392
--- final:
 38       pi0     111 [31] (54..56)   
                                 0.571    -0.261     0.688     0.940     0.135
 39       h_1   10223 [31] (57,58)   
                                 1.689     2.213     1.589     3.452     1.281
 40       K*-    -323 [33] (63,64)   
                                -0.726    -0.873    -0.047     1.421     0.854
 41      rho+     213 [33] (67,68)   
                                -0.243    -0.224    -0.338     0.920     0.790
 42      rho-    -213 [29] (71,72)   
                                 0.056    -0.425    -1.216     1.503     0.773
 43       pi0     111 [29] (75,76)   
                                -0.353    -0.335    -0.314     0.594     0.135
 44       pi+     211 [32]    
                                 0.948     0.816     0.655     1.419     0.140
 45       pi0     111 [32] (77,78)   
                                 2.210     0.251     1.195     2.529     0.135
 46       pi-    -211 [30]    
                                -0.118     0.065     0.177     0.263     0.140
 47     K*_2+     325 [30] (79,80)   
                                -2.136    -0.707    -0.980     2.874     1.495
 48       pi-    -211 [35]    
                                -0.481     0.023    -0.036     0.503     0.140
 49       pi+     211 [35]    
                                 0.299    -0.014    -0.046     0.333     0.140
 50       pi+     211 [36]    
                                -0.267    -0.157    -0.131     0.364     0.140
 51      rho-    -213 [36] (82,83)   
                                -0.927    -0.420    -0.982     1.630     0.812
 52      rho-    -213 [37] (86,87)   
                                -0.177    -0.559    -0.405     1.037     0.753
 53      a_2+     215 [37] (90,91)   
                                -0.343     0.605     0.190     1.421     1.225
------------------------------------------------------------------------------
     Sum of momenta:            -2e-05    -3e-05    -2e-05      21.2      21.2
------------------------------------------------------------------------------
Step 4 performed by DecayHandler
--- intermediates:
 57      rho+     213 [39] (59,60)   
                                 1.773     2.195     1.384     3.189     0.542
 59       pi0     111 [57] (61,62)   
                                 0.845     0.790     0.747     1.384     0.135
 64       pi0     111 [40] (65,66)   
                                -0.067     0.069     0.028     0.168     0.135
 67       pi0     111 [41] (69,70)   
                                -0.445    -0.039    -0.005     0.467     0.135
 71       pi0     111 [42] (73,74)   
                                -0.114    -0.432    -0.285     0.547     0.135
 79        K0     311 [47] (81)   
                                -0.575    -0.048     0.220     0.793     0.498
 82       pi0     111 [51] (84,85)   
                                -0.996    -0.481    -0.940     1.458     0.135
 86       pi0     111 [52] (88,89)   
                                -0.216     0.071    -0.266     0.375     0.135
 90     omega     223 [53] (92,93)   
                                -0.246     0.505     0.129     0.980     0.793
 91      rho+     213 [53] (98,99)   
                                -0.097     0.099     0.061     0.441     0.414
 92      rho0     113 [90] (94,95)   
                                -0.209     0.485     0.048     0.817     0.622
 93       pi0     111 [90] (96,97)   
                                -0.037     0.020     0.081     0.163     0.135
 98       pi0     111 [91] (100,101)   
                                 0.051    -0.080     0.029     0.168     0.135
--- final:
 44       pi+     211 [32]    
                                 0.948     0.816     0.655     1.419     0.140
 46       pi-    -211 [30]    
                                -0.118     0.065     0.177     0.263     0.140
 48       pi-    -211 [35]    
                                -0.481     0.023    -0.036     0.503     0.140
 49       pi+     211 [35]    
                                 0.299    -0.014    -0.046     0.333     0.140
 50       pi+     211 [36]    
                                -0.267    -0.157    -0.131     0.364     0.140
 54     gamma      22 [38]    
                                 0.418    -0.195     0.579     0.740     0.000
 55        e-      11 [38]    
                                 0.119    -0.061     0.091     0.162     0.001
 56        e+     -11 [38]    
                                 0.034    -0.004     0.017     0.038     0.001
 58       pi-    -211 [39]    
                                -0.085     0.018     0.205     0.262     0.140
 60       pi+     211 [57]    
                                 0.928     1.405     0.638     1.806     0.140
 61     gamma      22 [59]    
                                 0.366     0.420     0.314     0.639     0.000
 62     gamma      22 [59]    
                                 0.479     0.370     0.433     0.744     0.000
 63        K-    -321 [40]    
                                -0.659    -0.942    -0.075     1.253     0.494
 65     gamma      22 [64]    
                                 0.029     0.053     0.037     0.071     0.000
 66     gamma      22 [64]    
                                -0.096     0.016    -0.008     0.097     0.000
 68       pi+     211 [41]    
                                 0.202    -0.185    -0.333     0.453     0.140
 69     gamma      22 [67]    
                                -0.020     0.029    -0.006     0.036     0.000
 70     gamma      22 [67]    
                                -0.426    -0.068     0.001     0.431     0.000
 72       pi-    -211 [42]    
                                 0.169     0.007    -0.931     0.956     0.140
 73     gamma      22 [71]    
                                -0.124    -0.361    -0.186     0.424     0.000
 74     gamma      22 [71]    
                                 0.010    -0.071    -0.099     0.123     0.000
 75     gamma      22 [43]    
                                -0.188    -0.255    -0.158     0.354     0.000
 76     gamma      22 [43]    
                                -0.166    -0.080    -0.155     0.241     0.000
 77     gamma      22 [45]    
                                 2.170     0.248     1.150     2.468     0.000
 78     gamma      22 [45]    
                                 0.040     0.003     0.045     0.060     0.000
 80       pi+     211 [47]    
                                -1.562    -0.659    -1.199     2.081     0.140
 81      K_L0     130 [79]    
                                -0.575    -0.048     0.220     0.793     0.498
 83       pi-    -211 [51]    
                                 0.069     0.061    -0.042     0.173     0.140
 84     gamma      22 [82]    
                                -0.468    -0.286    -0.411     0.686     0.000
 85     gamma      22 [82]    
                                -0.527    -0.195    -0.529     0.772     0.000
 87       pi-    -211 [52]    
                                 0.040    -0.631    -0.140     0.662     0.140
 88     gamma      22 [86]    
                                -0.171     0.059    -0.273     0.327     0.000
 89     gamma      22 [86]    
                                -0.046     0.012     0.007     0.048     0.000
 94       pi+     211 [92]    
                                 0.092     0.126     0.216     0.300     0.140
 95       pi-    -211 [92]    
                                -0.301     0.360    -0.168     0.517     0.140
 96     gamma      22 [93]    
                                 0.021    -0.029    -0.016     0.039     0.000
 97     gamma      22 [93]    
                                -0.058     0.049     0.097     0.123     0.000
 99       pi+     211 [91]    
                                -0.148     0.179     0.032     0.273     0.140
100     gamma      22 [98]    
                                 0.031    -0.117     0.008     0.121     0.000
101     gamma      22 [98]    
                                 0.020     0.036     0.021     0.047     0.000
------------------------------------------------------------------------------
     Sum of momenta:            -2e-05    -3e-05    -2e-05      21.2      21.2

The following exception classes were reported in this run:
ThePEG::EventHandler::ConsistencyException warning (1 times)
ThePEG::LesHouchesReader::LesHouchesReopenWarning warning (1 times)
