>>>>>>>>>>>>>>>>>>>>>>>>>>>>>>>>>>>>>>>>>>>>>>>>>>>>>>>>>>>>>>>>>>>>>>>>>>>>>>
>>>> Toolkit for HEP Event Generation - ThePEG 2.2.0 <<<<<<<<<<<<<<<<<<<<<<<<<
>>>> Tue Jun 30 00:33:22 2020                                             <<<<
<<<<<<<<<<<<<<<<<<<<<<<<<<<<<<<<<<<<<<<<<<<<<<<<<<<<<<<<<<<<<<<<<<<<<<<<<<<<<<

>> Herwig 7.2.0 / ThePEG 2.2.0

/Herwig/EventHandlers/NoCuts:
MHat  = 2 .. 31.8383 GeV
Scale = 0 .. 1e+12 GeV2
YHat  = -100 .. 100
X1    = 0 .. 1
X2    = 0 .. 1

* A warning exception of type ThePEG::LesHouchesReader::LesHouchesReopenWarning occurred while generating event number 1: 
Reopening LesHouchesReader 'myReader' after accessing 2 events out of 1
* A warning exception of type ThePEG::EventHandler::ConsistencyException occurred while generating event number 1: 
Event handler 'myLesHouchesHandler' found energy-momentum non-conservation by (-2e-05,-2e-05,-2e-05;1.99998e-05) GeV after generating step number 4.

******************************************************************************
Event number 1 (id: ./OUTPUT/0.95MB1.05/1512769616/TMP/Cluster_HERWIGOutput_22) performed by myLesHouchesHandler
Weight: 1
==============================================================================

--- Colliding particles:
  1        e-      11  (3)   
                                 7.960     0.000     0.000     7.960     0.000
  2        e+     -11  (3)   
                                -7.960     0.000     0.000     7.960     0.000
------------------------------------------------------------------------------
Primary sub-process performed by myReader
--- incoming:
  1        e-      11  (3)   
                                 7.960     0.000     0.000     7.960     0.000
  2        e+     -11  (3)   
                                -7.960     0.000     0.000     7.960     0.000
--- intermediates:
  3     gamma      22 [1,2] (4..8)   
                                 0.000     0.000    -0.000    15.919    15.919
--- outgoing:
  4         g      21 [3] (9)  5>>8 {+1,-2}
                                -1.016     0.996    -1.328     1.946     0.000
  5         g      21 [3] (12)  8>>4 {+2,-3}
                                 0.912     0.283     3.122     3.265     0.000
  6         g      21 [3] (13)  7>>7 {+4,-5}
                                -3.727     1.830    -2.058     4.634     0.000
  7         g      21 [3] (14)  6>>6 {+5,-4}
                                 0.842     0.708     0.524     1.219     0.000
  8         g      21 [3] (15)  4>>5 {+3,-1}
                                 2.989    -3.817    -0.260     4.856     0.000
------------------------------------------------------------------------------
Step 1 performed by myLesHouchesHandler
--- intermediates:
  1        e-      11  (3)   
                                 7.960     0.000     0.000     7.960     0.000
  2        e+     -11  (3)   
                                -7.960     0.000     0.000     7.960     0.000
  3     gamma      22 [1,2] (4..8)   
                                 0.000     0.000    -0.000    15.919    15.919
--- final:
  4         g      21 [3] (9)  5>>8 {+1,-2}
                                -1.016     0.996    -1.328     1.946     0.000
  5         g      21 [3] (12)  8>>4 {+2,-3}
                                 0.912     0.283     3.122     3.265     0.000
  6         g      21 [3] (13)  7>>7 {+4,-5}
                                -3.727     1.830    -2.058     4.634     0.000
  7         g      21 [3] (14)  6>>6 {+5,-4}
                                 0.842     0.708     0.524     1.219     0.000
  8         g      21 [3] (15)  4>>5 {+3,-1}
                                 2.989    -3.817    -0.260     4.856     0.000
------------------------------------------------------------------------------
     Sum of momenta:            -3e-05    -2e-05    -2e-05      15.9      15.9
------------------------------------------------------------------------------
Step 2 performed by ShowerHandler
--- intermediates:
  9         g      21 [4] (10,11)   {+1,-2}
                                -0.856     0.838    -1.118     3.397     2.976
--- final:
 10         g      21 [9] (24,25)  12>>11 {+6,-2}
                                -0.934     0.031    -1.578     2.066     0.950
 11         g      21 [9] (26,27)  10>>15 {+1,-6}
                                 0.078     0.808     0.460     1.332     0.950
 12         g      21 [5] (16,17)  15>>10 {+2,-3}
                                 0.768     0.239     2.629     2.909     0.950
 13         g      21 [6] (18,19)  14>>14 {+4,-5}
                                -3.139     1.541    -1.733     4.017     0.950
 14         g      21 [7] (20,21)  13>>13 {+5,-4}
                                 0.709     0.597     0.441     1.398     0.950
 15         g      21 [8] (22,23)  11>>12 {+3,-1}
                                 2.518    -3.215    -0.219     4.198     0.950
------------------------------------------------------------------------------
     Sum of momenta:            -3e-05    -2e-05    -2e-05      15.9      15.9
------------------------------------------------------------------------------
Step 3 performed by ClusterHadHandler
--- intermediates:
 16         u       2 [12] (30)   {+2}
                                -0.048     0.011     0.859     0.920     0.325
 17      ubar      -2 [12] (28)   {-3}
                                 0.816     0.227     1.770     1.989     0.325
 18         s       3 [13] (31)   {+4}
                                -1.383     0.690    -0.616     1.724     0.450
 19      sbar      -3 [13] (32)   {-5}
                                -1.755     0.851    -1.118     2.293     0.450
 20         u       2 [14] (33)   {+5}
                                 0.709     0.364     0.088     0.865     0.325
 21      ubar      -2 [14] (30)   {-4}
                                 0.000     0.232     0.354     0.534     0.325
 22         u       2 [15] (28)   {+3}
                                 0.553    -0.444    -0.046     0.781     0.325
 23      ubar      -2 [15] (29)   {-1}
                                 1.965    -2.771    -0.173     3.417     0.325
 24         d       1 [10] (32)   {+6}
                                -0.791    -0.110    -1.400     1.644     0.325
 25      dbar      -1 [10] (31)   {-2}
                                -0.143     0.141    -0.178     0.421     0.325
 26         s       3 [11] (29)   {+1}
                                -0.044     0.306     0.091     0.554     0.450
 27      sbar      -3 [11] (33)   {-6}
                                 0.122     0.501     0.369     0.778     0.450
 28   Cluster      81 [17,22] (42,43)   
                                 1.369    -0.216     1.724     2.770     1.668
 29   Cluster      81 [23,26] (34,35)   
                                 1.921    -2.465    -0.082     3.971     2.448
 30   Cluster      81 [16,21] (36,37)   
                                -0.048     0.244     1.213     1.454     0.762
 31   Cluster      81 [18,25] (40,41)   
                                -1.526     0.830    -0.794     2.145     0.976
 32   Cluster      81 [19,24] (38,39)   
                                -2.546     0.741    -2.518     3.937     1.459
 33   Cluster      81 [20,27] (44,45)   
                                 0.830     0.866     0.457     1.643     1.025
--- final:
 34      rho-    -213 [29] (46,47)   
                                -0.094    -0.933    -0.152     1.108     0.571
 35    K'bar0 -100311 [29] (50,51)   
                                 2.015    -1.532     0.071     2.862     1.335
 36       pi+     211 [30]    
                                -0.285    -0.092     0.317     0.458     0.140
 37       pi-    -211 [30]    
                                 0.237     0.336     0.896     0.995     0.140
 38      rho-    -213 [32] (56,57)   
                                -1.484     0.784    -1.826     2.576     0.696
 39        K+     321 [32]    
                                -1.062    -0.043    -0.691     1.361     0.494
 40     Kbar0    -311 [31] (60)   
                                -1.236     0.687    -0.935     1.767     0.498
 41       pi0     111 [31] (61,62)   
                                -0.291     0.144     0.141     0.379     0.135
 42      rho-    -213 [28] (63,64)   
                                 1.263    -0.679     1.517     2.234     0.794
 43       pi+     211 [28]    
                                 0.106     0.463     0.207     0.536     0.140
 44       pi+     211 [33]    
                                 0.667     0.161     0.195     0.727     0.140
 45        K0     311 [33] (67)   
                                 0.164     0.704     0.262     0.916     0.498
------------------------------------------------------------------------------
     Sum of momenta:            -3e-05    -2e-05    -2e-05      15.9      15.9
------------------------------------------------------------------------------
Step 4 performed by DecayHandler
--- intermediates:
 46       pi0     111 [34] (48,49)   
                                -0.173    -0.642     0.107     0.687     0.135
 50     K*_0-  -10321 [35] (52,53)   
                                 1.833    -1.553     0.072     2.632     1.074
 53       pi0     111 [50] (54,55)   
                                 0.675    -0.407    -0.359     0.876     0.135
 56       pi0     111 [38] (58,59)   
                                -1.319     0.650    -1.208     1.908     0.135
 63       pi0     111 [42] (65,66)   
                                 1.000    -0.482     1.506     1.876     0.135
--- final:
 36       pi+     211 [30]    
                                -0.285    -0.092     0.317     0.458     0.140
 37       pi-    -211 [30]    
                                 0.237     0.336     0.896     0.995     0.140
 39        K+     321 [32]    
                                -1.062    -0.043    -0.691     1.361     0.494
 43       pi+     211 [28]    
                                 0.106     0.463     0.207     0.536     0.140
 44       pi+     211 [33]    
                                 0.667     0.161     0.195     0.727     0.140
 47       pi-    -211 [34]    
                                 0.079    -0.291    -0.259     0.422     0.140
 48     gamma      22 [46]    
                                -0.132    -0.526     0.139     0.560     0.000
 49     gamma      22 [46]    
                                -0.042    -0.116    -0.032     0.127     0.000
 51       pi+     211 [35]    
                                 0.182     0.021    -0.001     0.230     0.140
 52        K-    -321 [50]    
                                 1.158    -1.146     0.431     1.756     0.494
 54     gamma      22 [53]    
                                 0.274    -0.242    -0.177     0.406     0.000
 55     gamma      22 [53]    
                                 0.402    -0.165    -0.182     0.471     0.000
 57       pi-    -211 [38]    
                                -0.165     0.134    -0.618     0.668     0.140
 58     gamma      22 [56]    
                                -0.684     0.263    -0.613     0.955     0.000
 59     gamma      22 [56]    
                                -0.635     0.387    -0.595     0.953     0.000
 60      K_L0     130 [40]    
                                -1.236     0.687    -0.935     1.767     0.498
 61     gamma      22 [41]    
                                -0.114     0.111     0.016     0.160     0.000
 62     gamma      22 [41]    
                                -0.176     0.033     0.125     0.219     0.000
 64       pi-    -211 [42]    
                                 0.263    -0.198     0.011     0.358     0.140
 65     gamma      22 [63]    
                                 0.175    -0.079     0.182     0.265     0.000
 66     gamma      22 [63]    
                                 0.825    -0.402     1.324     1.611     0.000
 67      K_L0     130 [45]    
                                 0.164     0.704     0.262     0.916     0.498
------------------------------------------------------------------------------
     Sum of momenta:            -3e-05    -2e-05    -2e-05      15.9      15.9

The following exception classes were reported in this run:
ThePEG::EventHandler::ConsistencyException warning (1 times)
ThePEG::LesHouchesReader::LesHouchesReopenWarning warning (1 times)
