>>>>>>>>>>>>>>>>>>>>>>>>>>>>>>>>>>>>>>>>>>>>>>>>>>>>>>>>>>>>>>>>>>>>>>>>>>>>>>
>>>> Toolkit for HEP Event Generation - ThePEG 2.2.0 <<<<<<<<<<<<<<<<<<<<<<<<<
>>>> Tue Jun 30 00:25:45 2020                                             <<<<
<<<<<<<<<<<<<<<<<<<<<<<<<<<<<<<<<<<<<<<<<<<<<<<<<<<<<<<<<<<<<<<<<<<<<<<<<<<<<<

>> Herwig 7.2.0 / ThePEG 2.2.0

/Herwig/EventHandlers/NoCuts:
MHat  = 2 .. 27.4581 GeV
Scale = 0 .. 1e+12 GeV2
YHat  = -100 .. 100
X1    = 0 .. 1
X2    = 0 .. 1

* A warning exception of type ThePEG::LesHouchesReader::LesHouchesReopenWarning occurred while generating event number 1: 
Reopening LesHouchesReader 'myReader' after accessing 2 events out of 1
* A warning exception of type ThePEG::EventHandler::ConsistencyException occurred while generating event number 1: 
Event handler 'myLesHouchesHandler' found energy-momentum non-conservation by (-1e-05,-3e-05,-3e-05;9.99911e-06) GeV after generating step number 4.

******************************************************************************
Event number 1 (id: ./OUTPUT/0.95MB1.05/1512335477/TMP/Cluster_HERWIGOutput_12) performed by myLesHouchesHandler
Weight: 1
==============================================================================

--- Colliding particles:
  1        e-      11  (3)   
                                 6.865     0.000     0.000     6.865     0.000
  2        e+     -11  (3)   
                                -6.865     0.000    -0.000     6.865     0.000
------------------------------------------------------------------------------
Primary sub-process performed by myReader
--- incoming:
  1        e-      11  (3)   
                                 6.865     0.000     0.000     6.865     0.000
  2        e+     -11  (3)   
                                -6.865     0.000    -0.000     6.865     0.000
--- intermediates:
  3     gamma      22 [1,2] (4..8)   
                                 0.000     0.000     0.000    13.729    13.729
--- outgoing:
  4         g      21 [3] (9)  8>>8 {+1,-2}
                                -2.895     1.269    -1.067     3.336     0.000
  5         g      21 [3] (10)  7>>6 {+3,-4}
                                 2.220     0.502    -2.283     3.224     0.000
  6         g      21 [3] (11)  5>>7 {+5,-3}
                                 1.873    -1.035     0.746     2.266     0.000
  7         g      21 [3] (12)  6>>5 {+4,-5}
                                -1.069    -1.056     3.572     3.875     0.000
  8         g      21 [3] (15)  4>>4 {+2,-1}
                                -0.129     0.320    -0.968     1.028     0.000
------------------------------------------------------------------------------
Step 1 performed by myLesHouchesHandler
--- intermediates:
  1        e-      11  (3)   
                                 6.865     0.000     0.000     6.865     0.000
  2        e+     -11  (3)   
                                -6.865     0.000    -0.000     6.865     0.000
  3     gamma      22 [1,2] (4..8)   
                                 0.000     0.000     0.000    13.729    13.729
--- final:
  4         g      21 [3] (9)  8>>8 {+1,-2}
                                -2.895     1.269    -1.067     3.336     0.000
  5         g      21 [3] (10)  7>>6 {+3,-4}
                                 2.220     0.502    -2.283     3.224     0.000
  6         g      21 [3] (11)  5>>7 {+5,-3}
                                 1.873    -1.035     0.746     2.266     0.000
  7         g      21 [3] (12)  6>>5 {+4,-5}
                                -1.069    -1.056     3.572     3.875     0.000
  8         g      21 [3] (15)  4>>4 {+2,-1}
                                -0.129     0.320    -0.968     1.028     0.000
------------------------------------------------------------------------------
     Sum of momenta:            -2e-05    -3e-05    -3e-05      13.7      13.7
------------------------------------------------------------------------------
Step 2 performed by ShowerHandler
--- intermediates:
 12         g      21 [7] (13,14)   {+4,-5}
                                -0.906    -0.896     3.029     4.417     2.951
--- final:
  9         g      21 [4] (16,17)  15>>15 {+1,-2}
                                -2.455     1.076    -0.905     2.985     0.950
 10         g      21 [5] (18,19)  13>>11 {+3,-4}
                                 1.883     0.426    -1.936     2.894     0.950
 11         g      21 [6] (20,21)  10>>14 {+5,-3}
                                 1.588    -0.877     0.633     2.144     0.950
 13         g      21 [12] (24,25)  14>>10 {+4,-6}
                                -0.417     0.689     0.801     1.481     0.950
 14         g      21 [12] (26,27)  11>>13 {+6,-5}
                                -0.489    -1.585     2.229     2.936     0.950
 15         g      21 [8] (22,23)  9>>9 {+2,-1}
                                -0.110     0.271    -0.821     1.289     0.950
------------------------------------------------------------------------------
     Sum of momenta:            -2e-05    -3e-05    -3e-05      13.7      13.7
------------------------------------------------------------------------------
Step 3 performed by ClusterHadHandler
--- intermediates:
 16         s       3 [9] (32)   {+1}
                                -1.563     0.682    -0.467     1.825     0.450
 17      sbar      -3 [9] (28)   {-2}
                                -0.892     0.393    -0.438     1.160     0.450
 18         u       2 [10] (29)   {+3}
                                 0.230     0.172    -0.534     0.688     0.325
 19      ubar      -2 [10] (30)   {-4}
                                 1.653     0.254    -1.402     2.207     0.325
 20         u       2 [11] (31)   {+5}
                                 0.244    -0.349     0.005     0.536     0.325
 21      ubar      -2 [11] (29)   {-3}
                                 1.344    -0.529     0.628     1.608     0.325
 22         u       2 [15] (28)   {+2}
                                 0.239     0.024    -0.152     0.432     0.325
 23      ubar      -2 [15] (33)   {-1}
                                -0.348     0.247    -0.669     0.858     0.325
 24         u       2 [13] (30)   {+4}
                                 0.015    -0.050     0.192     0.381     0.325
 25      ubar      -2 [13] (32)   {-6}
                                -0.432     0.739     0.609     1.100     0.325
 26         u       2 [14] (33)   {+6}
                                -0.621    -1.113     1.410     1.928     0.325
 27      ubar      -2 [14] (31)   {-5}
                                 0.131    -0.472     0.819     1.008     0.325
 28   Cluster      81 [17,22] (38,39)   
                                -0.653     0.417    -0.591     1.592     1.258
 29   Cluster      81 [18,21] (44,45)   
                                 1.574    -0.357     0.094     2.296     1.630
 30   Cluster      81 [19,24] (42,43)   
                                 1.669     0.204    -1.210     2.588     1.552
 31   Cluster      81 [20,27] (36,37)   
                                 0.376    -0.821     0.824     1.544     0.943
 32   Cluster      81 [16,25] (40,41)   
                                -1.995     1.422     0.142     2.924     1.590
 33   Cluster      81 [23,26] (34,35)   
                                -0.969    -0.866     0.741     2.786     2.350
--- final:
 34       pi+     211 [33]    
                                -0.226    -0.259    -0.447     0.581     0.140
 35    rho_3-    -217 [33] (46,47)   
                                -0.743    -0.607     1.188     2.205     1.591
 36      rho0     113 [31] (50,51)   
                                 0.374    -0.653     0.579     1.217     0.762
 37       pi0     111 [31] (52,53)   
                                 0.002    -0.167     0.245     0.326     0.135
 38        K0     311 [28] (54)   
                                -0.651     0.728    -0.603     1.251     0.498
 39       pi+     211 [28]    
                                -0.002    -0.310     0.012     0.341     0.140
 40    K*bar0    -313 [32] (55,56)   
                                -1.776     1.122    -0.319     2.317     0.923
 41       pi-    -211 [32]    
                                -0.219     0.299     0.460     0.607     0.140
 42        K-    -321 [30]    
                                 1.094     0.110    -0.921     1.517     0.494
 43       K*+     323 [30] (62,63)   
                                 0.575     0.094    -0.289     1.071     0.851
 44       pi+     211 [29]    
                                 0.493    -0.005     0.170     0.540     0.140
 45      b_1-  -10213 [29] (65,66)   
                                 1.081    -0.352    -0.076     1.756     1.336
------------------------------------------------------------------------------
     Sum of momenta:            -2e-05    -3e-05    -3e-05      13.7      13.7
------------------------------------------------------------------------------
Step 4 performed by DecayHandler
--- intermediates:
 47       pi0     111 [35] (48,49)   
                                 0.198     0.341     0.008     0.417     0.135
 55     Kbar0    -311 [40] (57)   
                                -0.608     0.230    -0.098     0.825     0.498
 56       pi0     111 [40] (60,61)   
                                -1.168     0.892    -0.220     1.492     0.135
 57      K_S0     310 [55] (58,59)   
                                -0.608     0.230    -0.098     0.825     0.498
 62        K0     311 [43] (64)   
                                 0.378     0.289    -0.320     0.759     0.498
 65     omega     223 [45] (67,68)   
                                 1.177    -0.281     0.166     1.452     0.785
--- final:
 34       pi+     211 [33]    
                                -0.226    -0.259    -0.447     0.581     0.140
 39       pi+     211 [28]    
                                -0.002    -0.310     0.012     0.341     0.140
 41       pi-    -211 [32]    
                                -0.219     0.299     0.460     0.607     0.140
 42        K-    -321 [30]    
                                 1.094     0.110    -0.921     1.517     0.494
 44       pi+     211 [29]    
                                 0.493    -0.005     0.170     0.540     0.140
 46       pi-    -211 [35]    
                                -0.941    -0.948     1.180     1.788     0.140
 48     gamma      22 [47]    
                                -0.011     0.055    -0.025     0.061     0.000
 49     gamma      22 [47]    
                                 0.209     0.287     0.032     0.356     0.000
 50       pi+     211 [36]    
                                 0.136    -0.664     0.631     0.936     0.140
 51       pi-    -211 [36]    
                                 0.238     0.011    -0.052     0.281     0.140
 52     gamma      22 [37]    
                                 0.053    -0.071     0.048     0.100     0.000
 53     gamma      22 [37]    
                                -0.051    -0.097     0.198     0.226     0.000
 54      K_L0     130 [38]    
                                -0.651     0.728    -0.603     1.251     0.498
 58       pi+     211 [57]    
                                -0.617     0.197    -0.024     0.663     0.140
 59       pi-    -211 [57]    
                                 0.009     0.034    -0.075     0.162     0.140
 60     gamma      22 [56]    
                                -1.063     0.776    -0.227     1.336     0.000
 61     gamma      22 [56]    
                                -0.105     0.116     0.007     0.156     0.000
 63       pi+     211 [43]    
                                 0.196    -0.195     0.032     0.312     0.140
 64      K_L0     130 [62]    
                                 0.378     0.289    -0.320     0.759     0.498
 66       pi-    -211 [45]    
                                -0.096    -0.071    -0.242     0.304     0.140
 67       pi+     211 [65]    
                                 0.724    -0.478     0.287     0.924     0.140
 68       pi-    -211 [65]    
                                 0.453     0.197    -0.121     0.528     0.140
------------------------------------------------------------------------------
     Sum of momenta:            -2e-05    -3e-05    -3e-05      13.7      13.7

The following exception classes were reported in this run:
ThePEG::EventHandler::ConsistencyException warning (1 times)
ThePEG::LesHouchesReader::LesHouchesReopenWarning warning (1 times)
