>>>>>>>>>>>>>>>>>>>>>>>>>>>>>>>>>>>>>>>>>>>>>>>>>>>>>>>>>>>>>>>>>>>>>>>>>>>>>>
>>>> Toolkit for HEP Event Generation - ThePEG 2.2.0 <<<<<<<<<<<<<<<<<<<<<<<<<
>>>> Tue Jun 30 00:25:44 2020                                             <<<<
<<<<<<<<<<<<<<<<<<<<<<<<<<<<<<<<<<<<<<<<<<<<<<<<<<<<<<<<<<<<<<<<<<<<<<<<<<<<<<

>> Herwig 7.2.0 / ThePEG 2.2.0

/Herwig/EventHandlers/NoCuts:
MHat  = 2 .. 45.6742 GeV
Scale = 0 .. 1e+12 GeV2
YHat  = -100 .. 100
X1    = 0 .. 1
X2    = 0 .. 1

* A warning exception of type ThePEG::LesHouchesReader::LesHouchesReopenWarning occurred while generating event number 1: 
Reopening LesHouchesReader 'myReader' after accessing 2 events out of 1
* A warning exception of type ThePEG::EventHandler::ConsistencyException occurred while generating event number 1: 
Event handler 'myLesHouchesHandler' found energy-momentum non-conservation by (-1.98952e-15,-3e-05,-2e-05;9.99993e-06) GeV after generating step number 4.

******************************************************************************
Event number 1 (id: ./OUTPUT/0.95MB1.05/1513126133/TMP/Cluster_HERWIGOutput_12) performed by myLesHouchesHandler
Weight: 1
==============================================================================

--- Colliding particles:
  1        e-      11  (3)   
                                11.419     0.000    -0.000    11.419     0.000
  2        e+     -11  (3)   
                               -11.419     0.000     0.000    11.419     0.000
------------------------------------------------------------------------------
Primary sub-process performed by myReader
--- incoming:
  1        e-      11  (3)   
                                11.419     0.000    -0.000    11.419     0.000
  2        e+     -11  (3)   
                               -11.419     0.000     0.000    11.419     0.000
--- intermediates:
  3     gamma      22 [1,2] (4..8)   
                                 0.000     0.000     0.000    22.837    22.837
--- outgoing:
  4         g      21 [3] (9)  6>>5 {+1,-2}
                                 2.164    -1.733    -4.270     5.091     0.000
  5         g      21 [3] (12)  4>>8 {+3,-1}
                                -2.197     2.734     8.156     8.878     0.000
  6         g      21 [3] (13)  7>>4 {+2,-4}
                                -2.432     1.458     0.117     2.838     0.000
  7         g      21 [3] (14)  8>>6 {+4,-5}
                                 2.434    -2.997    -3.888     5.479     0.000
  8         g      21 [3] (15)  5>>7 {+5,-3}
                                 0.032     0.538    -0.115     0.551     0.000
------------------------------------------------------------------------------
Step 1 performed by myLesHouchesHandler
--- intermediates:
  1        e-      11  (3)   
                                11.419     0.000    -0.000    11.419     0.000
  2        e+     -11  (3)   
                               -11.419     0.000     0.000    11.419     0.000
  3     gamma      22 [1,2] (4..8)   
                                 0.000     0.000     0.000    22.837    22.837
--- final:
  4         g      21 [3] (9)  6>>5 {+1,-2}
                                 2.164    -1.733    -4.270     5.091     0.000
  5         g      21 [3] (12)  4>>8 {+3,-1}
                                -2.197     2.734     8.156     8.878     0.000
  6         g      21 [3] (13)  7>>4 {+2,-4}
                                -2.432     1.458     0.117     2.838     0.000
  7         g      21 [3] (14)  8>>6 {+4,-5}
                                 2.434    -2.997    -3.888     5.479     0.000
  8         g      21 [3] (15)  5>>7 {+5,-3}
                                 0.032     0.538    -0.115     0.551     0.000
------------------------------------------------------------------------------
     Sum of momenta:            -1e-05    -3e-05    -2e-05      22.8      22.8
------------------------------------------------------------------------------
Step 2 performed by ShowerHandler
--- intermediates:
  9         g      21 [4] (10,11)   {+1,-2}
                                 1.977    -1.583    -3.901     5.739     3.363
--- final:
 10         g      21 [9] (24,25)  13>>11 {+6,-2}
                                 0.721    -0.773     0.037     1.422     0.950
 11         g      21 [9] (26,27)  10>>12 {+1,-6}
                                 1.255    -0.810    -3.938     4.317     0.950
 12         g      21 [5] (16,17)  11>>15 {+3,-1}
                                -2.007     2.497     7.451     8.166     0.950
 13         g      21 [6] (18,19)  14>>10 {+2,-4}
                                -2.222     1.332     0.107     2.761     0.950
 14         g      21 [7] (20,21)  15>>13 {+4,-5}
                                 2.224    -2.738    -3.552     5.095     0.950
 15         g      21 [8] (22,23)  12>>14 {+5,-3}
                                 0.029     0.492    -0.105     1.075     0.950
------------------------------------------------------------------------------
     Sum of momenta:            -1e-05    -3e-05    -2e-05      22.8      22.8
------------------------------------------------------------------------------
Step 3 performed by ClusterHadHandler
--- intermediates:
 16         s       3 [12] (28)   {+3}
                                -0.841     1.068     3.536     3.815     0.450
 17      sbar      -3 [12] (32)   {-1}
                                -1.166     1.429     3.915     4.351     0.450
 18         u       2 [13] (29)   {+2}
                                -1.951     1.070     0.191     2.257     0.325
 19      ubar      -2 [13] (30)   {-4}
                                -0.271     0.262    -0.084     0.505     0.325
 20         u       2 [14] (30)   {+4}
                                 0.609    -0.892    -0.736     1.347     0.325
 21      ubar      -2 [14] (33)   {-5}
                                 1.614    -1.846    -2.816     3.748     0.325
 22         d       1 [15] (32)   {+5}
                                 0.045     0.452     0.232     0.605     0.325
 23      dbar      -1 [15] (28)   {-3}
                                -0.016     0.039    -0.337     0.470     0.325
 24         d       1 [10] (31)   {+6}
                                 0.548    -0.570     0.322     0.914     0.325
 25      dbar      -1 [10] (29)   {-2}
                                 0.173    -0.203    -0.285     0.508     0.325
 26         d       1 [11] (33)   {+1}
                                 0.546    -0.730    -2.478     2.660     0.325
 27      dbar      -1 [11] (31)   {-6}
                                 0.710    -0.080    -1.460     1.657     0.325
 28   Cluster      81 [16,23] (40,41)   
                                -0.857     1.107     3.199     4.285     2.484
 29   Cluster      81 [18,25] (44,45)   
                                -1.778     0.867    -0.095     2.765     1.929
 30   Cluster      81 [19,20] (42,43)   
                                 0.338    -0.630    -0.820     1.852     1.499
 31   Cluster      81 [24,27] (36,37)   
                                 1.258    -0.650    -1.138     2.571     1.820
 32   Cluster      81 [17,22] (34,35)   
                                -1.121     1.882     4.147     4.956     1.603
 33   Cluster      81 [21,26] (38,39)   
                                 2.160    -2.576    -5.294     6.408     1.319
--- final:
 34       eta     221 [32] (46..48)   
                                -0.581     0.656     1.020     1.452     0.548
 35       K*0     313 [32] (55,56)   
                                -0.540     1.226     3.127     3.505     0.841
 36      rho-    -213 [31] (66,67)   
                                 0.186    -0.235    -0.411     0.980     0.838
 37      rho+     213 [31] (70,71)   
                                 1.071    -0.415    -0.726     1.591     0.826
 38       pi0     111 [33] (74,75)   
                                 0.453     0.017    -1.016     1.121     0.135
 39       pi-    -211 [33]    
                                 1.707    -2.593    -4.278     5.287     0.140
 40       K*-    -323 [28] (76,77)   
                                -0.277     0.687     0.769     1.382     0.878
 41     a'_0+   10211 [28] (81,82)   
                                -0.580     0.421     2.430     2.903     1.417
 42       pi-    -211 [30]    
                                 0.306    -0.185    -0.510     0.638     0.140
 43      pi'+  100211 [30] (93,94)   
                                 0.032    -0.445    -0.310     1.214     1.085
 44       K*+     323 [29] (101,102)   
                                -0.822     0.696    -0.069     1.413     0.913
 45    K*bar0    -313 [29] (106,107)   
                                -0.956     0.171    -0.025     1.351     0.939
------------------------------------------------------------------------------
     Sum of momenta:            -1e-05    -3e-05    -2e-05      22.8      22.8
------------------------------------------------------------------------------
Step 4 performed by DecayHandler
--- intermediates:
 46       pi0     111 [34] (49,50)   
                                -0.169     0.102     0.219     0.324     0.135
 47       pi0     111 [34] (51,52)   
                                -0.190     0.071     0.282     0.372     0.135
 48       pi0     111 [34] (53,54)   
                                -0.223     0.483     0.519     0.755     0.135
 55        K0     311 [35] (57)   
                                -0.062     0.652     1.587     1.788     0.498
 56       pi0     111 [35] (64,65)   
                                -0.478     0.574     1.540     1.717     0.135
 57      K_S0     310 [55] (58,59)   
                                -0.062     0.652     1.587     1.788     0.498
 58       pi0     111 [57] (60,61)   
                                 0.018     0.138     0.127     0.232     0.135
 59       pi0     111 [57] (62,63)   
                                -0.080     0.514     1.460     1.556     0.135
 66       pi0     111 [36] (68,69)   
                                 0.186     0.272    -0.099     0.369     0.135
 70       pi0     111 [37] (72,73)   
                                 0.896     0.029    -0.371     0.979     0.135
 76     Kbar0    -311 [40] (78)   
                                -0.338     0.761     0.713     1.204     0.498
 78      K_S0     310 [76] (79,80)   
                                -0.338     0.761     0.713     1.204     0.498
 81      rho+     213 [41] (83,84)   
                                -0.262     0.392     1.256     1.421     0.469
 82     omega     223 [41] (87,88)   
                                -0.318     0.029     1.174     1.482     0.846
 83       pi0     111 [81] (85,86)   
                                -0.263     0.352     0.639     0.788     0.135
 87      rho+     213 [82] (89,90)   
                                -0.024    -0.050     0.351     0.594     0.475
 89       pi0     111 [87] (91,92)   
                                -0.136    -0.144     0.077     0.252     0.135
 93       pi0     111 [43] (95,96)   
                                 0.155    -0.455    -0.533     0.730     0.135
 94      rho+     213 [43] (97,98)   
                                -0.122     0.010     0.223     0.484     0.411
 97       pi0     111 [94] (99,100)   
                                 0.011     0.075     0.233     0.280     0.135
101        K0     311 [44] (103)   
                                -0.159     0.417     0.054     0.671     0.498
103      K_S0     310 [101] (104,105)   
                                -0.159     0.417     0.054     0.671     0.498
106     Kbar0    -311 [45] (108)   
                                -0.929     0.342    -0.117     1.114     0.498
107       pi0     111 [45] (111,112)   
                                -0.027    -0.170     0.092     0.238     0.135
108      K_S0     310 [106] (109,110)   
                                -0.929     0.342    -0.117     1.114     0.498
--- final:
 39       pi-    -211 [33]    
                                 1.707    -2.593    -4.278     5.287     0.140
 42       pi-    -211 [30]    
                                 0.306    -0.185    -0.510     0.638     0.140
 49     gamma      22 [46]    
                                -0.048     0.091     0.158     0.188     0.000
 50     gamma      22 [46]    
                                -0.121     0.011     0.062     0.136     0.000
 51     gamma      22 [47]    
                                -0.186     0.102     0.251     0.328     0.000
 52     gamma      22 [47]    
                                -0.004    -0.031     0.031     0.044     0.000
 53     gamma      22 [48]    
                                -0.054     0.061     0.028     0.086     0.000
 54     gamma      22 [48]    
                                -0.168     0.422     0.491     0.669     0.000
 60     gamma      22 [58]    
                                -0.040     0.084     0.121     0.153     0.000
 61     gamma      22 [58]    
                                 0.058     0.054     0.006     0.079     0.000
 62     gamma      22 [59]    
                                 0.015     0.012     0.020     0.028     0.000
 63     gamma      22 [59]    
                                -0.095     0.502     1.440     1.528     0.000
 64     gamma      22 [56]    
                                -0.299     0.413     0.921     1.053     0.000
 65     gamma      22 [56]    
                                -0.178     0.161     0.619     0.664     0.000
 67       pi-    -211 [36]    
                                 0.001    -0.507    -0.312     0.611     0.140
 68     gamma      22 [66]    
                                 0.205     0.224    -0.085     0.315     0.000
 69     gamma      22 [66]    
                                -0.020     0.048    -0.014     0.054     0.000
 71       pi+     211 [37]    
                                 0.176    -0.444    -0.356     0.612     0.140
 72     gamma      22 [70]    
                                 0.541    -0.049    -0.220     0.586     0.000
 73     gamma      22 [70]    
                                 0.355     0.077    -0.151     0.393     0.000
 74     gamma      22 [38]    
                                 0.096    -0.016    -0.363     0.376     0.000
 75     gamma      22 [38]    
                                 0.357     0.033    -0.653     0.744     0.000
 77       pi-    -211 [40]    
                                 0.061    -0.074     0.056     0.178     0.140
 79       pi+     211 [78]    
                                -0.412     0.563     0.581     0.918     0.140
 80       pi-    -211 [78]    
                                 0.074     0.198     0.132     0.286     0.140
 84       pi+     211 [81]    
                                 0.001     0.039     0.616     0.633     0.140
 85     gamma      22 [83]    
                                -0.132     0.236     0.479     0.551     0.000
 86     gamma      22 [83]    
                                -0.131     0.116     0.160     0.237     0.000
 88       pi-    -211 [82]    
                                -0.294     0.079     0.823     0.888     0.140
 90       pi+     211 [87]    
                                 0.113     0.095     0.275     0.341     0.140
 91     gamma      22 [89]    
                                -0.032     0.004     0.062     0.069     0.000
 92     gamma      22 [89]    
                                -0.105    -0.149     0.015     0.183     0.000
 95     gamma      22 [93]    
                                 0.021     0.003    -0.015     0.026     0.000
 96     gamma      22 [93]    
                                 0.134    -0.458    -0.518     0.704     0.000
 98       pi+     211 [94]    
                                -0.133    -0.065    -0.010     0.204     0.140
 99     gamma      22 [97]    
                                -0.006     0.107     0.120     0.161     0.000
100     gamma      22 [97]    
                                 0.017    -0.032     0.113     0.119     0.000
102       pi+     211 [44]    
                                -0.662     0.279    -0.123     0.742     0.140
104       pi+     211 [103]    
                                 0.103     0.061    -0.061     0.193     0.140
105       pi-    -211 [103]    
                                -0.262     0.356     0.114     0.477     0.140
109       pi+     211 [108]    
                                -0.060    -0.000    -0.074     0.169     0.140
110       pi-    -211 [108]    
                                -0.869     0.342    -0.043     0.945     0.140
111     gamma      22 [107]    
                                 0.042    -0.045    -0.009     0.062     0.000
112     gamma      22 [107]    
                                -0.069    -0.125     0.101     0.175     0.000
------------------------------------------------------------------------------
     Sum of momenta:            -1e-05    -3e-05    -2e-05      22.8      22.8

The following exception classes were reported in this run:
ThePEG::EventHandler::ConsistencyException warning (1 times)
ThePEG::LesHouchesReader::LesHouchesReopenWarning warning (1 times)
