>>>>>>>>>>>>>>>>>>>>>>>>>>>>>>>>>>>>>>>>>>>>>>>>>>>>>>>>>>>>>>>>>>>>>>>>>>>>>>
>>>> Toolkit for HEP Event Generation - ThePEG 2.2.0 <<<<<<<<<<<<<<<<<<<<<<<<<
>>>> Tue Jun 30 00:35:59 2020                                             <<<<
<<<<<<<<<<<<<<<<<<<<<<<<<<<<<<<<<<<<<<<<<<<<<<<<<<<<<<<<<<<<<<<<<<<<<<<<<<<<<<

>> Herwig 7.2.0 / ThePEG 2.2.0

/Herwig/EventHandlers/NoCuts:
MHat  = 2 .. 44.0984 GeV
Scale = 0 .. 1e+12 GeV2
YHat  = -100 .. 100
X1    = 0 .. 1
X2    = 0 .. 1

* A warning exception of type ThePEG::LesHouchesReader::LesHouchesReopenWarning occurred while generating event number 1: 
Reopening LesHouchesReader 'myReader' after accessing 2 events out of 1
* A warning exception of type ThePEG::EventHandler::ConsistencyException occurred while generating event number 1: 
Event handler 'myLesHouchesHandler' found energy-momentum non-conservation by (-1e-05,-3e-05,-3e-05;1.99983e-05) GeV after generating step number 4.

******************************************************************************
Event number 1 (id: ./OUTPUT/0.95MB1.05/1513331033/TMP/Cluster_HERWIGOutput_25) performed by myLesHouchesHandler
Weight: 1
==============================================================================

--- Colliding particles:
  1        e-      11  (3)   
                                11.025     0.000    -0.000    11.025     0.000
  2        e+     -11  (3)   
                               -11.025     0.000     0.000    11.025     0.000
------------------------------------------------------------------------------
Primary sub-process performed by myReader
--- incoming:
  1        e-      11  (3)   
                                11.025     0.000    -0.000    11.025     0.000
  2        e+     -11  (3)   
                               -11.025     0.000     0.000    11.025     0.000
--- intermediates:
  3     gamma      22 [1,2] (4..9)   
                                -0.000     0.000     0.000    22.049    22.049
--- outgoing:
  4         g      21 [3] (10)  6>>8 {+1,-2}
                                 0.606     1.385     0.455     1.579     0.000
  5         g      21 [3] (11)  8>>9 {+3,-4}
                                -0.891     0.276    -0.381     1.008     0.000
  6         g      21 [3] (12)  7>>4 {+2,-5}
                                 0.030     0.346    -0.064     0.354     0.000
  7         g      21 [3] (13)  9>>6 {+5,-6}
                                -3.990    -2.519     1.814     5.055     0.000
  8         g      21 [3] (14)  4>>5 {+4,-1}
                                 8.489    -2.342    -1.459     8.927     0.000
  9         g      21 [3] (15)  5>>7 {+6,-3}
                                -4.244     2.853    -0.365     5.127     0.000
------------------------------------------------------------------------------
Step 1 performed by myLesHouchesHandler
--- intermediates:
  1        e-      11  (3)   
                                11.025     0.000    -0.000    11.025     0.000
  2        e+     -11  (3)   
                               -11.025     0.000     0.000    11.025     0.000
  3     gamma      22 [1,2] (4..9)   
                                -0.000     0.000     0.000    22.049    22.049
--- final:
  4         g      21 [3] (10)  6>>8 {+1,-2}
                                 0.606     1.385     0.455     1.579     0.000
  5         g      21 [3] (11)  8>>9 {+3,-4}
                                -0.891     0.276    -0.381     1.008     0.000
  6         g      21 [3] (12)  7>>4 {+2,-5}
                                 0.030     0.346    -0.064     0.354     0.000
  7         g      21 [3] (13)  9>>6 {+5,-6}
                                -3.990    -2.519     1.814     5.055     0.000
  8         g      21 [3] (14)  4>>5 {+4,-1}
                                 8.489    -2.342    -1.459     8.927     0.000
  9         g      21 [3] (15)  5>>7 {+6,-3}
                                -4.244     2.853    -0.365     5.127     0.000
------------------------------------------------------------------------------
     Sum of momenta:            -2e-05    -3e-05    -3e-05        22        22
------------------------------------------------------------------------------
Step 2 performed by ShowerHandler
--- final:
 10         g      21 [4] (16,17)  12>>14 {+1,-2}
                                 0.562     1.285     0.422     1.745     0.950
 11         g      21 [5] (18,19)  14>>15 {+3,-4}
                                -0.827     0.256    -0.353     1.333     0.950
 12         g      21 [6] (20,21)  13>>10 {+2,-5}
                                 0.027     0.321    -0.059     1.005     0.950
 13         g      21 [7] (22,23)  15>>12 {+5,-6}
                                -3.700    -2.337     1.682     4.784     0.950
 14         g      21 [8] (24,25)  10>>11 {+4,-1}
                                 7.873    -2.172    -1.354     8.333     0.950
 15         g      21 [9] (26,27)  11>>13 {+6,-3}
                                -3.936     2.646    -0.338     4.849     0.950
------------------------------------------------------------------------------
     Sum of momenta:            -2e-05    -3e-05    -3e-05        22        22
------------------------------------------------------------------------------
Step 3 performed by ClusterHadHandler
--- intermediates:
 16         u       2 [10] (28)   {+1}
                                 0.317     0.663     0.573     0.987     0.325
 17      ubar      -2 [10] (32)   {-2}
                                 0.245     0.622    -0.152     0.758     0.325
 18         d       1 [11] (29)   {+3}
                                -0.455    -0.156    -0.372     0.690     0.325
 19      dbar      -1 [11] (30)   {-4}
                                -0.371     0.412     0.018     0.643     0.325
 20         u       2 [12] (33)   {+2}
                                 0.094    -0.010     0.269     0.432     0.325
 21      ubar      -2 [12] (31)   {-5}
                                -0.067     0.332    -0.328     0.573     0.325
 22         u       2 [13] (31)   {+5}
                                -1.469    -1.332     0.733     2.139     0.325
 23      ubar      -2 [13] (33)   {-6}
                                -2.232    -1.005     0.950     2.645     0.325
 24         d       1 [14] (30)   {+4}
                                 2.072    -0.384    -0.163     2.139     0.325
 25      dbar      -1 [14] (28)   {-1}
                                 5.801    -1.788    -1.190     6.194     0.325
 26         s       3 [15] (32)   {+6}
                                -1.910     1.131    -0.236     2.277     0.450
 27      sbar      -3 [15] (29)   {-3}
                                -2.026     1.515    -0.102     2.572     0.450
 28   Cluster      81 [16,25] (44,45)   
                                 6.118    -1.125    -0.617     7.181     3.535
 29   Cluster      81 [18,27] (42,43)   
                                -2.481     1.359    -0.474     3.261     1.551
 30   Cluster      81 [19,24] (38,39)   
                                 1.701     0.028    -0.145     2.782     2.197
 31   Cluster      81 [21,22] (34,35)   
                                -1.535    -1.001     0.405     2.711     1.957
 32   Cluster      81 [17,26] (36,37)   
                                -1.665     1.753    -0.388     3.036     1.795
 33   Cluster      81 [20,23] (40,41)   
                                -2.138    -1.015     1.219     3.078     1.545
--- final:
 34     nbar0   -2112 [31]    
                                -0.609    -0.306    -0.020     1.161     0.940
 35        n0    2112 [31]    
                                -0.926    -0.694     0.425     1.550     0.940
 36    K*bar0    -313 [32] (46,47)   
                                -1.286     1.172    -0.310     1.962     0.853
 37      rho-    -213 [32] (48,49)   
                                -0.379     0.580    -0.078     1.073     0.816
 38       pi0     111 [30] (52,53)   
                                 0.613    -0.106     0.391     0.747     0.135
 39    rho_30     117 [30] (54,55)   
                                 1.088     0.134    -0.536     2.035     1.628
 40       pi+     211 [33]    
                                -0.416    -0.242     0.052     0.503     0.140
 41      a_2-    -215 [33] (56,57)   
                                -1.722    -0.773     1.166     2.574     1.305
 42       eta     221 [29] (65,66)   
                                -0.808    -0.017     0.049     0.977     0.548
 43        K0     311 [29] (67)   
                                -1.674     1.377    -0.523     2.284     0.498
 44      rho0     113 [28] (68,69)   
                                 1.834    -1.142     0.937     2.484     0.790
 45      a_1+   20213 [28] (70,71)   
                                 4.284     0.017    -1.554     4.697     1.138
------------------------------------------------------------------------------
     Sum of momenta:            -2e-05    -3e-05    -3e-05        22        22
------------------------------------------------------------------------------
Step 4 performed by DecayHandler
--- intermediates:
 48       pi0     111 [37] (50,51)   
                                 0.082    -0.132     0.025     0.207     0.135
 56      rho-    -213 [41] (58,59)   
                                -1.319    -0.207     0.439     1.559     0.676
 57       pi0     111 [41] (63,64)   
                                -0.404    -0.566     0.727     1.015     0.135
 58       pi0     111 [56] (60..62)   
                                 0.002    -0.080     0.009     0.157     0.135
 70    rho''+   30213 [45] (72,73)   
                                 0.768    -0.266    -0.442     0.996     0.370
 71       pi0     111 [45] (76,77)   
                                 3.516     0.283    -1.113     3.701     0.135
 72       pi0     111 [70] (74,75)   
                                 0.105    -0.085    -0.108     0.219     0.135
--- final:
 34     nbar0   -2112 [31]    
                                -0.609    -0.306    -0.020     1.161     0.940
 35        n0    2112 [31]    
                                -0.926    -0.694     0.425     1.550     0.940
 40       pi+     211 [33]    
                                -0.416    -0.242     0.052     0.503     0.140
 46        K-    -321 [36]    
                                -0.593     0.382    -0.266     0.901     0.494
 47       pi+     211 [36]    
                                -0.693     0.791    -0.044     1.061     0.140
 49       pi-    -211 [37]    
                                -0.461     0.712    -0.103     0.866     0.140
 50     gamma      22 [48]    
                                 0.006    -0.092    -0.039     0.100     0.000
 51     gamma      22 [48]    
                                 0.076    -0.040     0.064     0.107     0.000
 52     gamma      22 [38]    
                                 0.056     0.003     0.086     0.102     0.000
 53     gamma      22 [38]    
                                 0.557    -0.109     0.305     0.645     0.000
 54       pi+     211 [39]    
                                -0.207     0.139    -0.667     0.726     0.140
 55       pi-    -211 [39]    
                                 1.295    -0.004     0.131     1.309     0.140
 59       pi-    -211 [56]    
                                -1.321    -0.127     0.430     1.402     0.140
 60     gamma      22 [58]    
                                 0.046    -0.092     0.032     0.107     0.000
 61        e-      11 [58]    
                                -0.015     0.004    -0.007     0.017     0.001
 62        e+     -11 [58]    
                                -0.028     0.007    -0.015     0.033     0.001
 63     gamma      22 [57]    
                                -0.215    -0.399     0.422     0.619     0.000
 64     gamma      22 [57]    
                                -0.188    -0.167     0.305     0.395     0.000
 65     gamma      22 [42]    
                                -0.169    -0.242    -0.025     0.296     0.000
 66     gamma      22 [42]    
                                -0.639     0.225     0.074     0.681     0.000
 67      K_L0     130 [43]    
                                -1.674     1.377    -0.523     2.284     0.498
 68       pi+     211 [44]    
                                 1.010    -0.654     0.120     1.218     0.140
 69       pi-    -211 [44]    
                                 0.824    -0.488     0.817     1.266     0.140
 73       pi+     211 [70]    
                                 0.663    -0.180    -0.333     0.776     0.140
 74     gamma      22 [72]    
                                -0.021    -0.057    -0.049     0.077     0.000
 75     gamma      22 [72]    
                                 0.126    -0.029    -0.060     0.142     0.000
 76     gamma      22 [71]    
                                 0.717     0.084    -0.178     0.744     0.000
 77     gamma      22 [71]    
                                 2.799     0.199    -0.935     2.958     0.000
------------------------------------------------------------------------------
     Sum of momenta:            -2e-05    -3e-05    -3e-05        22        22

The following exception classes were reported in this run:
ThePEG::EventHandler::ConsistencyException warning (1 times)
ThePEG::LesHouchesReader::LesHouchesReopenWarning warning (1 times)
