>>>>>>>>>>>>>>>>>>>>>>>>>>>>>>>>>>>>>>>>>>>>>>>>>>>>>>>>>>>>>>>>>>>>>>>>>>>>>>
>>>> Toolkit for HEP Event Generation - ThePEG 2.2.0 <<<<<<<<<<<<<<<<<<<<<<<<<
>>>> Tue Jun 30 00:43:24 2020                                             <<<<
<<<<<<<<<<<<<<<<<<<<<<<<<<<<<<<<<<<<<<<<<<<<<<<<<<<<<<<<<<<<<<<<<<<<<<<<<<<<<<

>> Herwig 7.2.0 / ThePEG 2.2.0

/Herwig/EventHandlers/NoCuts:
MHat  = 2 .. 40.1706 GeV
Scale = 0 .. 1e+12 GeV2
YHat  = -100 .. 100
X1    = 0 .. 1
X2    = 0 .. 1

* A warning exception of type ThePEG::LesHouchesReader::LesHouchesReopenWarning occurred while generating event number 1: 
Reopening LesHouchesReader 'myReader' after accessing 2 events out of 1
* A warning exception of type ThePEG::EventHandler::ConsistencyException occurred while generating event number 1: 
Event handler 'myLesHouchesHandler' found energy-momentum non-conservation by (-1e-05,-2e-05,-1e-05;9.99909e-06) GeV after generating step number 4.

******************************************************************************
Event number 1 (id: ./OUTPUT/0.95MB1.05/1511422153/TMP/Cluster_HERWIGOutput_34) performed by myLesHouchesHandler
Weight: 1
==============================================================================

--- Colliding particles:
  1        e-      11  (3)   
                                10.043     0.000    -0.000    10.043     0.000
  2        e+     -11  (3)   
                               -10.043     0.000     0.000    10.043     0.000
------------------------------------------------------------------------------
Primary sub-process performed by myReader
--- incoming:
  1        e-      11  (3)   
                                10.043     0.000    -0.000    10.043     0.000
  2        e+     -11  (3)   
                               -10.043     0.000     0.000    10.043     0.000
--- intermediates:
  3     gamma      22 [1,2] (4..7)   
                                -0.000     0.000    -0.000    20.085    20.085
--- outgoing:
  4         g      21 [3] (8)  6>>5 {+1,-2}
                                -0.747    -0.411     0.658     1.077     0.000
  5         g      21 [3] (9)  4>>7 {+3,-1}
                                 0.636     0.742     1.825     2.070     0.000
  6         g      21 [3] (10)  7>>4 {+2,-4}
                                 0.173     3.170    -8.998     9.542     0.000
  7         g      21 [3] (15)  5>>6 {+4,-3}
                                -0.062    -3.501     6.514     7.396     0.000
------------------------------------------------------------------------------
Step 1 performed by myLesHouchesHandler
--- intermediates:
  1        e-      11  (3)   
                                10.043     0.000    -0.000    10.043     0.000
  2        e+     -11  (3)   
                               -10.043     0.000     0.000    10.043     0.000
  3     gamma      22 [1,2] (4..7)   
                                -0.000     0.000    -0.000    20.085    20.085
--- final:
  4         g      21 [3] (8)  6>>5 {+1,-2}
                                -0.747    -0.411     0.658     1.077     0.000
  5         g      21 [3] (9)  4>>7 {+3,-1}
                                 0.636     0.742     1.825     2.070     0.000
  6         g      21 [3] (10)  7>>4 {+2,-4}
                                 0.173     3.170    -8.998     9.542     0.000
  7         g      21 [3] (15)  5>>6 {+4,-3}
                                -0.062    -3.501     6.514     7.396     0.000
------------------------------------------------------------------------------
     Sum of momenta:            -2e-05    -2e-05    -1e-05      20.1      20.1
------------------------------------------------------------------------------
Step 2 performed by ShowerHandler
--- intermediates:
 10         g      21 [6] (11,12)   {+2,-4}
                                 0.133     2.445    -6.939    11.183     8.421
 12         g      21 [10] (13,14)   {+2,-5}
                                 1.958     2.924    -5.766     8.767     5.588
--- final:
  8         g      21 [4] (16,17)  13>>9 {+1,-2}
                                -0.576    -0.317     0.508     1.262     0.950
  9         g      21 [5] (18,19)  8>>15 {+3,-1}
                                 0.490     0.572     1.408     1.858     0.950
 11         g      21 [10] (22,23)  15>>14 {+5,-4}
                                -1.825    -0.479    -1.174     2.416     0.950
 13         g      21 [12] (24,25)  14>>8 {+2,-6}
                                 1.112    -1.323    -2.829     3.449     0.950
 14         g      21 [12] (26,27)  11>>13 {+6,-5}
                                 0.846     4.247    -2.937     5.318     0.950
 15         g      21 [7] (20,21)  9>>11 {+4,-3}
                                -0.048    -2.700     5.024     5.782     0.950
------------------------------------------------------------------------------
     Sum of momenta:            -2e-05    -2e-05    -1e-05      20.1      20.1
------------------------------------------------------------------------------
Step 3 performed by ClusterHadHandler
--- intermediates:
 16         u       2 [8] (32)   {+1}
                                 0.102    -0.191     0.215     0.446     0.325
 17      ubar      -2 [8] (28)   {-2}
                                -0.678    -0.126     0.292     0.816     0.325
 18         s       3 [9] (30)   {+3}
                                 0.355     0.431     0.917     1.164     0.450
 19      sbar      -3 [9] (33)   {-1}
                                 0.136     0.142     0.490     0.694     0.450
 20         d       1 [15] (29)   {+4}
                                 0.110    -2.176     4.184     4.728     0.325
 21      dbar      -1 [15] (31)   {-3}
                                -0.158    -0.525     0.840     1.054     0.325
 22         u       2 [11] (31)   {+5}
                                -0.393     0.101    -0.175     0.548     0.325
 23      ubar      -2 [11] (29)   {-4}
                                -1.432    -0.580    -0.999     1.868     0.325
 24         d       1 [13] (28)   {+2}
                                 0.421    -1.011    -1.764     2.101     0.325
 25      dbar      -1 [13] (32)   {-6}
                                 0.691    -0.312    -1.065     1.347     0.325
 26         s       3 [14] (33)   {+6}
                                 0.367     1.516    -1.020     1.917     0.450
 27      sbar      -3 [14] (30)   {-5}
                                 0.479     2.731    -1.917     3.401     0.450
 28   Cluster      81 [17,24] (38,39)   
                                -0.256    -1.137    -1.471     2.918     2.233
 29   Cluster      81 [20,23] (34,35)   
                                -1.322    -2.755     3.185     6.596     4.901
 30   Cluster      81 [18,27] (42,43)   
                                 0.834     3.162    -1.000     4.565     3.024
 31   Cluster      81 [21,22] (40,41)   
                                -0.551    -0.424     0.666     1.603     1.282
 32   Cluster      81 [16,25] (46,47)   
                                 0.793    -0.503    -0.850     1.793     1.269
 33   Cluster      81 [19,26] (44,45)   
                                 0.503     1.658    -0.530     2.611     1.881
 34   Cluster      81 [29] (48,49)   
                                -0.026    -0.926     1.676     2.043     0.712
 35   Cluster      81 [29] (36,37)   
                                -1.296    -1.829     1.509     4.553     3.664
 36   Cluster      81 [35] (50,51)   
                                -0.587    -0.358    -0.186     1.097     0.835
 37   Cluster      81 [35] (52,53)   
                                -0.709    -1.471     1.695     3.456     2.530
--- final:
 38      rho-    -213 [28] (54,55)   
                                 0.356    -0.272    -0.181     1.002     0.878
 39      rho0     113 [28] (58,59)   
                                -0.613    -0.865    -1.290     1.915     0.938
 40      rho0     113 [31] (60,61)   
                                -0.218     0.116     0.529     0.939     0.736
 41       pi+     211 [31]    
                                -0.333    -0.540     0.137     0.664     0.140
 42   K'*bar0 -100313 [30] (62,63)   
                                 1.081     1.991    -1.349     3.023     1.477
 43       K*0     313 [30] (67,68)   
                                -0.247     1.171     0.349     1.542     0.908
 44        K-    -321 [33]    
                                 0.600     1.355    -1.003     1.856     0.494
 45        K+     321 [33]    
                                -0.098     0.303     0.474     0.755     0.494
 46       pi0     111 [32] (72,73)   
                                -0.238    -0.118    -0.225     0.373     0.135
 47      rho+     213 [32] (74,75)   
                                 1.030    -0.385    -0.625     1.420     0.645
 48       pi0     111 [34] (78,79)   
                                 0.200    -0.403     0.326     0.572     0.135
 49       pi0     111 [34] (80,81)   
                                -0.226    -0.523     1.350     1.471     0.135
 50       pi-    -211 [36]    
                                -0.321    -0.556    -0.297     0.721     0.140
 51       pi+     211 [36]    
                                -0.266     0.198     0.111     0.376     0.140
 52    Delta-    1114 [37] (82,83)   
                                -0.421    -0.120     1.066     1.671     1.210
 53     nbar0   -2112 [37]    
                                -0.289    -1.350     0.629     1.785     0.940
------------------------------------------------------------------------------
     Sum of momenta:            -2e-05    -2e-05    -1e-05      20.1      20.1
------------------------------------------------------------------------------
Step 4 performed by DecayHandler
--- intermediates:
 54       pi0     111 [38] (56,57)   
                                 0.329    -0.262    -0.491     0.661     0.135
 62       K*-    -323 [42] (64,65)   
                                 0.713     0.668    -0.771     1.525     0.882
 64     Kbar0    -311 [62] (66)   
                                 0.151     0.157    -0.348     0.645     0.498
 67        K0     311 [43] (69)   
                                -0.345     0.885     0.495     1.181     0.498
 68       pi0     111 [43] (70,71)   
                                 0.097     0.286    -0.146     0.362     0.135
 74       pi0     111 [47] (76,77)   
                                 0.673    -0.491    -0.267     0.885     0.135
--- final:
 41       pi+     211 [31]    
                                -0.333    -0.540     0.137     0.664     0.140
 44        K-    -321 [33]    
                                 0.600     1.355    -1.003     1.856     0.494
 45        K+     321 [33]    
                                -0.098     0.303     0.474     0.755     0.494
 50       pi-    -211 [36]    
                                -0.321    -0.556    -0.297     0.721     0.140
 51       pi+     211 [36]    
                                -0.266     0.198     0.111     0.376     0.140
 53     nbar0   -2112 [37]    
                                -0.289    -1.350     0.629     1.785     0.940
 55       pi-    -211 [38]    
                                 0.027    -0.010     0.310     0.341     0.140
 56     gamma      22 [54]    
                                 0.217    -0.185    -0.419     0.507     0.000
 57     gamma      22 [54]    
                                 0.112    -0.078    -0.073     0.154     0.000
 58       pi+     211 [39]    
                                -0.061     0.169    -0.288     0.367     0.140
 59       pi-    -211 [39]    
                                -0.552    -1.034    -1.002     1.548     0.140
 60       pi+     211 [40]    
                                -0.354     0.173     0.052     0.421     0.140
 61       pi-    -211 [40]    
                                 0.136    -0.057     0.476     0.518     0.140
 63       pi+     211 [42]    
                                 0.369     1.324    -0.578     1.497     0.140
 65       pi-    -211 [62]    
                                 0.562     0.511    -0.424     0.881     0.140
 66      K_L0     130 [64]    
                                 0.151     0.157    -0.348     0.645     0.498
 69      K_L0     130 [67]    
                                -0.345     0.885     0.495     1.181     0.498
 70     gamma      22 [68]    
                                 0.045     0.256    -0.151     0.301     0.000
 71     gamma      22 [68]    
                                 0.053     0.030     0.005     0.061     0.000
 72     gamma      22 [46]    
                                -0.001    -0.053    -0.041     0.066     0.000
 73     gamma      22 [46]    
                                -0.236    -0.065    -0.184     0.306     0.000
 75       pi+     211 [47]    
                                 0.357     0.105    -0.358     0.535     0.140
 76     gamma      22 [74]    
                                 0.357    -0.341    -0.140     0.513     0.000
 77     gamma      22 [74]    
                                 0.316    -0.150    -0.127     0.372     0.000
 78     gamma      22 [48]    
                                 0.111    -0.144     0.200     0.270     0.000
 79     gamma      22 [48]    
                                 0.089    -0.259     0.126     0.301     0.000
 80     gamma      22 [49]    
                                -0.154    -0.236     0.539     0.608     0.000
 81     gamma      22 [49]    
                                -0.072    -0.287     0.811     0.864     0.000
 82        n0    2112 [52]    
                                -0.536    -0.079     0.995     1.472     0.940
 83       pi-    -211 [52]    
                                 0.116    -0.041     0.072     0.199     0.140
------------------------------------------------------------------------------
     Sum of momenta:            -2e-05    -2e-05    -1e-05      20.1      20.1

The following exception classes were reported in this run:
ThePEG::EventHandler::ConsistencyException warning (1 times)
ThePEG::LesHouchesReader::LesHouchesReopenWarning warning (1 times)
