>>>>>>>>>>>>>>>>>>>>>>>>>>>>>>>>>>>>>>>>>>>>>>>>>>>>>>>>>>>>>>>>>>>>>>>>>>>>>>
>>>> Toolkit for HEP Event Generation - ThePEG 2.2.0 <<<<<<<<<<<<<<<<<<<<<<<<<
>>>> Tue Jun 30 00:58:15 2020                                             <<<<
<<<<<<<<<<<<<<<<<<<<<<<<<<<<<<<<<<<<<<<<<<<<<<<<<<<<<<<<<<<<<<<<<<<<<<<<<<<<<<

>> Herwig 7.2.0 / ThePEG 2.2.0

/Herwig/EventHandlers/NoCuts:
MHat  = 2 .. 55.6698 GeV
Scale = 0 .. 1e+12 GeV2
YHat  = -100 .. 100
X1    = 0 .. 1
X2    = 0 .. 1

* A warning exception of type ThePEG::LesHouchesReader::LesHouchesReopenWarning occurred while generating event number 1: 
Reopening LesHouchesReader 'myReader' after accessing 2 events out of 1
* A warning exception of type ThePEG::EventHandler::ConsistencyException occurred while generating event number 1: 
Event handler 'myLesHouchesHandler' found energy-momentum non-conservation by (-1e-05,-2e-05,-2e-05;9.99891e-06) GeV after generating step number 4.

******************************************************************************
Event number 1 (id: ./OUTPUT/0.95MB1.05/1511886132/TMP/Cluster_HERWIGOutput_25) performed by myLesHouchesHandler
Weight: 1
==============================================================================

--- Colliding particles:
  1        e-      11  (3)   
                                13.917     0.000    -0.000    13.917     0.000
  2        e+     -11  (3)   
                               -13.917     0.000     0.000    13.917     0.000
------------------------------------------------------------------------------
Primary sub-process performed by myReader
--- incoming:
  1        e-      11  (3)   
                                13.917     0.000    -0.000    13.917     0.000
  2        e+     -11  (3)   
                               -13.917     0.000     0.000    13.917     0.000
--- intermediates:
  3     gamma      22 [1,2] (4..7)   
                                 0.000     0.000    -0.000    27.835    27.835
--- outgoing:
  4         g      21 [3] (8)  7>>6 {+1,-2}
                                -0.474    -0.085     5.504     5.525     0.000
  5         g      21 [3] (11)  6>>7 {+3,-4}
                                 2.174    -0.498     1.281     2.572     0.000
  6         g      21 [3] (14)  4>>5 {+4,-1}
                                -0.201     6.062     4.195     7.375     0.000
  7         g      21 [3] (15)  5>>4 {+2,-3}
                                -1.499    -5.480   -10.981    12.363     0.000
------------------------------------------------------------------------------
Step 1 performed by myLesHouchesHandler
--- intermediates:
  1        e-      11  (3)   
                                13.917     0.000    -0.000    13.917     0.000
  2        e+     -11  (3)   
                               -13.917     0.000     0.000    13.917     0.000
  3     gamma      22 [1,2] (4..7)   
                                 0.000     0.000    -0.000    27.835    27.835
--- final:
  4         g      21 [3] (8)  7>>6 {+1,-2}
                                -0.474    -0.085     5.504     5.525     0.000
  5         g      21 [3] (11)  6>>7 {+3,-4}
                                 2.174    -0.498     1.281     2.572     0.000
  6         g      21 [3] (14)  4>>5 {+4,-1}
                                -0.201     6.062     4.195     7.375     0.000
  7         g      21 [3] (15)  5>>4 {+2,-3}
                                -1.499    -5.480   -10.981    12.363     0.000
------------------------------------------------------------------------------
     Sum of momenta:            -2e-05    -2e-05    -2e-05      27.8      27.8
------------------------------------------------------------------------------
Step 2 performed by ShowerHandler
--- intermediates:
  8         g      21 [4] (9,10)   {+1,-2}
                                -0.425    -0.076     4.934     6.610     4.378
 11         g      21 [5] (12,13)   {+3,-4}
                                 1.948    -0.446     1.149     3.423     2.531
--- final:
  9         s       3 [8] (21)  >14 {+1}
                                 0.103     1.921     1.179     2.301     0.450
 10      sbar      -3 [8] (22)  15> {-2}
                                -0.528    -1.997     3.755     4.309     0.450
 12         u       2 [11] (23)  >15 {+3}
                                -0.551    -0.234     0.117     0.691     0.325
 13      ubar      -2 [11] (20)  14> {-4}
                                 2.500    -0.212     1.032     2.732     0.325
 14         g      21 [6] (16,17)  9>>13 {+4,-1}
                                -0.180     5.434     3.761     6.679     0.950
 15         g      21 [7] (18,19)  12>>10 {+2,-3}
                                -1.343    -4.912    -9.843    11.123     0.950
------------------------------------------------------------------------------
     Sum of momenta:            -2e-05    -2e-05    -2e-05      27.8      27.8
------------------------------------------------------------------------------
Step 3 performed by ClusterHadHandler
--- intermediates:
 16         u       2 [14] (20)   {+4}
                                -0.199     4.476     2.869     5.330     0.325
 17      ubar      -2 [14] (21)   {-1}
                                 0.018     0.958     0.892     1.349     0.325
 18         d       1 [15] (22)   {+2}
                                -1.239    -4.167    -8.378     9.445     0.325
 19      dbar      -1 [15] (23)   {-3}
                                -0.105    -0.745    -1.465     1.678     0.325
 20   Cluster      81 [13,16] (32,33)   
                                 2.301     4.264     3.901     8.062     5.129
 21   Cluster      81 [9,17] (34,35)   
                                 0.121     2.879     2.071     3.650     0.853
 22   Cluster      81 [10,18] (24,25)   
                                -1.766    -6.164    -4.624    13.754    11.255
 23   Cluster      81 [12,19] (36,37)   
                                -0.656    -0.979    -1.348     2.370     1.552
 24   Cluster      81 [22] (26,27)   
                                -1.388    -4.744    -6.919    10.679     6.460
 25   Cluster      81 [22] (38,39)   
                                -0.379    -1.420     2.295     3.075     1.425
 26   Cluster      81 [24] (28,29)   
                                -1.131    -3.856    -6.013     8.789     4.994
 27   Cluster      81 [24] (40,41)   
                                -0.256    -0.888    -0.906     1.890     1.377
 28   Cluster      81 [26] (30,31)   
                                -0.970    -3.299    -5.356     7.586     4.127
 29   Cluster      81 [26] (42,43)   
                                -0.162    -0.558    -0.657     1.203     0.824
 30   Cluster      81 [28] (44,45)   
                                -0.460    -1.541    -3.307     3.818     1.026
 31   Cluster      81 [28] (46,47)   
                                -0.510    -1.758    -2.049     3.768     2.578
 32   Cluster      81 [20] (48,49)   
                                 0.205     4.352     2.976     5.660     2.047
 33   Cluster      81 [20] (50,51)   
                                 2.096    -0.089     0.924     2.402     0.716
--- final:
 34       pi-    -211 [21]    
                                -0.168     0.778     0.746     1.100     0.140
 35     Kbar0    -311 [21] (52)   
                                 0.289     2.102     1.324     2.550     0.498
 36       pi0     111 [23] (53,54)   
                                -0.083    -0.392    -0.479     0.639     0.135
 37      a_2+     215 [23] (55,56)   
                                -0.573    -0.586    -0.869     1.730     1.252
 38        K+     321 [25]    
                                -0.698    -0.646     1.286     1.674     0.494
 39        K-    -321 [25]    
                                 0.319    -0.775     1.009     1.402     0.494
 40        K0     311 [27] (59)   
                                 0.013    -0.363    -0.525     0.810     0.498
 41      rho+     213 [27] (60,61)   
                                -0.269    -0.524    -0.381     1.080     0.821
 42       pi-    -211 [29]    
                                 0.134    -0.015     0.098     0.218     0.140
 43       pi+     211 [29]    
                                -0.296    -0.543    -0.755     0.986     0.140
 44        K0     311 [30] (64)   
                                -0.375    -0.872    -1.836     2.126     0.498
 45        K-    -321 [30]    
                                -0.085    -0.669    -1.471     1.692     0.494
 46     nbar0   -2112 [31]    
                                 0.526    -0.378    -0.423     1.217     0.940
 47        n0    2112 [31]    
                                -1.036    -1.380    -1.626     2.551     0.940
 48     omega     223 [32] (71,72)   
                                -0.610     1.890     1.358     2.528     0.779
 49      rho+     213 [32] (77,78)   
                                 0.815     2.462     1.619     3.131     0.677
 50       pi-    -211 [33]    
                                 1.255    -0.358     0.666     1.471     0.140
 51       pi0     111 [33] (81,82)   
                                 0.841     0.269     0.259     0.930     0.135
------------------------------------------------------------------------------
     Sum of momenta:            -2e-05    -2e-05    -2e-05      27.8      27.8
------------------------------------------------------------------------------
Step 4 performed by DecayHandler
--- intermediates:
 55      rho0     113 [37] (57,58)   
                                -0.492     0.104    -0.133     0.709     0.482
 60       pi0     111 [41] (62,63)   
                                -0.075    -0.698    -0.246     0.756     0.135
 64      K_S0     310 [44] (65,66)   
                                -0.375    -0.872    -1.836     2.126     0.498
 65       pi0     111 [64] (67,68)   
                                -0.302    -0.275    -0.987     1.077     0.135
 66       pi0     111 [64] (69,70)   
                                -0.073    -0.597    -0.849     1.049     0.135
 71      rho+     213 [48] (73,74)   
                                -0.563     1.179     1.045     1.738     0.471
 73       pi0     111 [71] (75,76)   
                                -0.158     0.161     0.332     0.423     0.135
 77       pi0     111 [49] (79,80)   
                                 0.181     0.678     0.774     1.053     0.135
--- final:
 34       pi-    -211 [21]    
                                -0.168     0.778     0.746     1.100     0.140
 38        K+     321 [25]    
                                -0.698    -0.646     1.286     1.674     0.494
 39        K-    -321 [25]    
                                 0.319    -0.775     1.009     1.402     0.494
 42       pi-    -211 [29]    
                                 0.134    -0.015     0.098     0.218     0.140
 43       pi+     211 [29]    
                                -0.296    -0.543    -0.755     0.986     0.140
 45        K-    -321 [30]    
                                -0.085    -0.669    -1.471     1.692     0.494
 46     nbar0   -2112 [31]    
                                 0.526    -0.378    -0.423     1.217     0.940
 47        n0    2112 [31]    
                                -1.036    -1.380    -1.626     2.551     0.940
 50       pi-    -211 [33]    
                                 1.255    -0.358     0.666     1.471     0.140
 52      K_L0     130 [35]    
                                 0.289     2.102     1.324     2.550     0.498
 53     gamma      22 [36]    
                                -0.050    -0.344    -0.462     0.578     0.000
 54     gamma      22 [36]    
                                -0.033    -0.049    -0.017     0.062     0.000
 56       pi+     211 [37]    
                                -0.082    -0.690    -0.736     1.022     0.140
 57       pi+     211 [55]    
                                -0.055     0.176    -0.029     0.233     0.140
 58       pi-    -211 [55]    
                                -0.436    -0.072    -0.104     0.475     0.140
 59      K_L0     130 [40]    
                                 0.013    -0.363    -0.525     0.810     0.498
 61       pi+     211 [41]    
                                -0.194     0.173    -0.135     0.324     0.140
 62     gamma      22 [60]    
                                -0.046    -0.156    -0.006     0.163     0.000
 63     gamma      22 [60]    
                                -0.029    -0.542    -0.240     0.593     0.000
 67     gamma      22 [65]    
                                -0.196    -0.255    -0.723     0.792     0.000
 68     gamma      22 [65]    
                                -0.106    -0.019    -0.264     0.285     0.000
 69     gamma      22 [66]    
                                -0.084    -0.173    -0.271     0.332     0.000
 70     gamma      22 [66]    
                                 0.011    -0.424    -0.578     0.717     0.000
 72       pi-    -211 [48]    
                                -0.047     0.711     0.313     0.791     0.140
 74       pi+     211 [71]    
                                -0.404     1.018     0.713     1.314     0.140
 75     gamma      22 [73]    
                                -0.012     0.106     0.138     0.175     0.000
 76     gamma      22 [73]    
                                -0.146     0.055     0.193     0.249     0.000
 78       pi+     211 [49]    
                                 0.634     1.784     0.845     2.078     0.140
 79     gamma      22 [77]    
                                 0.020     0.182     0.283     0.337     0.000
 80     gamma      22 [77]    
                                 0.161     0.496     0.490     0.716     0.000
 81     gamma      22 [51]    
                                 0.456     0.079     0.158     0.489     0.000
 82     gamma      22 [51]    
                                 0.386     0.190     0.101     0.442     0.000
------------------------------------------------------------------------------
     Sum of momenta:            -2e-05    -2e-05    -2e-05      27.8      27.8

The following exception classes were reported in this run:
ThePEG::EventHandler::ConsistencyException warning (1 times)
ThePEG::LesHouchesReader::LesHouchesReopenWarning warning (1 times)
