>>>>>>>>>>>>>>>>>>>>>>>>>>>>>>>>>>>>>>>>>>>>>>>>>>>>>>>>>>>>>>>>>>>>>>>>>>>>>>
>>>> Toolkit for HEP Event Generation - ThePEG 2.2.0 <<<<<<<<<<<<<<<<<<<<<<<<<
>>>> Tue Jun 30 00:56:03 2020                                             <<<<
<<<<<<<<<<<<<<<<<<<<<<<<<<<<<<<<<<<<<<<<<<<<<<<<<<<<<<<<<<<<<<<<<<<<<<<<<<<<<<

>> Herwig 7.2.0 / ThePEG 2.2.0

/Herwig/EventHandlers/NoCuts:
MHat  = 2 .. 16.1221 GeV
Scale = 0 .. 1e+12 GeV2
YHat  = -100 .. 100
X1    = 0 .. 1
X2    = 0 .. 1

* A warning exception of type ThePEG::LesHouchesReader::LesHouchesReopenWarning occurred while generating event number 1: 
Reopening LesHouchesReader 'myReader' after accessing 2 events out of 1
* A warning exception of type ThePEG::EventHandler::ConsistencyException occurred while generating event number 1: 
Event handler 'myLesHouchesHandler' found energy-momentum non-conservation by (-1e-05,-2e-05,-2e-05;2.99998e-05) GeV after generating step number 4.

******************************************************************************
Event number 1 (id: ./OUTPUT/0.95MB1.05/1515370160/TMP/Cluster_HERWIGOutput_39) performed by myLesHouchesHandler
Weight: 1
==============================================================================

--- Colliding particles:
  1        e-      11  (3)   
                                 4.031     0.000     0.000     4.031     0.000
  2        e+     -11  (3)   
                                -4.031     0.000    -0.000     4.031     0.000
------------------------------------------------------------------------------
Primary sub-process performed by myReader
--- incoming:
  1        e-      11  (3)   
                                 4.031     0.000     0.000     4.031     0.000
  2        e+     -11  (3)   
                                -4.031     0.000    -0.000     4.031     0.000
--- intermediates:
  3     gamma      22 [1,2] (4..7)   
                                -0.000     0.000     0.000     8.061     8.061
--- outgoing:
  4         g      21 [3] (8)  5>>5 {+1,-2}
                                -1.227    -0.375     0.785     1.504     0.000
  5         g      21 [3] (9)  4>>4 {+2,-1}
                                -0.460     1.821     0.697     2.003     0.000
  6         g      21 [3] (10)  7>>7 {+3,-4}
                                 1.638    -1.784    -2.500     3.480     0.000
  7         g      21 [3] (11)  6>>6 {+4,-3}
                                 0.049     0.338     1.017     1.073     0.000
------------------------------------------------------------------------------
Step 1 performed by myLesHouchesHandler
--- intermediates:
  1        e-      11  (3)   
                                 4.031     0.000     0.000     4.031     0.000
  2        e+     -11  (3)   
                                -4.031     0.000    -0.000     4.031     0.000
  3     gamma      22 [1,2] (4..7)   
                                -0.000     0.000     0.000     8.061     8.061
--- final:
  4         g      21 [3] (8)  5>>5 {+1,-2}
                                -1.227    -0.375     0.785     1.504     0.000
  5         g      21 [3] (9)  4>>4 {+2,-1}
                                -0.460     1.821     0.697     2.003     0.000
  6         g      21 [3] (10)  7>>7 {+3,-4}
                                 1.638    -1.784    -2.500     3.480     0.000
  7         g      21 [3] (11)  6>>6 {+4,-3}
                                 0.049     0.338     1.017     1.073     0.000
------------------------------------------------------------------------------
     Sum of momenta:            -2e-05    -2e-05    -2e-05      8.06      8.06
------------------------------------------------------------------------------
Step 2 performed by ShowerHandler
--- final:
  8         g      21 [4] (12,13)  9>>9 {+1,-2}
                                -1.059    -0.324     0.678     1.609     0.950
  9         g      21 [5] (14,15)  8>>8 {+2,-1}
                                -0.397     1.572     0.602     1.973     0.950
 10         g      21 [6] (16,17)  11>>11 {+3,-4}
                                 1.414    -1.540    -2.158     3.152     0.950
 11         g      21 [7] (18,19)  10>>10 {+4,-3}
                                 0.043     0.292     0.878     1.327     0.950
------------------------------------------------------------------------------
     Sum of momenta:            -2e-05    -2e-05    -2e-05      8.06      8.06
------------------------------------------------------------------------------
Step 3 performed by ClusterHadHandler
--- intermediates:
 12         d       1 [8] (20)   {+1}
                                -0.701    -0.488     0.599     1.092     0.325
 13      dbar      -1 [8] (21)   {-2}
                                -0.359     0.163     0.079     0.517     0.325
 14         d       1 [9] (21)   {+2}
                                -0.288     0.261     0.047     0.509     0.325
 15      dbar      -1 [9] (20)   {-1}
                                -0.109     1.311     0.555     1.464     0.325
 16         s       3 [10] (22)   {+3}
                                 0.572    -0.718    -1.143     1.533     0.450
 17      sbar      -3 [10] (23)   {-4}
                                 0.842    -0.822    -1.016     1.618     0.450
 18         d       1 [11] (23)   {+4}
                                 0.041     0.023    -0.026     0.329     0.325
 19      dbar      -1 [11] (22)   {-3}
                                 0.001     0.269     0.904     0.998     0.325
 20   Cluster      81 [12,15] (24,25)   
                                -0.810     0.823     1.154     2.557     1.967
 21   Cluster      81 [13,14] (26,27)   
                                -0.647     0.424     0.126     1.026     0.662
 22   Cluster      81 [16,19] (30,31)   
                                 0.574    -0.448    -0.239     2.531     2.412
 23   Cluster      81 [17,18] (28,29)   
                                 0.883    -0.799    -1.041     1.948     1.136
--- final:
 24       eta     221 [20] (32..34)   
                                -0.260     0.150     0.497     0.798     0.548
 25      a_20     115 [20] (41,42)   
                                -0.550     0.673     0.657     1.759     1.380
 26       pi0     111 [21] (47,48)   
                                -0.365     0.192    -0.236     0.494     0.135
 27       pi0     111 [21] (49,50)   
                                -0.282     0.233     0.362     0.532     0.135
 28       K*0     313 [23] (51,52)   
                                 0.610    -0.701    -0.841     1.570     0.946
 29       pi0     111 [23] (53,54)   
                                 0.273    -0.098    -0.200     0.378     0.135
 30     Kbar0    -311 [22] (55)   
                                 0.674    -0.784    -0.756     1.374     0.498
 31      a_10   20113 [22] (58,59)   
                                -0.101     0.335     0.517     1.157     0.974
------------------------------------------------------------------------------
     Sum of momenta:            -2e-05    -2e-05    -2e-05      8.06      8.06
------------------------------------------------------------------------------
Step 4 performed by DecayHandler
--- intermediates:
 32       pi0     111 [24] (35,36)   
                                -0.086     0.012     0.169     0.233     0.135
 33       pi0     111 [24] (37,38)   
                                 0.001     0.174     0.087     0.237     0.135
 34       pi0     111 [24] (39,40)   
                                -0.175    -0.035     0.241     0.328     0.135
 41      rho-    -213 [25] (43,44)   
                                 0.006     0.856     0.384     1.098     0.570
 43       pi0     111 [41] (45,46)   
                                -0.066     0.408     0.442     0.620     0.135
 55      K_S0     310 [30] (56,57)   
                                 0.674    -0.784    -0.756     1.374     0.498
 58      rho+     213 [31] (60,61)   
                                 0.112     0.331     0.361     0.859     0.696
 61       pi0     111 [58] (62,63)   
                                 0.320     0.166     0.401     0.556     0.135
--- final:
 35     gamma      22 [32]    
                                -0.033    -0.030     0.158     0.164     0.000
 36     gamma      22 [32]    
                                -0.053     0.042     0.011     0.069     0.000
 37     gamma      22 [33]    
                                 0.000     0.183     0.109     0.213     0.000
 38     gamma      22 [33]    
                                 0.000    -0.010    -0.021     0.024     0.000
 39     gamma      22 [34]    
                                -0.165    -0.012     0.251     0.301     0.000
 40     gamma      22 [34]    
                                -0.009    -0.023    -0.011     0.027     0.000
 42       pi+     211 [25]    
                                -0.556    -0.183     0.273     0.661     0.140
 44       pi-    -211 [41]    
                                 0.071     0.449    -0.058     0.479     0.140
 45     gamma      22 [43]    
                                 0.019     0.013     0.003     0.023     0.000
 46     gamma      22 [43]    
                                -0.085     0.395     0.439     0.597     0.000
 47     gamma      22 [26]    
                                -0.131     0.080    -0.164     0.225     0.000
 48     gamma      22 [26]    
                                -0.234     0.111    -0.072     0.269     0.000
 49     gamma      22 [27]    
                                -0.193     0.090     0.146     0.258     0.000
 50     gamma      22 [27]    
                                -0.089     0.143     0.216     0.274     0.000
 51        K+     321 [28]    
                                 0.738    -0.527    -0.512     1.153     0.494
 52       pi-    -211 [28]    
                                -0.128    -0.175    -0.329     0.418     0.140
 53     gamma      22 [29]    
                                 0.067     0.033    -0.032     0.081     0.000
 54     gamma      22 [29]    
                                 0.207    -0.131    -0.169     0.297     0.000
 56       pi+     211 [55]    
                                 0.545    -0.529    -0.717     1.053     0.140
 57       pi-    -211 [55]    
                                 0.129    -0.255    -0.039     0.320     0.140
 59       pi-    -211 [31]    
                                -0.213     0.004     0.156     0.298     0.140
 60       pi+     211 [58]    
                                -0.208     0.166    -0.040     0.303     0.140
 62     gamma      22 [61]    
                                 0.267     0.152     0.253     0.398     0.000
 63     gamma      22 [61]    
                                 0.053     0.014     0.148     0.158     0.000
------------------------------------------------------------------------------
     Sum of momenta:            -2e-05    -2e-05    -2e-05      8.06      8.06

The following exception classes were reported in this run:
ThePEG::EventHandler::ConsistencyException warning (1 times)
ThePEG::LesHouchesReader::LesHouchesReopenWarning warning (1 times)
