>>>>>>>>>>>>>>>>>>>>>>>>>>>>>>>>>>>>>>>>>>>>>>>>>>>>>>>>>>>>>>>>>>>>>>>>>>>>>>
>>>> Toolkit for HEP Event Generation - ThePEG 2.2.0 <<<<<<<<<<<<<<<<<<<<<<<<<
>>>> Tue Jun 30 00:18:22 2020                                             <<<<
<<<<<<<<<<<<<<<<<<<<<<<<<<<<<<<<<<<<<<<<<<<<<<<<<<<<<<<<<<<<<<<<<<<<<<<<<<<<<<

>> Herwig 7.2.0 / ThePEG 2.2.0

/Herwig/EventHandlers/NoCuts:
MHat  = 2 .. 31.7384 GeV
Scale = 0 .. 1e+12 GeV2
YHat  = -100 .. 100
X1    = 0 .. 1
X2    = 0 .. 1

* A warning exception of type ThePEG::LesHouchesReader::LesHouchesReopenWarning occurred while generating event number 1: 
Reopening LesHouchesReader 'myReader' after accessing 2 events out of 1
* A warning exception of type ThePEG::EventHandler::ConsistencyException occurred while generating event number 1: 
Event handler 'myLesHouchesHandler' found energy-momentum non-conservation by (-4.77485e-15,-2e-05,-3e-05;9.99959e-06) GeV after generating step number 4.

******************************************************************************
Event number 1 (id: ./OUTPUT/0.95MB1.05/1513512538/TMP/Cluster_HERWIGOutput_3) performed by myLesHouchesHandler
Weight: 1
==============================================================================

--- Colliding particles:
  1        e-      11  (3)   
                                 7.935     0.000     0.000     7.935     0.000
  2        e+     -11  (3)   
                                -7.935     0.000    -0.000     7.935     0.000
------------------------------------------------------------------------------
Primary sub-process performed by myReader
--- incoming:
  1        e-      11  (3)   
                                 7.935     0.000     0.000     7.935     0.000
  2        e+     -11  (3)   
                                -7.935     0.000    -0.000     7.935     0.000
--- intermediates:
  3     gamma      22 [1,2] (4..7)   
                                -0.000     0.000     0.000    15.869    15.869
--- outgoing:
  4         g      21 [3] (8)  6>>6 {+1,-2}
                                -2.476    -0.947    -1.470     3.031     0.000
  5         g      21 [3] (11)  7>>7 {+3,-4}
                                -1.673     2.722     2.205     3.882     0.000
  6         g      21 [3] (12)  4>>4 {+2,-1}
                                 6.036    -1.546     1.084     6.325     0.000
  7         g      21 [3] (15)  5>>5 {+4,-3}
                                -1.888    -0.230    -1.819     2.632     0.000
------------------------------------------------------------------------------
Step 1 performed by myLesHouchesHandler
--- intermediates:
  1        e-      11  (3)   
                                 7.935     0.000     0.000     7.935     0.000
  2        e+     -11  (3)   
                                -7.935     0.000    -0.000     7.935     0.000
  3     gamma      22 [1,2] (4..7)   
                                -0.000     0.000     0.000    15.869    15.869
--- final:
  4         g      21 [3] (8)  6>>6 {+1,-2}
                                -2.476    -0.947    -1.470     3.031     0.000
  5         g      21 [3] (11)  7>>7 {+3,-4}
                                -1.673     2.722     2.205     3.882     0.000
  6         g      21 [3] (12)  4>>4 {+2,-1}
                                 6.036    -1.546     1.084     6.325     0.000
  7         g      21 [3] (15)  5>>5 {+4,-3}
                                -1.888    -0.230    -1.819     2.632     0.000
------------------------------------------------------------------------------
     Sum of momenta:            -1e-05    -2e-05    -3e-05      15.9      15.9
------------------------------------------------------------------------------
Step 2 performed by ShowerHandler
--- intermediates:
  8         g      21 [4] (9,10)   {+1,-2}
                                -1.839    -0.703    -1.091     4.580     3.988
 12         g      21 [6] (13,14)   {+2,-1}
                                 4.483    -1.148     0.805     6.081     3.861
--- final:
  9         g      21 [8] (24,25)  10>>13 {+1,-5}
                                -0.078    -0.508     1.144     1.573     0.950
 10         g      21 [8] (26,27)  14>>9 {+5,-2}
                                -1.761    -0.195    -2.236     3.006     0.950
 11         g      21 [5] (16,17)  15>>15 {+3,-4}
                                -1.243     2.022     1.637     3.036     0.950
 13         g      21 [12] (20,21)  9>>14 {+6,-1}
                                 0.391     0.243     1.246     1.634     0.950
 14         g      21 [12] (22,23)  13>>10 {+2,-6}
                                 4.092    -1.392    -0.441     4.447     0.950
 15         g      21 [7] (18,19)  11>>11 {+4,-3}
                                -1.402    -0.171    -1.351     2.173     0.950
------------------------------------------------------------------------------
     Sum of momenta:            -1e-05    -2e-05    -3e-05      15.9      15.9
------------------------------------------------------------------------------
Step 3 performed by ClusterHadHandler
--- intermediates:
 16         d       1 [11] (32)   {+3}
                                -1.147     1.556     1.100     2.248     0.325
 17      dbar      -1 [11] (28)   {-4}
                                -0.095     0.466     0.538     0.788     0.325
 18         s       3 [15] (28)   {+4}
                                -0.887    -0.033    -0.681     1.206     0.450
 19      sbar      -3 [15] (33)   {-3}
                                -0.515    -0.137    -0.670     0.967     0.450
 20         s       3 [13] (29)   {+6}
                                 0.240    -0.023     0.573     0.768     0.450
 21      sbar      -3 [13] (32)   {-1}
                                 0.151     0.267     0.673     0.866     0.450
 22         s       3 [14] (30)   {+2}
                                 1.738    -0.732    -0.150     1.945     0.450
 23      sbar      -3 [14] (29)   {-6}
                                 2.354    -0.660    -0.291     2.502     0.450
 24         u       2 [9] (33)   {+1}
                                -0.177     0.000     0.136     0.394     0.325
 25      ubar      -2 [9] (31)   {-5}
                                 0.099    -0.508     1.008     1.179     0.325
 26         s       3 [10] (31)   {+5}
                                -1.035     0.020    -1.296     1.719     0.450
 27      sbar      -3 [10] (30)   {-2}
                                -0.726    -0.215    -0.939     1.288     0.450
 28   Cluster      81 [17,18] (38,39)   
                                -0.982     0.433    -0.143     1.994     1.674
 29   Cluster      81 [20,23] (44,45)   
                                 2.594    -0.684     0.282     3.270     1.849
 30   Cluster      81 [22,27] (40,41)   
                                 1.012    -0.947    -1.089     3.232     2.709
 31   Cluster      81 [25,26] (36,37)   
                                -0.935    -0.488    -0.288     2.898     2.684
 32   Cluster      81 [16,21] (42,43)   
                                -0.996     1.823     1.773     3.114     1.496
 33   Cluster      81 [19,24] (34,35)   
                                -0.692    -0.137    -0.534     1.361     1.034
--- final:
 34       pi+     211 [33]    
                                -0.086    -0.123     0.200     0.287     0.140
 35        K0     311 [33] (46)   
                                -0.606    -0.015    -0.735     1.075     0.498
 36       pi-    -211 [31]    
                                -1.194     0.277    -0.574     1.360     0.140
 37  K*_2bar0    -315 [31] (49,50)   
                                 0.258    -0.764     0.286     1.537     1.277
 38       pi+     211 [28]    
                                -0.599    -0.188    -0.474     0.799     0.140
 39       K*-    -323 [28] (54,55)   
                                -0.383     0.621     0.330     1.195     0.887
 40        K-    -321 [30]    
                                 1.428     0.205    -0.366     1.568     0.494
 41       K*+     323 [30] (57,58)   
                                -0.415    -1.152    -0.723     1.665     0.866
 42       pi-    -211 [32]    
                                -0.324     1.180     1.179     1.705     0.140
 43       K*+     323 [32] (62,63)   
                                -0.672     0.642     0.594     1.408     0.875
 44       K*-    -323 [29] (66,67)   
                                 1.151    -0.228     0.168     1.499     0.917
 45       K*+     323 [29] (70,71)   
                                 1.443    -0.456     0.114     1.771     0.914
------------------------------------------------------------------------------
     Sum of momenta:            -1e-05    -2e-05    -3e-05      15.9      15.9
------------------------------------------------------------------------------
Step 4 performed by DecayHandler
--- intermediates:
 46      K_S0     310 [35] (47,48)   
                                -0.606    -0.015    -0.735     1.075     0.498
 49       K*-    -323 [37] (51,52)   
                                -0.018    -0.833     0.171     1.200     0.847
 51     Kbar0    -311 [49] (53)   
                                -0.172    -0.482     0.297     0.773     0.498
 54     Kbar0    -311 [39] (56)   
                                -0.323     0.120     0.288     0.670     0.498
 57        K0     311 [41] (59)   
                                -0.190    -0.610    -0.132     0.821     0.498
 59      K_S0     310 [57] (60,61)   
                                -0.190    -0.610    -0.132     0.821     0.498
 63       pi0     111 [43] (64,65)   
                                 0.105     0.158     0.154     0.279     0.135
 67       pi0     111 [44] (68,69)   
                                 0.320    -0.369    -0.003     0.507     0.135
 70        K0     311 [45] (72)   
                                 1.185    -0.172     0.287     1.328     0.498
--- final:
 34       pi+     211 [33]    
                                -0.086    -0.123     0.200     0.287     0.140
 36       pi-    -211 [31]    
                                -1.194     0.277    -0.574     1.360     0.140
 38       pi+     211 [28]    
                                -0.599    -0.188    -0.474     0.799     0.140
 40        K-    -321 [30]    
                                 1.428     0.205    -0.366     1.568     0.494
 42       pi-    -211 [32]    
                                -0.324     1.180     1.179     1.705     0.140
 47       pi+     211 [46]    
                                -0.518     0.046    -0.326     0.630     0.140
 48       pi-    -211 [46]    
                                -0.088    -0.061    -0.409     0.445     0.140
 50       pi+     211 [37]    
                                 0.277     0.068     0.116     0.338     0.140
 52       pi-    -211 [49]    
                                 0.153    -0.350    -0.127     0.426     0.140
 53      K_L0     130 [51]    
                                -0.172    -0.482     0.297     0.773     0.498
 55       pi-    -211 [39]    
                                -0.060     0.501     0.042     0.525     0.140
 56      K_L0     130 [54]    
                                -0.323     0.120     0.288     0.670     0.498
 58       pi+     211 [41]    
                                -0.225    -0.541    -0.591     0.844     0.140
 60       pi+     211 [59]    
                                -0.125    -0.310    -0.274     0.455     0.140
 61       pi-    -211 [59]    
                                -0.065    -0.300     0.143     0.366     0.140
 62        K+     321 [43]    
                                -0.777     0.484     0.440     1.129     0.494
 64     gamma      22 [63]    
                                 0.056     0.167     0.088     0.197     0.000
 65     gamma      22 [63]    
                                 0.048    -0.008     0.067     0.083     0.000
 66        K-    -321 [44]    
                                 0.831     0.141     0.171     0.992     0.494
 68     gamma      22 [67]    
                                 0.277    -0.228    -0.011     0.359     0.000
 69     gamma      22 [67]    
                                 0.043    -0.141     0.009     0.148     0.000
 71       pi+     211 [45]    
                                 0.258    -0.284    -0.173     0.444     0.140
 72      K_L0     130 [70]    
                                 1.185    -0.172     0.287     1.328     0.498
------------------------------------------------------------------------------
     Sum of momenta:            -1e-05    -2e-05    -3e-05      15.9      15.9

The following exception classes were reported in this run:
ThePEG::EventHandler::ConsistencyException warning (1 times)
ThePEG::LesHouchesReader::LesHouchesReopenWarning warning (1 times)
