>>>>>>>>>>>>>>>>>>>>>>>>>>>>>>>>>>>>>>>>>>>>>>>>>>>>>>>>>>>>>>>>>>>>>>>>>>>>>>
>>>> Toolkit for HEP Event Generation - ThePEG 2.2.0 <<<<<<<<<<<<<<<<<<<<<<<<<
>>>> Tue Jun 30 00:27:27 2020                                             <<<<
<<<<<<<<<<<<<<<<<<<<<<<<<<<<<<<<<<<<<<<<<<<<<<<<<<<<<<<<<<<<<<<<<<<<<<<<<<<<<<

>> Herwig 7.2.0 / ThePEG 2.2.0

/Herwig/EventHandlers/NoCuts:
MHat  = 2 .. 21.4633 GeV
Scale = 0 .. 1e+12 GeV2
YHat  = -100 .. 100
X1    = 0 .. 1
X2    = 0 .. 1

* A warning exception of type ThePEG::LesHouchesReader::LesHouchesReopenWarning occurred while generating event number 1: 
Reopening LesHouchesReader 'myReader' after accessing 2 events out of 1
* A warning exception of type ThePEG::EventHandler::ConsistencyException occurred while generating event number 1: 
Event handler 'myLesHouchesHandler' found energy-momentum non-conservation by (-2e-05,-2e-05,-3e-05;1.99995e-05) GeV after generating step number 4.

******************************************************************************
Event number 1 (id: ./OUTPUT/0.95MB1.05/1512015332/TMP/Cluster_HERWIGOutput_14) performed by myLesHouchesHandler
Weight: 1
==============================================================================

--- Colliding particles:
  1        e-      11  (3)   
                                 5.366     0.000     0.000     5.366     0.000
  2        e+     -11  (3)   
                                -5.366     0.000     0.000     5.366     0.000
------------------------------------------------------------------------------
Primary sub-process performed by myReader
--- incoming:
  1        e-      11  (3)   
                                 5.366     0.000     0.000     5.366     0.000
  2        e+     -11  (3)   
                                -5.366     0.000     0.000     5.366     0.000
--- intermediates:
  3     gamma      22 [1,2] (4..7)   
                                 0.000     0.000     0.000    10.732    10.732
--- outgoing:
  4         g      21 [3] (8)  6>>6 {+1,-2}
                                 0.566    -0.221    -1.525     1.641     0.000
  5         g      21 [3] (9)  7>>7 {+3,-4}
                                -0.223     2.060     3.930     4.442     0.000
  6         g      21 [3] (10)  4>>4 {+2,-1}
                                 0.088     0.843     0.214     0.874     0.000
  7         g      21 [3] (11)  5>>5 {+4,-3}
                                -0.431    -2.682    -2.620     3.774     0.000
------------------------------------------------------------------------------
Step 1 performed by myLesHouchesHandler
--- intermediates:
  1        e-      11  (3)   
                                 5.366     0.000     0.000     5.366     0.000
  2        e+     -11  (3)   
                                -5.366     0.000     0.000     5.366     0.000
  3     gamma      22 [1,2] (4..7)   
                                 0.000     0.000     0.000    10.732    10.732
--- final:
  4         g      21 [3] (8)  6>>6 {+1,-2}
                                 0.566    -0.221    -1.525     1.641     0.000
  5         g      21 [3] (9)  7>>7 {+3,-4}
                                -0.223     2.060     3.930     4.442     0.000
  6         g      21 [3] (10)  4>>4 {+2,-1}
                                 0.088     0.843     0.214     0.874     0.000
  7         g      21 [3] (11)  5>>5 {+4,-3}
                                -0.431    -2.682    -2.620     3.774     0.000
------------------------------------------------------------------------------
     Sum of momenta:            -2e-05    -2e-05    -3e-05      10.7      10.7
------------------------------------------------------------------------------
Step 2 performed by ShowerHandler
--- intermediates:
 11         g      21 [7] (12,13)   {+4,-3}
                                -0.333    -2.075    -2.027     4.414     3.311
--- final:
  8         g      21 [4] (14,15)  10>>10 {+1,-2}
                                 0.438    -0.171    -1.180     1.586     0.950
  9         g      21 [5] (16,17)  13>>12 {+3,-4}
                                -0.172     1.593     3.040     3.566     0.950
 10         g      21 [6] (18,19)  8>>8 {+2,-1}
                                 0.068     0.652     0.166     1.166     0.950
 12         g      21 [11] (20,21)  9>>13 {+5,-3}
                                -0.937    -1.160     0.176     1.777     0.950
 13         g      21 [11] (22,23)  12>>9 {+4,-5}
                                 0.604    -0.914    -2.202     2.637     0.950
------------------------------------------------------------------------------
     Sum of momenta:            -2e-05    -2e-05    -3e-05      10.7      10.7
------------------------------------------------------------------------------
Step 3 performed by ClusterHadHandler
--- intermediates:
 14         s       3 [8] (24)   {+1}
                                 0.377    -0.053    -0.700     0.915     0.450
 15      sbar      -3 [8] (28)   {-2}
                                 0.061    -0.118    -0.480     0.671     0.450
 16         d       1 [9] (25)   {+3}
                                -0.303     1.109     1.528     1.939     0.325
 17      dbar      -1 [9] (27)   {-4}
                                 0.131     0.485     1.512     1.626     0.325
 18         s       3 [10] (27)   {+2}
                                -0.077     0.314     0.187     0.585     0.450
 19      sbar      -3 [10] (24)   {-1}
                                 0.145     0.338    -0.021     0.581     0.450
 20         u       2 [12] (26)   {+5}
                                -0.695    -0.997    -0.097     1.262     0.325
 21      ubar      -2 [12] (25)   {-3}
                                -0.242    -0.163     0.273     0.515     0.325
 22         s       3 [13] (28)   {+4}
                                 0.233    -0.604    -1.149     1.394     0.450
 23      sbar      -3 [13] (26)   {-5}
                                 0.371    -0.310    -1.053     1.243     0.450
 24   Cluster      81 [14,19] (31,32)   
                                 0.521     0.284    -0.720     1.496     1.169
 25   Cluster      81 [16,21] (29,30)   
                                -0.545     0.946     1.801     2.454     1.261
 26   Cluster      81 [20,23] (35,36)   
                                -0.324    -1.307    -1.150     2.505     1.772
 27   Cluster      81 [17,18] (37,38)   
                                 0.054     0.799     1.699     2.211     1.167
 28   Cluster      81 [15,22] (33,34)   
                                 0.294    -0.722    -1.629     2.065     1.001
--- final:
 29        K0     311 [25] (39)   
                                -0.462     0.488     1.489     1.708     0.498
 30        K-    -321 [25]    
                                -0.083     0.458     0.312     0.747     0.494
 31        K-    -321 [24]    
                                 0.370    -0.146    -0.417     0.759     0.494
 32        K+     321 [24]    
                                 0.152     0.430    -0.303     0.737     0.494
 33        K-    -321 [28]    
                                 0.086    -0.400    -0.890     1.097     0.494
 34        K+     321 [28]    
                                 0.208    -0.322    -0.739     0.968     0.494
 35       pi+     211 [26]    
                                -0.164    -0.813    -0.264     0.881     0.140
 36     K'_10   20313 [26] (42,43)   
                                -0.160    -0.495    -0.886     1.624     1.258
 37       K*-    -323 [27] (51,52)   
                                -0.137     0.678     1.433     1.835     0.914
 38       pi+     211 [27]    
                                 0.191     0.121     0.266     0.376     0.140
------------------------------------------------------------------------------
     Sum of momenta:            -2e-05    -2e-05    -3e-05      10.7      10.7
------------------------------------------------------------------------------
Step 4 performed by DecayHandler
--- intermediates:
 39      K_S0     310 [29] (40,41)   
                                -0.462     0.488     1.489     1.708     0.498
 42       K*0     313 [36] (44,45)   
                                 0.075    -0.434    -0.872     1.346     0.926
 43       pi0     111 [36] (49,50)   
                                -0.235    -0.060    -0.014     0.278     0.135
 44        K0     311 [42] (46)   
                                 0.025    -0.380    -0.201     0.658     0.498
 45       pi0     111 [42] (47,48)   
                                 0.050    -0.054    -0.670     0.688     0.135
 51     Kbar0    -311 [37] (53)   
                                -0.105     0.690     0.754     1.142     0.498
--- final:
 30        K-    -321 [25]    
                                -0.083     0.458     0.312     0.747     0.494
 31        K-    -321 [24]    
                                 0.370    -0.146    -0.417     0.759     0.494
 32        K+     321 [24]    
                                 0.152     0.430    -0.303     0.737     0.494
 33        K-    -321 [28]    
                                 0.086    -0.400    -0.890     1.097     0.494
 34        K+     321 [28]    
                                 0.208    -0.322    -0.739     0.968     0.494
 35       pi+     211 [26]    
                                -0.164    -0.813    -0.264     0.881     0.140
 38       pi+     211 [27]    
                                 0.191     0.121     0.266     0.376     0.140
 40       pi+     211 [39]    
                                -0.214     0.047     0.803     0.844     0.140
 41       pi-    -211 [39]    
                                -0.247     0.441     0.686     0.864     0.140
 46      K_L0     130 [44]    
                                 0.025    -0.380    -0.201     0.658     0.498
 47     gamma      22 [45]    
                                -0.005    -0.012     0.001     0.013     0.000
 48     gamma      22 [45]    
                                 0.055    -0.042    -0.671     0.675     0.000
 49     gamma      22 [43]    
                                -0.206    -0.052    -0.062     0.221     0.000
 50     gamma      22 [43]    
                                -0.029    -0.009     0.048     0.057     0.000
 52       pi-    -211 [37]    
                                -0.032    -0.011     0.679     0.694     0.140
 53      K_L0     130 [51]    
                                -0.105     0.690     0.754     1.142     0.498
------------------------------------------------------------------------------
     Sum of momenta:            -2e-05    -2e-05    -3e-05      10.7      10.7

The following exception classes were reported in this run:
ThePEG::EventHandler::ConsistencyException warning (1 times)
ThePEG::LesHouchesReader::LesHouchesReopenWarning warning (1 times)
