>>>>>>>>>>>>>>>>>>>>>>>>>>>>>>>>>>>>>>>>>>>>>>>>>>>>>>>>>>>>>>>>>>>>>>>>>>>>>>
>>>> Toolkit for HEP Event Generation - ThePEG 2.2.0 <<<<<<<<<<<<<<<<<<<<<<<<<
>>>> Tue Jun 30 00:26:18 2020                                             <<<<
<<<<<<<<<<<<<<<<<<<<<<<<<<<<<<<<<<<<<<<<<<<<<<<<<<<<<<<<<<<<<<<<<<<<<<<<<<<<<<

>> Herwig 7.2.0 / ThePEG 2.2.0

/Herwig/EventHandlers/NoCuts:
MHat  = 2 .. 27.5629 GeV
Scale = 0 .. 1e+12 GeV2
YHat  = -100 .. 100
X1    = 0 .. 1
X2    = 0 .. 1

* A warning exception of type ThePEG::LesHouchesReader::LesHouchesReopenWarning occurred while generating event number 1: 
Reopening LesHouchesReader 'myReader' after accessing 2 events out of 1
* A warning exception of type ThePEG::EventHandler::ConsistencyException occurred while generating event number 1: 
Event handler 'myLesHouchesHandler' found energy-momentum non-conservation by (-1e-05,-3e-05,-3e-05;9.99942e-06) GeV after generating step number 4.

******************************************************************************
Event number 1 (id: ./OUTPUT/0.95MB1.05/1514657259/TMP/Cluster_HERWIGOutput_13) performed by myLesHouchesHandler
Weight: 1
==============================================================================

--- Colliding particles:
  1        e-      11  (3)   
                                 6.891     0.000     0.000     6.891     0.000
  2        e+     -11  (3)   
                                -6.891     0.000    -0.000     6.891     0.000
------------------------------------------------------------------------------
Primary sub-process performed by myReader
--- incoming:
  1        e-      11  (3)   
                                 6.891     0.000     0.000     6.891     0.000
  2        e+     -11  (3)   
                                -6.891     0.000    -0.000     6.891     0.000
--- intermediates:
  3     gamma      22 [1,2] (4..8)   
                                 0.000     0.000    -0.000    13.781    13.781
--- outgoing:
  4         g      21 [3] (9)  5>>8 {+1,-2}
                                -0.991     0.685     0.235     1.227     0.000
  5         g      21 [3] (10)  8>>4 {+2,-3}
                                 1.273     0.416    -0.360     1.387     0.000
  6         g      21 [3] (11)  7>>7 {+4,-5}
                                -0.396     0.919    -1.476     1.783     0.000
  7         g      21 [3] (12)  6>>6 {+5,-4}
                                 0.717    -2.755     5.055     5.802     0.000
  8         g      21 [3] (13)  4>>5 {+3,-1}
                                -0.604     0.735    -3.454     3.583     0.000
------------------------------------------------------------------------------
Step 1 performed by myLesHouchesHandler
--- intermediates:
  1        e-      11  (3)   
                                 6.891     0.000     0.000     6.891     0.000
  2        e+     -11  (3)   
                                -6.891     0.000    -0.000     6.891     0.000
  3     gamma      22 [1,2] (4..8)   
                                 0.000     0.000    -0.000    13.781    13.781
--- final:
  4         g      21 [3] (9)  5>>8 {+1,-2}
                                -0.991     0.685     0.235     1.227     0.000
  5         g      21 [3] (10)  8>>4 {+2,-3}
                                 1.273     0.416    -0.360     1.387     0.000
  6         g      21 [3] (11)  7>>7 {+4,-5}
                                -0.396     0.919    -1.476     1.783     0.000
  7         g      21 [3] (12)  6>>6 {+5,-4}
                                 0.717    -2.755     5.055     5.802     0.000
  8         g      21 [3] (13)  4>>5 {+3,-1}
                                -0.604     0.735    -3.454     3.583     0.000
------------------------------------------------------------------------------
     Sum of momenta:            -2e-05    -3e-05    -3e-05      13.8      13.8
------------------------------------------------------------------------------
Step 2 performed by ShowerHandler
--- final:
  9         g      21 [4] (14,15)  10>>13 {+1,-2}
                                -0.909     0.628     0.216     1.473     0.950
 10         g      21 [5] (16,17)  13>>9 {+2,-3}
                                 1.168     0.382    -0.330     1.588     0.950
 11         g      21 [6] (18,19)  12>>12 {+4,-5}
                                -0.363     0.843    -1.354     1.892     0.950
 12         g      21 [7] (20,21)  11>>11 {+5,-4}
                                 0.658    -2.528     4.638     5.407     0.950
 13         g      21 [8] (22,23)  9>>10 {+3,-1}
                                -0.554     0.674    -3.169     3.422     0.950
------------------------------------------------------------------------------
     Sum of momenta:            -2e-05    -3e-05    -3e-05      13.8      13.8
------------------------------------------------------------------------------
Step 3 performed by ClusterHadHandler
--- intermediates:
 14         u       2 [9] (24)   {+1}
                                -0.931     0.452     0.192     1.102     0.325
 15      ubar      -2 [9] (25)   {-2}
                                 0.022     0.176     0.024     0.371     0.325
 16         u       2 [10] (25)   {+2}
                                 0.175     0.085    -0.329     0.501     0.325
 17      ubar      -2 [10] (28)   {-3}
                                 0.993     0.297    -0.001     1.086     0.325
 18         u       2 [11] (26)   {+4}
                                 0.158     0.205    -0.287     0.505     0.325
 19      ubar      -2 [11] (27)   {-5}
                                -0.521     0.638    -1.068     1.387     0.325
 20         u       2 [12] (28)   {+5}
                                 0.538    -1.736     2.559     3.156     0.325
 21      ubar      -2 [12] (26)   {-4}
                                 0.120    -0.791     2.079     2.251     0.325
 22         u       2 [13] (27)   {+3}
                                -0.593     0.202    -1.543     1.697     0.325
 23      ubar      -2 [13] (24)   {-1}
                                 0.040     0.472    -1.627     1.725     0.325
 24   Cluster      81 [14,23] (35,36)   
                                -0.892     0.924    -1.434     2.827     2.070
 25   Cluster      81 [15,16] (37,38)   
                                 0.197     0.261    -0.305     0.872     0.749
 26   Cluster      81 [18,21] (31,32)   
                                 0.278    -0.587     1.792     2.756     1.991
 27   Cluster      81 [19,22] (33,34)   
                                -1.114     0.840    -2.610     3.084     0.865
 28   Cluster      81 [17,20] (29,30)   
                                 1.531    -1.439     2.558     4.242     2.653
--- final:
 29      a_1+   20213 [28] (39,40)   
                                 0.363    -1.675     1.974     2.908     1.273
 30       pi-    -211 [28]    
                                 1.168     0.235     0.584     1.334     0.140
 31    rho_3+     217 [26] (47,48)   
                                 0.076    -0.460     1.256     2.153     1.685
 32       pi-    -211 [26]    
                                 0.202    -0.126     0.536     0.603     0.140
 33       pi+     211 [27]    
                                -0.721     0.059    -0.953     1.205     0.140
 34       pi-    -211 [27]    
                                -0.393     0.782    -1.657     1.879     0.140
 35       pi+     211 [24]    
                                -0.595     0.298    -1.218     1.395     0.140
 36      b_1-  -10213 [24] (51,52)   
                                -0.296     0.626    -0.216     1.431     1.234
 37       eta     221 [25] (59..61)   
                                 0.169     0.099    -0.127     0.595     0.548
 38       pi0     111 [25] (68,69)   
                                 0.028     0.162    -0.178     0.277     0.135
------------------------------------------------------------------------------
     Sum of momenta:            -2e-05    -3e-05    -3e-05      13.8      13.8
------------------------------------------------------------------------------
Step 4 performed by DecayHandler
--- intermediates:
 39    rho''+   30213 [29] (41,42)   
                                 0.345    -0.985     1.764     2.174     0.724
 40       pi0     111 [29] (45,46)   
                                 0.018    -0.690     0.210     0.733     0.135
 41       pi0     111 [39] (43,44)   
                                 0.210    -0.117     0.112     0.297     0.135
 48       pi0     111 [31] (49,50)   
                                 0.837    -0.008     0.692     1.095     0.135
 51     omega     223 [36] (53,54)   
                                 0.067     0.375    -0.360     0.946     0.788
 53      rho-    -213 [51] (55,56)   
                                 0.229     0.402    -0.229     0.694     0.464
 55       pi0     111 [53] (57,58)   
                                 0.144     0.369    -0.010     0.419     0.135
 59       pi0     111 [37] (62,63)   
                                 0.176     0.035    -0.170     0.281     0.135
 60       pi0     111 [37] (64,65)   
                                -0.042    -0.016    -0.015     0.143     0.135
 61       pi0     111 [37] (66,67)   
                                 0.035     0.079     0.058     0.171     0.135
--- final:
 30       pi-    -211 [28]    
                                 1.168     0.235     0.584     1.334     0.140
 32       pi-    -211 [26]    
                                 0.202    -0.126     0.536     0.603     0.140
 33       pi+     211 [27]    
                                -0.721     0.059    -0.953     1.205     0.140
 34       pi-    -211 [27]    
                                -0.393     0.782    -1.657     1.879     0.140
 35       pi+     211 [24]    
                                -0.595     0.298    -1.218     1.395     0.140
 42       pi+     211 [39]    
                                 0.135    -0.868     1.653     1.877     0.140
 43     gamma      22 [41]    
                                 0.186    -0.140     0.121     0.262     0.000
 44     gamma      22 [41]    
                                 0.023     0.024    -0.009     0.035     0.000
 45     gamma      22 [40]    
                                 0.032    -0.250     0.140     0.288     0.000
 46     gamma      22 [40]    
                                -0.014    -0.439     0.070     0.445     0.000
 47       pi+     211 [31]    
                                -0.761    -0.453     0.564     1.059     0.140
 49     gamma      22 [48]    
                                 0.188    -0.029     0.096     0.213     0.000
 50     gamma      22 [48]    
                                 0.649     0.021     0.596     0.881     0.000
 52       pi-    -211 [36]    
                                -0.363     0.252     0.144     0.485     0.140
 54       pi+     211 [51]    
                                -0.162    -0.027    -0.131     0.252     0.140
 56       pi-    -211 [53]    
                                 0.085     0.033    -0.219     0.275     0.140
 57     gamma      22 [55]    
                                 0.117     0.352     0.025     0.372     0.000
 58     gamma      22 [55]    
                                 0.027     0.018    -0.035     0.047     0.000
 62     gamma      22 [59]    
                                 0.101     0.073    -0.047     0.133     0.000
 63     gamma      22 [59]    
                                 0.074    -0.037    -0.123     0.148     0.000
 64     gamma      22 [60]    
                                -0.064     0.018     0.039     0.077     0.000
 65     gamma      22 [60]    
                                 0.021    -0.033    -0.053     0.066     0.000
 66     gamma      22 [61]    
                                 0.066    -0.006     0.008     0.067     0.000
 67     gamma      22 [61]    
                                -0.031     0.086     0.050     0.104     0.000
 68     gamma      22 [38]    
                                 0.037    -0.010    -0.051     0.064     0.000
 69     gamma      22 [38]    
                                -0.009     0.171    -0.127     0.213     0.000
------------------------------------------------------------------------------
     Sum of momenta:            -2e-05    -3e-05    -3e-05      13.8      13.8

The following exception classes were reported in this run:
ThePEG::EventHandler::ConsistencyException warning (1 times)
ThePEG::LesHouchesReader::LesHouchesReopenWarning warning (1 times)
