>>>>>>>>>>>>>>>>>>>>>>>>>>>>>>>>>>>>>>>>>>>>>>>>>>>>>>>>>>>>>>>>>>>>>>>>>>>>>>
>>>> Toolkit for HEP Event Generation - ThePEG 2.2.1 <<<<<<<<<<<<<<<<<<<<<<<<<
>>>> Mon Jun 22 19:53:03 2020                                             <<<<
<<<<<<<<<<<<<<<<<<<<<<<<<<<<<<<<<<<<<<<<<<<<<<<<<<<<<<<<<<<<<<<<<<<<<<<<<<<<<<

>> Herwig 7.2.1 / ThePEG 2.2.1

/Herwig/EventHandlers/NoCuts:
MHat  = 2 .. 34.7009 GeV
Scale = 0 .. 1e+12 GeV2
YHat  = -100 .. 100
X1    = 0 .. 1
X2    = 0 .. 1

* A warning exception of type ThePEG::LesHouchesReader::LesHouchesReopenWarning occurred while generating event number 1: 
Reopening LesHouchesReader 'myReader' after accessing 2 events out of 1
* A warning exception of type ThePEG::EventHandler::ConsistencyException occurred while generating event number 1: 
Event handler 'myLesHouchesHandler' found energy-momentum non-conservation by (2.57216e-15,-3e-05,-2e-05;9.99963e-06) GeV after generating step number 4.

******************************************************************************
Event number 1 (id: TMP/Cluster_HERWIGOutput_27) performed by myLesHouchesHandler
Weight: 1
==============================================================================

--- Colliding particles:
  1        e-      11  (3)   
                                 8.675     0.000     0.000     8.675     0.000
  2        e+     -11  (3)   
                                -8.675     0.000     0.000     8.675     0.000
------------------------------------------------------------------------------
Primary sub-process performed by myReader
--- incoming:
  1        e-      11  (3)   
                                 8.675     0.000     0.000     8.675     0.000
  2        e+     -11  (3)   
                                -8.675     0.000     0.000     8.675     0.000
--- intermediates:
  3     gamma      22 [1,2] (4..7)   
                                 0.000     0.000    -0.000    17.350    17.350
--- outgoing:
  4         g      21 [3] (8)  5>>6 {+1,-2}
                                 2.549    -2.277     2.884     4.473     0.000
  5         g      21 [3] (9)  7>>4 {+2,-3}
                                 1.613     0.999    -2.566     3.192     0.000
  6         g      21 [3] (10)  4>>7 {+4,-1}
                                -2.130     3.850    -3.104     5.384     0.000
  7         g      21 [3] (15)  6>>5 {+3,-4}
                                -2.033    -2.572     2.786     4.302     0.000
------------------------------------------------------------------------------
Step 1 performed by myLesHouchesHandler
--- intermediates:
  1        e-      11  (3)   
                                 8.675     0.000     0.000     8.675     0.000
  2        e+     -11  (3)   
                                -8.675     0.000     0.000     8.675     0.000
  3     gamma      22 [1,2] (4..7)   
                                 0.000     0.000    -0.000    17.350    17.350
--- final:
  4         g      21 [3] (8)  5>>6 {+1,-2}
                                 2.549    -2.277     2.884     4.473     0.000
  5         g      21 [3] (9)  7>>4 {+2,-3}
                                 1.613     0.999    -2.566     3.192     0.000
  6         g      21 [3] (10)  4>>7 {+4,-1}
                                -2.130     3.850    -3.104     5.384     0.000
  7         g      21 [3] (15)  6>>5 {+3,-4}
                                -2.033    -2.572     2.786     4.302     0.000
------------------------------------------------------------------------------
     Sum of momenta:            -1e-05    -3e-05    -2e-05      17.4      17.4
------------------------------------------------------------------------------
Step 2 performed by ShowerHandler
--- intermediates:
 10         g      21 [6] (11,12)   {+4,-1}
                                -1.559     2.818    -2.272     6.279     4.888
 12         g      21 [10] (13,14)   {+4,-5}
                                 0.295     2.388    -1.254     3.921     2.831
 15         g      21 [7] (16,17)   {+3,-4}
                                -1.488    -1.883     2.039     5.140     4.062
--- final:
  8         g      21 [4] (18,19)  9>>11 {+1,-2}
                                 1.866    -1.667     2.112     3.409     0.950
  9         g      21 [5] (20,21)  16>>8 {+2,-3}
                                 1.181     0.732    -1.879     2.522     0.950
 11         g      21 [10] (22,23)  8>>14 {+5,-1}
                                -1.854     0.431    -1.018     2.358     0.950
 13         g      21 [12] (24,25)  14>>17 {+4,-6}
                                 1.035     0.560    -0.348     1.552     0.950
 14         g      21 [12] (26,27)  11>>13 {+6,-5}
                                -0.740     1.827    -0.906     2.369     0.950
 16         c       4 [15] (31)  >9 {+3}
                                -0.550    -0.092     1.917     2.558     1.600
 17      cbar      -4 [15] (29)  13> {-4}
                                -0.938    -1.791     0.122     2.581     1.600
------------------------------------------------------------------------------
     Sum of momenta:            -1e-05    -3e-05    -2e-05      17.4      17.4
------------------------------------------------------------------------------
Step 3 performed by ClusterHadHandler
--- intermediates:
 18         d       1 [8] (31)   {+1}
                                 1.154    -0.977     0.826     1.753     0.325
 19      dbar      -1 [8] (28)   {-2}
                                 0.712    -0.690     1.286     1.656     0.325
 20         u       2 [9] (28)   {+2}
                                 0.213     0.401    -0.367     0.668     0.325
 21      ubar      -2 [9] (32)   {-3}
                                 0.968     0.330    -1.511     1.854     0.325
 22         u       2 [11] (31)   {+5}
                                -0.724    -0.099    -0.178     0.819     0.325
 23      ubar      -2 [11] (32)   {-1}
                                -1.130     0.529    -0.840     1.539     0.325
 24         s       3 [13] (29)   {+4}
                                 0.301     0.211    -0.177     0.608     0.450
 25      sbar      -3 [13] (30)   {-6}
                                 0.734     0.350    -0.171     0.945     0.450
 26         u       2 [14] (30)   {+6}
                                -0.247     0.984    -0.803     1.334     0.325
 27      ubar      -2 [14] (32)   {-5}
                                -0.494     0.843    -0.104     1.035     0.325
 28   Cluster      81 [19,20] (35,36)   
                                 0.925    -0.289     0.919     2.325     1.903
 29   Cluster      81 [17,24] (37,38)   
                                -0.637    -1.580    -0.055     3.189     2.695
 30   Cluster      81 [25,26] (39,40)   
                                 0.487     1.334    -0.974     2.279     1.493
 31   Cluster      81 [16,18,22] (33)   
                                -0.119    -1.168     2.565     5.131     4.286
 32   Cluster      81 [21,23,27] (34)   
                                -0.656     1.703    -2.455     4.428     3.201
 33   Cluster      81 [31] (41,42)   
                                -0.119    -1.168     2.565     5.131     4.286
 34   Cluster      81 [32] (43,44)   
                                -0.656     1.703    -2.455     4.428     3.201
--- final:
 35       pi0     111 [28] (45,46)   
                                -0.276     0.241    -0.057     0.395     0.135
 36      b_1+   10213 [28] (47,48)   
                                 1.201    -0.530     0.976     1.930     1.023
 37        K-    -321 [29]    
                                -0.092    -0.059    -0.466     0.687     0.494
 38     Dbar0    -421 [29] (55,56)   
                                -0.545    -1.521     0.411     2.501     1.865
 39        K+     321 [30]    
                                 0.316     0.049    -0.038     0.589     0.494
 40       eta     221 [30] (61..63)   
                                 0.171     1.285    -0.935     1.689     0.548
 41     D'_10   20423 [33] (66,67)   
                                -0.462    -0.933     3.123     3.963     2.205
 42        p+    2212 [33]    
                                 0.343    -0.234    -0.559     1.168     0.938
 43    rho''-  -30213 [34] (84,85)   
                                -0.163     1.177    -1.069     2.481     1.898
 44 Deltabar-   -2214 [34] (92,93)   
                                -0.493     0.525    -1.386     1.947     1.161
------------------------------------------------------------------------------
     Sum of momenta:            -1e-05    -3e-05    -2e-05      17.4      17.4
------------------------------------------------------------------------------
Step 4 performed by DecayHandler
--- intermediates:
 47     omega     223 [36] (49,50)   
                                 0.652    -0.337     0.553     1.196     0.766
 49      rho0     113 [47] (51,52)   
                                 0.309    -0.076     0.348     0.701     0.518
 50       pi0     111 [47] (53,54)   
                                 0.343    -0.261     0.204     0.495     0.135
 55      rho-    -213 [38] (57,58)   
                                -0.783    -0.293    -0.043     1.082     0.686
 58       pi0     111 [55] (59,60)   
                                 0.061     0.055    -0.002     0.158     0.135
 63       pi0     111 [40] (64,65)   
                                -0.013     0.318    -0.194     0.397     0.135
 66       D*0     423 [41] (68,69)   
                                -0.313    -0.933     2.817     3.596     2.007
 67       pi0     111 [41] (82,83)   
                                -0.149    -0.000     0.306     0.366     0.135
 68        D0     421 [66] (70,71)   
                                -0.276    -0.848     2.548     3.281     1.865
 69       pi0     111 [66] (80,81)   
                                -0.037    -0.086     0.269     0.315     0.135
 70      K_S0     310 [68] (72,73)   
                                -0.532     0.173     0.829     1.117     0.498
 71     omega     223 [68] (74,75)   
                                 0.256    -1.021     1.720     2.164     0.787
 74      rho-    -213 [71] (76,77)   
                                 0.344    -0.506     1.111     1.350     0.464
 76       pi0     111 [74] (78,79)   
                                 0.223    -0.215     0.860     0.924     0.135
 84      a_10   20113 [43] (86,87)   
                                 0.070     1.080    -0.537     1.876     1.435
 86      rho+     213 [84] (88,89)   
                                 0.170     0.798    -0.821     1.441     0.858
 89       pi0     111 [86] (90,91)   
                                -0.184     0.711    -0.720     1.037     0.135
 93       pi0     111 [44] (94,95)   
                                -0.207     0.071    -0.127     0.287     0.135
--- final:
 37        K-    -321 [29]    
                                -0.092    -0.059    -0.466     0.687     0.494
 39        K+     321 [30]    
                                 0.316     0.049    -0.038     0.589     0.494
 42        p+    2212 [33]    
                                 0.343    -0.234    -0.559     1.168     0.938
 45     gamma      22 [35]    
                                -0.270     0.202    -0.016     0.338     0.000
 46     gamma      22 [35]    
                                -0.006     0.039    -0.041     0.057     0.000
 48       pi+     211 [36]    
                                 0.550    -0.193     0.424     0.734     0.140
 51       pi+     211 [49]    
                                 0.245     0.146     0.099     0.333     0.140
 52       pi-    -211 [49]    
                                 0.064    -0.222     0.249     0.367     0.140
 53     gamma      22 [50]    
                                 0.239    -0.192     0.209     0.371     0.000
 54     gamma      22 [50]    
                                 0.103    -0.070    -0.004     0.125     0.000
 56        K+     321 [38]    
                                 0.238    -1.228     0.454     1.419     0.494
 57       pi-    -211 [55]    
                                -0.844    -0.348    -0.040     0.924     0.140
 59     gamma      22 [58]    
                                 0.051     0.081     0.043     0.105     0.000
 60     gamma      22 [58]    
                                 0.010    -0.026    -0.045     0.053     0.000
 61       pi+     211 [40]    
                                 0.044     0.121    -0.155     0.245     0.140
 62       pi-    -211 [40]    
                                 0.141     0.845    -0.585     1.047     0.140
 64     gamma      22 [63]    
                                -0.064     0.099    -0.042     0.125     0.000
 65     gamma      22 [63]    
                                 0.051     0.219    -0.152     0.272     0.000
 72       pi+     211 [70]    
                                -0.033     0.148     0.375     0.428     0.140
 73       pi-    -211 [70]    
                                -0.499     0.025     0.454     0.689     0.140
 75       pi+     211 [71]    
                                -0.088    -0.514     0.609     0.814     0.140
 77       pi-    -211 [74]    
                                 0.121    -0.291     0.250     0.426     0.140
 78     gamma      22 [76]    
                                 0.062    -0.086     0.481     0.493     0.000
 79     gamma      22 [76]    
                                 0.160    -0.130     0.379     0.432     0.000
 80     gamma      22 [69]    
                                 0.023    -0.100     0.173     0.201     0.000
 81     gamma      22 [69]    
                                -0.060     0.014     0.096     0.114     0.000
 82     gamma      22 [67]    
                                 0.017    -0.024     0.025     0.039     0.000
 83     gamma      22 [67]    
                                -0.167     0.024     0.281     0.328     0.000
 85       pi-    -211 [43]    
                                -0.233     0.098    -0.532     0.605     0.140
 87       pi-    -211 [84]    
                                -0.100     0.281     0.284     0.435     0.140
 88       pi+     211 [86]    
                                 0.354     0.087    -0.100     0.403     0.140
 90     gamma      22 [89]    
                                -0.064     0.488    -0.503     0.704     0.000
 91     gamma      22 [89]    
                                -0.120     0.223    -0.217     0.334     0.000
 92     pbar-   -2212 [44]    
                                -0.286     0.454    -1.259     1.660     0.938
 94     gamma      22 [93]    
                                -0.136     0.019    -0.142     0.198     0.000
 95     gamma      22 [93]    
                                -0.071     0.052     0.015     0.089     0.000
------------------------------------------------------------------------------
     Sum of momenta:            -1e-05    -3e-05    -2e-05      17.4      17.4

The following exception classes were reported in this run:
ThePEG::EventHandler::ConsistencyException warning (1 times)
ThePEG::LesHouchesReader::LesHouchesReopenWarning warning (1 times)
