>>>>>>>>>>>>>>>>>>>>>>>>>>>>>>>>>>>>>>>>>>>>>>>>>>>>>>>>>>>>>>>>>>>>>>>>>>>>>>
>>>> Toolkit for HEP Event Generation - ThePEG 2.2.0 <<<<<<<<<<<<<<<<<<<<<<<<<
>>>> Tue Jun 30 00:27:05 2020                                             <<<<
<<<<<<<<<<<<<<<<<<<<<<<<<<<<<<<<<<<<<<<<<<<<<<<<<<<<<<<<<<<<<<<<<<<<<<<<<<<<<<

>> Herwig 7.2.0 / ThePEG 2.2.0

/Herwig/EventHandlers/NoCuts:
MHat  = 2 .. 17.0835 GeV
Scale = 0 .. 1e+12 GeV2
YHat  = -100 .. 100
X1    = 0 .. 1
X2    = 0 .. 1

* A warning exception of type ThePEG::LesHouchesReader::LesHouchesReopenWarning occurred while generating event number 1: 
Reopening LesHouchesReader 'myReader' after accessing 2 events out of 1
* A warning exception of type ThePEG::EventHandler::ConsistencyException occurred while generating event number 1: 
Event handler 'myLesHouchesHandler' found energy-momentum non-conservation by (-1e-05,-1e-05,-2e-05;9.9993e-06) GeV after generating step number 4.

******************************************************************************
Event number 1 (id: ./OUTPUT/0.95MB1.05/1514773608/TMP/Cluster_HERWIGOutput_14) performed by myLesHouchesHandler
Weight: 1
==============================================================================

--- Colliding particles:
  1        e-      11  (3)   
                                 4.271     0.000     0.000     4.271     0.000
  2        e+     -11  (3)   
                                -4.271     0.000     0.000     4.271     0.000
------------------------------------------------------------------------------
Primary sub-process performed by myReader
--- incoming:
  1        e-      11  (3)   
                                 4.271     0.000     0.000     4.271     0.000
  2        e+     -11  (3)   
                                -4.271     0.000     0.000     4.271     0.000
--- intermediates:
  3     gamma      22 [1,2] (4..7)   
                                -0.000     0.000     0.000     8.542     8.542
--- outgoing:
  4         g      21 [3] (8)  6>>6 {+1,-2}
                                -1.066    -0.679    -0.199     1.279     0.000
  5         g      21 [3] (9)  7>>7 {+3,-4}
                                 0.254    -1.012    -0.557     1.183     0.000
  6         g      21 [3] (10)  4>>4 {+2,-1}
                                -0.259     2.382    -1.949     3.089     0.000
  7         g      21 [3] (11)  5>>5 {+4,-3}
                                 1.071    -0.690     2.706     2.991     0.000
------------------------------------------------------------------------------
Step 1 performed by myLesHouchesHandler
--- intermediates:
  1        e-      11  (3)   
                                 4.271     0.000     0.000     4.271     0.000
  2        e+     -11  (3)   
                                -4.271     0.000     0.000     4.271     0.000
  3     gamma      22 [1,2] (4..7)   
                                -0.000     0.000     0.000     8.542     8.542
--- final:
  4         g      21 [3] (8)  6>>6 {+1,-2}
                                -1.066    -0.679    -0.199     1.279     0.000
  5         g      21 [3] (9)  7>>7 {+3,-4}
                                 0.254    -1.012    -0.557     1.183     0.000
  6         g      21 [3] (10)  4>>4 {+2,-1}
                                -0.259     2.382    -1.949     3.089     0.000
  7         g      21 [3] (11)  5>>5 {+4,-3}
                                 1.071    -0.690     2.706     2.991     0.000
------------------------------------------------------------------------------
     Sum of momenta:            -2e-05    -1e-05    -2e-05      8.54      8.54
------------------------------------------------------------------------------
Step 2 performed by ShowerHandler
--- final:
  8         g      21 [4] (12,13)  10>>10 {+1,-2}
                                -0.935    -0.596    -0.175     1.471     0.950
  9         g      21 [5] (14,15)  11>>11 {+3,-4}
                                 0.223    -0.888    -0.489     1.407     0.950
 10         g      21 [6] (16,17)  8>>8 {+2,-1}
                                -0.227     2.090    -1.711     2.872     0.950
 11         g      21 [7] (18,19)  9>>9 {+4,-3}
                                 0.940    -0.606     2.374     2.791     0.950
------------------------------------------------------------------------------
     Sum of momenta:            -2e-05    -1e-05    -2e-05      8.54      8.54
------------------------------------------------------------------------------
Step 3 performed by ClusterHadHandler
--- intermediates:
 12         d       1 [8] (20)   {+1}
                                -0.596    -0.636     0.082     0.934     0.325
 13      dbar      -1 [8] (21)   {-2}
                                -0.339     0.040    -0.257     0.537     0.325
 14         d       1 [9] (22)   {+3}
                                -0.015    -0.823    -0.461     0.998     0.325
 15      dbar      -1 [9] (23)   {-4}
                                 0.238    -0.065    -0.027     0.409     0.325
 16         s       3 [10] (21)   {+2}
                                -0.250     1.226    -1.059     1.700     0.450
 17      sbar      -3 [10] (20)   {-1}
                                 0.022     0.865    -0.652     1.173     0.450
 18         d       1 [11] (23)   {+4}
                                 0.305    -0.260     0.367     0.633     0.325
 19      dbar      -1 [11] (22)   {-3}
                                 0.636    -0.346     2.007     2.158     0.325
 20   Cluster      81 [12,17] (24,25)   
                                -0.574     0.229    -0.570     2.107     1.932
 21   Cluster      81 [13,16] (26,27)   
                                -0.589     1.265    -1.316     2.236     1.150
 22   Cluster      81 [14,19] (30,31)   
                                 0.620    -1.170     1.546     3.157     2.413
 23   Cluster      81 [15,18] (28,29)   
                                 0.543    -0.325     0.340     1.042     0.755
--- final:
 24       eta     221 [20] (32,33)   
                                -0.266    -0.254     0.283     0.718     0.548
 25       K*0     313 [20] (34,35)   
                                -0.308     0.483    -0.853     1.389     0.934
 26       pi0     111 [21] (41,42)   
                                -0.408     0.695    -1.197     1.450     0.135
 27     Kbar0    -311 [21] (43)   
                                -0.180     0.570    -0.119     0.787     0.498
 28       pi+     211 [23]    
                                -0.099    -0.268     0.172     0.362     0.140
 29       pi-    -211 [23]    
                                 0.642    -0.056     0.168     0.680     0.140
 30       f_1   20223 [22] (46..48)   
                                 0.819    -0.802     1.578     2.320     1.257
 31      rho0     113 [22] (55,56)   
                                -0.198    -0.368    -0.032     0.836     0.724
------------------------------------------------------------------------------
     Sum of momenta:            -2e-05    -1e-05    -2e-05      8.54      8.54
------------------------------------------------------------------------------
Step 4 performed by DecayHandler
--- intermediates:
 34        K0     311 [25] (36)   
                                -0.307     0.352    -0.203     0.712     0.498
 35       pi0     111 [25] (39,40)   
                                -0.001     0.131    -0.650     0.677     0.135
 36      K_S0     310 [34] (37,38)   
                                -0.307     0.352    -0.203     0.712     0.498
 43      K_S0     310 [27] (44,45)   
                                -0.180     0.570    -0.119     0.787     0.498
 46      rho-    -213 [30] (49,50)   
                                 0.449    -0.539     1.159     1.509     0.665
 48       pi0     111 [30] (53,54)   
                                 0.164     0.058     0.329     0.396     0.135
 49       pi0     111 [46] (51,52)   
                                 0.191    -0.104     0.877     0.914     0.135
--- final:
 28       pi+     211 [23]    
                                -0.099    -0.268     0.172     0.362     0.140
 29       pi-    -211 [23]    
                                 0.642    -0.056     0.168     0.680     0.140
 32     gamma      22 [24]    
                                -0.316    -0.132    -0.062     0.348     0.000
 33     gamma      22 [24]    
                                 0.050    -0.123     0.345     0.370     0.000
 37       pi+     211 [36]    
                                -0.320     0.402    -0.172     0.560     0.140
 38       pi-    -211 [36]    
                                 0.013    -0.050    -0.031     0.152     0.140
 39     gamma      22 [35]    
                                -0.020     0.085    -0.144     0.169     0.000
 40     gamma      22 [35]    
                                 0.019     0.046    -0.506     0.508     0.000
 41     gamma      22 [26]    
                                -0.209     0.469    -0.808     0.957     0.000
 42     gamma      22 [26]    
                                -0.199     0.226    -0.389     0.492     0.000
 44       pi+     211 [43]    
                                -0.029     0.338    -0.257     0.448     0.140
 45       pi-    -211 [43]    
                                -0.151     0.232     0.138     0.339     0.140
 47       pi+     211 [30]    
                                 0.206    -0.320     0.090     0.415     0.140
 50       pi-    -211 [46]    
                                 0.257    -0.435     0.282     0.595     0.140
 51     gamma      22 [49]    
                                 0.098     0.014     0.453     0.463     0.000
 52     gamma      22 [49]    
                                 0.093    -0.118     0.424     0.450     0.000
 53     gamma      22 [48]    
                                 0.005    -0.022     0.115     0.117     0.000
 54     gamma      22 [48]    
                                 0.160     0.080     0.214     0.279     0.000
 55       pi+     211 [31]    
                                 0.155    -0.345    -0.162     0.434     0.140
 56       pi-    -211 [31]    
                                -0.353    -0.023     0.130     0.402     0.140
------------------------------------------------------------------------------
     Sum of momenta:            -2e-05    -1e-05    -2e-05      8.54      8.54

The following exception classes were reported in this run:
ThePEG::EventHandler::ConsistencyException warning (1 times)
ThePEG::LesHouchesReader::LesHouchesReopenWarning warning (1 times)
