>>>>>>>>>>>>>>>>>>>>>>>>>>>>>>>>>>>>>>>>>>>>>>>>>>>>>>>>>>>>>>>>>>>>>>>>>>>>>>
>>>> Toolkit for HEP Event Generation - ThePEG 2.2.0 <<<<<<<<<<<<<<<<<<<<<<<<<
>>>> Tue Jun 30 01:02:41 2020                                             <<<<
<<<<<<<<<<<<<<<<<<<<<<<<<<<<<<<<<<<<<<<<<<<<<<<<<<<<<<<<<<<<<<<<<<<<<<<<<<<<<<

>> Herwig 7.2.0 / ThePEG 2.2.0

/Herwig/EventHandlers/NoCuts:
MHat  = 2 .. 75.0553 GeV
Scale = 0 .. 1e+12 GeV2
YHat  = -100 .. 100
X1    = 0 .. 1
X2    = 0 .. 1

* A warning exception of type ThePEG::LesHouchesReader::LesHouchesReopenWarning occurred while generating event number 1: 
Reopening LesHouchesReader 'myReader' after accessing 2 events out of 1
* A warning exception of type ThePEG::EventHandler::ConsistencyException occurred while generating event number 1: 
Event handler 'myLesHouchesHandler' found energy-momentum non-conservation by (-2.1e-05,-3e-05,-2e-05;9.99859e-06) GeV after generating step number 4.

******************************************************************************
Event number 1 (id: ./OUTPUT/0.95MB1.05/1513331030/TMP/Cluster_HERWIGOutput_37) performed by myLesHouchesHandler
Weight: 1
==============================================================================

--- Colliding particles:
  1        e-      11  (3)   
                                18.764     0.000     0.000    18.764     0.000
  2        e+     -11  (3)   
                               -18.764     0.000    -0.000    18.764     0.000
------------------------------------------------------------------------------
Primary sub-process performed by myReader
--- incoming:
  1        e-      11  (3)   
                                18.764     0.000     0.000    18.764     0.000
  2        e+     -11  (3)   
                               -18.764     0.000    -0.000    18.764     0.000
--- intermediates:
  3     gamma      22 [1,2] (4..8)   
                                 0.000     0.000    -0.000    37.528    37.528
--- outgoing:
  4         g      21 [3] (9)  6>>5 {+1,-2}
                                -1.642    -1.071     8.893     9.107     0.000
  5         g      21 [3] (14)  4>>6 {+3,-1}
                                 3.296     5.780     6.713     9.452     0.000
  6         g      21 [3] (15)  5>>4 {+2,-3}
                                -2.231    -6.111   -10.052    11.973     0.000
  7         g      21 [3] (22)  8>>8 {+4,-5}
                                -1.621     0.902    -1.627     2.468     0.000
  8         g      21 [3] (23)  7>>7 {+5,-4}
                                 2.198     0.500    -3.927     4.528     0.000
------------------------------------------------------------------------------
Step 1 performed by myLesHouchesHandler
--- intermediates:
  1        e-      11  (3)   
                                18.764     0.000     0.000    18.764     0.000
  2        e+     -11  (3)   
                               -18.764     0.000    -0.000    18.764     0.000
  3     gamma      22 [1,2] (4..8)   
                                 0.000     0.000    -0.000    37.528    37.528
--- final:
  4         g      21 [3] (9)  6>>5 {+1,-2}
                                -1.642    -1.071     8.893     9.107     0.000
  5         g      21 [3] (14)  4>>6 {+3,-1}
                                 3.296     5.780     6.713     9.452     0.000
  6         g      21 [3] (15)  5>>4 {+2,-3}
                                -2.231    -6.111   -10.052    11.973     0.000
  7         g      21 [3] (22)  8>>8 {+4,-5}
                                -1.621     0.902    -1.627     2.468     0.000
  8         g      21 [3] (23)  7>>7 {+5,-4}
                                 2.198     0.500    -3.927     4.528     0.000
------------------------------------------------------------------------------
     Sum of momenta:            -3e-05    -3e-05    -2e-05      37.5      37.5
------------------------------------------------------------------------------
Step 2 performed by ShowerHandler
--- intermediates:
  9         g      21 [4] (10,13)   {+1,-2}
                                -1.377    -0.898     7.458     9.501     5.651
 10         g      21 [9] (11,12)   {+6,-2}
                                -0.459    -1.314     6.908     8.010     3.808
 15         g      21 [6] (16,21)   {+2,-3}
                                -1.871    -5.125    -8.430    13.852     9.541
 16         g      21 [15] (17,18)   {+7,-3}
                                -2.929    -5.691    -7.116    11.834     6.960
 18         g      21 [16] (19,20)   {+7,-8}
                                -3.191    -6.340    -4.931     9.351     3.571
--- final:
 11         g      21 [10] (32,33)  21>>12 {+9,-2}
                                -0.867     0.031     5.896     6.034     0.950
 12         g      21 [10] (34,35)  11>>13 {+6,-9}
                                 0.408    -1.345     1.013     1.976     0.950
 13         g      21 [9] (30,31)  12>>14 {+1,-6}
                                -0.918     0.416     0.550     1.490     0.950
 14         g      21 [5] (24,25)  13>>17 {+3,-1}
                                 2.764     4.848     5.630     7.984     0.950
 17         g      21 [16] (38,39)  14>>19 {+8,-3}
                                 0.261     0.649    -2.186     2.484     0.950
 19         g      21 [18] (40,41)  17>>20 {+10,-8}
                                -0.454    -1.721    -0.027     2.018     0.950
 20         g      21 [18] (42,43)  19>>21 {+7,-10}
                                -2.737    -4.619    -4.904     7.333     0.950
 21         g      21 [15] (36,37)  20>>11 {+2,-7}
                                 1.058     0.566    -1.313     2.017     0.950
 22         g      21 [7] (26,27)  23>>23 {+4,-5}
                                -1.360     0.756    -1.365     2.277     0.950
 23         g      21 [8] (28,29)  22>>22 {+5,-4}
                                 1.843     0.419    -3.294     3.915     0.950
------------------------------------------------------------------------------
     Sum of momenta:            -3e-05    -3e-05    -2e-05      37.5      37.5
------------------------------------------------------------------------------
Step 3 performed by ClusterHadHandler
--- intermediates:
 24         d       1 [14] (48)   {+3}
                                 1.662     2.336     3.150     4.271     0.325
 25      dbar      -1 [14] (44)   {-1}
                                 1.103     2.512     2.480     3.712     0.325
 26         u       2 [22] (50)   {+4}
                                -0.776     0.743    -0.642     1.293     0.325
 27      ubar      -2 [22] (45)   {-5}
                                -0.584     0.014    -0.723     0.985     0.325
 28         u       2 [23] (45)   {+5}
                                 1.453     0.054    -2.324     2.761     0.325
 29      ubar      -2 [23] (49)   {-4}
                                 0.390     0.365    -0.970     1.154     0.325
 30         s       3 [13] (44)   {+1}
                                -0.457     0.196     0.110     0.679     0.450
 31      sbar      -3 [13] (51)   {-6}
                                -0.461     0.220     0.440     0.811     0.450
 32         s       3 [11] (46)   {+9}
                                -0.417     0.112     2.359     2.440     0.450
 33      sbar      -3 [11] (51)   {-2}
                                -0.449    -0.080     3.536     3.594     0.450
 34         u       2 [12] (48)   {+6}
                                 0.033    -0.354     0.011     0.482     0.325
 35      ubar      -2 [12] (46)   {-9}
                                 0.375    -0.991     1.002     1.494     0.325
 36         d       1 [21] (50)   {+2}
                                 0.693     0.671    -0.997     1.425     0.325
 37      dbar      -1 [21] (47)   {-7}
                                 0.365    -0.105    -0.316     0.592     0.325
 38         d       1 [17] (50)   {+8}
                                 0.008    -0.079    -0.764     0.834     0.325
 39      dbar      -1 [17] (49)   {-3}
                                 0.254     0.728    -1.421     1.649     0.325
 40         s       3 [19] (48)   {+10}
                                -0.303    -1.156    -0.067     1.279     0.450
 41      sbar      -3 [19] (51)   {-8}
                                -0.151    -0.565     0.040     0.739     0.450
 42         u       2 [20] (47)   {+7}
                                -2.163    -3.470    -3.389     5.321     0.325
 43      ubar      -2 [20] (49)   {-10}
                                -0.574    -1.149    -1.514     2.012     0.325
 44   Cluster      81 [25,30] (62,63)   
                                 0.646     2.708     2.590     4.392     2.197
 45   Cluster      81 [27,28] (60,61)   
                                 0.869     0.067    -3.047     3.745     1.996
 46   Cluster      81 [32,35] (58,59)   
                                -0.042    -0.880     3.361     3.934     1.846
 47   Cluster      81 [37,42] (64,65)   
                                -1.798    -3.576    -3.706     5.913     2.284
 48   Cluster      81 [24,34,40] (54)   
                                 1.392     0.825     3.094     6.032     4.919
 49   Cluster      81 [29,39,43] (53)   
                                 0.070    -0.055    -3.905     4.815     2.815
 50   Cluster      81 [26,36,38] (55)   
                                -0.075     1.335    -2.403     3.552     2.248
 51   Cluster      81 [31,33,41] (52)   
                                -1.062    -0.425     4.017     5.144     3.003
 52   Cluster      81 [51] (66,67)   
                                -1.062    -0.425     4.017     5.144     3.003
 53   Cluster      81 [49] (68,69)   
                                 0.070    -0.055    -3.905     4.815     2.815
 54   Cluster      81 [48] (56,57)   
                                 1.392     0.825     3.094     6.032     4.919
 55   Cluster      81 [50] (70,71)   
                                -0.075     1.335    -2.403     3.552     2.248
 56   Cluster      81 [54] (72,73)   
                                 0.743     0.871     1.478     2.284     1.313
 57   Cluster      81 [54] (74,75)   
                                 0.649    -0.046     1.616     3.748     3.318
--- final:
 58    K*bar0    -313 [46] (76,77)   
                                 0.165    -1.166     2.719     3.188     1.177
 59       pi-    -211 [46]    
                                -0.208     0.286     0.642     0.746     0.140
 60      f'_0   10221 [45] (78,79)   
                                 0.735    -0.016    -1.450     2.050     1.248
 61       eta     221 [45] (84..86)   
                                 0.134     0.084    -1.597     1.696     0.548
 62     pbar-   -2212 [44]    
                                 0.321     1.625     1.463     2.401     0.938
 63    Sigma+    3222 [44] (93,94)   
                                 0.325     1.083     1.127     1.991     1.189
 64      rho+     213 [47] (97,98)   
                                -0.363    -0.708    -0.683     1.324     0.808
 65       f_1   20223 [47] (101,102)   
                                -1.435    -2.868    -3.022     4.589     1.281
 66     K*_00   10311 [52] (118,119)   
                                -0.240    -0.222     0.592     1.377     1.200
 67    Xibar+   -3312 [52] (120,121)   
                                -0.822    -0.203     3.424     3.767     1.321
 68      rho-    -213 [53] (124,125)   
                                 0.197    -1.084    -2.528     2.852     0.727
 69     nbar0   -2112 [53]    
                                -0.128     1.028    -1.377     1.963     0.940
 70      rho0     113 [55] (128,129)   
                                -0.431     0.462    -0.660     1.195     0.770
 71    Delta0    2114 [55] (130,131)   
                                 0.356     0.873    -1.743     2.357     1.276
 72       pi-    -211 [56]    
                                 0.274     0.634     1.338     1.512     0.140
 73       eta     221 [56] (134,135)   
                                 0.469     0.238     0.139     0.772     0.548
 74       Xi0    3322 [57] (136,137)   
                                -0.508     0.249     0.648     1.571     1.315
 75       K'+  100321 [57] (142,143)   
                                 1.157    -0.295     0.968     2.177     1.541
------------------------------------------------------------------------------
     Sum of momenta:            -3e-05    -3e-05    -2e-05      37.5      37.5
------------------------------------------------------------------------------
Step 4 performed by DecayHandler
--- intermediates:
 78     sigma 9000221 [60] (80,81)   
                                 0.284    -0.297    -0.891     1.125     0.551
 79     sigma 9000221 [60] (82,83)   
                                 0.451     0.280    -0.559     0.924     0.510
 84       pi0     111 [61] (87,88)   
                                 0.094    -0.065    -0.305     0.353     0.135
 85       pi0     111 [61] (89,90)   
                                 0.019     0.154    -0.524     0.563     0.135
 86       pi0     111 [61] (91,92)   
                                 0.021    -0.005    -0.768     0.781     0.135
 94       pi0     111 [63] (95,96)   
                                 0.084     0.408     0.459     0.634     0.135
 97       pi0     111 [64] (99,100)   
                                -0.594    -0.430    -0.464     0.879     0.135
101      a_00 9000111 [65] (103,104)   
                                -1.005    -2.206    -2.551     3.660     1.005
102       pi0     111 [65] (116,117)   
                                -0.430    -0.662    -0.471     0.930     0.135
103       eta     221 [101] (105..107)   
                                -0.592    -1.970    -2.024     2.937     0.548
104       pi0     111 [101] (114,115)   
                                -0.413    -0.236    -0.527     0.722     0.135
105       pi0     111 [103] (108,109)   
                                -0.212    -0.943    -1.109     1.478     0.135
106       pi0     111 [103] (110,111)   
                                -0.235    -0.619    -0.459     0.817     0.135
107       pi0     111 [103] (112,113)   
                                -0.145    -0.407    -0.455     0.642     0.135
120Lambdabar0   -3122 [67] (122,123)   
                                -0.578    -0.241     2.663     2.954     1.116
124       pi0     111 [68] (126,127)   
                                -0.043    -0.932    -1.462     1.740     0.135
131       pi0     111 [71] (132,133)   
                                 0.088     0.513    -0.707     0.888     0.135
136   Lambda0    3122 [74] (138,139)   
                                -0.525     0.225     0.685     1.428     1.116
137       pi0     111 [74] (140,141)   
                                 0.017     0.023    -0.037     0.143     0.135
142     K*_00   10311 [75] (144,145)   
                                 0.781    -0.339     0.823     1.748     1.286
144        K0     311 [142] (146)   
                                 0.524    -0.695     0.290     1.044     0.498
145       pi0     111 [142] (153,154)   
                                 0.257     0.357     0.533     0.704     0.135
146      K_S0     310 [144] (147,148)   
                                 0.524    -0.695     0.290     1.044     0.498
147       pi0     111 [146] (149,150)   
                                 0.256    -0.251    -0.081     0.392     0.135
148       pi0     111 [146] (151,152)   
                                 0.268    -0.444     0.372     0.652     0.135
--- final:
 59       pi-    -211 [46]    
                                -0.208     0.286     0.642     0.746     0.140
 62     pbar-   -2212 [44]    
                                 0.321     1.625     1.463     2.401     0.938
 69     nbar0   -2112 [53]    
                                -0.128     1.028    -1.377     1.963     0.940
 72       pi-    -211 [56]    
                                 0.274     0.634     1.338     1.512     0.140
 76        K-    -321 [58]    
                                 0.228    -0.143     1.423     1.530     0.494
 77       pi+     211 [58]    
                                -0.063    -1.023     1.296     1.658     0.140
 80       pi+     211 [78]    
                                 0.149    -0.387    -0.415     0.603     0.140
 81       pi-    -211 [78]    
                                 0.136     0.091    -0.476     0.522     0.140
 82       pi+     211 [79]    
                                 0.123     0.328    -0.277     0.468     0.140
 83       pi-    -211 [79]    
                                 0.327    -0.047    -0.282     0.457     0.140
 87     gamma      22 [84]    
                                 0.106    -0.017    -0.118     0.159     0.000
 88     gamma      22 [84]    
                                -0.011    -0.048    -0.187     0.193     0.000
 89     gamma      22 [85]    
                                -0.027     0.063    -0.382     0.388     0.000
 90     gamma      22 [85]    
                                 0.046     0.091    -0.142     0.175     0.000
 91     gamma      22 [86]    
                                 0.037    -0.048    -0.170     0.181     0.000
 92     gamma      22 [86]    
                                -0.016     0.042    -0.598     0.600     0.000
 93        p+    2212 [63]    
                                 0.241     0.675     0.668     1.357     0.938
 95     gamma      22 [94]    
                                 0.067     0.071     0.137     0.168     0.000
 96     gamma      22 [94]    
                                 0.018     0.336     0.322     0.466     0.000
 98       pi+     211 [64]    
                                 0.232    -0.278    -0.219     0.445     0.140
 99     gamma      22 [97]    
                                -0.418    -0.326    -0.264     0.592     0.000
100     gamma      22 [97]    
                                -0.177    -0.104    -0.200     0.287     0.000
108     gamma      22 [105]    
                                -0.001    -0.155    -0.125     0.199     0.000
109     gamma      22 [105]    
                                -0.211    -0.788    -0.984     1.279     0.000
110     gamma      22 [106]    
                                -0.189    -0.360    -0.224     0.464     0.000
111     gamma      22 [106]    
                                -0.047    -0.259    -0.236     0.353     0.000
112     gamma      22 [107]    
                                -0.095    -0.275    -0.390     0.487     0.000
113     gamma      22 [107]    
                                -0.050    -0.132    -0.066     0.156     0.000
114     gamma      22 [104]    
                                -0.314    -0.168    -0.300     0.465     0.000
115     gamma      22 [104]    
                                -0.099    -0.068    -0.228     0.257     0.000
116     gamma      22 [102]    
                                -0.060    -0.191    -0.092     0.220     0.000
117     gamma      22 [102]    
                                -0.370    -0.472    -0.379     0.710     0.000
118        K+     321 [66]    
                                 0.027    -0.374     0.776     0.993     0.494
119       pi-    -211 [66]    
                                -0.267     0.151    -0.184     0.384     0.140
121       pi+     211 [67]    
                                -0.244     0.038     0.762     0.813     0.140
122     pbar-   -2212 [120]    
                                -0.551    -0.241     2.505     2.742     0.938
123       pi+     211 [120]    
                                -0.027     0.001     0.157     0.212     0.140
125       pi-    -211 [68]    
                                 0.241    -0.151    -1.066     1.112     0.140
126     gamma      22 [124]    
                                 0.020    -0.719    -1.153     1.359     0.000
127     gamma      22 [124]    
                                -0.063    -0.213    -0.308     0.380     0.000
128       pi+     211 [70]    
                                 0.123     0.370    -0.321     0.524     0.140
129       pi-    -211 [70]    
                                -0.554     0.091    -0.338     0.670     0.140
130        n0    2112 [71]    
                                 0.268     0.360    -1.036     1.469     0.940
132     gamma      22 [131]    
                                 0.033     0.020    -0.030     0.048     0.000
133     gamma      22 [131]    
                                 0.055     0.493    -0.678     0.840     0.000
134     gamma      22 [73]    
                                 0.118     0.364     0.111     0.398     0.000
135     gamma      22 [73]    
                                 0.351    -0.126     0.028     0.374     0.000
138        p+    2212 [136]    
                                -0.339     0.171     0.590     1.171     0.938
139       pi-    -211 [136]    
                                -0.186     0.054     0.095     0.257     0.140
140     gamma      22 [137]    
                                -0.033    -0.044    -0.009     0.055     0.000
141     gamma      22 [137]    
                                 0.050     0.067    -0.028     0.088     0.000
143       pi+     211 [75]    
                                 0.376     0.044     0.145     0.429     0.140
149     gamma      22 [147]    
                                 0.071    -0.020    -0.059     0.094     0.000
150     gamma      22 [147]    
                                 0.186    -0.232    -0.022     0.298     0.000
151     gamma      22 [148]    
                                -0.010    -0.030     0.003     0.032     0.000
152     gamma      22 [148]    
                                 0.278    -0.414     0.369     0.620     0.000
153     gamma      22 [145]    
                                 0.182     0.143     0.304     0.382     0.000
154     gamma      22 [145]    
                                 0.075     0.213     0.229     0.322     0.000
------------------------------------------------------------------------------
     Sum of momenta:            -3e-05    -3e-05    -2e-05      37.5      37.5

The following exception classes were reported in this run:
ThePEG::EventHandler::ConsistencyException warning (1 times)
ThePEG::LesHouchesReader::LesHouchesReopenWarning warning (1 times)
