>>>>>>>>>>>>>>>>>>>>>>>>>>>>>>>>>>>>>>>>>>>>>>>>>>>>>>>>>>>>>>>>>>>>>>>>>>>>>>
>>>> Toolkit for HEP Event Generation - ThePEG 2.2.0 <<<<<<<<<<<<<<<<<<<<<<<<<
>>>> Tue Jun 30 00:46:52 2020                                             <<<<
<<<<<<<<<<<<<<<<<<<<<<<<<<<<<<<<<<<<<<<<<<<<<<<<<<<<<<<<<<<<<<<<<<<<<<<<<<<<<<

>> Herwig 7.2.0 / ThePEG 2.2.0

/Herwig/EventHandlers/NoCuts:
MHat  = 2 .. 73.1433 GeV
Scale = 0 .. 1e+12 GeV2
YHat  = -100 .. 100
X1    = 0 .. 1
X2    = 0 .. 1

* A warning exception of type ThePEG::LesHouchesReader::LesHouchesReopenWarning occurred while generating event number 1: 
Reopening LesHouchesReader 'myReader' after accessing 2 events out of 1
* A warning exception of type ThePEG::EventHandler::ConsistencyException occurred while generating event number 1: 
Event handler 'myLesHouchesHandler' found energy-momentum non-conservation by (-1e-05,-3e-05,-1e-05;1.99979e-05) GeV after generating step number 4.

******************************************************************************
Event number 1 (id: ./OUTPUT/0.95MB1.05/1511552937/TMP/Cluster_HERWIGOutput_39) performed by myLesHouchesHandler
Weight: 1
==============================================================================

--- Colliding particles:
  1        e-      11  (3)   
                                18.286     0.000     0.000    18.286     0.000
  2        e+     -11  (3)   
                               -18.286     0.000    -0.000    18.286     0.000
------------------------------------------------------------------------------
Primary sub-process performed by myReader
--- incoming:
  1        e-      11  (3)   
                                18.286     0.000     0.000    18.286     0.000
  2        e+     -11  (3)   
                               -18.286     0.000    -0.000    18.286     0.000
--- intermediates:
  3     gamma      22 [1,2] (4..8)   
                                -0.000     0.000    -0.000    36.572    36.572
--- outgoing:
  4         g      21 [3] (9)  8>>8 {+1,-2}
                                -0.754     2.163     1.635     2.814     0.000
  5         g      21 [3] (12)  6>>7 {+3,-4}
                                 1.353    -0.295    -1.129     1.787     0.000
  6         g      21 [3] (13)  7>>5 {+4,-5}
                                -6.717     0.075   -12.534    14.221     0.000
  7         g      21 [3] (18)  5>>6 {+5,-3}
                                 7.935     2.384     6.745    10.684     0.000
  8         g      21 [3] (19)  4>>4 {+2,-1}
                                -1.817    -4.327     5.283     7.067     0.000
------------------------------------------------------------------------------
Step 1 performed by myLesHouchesHandler
--- intermediates:
  1        e-      11  (3)   
                                18.286     0.000     0.000    18.286     0.000
  2        e+     -11  (3)   
                               -18.286     0.000    -0.000    18.286     0.000
  3     gamma      22 [1,2] (4..8)   
                                -0.000     0.000    -0.000    36.572    36.572
--- final:
  4         g      21 [3] (9)  8>>8 {+1,-2}
                                -0.754     2.163     1.635     2.814     0.000
  5         g      21 [3] (12)  6>>7 {+3,-4}
                                 1.353    -0.295    -1.129     1.787     0.000
  6         g      21 [3] (13)  7>>5 {+4,-5}
                                -6.717     0.075   -12.534    14.221     0.000
  7         g      21 [3] (18)  5>>6 {+5,-3}
                                 7.935     2.384     6.745    10.684     0.000
  8         g      21 [3] (19)  4>>4 {+2,-1}
                                -1.817    -4.327     5.283     7.067     0.000
------------------------------------------------------------------------------
     Sum of momenta:            -2e-05    -3e-05    -1e-05      36.6      36.6
------------------------------------------------------------------------------
Step 2 performed by ShowerHandler
--- intermediates:
  9         g      21 [4] (10,11)   {+1,-2}
                                -0.597     1.712     1.295     3.881     3.177
 13         g      21 [6] (14,15)   {+4,-5}
                                -5.319     0.059    -9.925    16.799    12.467
 15      sbar      -3 [13] (16,17)   {-5}
                                 2.676    -0.756    -6.459     8.036     3.889
--- final:
 10         g      21 [9] (26,27)  19>>11 {+6,-2}
                                -1.517     0.492     0.733     1.996     0.950
 11         g      21 [9] (28,29)  10>>19 {+1,-6}
                                 0.920     1.220     0.562     1.885     0.950
 12         g      21 [5] (20,21)  14>>18 {+3,-4}
                                 1.071    -0.233    -0.894     1.704     0.950
 14         s       3 [13] (33)  >12 {+4}
                                -7.994     0.815    -3.466     8.763     0.450
 16      sbar      -3 [15] (36)  17> {-7}
                                 1.609     0.483    -5.765     6.022     0.450
 17         g      21 [15] (30,31)  18>>16 {+7,-5}
                                 1.067    -1.239    -0.694     2.014     0.950
 18         g      21 [7] (22,23)  12>>17 {+5,-3}
                                 6.283     1.888     5.341     8.513     0.950
 19         g      21 [8] (24,25)  11>>10 {+2,-1}
                                -1.439    -3.426     4.183     5.675     0.950
------------------------------------------------------------------------------
     Sum of momenta:            -2e-05    -3e-05    -1e-05      36.6      36.6
------------------------------------------------------------------------------
Step 3 performed by ClusterHadHandler
--- intermediates:
 20         u       2 [12] (32)   {+3}
                                 0.623    -0.188    -0.099     0.734     0.325
 21      ubar      -2 [12] (33)   {-4}
                                 0.448    -0.045    -0.795     0.970     0.325
 22         u       2 [18] (38)   {+5}
                                 0.846     0.238     0.802     1.233     0.325
 23      ubar      -2 [18] (32)   {-3}
                                 5.437     1.650     4.539     7.280     0.325
 24         u       2 [19] (34)   {+2}
                                -0.624    -1.793     1.649     2.536     0.325
 25      ubar      -2 [19] (35)   {-1}
                                -0.815    -1.633     2.534     3.140     0.325
 26         s       3 [10] (37)   {+6}
                                -0.774     0.097     0.396     0.984     0.450
 27      sbar      -3 [10] (34)   {-2}
                                -0.743     0.395     0.337     1.012     0.450
 28         u       2 [11] (35)   {+1}
                                 0.147     0.235    -0.090     0.437     0.325
 29      ubar      -2 [11] (38)   {-6}
                                 0.773     0.985     0.651     1.448     0.325
 30         u       2 [17] (36)   {+7}
                                 0.306    -0.542    -0.609     0.929     0.325
 31      ubar      -2 [17] (37)   {-5}
                                 0.760    -0.697    -0.085     1.085     0.325
 32   Cluster      81 [20,23] (43,44)   
                                 6.060     1.462     4.440     8.014     2.375
 33   Cluster      81 [14,21] (39,40)   
                                -7.546     0.770    -4.261     9.733     4.363
 34   Cluster      81 [24,27] (47,48)   
                                -1.367    -1.398     1.986     3.548     2.195
 35   Cluster      81 [25,28] (41,42)   
                                -0.668    -1.398     2.444     3.576     2.102
 36   Cluster      81 [16,30] (49,50)   
                                 1.915    -0.059    -6.373     6.951     2.005
 37   Cluster      81 [26,31] (45,46)   
                                -0.014    -0.600     0.311     2.069     1.955
 38   Cluster      81 [22,29] (51,52)   
                                 1.619     1.223     1.453     2.681     0.980
 39   Cluster      81 [33] (53,54)   
                                -0.548     0.056    -1.053     1.804     1.358
 40   Cluster      81 [33] (55,56)   
                                -6.998     0.714    -3.209     7.929     1.757
--- final:
 41     a'_0-  -10211 [35] (57,58)   
                                 0.029    -0.602     1.704     2.278     1.386
 42       pi+     211 [35]    
                                -0.697    -0.796     0.740     1.299     0.140
 43     omega     223 [32] (69,70)   
                                 4.640     1.632     3.814     6.272     0.780
 44     omega     223 [32] (73,74)   
                                 1.420    -0.170     0.627     1.741     0.771
 45     K_3*-    -327 [37] (79,80)   
                                -0.104    -0.620     0.352     1.900     1.758
 46       pi0     111 [37] (86,87)   
                                 0.091     0.020    -0.041     0.169     0.135
 47        p+    2212 [34]    
                                -0.295    -0.748     1.077     1.639     0.938
 48Lambdabar0   -3122 [34] (88,89)   
                                -1.072    -0.650     0.910     1.909     1.116
 49       K*0     313 [36] (92,93)   
                                 1.423     0.417    -3.671     4.059     0.896
 50      rho+     213 [36] (94,95)   
                                 0.493    -0.476    -2.702     2.892     0.768
 51       pi+     211 [38]    
                                 1.225     0.402     1.079     1.687     0.140
 52       pi-    -211 [38]    
                                 0.394     0.821     0.374     0.994     0.140
 53      rho0     113 [39] (98,99)   
                                -0.555     0.440    -0.826     1.338     0.780
 54       pi0     111 [39] (100,101)   
                                 0.007    -0.384    -0.227     0.466     0.135
 55  K'_1bar0  -20313 [40] (102,103)   
                                -6.265     0.522    -2.451     6.848     1.170
 56       pi-    -211 [40]    
                                -0.734     0.192    -0.757     1.081     0.140
------------------------------------------------------------------------------
     Sum of momenta:            -2e-05    -3e-05    -1e-05      36.6      36.6
------------------------------------------------------------------------------
Step 4 performed by DecayHandler
--- intermediates:
 57      rho-    -213 [41] (59,60)   
                                 0.115    -0.375     0.847     1.096     0.574
 58     omega     223 [41] (63,64)   
                                -0.086    -0.227     0.856     1.181     0.777
 59       pi0     111 [57] (61,62)   
                                -0.012     0.069     0.436     0.462     0.135
 63      rho-    -213 [58] (65,66)   
                                -0.204     0.061     0.384     0.599     0.407
 65       pi0     111 [63] (67,68)   
                                -0.048     0.134     0.059     0.205     0.135
 70       pi0     111 [43] (71,72)   
                                 3.895     1.056     3.053     5.062     0.135
 73      rho0     113 [44] (75,76)   
                                 0.804     0.102     0.284     0.974     0.459
 74       pi0     111 [44] (77,78)   
                                 0.616    -0.271     0.343     0.768     0.135
 80       eta     221 [45] (81..83)   
                                -0.377     0.332     0.016     0.743     0.548
 83       pi0     111 [80] (84,85)   
                                -0.073     0.167    -0.110     0.252     0.135
 89       pi0     111 [48] (90,91)   
                                -0.034    -0.060     0.035     0.156     0.135
 94       pi0     111 [50] (96,97)   
                                 0.232     0.166    -1.000     1.048     0.135
102       K*-    -323 [55] (104,105)   
                                -4.512     0.479    -1.622     4.903     0.910
104     Kbar0    -311 [102] (106)   
                                -1.627     0.282    -0.467     1.787     0.498
106      K_S0     310 [104] (107,108)   
                                -1.627     0.282    -0.467     1.787     0.498
--- final:
 42       pi+     211 [35]    
                                -0.697    -0.796     0.740     1.299     0.140
 47        p+    2212 [34]    
                                -0.295    -0.748     1.077     1.639     0.938
 51       pi+     211 [38]    
                                 1.225     0.402     1.079     1.687     0.140
 52       pi-    -211 [38]    
                                 0.394     0.821     0.374     0.994     0.140
 56       pi-    -211 [40]    
                                -0.734     0.192    -0.757     1.081     0.140
 60       pi-    -211 [57]    
                                 0.128    -0.445     0.412     0.635     0.140
 61     gamma      22 [59]    
                                -0.014     0.101     0.205     0.229     0.000
 62     gamma      22 [59]    
                                 0.001    -0.031     0.230     0.232     0.000
 64       pi+     211 [58]    
                                 0.118    -0.288     0.472     0.582     0.140
 66       pi-    -211 [63]    
                                -0.156    -0.073     0.326     0.394     0.140
 67     gamma      22 [65]    
                                -0.087     0.128     0.034     0.159     0.000
 68     gamma      22 [65]    
                                 0.039     0.006     0.024     0.046     0.000
 69     gamma      22 [43]    
                                 0.745     0.576     0.760     1.210     0.000
 71     gamma      22 [70]    
                                 1.401     0.392     1.181     1.874     0.000
 72     gamma      22 [70]    
                                 2.494     0.664     1.872     3.188     0.000
 75       pi+     211 [73]    
                                 0.582    -0.043     0.066     0.603     0.140
 76       pi-    -211 [73]    
                                 0.222     0.145     0.218     0.370     0.140
 77     gamma      22 [74]    
                                 0.499    -0.271     0.263     0.626     0.000
 78     gamma      22 [74]    
                                 0.117    -0.001     0.080     0.142     0.000
 79        K-    -321 [45]    
                                 0.273    -0.952     0.336     1.157     0.494
 81       pi+     211 [80]    
                                -0.204     0.021     0.092     0.264     0.140
 82       pi-    -211 [80]    
                                -0.100     0.144     0.034     0.227     0.140
 84     gamma      22 [83]    
                                -0.113     0.121    -0.070     0.179     0.000
 85     gamma      22 [83]    
                                 0.039     0.046    -0.040     0.073     0.000
 86     gamma      22 [46]    
                                -0.017     0.049    -0.007     0.052     0.000
 87     gamma      22 [46]    
                                 0.108    -0.029    -0.034     0.117     0.000
 88     nbar0   -2112 [48]    
                                -1.039    -0.590     0.875     1.754     0.940
 90     gamma      22 [89]    
                                 0.005    -0.048     0.081     0.094     0.000
 91     gamma      22 [89]    
                                -0.039    -0.013    -0.046     0.062     0.000
 92        K+     321 [49]    
                                 0.607     0.108    -1.216     1.450     0.494
 93       pi-    -211 [49]    
                                 0.815     0.309    -2.455     2.609     0.140
 95       pi+     211 [50]    
                                 0.261    -0.642    -1.703     1.844     0.140
 96     gamma      22 [94]    
                                 0.208     0.074    -0.685     0.720     0.000
 97     gamma      22 [94]    
                                 0.024     0.092    -0.315     0.329     0.000
 98       pi+     211 [53]    
                                -0.203     0.590    -0.432     0.771     0.140
 99       pi-    -211 [53]    
                                -0.352    -0.150    -0.394     0.567     0.140
100     gamma      22 [54]    
                                -0.000    -0.330    -0.242     0.409     0.000
101     gamma      22 [54]    
                                 0.007    -0.054     0.016     0.056     0.000
103       pi+     211 [55]    
                                -1.753     0.043    -0.829     1.945     0.140
105       pi-    -211 [102]    
                                -2.884     0.197    -1.155     3.116     0.140
107       pi+     211 [106]    
                                -0.895     0.194    -0.465     1.036     0.140
108       pi-    -211 [106]    
                                -0.732     0.089    -0.002     0.751     0.140
------------------------------------------------------------------------------
     Sum of momenta:            -2e-05    -3e-05    -1e-05      36.6      36.6

The following exception classes were reported in this run:
ThePEG::EventHandler::ConsistencyException warning (1 times)
ThePEG::LesHouchesReader::LesHouchesReopenWarning warning (1 times)
