>>>>>>>>>>>>>>>>>>>>>>>>>>>>>>>>>>>>>>>>>>>>>>>>>>>>>>>>>>>>>>>>>>>>>>>>>>>>>>
>>>> Toolkit for HEP Event Generation - ThePEG 2.2.0 <<<<<<<<<<<<<<<<<<<<<<<<<
>>>> Tue Jun 30 00:19:16 2020                                             <<<<
<<<<<<<<<<<<<<<<<<<<<<<<<<<<<<<<<<<<<<<<<<<<<<<<<<<<<<<<<<<<<<<<<<<<<<<<<<<<<<

>> Herwig 7.2.0 / ThePEG 2.2.0

/Herwig/EventHandlers/NoCuts:
MHat  = 2 .. 72.4851 GeV
Scale = 0 .. 1e+12 GeV2
YHat  = -100 .. 100
X1    = 0 .. 1
X2    = 0 .. 1

* A warning exception of type ThePEG::LesHouchesReader::LesHouchesReopenWarning occurred while generating event number 1: 
Reopening LesHouchesReader 'myReader' after accessing 2 events out of 1
* A warning exception of type ThePEG::EventHandler::ConsistencyException occurred while generating event number 1: 
Event handler 'myLesHouchesHandler' found energy-momentum non-conservation by (-8e-06,-3e-05,-3e-05;1.79985e-05) GeV after generating step number 4.

******************************************************************************
Event number 1 (id: ./OUTPUT/0.95MB1.05/1512972536/TMP/Cluster_HERWIGOutput_4) performed by myLesHouchesHandler
Weight: 1
==============================================================================

--- Colliding particles:
  1        e-      11  (3)   
                                18.121     0.000     0.000    18.121     0.000
  2        e+     -11  (3)   
                               -18.121     0.000    -0.000    18.121     0.000
------------------------------------------------------------------------------
Primary sub-process performed by myReader
--- incoming:
  1        e-      11  (3)   
                                18.121     0.000     0.000    18.121     0.000
  2        e+     -11  (3)   
                               -18.121     0.000    -0.000    18.121     0.000
--- intermediates:
  3     gamma      22 [1,2] (4..8)   
                                 0.000     0.000    -0.000    36.243    36.243
--- outgoing:
  4         g      21 [3] (9)  7>>5 {+1,-2}
                                -0.293    -1.247    -0.340     1.326     0.000
  5         g      21 [3] (10)  4>>6 {+3,-1}
                                 1.506    -3.572   -11.800    12.420     0.000
  6         g      21 [3] (11)  5>>8 {+4,-3}
                                -1.419     8.571    -0.815     8.726     0.000
  7         g      21 [3] (14)  8>>4 {+2,-5}
                                 1.055    -2.321     4.670     5.321     0.000
  8         g      21 [3] (15)  6>>7 {+5,-4}
                                -0.849    -1.431     8.285     8.450     0.000
------------------------------------------------------------------------------
Step 1 performed by myLesHouchesHandler
--- intermediates:
  1        e-      11  (3)   
                                18.121     0.000     0.000    18.121     0.000
  2        e+     -11  (3)   
                               -18.121     0.000    -0.000    18.121     0.000
  3     gamma      22 [1,2] (4..8)   
                                 0.000     0.000    -0.000    36.243    36.243
--- final:
  4         g      21 [3] (9)  7>>5 {+1,-2}
                                -0.293    -1.247    -0.340     1.326     0.000
  5         g      21 [3] (10)  4>>6 {+3,-1}
                                 1.506    -3.572   -11.800    12.420     0.000
  6         g      21 [3] (11)  5>>8 {+4,-3}
                                -1.419     8.571    -0.815     8.726     0.000
  7         g      21 [3] (14)  8>>4 {+2,-5}
                                 1.055    -2.321     4.670     5.321     0.000
  8         g      21 [3] (15)  6>>7 {+5,-4}
                                -0.849    -1.431     8.285     8.450     0.000
------------------------------------------------------------------------------
     Sum of momenta:            -2e-05    -3e-05    -3e-05      36.2      36.2
------------------------------------------------------------------------------
Step 2 performed by ShowerHandler
--- intermediates:
 11         g      21 [6] (12,13)   {+4,-3}
                                -1.282     7.743    -0.736     9.401     5.122
 15         g      21 [8] (16,17)   {+5,-4}
                                -0.767    -1.293     7.485     9.152     5.048
--- final:
  9         g      21 [4] (18,19)  14>>10 {+1,-2}
                                -0.265    -1.127    -0.307     1.529     0.950
 10         g      21 [5] (20,21)  9>>13 {+3,-1}
                                 1.360    -3.227   -10.660    11.261     0.950
 12         g      21 [11] (28,29)  13>>17 {+4,-6}
                                -0.323     3.725     2.010     4.350     0.950
 13         g      21 [11] (30,31)  10>>12 {+6,-3}
                                -0.959     4.018    -2.747     5.051     0.950
 14         g      21 [7] (22,23)  16>>9 {+2,-5}
                                 0.953    -2.097     4.219     4.900     0.950
 16         g      21 [15] (24,25)  17>>14 {+5,-7}
                                -0.383    -1.273     7.885     8.052     0.950
 17         g      21 [15] (26,27)  12>>16 {+7,-4}
                                -0.384    -0.019    -0.400     1.100     0.950
------------------------------------------------------------------------------
     Sum of momenta:            -2e-05    -3e-05    -3e-05      36.2      36.2
------------------------------------------------------------------------------
Step 3 performed by ClusterHadHandler
--- intermediates:
 18         d       1 [9] (36)   {+1}
                                -0.403    -0.971    -0.307     1.143     0.325
 19      dbar      -1 [9] (32)   {-2}
                                 0.138    -0.156     0.000     0.386     0.325
 20         s       3 [10] (36)   {+3}
                                 0.645    -1.531    -4.609     4.920     0.450
 21      sbar      -3 [10] (35)   {-1}
                                 0.715    -1.696    -6.051     6.341     0.450
 22         u       2 [14] (32)   {+2}
                                 0.062    -0.409     0.620     0.813     0.325
 23      ubar      -2 [14] (33)   {-5}
                                 0.891    -1.688     3.599     4.087     0.325
 24         u       2 [16] (33)   {+5}
                                -0.077    -0.481     1.633     1.735     0.325
 25      ubar      -2 [16] (37)   {-7}
                                -0.306    -0.793     6.251     6.317     0.325
 26         d       1 [17] (36)   {+7}
                                -0.384    -0.197    -0.478     0.721     0.325
 27      dbar      -1 [17] (34)   {-4}
                                 0.001     0.178     0.078     0.379     0.325
 28         u       2 [12] (34)   {+4}
                                -0.124     2.615     1.692     3.134     0.325
 29      ubar      -2 [12] (37)   {-6}
                                -0.199     1.110     0.318     1.216     0.325
 30         s       3 [13] (35)   {+6}
                                -0.579     1.974    -1.498     2.584     0.450
 31      sbar      -3 [13] (37)   {-3}
                                -0.380     2.044    -1.249     2.467     0.450
 32   Cluster      81 [19,22] (50,51)   
                                 0.200    -0.564     0.620     1.199     0.833
 33   Cluster      81 [23,24] (48,49)   
                                 0.813    -2.169     5.232     5.822     1.073
 34   Cluster      81 [27,28] (52,53)   
                                -0.123     2.792     1.770     3.512     1.179
 35   Cluster      81 [21,30] (46,47)   
                                 0.136     0.278    -7.549     8.925     4.752
 36   Cluster      81 [18,20,26] (39)   
                                -0.142    -2.699    -5.394     6.784     3.101
 37   Cluster      81 [25,29,31] (38)   
                                -0.884     2.362     5.320    10.000     8.083
 38   Cluster      81 [37] (40,41)   
                                -0.884     2.362     5.320    10.000     8.083
 39   Cluster      81 [36] (54,55)   
                                -0.142    -2.699    -5.394     6.784     3.101
 40   Cluster      81 [38] (44,45)   
                                -0.402     0.545     3.876     5.494     3.835
 41   Cluster      81 [38] (42,43)   
                                -0.482     1.817     1.444     4.505     3.831
 42   Cluster      81 [41] (56,57)   
                                -0.247     1.108     0.262     2.076     1.718
 43   Cluster      81 [41] (58,59)   
                                -0.234     0.709     1.182     2.430     1.987
 44   Cluster      81 [40] (60,61)   
                                -0.229    -0.260     3.766     4.304     2.054
 45   Cluster      81 [40] (62,63)   
                                -0.174     0.805     0.110     1.191     0.853
 46   Cluster      81 [35] (64,65)   
                                -0.451     1.588    -1.710     2.669     1.213
 47   Cluster      81 [35] (66,67)   
                                 0.587    -1.310    -5.839     6.257     1.731
--- final:
 48       pi0     111 [33] (68,69)   
                                -0.077    -0.222     0.476     0.548     0.135
 49     omega     223 [33] (70,71)   
                                 0.891    -1.947     4.757     5.274     0.781
 50       pi0     111 [32] (76,77)   
                                -0.234    -0.150     0.473     0.566     0.135
 51       pi+     211 [32]    
                                 0.435    -0.414     0.147     0.634     0.140
 52     omega     223 [34] (78,79)   
                                 0.120     2.067     1.500     2.689     0.834
 53       pi+     211 [34]    
                                -0.243     0.725     0.271     0.823     0.140
 54     K'_1-  -20323 [39] (84,85)   
                                -0.955    -1.845    -3.025     3.845     1.146
 55    Delta0    2114 [39] (88,89)   
                                 0.813    -0.854    -2.369     2.939     1.279
 56 Sigmabar-   -3222 [42] (92,93)   
                                -0.597     0.885     0.076     1.600     1.189
 57       pi+     211 [42]    
                                 0.350     0.223     0.186     0.476     0.140
 58     pbar-   -2212 [43]    
                                -0.248     0.145     0.810     1.272     0.938
 59        n0    2112 [43]    
                                 0.014     0.564     0.372     1.158     0.940
 60     omega     223 [44] (94,95)   
                                -0.192    -0.437     1.733     1.960     0.780
 61       h_1   10223 [44] (100,101)   
                                -0.037     0.176     2.033     2.344     1.153
 62       pi+     211 [45]    
                                -0.472     0.292     0.096     0.580     0.140
 63       pi-    -211 [45]    
                                 0.299     0.513     0.014     0.610     0.140
 64    K*bar0    -313 [46] (106,107)   
                                -0.077     0.962    -1.097     1.706     0.880
 65       pi-    -211 [46]    
                                -0.374     0.626    -0.613     0.963     0.140
 66       K*0     313 [47] (111,112)   
                                 0.427    -0.859    -5.360     5.566     1.151
 67       pi+     211 [47]    
                                 0.160    -0.451    -0.479     0.691     0.140
------------------------------------------------------------------------------
     Sum of momenta:            -2e-05    -3e-05    -3e-05      36.2      36.2
------------------------------------------------------------------------------
Step 4 performed by DecayHandler
--- intermediates:
 70      rho0     113 [49] (72,73)   
                                 0.374    -1.125     2.858     3.138     0.521
 71       pi0     111 [49] (74,75)   
                                 0.517    -0.822     1.898     2.137     0.135
 78      rho0     113 [52] (80,81)   
                                 0.024     1.289     1.119     1.808     0.594
 79       pi0     111 [52] (82,83)   
                                 0.095     0.778     0.380     0.881     0.135
 84    K*bar0    -313 [54] (86,87)   
                                -0.732    -1.423    -2.005     2.710     0.873
 89       pi0     111 [55] (90,91)   
                                -0.037    -0.154    -0.699     0.729     0.135
 94      rho0     113 [60] (96,97)   
                                -0.148    -0.244     1.203     1.378     0.608
 95       pi0     111 [60] (98,99)   
                                -0.044    -0.193     0.530     0.581     0.135
100      rho+     213 [61] (102,103)   
                                 0.230     0.085     1.739     1.913     0.759
102       pi0     111 [100] (104,105)   
                                 0.115     0.197     0.139     0.299     0.135
106     Kbar0    -311 [64] (108)   
                                 0.053     0.310    -0.718     0.929     0.498
107       pi0     111 [64] (109,110)   
                                -0.131     0.652    -0.379     0.777     0.135
--- final:
 51       pi+     211 [32]    
                                 0.435    -0.414     0.147     0.634     0.140
 53       pi+     211 [34]    
                                -0.243     0.725     0.271     0.823     0.140
 57       pi+     211 [42]    
                                 0.350     0.223     0.186     0.476     0.140
 58     pbar-   -2212 [43]    
                                -0.248     0.145     0.810     1.272     0.938
 59        n0    2112 [43]    
                                 0.014     0.564     0.372     1.158     0.940
 62       pi+     211 [45]    
                                -0.472     0.292     0.096     0.580     0.140
 63       pi-    -211 [45]    
                                 0.299     0.513     0.014     0.610     0.140
 65       pi-    -211 [46]    
                                -0.374     0.626    -0.613     0.963     0.140
 67       pi+     211 [47]    
                                 0.160    -0.451    -0.479     0.691     0.140
 68     gamma      22 [48]    
                                -0.061    -0.054     0.266     0.279     0.000
 69     gamma      22 [48]    
                                -0.016    -0.168     0.209     0.269     0.000
 72       pi+     211 [70]    
                                 0.030    -0.078     0.593     0.615     0.140
 73       pi-    -211 [70]    
                                 0.345    -1.046     2.265     2.523     0.140
 74     gamma      22 [71]    
                                 0.071    -0.205     0.484     0.530     0.000
 75     gamma      22 [71]    
                                 0.445    -0.617     1.415     1.606     0.000
 76     gamma      22 [50]    
                                -0.220    -0.074     0.355     0.424     0.000
 77     gamma      22 [50]    
                                -0.015    -0.076     0.118     0.141     0.000
 80       pi+     211 [78]    
                                 0.190     0.876     0.511     1.041     0.140
 81       pi-    -211 [78]    
                                -0.165     0.413     0.608     0.767     0.140
 82     gamma      22 [79]    
                                 0.080     0.592     0.351     0.693     0.000
 83     gamma      22 [79]    
                                 0.015     0.185     0.030     0.188     0.000
 85       pi-    -211 [54]    
                                -0.223    -0.421    -1.020     1.135     0.140
 86        K-    -321 [84]    
                                -0.166    -0.635    -1.120     1.389     0.494
 87       pi+     211 [84]    
                                -0.567    -0.788    -0.885     1.321     0.140
 88        n0    2112 [55]    
                                 0.850    -0.700    -1.670     2.210     0.940
 90     gamma      22 [89]    
                                -0.083    -0.089    -0.502     0.516     0.000
 91     gamma      22 [89]    
                                 0.047    -0.065    -0.197     0.213     0.000
 92     nbar0   -2112 [56]    
                                -0.321     0.544     0.115     1.138     0.940
 93       pi-    -211 [56]    
                                -0.276     0.341    -0.040     0.462     0.140
 96       pi+     211 [94]    
                                 0.075    -0.250     1.007     1.050     0.140
 97       pi-    -211 [94]    
                                -0.223     0.007     0.196     0.328     0.140
 98     gamma      22 [95]    
                                 0.021    -0.096     0.118     0.153     0.000
 99     gamma      22 [95]    
                                -0.065    -0.097     0.412     0.429     0.000
101       pi-    -211 [61]    
                                -0.267     0.092     0.294     0.431     0.140
103       pi+     211 [100]    
                                 0.115    -0.112     1.600     1.614     0.140
104     gamma      22 [102]    
                                 0.080     0.152     0.164     0.237     0.000
105     gamma      22 [102]    
                                 0.035     0.045    -0.025     0.062     0.000
108      K_L0     130 [106]    
                                 0.053     0.310    -0.718     0.929     0.498
109     gamma      22 [107]    
                                -0.008    -0.006    -0.004     0.010     0.000
110     gamma      22 [107]    
                                -0.123     0.658    -0.375     0.767     0.000
111        K+     321 [66]    
                                 0.146    -0.510    -4.700     4.755     0.494
112       pi-    -211 [66]    
                                 0.281    -0.349    -0.660     0.810     0.140
------------------------------------------------------------------------------
     Sum of momenta:            -2e-05    -3e-05    -3e-05      36.2      36.2

The following exception classes were reported in this run:
ThePEG::EventHandler::ConsistencyException warning (1 times)
ThePEG::LesHouchesReader::LesHouchesReopenWarning warning (1 times)
