>>>>>>>>>>>>>>>>>>>>>>>>>>>>>>>>>>>>>>>>>>>>>>>>>>>>>>>>>>>>>>>>>>>>>>>>>>>>>>
>>>> Toolkit for HEP Event Generation - ThePEG 2.2.0 <<<<<<<<<<<<<<<<<<<<<<<<<
>>>> Tue Jun 30 00:34:43 2020                                             <<<<
<<<<<<<<<<<<<<<<<<<<<<<<<<<<<<<<<<<<<<<<<<<<<<<<<<<<<<<<<<<<<<<<<<<<<<<<<<<<<<

>> Herwig 7.2.0 / ThePEG 2.2.0

/Herwig/EventHandlers/NoCuts:
MHat  = 2 .. 18.8318 GeV
Scale = 0 .. 1e+12 GeV2
YHat  = -100 .. 100
X1    = 0 .. 1
X2    = 0 .. 1

* A warning exception of type ThePEG::LesHouchesReader::LesHouchesReopenWarning occurred while generating event number 1: 
Reopening LesHouchesReader 'myReader' after accessing 2 events out of 1
* A warning exception of type ThePEG::EventHandler::ConsistencyException occurred while generating event number 1: 
Event handler 'myLesHouchesHandler' found energy-momentum non-conservation by (-1e-05,-1e-05,-2e-05;9.99925e-06) GeV after generating step number 4.

******************************************************************************
Event number 1 (id: ./OUTPUT/0.95MB1.05/1512335477/TMP/Cluster_HERWIGOutput_23) performed by myLesHouchesHandler
Weight: 1
==============================================================================

--- Colliding particles:
  1        e-      11  (3)   
                                 4.708     0.000    -0.000     4.708     0.000
  2        e+     -11  (3)   
                                -4.708     0.000     0.000     4.708     0.000
------------------------------------------------------------------------------
Primary sub-process performed by myReader
--- incoming:
  1        e-      11  (3)   
                                 4.708     0.000    -0.000     4.708     0.000
  2        e+     -11  (3)   
                                -4.708     0.000     0.000     4.708     0.000
--- intermediates:
  3     gamma      22 [1,2] (4..7)   
                                 0.000     0.000    -0.000     9.416     9.416
--- outgoing:
  4         g      21 [3] (8)  6>>5 {+1,-2}
                                 0.654     3.269    -1.447     3.635     0.000
  5         g      21 [3] (9)  4>>7 {+3,-1}
                                -1.467    -3.277     1.151     3.771     0.000
  6         g      21 [3] (10)  7>>4 {+2,-4}
                                 0.362    -0.209     1.036     1.117     0.000
  7         g      21 [3] (11)  5>>6 {+4,-3}
                                 0.451     0.217    -0.740     0.894     0.000
------------------------------------------------------------------------------
Step 1 performed by myLesHouchesHandler
--- intermediates:
  1        e-      11  (3)   
                                 4.708     0.000    -0.000     4.708     0.000
  2        e+     -11  (3)   
                                -4.708     0.000     0.000     4.708     0.000
  3     gamma      22 [1,2] (4..7)   
                                 0.000     0.000    -0.000     9.416     9.416
--- final:
  4         g      21 [3] (8)  6>>5 {+1,-2}
                                 0.654     3.269    -1.447     3.635     0.000
  5         g      21 [3] (9)  4>>7 {+3,-1}
                                -1.467    -3.277     1.151     3.771     0.000
  6         g      21 [3] (10)  7>>4 {+2,-4}
                                 0.362    -0.209     1.036     1.117     0.000
  7         g      21 [3] (11)  5>>6 {+4,-3}
                                 0.451     0.217    -0.740     0.894     0.000
------------------------------------------------------------------------------
     Sum of momenta:            -2e-05    -1e-05    -2e-05      9.42      9.42
------------------------------------------------------------------------------
Step 2 performed by ShowerHandler
--- final:
  8         g      21 [4] (12,13)  10>>9 {+1,-2}
                                 0.578     2.888    -1.278     3.348     0.950
  9         g      21 [5] (14,15)  8>>11 {+3,-1}
                                -1.296    -2.895     1.017     3.463     0.950
 10         g      21 [6] (16,17)  11>>8 {+2,-4}
                                 0.319    -0.184     0.915     1.370     0.950
 11         g      21 [7] (18,19)  9>>10 {+4,-3}
                                 0.399     0.191    -0.654     1.235     0.950
------------------------------------------------------------------------------
     Sum of momenta:            -2e-05    -1e-05    -2e-05      9.42      9.42
------------------------------------------------------------------------------
Step 3 performed by ClusterHadHandler
--- intermediates:
 12         d       1 [8] (20)   {+1}
                                 0.040     1.757    -0.894     1.999     0.325
 13      dbar      -1 [8] (21)   {-2}
                                 0.538     1.130    -0.384     1.349     0.325
 14         u       2 [9] (22)   {+3}
                                -0.230    -0.341     0.146     0.544     0.325
 15      ubar      -2 [9] (20)   {-1}
                                -1.066    -2.554     0.871     2.920     0.325
 16         s       3 [10] (21)   {+2}
                                 0.226    -0.087     0.661     0.835     0.450
 17      sbar      -3 [10] (23)   {-4}
                                 0.094    -0.098     0.254     0.534     0.450
 18         u       2 [11] (23)   {+4}
                                 0.168     0.028    -0.711     0.801     0.325
 19      ubar      -2 [11] (22)   {-3}
                                 0.230     0.164     0.058     0.435     0.325
 20   Cluster      81 [12,15] (24,25)   
                                -1.027    -0.797    -0.023     4.918     4.743
 21   Cluster      81 [13,16] (28,29)   
                                 0.764     1.044     0.277     2.185     1.739
 22   Cluster      81 [14,19] (30,31)   
                                 0.001    -0.177     0.203     0.978     0.940
 23   Cluster      81 [17,18] (32,33)   
                                 0.262    -0.070    -0.458     1.335     1.224
 24   Cluster      81 [20] (26,27)   
                                -0.771    -0.314    -0.164     4.051     3.962
 25   Cluster      81 [20] (34,35)   
                                -0.256    -0.482     0.141     0.867     0.658
 26   Cluster      81 [24] (36,37)   
                                -0.101     1.121    -0.624     2.071     1.623
 27   Cluster      81 [24] (38,39)   
                                -0.670    -1.435     0.459     1.981     1.097
--- final:
 28      rho+     213 [21] (40,41)   
                                 0.254     0.254    -0.038     0.859     0.779
 29       K*-    -323 [21] (44,45)   
                                 0.510     0.790     0.315     1.326     0.880
 30      rho+     213 [22] (49,50)   
                                 0.087    -0.136     0.092     0.776     0.753
 31       pi-    -211 [22]    
                                -0.087    -0.041     0.111     0.203     0.140
 32       K*+     323 [23] (53,54)   
                                 0.097     0.168    -0.212     0.931     0.886
 33       pi0     111 [23] (57,58)   
                                 0.165    -0.238    -0.246     0.403     0.135
 34       pi-    -211 [25]    
                                -0.215     0.062    -0.056     0.269     0.140
 35       pi+     211 [25]    
                                -0.041    -0.545     0.197     0.597     0.140
 36      rho0     113 [26] (59,60)   
                                -0.068     0.594    -0.351     1.096     0.850
 37     omega     223 [26] (61,62)   
                                -0.033     0.527    -0.273     0.975     0.772
 38       pi0     111 [27] (65,66)   
                                -0.355    -0.333     0.157     0.529     0.135
 39      rho-    -213 [27] (67,68)   
                                -0.314    -1.102     0.303     1.452     0.838
------------------------------------------------------------------------------
     Sum of momenta:            -2e-05    -1e-05    -2e-05      9.42      9.42
------------------------------------------------------------------------------
Step 4 performed by DecayHandler
--- intermediates:
 40       pi0     111 [28] (42,43)   
                                 0.259    -0.159     0.173     0.375     0.135
 44     Kbar0    -311 [29] (46)   
                                 0.272     0.329    -0.079     0.661     0.498
 46      K_S0     310 [44] (47,48)   
                                 0.272     0.329    -0.079     0.661     0.498
 49       pi0     111 [30] (51,52)   
                                -0.295     0.015    -0.024     0.326     0.135
 54       pi0     111 [32] (55,56)   
                                 0.130     0.253    -0.284     0.424     0.135
 62       pi0     111 [37] (63,64)   
                                 0.248     0.579    -0.242     0.688     0.135
 67       pi0     111 [39] (69,70)   
                                -0.111     0.045    -0.106     0.209     0.135
--- final:
 31       pi-    -211 [22]    
                                -0.087    -0.041     0.111     0.203     0.140
 34       pi-    -211 [25]    
                                -0.215     0.062    -0.056     0.269     0.140
 35       pi+     211 [25]    
                                -0.041    -0.545     0.197     0.597     0.140
 41       pi+     211 [28]    
                                -0.005     0.413    -0.211     0.484     0.140
 42     gamma      22 [40]    
                                 0.009    -0.064     0.045     0.078     0.000
 43     gamma      22 [40]    
                                 0.249    -0.095     0.128     0.296     0.000
 45       pi-    -211 [29]    
                                 0.238     0.460     0.393     0.665     0.140
 47       pi+     211 [46]    
                                 0.093     0.342     0.073     0.388     0.140
 48       pi-    -211 [46]    
                                 0.179    -0.012    -0.152     0.273     0.140
 50       pi+     211 [30]    
                                 0.383    -0.151     0.116     0.450     0.140
 51     gamma      22 [49]    
                                -0.198    -0.031     0.034     0.204     0.000
 52     gamma      22 [49]    
                                -0.097     0.046    -0.058     0.122     0.000
 53        K+     321 [32]    
                                -0.033    -0.085     0.072     0.507     0.494
 55     gamma      22 [54]    
                                 0.145     0.171    -0.245     0.332     0.000
 56     gamma      22 [54]    
                                -0.015     0.082    -0.040     0.092     0.000
 57     gamma      22 [33]    
                                -0.010     0.005     0.005     0.012     0.000
 58     gamma      22 [33]    
                                 0.175    -0.244    -0.251     0.391     0.000
 59       pi+     211 [36]    
                                -0.045     0.030     0.230     0.275     0.140
 60       pi-    -211 [36]    
                                -0.022     0.564    -0.581     0.822     0.140
 61     gamma      22 [37]    
                                -0.281    -0.051    -0.031     0.287     0.000
 63     gamma      22 [62]    
                                 0.038     0.227    -0.050     0.235     0.000
 64     gamma      22 [62]    
                                 0.210     0.352    -0.192     0.452     0.000
 65     gamma      22 [38]    
                                -0.018    -0.084     0.031     0.092     0.000
 66     gamma      22 [38]    
                                -0.337    -0.249     0.125     0.437     0.000
 68       pi-    -211 [39]    
                                -0.203    -1.147     0.409     1.242     0.140
 69     gamma      22 [67]    
                                -0.034    -0.040     0.002     0.052     0.000
 70     gamma      22 [67]    
                                -0.077     0.085    -0.108     0.157     0.000
------------------------------------------------------------------------------
     Sum of momenta:            -2e-05    -1e-05    -2e-05      9.42      9.42

The following exception classes were reported in this run:
ThePEG::EventHandler::ConsistencyException warning (1 times)
ThePEG::LesHouchesReader::LesHouchesReopenWarning warning (1 times)
