>>>>>>>>>>>>>>>>>>>>>>>>>>>>>>>>>>>>>>>>>>>>>>>>>>>>>>>>>>>>>>>>>>>>>>>>>>>>>>
>>>> Toolkit for HEP Event Generation - ThePEG 2.2.0 <<<<<<<<<<<<<<<<<<<<<<<<<
>>>> Tue Jun 30 00:30:32 2020                                             <<<<
<<<<<<<<<<<<<<<<<<<<<<<<<<<<<<<<<<<<<<<<<<<<<<<<<<<<<<<<<<<<<<<<<<<<<<<<<<<<<<

>> Herwig 7.2.0 / ThePEG 2.2.0

/Herwig/EventHandlers/NoCuts:
MHat  = 2 .. 109.684 GeV
Scale = 0 .. 1e+12 GeV2
YHat  = -100 .. 100
X1    = 0 .. 1
X2    = 0 .. 1

* A warning exception of type ThePEG::LesHouchesReader::LesHouchesReopenWarning occurred while generating event number 1: 
Reopening LesHouchesReader 'myReader' after accessing 2 events out of 1
* A warning exception of type ThePEG::EventHandler::ConsistencyException occurred while generating event number 1: 
Event handler 'myLesHouchesHandler' found energy-momentum non-conservation by (-3.1e-05,-4e-05,-2e-05;2.9999e-05) GeV after generating step number 4.

******************************************************************************
Event number 1 (id: ./OUTPUT/0.95MB1.05/1512972536/TMP/Cluster_HERWIGOutput_18) performed by myLesHouchesHandler
Weight: 1
==============================================================================

--- Colliding particles:
  1        e-      11  (3)   
                                27.421     0.000     0.000    27.421     0.000
  2        e+     -11  (3)   
                               -27.421     0.000    -0.000    27.421     0.000
------------------------------------------------------------------------------
Primary sub-process performed by myReader
--- incoming:
  1        e-      11  (3)   
                                27.421     0.000     0.000    27.421     0.000
  2        e+     -11  (3)   
                               -27.421     0.000    -0.000    27.421     0.000
--- intermediates:
  3     gamma      22 [1,2] (4..9)   
                                 0.000     0.000    -0.000    54.842    54.842
--- outgoing:
  4         g      21 [3] (10)  9>>6 {+1,-2}
                                -0.521    -4.561     6.727     8.144     0.000
  5         g      21 [3] (17)  8>>7 {+3,-4}
                                 1.744     0.658    -1.669     2.502     0.000
  6         g      21 [3] (20)  4>>9 {+5,-1}
                                -1.158     3.568     8.291     9.100     0.000
  7         g      21 [3] (23)  5>>8 {+6,-3}
                                 2.485     2.851     8.694     9.481     0.000
  8         g      21 [3] (24)  7>>5 {+4,-6}
                                -7.181    -2.816    -9.474    12.217     0.000
  9         g      21 [3] (25)  6>>4 {+2,-5}
                                 4.631     0.300   -12.569    13.399     0.000
------------------------------------------------------------------------------
Step 1 performed by myLesHouchesHandler
--- intermediates:
  1        e-      11  (3)   
                                27.421     0.000     0.000    27.421     0.000
  2        e+     -11  (3)   
                               -27.421     0.000    -0.000    27.421     0.000
  3     gamma      22 [1,2] (4..9)   
                                 0.000     0.000    -0.000    54.842    54.842
--- final:
  4         g      21 [3] (10)  9>>6 {+1,-2}
                                -0.521    -4.561     6.727     8.144     0.000
  5         g      21 [3] (17)  8>>7 {+3,-4}
                                 1.744     0.658    -1.669     2.502     0.000
  6         g      21 [3] (20)  4>>9 {+5,-1}
                                -1.158     3.568     8.291     9.100     0.000
  7         g      21 [3] (23)  5>>8 {+6,-3}
                                 2.485     2.851     8.694     9.481     0.000
  8         g      21 [3] (24)  7>>5 {+4,-6}
                                -7.181    -2.816    -9.474    12.217     0.000
  9         g      21 [3] (25)  6>>4 {+2,-5}
                                 4.631     0.300   -12.569    13.399     0.000
------------------------------------------------------------------------------
     Sum of momenta:            -4e-05    -4e-05    -2e-05      54.8      54.8
------------------------------------------------------------------------------
Step 2 performed by ShowerHandler
--- intermediates:
 10         g      21 [4] (11,12)   {+1,-2}
                                -0.406    -3.559     5.248    13.181    11.548
 12         g      21 [10] (13,14)   {+7,-2}
                                -1.613    -4.565     4.543    11.214     9.038
 14         g      21 [12] (15,16)   {+7,-8}
                                -1.727    -6.186     2.724     8.597     5.023
 17         g      21 [5] (18,19)   {+3,-4}
                                 1.360     0.514    -1.302     3.664     3.100
 20         g      21 [6] (21,22)   {+5,-1}
                                -0.904     2.784     6.468     9.148     5.769
 25         g      21 [9] (26,27)   {+2,-5}
                                 3.613     0.234    -9.806    11.815     5.506
 27         g      21 [25] (28,29)   {+9,-5}
                                 2.926     1.675    -5.006     6.667     2.834
--- final:
 11         g      21 [10] (34,35)  15>>21 {+1,-7}
                                 1.206     1.006     0.705     1.967     0.950
 13         g      21 [12] (36,37)  26>>16 {+8,-2}
                                 0.115     1.621     1.819     2.617     0.950
 15         c       4 [14] (60)  >11 {+7}
                                -0.752    -1.219     2.482     3.282     1.600
 16      cbar      -4 [14] (52)  13> {-8}
                                -0.975    -4.967     0.242     5.314     1.600
 18         g      21 [17] (44,45)  24>>19 {+10,-4}
                                -0.506    -0.141     0.049     1.087     0.950
 19         g      21 [17] (46,47)  18>>23 {+3,-10}
                                 1.867     0.654    -1.351     2.577     0.950
 21         g      21 [20] (48,49)  11>>22 {+11,-1}
                                -2.005     3.644     6.057     7.409     0.950
 22         g      21 [20] (50,51)  21>>28 {+5,-11}
                                 1.101    -0.860     0.411     1.739     0.950
 23         g      21 [7] (30,31)  19>>24 {+6,-3}
                                 1.939     2.224     6.783     7.458     0.950
 24         g      21 [8] (32,33)  23>>18 {+4,-6}
                                -5.602    -2.197    -7.391     9.578     0.950
 26         g      21 [25] (38,39)  29>>13 {+2,-9}
                                 0.687    -1.441    -4.800     5.147     0.950
 28         g      21 [27] (40,41)  22>>29 {+12,-5}
                                 0.342     0.015    -2.117     2.345     0.950
 29         g      21 [27] (42,43)  28>>26 {+9,-12}
                                 2.583     1.660    -2.889     4.322     0.950
------------------------------------------------------------------------------
     Sum of momenta:            -4e-05    -4e-05    -2e-05      54.8      54.8
------------------------------------------------------------------------------
Step 3 performed by ClusterHadHandler
--- intermediates:
 30         u       2 [23] (57)   {+6}
                                 0.460     0.640     1.317     1.569     0.325
 31      ubar      -2 [23] (62)   {-3}
                                 1.479     1.584     5.466     5.889     0.325
 32         u       2 [24] (59)   {+4}
                                -4.483    -1.717    -5.525     7.326     0.325
 33      ubar      -2 [24] (62)   {-6}
                                -1.120    -0.480    -1.866     2.252     0.325
 34         u       2 [11] (61)   {+1}
                                 0.641     0.517    -0.005     0.885     0.325
 35      ubar      -2 [11] (58)   {-7}
                                 0.566     0.489     0.710     1.081     0.325
 36         d       1 [13] (52)   {+8}
                                -0.006     1.394     1.174     1.852     0.325
 37      dbar      -1 [13] (57)   {-2}
                                 0.120     0.227     0.644     0.766     0.325
 38         d       1 [26] (61)   {+2}
                                -0.021    -0.743    -2.139     2.288     0.325
 39      dbar      -1 [26] (60)   {-9}
                                 0.708    -0.698    -2.662     2.860     0.325
 40         d       1 [28] (53)   {+12}
                                 0.034     0.276    -0.560     0.705     0.325
 41      dbar      -1 [28] (54)   {-5}
                                 0.308    -0.261    -1.556     1.640     0.325
 42         u       2 [29] (58)   {+9}
                                 1.751     0.771    -1.940     2.744     0.325
 43      ubar      -2 [29] (53)   {-12}
                                 0.832     0.889    -0.949     1.578     0.325
 44         u       2 [18] (55)   {+10}
                                 0.031     0.066     0.226     0.403     0.325
 45      ubar      -2 [18] (59)   {-4}
                                -0.537    -0.206    -0.177     0.684     0.325
 46         d       1 [19] (61)   {+3}
                                 1.038     0.031    -0.503     1.198     0.325
 47      dbar      -1 [19] (55)   {-10}
                                 0.829     0.623    -0.848     1.379     0.325
 48         s       3 [21] (56)   {+11}
                                -1.111     2.260     3.606     4.422     0.450
 49      sbar      -3 [21] (62)   {-1}
                                -0.894     1.384     2.451     2.987     0.450
 50         s       3 [22] (54)   {+5}
                                 0.671    -0.632     0.222     1.049     0.450
 51      sbar      -3 [22] (56)   {-11}
                                 0.430    -0.228     0.189     0.689     0.450
 52   Cluster      81 [16,36] (67,68)   
                                -0.981    -3.573     1.416     7.166     5.968
 53   Cluster      81 [40,43] (81,82)   
                                 0.866     1.165    -1.510     2.283     0.908
 54   Cluster      81 [41,50] (79,80)   
                                 0.979    -0.893    -1.334     2.690     1.923
 55   Cluster      81 [44,47] (71,72)   
                                 0.860     0.688    -0.622     1.781     1.254
 56   Cluster      81 [48,51] (83,84)   
                                -0.681     2.032     3.795     5.111     2.670
 57   Cluster      81 [30,37] (73,74)   
                                 0.580     0.867     1.961     2.335     0.719
 58   Cluster      81 [35,42] (75,76)   
                                 2.317     1.260    -1.229     3.825     2.483
 59   Cluster      81 [32,45] (77,78)   
                                -5.020    -1.923    -5.703     8.011     1.659
 60   Cluster      81 [15,39] (69,70)   
                                -0.044    -1.917    -0.179     6.142     5.832
 61   Cluster      81 [34,38,46] (64)   
                                 1.657    -0.195    -2.647     4.371     3.053
 62   Cluster      81 [31,33,49] (63)   
                                -0.535     2.488     6.051    11.128     8.985
 63   Cluster      81 [62] (65,66)   
                                -0.535     2.488     6.051    11.128     8.985
 64   Cluster      81 [61] (85,86)   
                                 1.657    -0.195    -2.647     4.371     3.053
 65   Cluster      81 [63] (87,88)   
                                -1.073    -0.284    -1.339     2.809     2.205
 66   Cluster      81 [63] (89,90)   
                                 0.539     2.773     7.390     8.319     2.571
 67   Cluster      81 [52] (91,92)   
                                -0.221    -0.512     0.561     1.990     1.826
 68   Cluster      81 [52] (93,94)   
                                -0.760    -3.061     0.856     5.176     4.014
 69   Cluster      81 [60] (95,96)   
                                -0.400    -1.262     1.213     3.725     3.263
 70   Cluster      81 [60] (97,98)   
                                 0.356    -0.655    -1.392     2.418     1.830
--- final:
 71       pi+     211 [55]    
                                 0.705     0.252    -0.369     0.846     0.140
 72      rho0     113 [55] (99,100)   
                                 0.155     0.436    -0.252     0.935     0.772
 73       pi+     211 [57]    
                                -0.124     0.082     0.331     0.389     0.140
 74       pi0     111 [57] (101,102)   
                                 0.704     0.784     1.630     1.946     0.135
 75    rho''+   30213 [58] (103,104)   
                                 1.743     1.243    -0.363     2.777     1.730
 76       pi-    -211 [58]    
                                 0.574     0.017    -0.866     1.049     0.140
 77       pi+     211 [59]    
                                -0.866    -0.363    -1.247     1.567     0.140
 78      a_2-    -215 [59] (111,112)   
                                -4.153    -1.560    -4.456     6.443     1.406
 79       pi+     211 [54]    
                                 1.031    -0.672    -1.021     1.605     0.140
 80       K*-    -323 [54] (119,120)   
                                -0.053    -0.221    -0.314     1.084     1.013
 81       pi0     111 [53] (122,123)   
                                 0.259     0.973    -0.660     1.212     0.135
 82       pi-    -211 [53]    
                                 0.607     0.192    -0.850     1.071     0.140
 83  K*_2bar0    -315 [56] (124,125)   
                                -0.201     1.170     3.112     3.615     1.404
 84       K*0     313 [56] (126,127)   
                                -0.480     0.862     0.683     1.496     0.894
 85   omega''   30223 [64] (128..130)   
                                 0.229    -0.115    -0.290     1.327     1.269
 86    Delta0    2114 [64] (141,142)   
                                 1.429    -0.079    -2.356     3.044     1.291
 87       K*-    -323 [65] (145,146)   
                                -0.050    -0.349     0.096     0.976     0.905
 88        K0     311 [65] (150)   
                                -1.024     0.064    -1.435     1.833     0.498
 89    Xibar0   -3322 [66] (151,152)   
                                 0.154     1.101     3.246     3.674     1.315
 90    K*bar0    -313 [66] (157,158)   
                                 0.385     1.671     4.145     4.645     1.205
 91      a_20     115 [67] (164,165)   
                                -0.185     0.007     0.595     1.451     1.310
 92       pi0     111 [67] (176,177)   
                                -0.036    -0.520    -0.034     0.539     0.135
 93     D_s*-    -433 [68] (178,179)   
                                -0.143    -2.057    -0.154     2.955     2.112
 94       K'0  100311 [68] (183,184)   
                                -0.617    -1.004     1.010     2.221     1.588
 95 Lambda_c+    4122 [69] (189..192)   
                                -0.451    -1.054     0.923     2.719     2.286
 96     pbar-   -2212 [69]    
                                 0.052    -0.208     0.290     1.005     0.938
 97      a_20     115 [70] (193,194)   
                                -0.077    -0.584    -1.333     1.953     1.301
 98       pi+     211 [70]    
                                 0.433    -0.071    -0.059     0.464     0.140
------------------------------------------------------------------------------
     Sum of momenta:            -4e-05    -4e-05    -2e-05      54.8      54.8
------------------------------------------------------------------------------
Step 4 performed by DecayHandler
--- intermediates:
103      pi'0  100111 [75] (105,106)   
                                 1.412     0.399    -0.143     1.833     1.090
106      rho-    -213 [103] (107,108)   
                                 0.973     0.604     0.147     1.252     0.485
107       pi0     111 [106] (109,110)   
                                 0.190     0.001     0.100     0.254     0.135
111      rho-    -213 [78] (113,114)   
                                -3.875    -1.631    -3.898     5.801     0.885
112       pi0     111 [78] (117,118)   
                                -0.278     0.072    -0.558     0.642     0.135
113       pi0     111 [111] (115,116)   
                                -0.520    -0.548    -0.653     1.007     0.135
119     Kbar0    -311 [80] (121)   
                                 0.128    -0.468    -0.270     0.745     0.498
128     omega     223 [85] (131,132)   
                                 0.099     0.086    -0.038     0.795     0.784
129       pi0     111 [85] (137,138)   
                                 0.010    -0.078     0.045     0.163     0.135
130       pi0     111 [85] (139,140)   
                                 0.120    -0.124    -0.298     0.369     0.135
131      rho0     113 [128] (133,134)   
                                 0.104     0.014     0.046     0.621     0.610
132       pi0     111 [128] (135,136)   
                                -0.006     0.072    -0.084     0.175     0.135
142       pi0     111 [86] (143,144)   
                                 0.403    -0.102    -0.206     0.483     0.135
145     Kbar0    -311 [87] (147)   
                                -0.305    -0.275     0.167     0.667     0.498
147      K_S0     310 [145] (148,149)   
                                -0.305    -0.275     0.167     0.667     0.498
151Lambdabar0   -3122 [89] (153,154)   
                                 0.195     1.042     2.704     3.111     1.116
152       pi0     111 [89] (155,156)   
                                -0.041     0.059     0.542     0.563     0.135
157     Kbar0    -311 [90] (159)   
                                -0.120     0.833     2.870     3.032     0.498
158       pi0     111 [90] (162,163)   
                                 0.505     0.839     1.274     1.613     0.135
159      K_S0     310 [157] (160,161)   
                                -0.120     0.833     2.870     3.032     0.498
164      eta'     331 [91] (166..168)   
                                -0.131     0.045     0.758     1.229     0.958
165       pi0     111 [91] (174,175)   
                                -0.055    -0.038    -0.163     0.222     0.135
168       eta     221 [164] (169..171)   
                                -0.192    -0.021     0.333     0.669     0.548
171       pi0     111 [168] (172,173)   
                                 0.001    -0.065     0.083     0.171     0.135
179      D_s-    -431 [93] (180,181)   
                                -0.165    -2.112    -0.156     2.896     1.968
181        K0     311 [179] (182)   
                                 0.037     0.096    -0.349     0.616     0.498
183     K*_00   10311 [94] (185,186)   
                                -0.386    -0.831     1.146     1.874     1.165
184       pi0     111 [94] (187,188)   
                                -0.231    -0.173    -0.137     0.347     0.135
--- final:
 71       pi+     211 [55]    
                                 0.705     0.252    -0.369     0.846     0.140
 73       pi+     211 [57]    
                                -0.124     0.082     0.331     0.389     0.140
 76       pi-    -211 [58]    
                                 0.574     0.017    -0.866     1.049     0.140
 77       pi+     211 [59]    
                                -0.866    -0.363    -1.247     1.567     0.140
 79       pi+     211 [54]    
                                 1.031    -0.672    -1.021     1.605     0.140
 82       pi-    -211 [53]    
                                 0.607     0.192    -0.850     1.071     0.140
 96     pbar-   -2212 [69]    
                                 0.052    -0.208     0.290     1.005     0.938
 98       pi+     211 [70]    
                                 0.433    -0.071    -0.059     0.464     0.140
 99       pi+     211 [72]    
                                 0.212    -0.150    -0.072     0.303     0.140
100       pi-    -211 [72]    
                                -0.057     0.586    -0.180     0.631     0.140
101     gamma      22 [74]    
                                 0.450     0.478     0.896     1.111     0.000
102     gamma      22 [74]    
                                 0.254     0.306     0.735     0.835     0.000
104       pi+     211 [75]    
                                 0.332     0.844    -0.220     0.944     0.140
105       pi+     211 [103]    
                                 0.439    -0.204    -0.290     0.581     0.140
108       pi-    -211 [106]    
                                 0.783     0.602     0.047     0.999     0.140
109     gamma      22 [107]    
                                -0.013     0.000    -0.015     0.020     0.000
110     gamma      22 [107]    
                                 0.203     0.001     0.115     0.234     0.000
114       pi-    -211 [111]    
                                -3.355    -1.083    -3.245     4.794     0.140
115     gamma      22 [113]    
                                -0.353    -0.449    -0.453     0.729     0.000
116     gamma      22 [113]    
                                -0.167    -0.099    -0.200     0.278     0.000
117     gamma      22 [112]    
                                -0.249     0.026    -0.515     0.573     0.000
118     gamma      22 [112]    
                                -0.029     0.046    -0.043     0.069     0.000
120       pi-    -211 [80]    
                                -0.181     0.247    -0.044     0.339     0.140
121      K_L0     130 [119]    
                                 0.128    -0.468    -0.270     0.745     0.498
122     gamma      22 [81]    
                                 0.239     0.656    -0.457     0.835     0.000
123     gamma      22 [81]    
                                 0.020     0.318    -0.203     0.377     0.000
124        K-    -321 [83]    
                                 0.243     0.543     2.517     2.633     0.494
125       pi+     211 [83]    
                                -0.444     0.627     0.595     0.982     0.140
126        K+     321 [84]    
                                -0.622     0.604     0.582     1.155     0.494
127       pi-    -211 [84]    
                                 0.143     0.258     0.101     0.342     0.140
133       pi+     211 [131]    
                                 0.298     0.087     0.117     0.361     0.140
134       pi-    -211 [131]    
                                -0.194    -0.073    -0.072     0.260     0.140
135     gamma      22 [132]    
                                -0.069     0.021    -0.046     0.085     0.000
136     gamma      22 [132]    
                                 0.063     0.051    -0.038     0.090     0.000
137     gamma      22 [129]    
                                 0.006    -0.070     0.091     0.116     0.000
138     gamma      22 [129]    
                                 0.003    -0.007    -0.046     0.047     0.000
139     gamma      22 [130]    
                                -0.023    -0.004    -0.007     0.024     0.000
140     gamma      22 [130]    
                                 0.143    -0.120    -0.291     0.345     0.000
141        n0    2112 [86]    
                                 1.026     0.023    -2.150     2.561     0.940
143     gamma      22 [142]    
                                 0.041    -0.035    -0.075     0.092     0.000
144     gamma      22 [142]    
                                 0.362    -0.068    -0.131     0.391     0.000
146       pi-    -211 [87]    
                                 0.256    -0.073    -0.071     0.309     0.140
148       pi+     211 [147]    
                                -0.265    -0.237     0.285     0.476     0.140
149       pi-    -211 [147]    
                                -0.041    -0.038    -0.117     0.191     0.140
150      K_L0     130 [88]    
                                -1.024     0.064    -1.435     1.833     0.498
153     pbar-   -2212 [151]    
                                 0.176     1.003     2.530     2.884     0.938
154       pi+     211 [151]    
                                 0.018     0.040     0.174     0.227     0.140
155     gamma      22 [152]    
                                -0.069    -0.014     0.326     0.334     0.000
156     gamma      22 [152]    
                                 0.028     0.073     0.215     0.229     0.000
160       pi+     211 [159]    
                                 0.088     0.202     0.466     0.534     0.140
161       pi-    -211 [159]    
                                -0.207     0.630     2.404     2.498     0.140
162     gamma      22 [158]    
                                 0.114     0.101     0.226     0.273     0.000
163     gamma      22 [158]    
                                 0.391     0.737     1.048     1.340     0.000
166       pi+     211 [164]    
                                 0.079     0.053     0.081     0.187     0.140
167       pi-    -211 [164]    
                                -0.017     0.013     0.345     0.373     0.140
169       pi+     211 [168]    
                                -0.067     0.053    -0.025     0.166     0.140
170       pi-    -211 [168]    
                                -0.126    -0.009     0.274     0.332     0.140
172     gamma      22 [171]    
                                -0.019    -0.056     0.117     0.131     0.000
173     gamma      22 [171]    
                                 0.020    -0.009    -0.034     0.040     0.000
174     gamma      22 [165]    
                                -0.045    -0.088    -0.116     0.152     0.000
175     gamma      22 [165]    
                                -0.010     0.050    -0.047     0.070     0.000
176     gamma      22 [92]    
                                -0.003    -0.280    -0.084     0.292     0.000
177     gamma      22 [92]    
                                -0.033    -0.240     0.050     0.247     0.000
178     gamma      22 [93]    
                                 0.022     0.055     0.002     0.060     0.000
180        K-    -321 [179]    
                                -0.202    -2.208     0.193     2.279     0.494
182      K_L0     130 [181]    
                                 0.037     0.096    -0.349     0.616     0.498
185        K+     321 [183]    
                                -0.296    -1.023     1.111     1.617     0.494
186       pi-    -211 [183]    
                                -0.090     0.193     0.035     0.257     0.140
187     gamma      22 [184]    
                                -0.229    -0.123    -0.082     0.273     0.000
188     gamma      22 [184]    
                                -0.002    -0.050    -0.055     0.074     0.000
189       pi+     211 [95]    
                                -0.264     0.226     0.367     0.524     0.140
190       pi-    -211 [95]    
                                -0.258    -0.563     0.619     0.886     0.140
191       pi+     211 [95]    
                                -0.015    -0.082     0.039     0.167     0.140
192        n0    2112 [95]    
                                 0.085    -0.636    -0.102     1.142     0.940
193        K-    -321 [97]    
                                -0.407    -0.126    -0.439     0.787     0.494
194        K+     321 [97]    
                                 0.331    -0.458    -0.893     1.167     0.494
------------------------------------------------------------------------------
     Sum of momenta:            -4e-05    -4e-05    -2e-05      54.8      54.8

The following exception classes were reported in this run:
ThePEG::EventHandler::ConsistencyException warning (1 times)
ThePEG::LesHouchesReader::LesHouchesReopenWarning warning (1 times)
