>>>>>>>>>>>>>>>>>>>>>>>>>>>>>>>>>>>>>>>>>>>>>>>>>>>>>>>>>>>>>>>>>>>>>>>>>>>>>>
>>>> Toolkit for HEP Event Generation - ThePEG 2.2.0 <<<<<<<<<<<<<<<<<<<<<<<<<
>>>> Tue Jun 30 00:20:48 2020                                             <<<<
<<<<<<<<<<<<<<<<<<<<<<<<<<<<<<<<<<<<<<<<<<<<<<<<<<<<<<<<<<<<<<<<<<<<<<<<<<<<<<

>> Herwig 7.2.0 / ThePEG 2.2.0

/Herwig/EventHandlers/NoCuts:
MHat  = 2 .. 39.1041 GeV
Scale = 0 .. 1e+12 GeV2
YHat  = -100 .. 100
X1    = 0 .. 1
X2    = 0 .. 1

* A warning exception of type ThePEG::LesHouchesReader::LesHouchesReopenWarning occurred while generating event number 1: 
Reopening LesHouchesReader 'myReader' after accessing 2 events out of 1
* A warning exception of type ThePEG::EventHandler::ConsistencyException occurred while generating event number 1: 
Event handler 'myLesHouchesHandler' found energy-momentum non-conservation by (-1e-05,-2e-05,-2e-05;9.99868e-06) GeV after generating step number 4.

******************************************************************************
Event number 1 (id: ./OUTPUT/0.95MB1.05/1511630960/TMP/Cluster_HERWIGOutput_6) performed by myLesHouchesHandler
Weight: 1
==============================================================================

--- Colliding particles:
  1        e-      11  (3)   
                                 9.776     0.000     0.000     9.776     0.000
  2        e+     -11  (3)   
                                -9.776     0.000     0.000     9.776     0.000
------------------------------------------------------------------------------
Primary sub-process performed by myReader
--- incoming:
  1        e-      11  (3)   
                                 9.776     0.000     0.000     9.776     0.000
  2        e+     -11  (3)   
                                -9.776     0.000     0.000     9.776     0.000
--- intermediates:
  3     gamma      22 [1,2] (4..7)   
                                 0.000     0.000     0.000    19.552    19.552
--- outgoing:
  4         g      21 [3] (8)  7>>6 {+1,-2}
                                 3.876    -2.424    -2.809     5.365     0.000
  5         g      21 [3] (11)  6>>7 {+3,-4}
                                -0.754     0.491     1.530     1.775     0.000
  6         g      21 [3] (12)  4>>5 {+4,-1}
                                -1.923     6.201    -2.116     6.828     0.000
  7         g      21 [3] (13)  5>>4 {+2,-3}
                                -1.199    -4.268     3.395     5.584     0.000
------------------------------------------------------------------------------
Step 1 performed by myLesHouchesHandler
--- intermediates:
  1        e-      11  (3)   
                                 9.776     0.000     0.000     9.776     0.000
  2        e+     -11  (3)   
                                -9.776     0.000     0.000     9.776     0.000
  3     gamma      22 [1,2] (4..7)   
                                 0.000     0.000     0.000    19.552    19.552
--- final:
  4         g      21 [3] (8)  7>>6 {+1,-2}
                                 3.876    -2.424    -2.809     5.365     0.000
  5         g      21 [3] (11)  6>>7 {+3,-4}
                                -0.754     0.491     1.530     1.775     0.000
  6         g      21 [3] (12)  4>>5 {+4,-1}
                                -1.923     6.201    -2.116     6.828     0.000
  7         g      21 [3] (13)  5>>4 {+2,-3}
                                -1.199    -4.268     3.395     5.584     0.000
------------------------------------------------------------------------------
     Sum of momenta:            -2e-05    -2e-05    -2e-05      19.6      19.6
------------------------------------------------------------------------------
Step 2 performed by ShowerHandler
--- intermediates:
  8         g      21 [4] (9,10)   {+1,-2}
                                 3.658    -2.288    -2.651     5.758     2.742
--- final:
  9         g      21 [8] (20,21)  13>>10 {+5,-2}
                                 1.863    -0.187    -0.584     2.179     0.950
 10         g      21 [8] (22,23)  9>>12 {+1,-5}
                                 1.795    -2.101    -2.067     3.579     0.950
 11         g      21 [5] (14,15)  12>>13 {+3,-4}
                                -0.711     0.463     1.444     1.925     0.950
 12         g      21 [6] (16,17)  10>>11 {+4,-1}
                                -1.815     5.852    -1.997     6.514     0.950
 13         g      21 [7] (18,19)  11>>9 {+2,-3}
                                -1.131    -4.028     3.204     5.354     0.950
------------------------------------------------------------------------------
     Sum of momenta:            -2e-05    -2e-05    -2e-05      19.6      19.6
------------------------------------------------------------------------------
Step 3 performed by ClusterHadHandler
--- intermediates:
 14         s       3 [11] (24)   {+3}
                                -0.348     0.203     0.479     0.771     0.450
 15      sbar      -3 [11] (27)   {-4}
                                -0.363     0.261     0.965     1.155     0.450
 16         u       2 [12] (27)   {+4}
                                -0.512     1.636    -0.861     1.946     0.325
 17      ubar      -2 [12] (25)   {-1}
                                -1.303     4.216    -1.136     4.568     0.325
 18         d       1 [13] (28)   {+2}
                                -0.405    -2.167     1.322     2.591     0.325
 19      dbar      -1 [13] (24)   {-3}
                                -0.726    -1.861     1.882     2.764     0.325
 20         u       2 [9] (26)   {+5}
                                 0.185    -0.038    -0.181     0.417     0.325
 21      ubar      -2 [9] (28)   {-2}
                                 1.678    -0.149    -0.404     1.762     0.325
 22         d       1 [10] (25)   {+1}
                                 0.704    -1.104    -1.336     1.899     0.325
 23      dbar      -1 [10] (26)   {-5}
                                 1.090    -0.997    -0.730     1.680     0.325
 24   Cluster      81 [14,19] (35,36)   
                                -1.074    -1.658     2.361     3.534     1.736
 25   Cluster      81 [17,22] (29,30)   
                                -0.599     3.112    -2.472     6.468     5.067
 26   Cluster      81 [20,23] (37,38)   
                                 1.276    -1.035    -0.911     2.097     0.932
 27   Cluster      81 [15,16] (33,34)   
                                -0.875     1.897     0.104     3.101     2.289
 28   Cluster      81 [18,21] (31,32)   
                                 1.272    -2.315     0.918     4.353     3.335
 29   Cluster      81 [25] (39,40)   
                                -1.200     3.932    -1.126     4.388     1.039
 30   Cluster      81 [25] (41,42)   
                                 0.602    -0.820    -1.346     2.080     1.216
--- final:
 31     omega     223 [28] (43,44)   
                                 1.126    -1.479     1.545     2.539     0.779
 32     a'_0-  -10211 [28] (49,50)   
                                 0.147    -0.836    -0.626     1.814     1.475
 33        K+     321 [27]    
                                -0.107     0.106     0.458     0.690     0.494
 34      h'_1   10333 [27] (61,62)   
                                -0.768     1.791    -0.354     2.411     1.374
 35    K*bar0    -313 [24] (66,67)   
                                -0.695    -1.886     2.071     2.989     0.779
 36       pi0     111 [24] (68,69)   
                                -0.379     0.227     0.290     0.545     0.135
 37      rho+     213 [26] (70,71)   
                                 1.053    -0.887    -0.729     1.747     0.790
 38       pi0     111 [26] (74,75)   
                                 0.223    -0.148    -0.182     0.350     0.135
 39      rho-    -213 [29] (76,77)   
                                -0.792     3.217    -0.979     3.540     0.773
 40       pi0     111 [29] (80,81)   
                                -0.409     0.716    -0.148     0.848     0.135
 41       pi0     111 [30] (82,83)   
                                -0.109     0.174    -0.583     0.633     0.135
 42       pi0     111 [30] (84,85)   
                                 0.711    -0.994    -0.763     1.447     0.135
------------------------------------------------------------------------------
     Sum of momenta:            -2e-05    -2e-05    -2e-05      19.6      19.6
------------------------------------------------------------------------------
Step 4 performed by DecayHandler
--- intermediates:
 43      rho-    -213 [31] (45,46)   
                                 0.177    -0.606     0.546     0.903     0.343
 45       pi0     111 [43] (47,48)   
                                 0.090    -0.360     0.432     0.585     0.135
 49      rho-    -213 [32] (51,52)   
                                 0.291    -0.412    -0.507     0.902     0.549
 50     omega     223 [32] (55,56)   
                                -0.145    -0.424    -0.119     0.912     0.785
 51       pi0     111 [49] (53,54)   
                                 0.222    -0.475    -0.494     0.733     0.135
 55      rho+     213 [50] (57,58)   
                                -0.177    -0.181    -0.249     0.601     0.485
 57       pi0     111 [55] (59,60)   
                                 0.087     0.017    -0.170     0.234     0.135
 61       K*-    -323 [34] (63,64)   
                                -0.440     0.993    -0.228     1.408     0.868
 63     Kbar0    -311 [61] (65)   
                                -0.179     0.954    -0.201     1.109     0.498
 70       pi0     111 [37] (72,73)   
                                 0.983    -0.433    -0.642     1.258     0.135
 76       pi0     111 [39] (78,79)   
                                -0.214     0.575     0.078     0.633     0.135
--- final:
 33        K+     321 [27]    
                                -0.107     0.106     0.458     0.690     0.494
 44       pi+     211 [31]    
                                 0.949    -0.873     0.998     1.637     0.140
 46       pi-    -211 [43]    
                                 0.087    -0.246     0.114     0.318     0.140
 47     gamma      22 [45]    
                                 0.047    -0.126     0.068     0.150     0.000
 48     gamma      22 [45]    
                                 0.043    -0.234     0.363     0.435     0.000
 52       pi-    -211 [49]    
                                 0.070     0.064    -0.014     0.169     0.140
 53     gamma      22 [51]    
                                 0.054    -0.264    -0.211     0.342     0.000
 54     gamma      22 [51]    
                                 0.167    -0.211    -0.282     0.390     0.000
 56       pi-    -211 [50]    
                                 0.032    -0.244     0.130     0.311     0.140
 58       pi+     211 [55]    
                                -0.264    -0.198    -0.079     0.367     0.140
 59     gamma      22 [57]    
                                 0.050     0.073    -0.126     0.154     0.000
 60     gamma      22 [57]    
                                 0.037    -0.056    -0.043     0.080     0.000
 62        K+     321 [34]    
                                -0.329     0.798    -0.126     1.002     0.494
 64       pi-    -211 [61]    
                                -0.261     0.039    -0.027     0.299     0.140
 65      K_L0     130 [63]    
                                -0.179     0.954    -0.201     1.109     0.498
 66        K-    -321 [35]    
                                -0.325    -0.908     1.239     1.646     0.494
 67       pi+     211 [35]    
                                -0.370    -0.977     0.831     1.343     0.140
 68     gamma      22 [36]    
                                -0.241     0.173     0.120     0.320     0.000
 69     gamma      22 [36]    
                                -0.138     0.054     0.170     0.225     0.000
 71       pi+     211 [37]    
                                 0.070    -0.454    -0.087     0.488     0.140
 72     gamma      22 [70]    
                                 0.614    -0.338    -0.396     0.805     0.000
 73     gamma      22 [70]    
                                 0.369    -0.095    -0.246     0.454     0.000
 74     gamma      22 [38]    
                                 0.076     0.018    -0.051     0.093     0.000
 75     gamma      22 [38]    
                                 0.147    -0.166    -0.131     0.257     0.000
 77       pi-    -211 [39]    
                                -0.577     2.642    -1.057     2.906     0.140
 78     gamma      22 [76]    
                                -0.158     0.466     0.009     0.492     0.000
 79     gamma      22 [76]    
                                -0.057     0.109     0.069     0.141     0.000
 80     gamma      22 [40]    
                                -0.212     0.490    -0.066     0.538     0.000
 81     gamma      22 [40]    
                                -0.197     0.226    -0.081     0.310     0.000
 82     gamma      22 [41]    
                                -0.051     0.103    -0.144     0.184     0.000
 83     gamma      22 [41]    
                                -0.058     0.071    -0.439     0.449     0.000
 84     gamma      22 [42]    
                                 0.597    -0.749    -0.625     1.143     0.000
 85     gamma      22 [42]    
                                 0.114    -0.245    -0.138     0.304     0.000
------------------------------------------------------------------------------
     Sum of momenta:            -2e-05    -2e-05    -2e-05      19.6      19.6

The following exception classes were reported in this run:
ThePEG::EventHandler::ConsistencyException warning (1 times)
ThePEG::LesHouchesReader::LesHouchesReopenWarning warning (1 times)
