>>>>>>>>>>>>>>>>>>>>>>>>>>>>>>>>>>>>>>>>>>>>>>>>>>>>>>>>>>>>>>>>>>>>>>>>>>>>>>
>>>> Toolkit for HEP Event Generation - ThePEG 2.2.0 <<<<<<<<<<<<<<<<<<<<<<<<<
>>>> Tue Jun 30 00:47:06 2020                                             <<<<
<<<<<<<<<<<<<<<<<<<<<<<<<<<<<<<<<<<<<<<<<<<<<<<<<<<<<<<<<<<<<<<<<<<<<<<<<<<<<<

>> Herwig 7.2.0 / ThePEG 2.2.0

/Herwig/EventHandlers/NoCuts:
MHat  = 2 .. 40.5329 GeV
Scale = 0 .. 1e+12 GeV2
YHat  = -100 .. 100
X1    = 0 .. 1
X2    = 0 .. 1

* A warning exception of type ThePEG::LesHouchesReader::LesHouchesReopenWarning occurred while generating event number 1: 
Reopening LesHouchesReader 'myReader' after accessing 2 events out of 1
* A warning exception of type ThePEG::EventHandler::ConsistencyException occurred while generating event number 1: 
Event handler 'myLesHouchesHandler' found energy-momentum non-conservation by (-2e-05,-2e-05,-3e-05;9.99788e-06) GeV after generating step number 4.

******************************************************************************
Event number 1 (id: ./OUTPUT/0.95MB1.05/1514252634/TMP/Cluster_HERWIGOutput_39) performed by myLesHouchesHandler
Weight: 1
==============================================================================

--- Colliding particles:
  1        e-      11  (3)   
                                10.133     0.000     0.000    10.133     0.000
  2        e+     -11  (3)   
                               -10.133     0.000    -0.000    10.133     0.000
------------------------------------------------------------------------------
Primary sub-process performed by myReader
--- incoming:
  1        e-      11  (3)   
                                10.133     0.000     0.000    10.133     0.000
  2        e+     -11  (3)   
                               -10.133     0.000    -0.000    10.133     0.000
--- intermediates:
  3     gamma      22 [1,2] (4..9)   
                                -0.000     0.000     0.000    20.266    20.266
--- outgoing:
  4         g      21 [3] (10)  5>>9 {+1,-2}
                                -0.375     0.139    -4.010     4.030     0.000
  5         g      21 [3] (11)  8>>4 {+2,-3}
                                -1.038    -0.774    -0.775     1.510     0.000
  6         g      21 [3] (12)  7>>8 {+4,-5}
                                 4.339     4.622     1.599     6.538     0.000
  7         g      21 [3] (13)  9>>6 {+5,-6}
                                -0.690    -1.158    -0.855     1.596     0.000
  8         g      21 [3] (16)  6>>5 {+3,-4}
                                -0.757    -1.862     4.357     4.799     0.000
  9         g      21 [3] (17)  4>>7 {+6,-1}
                                -1.478    -0.967    -0.316     1.794     0.000
------------------------------------------------------------------------------
Step 1 performed by myLesHouchesHandler
--- intermediates:
  1        e-      11  (3)   
                                10.133     0.000     0.000    10.133     0.000
  2        e+     -11  (3)   
                               -10.133     0.000    -0.000    10.133     0.000
  3     gamma      22 [1,2] (4..9)   
                                -0.000     0.000     0.000    20.266    20.266
--- final:
  4         g      21 [3] (10)  5>>9 {+1,-2}
                                -0.375     0.139    -4.010     4.030     0.000
  5         g      21 [3] (11)  8>>4 {+2,-3}
                                -1.038    -0.774    -0.775     1.510     0.000
  6         g      21 [3] (12)  7>>8 {+4,-5}
                                 4.339     4.622     1.599     6.538     0.000
  7         g      21 [3] (13)  9>>6 {+5,-6}
                                -0.690    -1.158    -0.855     1.596     0.000
  8         g      21 [3] (16)  6>>5 {+3,-4}
                                -0.757    -1.862     4.357     4.799     0.000
  9         g      21 [3] (17)  4>>7 {+6,-1}
                                -1.478    -0.967    -0.316     1.794     0.000
------------------------------------------------------------------------------
     Sum of momenta:            -3e-05    -2e-05    -3e-05      20.3      20.3
------------------------------------------------------------------------------
Step 2 performed by ShowerHandler
--- intermediates:
 13         g      21 [7] (14,15)   {+5,-6}
                                -0.610    -1.023    -0.755     2.902     2.536
--- final:
 10         g      21 [4] (18,19)  11>>17 {+1,-2}
                                -0.331     0.123    -3.542     3.684     0.950
 11         g      21 [5] (20,21)  16>>10 {+2,-3}
                                -0.917    -0.684    -0.685     1.637     0.950
 12         g      21 [6] (22,23)  14>>16 {+4,-5}
                                 3.832     4.083     1.413     5.853     0.950
 14         u       2 [13] (32)  >12 {+5}
                                 0.536    -1.299     0.041     1.443     0.325
 15      ubar      -2 [13] (30)  17> {-6}
                                -1.146     0.276    -0.796     1.459     0.325
 16         g      21 [8] (24,25)  12>>11 {+3,-4}
                                -0.669    -1.645     3.848     4.343     0.950
 17         g      21 [9] (26,27)  10>>15 {+6,-1}
                                -1.305    -0.854    -0.279     1.848     0.950
------------------------------------------------------------------------------
     Sum of momenta:            -3e-05    -2e-05    -3e-05      20.3      20.3
------------------------------------------------------------------------------
Step 3 performed by ClusterHadHandler
--- intermediates:
 18         d       1 [10] (31)   {+1}
                                -0.258     0.269    -0.993     1.110     0.325
 19      dbar      -1 [10] (28)   {-2}
                                -0.073    -0.146    -2.549     2.574     0.325
 20         s       3 [11] (28)   {+2}
                                -0.566    -0.516    -0.467     1.004     0.450
 21      sbar      -3 [11] (29)   {-3}
                                -0.351    -0.168    -0.218     0.633     0.450
 22         u       2 [12] (33)   {+4}
                                 2.807     2.762     1.236     4.141     0.325
 23      ubar      -2 [12] (31)   {-5}
                                 1.025     1.320     0.176     1.712     0.325
 24         u       2 [16] (29)   {+3}
                                -0.659    -0.894     1.826     2.162     0.325
 25      ubar      -2 [16] (32)   {-4}
                                -0.010    -0.751     2.023     2.182     0.325
 26         s       3 [17] (30)   {+6}
                                -0.619    -0.401     0.018     0.864     0.450
 27      sbar      -3 [17] (33)   {-1}
                                -0.687    -0.453    -0.297     0.984     0.450
 28   Cluster      81 [19,20] (38,39)   
                                -0.640    -0.662    -3.015     3.578     1.692
 29   Cluster      81 [21,24] (42,43)   
                                -1.010    -1.062     1.608     2.795     1.755
 30   Cluster      81 [15,26] (36,37)   
                                -1.764    -0.125    -0.778     2.323     1.289
 31   Cluster      81 [18,23] (40,41)   
                                 0.767     1.589    -0.817     2.821     2.044
 32   Cluster      81 [14,25] (44,45)   
                                 0.526    -2.050     2.063     3.625     2.099
 33   Cluster      81 [22,27] (34,35)   
                                 2.121     2.309     0.939     5.125     3.943
 34   Cluster      81 [33] (46,47)   
                                 1.729     1.849     0.765     3.870     2.826
 35   Cluster      81 [33] (48,49)   
                                 0.392     0.461     0.174     1.254     1.085
--- final:
 36    K*bar0    -313 [30] (50,51)   
                                -1.667     0.021    -0.397     1.880     0.774
 37       pi-    -211 [30]    
                                -0.097    -0.146    -0.381     0.442     0.140
 38       pi0     111 [28] (52,53)   
                                -0.315    -0.503    -0.471     0.770     0.135
 39  K*_0bar0  -10311 [28] (54,55)   
                                -0.325    -0.159    -2.545     2.809     1.132
 40      a_00 9000111 [31] (56,57)   
                                 0.301     0.445    -0.214     1.347     1.216
 41      rho-    -213 [31] (62,63)   
                                 0.466     1.145    -0.602     1.474     0.532
 42      K'*0  100313 [29] (67,68)   
                                -1.007    -1.084     1.660     2.644     1.432
 43       pi+     211 [29]    
                                -0.003     0.022    -0.052     0.151     0.140
 44      a_1+   20213 [32] (72,73)   
                                -0.137    -1.358     1.105     2.152     1.244
 45      rho-    -213 [32] (80,81)   
                                 0.663    -0.692     0.958     1.473     0.576
 46      a_2+     215 [34] (84,85)   
                                 0.205     0.850     0.618     1.742     1.374
 47      rho-    -213 [34] (88,89)   
                                 1.524     0.999     0.147     2.129     1.091
 48        K+     321 [35]    
                                 0.254     0.528     0.467     0.897     0.494
 49       pi0     111 [35] (92,93)   
                                 0.138    -0.067    -0.293     0.357     0.135
------------------------------------------------------------------------------
     Sum of momenta:            -3e-05    -2e-05    -3e-05      20.3      20.3
------------------------------------------------------------------------------
Step 4 performed by DecayHandler
--- intermediates:
 56       eta     221 [40] (58,59)   
                                 0.171     0.712    -0.369     0.986     0.548
 57       pi0     111 [40] (60,61)   
                                 0.130    -0.267     0.155     0.361     0.135
 62       pi0     111 [41] (64..66)   
                                 0.498     0.663    -0.427     0.943     0.135
 67       K*+     323 [42] (69,70)   
                                -1.153    -0.873     1.647     2.352     0.855
 69        K0     311 [67] (71)   
                                -0.955    -0.451     0.964     1.514     0.498
 72    rho''+   30213 [44] (74,75)   
                                 0.301    -0.641     0.267     0.957     0.587
 73       pi0     111 [44] (78,79)   
                                -0.438    -0.717     0.838     1.195     0.135
 74       pi0     111 [72] (76,77)   
                                 0.274    -0.151     0.289     0.447     0.135
 80       pi0     111 [45] (82,83)   
                                 0.068    -0.325     0.133     0.382     0.135
 84      rho0     113 [46] (86,87)   
                                -0.279     0.780     0.665     1.231     0.622
 88       pi0     111 [47] (90,91)   
                                 0.393     0.038     0.443     0.609     0.135
--- final:
 37       pi-    -211 [30]    
                                -0.097    -0.146    -0.381     0.442     0.140
 43       pi+     211 [29]    
                                -0.003     0.022    -0.052     0.151     0.140
 48        K+     321 [35]    
                                 0.254     0.528     0.467     0.897     0.494
 50        K-    -321 [36]    
                                -0.886    -0.153    -0.210     1.047     0.494
 51       pi+     211 [36]    
                                -0.781     0.174    -0.186     0.833     0.140
 52     gamma      22 [38]    
                                -0.317    -0.480    -0.474     0.745     0.000
 53     gamma      22 [38]    
                                 0.002    -0.024     0.004     0.024     0.000
 54        K-    -321 [39]    
                                -0.526    -0.275    -1.132     1.370     0.494
 55       pi+     211 [39]    
                                 0.201     0.116    -1.413     1.439     0.140
 58     gamma      22 [56]    
                                 0.117     0.024    -0.262     0.287     0.000
 59     gamma      22 [56]    
                                 0.054     0.688    -0.107     0.698     0.000
 60     gamma      22 [57]    
                                 0.094    -0.274     0.141     0.322     0.000
 61     gamma      22 [57]    
                                 0.036     0.006     0.013     0.039     0.000
 63       pi-    -211 [41]    
                                -0.031     0.481    -0.175     0.532     0.140
 64     gamma      22 [62]    
                                 0.231     0.205    -0.134     0.337     0.000
 65        e-      11 [62]    
                                 0.092     0.158    -0.101     0.209     0.001
 66        e+     -11 [62]    
                                 0.175     0.300    -0.192     0.397     0.001
 68       pi-    -211 [42]    
                                 0.146    -0.211     0.013     0.292     0.140
 70       pi+     211 [67]    
                                -0.198    -0.422     0.682     0.838     0.140
 71      K_L0     130 [69]    
                                -0.955    -0.451     0.964     1.514     0.498
 75       pi+     211 [72]    
                                 0.027    -0.490    -0.022     0.510     0.140
 76     gamma      22 [74]    
                                 0.102    -0.128     0.171     0.237     0.000
 77     gamma      22 [74]    
                                 0.173    -0.023     0.118     0.210     0.000
 78     gamma      22 [73]    
                                -0.339    -0.643     0.703     1.011     0.000
 79     gamma      22 [73]    
                                -0.099    -0.074     0.136     0.184     0.000
 81       pi-    -211 [45]    
                                 0.595    -0.367     0.825     1.091     0.140
 82     gamma      22 [80]    
                                 0.079    -0.293     0.072     0.312     0.000
 83     gamma      22 [80]    
                                -0.011    -0.032     0.062     0.070     0.000
 85       pi+     211 [46]    
                                 0.484     0.070    -0.046     0.511     0.140
 86       pi+     211 [84]    
                                -0.032     0.356    -0.011     0.384     0.140
 87       pi-    -211 [84]    
                                -0.247     0.425     0.676     0.847     0.140
 89       pi-    -211 [47]    
                                 1.131     0.961    -0.297     1.520     0.140
 90     gamma      22 [88]    
                                 0.215     0.087     0.232     0.328     0.000
 91     gamma      22 [88]    
                                 0.178    -0.050     0.211     0.280     0.000
 92     gamma      22 [49]    
                                 0.107    -0.108    -0.201     0.252     0.000
 93     gamma      22 [49]    
                                 0.031     0.041    -0.091     0.105     0.000
------------------------------------------------------------------------------
     Sum of momenta:            -3e-05    -2e-05    -3e-05      20.3      20.3

The following exception classes were reported in this run:
ThePEG::EventHandler::ConsistencyException warning (1 times)
ThePEG::LesHouchesReader::LesHouchesReopenWarning warning (1 times)
