>>>>>>>>>>>>>>>>>>>>>>>>>>>>>>>>>>>>>>>>>>>>>>>>>>>>>>>>>>>>>>>>>>>>>>>>>>>>>>
>>>> Toolkit for HEP Event Generation - ThePEG 2.2.0 <<<<<<<<<<<<<<<<<<<<<<<<<
>>>> Tue Jun 30 00:17:53 2020                                             <<<<
<<<<<<<<<<<<<<<<<<<<<<<<<<<<<<<<<<<<<<<<<<<<<<<<<<<<<<<<<<<<<<<<<<<<<<<<<<<<<<

>> Herwig 7.2.0 / ThePEG 2.2.0

/Herwig/EventHandlers/NoCuts:
MHat  = 2 .. 37.2655 GeV
Scale = 0 .. 1e+12 GeV2
YHat  = -100 .. 100
X1    = 0 .. 1
X2    = 0 .. 1

* A warning exception of type ThePEG::LesHouchesReader::LesHouchesReopenWarning occurred while generating event number 1: 
Reopening LesHouchesReader 'myReader' after accessing 2 events out of 1
* A warning exception of type ThePEG::EventHandler::ConsistencyException occurred while generating event number 1: 
Event handler 'myLesHouchesHandler' found energy-momentum non-conservation by (-2e-05,-2e-05,-3e-05;9.99817e-06) GeV after generating step number 4.

******************************************************************************
Event number 1 (id: ./OUTPUT/0.95MB1.05/1511299816/TMP/Cluster_HERWIGOutput_2) performed by myLesHouchesHandler
Weight: 1
==============================================================================

--- Colliding particles:
  1        e-      11  (3)   
                                 9.316     0.000     0.000     9.316     0.000
  2        e+     -11  (3)   
                                -9.316     0.000     0.000     9.316     0.000
------------------------------------------------------------------------------
Primary sub-process performed by myReader
--- incoming:
  1        e-      11  (3)   
                                 9.316     0.000     0.000     9.316     0.000
  2        e+     -11  (3)   
                                -9.316     0.000     0.000     9.316     0.000
--- intermediates:
  3     gamma      22 [1,2] (4..8)   
                                 0.000     0.000    -0.000    18.633    18.633
--- outgoing:
  4         g      21 [3] (9)  7>>8 {+1,-2}
                                 0.296     0.413    -0.647     0.823     0.000
  5         g      21 [3] (10)  6>>7 {+3,-4}
                                -5.793     0.511    -1.409     5.984     0.000
  6         g      21 [3] (13)  8>>5 {+4,-5}
                                 6.799     1.466     2.930     7.547     0.000
  7         g      21 [3] (14)  5>>4 {+2,-3}
                                -0.021    -1.968    -1.780     2.654     0.000
  8         g      21 [3] (15)  4>>6 {+5,-1}
                                -1.281    -0.423     0.907     1.625     0.000
------------------------------------------------------------------------------
Step 1 performed by myLesHouchesHandler
--- intermediates:
  1        e-      11  (3)   
                                 9.316     0.000     0.000     9.316     0.000
  2        e+     -11  (3)   
                                -9.316     0.000     0.000     9.316     0.000
  3     gamma      22 [1,2] (4..8)   
                                 0.000     0.000    -0.000    18.633    18.633
--- final:
  4         g      21 [3] (9)  7>>8 {+1,-2}
                                 0.296     0.413    -0.647     0.823     0.000
  5         g      21 [3] (10)  6>>7 {+3,-4}
                                -5.793     0.511    -1.409     5.984     0.000
  6         g      21 [3] (13)  8>>5 {+4,-5}
                                 6.799     1.466     2.930     7.547     0.000
  7         g      21 [3] (14)  5>>4 {+2,-3}
                                -0.021    -1.968    -1.780     2.654     0.000
  8         g      21 [3] (15)  4>>6 {+5,-1}
                                -1.281    -0.423     0.907     1.625     0.000
------------------------------------------------------------------------------
     Sum of momenta:            -3e-05    -2e-05    -3e-05      18.6      18.6
------------------------------------------------------------------------------
Step 2 performed by ShowerHandler
--- intermediates:
 10         g      21 [5] (11,12)   {+3,-4}
                                -5.112     0.451    -1.244     6.462     3.725
--- final:
  9         g      21 [4] (16,17)  14>>15 {+1,-2}
                                 0.261     0.365    -0.571     1.196     0.950
 11         s       3 [10] (25)  >14 {+3}
                                -2.651     0.231     1.204     2.956     0.450
 12      sbar      -3 [10] (28)  13> {-4}
                                -2.460     0.221    -2.448     3.506     0.450
 13         g      21 [6] (18,19)  15>>12 {+4,-5}
                                 6.000     1.294     2.586     6.727     0.950
 14         g      21 [7] (20,21)  11>>9 {+2,-3}
                                -0.019    -1.737    -1.571     2.527     0.950
 15         g      21 [8] (22,23)  9>>13 {+5,-1}
                                -1.130    -0.373     0.800     1.720     0.950
------------------------------------------------------------------------------
     Sum of momenta:            -3e-05    -2e-05    -3e-05      18.6      18.6
------------------------------------------------------------------------------
Step 3 performed by ClusterHadHandler
--- intermediates:
 16         u       2 [9] (26)   {+1}
                                -0.207     0.023    -0.212     0.440     0.325
 17      ubar      -2 [9] (27)   {-2}
                                 0.468     0.342    -0.359     0.755     0.325
 18         d       1 [13] (27)   {+4}
                                 4.792     1.148     2.234     5.420     0.325
 19      dbar      -1 [13] (24)   {-5}
                                 1.208     0.146     0.351     1.307     0.325
 20         s       3 [14] (28)   {+2}
                                -0.051    -0.986    -1.041     1.504     0.450
 21      sbar      -3 [14] (26)   {-3}
                                 0.032    -0.751    -0.530     1.024     0.450
 22         u       2 [15] (24)   {+5}
                                -0.417    -0.425     0.136     0.692     0.325
 23      ubar      -2 [15] (25)   {-1}
                                -0.713     0.052     0.664     1.028     0.325
 24   Cluster      81 [19,22] (33,34)   
                                 0.790    -0.279     0.488     1.999     1.749
 25   Cluster      81 [11,23] (29,30)   
                                -3.364     0.283     1.868     3.984     0.992
 26   Cluster      81 [16,21] (31,32)   
                                -0.175    -0.728    -0.742     1.464     1.016
 27   Cluster      81 [17,18] (37,38)   
                                 5.260     1.490     1.875     6.176     2.176
 28   Cluster      81 [12,20] (35,36)   
                                -2.511    -0.766    -3.488     5.010     2.458
--- final:
 29     Kbar0    -311 [25] (39)   
                                -1.188     0.304     0.883     1.591     0.498
 30       pi-    -211 [25]    
                                -2.176    -0.021     0.984     2.392     0.140
 31       pi+     211 [26]    
                                -0.090    -0.030    -0.558     0.583     0.140
 32        K0     311 [26] (42)   
                                -0.085    -0.698    -0.184     0.881     0.498
 33       pi0     111 [24] (45,46)   
                                 0.440    -0.200     0.570     0.760     0.135
 34      b_1+   10213 [24] (47,48)   
                                 0.350    -0.078    -0.083     1.240     1.184
 35   Lambda0    3122 [28] (55,56)   
                                -1.988    -0.503    -2.192     3.202     1.116
 36Lambdabar0   -3122 [28] (57,58)   
                                -0.522    -0.263    -1.297     1.808     1.116
 37     omega     223 [27] (59,60)   
                                 2.826     1.190     0.495     3.203     0.786
 38      rho-    -213 [27] (65,66)   
                                 2.434     0.300     1.380     2.972     0.955
------------------------------------------------------------------------------
     Sum of momenta:            -3e-05    -2e-05    -3e-05      18.6      18.6
------------------------------------------------------------------------------
Step 4 performed by DecayHandler
--- intermediates:
 39      K_S0     310 [29] (40,41)   
                                -1.188     0.304     0.883     1.591     0.498
 42      K_S0     310 [32] (43,44)   
                                -0.085    -0.698    -0.184     0.881     0.498
 47     omega     223 [34] (49,50)   
                                 0.251    -0.223     0.204     0.876     0.782
 49      rho0     113 [47] (51,52)   
                                 0.010     0.096    -0.002     0.406     0.395
 50       pi0     111 [47] (53,54)   
                                 0.241    -0.319     0.206     0.469     0.135
 59      rho-    -213 [37] (61,62)   
                                 1.822     0.895     0.256     2.121     0.560
 61       pi0     111 [59] (63,64)   
                                 0.217     0.027     0.127     0.287     0.135
 65       pi0     111 [38] (67,68)   
                                 1.625     0.131     1.369     2.133     0.135
--- final:
 30       pi-    -211 [25]    
                                -2.176    -0.021     0.984     2.392     0.140
 31       pi+     211 [26]    
                                -0.090    -0.030    -0.558     0.583     0.140
 40       pi+     211 [39]    
                                -0.617     0.276     0.679     0.968     0.140
 41       pi-    -211 [39]    
                                -0.572     0.028     0.204     0.623     0.140
 43       pi+     211 [42]    
                                -0.128    -0.665    -0.222     0.726     0.140
 44       pi-    -211 [42]    
                                 0.043    -0.032     0.038     0.154     0.140
 45     gamma      22 [33]    
                                 0.223    -0.165     0.369     0.461     0.000
 46     gamma      22 [33]    
                                 0.218    -0.036     0.201     0.298     0.000
 48       pi+     211 [34]    
                                 0.099     0.144    -0.287     0.364     0.140
 51       pi+     211 [49]    
                                 0.067    -0.022    -0.106     0.189     0.140
 52       pi-    -211 [49]    
                                -0.056     0.118     0.104     0.218     0.140
 53     gamma      22 [50]    
                                -0.002    -0.057     0.062     0.085     0.000
 54     gamma      22 [50]    
                                 0.243    -0.262     0.144     0.385     0.000
 55        p+    2212 [35]    
                                -1.724    -0.378    -1.991     2.821     0.938
 56       pi-    -211 [35]    
                                -0.265    -0.125    -0.201     0.381     0.140
 57     pbar-   -2212 [36]    
                                -0.473    -0.309    -1.055     1.521     0.938
 58       pi+     211 [36]    
                                -0.049     0.046    -0.241     0.287     0.140
 60       pi+     211 [37]    
                                 1.004     0.295     0.239     1.082     0.140
 62       pi-    -211 [59]    
                                 1.605     0.868     0.128     1.835     0.140
 63     gamma      22 [61]    
                                 0.230     0.019     0.137     0.268     0.000
 64     gamma      22 [61]    
                                -0.013     0.008    -0.010     0.018     0.000
 66       pi-    -211 [38]    
                                 0.810     0.169     0.011     0.839     0.140
 67     gamma      22 [65]    
                                 0.692     0.010     0.517     0.863     0.000
 68     gamma      22 [65]    
                                 0.933     0.121     0.852     1.270     0.000
------------------------------------------------------------------------------
     Sum of momenta:            -3e-05    -2e-05    -3e-05      18.6      18.6

The following exception classes were reported in this run:
ThePEG::EventHandler::ConsistencyException warning (1 times)
ThePEG::LesHouchesReader::LesHouchesReopenWarning warning (1 times)
