>>>>>>>>>>>>>>>>>>>>>>>>>>>>>>>>>>>>>>>>>>>>>>>>>>>>>>>>>>>>>>>>>>>>>>>>>>>>>>
>>>> Toolkit for HEP Event Generation - ThePEG 2.2.0 <<<<<<<<<<<<<<<<<<<<<<<<<
>>>> Tue Jun 30 00:16:15 2020                                             <<<<
<<<<<<<<<<<<<<<<<<<<<<<<<<<<<<<<<<<<<<<<<<<<<<<<<<<<<<<<<<<<<<<<<<<<<<<<<<<<<<

>> Herwig 7.2.0 / ThePEG 2.2.0

/Herwig/EventHandlers/NoCuts:
MHat  = 2 .. 14.0356 GeV
Scale = 0 .. 1e+12 GeV2
YHat  = -100 .. 100
X1    = 0 .. 1
X2    = 0 .. 1

* A warning exception of type ThePEG::LesHouchesReader::LesHouchesReopenWarning occurred while generating event number 1: 
Reopening LesHouchesReader 'myReader' after accessing 2 events out of 1
* A warning exception of type ThePEG::EventHandler::ConsistencyException occurred while generating event number 1: 
Event handler 'myLesHouchesHandler' found energy-momentum non-conservation by (-1e-05,-2e-05,-2e-05;1.99997e-05) GeV after generating step number 4.

******************************************************************************
Event number 1 (id: ./OUTPUT/0.95MB1.05/1513286961/TMP/Cluster_HERWIGOutput_0) performed by myLesHouchesHandler
Weight: 1
==============================================================================

--- Colliding particles:
  1        e-      11  (3)   
                                 3.509     0.000     0.000     3.509     0.000
  2        e+     -11  (3)   
                                -3.509     0.000     0.000     3.509     0.000
------------------------------------------------------------------------------
Primary sub-process performed by myReader
--- incoming:
  1        e-      11  (3)   
                                 3.509     0.000     0.000     3.509     0.000
  2        e+     -11  (3)   
                                -3.509     0.000     0.000     3.509     0.000
--- intermediates:
  3     gamma      22 [1,2] (4..7)   
                                 0.000     0.000     0.000     7.018     7.018
--- outgoing:
  4         g      21 [3] (8)  6>>6 {+1,-2}
                                -0.069    -1.133     1.881     2.197     0.000
  5         g      21 [3] (9)  7>>7 {+3,-4}
                                -0.491    -0.087    -1.878     1.943     0.000
  6         g      21 [3] (10)  4>>4 {+2,-1}
                                 0.018    -0.649     0.554     0.853     0.000
  7         g      21 [3] (11)  5>>5 {+4,-3}
                                 0.541     1.869    -0.557     2.024     0.000
------------------------------------------------------------------------------
Step 1 performed by myLesHouchesHandler
--- intermediates:
  1        e-      11  (3)   
                                 3.509     0.000     0.000     3.509     0.000
  2        e+     -11  (3)   
                                -3.509     0.000     0.000     3.509     0.000
  3     gamma      22 [1,2] (4..7)   
                                 0.000     0.000     0.000     7.018     7.018
--- final:
  4         g      21 [3] (8)  6>>6 {+1,-2}
                                -0.069    -1.133     1.881     2.197     0.000
  5         g      21 [3] (9)  7>>7 {+3,-4}
                                -0.491    -0.087    -1.878     1.943     0.000
  6         g      21 [3] (10)  4>>4 {+2,-1}
                                 0.018    -0.649     0.554     0.853     0.000
  7         g      21 [3] (11)  5>>5 {+4,-3}
                                 0.541     1.869    -0.557     2.024     0.000
------------------------------------------------------------------------------
     Sum of momenta:            -1e-05    -2e-05    -2e-05      7.02      7.02
------------------------------------------------------------------------------
Step 2 performed by ShowerHandler
--- final:
  8         g      21 [4] (12,13)  10>>10 {+1,-2}
                                -0.057    -0.936     1.553     2.048     0.950
  9         g      21 [5] (14,15)  11>>11 {+3,-4}
                                -0.405    -0.072    -1.551     1.865     0.950
 10         g      21 [6] (16,17)  8>>8 {+2,-1}
                                 0.015    -0.536     0.458     1.183     0.950
 11         g      21 [7] (18,19)  9>>9 {+4,-3}
                                 0.447     1.543    -0.460     1.923     0.950
------------------------------------------------------------------------------
     Sum of momenta:            -1e-05    -2e-05    -2e-05      7.02      7.02
------------------------------------------------------------------------------
Step 3 performed by ClusterHadHandler
--- intermediates:
 12         d       1 [8] (20)   {+1}
                                -0.091    -0.940     1.265     1.612     0.325
 13      dbar      -1 [8] (23)   {-2}
                                 0.035     0.005     0.288     0.436     0.325
 14         d       1 [9] (21)   {+3}
                                -0.406    -0.313    -1.119     1.273     0.325
 15      dbar      -1 [9] (22)   {-4}
                                 0.001     0.241    -0.432     0.592     0.325
 16         s       3 [10] (23)   {+2}
                                -0.113    -0.215     0.129     0.528     0.450
 17      sbar      -3 [10] (20)   {-1}
                                 0.128    -0.320     0.328     0.655     0.450
 18         d       1 [11] (22)   {+4}
                                 0.257     0.715    -0.573     1.006     0.325
 19      dbar      -1 [11] (21)   {-3}
                                 0.190     0.828     0.113     0.917     0.325
 20   Cluster      81 [12,17] (24,25)   
                                 0.037    -1.261     1.594     2.267     1.006
 21   Cluster      81 [14,19] (30,31)   
                                -0.216     0.515    -1.006     2.190     1.863
 22   Cluster      81 [15,18] (28,29)   
                                 0.257     0.956    -1.005     1.598     0.749
 23   Cluster      81 [13,16] (26,27)   
                                -0.078    -0.211     0.417     0.963     0.839
--- final:
 24       pi-    -211 [20]    
                                 0.046    -0.765     1.285     1.503     0.140
 25        K+     321 [20]    
                                -0.010    -0.496     0.309     0.765     0.494
 26        K-    -321 [23]    
                                -0.049    -0.178     0.553     0.764     0.494
 27       pi+     211 [23]    
                                -0.030    -0.032    -0.136     0.199     0.140
 28       pi-    -211 [22]    
                                 0.306     0.603    -0.221     0.725     0.140
 29       pi+     211 [22]    
                                -0.049     0.354    -0.784     0.873     0.140
 30       K*0     313 [21] (32,33)   
                                -0.463     0.192    -0.629     1.189     0.876
 31    K*bar0    -313 [21] (37,38)   
                                 0.248     0.324    -0.377     1.000     0.832
------------------------------------------------------------------------------
     Sum of momenta:            -1e-05    -2e-05    -2e-05      7.02      7.02
------------------------------------------------------------------------------
Step 4 performed by DecayHandler
--- intermediates:
 32        K0     311 [30] (34)   
                                -0.162    -0.052    -0.127     0.541     0.498
 33       pi0     111 [30] (35,36)   
                                -0.301     0.244    -0.502     0.648     0.135
--- final:
 24       pi-    -211 [20]    
                                 0.046    -0.765     1.285     1.503     0.140
 25        K+     321 [20]    
                                -0.010    -0.496     0.309     0.765     0.494
 26        K-    -321 [23]    
                                -0.049    -0.178     0.553     0.764     0.494
 27       pi+     211 [23]    
                                -0.030    -0.032    -0.136     0.199     0.140
 28       pi-    -211 [22]    
                                 0.306     0.603    -0.221     0.725     0.140
 29       pi+     211 [22]    
                                -0.049     0.354    -0.784     0.873     0.140
 34      K_L0     130 [32]    
                                -0.162    -0.052    -0.127     0.541     0.498
 35     gamma      22 [33]    
                                -0.056     0.112    -0.214     0.248     0.000
 36     gamma      22 [33]    
                                -0.245     0.132    -0.288     0.400     0.000
 37        K-    -321 [31]    
                                 0.169     0.382    -0.476     0.803     0.494
 38       pi+     211 [31]    
                                 0.079    -0.058     0.099     0.197     0.140
------------------------------------------------------------------------------
     Sum of momenta:            -1e-05    -2e-05    -2e-05      7.02      7.02

The following exception classes were reported in this run:
ThePEG::EventHandler::ConsistencyException warning (1 times)
ThePEG::LesHouchesReader::LesHouchesReopenWarning warning (1 times)
