>>>>>>>>>>>>>>>>>>>>>>>>>>>>>>>>>>>>>>>>>>>>>>>>>>>>>>>>>>>>>>>>>>>>>>>>>>>>>>
>>>> Toolkit for HEP Event Generation - ThePEG 2.2.1 <<<<<<<<<<<<<<<<<<<<<<<<<
>>>> Mon Jun 22 19:51:18 2020                                             <<<<
<<<<<<<<<<<<<<<<<<<<<<<<<<<<<<<<<<<<<<<<<<<<<<<<<<<<<<<<<<<<<<<<<<<<<<<<<<<<<<

>> Herwig 7.2.1 / ThePEG 2.2.1

/Herwig/EventHandlers/NoCuts:
MHat  = 2 .. 20.1122 GeV
Scale = 0 .. 1e+12 GeV2
YHat  = -100 .. 100
X1    = 0 .. 1
X2    = 0 .. 1

* A warning exception of type ThePEG::LesHouchesReader::LesHouchesReopenWarning occurred while generating event number 1: 
Reopening LesHouchesReader 'myReader' after accessing 2 events out of 1
* A warning exception of type ThePEG::EventHandler::ConsistencyException occurred while generating event number 1: 
Event handler 'myLesHouchesHandler' found energy-momentum non-conservation by (-2e-05,-3e-05,-3e-05;9.99961e-06) GeV after generating step number 4.

******************************************************************************
Event number 1 (id: TMP/Cluster_HERWIGOutput_0) performed by myLesHouchesHandler
Weight: 1
==============================================================================

--- Colliding particles:
  1        e-      11  (3)   
                                 5.028     0.000     0.000     5.028     0.000
  2        e+     -11  (3)   
                                -5.028     0.000     0.000     5.028     0.000
------------------------------------------------------------------------------
Primary sub-process performed by myReader
--- incoming:
  1        e-      11  (3)   
                                 5.028     0.000     0.000     5.028     0.000
  2        e+     -11  (3)   
                                -5.028     0.000     0.000     5.028     0.000
--- intermediates:
  3     gamma      22 [1,2] (4..9)   
                                 0.000     0.000     0.000    10.056    10.056
--- outgoing:
  4         g      21 [3] (10)  9>>5 {+1,-2}
                                 0.613    -0.493    -0.271     0.831     0.000
  5         g      21 [3] (11)  4>>6 {+3,-1}
                                 0.230    -0.369     0.246     0.500     0.000
  6         g      21 [3] (12)  5>>7 {+4,-3}
                                -0.654     0.957     0.289     1.195     0.000
  7         g      21 [3] (13)  6>>8 {+5,-4}
                                -1.281    -0.495     3.321     3.594     0.000
  8         g      21 [3] (14)  7>>9 {+6,-5}
                                 0.847     0.063    -3.353     3.459     0.000
  9         g      21 [3] (15)  8>>4 {+2,-6}
                                 0.245     0.337    -0.233     0.478     0.000
------------------------------------------------------------------------------
Step 1 performed by myLesHouchesHandler
--- intermediates:
  1        e-      11  (3)   
                                 5.028     0.000     0.000     5.028     0.000
  2        e+     -11  (3)   
                                -5.028     0.000     0.000     5.028     0.000
  3     gamma      22 [1,2] (4..9)   
                                 0.000     0.000     0.000    10.056    10.056
--- final:
  4         g      21 [3] (10)  9>>5 {+1,-2}
                                 0.613    -0.493    -0.271     0.831     0.000
  5         g      21 [3] (11)  4>>6 {+3,-1}
                                 0.230    -0.369     0.246     0.500     0.000
  6         g      21 [3] (12)  5>>7 {+4,-3}
                                -0.654     0.957     0.289     1.195     0.000
  7         g      21 [3] (13)  6>>8 {+5,-4}
                                -1.281    -0.495     3.321     3.594     0.000
  8         g      21 [3] (14)  7>>9 {+6,-5}
                                 0.847     0.063    -3.353     3.459     0.000
  9         g      21 [3] (15)  8>>4 {+2,-6}
                                 0.245     0.337    -0.233     0.478     0.000
------------------------------------------------------------------------------
     Sum of momenta:            -3e-05    -3e-05    -3e-05      10.1      10.1
------------------------------------------------------------------------------
Step 2 performed by ShowerHandler
--- final:
 10         g      21 [4] (16,17)  15>>11 {+1,-2}
                                 0.456    -0.367    -0.202     1.134     0.950
 11         g      21 [5] (18,19)  10>>12 {+3,-1}
                                 0.171    -0.275     0.184     1.020     0.950
 12         g      21 [6] (20,21)  11>>13 {+4,-3}
                                -0.487     0.713     0.215     1.302     0.950
 13         g      21 [7] (22,23)  12>>14 {+5,-4}
                                -0.954    -0.369     2.473     2.840     0.950
 14         g      21 [8] (24,25)  13>>15 {+6,-5}
                                 0.631     0.047    -2.497     2.746     0.950
 15         g      21 [9] (26,27)  14>>10 {+2,-6}
                                 0.183     0.251    -0.174     1.014     0.950
------------------------------------------------------------------------------
     Sum of momenta:            -3e-05    -3e-05    -3e-05      10.1      10.1
------------------------------------------------------------------------------
Step 3 performed by ClusterHadHandler
--- intermediates:
 16         u       2 [10] (28)   {+1}
                                 0.179    -0.280    -0.438     0.638     0.325
 17      ubar      -2 [10] (33)   {-2}
                                 0.277    -0.087     0.236     0.496     0.325
 18         u       2 [11] (29)   {+3}
                                -0.048    -0.048    -0.232     0.405     0.325
 19      ubar      -2 [11] (28)   {-1}
                                 0.219    -0.227     0.416     0.615     0.325
 20         u       2 [12] (30)   {+4}
                                -0.228     0.336     0.456     0.691     0.325
 21      ubar      -2 [12] (29)   {-3}
                                -0.259     0.377    -0.240     0.610     0.325
 22         s       3 [13] (33)   {+5}
                                -0.673    -0.157     1.475     1.690     0.450
 23      sbar      -3 [13] (30)   {-4}
                                -0.281    -0.212     0.999     1.150     0.450
 24         u       2 [14] (31)   {+6}
                                -0.086     0.062    -0.954     1.013     0.325
 25      ubar      -2 [14] (32)   {-5}
                                 0.717    -0.015    -1.543     1.732     0.325
 26         u       2 [15] (32)   {+2}
                                -0.186     0.059    -0.286     0.475     0.325
 27      ubar      -2 [15] (31)   {-6}
                                 0.369     0.192     0.112     0.540     0.325
 28   Cluster      81 [16,19] (36,37)   
                                 0.398    -0.507    -0.022     1.253     1.075
 29   Cluster      81 [18,21] (40,41)   
                                -0.307     0.329    -0.473     1.015     0.778
 30   Cluster      81 [20,23] (38,39)   
                                -0.509     0.124     1.454     1.842     1.002
 31   Cluster      81 [24,27] (44,45)   
                                 0.283     0.254    -0.842     1.553     1.248
 32   Cluster      81 [25,26] (34,35)   
                                 0.530     0.044    -1.829     2.207     1.115
 33   Cluster      81 [17,22] (42,43)   
                                -0.396    -0.244     1.711     2.185     1.278
--- final:
 34       pi+     211 [32]    
                                -0.105     0.312    -1.237     1.287     0.140
 35       pi-    -211 [32]    
                                 0.636    -0.268    -0.592     0.920     0.140
 36      rho+     213 [28] (46,47)   
                                 0.193    -0.490    -0.014     1.004     0.855
 37       pi-    -211 [28]    
                                 0.205    -0.017    -0.008     0.249     0.140
 38       pi0     111 [30] (50,51)   
                                -0.539     0.238     0.623     0.868     0.135
 39        K+     321 [30]    
                                 0.029    -0.114     0.832     0.974     0.494
 40       pi0     111 [29] (52,53)   
                                 0.078    -0.162    -0.257     0.342     0.135
 41       pi0     111 [29] (54,55)   
                                -0.385     0.491    -0.215     0.674     0.135
 42     Kbar0    -311 [33] (56)   
                                -0.649    -0.285     0.644     1.079     0.498
 43       pi-    -211 [33]    
                                 0.253     0.041     1.067     1.106     0.140
 44       f_0 9010221 [31] (59,60)   
                                 0.259     0.030    -0.459     1.089     0.952
 45       pi0     111 [31] (61,62)   
                                 0.024     0.223    -0.383     0.464     0.135
------------------------------------------------------------------------------
     Sum of momenta:            -3e-05    -3e-05    -3e-05      10.1      10.1
------------------------------------------------------------------------------
Step 4 performed by DecayHandler
--- intermediates:
 46       pi0     111 [36] (48,49)   
                                 0.410    -0.180    -0.256     0.533     0.135
 56      K_S0     310 [42] (57,58)   
                                -0.649    -0.285     0.644     1.079     0.498
--- final:
 34       pi+     211 [32]    
                                -0.105     0.312    -1.237     1.287     0.140
 35       pi-    -211 [32]    
                                 0.636    -0.268    -0.592     0.920     0.140
 37       pi-    -211 [28]    
                                 0.205    -0.017    -0.008     0.249     0.140
 39        K+     321 [30]    
                                 0.029    -0.114     0.832     0.974     0.494
 43       pi-    -211 [33]    
                                 0.253     0.041     1.067     1.106     0.140
 47       pi+     211 [36]    
                                -0.217    -0.310     0.243     0.471     0.140
 48     gamma      22 [46]    
                                 0.244    -0.175    -0.145     0.333     0.000
 49     gamma      22 [46]    
                                 0.166    -0.005    -0.111     0.200     0.000
 50     gamma      22 [38]    
                                -0.247     0.047     0.312     0.401     0.000
 51     gamma      22 [38]    
                                -0.292     0.191     0.311     0.467     0.000
 52     gamma      22 [40]    
                                 0.078    -0.141    -0.272     0.316     0.000
 53     gamma      22 [40]    
                                 0.000    -0.021     0.015     0.025     0.000
 54     gamma      22 [41]    
                                -0.360     0.409    -0.220     0.588     0.000
 55     gamma      22 [41]    
                                -0.025     0.082     0.005     0.086     0.000
 57       pi+     211 [56]    
                                -0.420    -0.326     0.258     0.607     0.140
 58       pi-    -211 [56]    
                                -0.229     0.041     0.386     0.472     0.140
 59       pi+     211 [44]    
                                 0.117    -0.330    -0.551     0.667     0.140
 60       pi-    -211 [44]    
                                 0.142     0.360     0.092     0.422     0.140
 61     gamma      22 [45]    
                                -0.044     0.096    -0.233     0.256     0.000
 62     gamma      22 [45]    
                                 0.068     0.127    -0.150     0.208     0.000
------------------------------------------------------------------------------
     Sum of momenta:            -3e-05    -3e-05    -3e-05      10.1      10.1

The following exception classes were reported in this run:
ThePEG::EventHandler::ConsistencyException warning (1 times)
ThePEG::LesHouchesReader::LesHouchesReopenWarning warning (1 times)
