>>>>>>>>>>>>>>>>>>>>>>>>>>>>>>>>>>>>>>>>>>>>>>>>>>>>>>>>>>>>>>>>>>>>>>>>>>>>>>
>>>> Toolkit for HEP Event Generation - ThePEG 2.2.0 <<<<<<<<<<<<<<<<<<<<<<<<<
>>>> Tue Jun 30 00:29:33 2020                                             <<<<
<<<<<<<<<<<<<<<<<<<<<<<<<<<<<<<<<<<<<<<<<<<<<<<<<<<<<<<<<<<<<<<<<<<<<<<<<<<<<<

>> Herwig 7.2.0 / ThePEG 2.2.0

/Herwig/EventHandlers/NoCuts:
MHat  = 2 .. 30.222 GeV
Scale = 0 .. 1e+12 GeV2
YHat  = -100 .. 100
X1    = 0 .. 1
X2    = 0 .. 1

* A warning exception of type ThePEG::LesHouchesReader::LesHouchesReopenWarning occurred while generating event number 1: 
Reopening LesHouchesReader 'myReader' after accessing 2 events out of 1
* A warning exception of type ThePEG::EventHandler::ConsistencyException occurred while generating event number 1: 
Event handler 'myLesHouchesHandler' found energy-momentum non-conservation by (-1e-05,-2e-05,-2e-05;9.99832e-06) GeV after generating step number 4.

******************************************************************************
Event number 1 (id: ./OUTPUT/0.95MB1.05/1514657236/TMP/Cluster_HERWIGOutput_17) performed by myLesHouchesHandler
Weight: 1
==============================================================================

--- Colliding particles:
  1        e-      11  (3)   
                                 7.555     0.000    -0.000     7.556     0.000
  2        e+     -11  (3)   
                                -7.556     0.000     0.000     7.556     0.000
------------------------------------------------------------------------------
Primary sub-process performed by myReader
--- incoming:
  1        e-      11  (3)   
                                 7.555     0.000    -0.000     7.556     0.000
  2        e+     -11  (3)   
                                -7.556     0.000     0.000     7.556     0.000
--- intermediates:
  3     gamma      22 [1,2] (4..7)   
                                -0.000     0.000     0.000    15.111    15.111
--- outgoing:
  4         g      21 [3] (8)  6>>6 {+1,-2}
                                 0.423     0.025     6.004     6.019     0.000
  5         g      21 [3] (9)  7>>7 {+3,-4}
                                -2.007    -0.163    -3.745     4.252     0.000
  6         g      21 [3] (10)  4>>4 {+2,-1}
                                 1.203     1.999    -0.881     2.494     0.000
  7         g      21 [3] (11)  5>>5 {+4,-3}
                                 0.381    -1.861    -1.378     2.347     0.000
------------------------------------------------------------------------------
Step 1 performed by myLesHouchesHandler
--- intermediates:
  1        e-      11  (3)   
                                 7.555     0.000    -0.000     7.556     0.000
  2        e+     -11  (3)   
                                -7.556     0.000     0.000     7.556     0.000
  3     gamma      22 [1,2] (4..7)   
                                -0.000     0.000     0.000    15.111    15.111
--- final:
  4         g      21 [3] (8)  6>>6 {+1,-2}
                                 0.423     0.025     6.004     6.019     0.000
  5         g      21 [3] (9)  7>>7 {+3,-4}
                                -2.007    -0.163    -3.745     4.252     0.000
  6         g      21 [3] (10)  4>>4 {+2,-1}
                                 1.203     1.999    -0.881     2.494     0.000
  7         g      21 [3] (11)  5>>5 {+4,-3}
                                 0.381    -1.861    -1.378     2.347     0.000
------------------------------------------------------------------------------
     Sum of momenta:            -2e-05    -2e-05    -2e-05      15.1      15.1
------------------------------------------------------------------------------
Step 2 performed by ShowerHandler
--- final:
  8         g      21 [4] (12,13)  10>>10 {+1,-2}
                                 0.408     0.024     5.782     5.873     0.950
  9         g      21 [5] (14,15)  11>>11 {+3,-4}
                                -1.933    -0.157    -3.607     4.204     0.950
 10         g      21 [6] (16,17)  8>>8 {+2,-1}
                                 1.158     1.925    -0.848     2.583     0.950
 11         g      21 [7] (18,19)  9>>9 {+4,-3}
                                 0.367    -1.792    -1.327     2.451     0.950
------------------------------------------------------------------------------
     Sum of momenta:            -2e-05    -2e-05    -2e-05      15.1      15.1
------------------------------------------------------------------------------
Step 3 performed by ClusterHadHandler
--- intermediates:
 12         s       3 [8] (20)   {+1}
                                 0.303     0.033     3.795     3.834     0.450
 13      sbar      -3 [8] (21)   {-2}
                                 0.105    -0.009     1.987     2.040     0.450
 14         u       2 [9] (22)   {+3}
                                -1.555    -0.205    -3.111     3.499     0.325
 15      ubar      -2 [9] (23)   {-4}
                                -0.378     0.048    -0.496     0.704     0.325
 16         u       2 [10] (21)   {+2}
                                 0.547     1.191    -0.806     1.572     0.325
 17      ubar      -2 [10] (20)   {-1}
                                 0.612     0.734    -0.042     1.010     0.325
 18         u       2 [11] (23)   {+4}
                                 0.163    -0.714    -0.160     0.817     0.325
 19      ubar      -2 [11] (22)   {-3}
                                 0.203    -1.078    -1.167     1.634     0.325
 20   Cluster      81 [12,17] (26,27)   
                                 0.914     0.768     3.753     4.844     2.821
 21   Cluster      81 [13,16] (28,29)   
                                 0.652     1.182     1.181     3.612     3.135
 22   Cluster      81 [14,19] (30,31)   
                                -1.352    -1.283    -4.278     5.133     2.139
 23   Cluster      81 [15,18] (24,25)   
                                -0.215    -0.666    -0.656     1.522     1.182
--- final:
 24      rho-    -213 [23] (32,33)   
                                -0.118    -0.439    -0.040     0.844     0.710
 25       pi+     211 [23]    
                                -0.097    -0.227    -0.616     0.678     0.140
 26    eta'_2   10335 [20] (36,37)   
                                 0.391     1.079     3.353     3.964     1.776
 27        K-    -321 [20]    
                                 0.523    -0.312     0.400     0.880     0.494
 28        K0     311 [21] (42)   
                                 0.431     0.749     2.112     2.336     0.498
 29      rho+     213 [21] (49,50)   
                                 0.221     0.432    -0.932     1.276     0.724
 30        n0    2112 [22]    
                                -1.140    -1.024    -3.157     3.633     0.940
 31     nbar0   -2112 [22]    
                                -0.212    -0.259    -1.120     1.500     0.940
------------------------------------------------------------------------------
     Sum of momenta:            -2e-05    -2e-05    -2e-05      15.1      15.1
------------------------------------------------------------------------------
Step 4 performed by DecayHandler
--- intermediates:
 32       pi0     111 [24] (34,35)   
                                 0.038    -0.426     0.228     0.504     0.135
 36      a_2-    -215 [26] (38,39)   
                                 0.015     0.642     1.527     2.044     1.197
 38      rho0     113 [36] (40,41)   
                                -0.076     0.787     1.505     1.822     0.655
 42      K_S0     310 [28] (43,44)   
                                 0.431     0.749     2.112     2.336     0.498
 43       pi0     111 [42] (45,46)   
                                 0.029     0.003     0.258     0.293     0.135
 44       pi0     111 [42] (47,48)   
                                 0.402     0.746     1.854     2.043     0.135
 49       pi0     111 [29] (51,52)   
                                 0.071    -0.171    -0.304     0.381     0.135
--- final:
 25       pi+     211 [23]    
                                -0.097    -0.227    -0.616     0.678     0.140
 27        K-    -321 [20]    
                                 0.523    -0.312     0.400     0.880     0.494
 30        n0    2112 [22]    
                                -1.140    -1.024    -3.157     3.633     0.940
 31     nbar0   -2112 [22]    
                                -0.212    -0.259    -1.120     1.500     0.940
 33       pi-    -211 [24]    
                                -0.156    -0.013    -0.268     0.340     0.140
 34     gamma      22 [32]    
                                -0.005    -0.227     0.190     0.296     0.000
 35     gamma      22 [32]    
                                 0.043    -0.200     0.038     0.208     0.000
 37       pi+     211 [26]    
                                 0.377     0.437     1.826     1.920     0.140
 39       pi-    -211 [36]    
                                 0.090    -0.145     0.022     0.222     0.140
 40       pi+     211 [38]    
                                -0.268     0.160     0.371     0.504     0.140
 41       pi-    -211 [38]    
                                 0.192     0.627     1.135     1.318     0.140
 45     gamma      22 [43]    
                                 0.063    -0.031     0.072     0.101     0.000
 46     gamma      22 [43]    
                                -0.034     0.034     0.186     0.192     0.000
 47     gamma      22 [44]    
                                 0.087     0.120     0.222     0.267     0.000
 48     gamma      22 [44]    
                                 0.315     0.626     1.632     1.776     0.000
 50       pi+     211 [29]    
                                 0.150     0.604    -0.628     0.895     0.140
 51     gamma      22 [49]    
                                 0.074    -0.152    -0.316     0.358     0.000
 52     gamma      22 [49]    
                                -0.002    -0.019     0.012     0.023     0.000
------------------------------------------------------------------------------
     Sum of momenta:            -2e-05    -2e-05    -2e-05      15.1      15.1

The following exception classes were reported in this run:
ThePEG::EventHandler::ConsistencyException warning (1 times)
ThePEG::LesHouchesReader::LesHouchesReopenWarning warning (1 times)
