>>>>>>>>>>>>>>>>>>>>>>>>>>>>>>>>>>>>>>>>>>>>>>>>>>>>>>>>>>>>>>>>>>>>>>>>>>>>>>
>>>> Toolkit for HEP Event Generation - ThePEG 2.2.0 <<<<<<<<<<<<<<<<<<<<<<<<<
>>>> Tue Jun 30 00:47:34 2020                                             <<<<
<<<<<<<<<<<<<<<<<<<<<<<<<<<<<<<<<<<<<<<<<<<<<<<<<<<<<<<<<<<<<<<<<<<<<<<<<<<<<<

>> Herwig 7.2.0 / ThePEG 2.2.0

/Herwig/EventHandlers/NoCuts:
MHat  = 2 .. 35.5883 GeV
Scale = 0 .. 1e+12 GeV2
YHat  = -100 .. 100
X1    = 0 .. 1
X2    = 0 .. 1

* A warning exception of type ThePEG::LesHouchesReader::LesHouchesReopenWarning occurred while generating event number 1: 
Reopening LesHouchesReader 'myReader' after accessing 2 events out of 1
* A warning exception of type ThePEG::EventHandler::ConsistencyException occurred while generating event number 1: 
Event handler 'myLesHouchesHandler' found energy-momentum non-conservation by (-1.33227e-14,-3e-05,-2e-05;1.99991e-05) GeV after generating step number 4.

******************************************************************************
Event number 1 (id: ./OUTPUT/0.95MB1.05/1511393700/TMP/Cluster_HERWIGOutput_22) performed by myLesHouchesHandler
Weight: 1
==============================================================================

--- Colliding particles:
  1        e-      11  (3)   
                                 8.897     0.000     0.000     8.897     0.000
  2        e+     -11  (3)   
                                -8.897     0.000     0.000     8.897     0.000
------------------------------------------------------------------------------
Primary sub-process performed by myReader
--- incoming:
  1        e-      11  (3)   
                                 8.897     0.000     0.000     8.897     0.000
  2        e+     -11  (3)   
                                -8.897     0.000     0.000     8.897     0.000
--- intermediates:
  3     gamma      22 [1,2] (4..8)   
                                -0.000     0.000     0.000    17.794    17.794
--- outgoing:
  4         g      21 [3] (9)  7>>5 {+1,-2}
                                 1.753     0.592     0.251     1.867     0.000
  5         g      21 [3] (10)  4>>6 {+3,-1}
                                -1.339    -0.300     0.529     1.471     0.000
  6         g      21 [3] (11)  5>>8 {+4,-3}
                                 1.005     0.642     0.204     1.210     0.000
  7         g      21 [3] (12)  8>>4 {+2,-5}
                                 0.554    -2.430     5.644     6.170     0.000
  8         g      21 [3] (13)  6>>7 {+5,-4}
                                -1.974     1.496    -6.628     7.075     0.000
------------------------------------------------------------------------------
Step 1 performed by myLesHouchesHandler
--- intermediates:
  1        e-      11  (3)   
                                 8.897     0.000     0.000     8.897     0.000
  2        e+     -11  (3)   
                                -8.897     0.000     0.000     8.897     0.000
  3     gamma      22 [1,2] (4..8)   
                                -0.000     0.000     0.000    17.794    17.794
--- final:
  4         g      21 [3] (9)  7>>5 {+1,-2}
                                 1.753     0.592     0.251     1.867     0.000
  5         g      21 [3] (10)  4>>6 {+3,-1}
                                -1.339    -0.300     0.529     1.471     0.000
  6         g      21 [3] (11)  5>>8 {+4,-3}
                                 1.005     0.642     0.204     1.210     0.000
  7         g      21 [3] (12)  8>>4 {+2,-5}
                                 0.554    -2.430     5.644     6.170     0.000
  8         g      21 [3] (13)  6>>7 {+5,-4}
                                -1.974     1.496    -6.628     7.075     0.000
------------------------------------------------------------------------------
     Sum of momenta:            -1e-05    -3e-05    -2e-05      17.8      17.8
------------------------------------------------------------------------------
Step 2 performed by ShowerHandler
--- intermediates:
 13         g      21 [8] (14,15)   {+5,-4}
                                -1.798     1.363    -6.038     7.047     2.847
--- final:
  9         g      21 [4] (16,17)  12>>10 {+1,-2}
                                 1.597     0.539     0.229     1.949     0.950
 10         g      21 [5] (18,19)  9>>11 {+3,-1}
                                -1.220    -0.273     0.482     1.643     0.950
 11         g      21 [6] (20,21)  10>>14 {+4,-3}
                                 0.916     0.585     0.186     1.455     0.950
 12         g      21 [7] (22,23)  15>>9 {+2,-5}
                                 0.505    -2.214     5.142     5.701     0.950
 14         g      21 [13] (24,25)  11>>15 {+6,-4}
                                -1.383    -0.076    -1.852     2.500     0.950
 15         g      21 [13] (26,27)  14>>12 {+5,-6}
                                -0.415     1.439    -4.186     4.546     0.950
------------------------------------------------------------------------------
     Sum of momenta:            -1e-05    -3e-05    -2e-05      17.8      17.8
------------------------------------------------------------------------------
Step 3 performed by ClusterHadHandler
--- intermediates:
 16         d       1 [9] (33)   {+1}
                                 1.236     0.509     0.399     1.433     0.325
 17      dbar      -1 [9] (28)   {-2}
                                 0.361     0.030    -0.171     0.516     0.325
 18         s       3 [10] (29)   {+3}
                                -0.639    -0.132     0.090     0.798     0.450
 19      sbar      -3 [10] (32)   {-1}
                                -0.582    -0.141     0.392     0.845     0.450
 20         u       2 [11] (30)   {+4}
                                 0.485    -0.001    -0.130     0.598     0.325
 21      ubar      -2 [11] (29)   {-3}
                                 0.431     0.586     0.316     0.857     0.325
 22         d       1 [12] (28)   {+2}
                                 0.343    -1.077     1.782     2.135     0.325
 23      dbar      -1 [12] (31)   {-5}
                                 0.162    -1.137     3.360     3.566     0.325
 24         u       2 [14] (32)   {+6}
                                -1.250    -0.035    -1.224     1.780     0.325
 25      ubar      -2 [14] (30)   {-4}
                                -0.134    -0.042    -0.628     0.721     0.325
 26         d       1 [15] (31)   {+5}
                                -0.535     1.035    -3.271     3.488     0.325
 27      dbar      -1 [15] (33)   {-6}
                                 0.121     0.404    -0.915     1.059     0.325
 28   Cluster      81 [17,22] (44,45)   
                                 0.704    -1.047     1.611     2.651     1.685
 29   Cluster      81 [18,21] (46,47)   
                                -0.208     0.454     0.406     1.654     1.524
 30   Cluster      81 [20,25] (38,39)   
                                 0.352    -0.043    -0.758     1.319     1.019
 31   Cluster      81 [23,26] (34,35)   
                                -0.373    -0.102     0.089     7.054     7.043
 32   Cluster      81 [19,24] (42,43)   
                                -1.831    -0.176    -0.832     2.625     1.677
 33   Cluster      81 [16,27] (40,41)   
                                 1.357     0.913    -0.515     2.491     1.807
 34   Cluster      81 [31] (48,49)   
                                 0.098    -0.759     2.238     2.556     0.968
 35   Cluster      81 [31] (36,37)   
                                -0.471     0.657    -2.149     4.498     3.867
 36   Cluster      81 [35] (50,51)   
                                -0.462     0.931    -2.933     3.258     0.966
 37   Cluster      81 [35] (52,53)   
                                -0.010    -0.274     0.784     1.239     0.920
--- final:
 38       pi+     211 [30]    
                                 0.004     0.049    -0.897     0.909     0.140
 39       pi-    -211 [30]    
                                 0.347    -0.092     0.139     0.410     0.140
 40       pi0     111 [33] (54,55)   
                                 0.292     0.485    -0.300     0.655     0.135
 41     rho'0  100113 [33] (56,57)   
                                 1.065     0.428    -0.216     1.837     1.418
 42       pi0     111 [32] (62,63)   
                                -0.291     0.259    -0.025     0.413     0.135
 43      K'*+  100323 [32] (64,65)   
                                -1.540    -0.435    -0.807     2.212     1.296
 44      rho0     113 [28] (68,69)   
                                 0.161    -0.348     0.066     0.866     0.773
 45       pi0     111 [28] (70,71)   
                                 0.543    -0.699     1.544     1.785     0.135
 46        K-    -321 [29]    
                                 0.054    -0.221     0.503     0.741     0.494
 47       eta     221 [29] (72,73)   
                                -0.263     0.675    -0.097     0.913     0.548
 48       pi+     211 [34]    
                                 0.284    -0.332     0.520     0.693     0.140
 49       eta     221 [34] (74..76)   
                                -0.186    -0.428     1.718     1.863     0.548
 50       pi-    -211 [36]    
                                -0.167     0.103    -0.456     0.516     0.140
 51     omega     223 [36] (77,78)   
                                -0.294     0.829    -2.477     2.742     0.782
 52       pi-    -211 [37]    
                                 0.056    -0.139     0.952     0.974     0.140
 53       pi+     211 [37]    
                                -0.066    -0.135    -0.168     0.265     0.140
------------------------------------------------------------------------------
     Sum of momenta:            -1e-05    -3e-05    -2e-05      17.8      17.8
------------------------------------------------------------------------------
Step 4 performed by DecayHandler
--- intermediates:
 56      rho0     113 [41] (58,59)   
                                 0.583     0.225    -0.097     0.970     0.735
 57     sigma 9000221 [41] (60,61)   
                                 0.482     0.203    -0.119     0.867     0.682
 64       K*0     313 [43] (66,67)   
                                -1.323    -0.279    -0.348     1.663     0.903
 77      rho0     113 [51] (79,80)   
                                -0.263     0.790    -2.199     2.430     0.611
 78       pi0     111 [51] (81,82)   
                                -0.031     0.038    -0.277     0.313     0.135
--- final:
 38       pi+     211 [30]    
                                 0.004     0.049    -0.897     0.909     0.140
 39       pi-    -211 [30]    
                                 0.347    -0.092     0.139     0.410     0.140
 46        K-    -321 [29]    
                                 0.054    -0.221     0.503     0.741     0.494
 48       pi+     211 [34]    
                                 0.284    -0.332     0.520     0.693     0.140
 50       pi-    -211 [36]    
                                -0.167     0.103    -0.456     0.516     0.140
 52       pi-    -211 [37]    
                                 0.056    -0.139     0.952     0.974     0.140
 53       pi+     211 [37]    
                                -0.066    -0.135    -0.168     0.265     0.140
 54     gamma      22 [40]    
                                 0.134     0.312    -0.230     0.410     0.000
 55     gamma      22 [40]    
                                 0.158     0.173    -0.070     0.244     0.000
 58       pi+     211 [56]    
                                 0.009     0.227    -0.244     0.361     0.140
 59       pi-    -211 [56]    
                                 0.574    -0.002     0.146     0.609     0.140
 60       pi+     211 [57]    
                                -0.064    -0.097     0.081     0.199     0.140
 61       pi-    -211 [57]    
                                 0.545     0.300    -0.200     0.668     0.140
 62     gamma      22 [42]    
                                -0.280     0.228    -0.059     0.366     0.000
 63     gamma      22 [42]    
                                -0.011     0.031     0.034     0.047     0.000
 65       pi+     211 [43]    
                                -0.217    -0.156    -0.459     0.549     0.140
 66        K+     321 [64]    
                                -1.209    -0.334    -0.482     1.432     0.494
 67       pi-    -211 [64]    
                                -0.114     0.055     0.134     0.231     0.140
 68       pi+     211 [44]    
                                 0.122    -0.487    -0.177     0.550     0.140
 69       pi-    -211 [44]    
                                 0.039     0.139     0.243     0.316     0.140
 70     gamma      22 [45]    
                                 0.293    -0.481     0.998     1.145     0.000
 71     gamma      22 [45]    
                                 0.250    -0.218     0.547     0.640     0.000
 72     gamma      22 [47]    
                                 0.026    -0.009     0.133     0.135     0.000
 73     gamma      22 [47]    
                                -0.289     0.685    -0.230     0.778     0.000
 74       pi+     211 [49]    
                                 0.091    -0.115     0.523     0.561     0.140
 75       pi-    -211 [49]    
                                -0.279    -0.142     0.739     0.814     0.140
 76     gamma      22 [49]    
                                 0.002    -0.171     0.456     0.487     0.000
 79       pi+     211 [77]    
                                 0.117     0.106    -0.267     0.340     0.140
 80       pi-    -211 [77]    
                                -0.380     0.684    -1.933     2.090     0.140
 81     gamma      22 [78]    
                                 0.013    -0.011    -0.231     0.231     0.000
 82     gamma      22 [78]    
                                -0.045     0.049    -0.047     0.081     0.000
------------------------------------------------------------------------------
     Sum of momenta:            -1e-05    -3e-05    -2e-05      17.8      17.8

The following exception classes were reported in this run:
ThePEG::EventHandler::ConsistencyException warning (1 times)
ThePEG::LesHouchesReader::LesHouchesReopenWarning warning (1 times)
