>>>>>>>>>>>>>>>>>>>>>>>>>>>>>>>>>>>>>>>>>>>>>>>>>>>>>>>>>>>>>>>>>>>>>>>>>>>>>>
>>>> Toolkit for HEP Event Generation - ThePEG 2.2.0 <<<<<<<<<<<<<<<<<<<<<<<<<
>>>> Tue Jun 30 00:46:19 2020                                             <<<<
<<<<<<<<<<<<<<<<<<<<<<<<<<<<<<<<<<<<<<<<<<<<<<<<<<<<<<<<<<<<<<<<<<<<<<<<<<<<<<

>> Herwig 7.2.0 / ThePEG 2.2.0

/Herwig/EventHandlers/NoCuts:
MHat  = 2 .. 37.5968 GeV
Scale = 0 .. 1e+12 GeV2
YHat  = -100 .. 100
X1    = 0 .. 1
X2    = 0 .. 1

* A warning exception of type ThePEG::LesHouchesReader::LesHouchesReopenWarning occurred while generating event number 1: 
Reopening LesHouchesReader 'myReader' after accessing 2 events out of 1
* A warning exception of type ThePEG::EventHandler::ConsistencyException occurred while generating event number 1: 
Event handler 'myLesHouchesHandler' found energy-momentum non-conservation by (-1e-05,-2e-05,-2e-05;9.99935e-06) GeV after generating step number 4.

******************************************************************************
Event number 1 (id: ./OUTPUT/0.95MB1.05/1511630960/TMP/Cluster_HERWIGOutput_38) performed by myLesHouchesHandler
Weight: 1
==============================================================================

--- Colliding particles:
  1        e-      11  (3)   
                                 9.399     0.000     0.000     9.399     0.000
  2        e+     -11  (3)   
                                -9.399     0.000     0.000     9.399     0.000
------------------------------------------------------------------------------
Primary sub-process performed by myReader
--- incoming:
  1        e-      11  (3)   
                                 9.399     0.000     0.000     9.399     0.000
  2        e+     -11  (3)   
                                -9.399     0.000     0.000     9.399     0.000
--- intermediates:
  3     gamma      22 [1,2] (4..7)   
                                -0.000     0.000     0.000    18.798    18.798
--- outgoing:
  4         g      21 [3] (8)  6>>7 {+1,-2}
                                 0.412    -0.357    -1.534     1.628     0.000
  5         g      21 [3] (9)  7>>6 {+3,-4}
                                -0.923    -1.685    -1.063     2.196     0.000
  6         g      21 [3] (10)  5>>4 {+2,-3}
                                 0.145     3.680     8.273     9.056     0.000
  7         g      21 [3] (15)  4>>5 {+4,-1}
                                 0.366    -1.638    -5.676     5.919     0.000
------------------------------------------------------------------------------
Step 1 performed by myLesHouchesHandler
--- intermediates:
  1        e-      11  (3)   
                                 9.399     0.000     0.000     9.399     0.000
  2        e+     -11  (3)   
                                -9.399     0.000     0.000     9.399     0.000
  3     gamma      22 [1,2] (4..7)   
                                -0.000     0.000     0.000    18.798    18.798
--- final:
  4         g      21 [3] (8)  6>>7 {+1,-2}
                                 0.412    -0.357    -1.534     1.628     0.000
  5         g      21 [3] (9)  7>>6 {+3,-4}
                                -0.923    -1.685    -1.063     2.196     0.000
  6         g      21 [3] (10)  5>>4 {+2,-3}
                                 0.145     3.680     8.273     9.056     0.000
  7         g      21 [3] (15)  4>>5 {+4,-1}
                                 0.366    -1.638    -5.676     5.919     0.000
------------------------------------------------------------------------------
     Sum of momenta:            -2e-05    -2e-05    -2e-05      18.8      18.8
------------------------------------------------------------------------------
Step 2 performed by ShowerHandler
--- intermediates:
 10         g      21 [6] (11,12)   {+2,-3}
                                 0.131     3.315     7.451     9.442     4.757
 12         g      21 [10] (13,14)   {+2,-5}
                                 1.361     1.979     5.637     6.705     2.722
--- final:
  8         g      21 [4] (16,17)  13>>15 {+1,-2}
                                 0.371    -0.321    -1.382     1.747     0.950
  9         g      21 [5] (18,19)  15>>11 {+3,-4}
                                -0.832    -1.518    -0.957     2.194     0.950
 11         g      21 [10] (22,23)  9>>14 {+5,-3}
                                -1.231     1.335     1.814     2.737     0.950
 13         g      21 [12] (24,25)  14>>8 {+2,-6}
                                 1.482     0.804     2.095     2.852     0.950
 14         g      21 [12] (26,27)  11>>13 {+6,-5}
                                -0.121     1.176     3.542     3.853     0.950
 15         g      21 [7] (20,21)  8>>9 {+4,-1}
                                 0.330    -1.475    -5.112     5.415     0.950
------------------------------------------------------------------------------
     Sum of momenta:            -2e-05    -2e-05    -2e-05      18.8      18.8
------------------------------------------------------------------------------
Step 3 performed by ClusterHadHandler
--- intermediates:
 16         u       2 [8] (28)   {+1}
                                -0.065     0.019    -0.855     0.917     0.325
 17      ubar      -2 [8] (29)   {-2}
                                 0.436    -0.340    -0.527     0.830     0.325
 18         u       2 [9] (30)   {+3}
                                -0.272    -1.146    -0.676     1.396     0.325
 19      ubar      -2 [9] (31)   {-4}
                                -0.560    -0.372    -0.281     0.798     0.325
 20         d       1 [15] (31)   {+4}
                                 0.011    -0.307    -0.722     0.849     0.325
 21      dbar      -1 [15] (28)   {-1}
                                 0.319    -1.169    -4.390     4.566     0.325
 22         u       2 [11] (32)   {+5}
                                -0.378     0.384     0.216     0.665     0.325
 23      ubar      -2 [11] (30)   {-3}
                                -0.852     0.952     1.598     2.072     0.325
 24         u       2 [13] (29)   {+2}
                                 0.990     0.409     0.801     1.376     0.325
 25      ubar      -2 [13] (33)   {-6}
                                 0.492     0.394     1.294     1.475     0.325
 26         d       1 [14] (33)   {+6}
                                -0.341     0.305     1.319     1.433     0.325
 27      dbar      -1 [14] (32)   {-5}
                                 0.220     0.870     2.224     2.420     0.325
 28   Cluster      81 [16,21] (34,35)   
                                 0.254    -1.150    -5.246     5.483     1.079
 29   Cluster      81 [17,24] (42,43)   
                                 1.426     0.069     0.275     2.206     1.660
 30   Cluster      81 [18,23] (44,45)   
                                -1.124    -0.194     0.922     3.468     3.142
 31   Cluster      81 [19,20] (40,41)   
                                -0.549    -0.678    -1.003     1.647     0.972
 32   Cluster      81 [22,27] (38,39)   
                                -0.158     1.254     2.439     3.085     1.403
 33   Cluster      81 [25,26] (36,37)   
                                 0.151     0.700     2.612     2.909     1.060
--- final:
 34       pi+     211 [28]    
                                 0.116    -0.354    -3.109     3.134     0.140
 35       eta     221 [28] (46..48)   
                                 0.139    -0.797    -2.137     2.349     0.548
 36       pi-    -211 [33]    
                                -0.142     0.058     0.009     0.208     0.140
 37       pi0     111 [33] (55,56)   
                                 0.293     0.641     2.604     2.701     0.135
 38       pi+     211 [32]    
                                -0.063     0.054     0.116     0.200     0.140
 39      b_10   10113 [32] (57,58)   
                                -0.094     1.200     2.323     2.885     1.216
 40       pi-    -211 [31]    
                                -0.144    -0.530    -0.246     0.618     0.140
 41       eta     221 [31] (67,68)   
                                -0.405    -0.149    -0.757     1.029     0.548
 42      b_1-  -10213 [29] (69,70)   
                                 0.958    -0.111     0.481     1.647     1.245
 43       pi+     211 [29]    
                                 0.467     0.180    -0.207     0.559     0.140
 44    rho_3+     217 [30] (77,78)   
                                 0.143     0.225     0.151     1.711     1.683
 45      a_1-  -20213 [30] (89,90)   
                                -1.267    -0.419     0.771     1.757     0.843
------------------------------------------------------------------------------
     Sum of momenta:            -2e-05    -2e-05    -2e-05      18.8      18.8
------------------------------------------------------------------------------
Step 4 performed by DecayHandler
--- intermediates:
 46       pi0     111 [35] (49,50)   
                                -0.005    -0.238    -0.326     0.425     0.135
 47       pi0     111 [35] (51,52)   
                                 0.017    -0.225    -0.862     0.902     0.135
 48       pi0     111 [35] (53,54)   
                                 0.126    -0.333    -0.949     1.022     0.135
 57     omega     223 [39] (59,60)   
                                -0.274     0.476     1.387     1.680     0.774
 58       pi0     111 [39] (65,66)   
                                 0.179     0.724     0.936     1.205     0.135
 59      rho+     213 [57] (61,62)   
                                -0.347     0.369     0.895     1.153     0.522
 61       pi0     111 [59] (63,64)   
                                -0.139     0.344     0.267     0.477     0.135
 69     omega     223 [42] (71,72)   
                                 0.631    -0.395     0.163     1.092     0.782
 71      rho0     113 [69] (73,74)   
                                 0.451    -0.412     0.199     0.863     0.577
 72       pi0     111 [69] (75,76)   
                                 0.180     0.017    -0.035     0.228     0.135
 77      a_20     115 [44] (79,80)   
                                 0.129     0.400    -0.050     1.409     1.344
 79     omega     223 [77] (81,82)   
                                 0.222     0.145     0.122     0.837     0.785
 80      rho0     113 [77] (87,88)   
                                -0.093     0.256    -0.172     0.572     0.473
 81      rho-    -213 [79] (83,84)   
                                 0.206    -0.015     0.284     0.570     0.449
 83       pi0     111 [81] (85,86)   
                                 0.224     0.119     0.231     0.369     0.135
 89      rho0     113 [45] (91,92)   
                                -0.916    -0.281     0.688     1.346     0.648
--- final:
 34       pi+     211 [28]    
                                 0.116    -0.354    -3.109     3.134     0.140
 36       pi-    -211 [33]    
                                -0.142     0.058     0.009     0.208     0.140
 38       pi+     211 [32]    
                                -0.063     0.054     0.116     0.200     0.140
 40       pi-    -211 [31]    
                                -0.144    -0.530    -0.246     0.618     0.140
 43       pi+     211 [29]    
                                 0.467     0.180    -0.207     0.559     0.140
 49     gamma      22 [46]    
                                -0.049    -0.049    -0.144     0.159     0.000
 50     gamma      22 [46]    
                                 0.044    -0.189    -0.182     0.266     0.000
 51     gamma      22 [47]    
                                 0.076    -0.117    -0.432     0.454     0.000
 52     gamma      22 [47]    
                                -0.059    -0.109    -0.430     0.448     0.000
 53     gamma      22 [48]    
                                 0.094    -0.074    -0.317     0.339     0.000
 54     gamma      22 [48]    
                                 0.032    -0.259    -0.632     0.684     0.000
 55     gamma      22 [37]    
                                 0.140     0.206     1.105     1.133     0.000
 56     gamma      22 [37]    
                                 0.154     0.436     1.498     1.568     0.000
 60       pi-    -211 [57]    
                                 0.073     0.107     0.492     0.528     0.140
 62       pi+     211 [59]    
                                -0.207     0.025     0.627     0.676     0.140
 63     gamma      22 [61]    
                                -0.080     0.246     0.252     0.361     0.000
 64     gamma      22 [61]    
                                -0.059     0.098     0.015     0.116     0.000
 65     gamma      22 [58]    
                                 0.189     0.528     0.722     0.914     0.000
 66     gamma      22 [58]    
                                -0.009     0.196     0.214     0.290     0.000
 67     gamma      22 [41]    
                                -0.339     0.109    -0.653     0.744     0.000
 68     gamma      22 [41]    
                                -0.066    -0.258    -0.105     0.286     0.000
 70       pi-    -211 [42]    
                                 0.327     0.284     0.318     0.555     0.140
 73       pi+     211 [71]    
                                 0.364    -0.006     0.020     0.391     0.140
 74       pi-    -211 [71]    
                                 0.087    -0.406     0.179     0.473     0.140
 75     gamma      22 [72]    
                                 0.097     0.019     0.049     0.110     0.000
 76     gamma      22 [72]    
                                 0.083    -0.002    -0.084     0.118     0.000
 78       pi+     211 [44]    
                                 0.015    -0.176     0.202     0.302     0.140
 82       pi+     211 [79]    
                                 0.016     0.159    -0.162     0.267     0.140
 84       pi-    -211 [81]    
                                -0.018    -0.134     0.053     0.201     0.140
 85     gamma      22 [83]    
                                 0.017    -0.026     0.048     0.057     0.000
 86     gamma      22 [83]    
                                 0.207     0.145     0.183     0.312     0.000
 87       pi+     211 [80]    
                                -0.158     0.303    -0.054     0.373     0.140
 88       pi-    -211 [80]    
                                 0.065    -0.047    -0.118     0.199     0.140
 90       pi-    -211 [45]    
                                -0.351    -0.138     0.083     0.411     0.140
 91       pi-    -211 [89]    
                                -0.421    -0.429     0.306     0.688     0.140
 92       pi+     211 [89]    
                                -0.496     0.147     0.382     0.658     0.140
------------------------------------------------------------------------------
     Sum of momenta:            -2e-05    -2e-05    -2e-05      18.8      18.8

The following exception classes were reported in this run:
ThePEG::EventHandler::ConsistencyException warning (1 times)
ThePEG::LesHouchesReader::LesHouchesReopenWarning warning (1 times)
