>>>>>>>>>>>>>>>>>>>>>>>>>>>>>>>>>>>>>>>>>>>>>>>>>>>>>>>>>>>>>>>>>>>>>>>>>>>>>>
>>>> Toolkit for HEP Event Generation - ThePEG 2.2.0 <<<<<<<<<<<<<<<<<<<<<<<<<
>>>> Tue Jun 30 00:38:35 2020                                             <<<<
<<<<<<<<<<<<<<<<<<<<<<<<<<<<<<<<<<<<<<<<<<<<<<<<<<<<<<<<<<<<<<<<<<<<<<<<<<<<<<

>> Herwig 7.2.0 / ThePEG 2.2.0

/Herwig/EventHandlers/NoCuts:
MHat  = 2 .. 9.25398 GeV
Scale = 0 .. 1e+12 GeV2
YHat  = -100 .. 100
X1    = 0 .. 1
X2    = 0 .. 1

* A warning exception of type ThePEG::LesHouchesReader::LesHouchesReopenWarning occurred while generating event number 1: 
Reopening LesHouchesReader 'myReader' after accessing 2 events out of 1
* A warning exception of type ThePEG::EventHandler::ConsistencyException occurred while generating event number 1: 
Event handler 'myLesHouchesHandler' found energy-momentum non-conservation by (-1e-05,-2e-05,-1e-05;1.99999e-05) GeV after generating step number 4.

******************************************************************************
Event number 1 (id: ./OUTPUT/0.95MB1.05/1512289876/TMP/Cluster_HERWIGOutput_28) performed by myLesHouchesHandler
Weight: 1
==============================================================================

--- Colliding particles:
  1        e-      11  (3)   
                                 2.313     0.000     0.000     2.314     0.000
  2        e+     -11  (3)   
                                -2.314     0.000     0.000     2.314     0.000
------------------------------------------------------------------------------
Primary sub-process performed by myReader
--- incoming:
  1        e-      11  (3)   
                                 2.313     0.000     0.000     2.314     0.000
  2        e+     -11  (3)   
                                -2.314     0.000     0.000     2.314     0.000
--- intermediates:
  3     gamma      22 [1,2] (4..7)   
                                 0.000     0.000     0.000     4.627     4.627
--- outgoing:
  4         g      21 [3] (8)  6>>7 {+1,-2}
                                 0.245    -0.480     0.236     0.588     0.000
  5         g      21 [3] (9)  7>>6 {+3,-4}
                                -0.759     0.185    -0.608     0.990     0.000
  6         g      21 [3] (10)  5>>4 {+2,-3}
                                 0.541    -0.937    -0.802     1.347     0.000
  7         g      21 [3] (11)  4>>5 {+4,-1}
                                -0.027     1.232     1.174     1.702     0.000
------------------------------------------------------------------------------
Step 1 performed by myLesHouchesHandler
--- intermediates:
  1        e-      11  (3)   
                                 2.313     0.000     0.000     2.314     0.000
  2        e+     -11  (3)   
                                -2.314     0.000     0.000     2.314     0.000
  3     gamma      22 [1,2] (4..7)   
                                 0.000     0.000     0.000     4.627     4.627
--- final:
  4         g      21 [3] (8)  6>>7 {+1,-2}
                                 0.245    -0.480     0.236     0.588     0.000
  5         g      21 [3] (9)  7>>6 {+3,-4}
                                -0.759     0.185    -0.608     0.990     0.000
  6         g      21 [3] (10)  5>>4 {+2,-3}
                                 0.541    -0.937    -0.802     1.347     0.000
  7         g      21 [3] (11)  4>>5 {+4,-1}
                                -0.027     1.232     1.174     1.702     0.000
------------------------------------------------------------------------------
     Sum of momenta:            -2e-05    -2e-05    -1e-05      4.63      4.63
------------------------------------------------------------------------------
Step 2 performed by ShowerHandler
--- final:
  8         g      21 [4] (12,13)  10>>11 {+1,-2}
                                 0.134    -0.262     0.129     1.003     0.950
  9         g      21 [5] (14,15)  11>>10 {+3,-4}
                                -0.415     0.101    -0.332     1.093     0.950
 10         g      21 [6] (16,17)  9>>8 {+2,-3}
                                 0.295    -0.512    -0.438     1.202     0.950
 11         g      21 [7] (18,19)  8>>9 {+4,-1}
                                -0.015     0.673     0.641     1.329     0.950
------------------------------------------------------------------------------
     Sum of momenta:            -2e-05    -2e-05    -1e-05      4.63      4.63
------------------------------------------------------------------------------
Step 3 performed by ClusterHadHandler
--- intermediates:
 12         d       1 [8] (20)   {+1}
                                 0.022    -0.433     0.255     0.599     0.325
 13      dbar      -1 [8] (21)   {-2}
                                 0.112     0.171    -0.126     0.404     0.325
 14         d       1 [9] (22)   {+3}
                                -0.381    -0.213    -0.337     0.640     0.325
 15      dbar      -1 [9] (23)   {-4}
                                -0.034     0.314     0.005     0.453     0.325
 16         s       3 [10] (21)   {+2}
                                 0.025    -0.216    -0.301     0.583     0.450
 17      sbar      -3 [10] (22)   {-3}
                                 0.270    -0.297    -0.137     0.618     0.450
 18         d       1 [11] (23)   {+4}
                                 0.021     0.172    -0.095     0.381     0.325
 19      dbar      -1 [11] (20)   {-1}
                                -0.035     0.501     0.737     0.949     0.325
 20   Cluster      81 [12,19] (24,25)   
                                -0.014     0.067     0.991     1.548     1.186
 21   Cluster      81 [13,16] (26,27)   
                                 0.137    -0.045    -0.427     0.988     0.879
 22   Cluster      81 [14,17] (30,31)   
                                -0.110    -0.509    -0.474     1.258     1.042
 23   Cluster      81 [15,18] (28,29)   
                                -0.013     0.486    -0.090     0.834     0.671
--- final:
 24       pi0     111 [20] (32,33)   
                                -0.030    -0.153     0.625     0.658     0.135
 25     omega     223 [20] (34,35)   
                                 0.016     0.221     0.366     0.889     0.779
 26       pi+     211 [21]    
                                -0.003    -0.238    -0.331     0.431     0.140
 27        K-    -321 [21]    
                                 0.140     0.193    -0.096     0.557     0.494
 28       pi+     211 [23]    
                                 0.138    -0.072    -0.114     0.238     0.140
 29       pi-    -211 [23]    
                                -0.151     0.559     0.023     0.596     0.140
 30       pi0     111 [22] (40,41)   
                                -0.054    -0.197    -0.153     0.289     0.135
 31       K*0     313 [22] (42,43)   
                                -0.056    -0.312    -0.321     0.969     0.858
------------------------------------------------------------------------------
     Sum of momenta:            -2e-05    -2e-05    -1e-05      4.63      4.63
------------------------------------------------------------------------------
Step 4 performed by DecayHandler
--- intermediates:
 34      rho-    -213 [25] (36,37)   
                                 0.054     0.274     0.444     0.717     0.488
 36       pi0     111 [34] (38,39)   
                                 0.097     0.119    -0.020     0.206     0.135
--- final:
 26       pi+     211 [21]    
                                -0.003    -0.238    -0.331     0.431     0.140
 27        K-    -321 [21]    
                                 0.140     0.193    -0.096     0.557     0.494
 28       pi+     211 [23]    
                                 0.138    -0.072    -0.114     0.238     0.140
 29       pi-    -211 [23]    
                                -0.151     0.559     0.023     0.596     0.140
 32     gamma      22 [24]    
                                -0.060    -0.045     0.127     0.147     0.000
 33     gamma      22 [24]    
                                 0.030    -0.108     0.498     0.511     0.000
 35       pi+     211 [25]    
                                -0.038    -0.053    -0.078     0.173     0.140
 37       pi-    -211 [34]    
                                -0.043     0.155     0.465     0.511     0.140
 38     gamma      22 [36]    
                                 0.065    -0.003     0.027     0.071     0.000
 39     gamma      22 [36]    
                                 0.031     0.122    -0.047     0.135     0.000
 40     gamma      22 [30]    
                                 0.013    -0.011     0.020     0.026     0.000
 41     gamma      22 [30]    
                                -0.067    -0.186    -0.173     0.263     0.000
 42        K+     321 [31]    
                                -0.052    -0.331    -0.473     0.762     0.494
 43       pi-    -211 [31]    
                                -0.004     0.019     0.152     0.208     0.140
------------------------------------------------------------------------------
     Sum of momenta:            -2e-05    -2e-05    -1e-05      4.63      4.63

The following exception classes were reported in this run:
ThePEG::EventHandler::ConsistencyException warning (1 times)
ThePEG::LesHouchesReader::LesHouchesReopenWarning warning (1 times)
