>>>>>>>>>>>>>>>>>>>>>>>>>>>>>>>>>>>>>>>>>>>>>>>>>>>>>>>>>>>>>>>>>>>>>>>>>>>>>>
>>>> Toolkit for HEP Event Generation - ThePEG 2.2.0 <<<<<<<<<<<<<<<<<<<<<<<<<
>>>> Tue Jun 30 00:37:48 2020                                             <<<<
<<<<<<<<<<<<<<<<<<<<<<<<<<<<<<<<<<<<<<<<<<<<<<<<<<<<<<<<<<<<<<<<<<<<<<<<<<<<<<

>> Herwig 7.2.0 / ThePEG 2.2.0

/Herwig/EventHandlers/NoCuts:
MHat  = 2 .. 25.999 GeV
Scale = 0 .. 1e+12 GeV2
YHat  = -100 .. 100
X1    = 0 .. 1
X2    = 0 .. 1

* A warning exception of type ThePEG::LesHouchesReader::LesHouchesReopenWarning occurred while generating event number 1: 
Reopening LesHouchesReader 'myReader' after accessing 2 events out of 1
* A warning exception of type ThePEG::EventHandler::ConsistencyException occurred while generating event number 1: 
Event handler 'myLesHouchesHandler' found energy-momentum non-conservation by (-1e-05,-2e-05,-2e-05;-8.9505e-10) GeV after generating step number 4.

******************************************************************************
Event number 1 (id: ./OUTPUT/0.95MB1.05/1512289876/TMP/Cluster_HERWIGOutput_27) performed by myLesHouchesHandler
Weight: 1
==============================================================================

--- Colliding particles:
  1        e-      11  (3)   
                                 6.500     0.000     0.000     6.500     0.000
  2        e+     -11  (3)   
                                -6.500     0.000    -0.000     6.500     0.000
------------------------------------------------------------------------------
Primary sub-process performed by myReader
--- incoming:
  1        e-      11  (3)   
                                 6.500     0.000     0.000     6.500     0.000
  2        e+     -11  (3)   
                                -6.500     0.000    -0.000     6.500     0.000
--- intermediates:
  3     gamma      22 [1,2] (4..7)   
                                 0.000     0.000    -0.000    12.999    12.999
--- outgoing:
  4         g      21 [3] (8)  7>>6 {+1,-2}
                                 0.378     1.986     0.620     2.115     0.000
  5         g      21 [3] (9)  6>>7 {+3,-4}
                                 2.873    -3.446    -2.515     5.144     0.000
  6         g      21 [3] (10)  4>>5 {+4,-1}
                                -1.709     0.618     3.112     3.604     0.000
  7         g      21 [3] (13)  5>>4 {+2,-3}
                                -1.543     0.841    -1.216     2.137     0.000
------------------------------------------------------------------------------
Step 1 performed by myLesHouchesHandler
--- intermediates:
  1        e-      11  (3)   
                                 6.500     0.000     0.000     6.500     0.000
  2        e+     -11  (3)   
                                -6.500     0.000    -0.000     6.500     0.000
  3     gamma      22 [1,2] (4..7)   
                                 0.000     0.000    -0.000    12.999    12.999
--- final:
  4         g      21 [3] (8)  7>>6 {+1,-2}
                                 0.378     1.986     0.620     2.115     0.000
  5         g      21 [3] (9)  6>>7 {+3,-4}
                                 2.873    -3.446    -2.515     5.144     0.000
  6         g      21 [3] (10)  4>>5 {+4,-1}
                                -1.709     0.618     3.112     3.604     0.000
  7         g      21 [3] (13)  5>>4 {+2,-3}
                                -1.543     0.841    -1.216     2.137     0.000
------------------------------------------------------------------------------
     Sum of momenta:            -2e-05    -2e-05    -2e-05        13        13
------------------------------------------------------------------------------
Step 2 performed by ShowerHandler
--- intermediates:
 10         g      21 [6] (11,12)   {+4,-1}
                                -1.381     0.500     2.514     4.810     3.829
--- final:
  8         g      21 [4] (14,15)  13>>11 {+1,-2}
                                 0.306     1.605     0.501     1.955     0.950
  9         g      21 [5] (16,17)  12>>13 {+3,-4}
                                 2.322    -2.784    -2.032     4.263     0.950
 11         g      21 [10] (20,21)  8>>12 {+5,-1}
                                -0.914    -0.016    -0.624     1.459     0.950
 12         g      21 [10] (22,23)  11>>9 {+4,-5}
                                -0.466     0.515     3.138     3.351     0.950
 13         g      21 [7] (18,19)  9>>8 {+2,-3}
                                -1.247     0.679    -0.983     1.971     0.950
------------------------------------------------------------------------------
     Sum of momenta:            -2e-05    -2e-05    -2e-05        13        13
------------------------------------------------------------------------------
Step 3 performed by ClusterHadHandler
--- intermediates:
 14         u       2 [8] (24)   {+1}
                                 0.329     0.315     0.148     0.579     0.325
 15      ubar      -2 [8] (25)   {-2}
                                -0.023     1.290     0.353     1.376     0.325
 16         d       1 [9] (26)   {+3}
                                 0.355    -0.372    -0.219     0.646     0.325
 17      dbar      -1 [9] (27)   {-4}
                                 1.967    -2.413    -1.813     3.617     0.325
 18         s       3 [13] (25)   {+2}
                                -0.684     0.225    -0.582     1.029     0.450
 19      sbar      -3 [13] (26)   {-3}
                                -0.563     0.455    -0.401     0.942     0.450
 20         u       2 [11] (28)   {+5}
                                -0.105    -0.013     0.065     0.348     0.325
 21      ubar      -2 [11] (24)   {-1}
                                -0.809    -0.003    -0.688     1.111     0.325
 22         u       2 [12] (27)   {+4}
                                -0.539     0.161     1.345     1.494     0.325
 23      ubar      -2 [12] (28)   {-5}
                                 0.073     0.354     1.793     1.858     0.325
 24   Cluster      81 [14,21] (37,38)   
                                -0.480     0.313    -0.541     1.690     1.495
 25   Cluster      81 [15,18] (33,34)   
                                -0.708     1.515    -0.228     2.406     1.715
 26   Cluster      81 [16,19] (35,36)   
                                -0.208     0.083    -0.620     1.588     1.444
 27   Cluster      81 [17,22] (29,30)   
                                 1.428    -2.252    -0.468     5.111     4.335
 28   Cluster      81 [20,23] (31,32)   
                                -0.033     0.341     1.857     2.206     1.139
 29   Cluster      81 [27] (39,40)   
                                 1.831    -2.314    -1.571     3.707     1.603
 30   Cluster      81 [27] (41,42)   
                                -0.403     0.062     1.103     1.404     0.766
--- final:
 31       pi0     111 [28] (43,44)   
                                 0.193     0.037     0.393     0.460     0.135
 32      rho0     113 [28] (45,46)   
                                -0.226     0.304     1.464     1.746     0.872
 33     omega     223 [25] (47,48)   
                                -0.744     0.415    -0.293     1.198     0.789
 34        K-    -321 [25]    
                                 0.037     1.100     0.064     1.208     0.494
 35       pi0     111 [26] (53,54)   
                                -0.199    -0.144    -0.385     0.476     0.135
 36       K*0     313 [26] (55,56)   
                                -0.009     0.227    -0.235     1.112     1.062
 37       pi+     211 [24]    
                                 0.261     0.300    -0.439     0.609     0.140
 38      rho-    -213 [24] (62,63)   
                                -0.741     0.013    -0.101     1.081     0.781
 39      rho+     213 [29] (66,67)   
                                 0.973    -1.417    -1.217     2.251     0.794
 40      rho0     113 [29] (70,71)   
                                 0.857    -0.897    -0.354     1.456     0.675
 41       pi+     211 [30]    
                                -0.586    -0.045     0.868     1.058     0.140
 42       pi-    -211 [30]    
                                 0.183     0.108     0.235     0.346     0.140
------------------------------------------------------------------------------
     Sum of momenta:            -2e-05    -2e-05    -2e-05        13        13
------------------------------------------------------------------------------
Step 4 performed by DecayHandler
--- intermediates:
 47      rho-    -213 [33] (49,50)   
                                -0.703     0.432    -0.321     1.048     0.562
 49       pi0     111 [47] (51,52)   
                                -0.455     0.017    -0.051     0.478     0.135
 55        K0     311 [36] (57)   
                                 0.003     0.045     0.263     0.565     0.498
 56       pi0     111 [36] (60,61)   
                                -0.012     0.181    -0.498     0.547     0.135
 57      K_S0     310 [55] (58,59)   
                                 0.003     0.045     0.263     0.565     0.498
 62       pi0     111 [38] (64,65)   
                                -0.398    -0.320    -0.217     0.571     0.135
 66       pi0     111 [39] (68,69)   
                                 0.492    -0.973    -1.130     1.576     0.135
--- final:
 34        K-    -321 [25]    
                                 0.037     1.100     0.064     1.208     0.494
 37       pi+     211 [24]    
                                 0.261     0.300    -0.439     0.609     0.140
 41       pi+     211 [30]    
                                -0.586    -0.045     0.868     1.058     0.140
 42       pi-    -211 [30]    
                                 0.183     0.108     0.235     0.346     0.140
 43     gamma      22 [31]    
                                 0.001     0.020    -0.002     0.020     0.000
 44     gamma      22 [31]    
                                 0.193     0.017     0.395     0.440     0.000
 45       pi+     211 [32]    
                                -0.281    -0.066     1.255     1.295     0.140
 46       pi-    -211 [32]    
                                 0.055     0.370     0.210     0.451     0.140
 48       pi+     211 [33]    
                                -0.042    -0.017     0.029     0.149     0.140
 50       pi-    -211 [47]    
                                -0.247     0.414    -0.270     0.570     0.140
 51     gamma      22 [49]    
                                -0.017     0.001     0.027     0.032     0.000
 52     gamma      22 [49]    
                                -0.439     0.017    -0.079     0.446     0.000
 53     gamma      22 [35]    
                                -0.174    -0.050    -0.277     0.331     0.000
 54     gamma      22 [35]    
                                -0.025    -0.094    -0.108     0.145     0.000
 58       pi+     211 [57]    
                                -0.152     0.030     0.286     0.354     0.140
 59       pi-    -211 [57]    
                                 0.155     0.016    -0.023     0.211     0.140
 60     gamma      22 [56]    
                                -0.057     0.166    -0.426     0.461     0.000
 61     gamma      22 [56]    
                                 0.045     0.015    -0.072     0.086     0.000
 63       pi-    -211 [38]    
                                -0.342     0.332     0.115     0.510     0.140
 64     gamma      22 [62]    
                                -0.277    -0.244    -0.217     0.428     0.000
 65     gamma      22 [62]    
                                -0.121    -0.076     0.000     0.142     0.000
 67       pi+     211 [39]    
                                 0.481    -0.443    -0.087     0.674     0.140
 68     gamma      22 [66]    
                                 0.141    -0.400    -0.489     0.647     0.000
 69     gamma      22 [66]    
                                 0.352    -0.574    -0.641     0.929     0.000
 70       pi+     211 [40]    
                                 0.066     0.001    -0.183     0.239     0.140
 71       pi-    -211 [40]    
                                 0.791    -0.898    -0.171     1.217     0.140
------------------------------------------------------------------------------
     Sum of momenta:            -2e-05    -2e-05    -2e-05        13        13

The following exception classes were reported in this run:
ThePEG::EventHandler::ConsistencyException warning (1 times)
ThePEG::LesHouchesReader::LesHouchesReopenWarning warning (1 times)
