>>>>>>>>>>>>>>>>>>>>>>>>>>>>>>>>>>>>>>>>>>>>>>>>>>>>>>>>>>>>>>>>>>>>>>>>>>>>>>
>>>> Toolkit for HEP Event Generation - ThePEG 2.2.0 <<<<<<<<<<<<<<<<<<<<<<<<<
>>>> Tue Jun 30 00:59:03 2020                                             <<<<
<<<<<<<<<<<<<<<<<<<<<<<<<<<<<<<<<<<<<<<<<<<<<<<<<<<<<<<<<<<<<<<<<<<<<<<<<<<<<<

>> Herwig 7.2.0 / ThePEG 2.2.0

/Herwig/EventHandlers/NoCuts:
MHat  = 2 .. 48.9528 GeV
Scale = 0 .. 1e+12 GeV2
YHat  = -100 .. 100
X1    = 0 .. 1
X2    = 0 .. 1

* A warning exception of type ThePEG::LesHouchesReader::LesHouchesReopenWarning occurred while generating event number 1: 
Reopening LesHouchesReader 'myReader' after accessing 2 events out of 1
* A warning exception of type ThePEG::EventHandler::ConsistencyException occurred while generating event number 1: 
Event handler 'myLesHouchesHandler' found energy-momentum non-conservation by (-2e-05,-2e-05,-2e-05;-1.04577e-10) GeV after generating step number 4.

******************************************************************************
Event number 1 (id: ./OUTPUT/0.95MB1.05/1514252642/TMP/Cluster_HERWIGOutput_27) performed by myLesHouchesHandler
Weight: 1
==============================================================================

--- Colliding particles:
  1        e-      11  (3)   
                                12.238     0.000     0.000    12.238     0.000
  2        e+     -11  (3)   
                               -12.238     0.000     0.000    12.238     0.000
------------------------------------------------------------------------------
Primary sub-process performed by myReader
--- incoming:
  1        e-      11  (3)   
                                12.238     0.000     0.000    12.238     0.000
  2        e+     -11  (3)   
                               -12.238     0.000     0.000    12.238     0.000
--- intermediates:
  3     gamma      22 [1,2] (4..8)   
                                 0.000     0.000     0.000    24.476    24.476
--- outgoing:
  4         g      21 [3] (9)  7>>5 {+1,-2}
                                 5.447     2.279    -4.192     7.241     0.000
  5         g      21 [3] (14)  4>>7 {+3,-1}
                                -1.509     0.678     2.544     3.035     0.000
  6         g      21 [3] (15)  8>>8 {+4,-5}
                                 0.509    -3.380     5.247     6.262     0.000
  7         g      21 [3] (20)  5>>4 {+2,-3}
                                -3.049     0.817     0.841     3.267     0.000
  8         g      21 [3] (23)  6>>6 {+5,-4}
                                -1.397    -0.393    -4.440     4.671     0.000
------------------------------------------------------------------------------
Step 1 performed by myLesHouchesHandler
--- intermediates:
  1        e-      11  (3)   
                                12.238     0.000     0.000    12.238     0.000
  2        e+     -11  (3)   
                               -12.238     0.000     0.000    12.238     0.000
  3     gamma      22 [1,2] (4..8)   
                                 0.000     0.000     0.000    24.476    24.476
--- final:
  4         g      21 [3] (9)  7>>5 {+1,-2}
                                 5.447     2.279    -4.192     7.241     0.000
  5         g      21 [3] (14)  4>>7 {+3,-1}
                                -1.509     0.678     2.544     3.035     0.000
  6         g      21 [3] (15)  8>>8 {+4,-5}
                                 0.509    -3.380     5.247     6.262     0.000
  7         g      21 [3] (20)  5>>4 {+2,-3}
                                -3.049     0.817     0.841     3.267     0.000
  8         g      21 [3] (23)  6>>6 {+5,-4}
                                -1.397    -0.393    -4.440     4.671     0.000
------------------------------------------------------------------------------
     Sum of momenta:            -3e-05    -2e-05    -2e-05      24.5      24.5
------------------------------------------------------------------------------
Step 2 performed by ShowerHandler
--- intermediates:
  9         g      21 [4] (10,11)   {+1,-2}
                                 3.363     1.407    -2.588     6.797     5.120
 11         g      21 [9] (12,13)   {+1,-6}
                                 2.268     0.210    -3.057     4.860     3.014
 15         g      21 [6] (16,17)   {+4,-5}
                                 0.314    -2.087     3.239     7.268     6.155
 17         g      21 [15] (18,19)   {+4,-7}
                                -1.098     0.462     2.293     4.061     3.133
 20         g      21 [7] (21,22)   {+2,-3}
                                -1.883     0.504     0.519     5.274     4.873
--- final:
 10         g      21 [9] (28,29)  21>>13 {+6,-2}
                                 1.095     1.197     0.469     1.937     0.950
 12         g      21 [11] (30,31)  13>>14 {+1,-8}
                                 0.219     0.153    -2.256     2.462     0.950
 13         g      21 [11] (32,33)  10>>12 {+8,-6}
                                 2.050     0.057    -0.801     2.398     0.950
 14         g      21 [5] (24,25)  12>>22 {+3,-1}
                                -0.932     0.418     1.571     2.101     0.950
 16         g      21 [15] (34,35)  23>>19 {+7,-5}
                                 1.412    -2.548     0.946     3.207     0.950
 18         g      21 [17] (36,37)  19>>23 {+4,-9}
                                -0.842    -0.912     0.614     1.679     0.950
 19         g      21 [17] (38,39)  16>>18 {+9,-7}
                                -0.256     1.373     1.679     2.382     0.950
 21         c       4 [20] (47)  >10 {+2}
                                -1.346     1.514     1.593     3.033     1.600
 22      cbar      -4 [20] (40)  14> {-3}
                                -0.536    -1.010    -1.073     2.240     1.600
 23         g      21 [8] (26,27)  18>>16 {+5,-4}
                                -0.863    -0.243    -2.741     3.036     0.950
------------------------------------------------------------------------------
     Sum of momenta:            -3e-05    -2e-05    -2e-05      24.5      24.5
------------------------------------------------------------------------------
Step 3 performed by ClusterHadHandler
--- intermediates:
 24         u       2 [14] (40)   {+3}
                                -0.821     0.534     1.122     1.524     0.325
 25      ubar      -2 [14] (43)   {-1}
                                -0.111    -0.115     0.448     0.576     0.325
 26         s       3 [23] (46)   {+5}
                                -0.510    -0.197    -1.219     1.410     0.450
 27      sbar      -3 [23] (41)   {-4}
                                -0.352    -0.046    -1.522     1.626     0.450
 28         s       3 [10] (42)   {+6}
                                 0.374     0.427     0.274     0.774     0.450
 29      sbar      -3 [10] (48)   {-2}
                                 0.720     0.770     0.196     1.163     0.450
 30         d       1 [12] (44)   {+1}
                                 0.295     0.123    -1.969     2.021     0.325
 31      dbar      -1 [12] (46)   {-8}
                                -0.076     0.030    -0.287     0.441     0.325
 32         d       1 [13] (45)   {+8}
                                 0.381    -0.201    -0.166     0.564     0.325
 33      dbar      -1 [13] (42)   {-6}
                                 1.669     0.258    -0.636     1.833     0.325
 34         d       1 [16] (48)   {+7}
                                 1.251    -1.833     0.853     2.400     0.325
 35      dbar      -1 [16] (45)   {-5}
                                 0.161    -0.715     0.093     0.807     0.325
 36         d       1 [18] (41)   {+4}
                                -0.452    -0.435     0.679     0.980     0.325
 37      dbar      -1 [18] (44)   {-9}
                                -0.390    -0.477    -0.065     0.700     0.325
 38         s       3 [19] (43)   {+9}
                                -0.170     0.488     0.577     0.896     0.450
 39      sbar      -3 [19] (47)   {-7}
                                -0.085     0.886     1.102     1.486     0.450
 40   Cluster      81 [22,24] (57,58)   
                                -1.357    -0.476     0.049     3.765     3.479
 41   Cluster      81 [27,36] (63,64)   
                                -0.805    -0.481    -0.843     2.606     2.281
 42   Cluster      81 [28,33] (55,56)   
                                 2.043     0.685    -0.362     2.608     1.423
 43   Cluster      81 [25,38] (50)   
                                -0.282     0.373     1.026     1.472     0.948
 44   Cluster      81 [30,37] (51,52)   
                                -0.095    -0.354    -2.034     2.721     1.770
 45   Cluster      81 [32,35] (53,54)   
                                 0.541    -0.916    -0.073     1.372     0.862
 46   Cluster      81 [26,31] (59,60)   
                                -0.586    -0.166    -1.506     1.851     0.887
 47   Cluster      81 [21,39] (49)   
                                -1.432     2.400     2.694     4.519     2.314
 48   Cluster      81 [29,34] (61,62)   
                                 1.971    -1.063     1.048     3.562     2.564
 50   Cluster      81 [43] (65,66)   
                                -0.152     0.080     1.157     1.506     0.948
--- final:
 49      D_s+     431 [47] (67,68)   
                                -1.561     2.692     2.562     4.486     1.968
 51       pi-    -211 [44]    
                                -0.012     0.459    -1.233     1.323     0.140
 52      rho+     213 [44] (82,83)   
                                -0.083    -0.814    -0.801     1.398     0.802
 53       pi-    -211 [45]    
                                 0.449    -0.674     0.319     0.882     0.140
 54       pi+     211 [45]    
                                 0.093    -0.242    -0.392     0.490     0.140
 55    K*bar0    -313 [42] (86,87)   
                                 1.747     0.244    -0.473     2.049     0.929
 56       pi0     111 [42] (88,89)   
                                 0.297     0.441     0.112     0.559     0.135
 57      rho0     113 [40] (90,91)   
                                -0.503    -0.149     0.111     1.274     1.156
 58  D'_1bar0  -20423 [40] (92,93)   
                                -0.854    -0.327    -0.062     2.490     2.316
 59        K-    -321 [46]    
                                -0.470     0.019    -1.424     1.579     0.494
 60       pi+     211 [46]    
                                -0.116    -0.185    -0.081     0.272     0.140
 61      a_2-    -215 [48] (99,100)   
                                 1.244    -0.103     0.880     2.015     1.314
 62       K*+     323 [48] (107,108)   
                                 0.727    -0.960     0.168     1.548     0.957
 63       K*0     313 [41] (110,111)   
                                -0.554    -0.246    -0.320     1.134     0.904
 64      a_10   20113 [41] (112,113)   
                                -0.251    -0.235    -0.522     1.472     1.332
 65     Kbar0    -311 [50] (118)   
                                -0.002     0.314     0.478     0.758     0.498
 66       pi-    -211 [50]    
                                -0.150    -0.234     0.680     0.747     0.140
------------------------------------------------------------------------------
     Sum of momenta:            -3e-05    -2e-05    -2e-05      24.5      24.5
------------------------------------------------------------------------------
Step 4 performed by DecayHandler
--- intermediates:
 67       eta     221 [49] (69..71)   
                                -0.828     1.004     0.565     1.521     0.548
 68      rho+     213 [49] (78,79)   
                                -0.733     1.688     1.998     2.965     1.190
 69       pi0     111 [67] (72,73)   
                                -0.227     0.217     0.137     0.368     0.135
 70       pi0     111 [67] (74,75)   
                                -0.488     0.523     0.179     0.750     0.135
 71       pi0     111 [67] (76,77)   
                                -0.114     0.264     0.248     0.403     0.135
 78       pi0     111 [68] (80,81)   
                                -0.099     1.407     1.656     2.179     0.135
 82       pi0     111 [52] (84,85)   
                                 0.204    -0.008    -0.332     0.412     0.135
 92       D*-    -413 [58] (94,95)   
                                -0.951    -0.434    -0.150     2.271     2.010
 94     Dbar0    -421 [92] (96..98)   
                                -0.902    -0.404    -0.104     2.113     1.865
 99      rho-    -213 [61] (101,102)   
                                 1.085    -0.126     0.356     1.450     0.885
100       pi0     111 [61] (105,106)   
                                 0.159     0.023     0.524     0.565     0.135
101       pi0     111 [99] (103,104)   
                                 0.216    -0.397     0.029     0.472     0.135
107        K0     311 [62] (109)   
                                 0.540    -0.802    -0.177     1.102     0.498
112    rho''+   30213 [64] (114,115)   
                                -0.252    -0.089    -0.791     1.136     0.769
115       pi0     111 [112] (116,117)   
                                 0.016     0.287    -0.216     0.384     0.135
--- final:
 51       pi-    -211 [44]    
                                -0.012     0.459    -1.233     1.323     0.140
 53       pi-    -211 [45]    
                                 0.449    -0.674     0.319     0.882     0.140
 54       pi+     211 [45]    
                                 0.093    -0.242    -0.392     0.490     0.140
 59        K-    -321 [46]    
                                -0.470     0.019    -1.424     1.579     0.494
 60       pi+     211 [46]    
                                -0.116    -0.185    -0.081     0.272     0.140
 66       pi-    -211 [50]    
                                -0.150    -0.234     0.680     0.747     0.140
 72     gamma      22 [69]    
                                -0.113     0.028     0.020     0.118     0.000
 73     gamma      22 [69]    
                                -0.114     0.189     0.117     0.250     0.000
 74     gamma      22 [70]    
                                -0.109     0.048     0.046     0.128     0.000
 75     gamma      22 [70]    
                                -0.378     0.475     0.134     0.622     0.000
 76     gamma      22 [71]    
                                -0.086     0.271     0.200     0.347     0.000
 77     gamma      22 [71]    
                                -0.028    -0.006     0.048     0.056     0.000
 79       pi+     211 [68]    
                                -0.634     0.281     0.342     0.786     0.140
 80     gamma      22 [78]    
                                -0.111     0.627     0.741     0.977     0.000
 81     gamma      22 [78]    
                                 0.012     0.780     0.915     1.202     0.000
 83       pi+     211 [52]    
                                -0.287    -0.806    -0.469     0.985     0.140
 84     gamma      22 [82]    
                                 0.061    -0.018    -0.016     0.065     0.000
 85     gamma      22 [82]    
                                 0.143     0.009    -0.316     0.347     0.000
 86        K-    -321 [55]    
                                 1.697     0.362    -0.418     1.852     0.494
 87       pi+     211 [55]    
                                 0.050    -0.117    -0.055     0.197     0.140
 88     gamma      22 [56]    
                                 0.128     0.099    -0.001     0.162     0.000
 89     gamma      22 [56]    
                                 0.168     0.342     0.113     0.397     0.000
 90       pi+     211 [57]    
                                -0.471    -0.466     0.430     0.802     0.140
 91       pi-    -211 [57]    
                                -0.032     0.317    -0.319     0.472     0.140
 93       pi+     211 [58]    
                                 0.098     0.107     0.088     0.220     0.140
 95       pi-    -211 [92]    
                                -0.050    -0.030    -0.045     0.158     0.140
 96        K+     321 [94]    
                                -0.485    -0.042     0.256     0.740     0.494
 97        e-      11 [94]    
                                 0.354    -0.264     0.123     0.459     0.001
 98   nu_ebar     -12 [94]    
                                -0.770    -0.098    -0.484     0.915     0.000
102       pi-    -211 [99]    
                                 0.870     0.271     0.327     0.978     0.140
103     gamma      22 [101]    
                                 0.228    -0.319     0.018     0.393     0.000
104     gamma      22 [101]    
                                -0.013    -0.077     0.011     0.079     0.000
105     gamma      22 [100]    
                                 0.101    -0.045     0.373     0.389     0.000
106     gamma      22 [100]    
                                 0.058     0.068     0.151     0.176     0.000
108       pi+     211 [62]    
                                 0.187    -0.158     0.346     0.446     0.140
109      K_L0     130 [107]    
                                 0.540    -0.802    -0.177     1.102     0.498
110        K+     321 [63]    
                                -0.227    -0.424    -0.178     0.712     0.494
111       pi-    -211 [63]    
                                -0.327     0.179    -0.142     0.423     0.140
113       pi-    -211 [64]    
                                 0.002    -0.146     0.269     0.336     0.140
114       pi+     211 [112]    
                                -0.269    -0.377    -0.576     0.751     0.140
116     gamma      22 [115]    
                                -0.021     0.211    -0.085     0.228     0.000
117     gamma      22 [115]    
                                 0.037     0.077    -0.131     0.156     0.000
118      K_L0     130 [65]    
                                -0.002     0.314     0.478     0.758     0.498
------------------------------------------------------------------------------
     Sum of momenta:            -3e-05    -2e-05    -2e-05      24.5      24.5

The following exception classes were reported in this run:
ThePEG::EventHandler::ConsistencyException warning (1 times)
ThePEG::LesHouchesReader::LesHouchesReopenWarning warning (1 times)
