>>>>>>>>>>>>>>>>>>>>>>>>>>>>>>>>>>>>>>>>>>>>>>>>>>>>>>>>>>>>>>>>>>>>>>>>>>>>>>
>>>> Toolkit for HEP Event Generation - ThePEG 2.2.0 <<<<<<<<<<<<<<<<<<<<<<<<<
>>>> Tue Jun 30 00:47:59 2020                                             <<<<
<<<<<<<<<<<<<<<<<<<<<<<<<<<<<<<<<<<<<<<<<<<<<<<<<<<<<<<<<<<<<<<<<<<<<<<<<<<<<<

>> Herwig 7.2.0 / ThePEG 2.2.0

/Herwig/EventHandlers/NoCuts:
MHat  = 2 .. 64.7691 GeV
Scale = 0 .. 1e+12 GeV2
YHat  = -100 .. 100
X1    = 0 .. 1
X2    = 0 .. 1

* A warning exception of type ThePEG::LesHouchesReader::LesHouchesReopenWarning occurred while generating event number 1: 
Reopening LesHouchesReader 'myReader' after accessing 2 events out of 1
* A warning exception of type ThePEG::EventHandler::ConsistencyException occurred while generating event number 1: 
Event handler 'myLesHouchesHandler' found energy-momentum non-conservation by (-1e-05,-2e-05,-2e-05;-2.73891e-09) GeV after generating step number 4.

******************************************************************************
Event number 1 (id: ./OUTPUT/0.95MB1.05/1511650143/TMP/Cluster_HERWIGOutput_21) performed by myLesHouchesHandler
Weight: 1
==============================================================================

--- Colliding particles:
  1        e-      11  (3)   
                                16.192     0.000     0.000    16.192     0.000
  2        e+     -11  (3)   
                               -16.192     0.000     0.000    16.192     0.000
------------------------------------------------------------------------------
Primary sub-process performed by myReader
--- incoming:
  1        e-      11  (3)   
                                16.192     0.000     0.000    16.192     0.000
  2        e+     -11  (3)   
                               -16.192     0.000     0.000    16.192     0.000
--- intermediates:
  3     gamma      22 [1,2] (4..9)   
                                 0.000     0.000     0.000    32.385    32.385
--- outgoing:
  4         g      21 [3] (10)  7>>6 {+1,-2}
                                -2.979     2.961   -13.790    14.416     0.000
  5         g      21 [3] (17)  8>>8 {+3,-4}
                                 0.985     0.183     0.491     1.115     0.000
  6         g      21 [3] (18)  4>>9 {+5,-1}
                                 0.539    -1.041     0.610     1.321     0.000
  7         g      21 [3] (19)  9>>4 {+2,-6}
                                -2.880    -1.468     7.333     8.014     0.000
  8         g      21 [3] (22)  5>>5 {+4,-3}
                                 2.170    -0.683     4.753     5.270     0.000
  9         g      21 [3] (23)  6>>7 {+6,-5}
                                 2.165     0.046     0.603     2.248     0.000
------------------------------------------------------------------------------
Step 1 performed by myLesHouchesHandler
--- intermediates:
  1        e-      11  (3)   
                                16.192     0.000     0.000    16.192     0.000
  2        e+     -11  (3)   
                               -16.192     0.000     0.000    16.192     0.000
  3     gamma      22 [1,2] (4..9)   
                                 0.000     0.000     0.000    32.385    32.385
--- final:
  4         g      21 [3] (10)  7>>6 {+1,-2}
                                -2.979     2.961   -13.790    14.416     0.000
  5         g      21 [3] (17)  8>>8 {+3,-4}
                                 0.985     0.183     0.491     1.115     0.000
  6         g      21 [3] (18)  4>>9 {+5,-1}
                                 0.539    -1.041     0.610     1.321     0.000
  7         g      21 [3] (19)  9>>4 {+2,-6}
                                -2.880    -1.468     7.333     8.014     0.000
  8         g      21 [3] (22)  5>>5 {+4,-3}
                                 2.170    -0.683     4.753     5.270     0.000
  9         g      21 [3] (23)  6>>7 {+6,-5}
                                 2.165     0.046     0.603     2.248     0.000
------------------------------------------------------------------------------
     Sum of momenta:            -2e-05    -2e-05    -2e-05      32.4      32.4
------------------------------------------------------------------------------
Step 2 performed by ShowerHandler
--- intermediates:
 10         g      21 [4] (11,12)   {+1,-2}
                                -2.209     2.196   -10.227    16.025    11.937
 12         g      21 [10] (13,14)   {+7,-2}
                                -2.112     3.902    -8.520    13.429     9.385
 14         g      21 [12] (15,16)   {+7,-8}
                                -1.121     5.478    -4.438     8.843     5.219
 19         g      21 [7] (20,21)   {+2,-6}
                                -2.136    -1.088     5.438     7.795     5.044
--- final:
 11         g      21 [10] (32,33)  15>>18 {+1,-7}
                                -0.097    -1.706    -1.707     2.595     0.950
 13         g      21 [12] (34,35)  21>>16 {+8,-2}
                                -0.990    -1.576    -4.082     4.586     0.950
 15         c       4 [14] (44)  >11 {+7}
                                -0.195     1.393    -3.741     4.305     1.600
 16      cbar      -4 [14] (45)  13> {-8}
                                -0.927     4.085    -0.696     4.538     1.600
 17         g      21 [5] (24,25)  22>>22 {+3,-4}
                                 0.730     0.136     0.364     1.260     0.950
 18         g      21 [6] (26,27)  11>>23 {+5,-1}
                                 0.400    -0.772     0.452     1.365     0.950
 20         g      21 [19] (36,37)  23>>21 {+9,-6}
                                -1.176    -0.466     6.000     6.205     0.950
 21         g      21 [19] (38,39)  20>>13 {+2,-9}
                                -0.960    -0.622    -0.562     1.590     0.950
 22         g      21 [8] (28,29)  17>>17 {+4,-3}
                                 1.609    -0.506     3.525     4.022     0.950
 23         g      21 [9] (30,31)  18>>20 {+6,-5}
                                 1.606     0.034     0.447     1.919     0.950
------------------------------------------------------------------------------
     Sum of momenta:            -2e-05    -2e-05    -2e-05      32.4      32.4
------------------------------------------------------------------------------
Step 3 performed by ClusterHadHandler
--- intermediates:
 24         s       3 [17] (47)   {+3}
                                 0.433     0.211     0.237     0.701     0.450
 25      sbar      -3 [17] (40)   {-4}
                                 0.297    -0.075     0.127     0.559     0.450
 26         s       3 [18] (41)   {+5}
                                 0.325    -0.323     0.162     0.662     0.450
 27      sbar      -3 [18] (42)   {-1}
                                 0.075    -0.448     0.290     0.702     0.450
 28         d       1 [22] (40)   {+4}
                                 0.750    -0.594     1.736     2.009     0.325
 29      dbar      -1 [22] (48)   {-3}
                                 0.859     0.088     1.789     2.013     0.325
 30         d       1 [23] (43)   {+6}
                                 0.636     0.170     0.496     0.887     0.325
 31      dbar      -1 [23] (41)   {-5}
                                 0.969    -0.135    -0.049     1.032     0.325
 32         s       3 [11] (42)   {+1}
                                 0.039    -0.950    -1.072     1.502     0.450
 33      sbar      -3 [11] (44)   {-7}
                                -0.136    -0.756    -0.635     1.094     0.450
 34         u       2 [13] (45)   {+8}
                                -0.678    -0.486    -2.033     2.221     0.325
 35      ubar      -2 [13] (46)   {-2}
                                -0.312    -1.091    -2.049     2.365     0.325
 36         u       2 [20] (48)   {+9}
                                -0.599    -0.594     3.651     3.761     0.325
 37      ubar      -2 [20] (43)   {-6}
                                -0.576     0.128     2.350     2.444     0.325
 38         u       2 [21] (46)   {+2}
                                -0.558    -0.364     0.057     0.743     0.325
 39      ubar      -2 [21] (47)   {-9}
                                -0.403    -0.259    -0.618     0.847     0.325
 40   Cluster      81 [25,28] (61,62)   
                                 1.047    -0.669     1.863     2.568     1.256
 41   Cluster      81 [26,31] (51,52)   
                                 1.294    -0.459     0.114     1.695     0.987
 42   Cluster      81 [27,32] (59,60)   
                                 0.114    -1.398    -0.782     2.204     1.509
 43   Cluster      81 [30,37] (53,54)   
                                 0.060     0.297     2.846     3.331     1.704
 44   Cluster      81 [15,33] (55,56)   
                                -0.331     0.637    -4.376     5.399     3.079
 45   Cluster      81 [16,34] (49,50)   
                                -1.605     3.600    -2.729     6.759     4.765
 46   Cluster      81 [35,38] (65,66)   
                                -0.869    -1.454    -1.993     3.108     1.678
 47   Cluster      81 [24,39] (63,64)   
                                 0.031    -0.047    -0.382     1.548     1.499
 48   Cluster      81 [29,36] (57,58)   
                                 0.260    -0.506     5.440     5.774     1.851
 49   Cluster      81 [45] (67,68)   
                                -0.680     0.183    -1.745     2.439     1.552
 50   Cluster      81 [45] (69,70)   
                                -0.925     3.417    -0.984     4.320     2.272
--- final:
 51     Kbar0    -311 [41] (71)   
                                 1.266    -0.172     0.063     1.373     0.498
 52       pi0     111 [41] (72,73)   
                                 0.028    -0.287     0.051     0.322     0.135
 53       pi0     111 [43] (74,75)   
                                -0.050     0.307     0.118     0.359     0.135
 54      a_2-    -215 [43] (76,77)   
                                 0.110    -0.009     2.728     2.972     1.176
 55        K+     321 [44]    
                                -0.301    -0.527    -0.460     0.908     0.494
 56        D0     421 [44] (80..82)   
                                -0.030     1.164    -3.916     4.491     1.865
 57      rho+     213 [48] (90,91)   
                                -0.362    -0.240     1.593     1.795     0.704
 58     omega     223 [48] (94,95)   
                                 0.623    -0.266     3.847     3.979     0.759
 59        K+     321 [42]    
                                -0.044    -0.491    -0.526     0.873     0.494
 60       K*-    -323 [42] (100,101)   
                                 0.158    -0.907    -0.257     1.331     0.925
 61       K*+     323 [40] (105,106)   
                                 0.889    -0.760     1.342     1.998     0.908
 62       pi-    -211 [40]    
                                 0.158     0.091     0.521     0.569     0.140
 63    K*bar0    -313 [47] (109,110)   
                                -0.308    -0.001    -0.587     1.125     0.909
 64       pi-    -211 [47]    
                                 0.339    -0.047     0.205     0.422     0.140
 65      rho-    -213 [46] (111,112)   
                                -0.668    -1.339    -0.776     1.861     0.789
 66       pi+     211 [46]    
                                -0.201    -0.115    -1.217     1.246     0.140
 67     omega     223 [49] (115,116)   
                                -0.775     0.597    -1.239     1.764     0.786
 68       pi+     211 [49]    
                                 0.095    -0.414    -0.506     0.675     0.140
 69    D*bar0    -423 [50] (121,122)   
                                -0.803     3.259    -0.750     3.982     2.007
 70       pi-    -211 [50]    
                                -0.122     0.158    -0.235     0.338     0.140
------------------------------------------------------------------------------
     Sum of momenta:            -2e-05    -2e-05    -2e-05      32.4      32.4
------------------------------------------------------------------------------
Step 4 performed by DecayHandler
--- intermediates:
 76      rho0     113 [54] (78,79)   
                                -0.178    -0.224     2.009     2.157     0.731
 80     Kbar0    -311 [56] (83)   
                                 0.225     0.541    -1.563     1.742     0.498
 81       pi0     111 [56] (86,87)   
                                -0.245     0.778    -2.400     2.538     0.135
 82       pi0     111 [56] (88,89)   
                                -0.010    -0.154     0.047     0.211     0.135
 83      K_S0     310 [80] (84,85)   
                                 0.225     0.541    -1.563     1.742     0.498
 90       pi0     111 [57] (92,93)   
                                 0.059     0.157     0.598     0.635     0.135
 94      rho0     113 [58] (96,97)   
                                 0.563    -0.298     1.998     2.124     0.336
 95       pi0     111 [58] (98,99)   
                                 0.059     0.032     1.848     1.855     0.135
100     Kbar0    -311 [60] (102)   
                                -0.060    -0.218    -0.233     0.594     0.498
102      K_S0     310 [100] (103,104)   
                                -0.060    -0.218    -0.233     0.594     0.498
106       pi0     111 [61] (107,108)   
                                 0.144    -0.383     0.740     0.856     0.135
111       pi0     111 [65] (113,114)   
                                 0.092    -0.514    -0.393     0.668     0.135
115      rho0     113 [67] (117,118)   
                                -0.528     0.374    -0.811     1.205     0.612
116       pi0     111 [67] (119,120)   
                                -0.247     0.223    -0.428     0.559     0.135
121     Dbar0    -421 [69] (123,124)   
                                -0.774     3.066    -0.737     3.745     1.865
122       pi0     111 [69] (129,130)   
                                -0.029     0.193    -0.012     0.237     0.135
123      rho+     213 [121] (125,126)   
                                -0.817     3.228    -0.558     3.463     0.770
125       pi0     111 [123] (127,128)   
                                -0.453     2.746    -0.563     2.842     0.135
--- final:
 55        K+     321 [44]    
                                -0.301    -0.527    -0.460     0.908     0.494
 59        K+     321 [42]    
                                -0.044    -0.491    -0.526     0.873     0.494
 62       pi-    -211 [40]    
                                 0.158     0.091     0.521     0.569     0.140
 64       pi-    -211 [47]    
                                 0.339    -0.047     0.205     0.422     0.140
 66       pi+     211 [46]    
                                -0.201    -0.115    -1.217     1.246     0.140
 68       pi+     211 [49]    
                                 0.095    -0.414    -0.506     0.675     0.140
 70       pi-    -211 [50]    
                                -0.122     0.158    -0.235     0.338     0.140
 71      K_L0     130 [51]    
                                 1.266    -0.172     0.063     1.373     0.498
 72     gamma      22 [52]    
                                 0.003     0.009    -0.015     0.018     0.000
 73     gamma      22 [52]    
                                 0.025    -0.296     0.066     0.304     0.000
 74     gamma      22 [53]    
                                 0.029     0.054     0.064     0.089     0.000
 75     gamma      22 [53]    
                                -0.079     0.252     0.054     0.270     0.000
 77       pi-    -211 [54]    
                                 0.287     0.215     0.719     0.816     0.140
 78       pi+     211 [76]    
                                 0.035     0.188     1.119     1.144     0.140
 79       pi-    -211 [76]    
                                -0.213    -0.412     0.890     1.013     0.140
 84       pi+     211 [83]    
                                 0.132     0.508    -0.850     1.009     0.140
 85       pi-    -211 [83]    
                                 0.093     0.033    -0.713     0.733     0.140
 86     gamma      22 [81]    
                                -0.016     0.000    -0.050     0.052     0.000
 87     gamma      22 [81]    
                                -0.229     0.777    -2.350     2.486     0.000
 88     gamma      22 [82]    
                                -0.072    -0.090     0.019     0.117     0.000
 89     gamma      22 [82]    
                                 0.062    -0.064     0.029     0.094     0.000
 91       pi+     211 [57]    
                                -0.421    -0.397     0.995     1.159     0.140
 92     gamma      22 [90]    
                                 0.062     0.119     0.575     0.591     0.000
 93     gamma      22 [90]    
                                -0.003     0.039     0.022     0.045     0.000
 96       pi+     211 [94]    
                                 0.283    -0.047     0.899     0.954     0.140
 97       pi-    -211 [94]    
                                 0.280    -0.251     1.099     1.170     0.140
 98     gamma      22 [95]    
                                 0.024    -0.053     0.736     0.738     0.000
 99     gamma      22 [95]    
                                 0.035     0.086     1.113     1.116     0.000
101       pi-    -211 [60]    
                                 0.218    -0.689    -0.024     0.736     0.140
103       pi+     211 [102]    
                                -0.214    -0.071    -0.211     0.339     0.140
104       pi-    -211 [102]    
                                 0.154    -0.147    -0.022     0.256     0.140
105        K+     321 [61]    
                                 0.746    -0.377     0.602     1.142     0.494
107     gamma      22 [106]    
                                 0.137    -0.316     0.693     0.774     0.000
108     gamma      22 [106]    
                                 0.007    -0.067     0.047     0.082     0.000
109        K-    -321 [63]    
                                -0.069     0.014    -0.671     0.836     0.494
110       pi+     211 [63]    
                                -0.239    -0.015     0.084     0.289     0.140
112       pi-    -211 [65]    
                                -0.761    -0.825    -0.383     1.194     0.140
113     gamma      22 [111]    
                                 0.074    -0.192    -0.089     0.224     0.000
114     gamma      22 [111]    
                                 0.019    -0.322    -0.304     0.443     0.000
117       pi+     211 [115]    
                                 0.065     0.198    -0.172     0.304     0.140
118       pi-    -211 [115]    
                                -0.594     0.176    -0.640     0.901     0.140
119     gamma      22 [116]    
                                -0.229     0.133    -0.286     0.390     0.000
120     gamma      22 [116]    
                                -0.018     0.090    -0.141     0.169     0.000
124       pi-    -211 [121]    
                                 0.043    -0.161    -0.179     0.282     0.140
126       pi+     211 [123]    
                                -0.365     0.482     0.005     0.620     0.140
127     gamma      22 [125]    
                                -0.028     0.131    -0.057     0.145     0.000
128     gamma      22 [125]    
                                -0.425     2.615    -0.507     2.697     0.000
129     gamma      22 [122]    
                                -0.020    -0.014     0.016     0.029     0.000
130     gamma      22 [122]    
                                -0.009     0.206    -0.029     0.208     0.000
------------------------------------------------------------------------------
     Sum of momenta:            -2e-05    -2e-05    -2e-05      32.4      32.4

The following exception classes were reported in this run:
ThePEG::EventHandler::ConsistencyException warning (1 times)
ThePEG::LesHouchesReader::LesHouchesReopenWarning warning (1 times)
