>>>>>>>>>>>>>>>>>>>>>>>>>>>>>>>>>>>>>>>>>>>>>>>>>>>>>>>>>>>>>>>>>>>>>>>>>>>>>>
>>>> Toolkit for HEP Event Generation - ThePEG 2.2.0 <<<<<<<<<<<<<<<<<<<<<<<<<
>>>> Tue Jun 30 00:55:50 2020                                             <<<<
<<<<<<<<<<<<<<<<<<<<<<<<<<<<<<<<<<<<<<<<<<<<<<<<<<<<<<<<<<<<<<<<<<<<<<<<<<<<<<

>> Herwig 7.2.0 / ThePEG 2.2.0

/Herwig/EventHandlers/NoCuts:
MHat  = 2 .. 101.649 GeV
Scale = 0 .. 1e+12 GeV2
YHat  = -100 .. 100
X1    = 0 .. 1
X2    = 0 .. 1

* A warning exception of type ThePEG::LesHouchesReader::LesHouchesReopenWarning occurred while generating event number 1: 
Reopening LesHouchesReader 'myReader' after accessing 2 events out of 1
* A warning exception of type ThePEG::EventHandler::ConsistencyException occurred while generating event number 1: 
Event handler 'myLesHouchesHandler' found energy-momentum non-conservation by (-4.1e-05,-5e-05,-4e-05;2.19972e-05) GeV after generating step number 4.

******************************************************************************
Event number 1 (id: ./OUTPUT/0.95MB1.05/1514252642/TMP/Cluster_HERWIGOutput_17) performed by myLesHouchesHandler
Weight: 1
==============================================================================

--- Colliding particles:
  1        e-      11  (3)   
                                25.412     0.000     0.000    25.412     0.000
  2        e+     -11  (3)   
                               -25.412     0.000     0.000    25.412     0.000
------------------------------------------------------------------------------
Primary sub-process performed by myReader
--- incoming:
  1        e-      11  (3)   
                                25.412     0.000     0.000    25.412     0.000
  2        e+     -11  (3)   
                               -25.412     0.000     0.000    25.412     0.000
--- intermediates:
  3     gamma      22 [1,2] (4..12)   
                                 0.000     0.000     0.000    50.824    50.824
--- outgoing:
  4         g      21 [3] (13)  8>>10 {+1,-2}
                                -2.338    -1.703    -5.057     5.826     0.000
  5         g      21 [3] (14)  6>>7 {+3,-4}
                                 0.062    -0.349     0.397     0.533     0.000
  6         g      21 [3] (15)  12>>5 {+4,-5}
                                 1.636     4.044     5.058     6.679     0.000
  7         g      21 [3] (16)  5>>9 {+6,-3}
                                -7.689    -5.587    -8.508    12.757     0.000
  8         g      21 [3] (17)  11>>4 {+2,-7}
                                 2.650     2.913     4.232     5.781     0.000
  9         g      21 [3] (18)  7>>11 {+8,-6}
                                 1.260    -1.480    -1.016     2.193     0.000
 10         g      21 [3] (19)  4>>12 {+9,-1}
                                -3.185     1.606    -1.833     4.010     0.000
 11         g      21 [3] (22)  9>>8 {+7,-8}
                                 7.308    -2.718     5.484     9.533     0.000
 12         g      21 [3] (23)  10>>6 {+5,-9}
                                 0.297     3.272     1.242     3.513     0.000
------------------------------------------------------------------------------
Step 1 performed by myLesHouchesHandler
--- intermediates:
  1        e-      11  (3)   
                                25.412     0.000     0.000    25.412     0.000
  2        e+     -11  (3)   
                               -25.412     0.000     0.000    25.412     0.000
  3     gamma      22 [1,2] (4..12)   
                                 0.000     0.000     0.000    50.824    50.824
--- final:
  4         g      21 [3] (13)  8>>10 {+1,-2}
                                -2.338    -1.703    -5.057     5.826     0.000
  5         g      21 [3] (14)  6>>7 {+3,-4}
                                 0.062    -0.349     0.397     0.533     0.000
  6         g      21 [3] (15)  12>>5 {+4,-5}
                                 1.636     4.044     5.058     6.679     0.000
  7         g      21 [3] (16)  5>>9 {+6,-3}
                                -7.689    -5.587    -8.508    12.757     0.000
  8         g      21 [3] (17)  11>>4 {+2,-7}
                                 2.650     2.913     4.232     5.781     0.000
  9         g      21 [3] (18)  7>>11 {+8,-6}
                                 1.260    -1.480    -1.016     2.193     0.000
 10         g      21 [3] (19)  4>>12 {+9,-1}
                                -3.185     1.606    -1.833     4.010     0.000
 11         g      21 [3] (22)  9>>8 {+7,-8}
                                 7.308    -2.718     5.484     9.533     0.000
 12         g      21 [3] (23)  10>>6 {+5,-9}
                                 0.297     3.272     1.242     3.513     0.000
------------------------------------------------------------------------------
     Sum of momenta:            -5e-05    -5e-05    -4e-05      50.8      50.8
------------------------------------------------------------------------------
Step 2 performed by ShowerHandler
--- intermediates:
 19         g      21 [10] (20,21)   {+9,-1}
                                -3.041     1.534    -1.750     4.901     3.059
--- final:
 13         g      21 [4] (24,25)  17>>21 {+1,-2}
                                -2.232    -1.626    -4.829     5.643     0.950
 14         g      21 [5] (26,27)  15>>16 {+3,-4}
                                 0.059    -0.333     0.380     1.078     0.950
 15         g      21 [6] (28,29)  23>>14 {+4,-5}
                                 1.562     3.862     4.829     6.448     0.950
 16         g      21 [7] (30,31)  14>>18 {+6,-3}
                                -7.342    -5.335    -8.124    12.217     0.950
 17         g      21 [8] (32,33)  22>>13 {+2,-7}
                                 2.530     2.782     4.041     5.601     0.950
 18         g      21 [9] (34,35)  16>>22 {+8,-6}
                                 1.203    -1.413    -0.970     2.299     0.950
 20         g      21 [19] (40,41)  21>>23 {+9,-10}
                                -2.281     1.315    -0.051     2.800     0.950
 21         g      21 [19] (42,43)  13>>20 {+10,-1}
                                -0.760     0.218    -1.699     2.101     0.950
 22         g      21 [11] (36,37)  18>>17 {+7,-8}
                                 6.978    -2.595     5.236     9.151     0.950
 23         g      21 [12] (38,39)  20>>15 {+5,-9}
                                 0.283     3.125     1.186     3.486     0.950
------------------------------------------------------------------------------
     Sum of momenta:            -5e-05    -5e-05    -4e-05      50.8      50.8
------------------------------------------------------------------------------
Step 3 performed by ClusterHadHandler
--- intermediates:
 24         d       1 [13] (44)   {+1}
                                -1.932    -1.477    -4.078     4.759     0.325
 25      dbar      -1 [13] (49)   {-2}
                                -0.300    -0.149    -0.751     0.884     0.325
 26         u       2 [14] (45)   {+3}
                                 0.128    -0.106     0.533     0.646     0.325
 27      ubar      -2 [14] (52)   {-4}
                                -0.070    -0.227    -0.154     0.431     0.325
 28         s       3 [15] (51)   {+4}
                                 0.491     1.363     1.700     2.279     0.450
 29      sbar      -3 [15] (53)   {-5}
                                 1.071     2.498     3.129     4.169     0.450
 30         s       3 [16] (46)   {+6}
                                -4.818    -3.497    -5.266     7.961     0.450
 31      sbar      -3 [16] (45)   {-3}
                                -2.524    -1.838    -2.858     4.256     0.450
 32         d       1 [17] (50)   {+2}
                                 1.718     1.698     2.133     3.239     0.325
 33      dbar      -1 [17] (51)   {-7}
                                 0.812     1.083     1.908     2.362     0.325
 34         u       2 [18] (47)   {+8}
                                 0.876    -0.495    -0.487     1.164     0.325
 35      ubar      -2 [18] (46)   {-6}
                                 0.327    -0.918    -0.483     1.136     0.325
 36         u       2 [22] (53)   {+7}
                                 3.603    -1.009     2.811     4.691     0.325
 37      ubar      -2 [22] (47)   {-8}
                                 3.375    -1.586     2.425     4.460     0.325
 38         d       1 [23] (52)   {+5}
                                -0.107     1.915     0.514     2.012     0.325
 39      dbar      -1 [23] (50)   {-9}
                                 0.390     1.209     0.672     1.474     0.325
 40         u       2 [20] (49)   {+9}
                                -1.355     0.652    -0.350     1.577     0.325
 41      ubar      -2 [20] (48)   {-10}
                                -0.927     0.664     0.300     1.223     0.325
 42         s       3 [21] (48)   {+10}
                                -0.374     0.260    -0.829     1.047     0.450
 43      sbar      -3 [21] (44)   {-1}
                                -0.385    -0.041    -0.870     1.054     0.450
 44   Cluster      81 [24,43] (70,71)   
                                -2.318    -1.518    -4.948     5.812     1.276
 45   Cluster      81 [26,31] (66,67)   
                                -2.395    -1.944    -2.325     4.903     3.020
 46   Cluster      81 [30,35] (58,59)   
                                -4.491    -4.415    -5.749     9.096     3.167
 47   Cluster      81 [34,37] (56,57)   
                                 4.251    -2.080     1.938     5.624     2.340
 48   Cluster      81 [41,42] (72,73)   
                                -1.301     0.923    -0.529     2.270     1.526
 49   Cluster      81 [25,40] (60,61)   
                                -1.654     0.502    -1.102     2.462     1.363
 50   Cluster      81 [32,39] (68,69)   
                                 2.108     2.908     2.805     4.713     1.201
 51   Cluster      81 [28,33] (62,63)   
                                 1.304     2.447     3.608     4.641     0.913
 52   Cluster      81 [27,38] (64,65)   
                                -0.176     1.688     0.360     2.443     1.720
 53   Cluster      81 [29,36] (54,55)   
                                 4.674     1.489     5.940     8.860     4.377
 54   Cluster      81 [53] (74,75)   
                                 2.308    -0.328     2.062     3.321     1.159
 55   Cluster      81 [53] (76,77)   
                                 2.366     1.817     3.878     5.539     2.597
--- final:
 56        n0    2112 [47]    
                                 2.018    -0.691     0.404     2.366     0.940
 57 Deltabar0   -2114 [47] (78,79)   
                                 2.233    -1.389     1.533     3.258     1.161
 58      phi'  100333 [46] (80,81)   
                                -1.928    -1.568    -2.673     3.975     1.575
 59     K*_2-    -325 [46] (85,86)   
                                -2.563    -2.847    -3.076     5.122     1.446
 60       pi+     211 [49]    
                                -0.534    -0.218    -0.585     0.833     0.140
 61     omega     223 [49] (89,90)   
                                -1.121     0.720    -0.516     1.628     0.781
 62        K-    -321 [51]    
                                 1.034     1.997     3.278     4.006     0.494
 63       pi+     211 [51]    
                                 0.270     0.450     0.330     0.635     0.140
 64 eta(1295)  100221 [52] (95,96)   
                                -0.244     1.404    -0.061     1.913     1.274
 65       pi-    -211 [52]    
                                 0.068     0.284     0.421     0.531     0.140
 66      eta'     331 [45] (108..110)   
                                -1.520    -1.299    -0.969     2.420     0.958
 67     K_3*+     327 [45] (120,121)   
                                -0.875    -0.645    -1.355     2.483     1.774
 68       f_0 9010221 [50] (127,128)   
                                 1.861     2.531     2.446     4.121     1.064
 69       pi0     111 [50] (129,130)   
                                 0.247     0.377     0.359     0.592     0.135
 70       pi-    -211 [44]    
                                -0.500    -0.605    -1.242     1.476     0.140
 71       K*+     323 [44] (131,132)   
                                -1.818    -0.913    -3.706     4.337     0.967
 72       pi0     111 [48] (135,136)   
                                -0.769     0.968    -0.063     1.245     0.135
 73       K*-    -323 [48] (137,138)   
                                -0.533    -0.045    -0.466     1.025     0.740
 74       eta     221 [54] (142..144)   
                                 2.149    -0.004     1.771     2.838     0.548
 75       pi0     111 [54] (147,148)   
                                 0.159    -0.324     0.291     0.483     0.135
 76K_2(1770)0   10315 [55] (149,150)   
                                 1.319     1.458     3.079     3.975     1.566
 77      rho+     213 [55] (160,161)   
                                 1.047     0.359     0.800     1.565     0.764
------------------------------------------------------------------------------
     Sum of momenta:            -5e-05    -5e-05    -4e-05      50.8      50.8
------------------------------------------------------------------------------
Step 4 performed by DecayHandler
--- intermediates:
 80       K*-    -323 [58] (82,83)   
                                -0.929    -0.627    -1.677     2.208     0.900
 82     Kbar0    -311 [80] (84)   
                                -0.539    -0.061    -0.841     1.117     0.498
 86       pi0     111 [59] (87,88)   
                                -0.231    -0.430    -1.056     1.171     0.135
 89      rho0     113 [61] (91,92)   
                                -0.224     0.135    -0.298     0.527     0.347
 90       pi0     111 [61] (93,94)   
                                -0.897     0.586    -0.218     1.102     0.135
 95      a_00 9000111 [64] (97,98)   
                                -0.167     1.287     0.092     1.665     1.040
 96       pi0     111 [64] (106,107)   
                                -0.077     0.117    -0.152     0.247     0.135
 97       eta     221 [95] (99..101)   
                                -0.388     1.178     0.187     1.369     0.548
 98       pi0     111 [95] (104,105)   
                                 0.221     0.109    -0.096     0.297     0.135
101       pi0     111 [97] (102,103)   
                                -0.074     0.176    -0.058     0.241     0.135
110       eta     221 [66] (111..113)   
                                -0.809    -0.834    -0.703     1.464     0.548
111       pi0     111 [110] (114,115)   
                                -0.138    -0.283    -0.142     0.371     0.135
112       pi0     111 [110] (116,117)   
                                -0.363    -0.428    -0.388     0.696     0.135
113       pi0     111 [110] (118,119)   
                                -0.308    -0.122    -0.173     0.397     0.135
120        K0     311 [67] (122)   
                                 0.256    -0.285    -0.626     0.887     0.498
121      rho+     213 [67] (123,124)   
                                -1.131    -0.359    -0.729     1.596     0.780
123       pi0     111 [121] (125,126)   
                                -0.611     0.176    -0.239     0.692     0.135
132       pi0     111 [71] (133,134)   
                                -0.457    -0.210    -0.388     0.649     0.135
137     Kbar0    -311 [73] (139)   
                                -0.502     0.016    -0.500     0.866     0.498
139      K_S0     310 [137] (140,141)   
                                -0.502     0.016    -0.500     0.866     0.498
144       pi0     111 [74] (145,146)   
                                 0.417    -0.035     0.371     0.575     0.135
149       K*+     323 [76] (151,152)   
                                 1.384     0.802     2.518     3.098     0.836
151        K0     311 [149] (153)   
                                 1.187     0.846     1.996     2.521     0.498
153      K_S0     310 [151] (154,155)   
                                 1.187     0.846     1.996     2.521     0.498
154       pi0     111 [153] (156,157)   
                                 0.451     0.095     0.611     0.777     0.135
155       pi0     111 [153] (158,159)   
                                 0.736     0.751     1.385     1.744     0.135
160       pi0     111 [77] (162,163)   
                                 0.072    -0.120     0.307     0.364     0.135
--- final:
 56        n0    2112 [47]    
                                 2.018    -0.691     0.404     2.366     0.940
 60       pi+     211 [49]    
                                -0.534    -0.218    -0.585     0.833     0.140
 62        K-    -321 [51]    
                                 1.034     1.997     3.278     4.006     0.494
 63       pi+     211 [51]    
                                 0.270     0.450     0.330     0.635     0.140
 65       pi-    -211 [52]    
                                 0.068     0.284     0.421     0.531     0.140
 70       pi-    -211 [44]    
                                -0.500    -0.605    -1.242     1.476     0.140
 78     pbar-   -2212 [57]    
                                 1.540    -0.905     1.094     2.295     0.938
 79       pi+     211 [57]    
                                 0.693    -0.485     0.439     0.963     0.140
 81        K+     321 [58]    
                                -0.999    -0.941    -0.996     1.766     0.494
 83       pi-    -211 [80]    
                                -0.390    -0.566    -0.836     1.091     0.140
 84      K_L0     130 [82]    
                                -0.539    -0.061    -0.841     1.117     0.498
 85        K-    -321 [59]    
                                -2.332    -2.418    -2.021     3.951     0.494
 87     gamma      22 [86]    
                                 0.005     0.007    -0.036     0.037     0.000
 88     gamma      22 [86]    
                                -0.236    -0.436    -1.019     1.134     0.000
 91       pi+     211 [89]    
                                -0.080     0.164    -0.135     0.267     0.140
 92       pi-    -211 [89]    
                                -0.144    -0.029    -0.163     0.260     0.140
 93     gamma      22 [90]    
                                -0.255     0.100    -0.075     0.284     0.000
 94     gamma      22 [90]    
                                -0.642     0.485    -0.143     0.817     0.000
 99       pi+     211 [97]    
                                -0.107     0.400     0.180     0.472     0.140
100       pi-    -211 [97]    
                                -0.207     0.603     0.064     0.656     0.140
102     gamma      22 [101]    
                                -0.017     0.147     0.009     0.148     0.000
103     gamma      22 [101]    
                                -0.057     0.029    -0.067     0.093     0.000
104     gamma      22 [98]    
                                 0.026     0.047    -0.073     0.091     0.000
105     gamma      22 [98]    
                                 0.195     0.062    -0.022     0.206     0.000
106     gamma      22 [96]    
                                 0.033     0.057    -0.032     0.073     0.000
107     gamma      22 [96]    
                                -0.111     0.061    -0.120     0.174     0.000
108       pi+     211 [66]    
                                -0.121    -0.122    -0.058     0.229     0.140
109       pi-    -211 [66]    
                                -0.589    -0.344    -0.209     0.727     0.140
114     gamma      22 [111]    
                                -0.148    -0.176    -0.065     0.239     0.000
115     gamma      22 [111]    
                                 0.010    -0.107    -0.077     0.132     0.000
116     gamma      22 [112]    
                                -0.373    -0.415    -0.388     0.679     0.000
117     gamma      22 [112]    
                                 0.009    -0.013     0.000     0.016     0.000
118     gamma      22 [113]    
                                -0.066     0.029    -0.040     0.082     0.000
119     gamma      22 [113]    
                                -0.242    -0.152    -0.133     0.315     0.000
122      K_L0     130 [120]    
                                 0.256    -0.285    -0.626     0.887     0.498
124       pi+     211 [121]    
                                -0.520    -0.536    -0.490     0.904     0.140
125     gamma      22 [123]    
                                -0.079    -0.017    -0.053     0.096     0.000
126     gamma      22 [123]    
                                -0.532     0.194    -0.186     0.596     0.000
127       pi+     211 [68]    
                                 0.758     0.312     0.697     1.085     0.140
128       pi-    -211 [68]    
                                 1.103     2.219     1.749     3.036     0.140
129     gamma      22 [69]    
                                 0.166     0.187     0.267     0.366     0.000
130     gamma      22 [69]    
                                 0.081     0.189     0.092     0.226     0.000
131        K+     321 [71]    
                                -1.361    -0.703    -3.317     3.687     0.494
133     gamma      22 [132]    
                                -0.388    -0.143    -0.257     0.487     0.000
134     gamma      22 [132]    
                                -0.069    -0.066    -0.131     0.162     0.000
135     gamma      22 [72]    
                                -0.603     0.662    -0.048     0.897     0.000
136     gamma      22 [72]    
                                -0.166     0.306    -0.015     0.349     0.000
138       pi-    -211 [73]    
                                -0.030    -0.061     0.034     0.159     0.140
140       pi+     211 [139]    
                                -0.517     0.074    -0.312     0.624     0.140
141       pi-    -211 [139]    
                                 0.015    -0.058    -0.188     0.242     0.140
142       pi+     211 [74]    
                                 0.912    -0.030     0.905     1.293     0.140
143       pi-    -211 [74]    
                                 0.820     0.062     0.495     0.970     0.140
145     gamma      22 [144]    
                                 0.316    -0.002     0.201     0.375     0.000
146     gamma      22 [144]    
                                 0.100    -0.034     0.170     0.200     0.000
147     gamma      22 [75]    
                                -0.019    -0.014     0.040     0.046     0.000
148     gamma      22 [75]    
                                 0.178    -0.310     0.251     0.437     0.000
150       pi-    -211 [76]    
                                -0.065     0.656     0.561     0.877     0.140
152       pi+     211 [149]    
                                 0.197    -0.044     0.522     0.577     0.140
156     gamma      22 [154]    
                                 0.053     0.061     0.090     0.121     0.000
157     gamma      22 [154]    
                                 0.397     0.035     0.520     0.656     0.000
158     gamma      22 [155]    
                                 0.318     0.252     0.602     0.726     0.000
159     gamma      22 [155]    
                                 0.418     0.499     0.783     1.018     0.000
161       pi+     211 [77]    
                                 0.975     0.479     0.492     1.201     0.140
162     gamma      22 [160]    
                                 0.061    -0.086     0.310     0.328     0.000
163     gamma      22 [160]    
                                 0.010    -0.034    -0.003     0.036     0.000
------------------------------------------------------------------------------
     Sum of momenta:            -5e-05    -5e-05    -4e-05      50.8      50.8

The following exception classes were reported in this run:
ThePEG::EventHandler::ConsistencyException warning (1 times)
ThePEG::LesHouchesReader::LesHouchesReopenWarning warning (1 times)
