>>>>>>>>>>>>>>>>>>>>>>>>>>>>>>>>>>>>>>>>>>>>>>>>>>>>>>>>>>>>>>>>>>>>>>>>>>>>>>
>>>> Toolkit for HEP Event Generation - ThePEG 2.2.0 <<<<<<<<<<<<<<<<<<<<<<<<<
>>>> Tue Jun 30 00:33:44 2020                                             <<<<
<<<<<<<<<<<<<<<<<<<<<<<<<<<<<<<<<<<<<<<<<<<<<<<<<<<<<<<<<<<<<<<<<<<<<<<<<<<<<<

>> Herwig 7.2.0 / ThePEG 2.2.0

/Herwig/EventHandlers/NoCuts:
MHat  = 2 .. 25.3615 GeV
Scale = 0 .. 1e+12 GeV2
YHat  = -100 .. 100
X1    = 0 .. 1
X2    = 0 .. 1

* A warning exception of type ThePEG::LesHouchesReader::LesHouchesReopenWarning occurred while generating event number 1: 
Reopening LesHouchesReader 'myReader' after accessing 2 events out of 1
* A warning exception of type ThePEG::EventHandler::ConsistencyException occurred while generating event number 1: 
Event handler 'myLesHouchesHandler' found energy-momentum non-conservation by (-1e-05,-3e-05,-3e-05;2.99994e-05) GeV after generating step number 4.

******************************************************************************
Event number 1 (id: ./OUTPUT/0.95MB1.05/1513763215/TMP/Cluster_HERWIGOutput_22) performed by myLesHouchesHandler
Weight: 1
==============================================================================

--- Colliding particles:
  1        e-      11  (3)   
                                 6.340     0.000     0.000     6.340     0.000
  2        e+     -11  (3)   
                                -6.340     0.000     0.000     6.340     0.000
------------------------------------------------------------------------------
Primary sub-process performed by myReader
--- incoming:
  1        e-      11  (3)   
                                 6.340     0.000     0.000     6.340     0.000
  2        e+     -11  (3)   
                                -6.340     0.000     0.000     6.340     0.000
--- intermediates:
  3     gamma      22 [1,2] (4..9)   
                                -0.000     0.000    -0.000    12.681    12.681
--- outgoing:
  4         g      21 [3] (10)  5>>5 {+1,-2}
                                 1.572    -2.945     2.087     3.937     0.000
  5         g      21 [3] (11)  4>>4 {+2,-1}
                                 0.627     1.188     1.257     1.840     0.000
  6         g      21 [3] (12)  7>>7 {+3,-4}
                                -0.868     0.911    -0.531     1.366     0.000
  7         g      21 [3] (13)  6>>6 {+4,-3}
                                -1.401    -0.496    -1.213     1.918     0.000
  8         g      21 [3] (14)  9>>9 {+5,-6}
                                -1.326     1.286    -0.989     2.095     0.000
  9         g      21 [3] (15)  8>>8 {+6,-5}
                                 1.396     0.056    -0.610     1.525     0.000
------------------------------------------------------------------------------
Step 1 performed by myLesHouchesHandler
--- intermediates:
  1        e-      11  (3)   
                                 6.340     0.000     0.000     6.340     0.000
  2        e+     -11  (3)   
                                -6.340     0.000     0.000     6.340     0.000
  3     gamma      22 [1,2] (4..9)   
                                -0.000     0.000    -0.000    12.681    12.681
--- final:
  4         g      21 [3] (10)  5>>5 {+1,-2}
                                 1.572    -2.945     2.087     3.937     0.000
  5         g      21 [3] (11)  4>>4 {+2,-1}
                                 0.627     1.188     1.257     1.840     0.000
  6         g      21 [3] (12)  7>>7 {+3,-4}
                                -0.868     0.911    -0.531     1.366     0.000
  7         g      21 [3] (13)  6>>6 {+4,-3}
                                -1.401    -0.496    -1.213     1.918     0.000
  8         g      21 [3] (14)  9>>9 {+5,-6}
                                -1.326     1.286    -0.989     2.095     0.000
  9         g      21 [3] (15)  8>>8 {+6,-5}
                                 1.396     0.056    -0.610     1.525     0.000
------------------------------------------------------------------------------
     Sum of momenta:            -2e-05    -3e-05    -3e-05      12.7      12.7
------------------------------------------------------------------------------
Step 2 performed by ShowerHandler
--- final:
 10         g      21 [4] (16,17)  11>>11 {+1,-2}
                                 1.387    -2.598     1.841     3.600     0.950
 11         g      21 [5] (18,19)  10>>10 {+2,-1}
                                 0.553     1.048     1.109     1.880     0.950
 12         g      21 [6] (20,21)  13>>13 {+3,-4}
                                -0.766     0.804    -0.469     1.535     0.950
 13         g      21 [7] (22,23)  12>>12 {+4,-3}
                                -1.235    -0.438    -1.070     1.941     0.950
 14         g      21 [8] (24,25)  15>>15 {+5,-6}
                                -1.170     1.134    -0.873     2.078     0.950
 15         g      21 [9] (26,27)  14>>14 {+6,-5}
                                 1.231     0.049    -0.539     1.647     0.950
------------------------------------------------------------------------------
     Sum of momenta:            -2e-05    -3e-05    -3e-05      12.7      12.7
------------------------------------------------------------------------------
Step 3 performed by ClusterHadHandler
--- intermediates:
 16         d       1 [10] (28)   {+1}
                                 0.097    -0.635     0.360     0.805     0.325
 17      dbar      -1 [10] (32)   {-2}
                                 1.290    -1.962     1.482     2.795     0.325
 18         u       2 [11] (33)   {+2}
                                 0.404     0.962     0.582     1.238     0.325
 19      ubar      -2 [11] (28)   {-1}
                                 0.149     0.086     0.527     0.643     0.325
 20         s       3 [12] (29)   {+3}
                                -0.309     0.390    -0.073     0.675     0.450
 21      sbar      -3 [12] (30)   {-4}
                                -0.457     0.414    -0.396     0.860     0.450
 22         u       2 [13] (30)   {+4}
                                -0.893    -0.378    -1.048     1.464     0.325
 23      ubar      -2 [13] (29)   {-3}
                                -0.342    -0.060    -0.022     0.476     0.325
 24         u       2 [14] (31)   {+5}
                                -0.915     0.841    -0.904     1.571     0.325
 25      ubar      -2 [14] (33)   {-6}
                                -0.255     0.293     0.031     0.507     0.325
 26         u       2 [15] (32)   {+6}
                                 0.561    -0.012     0.109     0.658     0.325
 27      ubar      -2 [15] (31)   {-5}
                                 0.670     0.061    -0.648     0.989     0.325
 28   Cluster      81 [16,19] (40,41)   
                                 0.246    -0.549     0.886     1.447     0.973
 29   Cluster      81 [20,23] (38,39)   
                                -0.651     0.330    -0.095     1.151     0.885
 30   Cluster      81 [21,22] (42,43)   
                                -1.350     0.036    -1.444     2.324     1.222
 31   Cluster      81 [24,27] (44,45)   
                                -0.244     0.902    -1.552     2.560     1.808
 32   Cluster      81 [17,26] (36,37)   
                                 1.851    -1.974     1.591     3.453     1.439
 33   Cluster      81 [18,25] (34,35)   
                                 0.149     1.255     0.613     1.745     1.036
--- final:
 34       eta     221 [33] (46,47)   
                                 0.248     0.638     0.025     0.877     0.548
 35       pi0     111 [33] (48,49)   
                                -0.099     0.617     0.588     0.869     0.135
 36       pi0     111 [32] (50,51)   
                                 1.768    -1.895     0.912     2.751     0.135
 37       pi+     211 [32]    
                                 0.083    -0.079     0.679     0.703     0.140
 38     Kbar0    -311 [29] (52)   
                                -0.196     0.330     0.100     0.636     0.498
 39       pi-    -211 [29]    
                                -0.456     0.000    -0.195     0.515     0.140
 40      rho-    -213 [28] (53,54)   
                                 0.144    -0.314     0.764     1.133     0.762
 41       pi0     111 [28] (57,58)   
                                 0.102    -0.235     0.122     0.314     0.135
 42        K0     311 [30] (59)   
                                -1.138     0.447    -1.199     1.784     0.498
 43       pi+     211 [30]    
                                -0.212    -0.410    -0.245     0.541     0.140
 44       pi+     211 [31]    
                                -0.142     0.169    -0.406     0.483     0.140
 45     a'_0-  -10211 [31] (66,67)   
                                -0.102     0.733    -1.146     2.077     1.566
------------------------------------------------------------------------------
     Sum of momenta:            -2e-05    -3e-05    -3e-05      12.7      12.7
------------------------------------------------------------------------------
Step 4 performed by DecayHandler
--- intermediates:
 53       pi0     111 [40] (55,56)   
                                 0.160    -0.007     0.767     0.796     0.135
 59      K_S0     310 [42] (60,61)   
                                -1.138     0.447    -1.199     1.784     0.498
 60       pi0     111 [59] (62,63)   
                                -0.698     0.258    -0.985     1.242     0.135
 61       pi0     111 [59] (64,65)   
                                -0.440     0.189    -0.215     0.542     0.135
 66      rho-    -213 [45] (68,69)   
                                -0.176     0.399    -0.681     1.119     0.774
 67     omega     223 [45] (72,73)   
                                 0.074     0.334    -0.464     0.958     0.764
 68       pi0     111 [66] (70,71)   
                                -0.140     0.584    -0.628     0.879     0.135
 72      rho-    -213 [67] (74,75)   
                                 0.225     0.363    -0.308     0.698     0.458
 74       pi0     111 [72] (76,77)   
                                 0.136     0.334    -0.048     0.388     0.135
--- final:
 37       pi+     211 [32]    
                                 0.083    -0.079     0.679     0.703     0.140
 39       pi-    -211 [29]    
                                -0.456     0.000    -0.195     0.515     0.140
 43       pi+     211 [30]    
                                -0.212    -0.410    -0.245     0.541     0.140
 44       pi+     211 [31]    
                                -0.142     0.169    -0.406     0.483     0.140
 46     gamma      22 [34]    
                                -0.140     0.259    -0.116     0.317     0.000
 47     gamma      22 [34]    
                                 0.388     0.378     0.141     0.560     0.000
 48     gamma      22 [35]    
                                -0.027     0.018     0.013     0.035     0.000
 49     gamma      22 [35]    
                                -0.071     0.599     0.575     0.834     0.000
 50     gamma      22 [36]    
                                 0.995    -1.138     0.483     1.587     0.000
 51     gamma      22 [36]    
                                 0.773    -0.757     0.429     1.164     0.000
 52      K_L0     130 [38]    
                                -0.196     0.330     0.100     0.636     0.498
 54       pi-    -211 [40]    
                                -0.017    -0.307    -0.003     0.338     0.140
 55     gamma      22 [53]    
                                 0.065    -0.025     0.584     0.588     0.000
 56     gamma      22 [53]    
                                 0.095     0.018     0.183     0.207     0.000
 57     gamma      22 [41]    
                                 0.026    -0.162     0.016     0.165     0.000
 58     gamma      22 [41]    
                                 0.076    -0.073     0.106     0.149     0.000
 62     gamma      22 [60]    
                                -0.576     0.218    -0.720     0.947     0.000
 63     gamma      22 [60]    
                                -0.122     0.040    -0.265     0.294     0.000
 64     gamma      22 [61]    
                                -0.021     0.051    -0.014     0.057     0.000
 65     gamma      22 [61]    
                                -0.420     0.138    -0.201     0.485     0.000
 69       pi-    -211 [66]    
                                -0.036    -0.185    -0.054     0.240     0.140
 70     gamma      22 [68]    
                                -0.007    -0.007    -0.013     0.016     0.000
 71     gamma      22 [68]    
                                -0.134     0.591    -0.614     0.862     0.000
 73       pi+     211 [67]    
                                -0.151    -0.028    -0.156     0.260     0.140
 75       pi-    -211 [72]    
                                 0.089     0.028    -0.260     0.309     0.140
 76     gamma      22 [74]    
                                 0.106     0.314    -0.004     0.332     0.000
 77     gamma      22 [74]    
                                 0.029     0.020    -0.044     0.057     0.000
------------------------------------------------------------------------------
     Sum of momenta:            -2e-05    -3e-05    -3e-05      12.7      12.7

The following exception classes were reported in this run:
ThePEG::EventHandler::ConsistencyException warning (1 times)
ThePEG::LesHouchesReader::LesHouchesReopenWarning warning (1 times)
