>>>>>>>>>>>>>>>>>>>>>>>>>>>>>>>>>>>>>>>>>>>>>>>>>>>>>>>>>>>>>>>>>>>>>>>>>>>>>>
>>>> Toolkit for HEP Event Generation - ThePEG 2.2.0 <<<<<<<<<<<<<<<<<<<<<<<<<
>>>> Tue Jun 30 00:49:50 2020                                             <<<<
<<<<<<<<<<<<<<<<<<<<<<<<<<<<<<<<<<<<<<<<<<<<<<<<<<<<<<<<<<<<<<<<<<<<<<<<<<<<<<

>> Herwig 7.2.0 / ThePEG 2.2.0

/Herwig/EventHandlers/NoCuts:
MHat  = 2 .. 9.43996 GeV
Scale = 0 .. 1e+12 GeV2
YHat  = -100 .. 100
X1    = 0 .. 1
X2    = 0 .. 1

* A warning exception of type ThePEG::LesHouchesReader::LesHouchesReopenWarning occurred while generating event number 1: 
Reopening LesHouchesReader 'myReader' after accessing 2 events out of 1
* A warning exception of type ThePEG::EventHandler::ConsistencyException occurred while generating event number 1: 
Event handler 'myLesHouchesHandler' found energy-momentum non-conservation by (-2e-05,-3e-05,-3e-05;9.99991e-06) GeV after generating step number 4.

******************************************************************************
Event number 1 (id: ./OUTPUT/0.95MB1.05/1511393700/TMP/Cluster_HERWIGOutput_25) performed by myLesHouchesHandler
Weight: 1
==============================================================================

--- Colliding particles:
  1        e-      11  (3)   
                                 2.360     0.000    -0.000     2.360     0.000
  2        e+     -11  (3)   
                                -2.360     0.000     0.000     2.360     0.000
------------------------------------------------------------------------------
Primary sub-process performed by myReader
--- incoming:
  1        e-      11  (3)   
                                 2.360     0.000    -0.000     2.360     0.000
  2        e+     -11  (3)   
                                -2.360     0.000     0.000     2.360     0.000
--- intermediates:
  3     gamma      22 [1,2] (4..7)   
                                 0.000     0.000    -0.000     4.720     4.720
--- outgoing:
  4         g      21 [3] (8)  7>>5 {+1,-2}
                                -0.033    -0.163     0.034     0.170     0.000
  5         g      21 [3] (9)  4>>6 {+3,-1}
                                 1.177    -1.600     0.385     2.023     0.000
  6         g      21 [3] (10)  5>>7 {+4,-3}
                                -0.948     1.274    -0.890     1.820     0.000
  7         g      21 [3] (11)  6>>4 {+2,-4}
                                -0.196     0.489     0.471     0.707     0.000
------------------------------------------------------------------------------
Step 1 performed by myLesHouchesHandler
--- intermediates:
  1        e-      11  (3)   
                                 2.360     0.000    -0.000     2.360     0.000
  2        e+     -11  (3)   
                                -2.360     0.000     0.000     2.360     0.000
  3     gamma      22 [1,2] (4..7)   
                                 0.000     0.000    -0.000     4.720     4.720
--- final:
  4         g      21 [3] (8)  7>>5 {+1,-2}
                                -0.033    -0.163     0.034     0.170     0.000
  5         g      21 [3] (9)  4>>6 {+3,-1}
                                 1.177    -1.600     0.385     2.023     0.000
  6         g      21 [3] (10)  5>>7 {+4,-3}
                                -0.948     1.274    -0.890     1.820     0.000
  7         g      21 [3] (11)  6>>4 {+2,-4}
                                -0.196     0.489     0.471     0.707     0.000
------------------------------------------------------------------------------
     Sum of momenta:            -3e-05    -3e-05    -3e-05      4.72      4.72
------------------------------------------------------------------------------
Step 2 performed by ShowerHandler
--- final:
  8         g      21 [4] (12,13)  11>>9 {+1,-2}
                                -0.017    -0.084     0.017     0.954     0.950
  9         g      21 [5] (14,15)  8>>10 {+3,-1}
                                 0.608    -0.826     0.199     1.412     0.950
 10         g      21 [6] (16,17)  9>>11 {+4,-3}
                                -0.489     0.658    -0.459     1.336     0.950
 11         g      21 [7] (18,19)  10>>8 {+2,-4}
                                -0.101     0.253     0.243     1.018     0.950
------------------------------------------------------------------------------
     Sum of momenta:            -3e-05    -3e-05    -3e-05      4.72      4.72
------------------------------------------------------------------------------
Step 3 performed by ClusterHadHandler
--- intermediates:
 12         d       1 [8] (20)   {+1}
                                -0.061    -0.332     0.193     0.507     0.325
 13      dbar      -1 [8] (21)   {-2}
                                 0.044     0.248    -0.175     0.447     0.325
 14         d       1 [9] (22)   {+3}
                                 0.176    -0.717    -0.048     0.808     0.325
 15      dbar      -1 [9] (20)   {-1}
                                 0.432    -0.109     0.247     0.604     0.325
 16         s       3 [10] (23)   {+4}
                                -0.392     0.402    -0.341     0.797     0.450
 17      sbar      -3 [10] (22)   {-3}
                                -0.097     0.256    -0.118     0.540     0.450
 18         d       1 [11] (21)   {+2}
                                -0.019     0.032    -0.228     0.399     0.325
 19      dbar      -1 [11] (23)   {-4}
                                -0.082     0.221     0.471     0.619     0.325
 20   Cluster      81 [12,15] (24,25)   
                                 0.371    -0.442     0.439     1.111     0.842
 21   Cluster      81 [13,18] (26,27)   
                                 0.025     0.280    -0.403     0.846     0.688
 22   Cluster      81 [14,17] (30,31)   
                                 0.079    -0.461    -0.166     1.348     1.253
 23   Cluster      81 [16,19] (28,29)   
                                -0.475     0.623     0.130     1.416     1.172
--- final:
 24       pi0     111 [20] (32,33)   
                                 0.207    -0.507     0.610     0.831     0.135
 25       pi0     111 [20] (34,35)   
                                 0.164     0.065    -0.170     0.280     0.135
 26       pi0     111 [21] (36,37)   
                                -0.025     0.068    -0.066     0.167     0.135
 27       eta     221 [21] (38,39)   
                                 0.050     0.212    -0.337     0.679     0.548
 28    K*bar0    -313 [23] (40,41)   
                                -0.251     0.282     0.041     0.977     0.900
 29       pi0     111 [23] (47,48)   
                                -0.223     0.341     0.088     0.438     0.135
 30       pi-    -211 [22]    
                                 0.154    -0.624    -0.403     0.771     0.140
 31        K+     321 [22]    
                                -0.075     0.163     0.237     0.576     0.494
------------------------------------------------------------------------------
     Sum of momenta:            -3e-05    -3e-05    -3e-05      4.72      4.72
------------------------------------------------------------------------------
Step 4 performed by DecayHandler
--- intermediates:
 40     Kbar0    -311 [28] (42)   
                                -0.295     0.267     0.283     0.697     0.498
 41       pi0     111 [28] (45,46)   
                                 0.043     0.015    -0.241     0.280     0.135
 42      K_S0     310 [40] (43,44)   
                                -0.295     0.267     0.283     0.697     0.498
--- final:
 30       pi-    -211 [22]    
                                 0.154    -0.624    -0.403     0.771     0.140
 31        K+     321 [22]    
                                -0.075     0.163     0.237     0.576     0.494
 32     gamma      22 [24]    
                                 0.151    -0.194     0.280     0.372     0.000
 33     gamma      22 [24]    
                                 0.056    -0.313     0.330     0.458     0.000
 34     gamma      22 [25]    
                                 0.087    -0.037    -0.076     0.121     0.000
 35     gamma      22 [25]    
                                 0.078     0.102    -0.095     0.160     0.000
 36     gamma      22 [26]    
                                 0.044     0.069    -0.053     0.097     0.000
 37     gamma      22 [26]    
                                -0.068    -0.000    -0.013     0.070     0.000
 38     gamma      22 [27]    
                                -0.156     0.117    -0.399     0.444     0.000
 39     gamma      22 [27]    
                                 0.206     0.094     0.061     0.235     0.000
 43       pi+     211 [42]    
                                -0.296     0.331     0.137     0.485     0.140
 44       pi-    -211 [42]    
                                 0.001    -0.064     0.146     0.212     0.140
 45     gamma      22 [41]    
                                -0.006     0.051    -0.029     0.059     0.000
 46     gamma      22 [41]    
                                 0.050    -0.036    -0.213     0.221     0.000
 47     gamma      22 [29]    
                                -0.032     0.152     0.001     0.155     0.000
 48     gamma      22 [29]    
                                -0.192     0.189     0.088     0.283     0.000
------------------------------------------------------------------------------
     Sum of momenta:            -3e-05    -3e-05    -3e-05      4.72      4.72

The following exception classes were reported in this run:
ThePEG::EventHandler::ConsistencyException warning (1 times)
ThePEG::LesHouchesReader::LesHouchesReopenWarning warning (1 times)
