>>>>>>>>>>>>>>>>>>>>>>>>>>>>>>>>>>>>>>>>>>>>>>>>>>>>>>>>>>>>>>>>>>>>>>>>>>>>>>
>>>> Toolkit for HEP Event Generation - ThePEG 2.2.0 <<<<<<<<<<<<<<<<<<<<<<<<<
>>>> Tue Jun 30 00:17:44 2020                                             <<<<
<<<<<<<<<<<<<<<<<<<<<<<<<<<<<<<<<<<<<<<<<<<<<<<<<<<<<<<<<<<<<<<<<<<<<<<<<<<<<<

>> Herwig 7.2.0 / ThePEG 2.2.0

/Herwig/EventHandlers/NoCuts:
MHat  = 2 .. 12.9188 GeV
Scale = 0 .. 1e+12 GeV2
YHat  = -100 .. 100
X1    = 0 .. 1
X2    = 0 .. 1

* A warning exception of type ThePEG::LesHouchesReader::LesHouchesReopenWarning occurred while generating event number 1: 
Reopening LesHouchesReader 'myReader' after accessing 2 events out of 1
* A warning exception of type ThePEG::EventHandler::ConsistencyException occurred while generating event number 1: 
Event handler 'myLesHouchesHandler' found energy-momentum non-conservation by (-1e-05,-2e-05,-1e-05;1.99998e-05) GeV after generating step number 4.

******************************************************************************
Event number 1 (id: ./OUTPUT/0.95MB1.05/1512173935/TMP/Cluster_HERWIGOutput_2) performed by myLesHouchesHandler
Weight: 1
==============================================================================

--- Colliding particles:
  1        e-      11  (3)   
                                 3.230     0.000     0.000     3.230     0.000
  2        e+     -11  (3)   
                                -3.230     0.000    -0.000     3.230     0.000
------------------------------------------------------------------------------
Primary sub-process performed by myReader
--- incoming:
  1        e-      11  (3)   
                                 3.230     0.000     0.000     3.230     0.000
  2        e+     -11  (3)   
                                -3.230     0.000    -0.000     3.230     0.000
--- intermediates:
  3     gamma      22 [1,2] (4..7)   
                                 0.000     0.000    -0.000     6.459     6.459
--- outgoing:
  4         g      21 [3] (8)  6>>7 {+1,-2}
                                -1.018     1.028    -0.347     1.488     0.000
  5         g      21 [3] (9)  7>>6 {+3,-4}
                                -0.393     0.572    -0.011     0.695     0.000
  6         g      21 [3] (10)  5>>4 {+2,-3}
                                 0.877    -2.691     0.867     2.960     0.000
  7         g      21 [3] (11)  4>>5 {+4,-1}
                                 0.534     1.090    -0.510     1.317     0.000
------------------------------------------------------------------------------
Step 1 performed by myLesHouchesHandler
--- intermediates:
  1        e-      11  (3)   
                                 3.230     0.000     0.000     3.230     0.000
  2        e+     -11  (3)   
                                -3.230     0.000    -0.000     3.230     0.000
  3     gamma      22 [1,2] (4..7)   
                                 0.000     0.000    -0.000     6.459     6.459
--- final:
  4         g      21 [3] (8)  6>>7 {+1,-2}
                                -1.018     1.028    -0.347     1.488     0.000
  5         g      21 [3] (9)  7>>6 {+3,-4}
                                -0.393     0.572    -0.011     0.695     0.000
  6         g      21 [3] (10)  5>>4 {+2,-3}
                                 0.877    -2.691     0.867     2.960     0.000
  7         g      21 [3] (11)  4>>5 {+4,-1}
                                 0.534     1.090    -0.510     1.317     0.000
------------------------------------------------------------------------------
     Sum of momenta:            -2e-05    -2e-05    -1e-05      6.46      6.46
------------------------------------------------------------------------------
Step 2 performed by ShowerHandler
--- final:
  8         g      21 [4] (12,13)  10>>11 {+1,-2}
                                -0.788     0.796    -0.268     1.493     0.950
  9         g      21 [5] (14,15)  11>>10 {+3,-4}
                                -0.305     0.443    -0.009     1.092     0.950
 10         g      21 [6] (16,17)  9>>8 {+2,-3}
                                 0.679    -2.083     0.672     2.481     0.950
 11         g      21 [7] (18,19)  8>>9 {+4,-1}
                                 0.414     0.844    -0.395     1.393     0.950
------------------------------------------------------------------------------
     Sum of momenta:            -2e-05    -2e-05    -1e-05      6.46      6.46
------------------------------------------------------------------------------
Step 3 performed by ClusterHadHandler
--- intermediates:
 12         d       1 [8] (20)   {+1}
                                -0.365     0.027     0.077     0.496     0.325
 13      dbar      -1 [8] (21)   {-2}
                                -0.423     0.769    -0.346     0.998     0.325
 14         d       1 [9] (22)   {+3}
                                -0.295    -0.063    -0.160     0.472     0.325
 15      dbar      -1 [9] (23)   {-4}
                                -0.009     0.506     0.151     0.620     0.325
 16         s       3 [10] (21)   {+2}
                                 0.175    -0.868     0.206     1.014     0.450
 17      sbar      -3 [10] (22)   {-3}
                                 0.504    -1.215     0.466     1.467     0.450
 18         d       1 [11] (23)   {+4}
                                 0.247     0.370    -0.547     0.776     0.325
 19      dbar      -1 [11] (20)   {-1}
                                 0.167     0.474     0.152     0.617     0.325
 20   Cluster      81 [12,19] (24,25)   
                                -0.198     0.501     0.229     1.113     0.946
 21   Cluster      81 [13,16] (26,27)   
                                -0.249    -0.099    -0.140     2.012     1.989
 22   Cluster      81 [14,17] (30,31)   
                                 0.209    -1.278     0.306     1.938     1.409
 23   Cluster      81 [15,18] (28,29)   
                                 0.238     0.876    -0.395     1.396     0.984
--- final:
 24       pi0     111 [20] (32,33)   
                                -0.052     0.020     0.169     0.223     0.135
 25      rho0     113 [20] (34,35)   
                                -0.146     0.481     0.060     0.889     0.731
 26    K*bar0    -313 [21] (36,37)   
                                -0.228    -0.481    -0.382     0.953     0.692
 27      eta'     331 [21] (38..40)   
                                -0.020     0.382     0.242     1.059     0.958
 28       pi+     211 [23]    
                                -0.343     0.153    -0.108     0.415     0.140
 29       pi-    -211 [23]    
                                 0.581     0.724    -0.288     0.982     0.140
 30     omega     223 [22] (41,42)   
                                 0.302    -0.793     0.421     1.228     0.781
 31        K0     311 [22] (47)   
                                -0.093    -0.485    -0.115     0.710     0.498
------------------------------------------------------------------------------
     Sum of momenta:            -2e-05    -2e-05    -1e-05      6.46      6.46
------------------------------------------------------------------------------
Step 4 performed by DecayHandler
--- intermediates:
 41      rho-    -213 [30] (43,44)   
                                 0.128    -0.237     0.328     0.621     0.454
 43       pi0     111 [41] (45,46)   
                                 0.122    -0.072     0.353     0.404     0.135
 47      K_S0     310 [31] (48,49)   
                                -0.093    -0.485    -0.115     0.710     0.498
 48       pi0     111 [47] (50,51)   
                                -0.006    -0.304    -0.266     0.426     0.135
 49       pi0     111 [47] (52,53)   
                                -0.087    -0.180     0.150     0.284     0.135
--- final:
 28       pi+     211 [23]    
                                -0.343     0.153    -0.108     0.415     0.140
 29       pi-    -211 [23]    
                                 0.581     0.724    -0.288     0.982     0.140
 32     gamma      22 [24]    
                                -0.081    -0.019     0.150     0.172     0.000
 33     gamma      22 [24]    
                                 0.028     0.039     0.019     0.052     0.000
 34       pi+     211 [25]    
                                 0.210     0.410    -0.054     0.484     0.140
 35       pi-    -211 [25]    
                                -0.356     0.071     0.115     0.405     0.140
 36        K-    -321 [26]    
                                -0.210    -0.304    -0.162     0.638     0.494
 37       pi+     211 [26]    
                                -0.019    -0.177    -0.220     0.315     0.140
 38       pi+     211 [27]    
                                 0.290     0.430     0.023     0.537     0.140
 39       pi-    -211 [27]    
                                -0.041    -0.081    -0.009     0.167     0.140
 40     gamma      22 [27]    
                                -0.270     0.033     0.229     0.355     0.000
 42       pi+     211 [30]    
                                 0.175    -0.556     0.094     0.607     0.140
 44       pi-    -211 [41]    
                                 0.006    -0.165    -0.025     0.218     0.140
 45     gamma      22 [43]    
                                 0.006    -0.060     0.048     0.077     0.000
 46     gamma      22 [43]    
                                 0.116    -0.012     0.305     0.327     0.000
 50     gamma      22 [48]    
                                -0.063    -0.085    -0.093     0.141     0.000
 51     gamma      22 [48]    
                                 0.057    -0.219    -0.173     0.285     0.000
 52     gamma      22 [49]    
                                 0.023    -0.060     0.089     0.110     0.000
 53     gamma      22 [49]    
                                -0.110    -0.120     0.061     0.174     0.000
------------------------------------------------------------------------------
     Sum of momenta:            -2e-05    -2e-05    -1e-05      6.46      6.46

The following exception classes were reported in this run:
ThePEG::EventHandler::ConsistencyException warning (1 times)
ThePEG::LesHouchesReader::LesHouchesReopenWarning warning (1 times)
