>>>>>>>>>>>>>>>>>>>>>>>>>>>>>>>>>>>>>>>>>>>>>>>>>>>>>>>>>>>>>>>>>>>>>>>>>>>>>>
>>>> Toolkit for HEP Event Generation - ThePEG 2.2.0 <<<<<<<<<<<<<<<<<<<<<<<<<
>>>> Tue Jun 30 01:01:09 2020                                             <<<<
<<<<<<<<<<<<<<<<<<<<<<<<<<<<<<<<<<<<<<<<<<<<<<<<<<<<<<<<<<<<<<<<<<<<<<<<<<<<<<

>> Herwig 7.2.0 / ThePEG 2.2.0

/Herwig/EventHandlers/NoCuts:
MHat  = 2 .. 20.2628 GeV
Scale = 0 .. 1e+12 GeV2
YHat  = -100 .. 100
X1    = 0 .. 1
X2    = 0 .. 1

* A warning exception of type ThePEG::LesHouchesReader::LesHouchesReopenWarning occurred while generating event number 1: 
Reopening LesHouchesReader 'myReader' after accessing 2 events out of 1
* A warning exception of type ThePEG::EventHandler::ConsistencyException occurred while generating event number 1: 
Event handler 'myLesHouchesHandler' found energy-momentum non-conservation by (-1e-05,-2e-05,-2e-05;9.99919e-06) GeV after generating step number 4.

******************************************************************************
Event number 1 (id: ./OUTPUT/0.95MB1.05/1513012799/TMP/Cluster_HERWIGOutput_32) performed by myLesHouchesHandler
Weight: 1
==============================================================================

--- Colliding particles:
  1        e-      11  (3)   
                                 5.066     0.000    -0.000     5.066     0.000
  2        e+     -11  (3)   
                                -5.066     0.000     0.000     5.066     0.000
------------------------------------------------------------------------------
Primary sub-process performed by myReader
--- incoming:
  1        e-      11  (3)   
                                 5.066     0.000    -0.000     5.066     0.000
  2        e+     -11  (3)   
                                -5.066     0.000     0.000     5.066     0.000
--- intermediates:
  3     gamma      22 [1,2] (4..8)   
                                 0.000     0.000    -0.000    10.131    10.131
--- outgoing:
  4         g      21 [3] (9)  6>>7 {+1,-2}
                                 2.122     0.570     1.157     2.483     0.000
  5         g      21 [3] (10)  8>>8 {+3,-4}
                                 0.998     0.606     0.895     1.471     0.000
  6         g      21 [3] (11)  7>>4 {+2,-5}
                                -0.177     0.630    -1.713     1.834     0.000
  7         g      21 [3] (12)  4>>6 {+5,-1}
                                -1.657     0.255     0.537     1.760     0.000
  8         g      21 [3] (13)  5>>5 {+4,-3}
                                -1.287    -2.061    -0.876     2.583     0.000
------------------------------------------------------------------------------
Step 1 performed by myLesHouchesHandler
--- intermediates:
  1        e-      11  (3)   
                                 5.066     0.000    -0.000     5.066     0.000
  2        e+     -11  (3)   
                                -5.066     0.000     0.000     5.066     0.000
  3     gamma      22 [1,2] (4..8)   
                                 0.000     0.000    -0.000    10.131    10.131
--- final:
  4         g      21 [3] (9)  6>>7 {+1,-2}
                                 2.122     0.570     1.157     2.483     0.000
  5         g      21 [3] (10)  8>>8 {+3,-4}
                                 0.998     0.606     0.895     1.471     0.000
  6         g      21 [3] (11)  7>>4 {+2,-5}
                                -0.177     0.630    -1.713     1.834     0.000
  7         g      21 [3] (12)  4>>6 {+5,-1}
                                -1.657     0.255     0.537     1.760     0.000
  8         g      21 [3] (13)  5>>5 {+4,-3}
                                -1.287    -2.061    -0.876     2.583     0.000
------------------------------------------------------------------------------
     Sum of momenta:            -2e-05    -2e-05    -2e-05      10.1      10.1
------------------------------------------------------------------------------
Step 2 performed by ShowerHandler
--- final:
  9         g      21 [4] (14,15)  11>>12 {+1,-2}
                                 1.865     0.501     1.017     2.380     0.950
 10         g      21 [5] (16,17)  13>>13 {+3,-4}
                                 0.877     0.532     0.787     1.605     0.950
 11         g      21 [6] (18,19)  12>>9 {+2,-5}
                                -0.155     0.554    -1.505     1.871     0.950
 12         g      21 [7] (20,21)  9>>11 {+5,-1}
                                -1.456     0.225     0.472     1.815     0.950
 13         g      21 [8] (22,23)  10>>10 {+4,-3}
                                -1.131    -1.811    -0.770     2.461     0.950
------------------------------------------------------------------------------
     Sum of momenta:            -2e-05    -2e-05    -2e-05      10.1      10.1
------------------------------------------------------------------------------
Step 3 performed by ClusterHadHandler
--- intermediates:
 14         s       3 [9] (25)   {+1}
                                 0.640     0.240     0.328     0.882     0.450
 15      sbar      -3 [9] (28)   {-2}
                                 1.225     0.261     0.689     1.499     0.450
 16         d       1 [10] (28)   {+3}
                                 0.362     0.124    -0.035     0.503     0.325
 17      dbar      -1 [10] (25)   {-4}
                                 0.515     0.409     0.821     1.101     0.325
 18         d       1 [11] (27)   {+2}
                                -0.390     0.442    -1.100     1.290     0.325
 19      dbar      -1 [11] (24)   {-5}
                                 0.235     0.112    -0.405     0.581     0.325
 20         u       2 [12] (24)   {+5}
                                -0.620     0.434     0.134     0.834     0.325
 21      ubar      -2 [12] (26)   {-1}
                                -0.836    -0.209     0.337     0.981     0.325
 22         s       3 [13] (26)   {+4}
                                -0.453    -0.779    -0.195     1.026     0.450
 23      sbar      -3 [13] (27)   {-3}
                                -0.678    -1.032    -0.575     1.435     0.450
 24   Cluster      81 [19,20] (35,36)   
                                -0.385     0.546    -0.271     1.415     1.218
 25   Cluster      81 [14,17] (31,32)   
                                 1.155     0.649     1.150     1.983     0.925
 26   Cluster      81 [21,22] (37,38)   
                                -1.289    -0.989     0.143     2.007     1.170
 27   Cluster      81 [18,23] (33,34)   
                                -1.068    -0.590    -1.675     2.724     1.768
 28   Cluster      81 [15,16] (29,30)   
                                 1.588     0.384     0.654     2.002     0.955
--- final:
 29       pi0     111 [28] (39,40)   
                                 0.576     0.448     0.116     0.751     0.135
 30        K0     311 [28] (41)   
                                 1.011    -0.064     0.538     1.251     0.498
 31     Kbar0    -311 [25] (42)   
                                 0.665     0.719     0.850     1.389     0.498
 32       pi0     111 [25] (43,44)   
                                 0.489    -0.070     0.300     0.594     0.135
 33       K*0     313 [27] (45,46)   
                                -0.521    -0.411    -1.557     1.921     0.909
 34       eta     221 [27] (47,48)   
                                -0.547    -0.179    -0.119     0.803     0.547
 35     Kbar0    -311 [24] (49)   
                                -0.289     0.159     0.195     0.628     0.498
 36        K+     321 [24]    
                                -0.096     0.387    -0.466     0.787     0.494
 37        K-    -321 [26]    
                                -0.568    -0.752     0.027     1.065     0.494
 38       eta     221 [26] (50,51)   
                                -0.720    -0.236     0.116     0.942     0.548
------------------------------------------------------------------------------
     Sum of momenta:            -2e-05    -2e-05    -2e-05      10.1      10.1
------------------------------------------------------------------------------
Step 4 performed by DecayHandler
--- final:
 36        K+     321 [24]    
                                -0.096     0.387    -0.466     0.787     0.494
 37        K-    -321 [26]    
                                -0.568    -0.752     0.027     1.065     0.494
 39     gamma      22 [29]    
                                 0.557     0.397     0.087     0.689     0.000
 40     gamma      22 [29]    
                                 0.019     0.051     0.029     0.062     0.000
 41      K_L0     130 [30]    
                                 1.011    -0.064     0.538     1.251     0.498
 42      K_L0     130 [31]    
                                 0.665     0.719     0.850     1.389     0.498
 43     gamma      22 [32]    
                                 0.363     0.008     0.196     0.413     0.000
 44     gamma      22 [32]    
                                 0.126    -0.078     0.104     0.181     0.000
 45        K+     321 [33]    
                                -0.401    -0.052    -1.283     1.433     0.494
 46       pi-    -211 [33]    
                                -0.121    -0.360    -0.274     0.488     0.140
 47     gamma      22 [34]    
                                -0.270    -0.366    -0.024     0.455     0.000
 48     gamma      22 [34]    
                                -0.278     0.187    -0.094     0.348     0.000
 49      K_L0     130 [35]    
                                -0.289     0.159     0.195     0.628     0.498
 50     gamma      22 [38]    
                                -0.143    -0.304    -0.046     0.339     0.000
 51     gamma      22 [38]    
                                -0.577     0.067     0.162     0.604     0.000
------------------------------------------------------------------------------
     Sum of momenta:            -2e-05    -2e-05    -2e-05      10.1      10.1

The following exception classes were reported in this run:
ThePEG::EventHandler::ConsistencyException warning (1 times)
ThePEG::LesHouchesReader::LesHouchesReopenWarning warning (1 times)
