>>>>>>>>>>>>>>>>>>>>>>>>>>>>>>>>>>>>>>>>>>>>>>>>>>>>>>>>>>>>>>>>>>>>>>>>>>>>>>
>>>> Toolkit for HEP Event Generation - ThePEG 2.2.0 <<<<<<<<<<<<<<<<<<<<<<<<<
>>>> Tue Jun 30 00:54:49 2020                                             <<<<
<<<<<<<<<<<<<<<<<<<<<<<<<<<<<<<<<<<<<<<<<<<<<<<<<<<<<<<<<<<<<<<<<<<<<<<<<<<<<<

>> Herwig 7.2.0 / ThePEG 2.2.0

/Herwig/EventHandlers/NoCuts:
MHat  = 2 .. 21.6273 GeV
Scale = 0 .. 1e+12 GeV2
YHat  = -100 .. 100
X1    = 0 .. 1
X2    = 0 .. 1

* A warning exception of type ThePEG::LesHouchesReader::LesHouchesReopenWarning occurred while generating event number 1: 
Reopening LesHouchesReader 'myReader' after accessing 2 events out of 1
* A warning exception of type ThePEG::EventHandler::ConsistencyException occurred while generating event number 1: 
Event handler 'myLesHouchesHandler' found energy-momentum non-conservation by (-1e-05,-2e-05,-2e-05;1.99997e-05) GeV after generating step number 4.

******************************************************************************
Event number 1 (id: ./OUTPUT/0.95MB1.05/1513342148/TMP/Cluster_HERWIGOutput_36) performed by myLesHouchesHandler
Weight: 1
==============================================================================

--- Colliding particles:
  1        e-      11  (3)   
                                 5.407     0.000    -0.000     5.407     0.000
  2        e+     -11  (3)   
                                -5.407     0.000     0.000     5.407     0.000
------------------------------------------------------------------------------
Primary sub-process performed by myReader
--- incoming:
  1        e-      11  (3)   
                                 5.407     0.000    -0.000     5.407     0.000
  2        e+     -11  (3)   
                                -5.407     0.000     0.000     5.407     0.000
--- intermediates:
  3     gamma      22 [1,2] (4..7)   
                                 0.000     0.000    -0.000    10.814    10.814
--- outgoing:
  4         g      21 [3] (8)  6>>6 {+1,-2}
                                -0.722     1.565     1.177     2.087     0.000
  5         g      21 [3] (9)  7>>7 {+3,-4}
                                 2.036    -0.270     0.790     2.200     0.000
  6         g      21 [3] (10)  4>>4 {+2,-1}
                                -2.072    -1.283     1.576     2.903     0.000
  7         g      21 [3] (11)  5>>5 {+4,-3}
                                 0.759    -0.013    -3.543     3.623     0.000
------------------------------------------------------------------------------
Step 1 performed by myLesHouchesHandler
--- intermediates:
  1        e-      11  (3)   
                                 5.407     0.000    -0.000     5.407     0.000
  2        e+     -11  (3)   
                                -5.407     0.000     0.000     5.407     0.000
  3     gamma      22 [1,2] (4..7)   
                                 0.000     0.000    -0.000    10.814    10.814
--- final:
  4         g      21 [3] (8)  6>>6 {+1,-2}
                                -0.722     1.565     1.177     2.087     0.000
  5         g      21 [3] (9)  7>>7 {+3,-4}
                                 2.036    -0.270     0.790     2.200     0.000
  6         g      21 [3] (10)  4>>4 {+2,-1}
                                -2.072    -1.283     1.576     2.903     0.000
  7         g      21 [3] (11)  5>>5 {+4,-3}
                                 0.759    -0.013    -3.543     3.623     0.000
------------------------------------------------------------------------------
     Sum of momenta:            -2e-05    -2e-05    -2e-05      10.8      10.8
------------------------------------------------------------------------------
Step 2 performed by ShowerHandler
--- final:
  8         g      21 [4] (12,13)  10>>10 {+1,-2}
                                -0.674     1.461     1.098     2.167     0.950
  9         g      21 [5] (14,15)  11>>11 {+3,-4}
                                 1.900    -0.252     0.737     2.263     0.950
 10         g      21 [6] (16,17)  8>>8 {+2,-1}
                                -1.934    -1.197     1.471     2.871     0.950
 11         g      21 [7] (18,19)  9>>9 {+4,-3}
                                 0.708    -0.012    -3.307     3.513     0.950
------------------------------------------------------------------------------
     Sum of momenta:            -2e-05    -2e-05    -2e-05      10.8      10.8
------------------------------------------------------------------------------
Step 3 performed by ClusterHadHandler
--- intermediates:
 12         u       2 [8] (20)   {+1}
                                -0.343     1.223     0.584     1.435     0.325
 13      ubar      -2 [8] (21)   {-2}
                                -0.330     0.238     0.514     0.732     0.325
 14         s       3 [9] (22)   {+3}
                                 1.112    -0.124     0.558     1.329     0.450
 15      sbar      -3 [9] (23)   {-4}
                                 0.788    -0.128     0.179     0.934     0.450
 16         u       2 [10] (21)   {+2}
                                -0.893    -0.597     0.300     1.162     0.325
 17      ubar      -2 [10] (20)   {-1}
                                -1.041    -0.600     1.171     1.709     0.325
 18         u       2 [11] (23)   {+4}
                                 0.388     0.066    -2.710     2.757     0.325
 19      ubar      -2 [11] (22)   {-3}
                                 0.320    -0.078    -0.597     0.755     0.325
 20   Cluster      81 [12,17] (28,29)   
                                -1.385     0.622     1.755     3.144     2.122
 21   Cluster      81 [13,16] (24,25)   
                                -1.224    -0.358     0.815     1.894     1.139
 22   Cluster      81 [14,19] (26,27)   
                                 1.431    -0.202    -0.039     2.084     1.501
 23   Cluster      81 [15,18] (30,31)   
                                 1.177    -0.062    -2.530     3.691     2.416
--- final:
 24       pi-    -211 [21]    
                                -0.586    -0.174    -0.213     0.663     0.140
 25       pi+     211 [21]    
                                -0.637    -0.184     1.028     1.231     0.140
 26    K*bar0    -313 [22] (32,33)   
                                 0.448    -0.288     0.017     1.085     0.946
 27       pi-    -211 [22]    
                                 0.984     0.086    -0.056     0.999     0.140
 28       pi+     211 [20]    
                                -0.033    -0.044     0.020     0.151     0.140
 29      b_1-  -10213 [20] (34,35)   
                                -1.352     0.666     1.735     2.993     1.918
 30       f_0 9010221 [23] (42,43)   
                                 0.430    -0.063    -1.093     1.500     0.930
 31     K'_1+   20323 [23] (44,45)   
                                 0.747     0.001    -1.437     2.192     1.477
------------------------------------------------------------------------------
     Sum of momenta:            -2e-05    -2e-05    -2e-05      10.8      10.8
------------------------------------------------------------------------------
Step 4 performed by DecayHandler
--- intermediates:
 34     omega     223 [29] (36,37)   
                                -0.796     0.891     1.881     2.360     0.779
 36      rho0     113 [34] (38,39)   
                                -0.665     0.597     1.552     1.882     0.576
 37       pi0     111 [34] (40,41)   
                                -0.131     0.293     0.329     0.479     0.135
 44       K*+     323 [31] (46,47)   
                                 0.929    -0.155    -0.892     1.582     0.905
 45       pi0     111 [31] (55,56)   
                                -0.182     0.156    -0.545     0.610     0.135
 46        K0     311 [44] (48)   
                                 0.742     0.030    -0.920     1.283     0.498
 48      K_S0     310 [46] (49,50)   
                                 0.742     0.030    -0.920     1.283     0.498
 49       pi0     111 [48] (51,52)   
                                 0.481    -0.162    -0.671     0.852     0.135
 50       pi0     111 [48] (53,54)   
                                 0.261     0.193    -0.249     0.431     0.135
--- final:
 24       pi-    -211 [21]    
                                -0.586    -0.174    -0.213     0.663     0.140
 25       pi+     211 [21]    
                                -0.637    -0.184     1.028     1.231     0.140
 27       pi-    -211 [22]    
                                 0.984     0.086    -0.056     0.999     0.140
 28       pi+     211 [20]    
                                -0.033    -0.044     0.020     0.151     0.140
 32        K-    -321 [26]    
                                 0.395    -0.139    -0.293     0.711     0.494
 33       pi+     211 [26]    
                                 0.052    -0.149     0.309     0.374     0.140
 35       pi-    -211 [29]    
                                -0.556    -0.225    -0.146     0.633     0.140
 38       pi+     211 [36]    
                                -0.076     0.381     0.499     0.647     0.140
 39       pi-    -211 [36]    
                                -0.590     0.217     1.053     1.234     0.140
 40     gamma      22 [37]    
                                -0.094     0.240     0.324     0.414     0.000
 41     gamma      22 [37]    
                                -0.037     0.053     0.005     0.065     0.000
 42       pi+     211 [30]    
                                 0.423     0.313    -0.329     0.636     0.140
 43       pi-    -211 [30]    
                                 0.007    -0.376    -0.765     0.863     0.140
 47       pi+     211 [44]    
                                 0.186    -0.185     0.027     0.299     0.140
 51     gamma      22 [49]    
                                 0.206    -0.017    -0.199     0.287     0.000
 52     gamma      22 [49]    
                                 0.275    -0.145    -0.472     0.566     0.000
 53     gamma      22 [50]    
                                 0.019     0.081    -0.078     0.114     0.000
 54     gamma      22 [50]    
                                 0.242     0.112    -0.171     0.317     0.000
 55     gamma      22 [45]    
                                -0.041    -0.023    -0.105     0.115     0.000
 56     gamma      22 [45]    
                                -0.141     0.179    -0.439     0.495     0.000
------------------------------------------------------------------------------
     Sum of momenta:            -2e-05    -2e-05    -2e-05      10.8      10.8

The following exception classes were reported in this run:
ThePEG::EventHandler::ConsistencyException warning (1 times)
ThePEG::LesHouchesReader::LesHouchesReopenWarning warning (1 times)
