>>>>>>>>>>>>>>>>>>>>>>>>>>>>>>>>>>>>>>>>>>>>>>>>>>>>>>>>>>>>>>>>>>>>>>>>>>>>>>
>>>> Toolkit for HEP Event Generation - ThePEG 2.2.0 <<<<<<<<<<<<<<<<<<<<<<<<<
>>>> Tue Jun 30 00:58:30 2020                                             <<<<
<<<<<<<<<<<<<<<<<<<<<<<<<<<<<<<<<<<<<<<<<<<<<<<<<<<<<<<<<<<<<<<<<<<<<<<<<<<<<<

>> Herwig 7.2.0 / ThePEG 2.2.0

/Herwig/EventHandlers/NoCuts:
MHat  = 2 .. 27.1379 GeV
Scale = 0 .. 1e+12 GeV2
YHat  = -100 .. 100
X1    = 0 .. 1
X2    = 0 .. 1

* A warning exception of type ThePEG::LesHouchesReader::LesHouchesReopenWarning occurred while generating event number 1: 
Reopening LesHouchesReader 'myReader' after accessing 2 events out of 1
* A warning exception of type ThePEG::EventHandler::ConsistencyException occurred while generating event number 1: 
Event handler 'myLesHouchesHandler' found energy-momentum non-conservation by (-1e-05,-1e-05,-2e-05;2.9999e-05) GeV after generating step number 4.

******************************************************************************
Event number 1 (id: ./OUTPUT/0.95MB1.05/1514628482/TMP/Cluster_HERWIGOutput_25) performed by myLesHouchesHandler
Weight: 1
==============================================================================

--- Colliding particles:
  1        e-      11  (3)   
                                 6.784     0.000     0.000     6.784     0.000
  2        e+     -11  (3)   
                                -6.784     0.000    -0.000     6.784     0.000
------------------------------------------------------------------------------
Primary sub-process performed by myReader
--- incoming:
  1        e-      11  (3)   
                                 6.784     0.000     0.000     6.784     0.000
  2        e+     -11  (3)   
                                -6.784     0.000    -0.000     6.784     0.000
--- intermediates:
  3     gamma      22 [1,2] (4..8)   
                                -0.000     0.000     0.000    13.569    13.569
--- outgoing:
  4         g      21 [3] (9)  6>>7 {+1,-2}
                                 4.195     0.140     0.186     4.201     0.000
  5         g      21 [3] (10)  7>>8 {+3,-4}
                                 2.119     1.452    -0.324     2.589     0.000
  6         g      21 [3] (11)  8>>4 {+2,-5}
                                -1.909    -0.263    -0.491     1.989     0.000
  7         g      21 [3] (12)  4>>5 {+4,-1}
                                -0.754    -0.565     0.479     1.057     0.000
  8         g      21 [3] (13)  5>>6 {+5,-3}
                                -3.650    -0.764     0.151     3.733     0.000
------------------------------------------------------------------------------
Step 1 performed by myLesHouchesHandler
--- intermediates:
  1        e-      11  (3)   
                                 6.784     0.000     0.000     6.784     0.000
  2        e+     -11  (3)   
                                -6.784     0.000    -0.000     6.784     0.000
  3     gamma      22 [1,2] (4..8)   
                                -0.000     0.000     0.000    13.569    13.569
--- final:
  4         g      21 [3] (9)  6>>7 {+1,-2}
                                 4.195     0.140     0.186     4.201     0.000
  5         g      21 [3] (10)  7>>8 {+3,-4}
                                 2.119     1.452    -0.324     2.589     0.000
  6         g      21 [3] (11)  8>>4 {+2,-5}
                                -1.909    -0.263    -0.491     1.989     0.000
  7         g      21 [3] (12)  4>>5 {+4,-1}
                                -0.754    -0.565     0.479     1.057     0.000
  8         g      21 [3] (13)  5>>6 {+5,-3}
                                -3.650    -0.764     0.151     3.733     0.000
------------------------------------------------------------------------------
     Sum of momenta:            -2e-05    -1e-05    -2e-05      13.6      13.6
------------------------------------------------------------------------------
Step 2 performed by ShowerHandler
--- intermediates:
 13         g      21 [8] (14,15)   {+5,-3}
                                -2.963    -0.620     0.122     4.570     3.422
--- final:
  9         g      21 [4] (16,17)  11>>12 {+1,-2}
                                 3.404     0.114     0.151     3.540     0.950
 10         g      21 [5] (18,19)  12>>14 {+3,-4}
                                 1.720     1.178    -0.263     2.306     0.950
 11         g      21 [6] (20,21)  15>>9 {+2,-5}
                                -1.549    -0.213    -0.399     1.873     0.950
 12         g      21 [7] (22,23)  9>>10 {+4,-1}
                                -0.612    -0.459     0.389     1.280     0.950
 14         g      21 [13] (24,25)  10>>15 {+6,-3}
                                -0.766    -0.631     1.310     1.898     0.950
 15         g      21 [13] (26,27)  14>>11 {+5,-6}
                                -2.197     0.011    -1.188     2.672     0.950
------------------------------------------------------------------------------
     Sum of momenta:            -2e-05    -1e-05    -2e-05      13.6      13.6
------------------------------------------------------------------------------
Step 3 performed by ClusterHadHandler
--- intermediates:
 16         d       1 [9] (28)   {+1}
                                 0.611     0.172    -0.077     0.717     0.325
 17      dbar      -1 [9] (33)   {-2}
                                 2.794    -0.059     0.228     2.822     0.325
 18         d       1 [10] (33)   {+3}
                                 1.185     0.651    -0.460     1.464     0.325
 19      dbar      -1 [10] (29)   {-4}
                                 0.535     0.528     0.196     0.842     0.325
 20         s       3 [11] (32)   {+2}
                                -0.861     0.026    -0.173     0.987     0.450
 21      sbar      -3 [11] (30)   {-5}
                                -0.689    -0.239    -0.226     0.886     0.450
 22         u       2 [12] (29)   {+4}
                                -0.352    -0.325     0.565     0.809     0.325
 23      ubar      -2 [12] (28)   {-1}
                                -0.261    -0.134    -0.176     0.472     0.325
 24         u       2 [14] (31)   {+6}
                                -0.610    -0.106     0.462     0.838     0.325
 25      ubar      -2 [14] (32)   {-3}
                                -0.156    -0.525     0.848     1.060     0.325
 26         u       2 [15] (30)   {+5}
                                -0.641    -0.238    -0.573     0.949     0.325
 27      ubar      -2 [15] (31)   {-6}
                                -1.556     0.249    -0.614     1.722     0.325
 28   Cluster      81 [16,23] (44,45)   
                                 0.350     0.038    -0.253     1.189     1.107
 29   Cluster      81 [19,22] (42,43)   
                                 0.184     0.203     0.761     1.651     1.439
 30   Cluster      81 [21,26] (34,35)   
                                -1.329    -0.477    -0.799     1.835     0.857
 31   Cluster      81 [24,27] (40,41)   
                                -2.166     0.143    -0.153     2.560     1.349
 32   Cluster      81 [20,25] (38,39)   
                                -1.017    -0.499     0.675     2.048     1.566
 33   Cluster      81 [17,18] (36,37)   
                                 3.978     0.592    -0.231     4.286     1.464
--- final:
 34        K+     321 [30]    
                                -1.241    -0.230    -0.623     1.492     0.494
 35       pi0     111 [30] (46,47)   
                                -0.088    -0.247    -0.176     0.343     0.135
 36      b_1-  -10213 [33] (48,49)   
                                 3.589     0.349    -0.239     3.807     1.196
 37       pi+     211 [33]    
                                 0.389     0.243     0.007     0.479     0.140
 38       eta     221 [32] (56..58)   
                                -0.361    -0.370     0.061     0.756     0.548
 39       K*-    -323 [32] (65,66)   
                                -0.656    -0.129     0.614     1.292     0.919
 40        K+     321 [31]    
                                -0.571     0.062    -0.422     0.867     0.494
 41        K-    -321 [31]    
                                -1.595     0.081     0.270     1.693     0.494
 42       pi+     211 [29]    
                                 0.315     0.064    -0.162     0.386     0.140
 43      rho0     113 [29] (68,69)   
                                -0.132     0.139     0.923     1.264     0.842
 44       pi-    -211 [28]    
                                 0.243     0.301    -0.247     0.480     0.140
 45      rho0     113 [28] (70,71)   
                                 0.108    -0.262    -0.006     0.709     0.650
------------------------------------------------------------------------------
     Sum of momenta:            -2e-05    -1e-05    -2e-05      13.6      13.6
------------------------------------------------------------------------------
Step 4 performed by DecayHandler
--- intermediates:
 48     omega     223 [36] (50,51)   
                                 3.341     0.255    -0.402     3.466     0.788
 50      rho-    -213 [48] (52,53)   
                                 3.013     0.356    -0.318     3.086     0.464
 52       pi0     111 [50] (54,55)   
                                 1.816     0.342    -0.063     1.854     0.135
 56       pi0     111 [38] (59,60)   
                                -0.011    -0.124    -0.096     0.208     0.135
 57       pi0     111 [38] (61,62)   
                                -0.224    -0.182     0.043     0.322     0.135
 58       pi0     111 [38] (63,64)   
                                -0.126    -0.064     0.115     0.227     0.135
 65     Kbar0    -311 [39] (67)   
                                -0.183    -0.059     0.045     0.535     0.498
--- final:
 34        K+     321 [30]    
                                -1.241    -0.230    -0.623     1.492     0.494
 37       pi+     211 [33]    
                                 0.389     0.243     0.007     0.479     0.140
 40        K+     321 [31]    
                                -0.571     0.062    -0.422     0.867     0.494
 41        K-    -321 [31]    
                                -1.595     0.081     0.270     1.693     0.494
 42       pi+     211 [29]    
                                 0.315     0.064    -0.162     0.386     0.140
 44       pi-    -211 [28]    
                                 0.243     0.301    -0.247     0.480     0.140
 46     gamma      22 [35]    
                                 0.005    -0.181    -0.114     0.214     0.000
 47     gamma      22 [35]    
                                -0.092    -0.066    -0.062     0.129     0.000
 49       pi-    -211 [36]    
                                 0.248     0.094     0.163     0.341     0.140
 51       pi+     211 [48]    
                                 0.328    -0.101    -0.084     0.380     0.140
 53       pi-    -211 [50]    
                                 1.197     0.015    -0.255     1.232     0.140
 54     gamma      22 [52]    
                                 1.069     0.260    -0.004     1.100     0.000
 55     gamma      22 [52]    
                                 0.747     0.082    -0.059     0.754     0.000
 59     gamma      22 [56]    
                                 0.014     0.021     0.008     0.027     0.000
 60     gamma      22 [56]    
                                -0.024    -0.146    -0.104     0.181     0.000
 61     gamma      22 [57]    
                                -0.178    -0.085     0.072     0.210     0.000
 62     gamma      22 [57]    
                                -0.046    -0.097    -0.030     0.111     0.000
 63     gamma      22 [58]    
                                 0.002    -0.066     0.026     0.071     0.000
 64     gamma      22 [58]    
                                -0.129     0.001     0.088     0.156     0.000
 66       pi-    -211 [39]    
                                -0.473    -0.069     0.569     0.756     0.140
 67      K_L0     130 [65]    
                                -0.183    -0.059     0.045     0.535     0.498
 68       pi+     211 [43]    
                                -0.216    -0.242     0.143     0.381     0.140
 69       pi-    -211 [43]    
                                 0.084     0.381     0.780     0.883     0.140
 70       pi+     211 [45]    
                                -0.010     0.064    -0.228     0.275     0.140
 71       pi-    -211 [45]    
                                 0.118    -0.326     0.222     0.435     0.140
------------------------------------------------------------------------------
     Sum of momenta:            -2e-05    -1e-05    -2e-05      13.6      13.6

The following exception classes were reported in this run:
ThePEG::EventHandler::ConsistencyException warning (1 times)
ThePEG::LesHouchesReader::LesHouchesReopenWarning warning (1 times)
