>>>>>>>>>>>>>>>>>>>>>>>>>>>>>>>>>>>>>>>>>>>>>>>>>>>>>>>>>>>>>>>>>>>>>>>>>>>>>>
>>>> Toolkit for HEP Event Generation - ThePEG 2.2.1 <<<<<<<<<<<<<<<<<<<<<<<<<
>>>> Mon Jun 22 19:52:52 2020                                             <<<<
<<<<<<<<<<<<<<<<<<<<<<<<<<<<<<<<<<<<<<<<<<<<<<<<<<<<<<<<<<<<<<<<<<<<<<<<<<<<<<

>> Herwig 7.2.1 / ThePEG 2.2.1

/Herwig/EventHandlers/NoCuts:
MHat  = 2 .. 17.855 GeV
Scale = 0 .. 1e+12 GeV2
YHat  = -100 .. 100
X1    = 0 .. 1
X2    = 0 .. 1

* A warning exception of type ThePEG::LesHouchesReader::LesHouchesReopenWarning occurred while generating event number 1: 
Reopening LesHouchesReader 'myReader' after accessing 2 events out of 1
* A warning exception of type ThePEG::EventHandler::ConsistencyException occurred while generating event number 1: 
Event handler 'myLesHouchesHandler' found energy-momentum non-conservation by (-2e-05,-2e-05,-3e-05;1e-05) GeV after generating step number 4.

******************************************************************************
Event number 1 (id: TMP/Cluster_HERWIGOutput_24) performed by myLesHouchesHandler
Weight: 1
==============================================================================

--- Colliding particles:
  1        e-      11  (3)   
                                 4.464     0.000     0.000     4.464     0.000
  2        e+     -11  (3)   
                                -4.464     0.000    -0.000     4.464     0.000
------------------------------------------------------------------------------
Primary sub-process performed by myReader
--- incoming:
  1        e-      11  (3)   
                                 4.464     0.000     0.000     4.464     0.000
  2        e+     -11  (3)   
                                -4.464     0.000    -0.000     4.464     0.000
--- intermediates:
  3     gamma      22 [1,2] (4..8)   
                                -0.000     0.000    -0.000     8.928     8.927
--- outgoing:
  4         g      21 [3] (9)  8>>5 {+1,-2}
                                -1.029    -0.033    -0.748     1.272     0.000
  5         g      21 [3] (10)  4>>6 {+3,-1}
                                 1.043    -0.937    -1.106     1.786     0.000
  6         g      21 [3] (11)  5>>7 {+4,-3}
                                -1.070    -0.305     2.034     2.319     0.000
  7         g      21 [3] (12)  6>>8 {+5,-4}
                                 0.731     0.525    -1.644     1.874     0.000
  8         g      21 [3] (13)  7>>4 {+2,-5}
                                 0.325     0.750     1.464     1.677     0.000
------------------------------------------------------------------------------
Step 1 performed by myLesHouchesHandler
--- intermediates:
  1        e-      11  (3)   
                                 4.464     0.000     0.000     4.464     0.000
  2        e+     -11  (3)   
                                -4.464     0.000    -0.000     4.464     0.000
  3     gamma      22 [1,2] (4..8)   
                                -0.000     0.000    -0.000     8.928     8.927
--- final:
  4         g      21 [3] (9)  8>>5 {+1,-2}
                                -1.029    -0.033    -0.748     1.272     0.000
  5         g      21 [3] (10)  4>>6 {+3,-1}
                                 1.043    -0.937    -1.106     1.786     0.000
  6         g      21 [3] (11)  5>>7 {+4,-3}
                                -1.070    -0.305     2.034     2.319     0.000
  7         g      21 [3] (12)  6>>8 {+5,-4}
                                 0.731     0.525    -1.644     1.874     0.000
  8         g      21 [3] (13)  7>>4 {+2,-5}
                                 0.325     0.750     1.464     1.677     0.000
------------------------------------------------------------------------------
     Sum of momenta:            -3e-05    -2e-05    -3e-05      8.93      8.93
------------------------------------------------------------------------------
Step 2 performed by ShowerHandler
--- final:
  9         g      21 [4] (14,15)  13>>10 {+1,-2}
                                -0.866    -0.028    -0.630     1.432     0.950
 10         g      21 [5] (16,17)  9>>11 {+3,-1}
                                 0.879    -0.790    -0.931     1.779     0.950
 11         g      21 [6] (18,19)  10>>12 {+4,-3}
                                -0.901    -0.257     1.713     2.172     0.950
 12         g      21 [7] (20,21)  11>>13 {+5,-4}
                                 0.615     0.443    -1.385     1.843     0.950
 13         g      21 [8] (22,23)  12>>9 {+2,-5}
                                 0.274     0.632     1.233     1.702     0.950
------------------------------------------------------------------------------
     Sum of momenta:            -3e-05    -2e-05    -3e-05      8.93      8.93
------------------------------------------------------------------------------
Step 3 performed by ClusterHadHandler
--- intermediates:
 14         u       2 [9] (24)   {+1}
                                -0.600    -0.101    -0.719     0.996     0.325
 15      ubar      -2 [9] (25)   {-2}
                                -0.267     0.073     0.089     0.436     0.325
 16         u       2 [10] (26)   {+3}
                                 0.357    -0.358    -0.825     1.020     0.325
 17      ubar      -2 [10] (24)   {-1}
                                 0.522    -0.432    -0.106     0.759     0.325
 18         u       2 [11] (27)   {+4}
                                -0.602    -0.212     1.534     1.693     0.325
 19      ubar      -2 [11] (26)   {-3}
                                -0.299    -0.045     0.180     0.479     0.325
 20         s       3 [12] (28)   {+5}
                                 0.147     0.251    -0.557     0.773     0.450
 21      sbar      -3 [12] (27)   {-4}
                                 0.468     0.191    -0.828     1.070     0.450
 22         u       2 [13] (25)   {+2}
                                -0.203     0.358     0.667     0.849     0.325
 23      ubar      -2 [13] (28)   {-5}
                                 0.477     0.273     0.566     0.853     0.325
 24   Cluster      81 [14,17] (35,36)   
                                -0.078    -0.533    -0.826     1.755     1.452
 25   Cluster      81 [15,22] (29,30)   
                                -0.470     0.432     0.756     1.285     0.820
 26   Cluster      81 [16,19] (37,38)   
                                 0.057    -0.403    -0.645     1.500     1.291
 27   Cluster      81 [18,21] (31,32)   
                                -0.133    -0.021     0.705     2.762     2.667
 28   Cluster      81 [20,23] (33,34)   
                                 0.624     0.525     0.009     1.626     1.407
--- final:
 29       pi0     111 [25] (39,40)   
                                 0.044     0.068    -0.120     0.198     0.135
 30       pi0     111 [25] (41,42)   
                                -0.513     0.364     0.876     1.087     0.135
 31      a_2+     215 [27] (43,44)   
                                -0.522    -0.713     0.373     1.511     1.168
 32       K*0     313 [27] (51,52)   
                                 0.388     0.692     0.333     1.251     0.909
 33     Kbar0    -311 [28] (56)   
                                 0.602     0.669    -0.451     1.123     0.498
 34       pi-    -211 [28]    
                                 0.022    -0.144     0.461     0.503     0.140
 35       pi+     211 [24]    
                                -0.172    -0.015    -0.174     0.282     0.140
 36      a_1-  -20213 [24] (57,58)   
                                 0.094    -0.518    -0.652     1.473     1.212
 37       pi+     211 [26]    
                                -0.175    -0.335    -0.982     1.062     0.140
 38       pi-    -211 [26]    
                                 0.232    -0.068     0.337     0.438     0.140
------------------------------------------------------------------------------
     Sum of momenta:            -3e-05    -2e-05    -3e-05      8.93      8.93
------------------------------------------------------------------------------
Step 4 performed by DecayHandler
--- intermediates:
 43      rho+     213 [31] (45,46)   
                                -0.433    -0.887     0.428     1.267     0.670
 44       pi0     111 [31] (49,50)   
                                -0.088     0.174    -0.055     0.244     0.135
 45       pi0     111 [43] (47,48)   
                                -0.134    -0.239     0.445     0.540     0.135
 51        K0     311 [32] (53)   
                                 0.339     0.143     0.060     0.622     0.498
 52       pi0     111 [32] (54,55)   
                                 0.049     0.549     0.273     0.630     0.135
 57      rho-    -213 [36] (59,60)   
                                 0.164    -0.686    -0.642     1.247     0.803
 58       pi0     111 [36] (63,64)   
                                -0.070     0.168    -0.009     0.226     0.135
 59       pi0     111 [57] (61,62)   
                                 0.392    -0.485    -0.652     0.912     0.135
--- final:
 34       pi-    -211 [28]    
                                 0.022    -0.144     0.461     0.503     0.140
 35       pi+     211 [24]    
                                -0.172    -0.015    -0.174     0.282     0.140
 37       pi+     211 [26]    
                                -0.175    -0.335    -0.982     1.062     0.140
 38       pi-    -211 [26]    
                                 0.232    -0.068     0.337     0.438     0.140
 39     gamma      22 [29]    
                                 0.053     0.005    -0.123     0.134     0.000
 40     gamma      22 [29]    
                                -0.010     0.063     0.003     0.064     0.000
 41     gamma      22 [30]    
                                 0.003     0.017     0.007     0.018     0.000
 42     gamma      22 [30]    
                                -0.516     0.347     0.869     1.069     0.000
 46       pi+     211 [43]    
                                -0.299    -0.648    -0.017     0.727     0.140
 47     gamma      22 [45]    
                                -0.160    -0.219     0.414     0.495     0.000
 48     gamma      22 [45]    
                                 0.026    -0.020     0.031     0.045     0.000
 49     gamma      22 [44]    
                                -0.067     0.039    -0.072     0.106     0.000
 50     gamma      22 [44]    
                                -0.021     0.135     0.017     0.138     0.000
 53      K_L0     130 [51]    
                                 0.339     0.143     0.060     0.622     0.498
 54     gamma      22 [52]    
                                -0.030     0.377     0.179     0.418     0.000
 55     gamma      22 [52]    
                                 0.079     0.172     0.094     0.211     0.000
 56      K_L0     130 [33]    
                                 0.602     0.669    -0.451     1.123     0.498
 60       pi-    -211 [57]    
                                -0.228    -0.201     0.010     0.334     0.140
 61     gamma      22 [59]    
                                 0.285    -0.409    -0.571     0.758     0.000
 62     gamma      22 [59]    
                                 0.107    -0.075    -0.081     0.154     0.000
 63     gamma      22 [58]    
                                 0.038     0.019    -0.005     0.043     0.000
 64     gamma      22 [58]    
                                -0.108     0.148    -0.005     0.183     0.000
------------------------------------------------------------------------------
     Sum of momenta:            -3e-05    -2e-05    -3e-05      8.93      8.93

The following exception classes were reported in this run:
ThePEG::EventHandler::ConsistencyException warning (1 times)
ThePEG::LesHouchesReader::LesHouchesReopenWarning warning (1 times)
