>>>>>>>>>>>>>>>>>>>>>>>>>>>>>>>>>>>>>>>>>>>>>>>>>>>>>>>>>>>>>>>>>>>>>>>>>>>>>>
>>>> Toolkit for HEP Event Generation - ThePEG 2.2.0 <<<<<<<<<<<<<<<<<<<<<<<<<
>>>> Tue Jun 30 00:24:57 2020                                             <<<<
<<<<<<<<<<<<<<<<<<<<<<<<<<<<<<<<<<<<<<<<<<<<<<<<<<<<<<<<<<<<<<<<<<<<<<<<<<<<<<

>> Herwig 7.2.0 / ThePEG 2.2.0

/Herwig/EventHandlers/NoCuts:
MHat  = 2 .. 39.5398 GeV
Scale = 0 .. 1e+12 GeV2
YHat  = -100 .. 100
X1    = 0 .. 1
X2    = 0 .. 1

* A warning exception of type ThePEG::LesHouchesReader::LesHouchesReopenWarning occurred while generating event number 1: 
Reopening LesHouchesReader 'myReader' after accessing 2 events out of 1
* A warning exception of type ThePEG::EventHandler::ConsistencyException occurred while generating event number 1: 
Event handler 'myLesHouchesHandler' found energy-momentum non-conservation by (-2e-05,-2e-05,-3e-05;9.9989e-06) GeV after generating step number 4.

******************************************************************************
Event number 1 (id: ./OUTPUT/0.95MB1.05/1511422153/TMP/Cluster_HERWIGOutput_11) performed by myLesHouchesHandler
Weight: 1
==============================================================================

--- Colliding particles:
  1        e-      11  (3)   
                                 9.885     0.000     0.000     9.885     0.000
  2        e+     -11  (3)   
                                -9.885     0.000    -0.000     9.885     0.000
------------------------------------------------------------------------------
Primary sub-process performed by myReader
--- incoming:
  1        e-      11  (3)   
                                 9.885     0.000     0.000     9.885     0.000
  2        e+     -11  (3)   
                                -9.885     0.000    -0.000     9.885     0.000
--- intermediates:
  3     gamma      22 [1,2] (4..8)   
                                -0.000     0.000     0.000    19.770    19.770
--- outgoing:
  4         g      21 [3] (9)  7>>6 {+1,-2}
                                 0.225    -1.359    -1.083     1.753     0.000
  5         g      21 [3] (10)  8>>8 {+3,-4}
                                -0.363     1.248     0.062     1.301     0.000
  6         g      21 [3] (11)  4>>7 {+5,-1}
                                -0.077    -3.214     7.945     8.571     0.000
  7         g      21 [3] (12)  6>>4 {+2,-5}
                                 0.750     0.005    -2.357     2.474     0.000
  8         g      21 [3] (13)  5>>5 {+4,-3}
                                -0.536     3.321    -4.567     5.672     0.000
------------------------------------------------------------------------------
Step 1 performed by myLesHouchesHandler
--- intermediates:
  1        e-      11  (3)   
                                 9.885     0.000     0.000     9.885     0.000
  2        e+     -11  (3)   
                                -9.885     0.000    -0.000     9.885     0.000
  3     gamma      22 [1,2] (4..8)   
                                -0.000     0.000     0.000    19.770    19.770
--- final:
  4         g      21 [3] (9)  7>>6 {+1,-2}
                                 0.225    -1.359    -1.083     1.753     0.000
  5         g      21 [3] (10)  8>>8 {+3,-4}
                                -0.363     1.248     0.062     1.301     0.000
  6         g      21 [3] (11)  4>>7 {+5,-1}
                                -0.077    -3.214     7.945     8.571     0.000
  7         g      21 [3] (12)  6>>4 {+2,-5}
                                 0.750     0.005    -2.357     2.474     0.000
  8         g      21 [3] (13)  5>>5 {+4,-3}
                                -0.536     3.321    -4.567     5.672     0.000
------------------------------------------------------------------------------
     Sum of momenta:            -3e-05    -2e-05    -3e-05      19.8      19.8
------------------------------------------------------------------------------
Step 2 performed by ShowerHandler
--- final:
  9         g      21 [4] (14,15)  12>>11 {+1,-2}
                                 0.215    -1.298    -1.034     1.924     0.950
 10         g      21 [5] (16,17)  13>>13 {+3,-4}
                                -0.346     1.191     0.059     1.564     0.950
 11         g      21 [6] (18,19)  9>>12 {+5,-1}
                                -0.073    -3.069     7.586     8.238     0.950
 12         g      21 [7] (20,21)  11>>9 {+2,-5}
                                 0.716     0.005    -2.251     2.546     0.950
 13         g      21 [8] (22,23)  10>>10 {+4,-3}
                                -0.512     3.170    -4.360     5.498     0.950
------------------------------------------------------------------------------
     Sum of momenta:            -3e-05    -2e-05    -3e-05      19.8      19.8
------------------------------------------------------------------------------
Step 3 performed by ClusterHadHandler
--- intermediates:
 14         s       3 [9] (24)   {+1}
                                 0.140    -0.554    -0.311     0.791     0.450
 15      sbar      -3 [9] (25)   {-2}
                                 0.075    -0.744    -0.723     1.133     0.450
 16         u       2 [10] (26)   {+3}
                                -0.224     0.463    -0.303     0.680     0.325
 17      ubar      -2 [10] (28)   {-4}
                                -0.123     0.728     0.362     0.884     0.325
 18         u       2 [11] (28)   {+5}
                                -0.139    -0.543     1.213     1.376     0.325
 19      ubar      -2 [11] (24)   {-1}
                                 0.066    -2.526     6.372     6.863     0.325
 20         u       2 [12] (25)   {+2}
                                 0.219    -0.032    -0.268     0.476     0.325
 21      ubar      -2 [12] (27)   {-5}
                                 0.497     0.037    -1.982     2.070     0.325
 22         s       3 [13] (27)   {+4}
                                -0.381     1.620    -2.093     2.712     0.450
 23      sbar      -3 [13] (26)   {-3}
                                -0.131     1.550    -2.268     2.786     0.450
 24   Cluster      81 [14,19] (37,38)   
                                 0.206    -3.080     6.061     7.654     3.510
 25   Cluster      81 [15,20] (33,34)   
                                 0.294    -0.776    -0.991     1.609     0.958
 26   Cluster      81 [16,23] (35,36)   
                                -0.354     2.013    -2.570     3.466     1.108
 27   Cluster      81 [21,22] (29,30)   
                                 0.116     1.657    -4.075     4.781     1.870
 28   Cluster      81 [17,18] (31,32)   
                                -0.262     0.185     1.575     2.260     1.588
--- final:
 29        K-    -321 [27]    
                                 0.345     0.188    -1.428     1.561     0.494
 30       f_0 9010221 [27] (39,40)   
                                -0.228     1.469    -2.647     3.221     1.073
 31       K*+     323 [28] (41,42)   
                                -0.543     0.017     0.803     1.287     0.846
 32        K-    -321 [28]    
                                 0.281     0.168     0.772     0.973     0.494
 33        K0     311 [25] (50)   
                                -0.150    -0.316    -0.406     0.731     0.498
 34       pi+     211 [25]    
                                 0.444    -0.460    -0.585     0.878     0.140
 35       pi+     211 [26]    
                                 0.124     0.215    -0.043     0.288     0.140
 36        K0     311 [26] (51)   
                                -0.479     1.798    -2.527     3.178     0.498
 37      f'_1   20333 [24] (58,59)   
                                 0.148    -3.007     4.924     5.944     1.420
 38       K'- -100321 [24] (68,69)   
                                 0.058    -0.073     1.137     1.710     1.274
------------------------------------------------------------------------------
     Sum of momenta:            -3e-05    -2e-05    -3e-05      19.8      19.8
------------------------------------------------------------------------------
Step 4 performed by DecayHandler
--- intermediates:
 41        K0     311 [31] (43)   
                                -0.570    -0.077     0.423     0.870     0.498
 43      K_S0     310 [41] (44,45)   
                                -0.570    -0.077     0.423     0.870     0.498
 44       pi0     111 [43] (46,47)   
                                -0.321    -0.176     0.053     0.394     0.135
 45       pi0     111 [43] (48,49)   
                                -0.249     0.099     0.370     0.476     0.135
 51      K_S0     310 [36] (52,53)   
                                -0.479     1.798    -2.527     3.178     0.498
 52       pi0     111 [51] (54,55)   
                                -0.132     0.264    -0.636     0.714     0.135
 53       pi0     111 [51] (56,57)   
                                -0.347     1.534    -1.892     2.464     0.135
 58       K*0     313 [37] (60,61)   
                                 0.132    -2.055     3.128     3.851     0.896
 59     Kbar0    -311 [37] (67)   
                                 0.016    -0.951     1.797     2.093     0.498
 60        K0     311 [58] (62)   
                                 0.260    -1.872     2.517     3.187     0.498
 61       pi0     111 [58] (65,66)   
                                -0.128    -0.184     0.611     0.664     0.135
 62      K_S0     310 [60] (63,64)   
                                 0.260    -1.872     2.517     3.187     0.498
 69    K*bar0    -313 [38] (70,71)   
                                -0.020    -0.277     1.123     1.451     0.875
 70     Kbar0    -311 [69] (72)   
                                 0.022    -0.200     1.166     1.284     0.498
 71       pi0     111 [69] (75,76)   
                                -0.043    -0.077    -0.043     0.167     0.135
 72      K_S0     310 [70] (73,74)   
                                 0.022    -0.200     1.166     1.284     0.498
--- final:
 29        K-    -321 [27]    
                                 0.345     0.188    -1.428     1.561     0.494
 32        K-    -321 [28]    
                                 0.281     0.168     0.772     0.973     0.494
 34       pi+     211 [25]    
                                 0.444    -0.460    -0.585     0.878     0.140
 35       pi+     211 [26]    
                                 0.124     0.215    -0.043     0.288     0.140
 39       pi+     211 [30]    
                                 0.108     1.365    -2.406     2.772     0.140
 40       pi-    -211 [30]    
                                -0.336     0.104    -0.242     0.449     0.140
 42       pi+     211 [31]    
                                 0.027     0.094     0.380     0.417     0.140
 46     gamma      22 [44]    
                                -0.052    -0.089    -0.012     0.104     0.000
 47     gamma      22 [44]    
                                -0.269    -0.087     0.065     0.290     0.000
 48     gamma      22 [45]    
                                -0.013     0.020    -0.007     0.025     0.000
 49     gamma      22 [45]    
                                -0.236     0.079     0.376     0.451     0.000
 50      K_L0     130 [33]    
                                -0.150    -0.316    -0.406     0.731     0.498
 54     gamma      22 [52]    
                                 0.023     0.062    -0.091     0.112     0.000
 55     gamma      22 [52]    
                                -0.155     0.202    -0.545     0.601     0.000
 56     gamma      22 [53]    
                                -0.290     1.435    -1.767     2.295     0.000
 57     gamma      22 [53]    
                                -0.057     0.099    -0.124     0.169     0.000
 63       pi+     211 [62]    
                                -0.069    -0.887     1.288     1.571     0.140
 64       pi-    -211 [62]    
                                 0.329    -0.985     1.229     1.615     0.140
 65     gamma      22 [61]    
                                -0.100    -0.056     0.173     0.207     0.000
 66     gamma      22 [61]    
                                -0.028    -0.127     0.438     0.457     0.000
 67      K_L0     130 [59]    
                                 0.016    -0.951     1.797     2.093     0.498
 68       pi-    -211 [38]    
                                 0.078     0.204     0.014     0.260     0.140
 73       pi+     211 [72]    
                                -0.018    -0.030     0.061     0.156     0.140
 74       pi-    -211 [72]    
                                 0.041    -0.170     1.105     1.127     0.140
 75     gamma      22 [71]    
                                 0.013     0.034    -0.016     0.040     0.000
 76     gamma      22 [71]    
                                -0.055    -0.111    -0.027     0.127     0.000
------------------------------------------------------------------------------
     Sum of momenta:            -3e-05    -2e-05    -3e-05      19.8      19.8

The following exception classes were reported in this run:
ThePEG::EventHandler::ConsistencyException warning (1 times)
ThePEG::LesHouchesReader::LesHouchesReopenWarning warning (1 times)
