>>>>>>>>>>>>>>>>>>>>>>>>>>>>>>>>>>>>>>>>>>>>>>>>>>>>>>>>>>>>>>>>>>>>>>>>>>>>>>
>>>> Toolkit for HEP Event Generation - ThePEG 2.2.0 <<<<<<<<<<<<<<<<<<<<<<<<<
>>>> Tue Jun 30 00:21:33 2020                                             <<<<
<<<<<<<<<<<<<<<<<<<<<<<<<<<<<<<<<<<<<<<<<<<<<<<<<<<<<<<<<<<<<<<<<<<<<<<<<<<<<<

>> Herwig 7.2.0 / ThePEG 2.2.0

/Herwig/EventHandlers/NoCuts:
MHat  = 2 .. 42.3919 GeV
Scale = 0 .. 1e+12 GeV2
YHat  = -100 .. 100
X1    = 0 .. 1
X2    = 0 .. 1

* A warning exception of type ThePEG::LesHouchesReader::LesHouchesReopenWarning occurred while generating event number 1: 
Reopening LesHouchesReader 'myReader' after accessing 2 events out of 1
* A warning exception of type ThePEG::EventHandler::ConsistencyException occurred while generating event number 1: 
Event handler 'myLesHouchesHandler' found energy-momentum non-conservation by (-3e-05,-2e-05,-2e-05;9.9993e-06) GeV after generating step number 4.

******************************************************************************
Event number 1 (id: ./OUTPUT/0.95MB1.05/1513254215/TMP/Cluster_HERWIGOutput_7) performed by myLesHouchesHandler
Weight: 1
==============================================================================

--- Colliding particles:
  1        e-      11  (3)   
                                10.598     0.000     0.000    10.598     0.000
  2        e+     -11  (3)   
                               -10.598     0.000     0.000    10.598     0.000
------------------------------------------------------------------------------
Primary sub-process performed by myReader
--- incoming:
  1        e-      11  (3)   
                                10.598     0.000     0.000    10.598     0.000
  2        e+     -11  (3)   
                               -10.598     0.000     0.000    10.598     0.000
--- intermediates:
  3     gamma      22 [1,2] (4..7)   
                                 0.000     0.000     0.000    21.196    21.196
--- outgoing:
  4         g      21 [3] (8)  7>>7 {+1,-2}
                                -1.437     0.793     0.508     1.718     0.000
  5         g      21 [3] (9)  6>>6 {+3,-4}
                                -2.276    -1.659    -8.423     8.881     0.000
  6         g      21 [3] (10)  5>>5 {+4,-3}
                                -1.208    -0.368     0.083     1.265     0.000
  7         g      21 [3] (11)  4>>4 {+2,-1}
                                 4.921     1.234     7.831     9.331     0.000
------------------------------------------------------------------------------
Step 1 performed by myLesHouchesHandler
--- intermediates:
  1        e-      11  (3)   
                                10.598     0.000     0.000    10.598     0.000
  2        e+     -11  (3)   
                               -10.598     0.000     0.000    10.598     0.000
  3     gamma      22 [1,2] (4..7)   
                                 0.000     0.000     0.000    21.196    21.196
--- final:
  4         g      21 [3] (8)  7>>7 {+1,-2}
                                -1.437     0.793     0.508     1.718     0.000
  5         g      21 [3] (9)  6>>6 {+3,-4}
                                -2.276    -1.659    -8.423     8.881     0.000
  6         g      21 [3] (10)  5>>5 {+4,-3}
                                -1.208    -0.368     0.083     1.265     0.000
  7         g      21 [3] (11)  4>>4 {+2,-1}
                                 4.921     1.234     7.831     9.331     0.000
------------------------------------------------------------------------------
     Sum of momenta:            -3e-05    -2e-05    -2e-05      21.2      21.2
------------------------------------------------------------------------------
Step 2 performed by ShowerHandler
--- final:
  8         g      21 [4] (12,13)  11>>11 {+1,-2}
                                -1.391     0.767     0.492     1.915     0.950
  9         g      21 [5] (14,15)  10>>10 {+3,-4}
                                -2.203    -1.605    -8.153     8.649     0.950
 10         g      21 [6] (16,17)  9>>9 {+4,-3}
                                -1.169    -0.356     0.081     1.550     0.950
 11         g      21 [7] (18,19)  8>>8 {+2,-1}
                                 4.764     1.194     7.580     9.082     0.950
------------------------------------------------------------------------------
     Sum of momenta:            -3e-05    -2e-05    -2e-05      21.2      21.2
------------------------------------------------------------------------------
Step 3 performed by ClusterHadHandler
--- intermediates:
 12         u       2 [8] (20)   {+1}
                                -1.307     0.576     0.394     1.517     0.325
 13      ubar      -2 [8] (21)   {-2}
                                -0.084     0.191     0.098     0.398     0.325
 14         u       2 [9] (22)   {+3}
                                -1.944    -1.278    -6.379     6.798     0.325
 15      ubar      -2 [9] (23)   {-4}
                                -0.259    -0.327    -1.774     1.851     0.325
 16         u       2 [10] (23)   {+4}
                                -0.161    -0.221     0.211     0.474     0.325
 17      ubar      -2 [10] (22)   {-3}
                                -1.009    -0.135    -0.130     1.076     0.325
 18         u       2 [11] (21)   {+2}
                                 2.414     0.272     3.494     4.268     0.325
 19      ubar      -2 [11] (20)   {-1}
                                 2.349     0.922     4.086     4.814     0.325
 20   Cluster      81 [12,19] (24,25)   
                                 1.043     1.499     4.480     6.330     4.083
 21   Cluster      81 [13,18] (28,29)   
                                 2.330     0.463     3.592     4.666     1.797
 22   Cluster      81 [14,17] (26,27)   
                                -2.953    -1.413    -6.509     7.874     2.986
 23   Cluster      81 [15,16] (30,31)   
                                -0.420    -0.548    -1.563     2.325     1.577
 24   Cluster      81 [20] (32,33)   
                                -0.839     0.488     0.541     1.427     0.895
 25   Cluster      81 [20] (34,35)   
                                 1.882     1.011     3.939     4.904     1.991
--- final:
 26        p+    2212 [22]    
                                -2.457    -0.702    -3.455     4.399     0.938
 27pbar(1535)  -22212 [22] (36,37)   
                                -0.496    -0.711    -3.053     3.475     1.415
 28       pi-    -211 [21]    
                                 0.842     0.474     0.492     1.093     0.140
 29      a_1+   20213 [21] (38,39)   
                                 1.488    -0.011     3.100     3.573     0.971
 30       pi-    -211 [23]    
                                -0.179     0.122    -0.901     0.937     0.140
 31      a_0+ 9000211 [23] (42,43)   
                                -0.241    -0.670    -0.662     1.388     0.991
 32       pi+     211 [24]    
                                -0.511     0.155    -0.159     0.574     0.140
 33       pi-    -211 [24]    
                                -0.329     0.333     0.699     0.853     0.140
 34     nbar0   -2112 [25]    
                                 0.604     0.251     1.303     1.734     0.940
 35        n0    2112 [25]    
                                 1.278     0.760     2.637     3.170     0.940
------------------------------------------------------------------------------
     Sum of momenta:            -3e-05    -2e-05    -2e-05      21.2      21.2
------------------------------------------------------------------------------
Step 4 performed by DecayHandler
--- intermediates:
 38      rho0     113 [29] (40,41)   
                                 0.959     0.058     2.314     2.613     0.741
 42       eta     221 [31] (44..46)   
                                -0.409    -0.224    -0.336     0.794     0.548
 44       pi0     111 [42] (47,48)   
                                 0.002    -0.120    -0.077     0.197     0.135
 45       pi0     111 [42] (49,50)   
                                -0.180    -0.141    -0.155     0.307     0.135
 46       pi0     111 [42] (51,52)   
                                -0.232     0.037    -0.104     0.290     0.135
--- final:
 26        p+    2212 [22]    
                                -2.457    -0.702    -3.455     4.399     0.938
 28       pi-    -211 [21]    
                                 0.842     0.474     0.492     1.093     0.140
 30       pi-    -211 [23]    
                                -0.179     0.122    -0.901     0.937     0.140
 32       pi+     211 [24]    
                                -0.511     0.155    -0.159     0.574     0.140
 33       pi-    -211 [24]    
                                -0.329     0.333     0.699     0.853     0.140
 34     nbar0   -2112 [25]    
                                 0.604     0.251     1.303     1.734     0.940
 35        n0    2112 [25]    
                                 1.278     0.760     2.637     3.170     0.940
 36     nbar0   -2112 [27]    
                                -0.526    -0.892    -2.818     3.146     0.940
 37       pi-    -211 [27]    
                                 0.029     0.181    -0.235     0.329     0.140
 39       pi+     211 [29]    
                                 0.529    -0.070     0.786     0.960     0.140
 40       pi+     211 [38]    
                                 0.142    -0.256     0.535     0.625     0.140
 41       pi-    -211 [38]    
                                 0.817     0.314     1.780     1.988     0.140
 43       pi+     211 [31]    
                                 0.168    -0.446    -0.327     0.594     0.140
 47     gamma      22 [44]    
                                 0.016    -0.120    -0.109     0.163     0.000
 48     gamma      22 [44]    
                                -0.014    -0.000     0.031     0.034     0.000
 49     gamma      22 [45]    
                                -0.137    -0.146    -0.071     0.213     0.000
 50     gamma      22 [45]    
                                -0.043     0.005    -0.084     0.095     0.000
 51     gamma      22 [46]    
                                -0.002     0.041    -0.012     0.043     0.000
 52     gamma      22 [46]    
                                -0.230    -0.004    -0.092     0.247     0.000
------------------------------------------------------------------------------
     Sum of momenta:            -3e-05    -2e-05    -2e-05      21.2      21.2

The following exception classes were reported in this run:
ThePEG::EventHandler::ConsistencyException warning (1 times)
ThePEG::LesHouchesReader::LesHouchesReopenWarning warning (1 times)
