>>>>>>>>>>>>>>>>>>>>>>>>>>>>>>>>>>>>>>>>>>>>>>>>>>>>>>>>>>>>>>>>>>>>>>>>>>>>>>
>>>> Toolkit for HEP Event Generation - ThePEG 2.2.0 <<<<<<<<<<<<<<<<<<<<<<<<<
>>>> Tue Jun 30 00:57:09 2020                                             <<<<
<<<<<<<<<<<<<<<<<<<<<<<<<<<<<<<<<<<<<<<<<<<<<<<<<<<<<<<<<<<<<<<<<<<<<<<<<<<<<<

>> Herwig 7.2.0 / ThePEG 2.2.0

/Herwig/EventHandlers/NoCuts:
MHat  = 2 .. 23.6858 GeV
Scale = 0 .. 1e+12 GeV2
YHat  = -100 .. 100
X1    = 0 .. 1
X2    = 0 .. 1

* A warning exception of type ThePEG::LesHouchesReader::LesHouchesReopenWarning occurred while generating event number 1: 
Reopening LesHouchesReader 'myReader' after accessing 2 events out of 1
* A warning exception of type ThePEG::EventHandler::ConsistencyException occurred while generating event number 1: 
Event handler 'myLesHouchesHandler' found energy-momentum non-conservation by (-1e-05,-3e-05,-2e-05;9.99958e-06) GeV after generating step number 4.

******************************************************************************
Event number 1 (id: ./OUTPUT/0.95MB1.05/1513342148/TMP/Cluster_HERWIGOutput_42) performed by myLesHouchesHandler
Weight: 1
==============================================================================

--- Colliding particles:
  1        e-      11  (3)   
                                 5.921     0.000    -0.000     5.921     0.000
  2        e+     -11  (3)   
                                -5.921     0.000     0.000     5.921     0.000
------------------------------------------------------------------------------
Primary sub-process performed by myReader
--- incoming:
  1        e-      11  (3)   
                                 5.921     0.000    -0.000     5.921     0.000
  2        e+     -11  (3)   
                                -5.921     0.000     0.000     5.921     0.000
--- intermediates:
  3     gamma      22 [1,2] (4..7)   
                                 0.000     0.000    -0.000    11.843    11.843
--- outgoing:
  4         g      21 [3] (8)  5>>5 {+1,-2}
                                 2.731    -0.804     3.243     4.315     0.000
  5         g      21 [3] (9)  4>>4 {+2,-1}
                                -0.175     0.549     1.727     1.821     0.000
  6         g      21 [3] (10)  7>>7 {+3,-4}
                                -0.071     0.305    -0.440     0.540     0.000
  7         g      21 [3] (11)  6>>6 {+4,-3}
                                -2.485    -0.049    -4.530     5.167     0.000
------------------------------------------------------------------------------
Step 1 performed by myLesHouchesHandler
--- intermediates:
  1        e-      11  (3)   
                                 5.921     0.000    -0.000     5.921     0.000
  2        e+     -11  (3)   
                                -5.921     0.000     0.000     5.921     0.000
  3     gamma      22 [1,2] (4..7)   
                                 0.000     0.000    -0.000    11.843    11.843
--- final:
  4         g      21 [3] (8)  5>>5 {+1,-2}
                                 2.731    -0.804     3.243     4.315     0.000
  5         g      21 [3] (9)  4>>4 {+2,-1}
                                -0.175     0.549     1.727     1.821     0.000
  6         g      21 [3] (10)  7>>7 {+3,-4}
                                -0.071     0.305    -0.440     0.540     0.000
  7         g      21 [3] (11)  6>>6 {+4,-3}
                                -2.485    -0.049    -4.530     5.167     0.000
------------------------------------------------------------------------------
     Sum of momenta:            -2e-05    -3e-05    -2e-05      11.8      11.8
------------------------------------------------------------------------------
Step 2 performed by ShowerHandler
--- final:
  8         g      21 [4] (12,13)  9>>9 {+1,-2}
                                 2.492    -0.734     2.959     4.050     0.950
  9         g      21 [5] (14,15)  8>>8 {+2,-1}
                                -0.160     0.501     1.576     1.913     0.950
 10         g      21 [6] (16,17)  11>>11 {+3,-4}
                                -0.065     0.278    -0.401     1.070     0.950
 11         g      21 [7] (18,19)  10>>10 {+4,-3}
                                -2.267    -0.045    -4.133     4.809     0.950
------------------------------------------------------------------------------
     Sum of momenta:            -2e-05    -3e-05    -2e-05      11.8      11.8
------------------------------------------------------------------------------
Step 3 performed by ClusterHadHandler
--- intermediates:
 12         d       1 [8] (20)   {+1}
                                 1.523    -0.753     2.054     2.685     0.325
 13      dbar      -1 [8] (21)   {-2}
                                 0.969     0.019     0.905     1.365     0.325
 14         d       1 [9] (21)   {+2}
                                -0.213    -0.083     0.426     0.583     0.325
 15      dbar      -1 [9] (20)   {-1}
                                 0.054     0.584     1.149     1.331     0.325
 16         s       3 [10] (22)   {+3}
                                -0.154     0.183    -0.297     0.590     0.450
 17      sbar      -3 [10] (23)   {-4}
                                 0.089     0.095    -0.104     0.480     0.450
 18         d       1 [11] (23)   {+4}
                                -1.660    -0.114    -3.409     3.807     0.325
 19      dbar      -1 [11] (22)   {-3}
                                -0.608     0.069    -0.724     1.002     0.325
 20   Cluster      81 [12,15] (24,25)   
                                 1.577    -0.169     3.203     4.016     1.831
 21   Cluster      81 [13,14] (26,27)   
                                 0.756    -0.064     1.331     1.948     1.203
 22   Cluster      81 [16,19] (30,31)   
                                -0.762     0.252    -1.021     1.592     0.920
 23   Cluster      81 [17,18] (28,29)   
                                -1.570    -0.019    -3.513     4.287     1.890
--- final:
 24       eta     221 [20] (32..34)   
                                 0.733    -0.325     1.914     2.146     0.548
 25       h_1   10223 [20] (41,42)   
                                 0.844     0.156     1.289     1.870     1.048
 26      a_00 9000111 [21] (47,48)   
                                 0.618    -0.146     1.047     1.595     1.022
 27       pi0     111 [21] (53,54)   
                                 0.138     0.081     0.285     0.353     0.135
 28        K+     321 [23]    
                                -0.756    -0.569    -2.511     2.728     0.494
 29      rho-    -213 [23] (55,56)   
                                -0.814     0.550    -1.002     1.559     0.679
 30        K-    -321 [22]    
                                -0.643     0.026    -1.018     1.301     0.494
 31       pi+     211 [22]    
                                -0.119     0.226    -0.004     0.291     0.140
------------------------------------------------------------------------------
     Sum of momenta:            -2e-05    -3e-05    -2e-05      11.8      11.8
------------------------------------------------------------------------------
Step 4 performed by DecayHandler
--- intermediates:
 32       pi0     111 [24] (35,36)   
                                 0.409    -0.143     0.877     0.987     0.135
 33       pi0     111 [24] (37,38)   
                                 0.139     0.027     0.287     0.348     0.135
 34       pi0     111 [24] (39,40)   
                                 0.185    -0.209     0.749     0.811     0.135
 41      rho0     113 [25] (43,44)   
                                 0.785     0.150     0.996     1.541     0.863
 42       pi0     111 [25] (45,46)   
                                 0.059     0.006     0.293     0.328     0.135
 47       eta     221 [26] (49,50)   
                                 0.028    -0.204     0.408     0.713     0.548
 48       pi0     111 [26] (51,52)   
                                 0.590     0.058     0.639     0.882     0.135
 55       pi0     111 [29] (57,58)   
                                -0.373    -0.015    -0.122     0.416     0.135
--- final:
 28        K+     321 [23]    
                                -0.756    -0.569    -2.511     2.728     0.494
 30        K-    -321 [22]    
                                -0.643     0.026    -1.018     1.301     0.494
 31       pi+     211 [22]    
                                -0.119     0.226    -0.004     0.291     0.140
 35     gamma      22 [32]    
                                 0.285    -0.093     0.728     0.788     0.000
 36     gamma      22 [32]    
                                 0.124    -0.050     0.149     0.200     0.000
 37     gamma      22 [33]    
                                 0.031     0.039     0.012     0.052     0.000
 38     gamma      22 [33]    
                                 0.108    -0.013     0.275     0.296     0.000
 39     gamma      22 [34]    
                                 0.126    -0.042     0.344     0.369     0.000
 40     gamma      22 [34]    
                                 0.059    -0.166     0.405     0.442     0.000
 43       pi+     211 [41]    
                                -0.064     0.228     0.424     0.505     0.140
 44       pi-    -211 [41]    
                                 0.849    -0.079     0.572     1.036     0.140
 45     gamma      22 [42]    
                                 0.011    -0.042     0.022     0.049     0.000
 46     gamma      22 [42]    
                                 0.047     0.048     0.271     0.280     0.000
 49     gamma      22 [47]    
                                 0.268    -0.008     0.245     0.363     0.000
 50     gamma      22 [47]    
                                -0.240    -0.196     0.163     0.350     0.000
 51     gamma      22 [48]    
                                 0.331    -0.005     0.434     0.545     0.000
 52     gamma      22 [48]    
                                 0.259     0.063     0.205     0.336     0.000
 53     gamma      22 [27]    
                                -0.016     0.014    -0.001     0.022     0.000
 54     gamma      22 [27]    
                                 0.154     0.067     0.286     0.332     0.000
 56       pi-    -211 [29]    
                                -0.441     0.565    -0.880     1.144     0.140
 57     gamma      22 [55]    
                                -0.063    -0.014    -0.079     0.102     0.000
 58     gamma      22 [55]    
                                -0.310    -0.001    -0.043     0.313     0.000
------------------------------------------------------------------------------
     Sum of momenta:            -2e-05    -3e-05    -2e-05      11.8      11.8

The following exception classes were reported in this run:
ThePEG::EventHandler::ConsistencyException warning (1 times)
ThePEG::LesHouchesReader::LesHouchesReopenWarning warning (1 times)
