>>>>>>>>>>>>>>>>>>>>>>>>>>>>>>>>>>>>>>>>>>>>>>>>>>>>>>>>>>>>>>>>>>>>>>>>>>>>>>
>>>> Toolkit for HEP Event Generation - ThePEG 2.2.0 <<<<<<<<<<<<<<<<<<<<<<<<<
>>>> Tue Jun 30 00:30:34 2020                                             <<<<
<<<<<<<<<<<<<<<<<<<<<<<<<<<<<<<<<<<<<<<<<<<<<<<<<<<<<<<<<<<<<<<<<<<<<<<<<<<<<<

>> Herwig 7.2.0 / ThePEG 2.2.0

/Herwig/EventHandlers/NoCuts:
MHat  = 2 .. 23.7974 GeV
Scale = 0 .. 1e+12 GeV2
YHat  = -100 .. 100
X1    = 0 .. 1
X2    = 0 .. 1

* A warning exception of type ThePEG::LesHouchesReader::LesHouchesReopenWarning occurred while generating event number 1: 
Reopening LesHouchesReader 'myReader' after accessing 2 events out of 1
* A warning exception of type ThePEG::EventHandler::ConsistencyException occurred while generating event number 1: 
Event handler 'myLesHouchesHandler' found energy-momentum non-conservation by (-2e-05,-2e-05,-1e-05;-1.06213e-09) GeV after generating step number 4.

******************************************************************************
Event number 1 (id: ./OUTPUT/0.95MB1.05/1513126133/TMP/Cluster_HERWIGOutput_18) performed by myLesHouchesHandler
Weight: 1
==============================================================================

--- Colliding particles:
  1        e-      11  (3)   
                                 5.949     0.000    -0.000     5.949     0.000
  2        e+     -11  (3)   
                                -5.949     0.000     0.000     5.949     0.000
------------------------------------------------------------------------------
Primary sub-process performed by myReader
--- incoming:
  1        e-      11  (3)   
                                 5.949     0.000    -0.000     5.949     0.000
  2        e+     -11  (3)   
                                -5.949     0.000     0.000     5.949     0.000
--- intermediates:
  3     gamma      22 [1,2] (4..7)   
                                -0.000     0.000     0.000    11.899    11.899
--- outgoing:
  4         g      21 [3] (8)  7>>6 {+1,-2}
                                 0.528    -0.144    -2.372     2.434     0.000
  5         g      21 [3] (9)  6>>7 {+3,-4}
                                 2.001    -0.684     2.077     2.964     0.000
  6         g      21 [3] (10)  4>>5 {+4,-1}
                                -1.439    -1.485    -2.135     2.973     0.000
  7         g      21 [3] (11)  5>>4 {+2,-3}
                                -1.089     2.313     2.430     3.527     0.000
------------------------------------------------------------------------------
Step 1 performed by myLesHouchesHandler
--- intermediates:
  1        e-      11  (3)   
                                 5.949     0.000    -0.000     5.949     0.000
  2        e+     -11  (3)   
                                -5.949     0.000     0.000     5.949     0.000
  3     gamma      22 [1,2] (4..7)   
                                -0.000     0.000     0.000    11.899    11.899
--- final:
  4         g      21 [3] (8)  7>>6 {+1,-2}
                                 0.528    -0.144    -2.372     2.434     0.000
  5         g      21 [3] (9)  6>>7 {+3,-4}
                                 2.001    -0.684     2.077     2.964     0.000
  6         g      21 [3] (10)  4>>5 {+4,-1}
                                -1.439    -1.485    -2.135     2.973     0.000
  7         g      21 [3] (11)  5>>4 {+2,-3}
                                -1.089     2.313     2.430     3.527     0.000
------------------------------------------------------------------------------
     Sum of momenta:            -3e-05    -2e-05    -1e-05      11.9      11.9
------------------------------------------------------------------------------
Step 2 performed by ShowerHandler
--- final:
  8         g      21 [4] (12,13)  11>>10 {+1,-2}
                                 0.500    -0.136    -2.246     2.493     0.950
  9         g      21 [5] (14,15)  10>>11 {+3,-4}
                                 1.894    -0.648     1.967     2.963     0.950
 10         g      21 [6] (16,17)  8>>9 {+4,-1}
                                -1.363    -1.406    -2.022     2.971     0.950
 11         g      21 [7] (18,19)  9>>8 {+2,-3}
                                -1.031     2.190     2.301     3.472     0.950
------------------------------------------------------------------------------
     Sum of momenta:            -3e-05    -2e-05    -1e-05      11.9      11.9
------------------------------------------------------------------------------
Step 3 performed by ClusterHadHandler
--- intermediates:
 12         u       2 [8] (20)   {+1}
                                -0.134    -0.013    -0.871     0.939     0.325
 13      ubar      -2 [8] (23)   {-2}
                                 0.634    -0.123    -1.375     1.554     0.325
 14         u       2 [9] (21)   {+3}
                                 0.226    -0.233     0.318     0.558     0.325
 15      ubar      -2 [9] (22)   {-4}
                                 1.669    -0.415     1.649     2.405     0.325
 16         u       2 [10] (23)   {+4}
                                -0.168    -0.552    -0.489     0.823     0.325
 17      ubar      -2 [10] (20)   {-1}
                                -1.195    -0.855    -1.533     2.148     0.325
 18         u       2 [11] (22)   {+2}
                                -0.104     0.273     0.505     0.668     0.325
 19      ubar      -2 [11] (21)   {-3}
                                -0.927     1.917     1.796     2.805     0.325
 20   Cluster      81 [12,17] (28,29)   
                                -1.329    -0.868    -2.403     3.087     1.111
 21   Cluster      81 [14,19] (24,25)   
                                -0.701     1.684     2.114     3.363     1.875
 22   Cluster      81 [15,18] (26,27)   
                                 1.564    -0.141     2.154     3.072     1.528
 23   Cluster      81 [13,16] (30,31)   
                                 0.466    -0.675    -1.864     2.377     1.225
--- final:
 24      a_0+ 9000211 [21] (32,33)   
                                -0.752     0.450     1.228     1.837     1.048
 25       pi-    -211 [21]    
                                 0.051     1.234     0.885     1.526     0.140
 26       pi+     211 [22]    
                                 0.695     0.298     0.205     0.796     0.140
 27      rho-    -213 [22] (36,37)   
                                 0.869    -0.439     1.948     2.276     0.661
 28       pi+     211 [20]    
                                -0.878    -0.180    -1.918     2.122     0.140
 29       pi-    -211 [20]    
                                -0.451    -0.688    -0.485     0.965     0.140
 30       pi+     211 [23]    
                                 0.382    -0.358    -0.069     0.546     0.140
 31       pi-    -211 [23]    
                                 0.084    -0.317    -1.795     1.830     0.140
------------------------------------------------------------------------------
     Sum of momenta:            -3e-05    -2e-05    -1e-05      11.9      11.9
------------------------------------------------------------------------------
Step 4 performed by DecayHandler
--- intermediates:
 32       eta     221 [24] (34,35)   
                                -0.672     0.602     1.224     1.616     0.548
 36       pi0     111 [27] (38,39)   
                                 0.667    -0.362     0.847     1.145     0.135
--- final:
 25       pi-    -211 [21]    
                                 0.051     1.234     0.885     1.526     0.140
 26       pi+     211 [22]    
                                 0.695     0.298     0.205     0.796     0.140
 28       pi+     211 [20]    
                                -0.878    -0.180    -1.918     2.122     0.140
 29       pi-    -211 [20]    
                                -0.451    -0.688    -0.485     0.965     0.140
 30       pi+     211 [23]    
                                 0.382    -0.358    -0.069     0.546     0.140
 31       pi-    -211 [23]    
                                 0.084    -0.317    -1.795     1.830     0.140
 33       pi+     211 [24]    
                                -0.080    -0.151     0.004     0.221     0.140
 34     gamma      22 [32]    
                                -0.696     0.315     0.948     1.218     0.000
 35     gamma      22 [32]    
                                 0.024     0.287     0.276     0.399     0.000
 37       pi-    -211 [27]    
                                 0.202    -0.077     1.101     1.131     0.140
 38     gamma      22 [36]    
                                 0.524    -0.330     0.629     0.883     0.000
 39     gamma      22 [36]    
                                 0.143    -0.032     0.217     0.262     0.000
------------------------------------------------------------------------------
     Sum of momenta:            -3e-05    -2e-05    -1e-05      11.9      11.9

The following exception classes were reported in this run:
ThePEG::EventHandler::ConsistencyException warning (1 times)
ThePEG::LesHouchesReader::LesHouchesReopenWarning warning (1 times)
