>>>>>>>>>>>>>>>>>>>>>>>>>>>>>>>>>>>>>>>>>>>>>>>>>>>>>>>>>>>>>>>>>>>>>>>>>>>>>>
>>>> Toolkit for HEP Event Generation - ThePEG 2.2.0 <<<<<<<<<<<<<<<<<<<<<<<<<
>>>> Tue Jun 30 01:00:36 2020                                             <<<<
<<<<<<<<<<<<<<<<<<<<<<<<<<<<<<<<<<<<<<<<<<<<<<<<<<<<<<<<<<<<<<<<<<<<<<<<<<<<<<

>> Herwig 7.2.0 / ThePEG 2.2.0

/Herwig/EventHandlers/NoCuts:
MHat  = 2 .. 22.6158 GeV
Scale = 0 .. 1e+12 GeV2
YHat  = -100 .. 100
X1    = 0 .. 1
X2    = 0 .. 1

* A warning exception of type ThePEG::LesHouchesReader::LesHouchesReopenWarning occurred while generating event number 1: 
Reopening LesHouchesReader 'myReader' after accessing 2 events out of 1
* A warning exception of type ThePEG::EventHandler::ConsistencyException occurred while generating event number 1: 
Event handler 'myLesHouchesHandler' found energy-momentum non-conservation by (-2e-05,-2e-05,-2e-05;1.99991e-05) GeV after generating step number 4.

******************************************************************************
Event number 1 (id: ./OUTPUT/0.95MB1.05/1511886132/TMP/Cluster_HERWIGOutput_35) performed by myLesHouchesHandler
Weight: 1
==============================================================================

--- Colliding particles:
  1        e-      11  (3)   
                                 5.654     0.000     0.000     5.654     0.000
  2        e+     -11  (3)   
                                -5.654     0.000    -0.000     5.654     0.000
------------------------------------------------------------------------------
Primary sub-process performed by myReader
--- incoming:
  1        e-      11  (3)   
                                 5.654     0.000     0.000     5.654     0.000
  2        e+     -11  (3)   
                                -5.654     0.000    -0.000     5.654     0.000
--- intermediates:
  3     gamma      22 [1,2] (4..7)   
                                -0.000     0.000    -0.000    11.308    11.308
--- outgoing:
  4         g      21 [3] (8)  5>>7 {+1,-2}
                                -1.978     1.373    -1.425     2.798     0.000
  5         g      21 [3] (9)  6>>4 {+2,-3}
                                -0.239    -0.638    -2.195     2.299     0.000
  6         g      21 [3] (10)  7>>5 {+3,-4}
                                 1.915    -0.059    -0.535     1.990     0.000
  7         g      21 [3] (11)  4>>6 {+4,-1}
                                 0.302    -0.677     4.155     4.221     0.000
------------------------------------------------------------------------------
Step 1 performed by myLesHouchesHandler
--- intermediates:
  1        e-      11  (3)   
                                 5.654     0.000     0.000     5.654     0.000
  2        e+     -11  (3)   
                                -5.654     0.000    -0.000     5.654     0.000
  3     gamma      22 [1,2] (4..7)   
                                -0.000     0.000    -0.000    11.308    11.308
--- final:
  4         g      21 [3] (8)  5>>7 {+1,-2}
                                -1.978     1.373    -1.425     2.798     0.000
  5         g      21 [3] (9)  6>>4 {+2,-3}
                                -0.239    -0.638    -2.195     2.299     0.000
  6         g      21 [3] (10)  7>>5 {+3,-4}
                                 1.915    -0.059    -0.535     1.990     0.000
  7         g      21 [3] (11)  4>>6 {+4,-1}
                                 0.302    -0.677     4.155     4.221     0.000
------------------------------------------------------------------------------
     Sum of momenta:            -3e-05    -2e-05    -2e-05      11.3      11.3
------------------------------------------------------------------------------
Step 2 performed by ShowerHandler
--- final:
  8         g      21 [4] (12,13)  9>>11 {+1,-2}
                                -1.855     1.287    -1.336     2.790     0.950
  9         g      21 [5] (14,15)  10>>8 {+2,-3}
                                -0.224    -0.598    -2.058     2.355     0.950
 10         g      21 [6] (16,17)  11>>9 {+3,-4}
                                 1.796    -0.055    -0.501     2.093     0.950
 11         g      21 [7] (18,19)  8>>10 {+4,-1}
                                 0.283    -0.634     3.896     4.069     0.950
------------------------------------------------------------------------------
     Sum of momenta:            -3e-05    -2e-05    -2e-05      11.3      11.3
------------------------------------------------------------------------------
Step 3 performed by ClusterHadHandler
--- intermediates:
 12         s       3 [8] (23)   {+1}
                                -0.950     0.518    -0.532     1.287     0.450
 13      sbar      -3 [8] (21)   {-2}
                                -0.905     0.769    -0.805     1.504     0.450
 14         u       2 [9] (21)   {+2}
                                -0.378    -0.178    -1.393     1.490     0.325
 15      ubar      -2 [9] (23)   {-3}
                                 0.153    -0.420    -0.665     0.865     0.325
 16         s       3 [10] (22)   {+3}
                                 0.863    -0.147    -0.337     1.040     0.450
 17      sbar      -3 [10] (20)   {-4}
                                 0.933     0.093    -0.164     1.053     0.450
 18         s       3 [11] (20)   {+4}
                                 0.082    -0.247     1.319     1.418     0.450
 19      sbar      -3 [11] (22)   {-1}
                                 0.201    -0.387     2.576     2.651     0.450
 20   Cluster      81 [17,18] (26,27)   
                                 1.015    -0.155     1.156     2.471     1.928
 21   Cluster      81 [13,14] (24,25)   
                                -1.283     0.592    -2.198     2.994     1.462
 22   Cluster      81 [16,19] (28,29)   
                                 1.064    -0.535     2.239     3.692     2.683
 23   Cluster      81 [12,15] (30,31)   
                                -0.796     0.098    -1.197     2.152     1.598
--- final:
 24       pi+     211 [21]    
                                -0.401    -0.091    -0.456     0.630     0.140
 25      K_10   10313 [21] (32,33)   
                                -0.882     0.683    -1.742     2.364     1.146
 26     Kbar0    -311 [20] (38)   
                                 1.007     0.241     1.000     1.523     0.498
 27       K*0     313 [20] (45,46)   
                                 0.008    -0.396     0.156     0.948     0.847
 28      eta'     331 [22] (47..49)   
                                -0.410     0.148     1.483     1.819     0.958
 29       eta     221 [22] (63..65)   
                                 1.474    -0.683     0.756     1.873     0.548
 30   K_1bar0  -10313 [23] (72,73)   
                                -0.962    -0.027    -1.175     1.901     1.143
 31       pi-    -211 [23]    
                                 0.166     0.125    -0.022     0.251     0.140
------------------------------------------------------------------------------
     Sum of momenta:            -3e-05    -2e-05    -2e-05      11.3      11.3
------------------------------------------------------------------------------
Step 4 performed by DecayHandler
--- intermediates:
 32       K*0     313 [25] (34,35)   
                                -0.697     0.657    -1.114     1.696     0.846
 33       pi0     111 [25] (36,37)   
                                -0.185     0.025    -0.628     0.669     0.135
 38      K_S0     310 [26] (39,40)   
                                 1.007     0.241     1.000     1.523     0.498
 39       pi0     111 [38] (41,42)   
                                 0.227    -0.091     0.160     0.322     0.135
 40       pi0     111 [38] (43,44)   
                                 0.780     0.333     0.840     1.202     0.135
 47       pi0     111 [28] (50,51)   
                                -0.223     0.074     0.226     0.353     0.135
 48       pi0     111 [28] (52,53)   
                                -0.069     0.010     0.110     0.187     0.135
 49       eta     221 [28] (54..56)   
                                -0.118     0.064     1.148     1.279     0.548
 54       pi0     111 [49] (57,58)   
                                -0.120     0.117     0.459     0.507     0.135
 55       pi0     111 [49] (59,60)   
                                 0.094    -0.020     0.458     0.487     0.135
 56       pi0     111 [49] (61,62)   
                                -0.092    -0.033     0.230     0.284     0.135
 63       pi0     111 [29] (66,67)   
                                 0.999    -0.373     0.411     1.151     0.135
 64       pi0     111 [29] (68,69)   
                                 0.241    -0.114     0.130     0.326     0.135
 65       pi0     111 [29] (70,71)   
                                 0.234    -0.195     0.215     0.396     0.135
 72       K*-    -323 [30] (74,75)   
                                -0.754     0.155    -0.832     1.438     0.886
 74     Kbar0    -311 [72] (76)   
                                -0.353     0.102    -0.155     0.638     0.498
 76      K_S0     310 [74] (77,78)   
                                -0.353     0.102    -0.155     0.638     0.498
--- final:
 24       pi+     211 [21]    
                                -0.401    -0.091    -0.456     0.630     0.140
 31       pi-    -211 [23]    
                                 0.166     0.125    -0.022     0.251     0.140
 34        K+     321 [32]    
                                -0.736     0.378    -0.854     1.287     0.494
 35       pi-    -211 [32]    
                                 0.039     0.279    -0.260     0.408     0.140
 36     gamma      22 [33]    
                                -0.009     0.018    -0.004     0.021     0.000
 37     gamma      22 [33]    
                                -0.176     0.007    -0.623     0.647     0.000
 41     gamma      22 [39]    
                                 0.121    -0.033     0.005     0.125     0.000
 42     gamma      22 [39]    
                                 0.106    -0.058     0.155     0.197     0.000
 43     gamma      22 [40]    
                                 0.432     0.111     0.434     0.622     0.000
 44     gamma      22 [40]    
                                 0.349     0.222     0.406     0.579     0.000
 45        K+     321 [27]    
                                -0.000    -0.471     0.289     0.741     0.494
 46       pi-    -211 [27]    
                                 0.008     0.075    -0.133     0.207     0.140
 50     gamma      22 [47]    
                                -0.194     0.111     0.196     0.298     0.000
 51     gamma      22 [47]    
                                -0.028    -0.037     0.030     0.055     0.000
 52     gamma      22 [48]    
                                -0.093    -0.020     0.030     0.099     0.000
 53     gamma      22 [48]    
                                 0.024     0.030     0.079     0.088     0.000
 57     gamma      22 [54]    
                                -0.105     0.145     0.346     0.389     0.000
 58     gamma      22 [54]    
                                -0.016    -0.028     0.113     0.118     0.000
 59     gamma      22 [55]    
                                 0.084    -0.016     0.111     0.140     0.000
 60     gamma      22 [55]    
                                 0.011    -0.004     0.347     0.347     0.000
 61     gamma      22 [56]    
                                -0.099     0.018     0.204     0.227     0.000
 62     gamma      22 [56]    
                                 0.007    -0.050     0.027     0.057     0.000
 66     gamma      22 [63]    
                                 0.200    -0.081     0.143     0.259     0.000
 67     gamma      22 [63]    
                                 0.799    -0.292     0.268     0.892     0.000
 68     gamma      22 [64]    
                                 0.249    -0.091     0.092     0.280     0.000
 69     gamma      22 [64]    
                                -0.008    -0.023     0.038     0.045     0.000
 70     gamma      22 [65]    
                                 0.222    -0.212     0.180     0.356     0.000
 71     gamma      22 [65]    
                                 0.011     0.017     0.035     0.040     0.000
 73       pi+     211 [30]    
                                -0.208    -0.182    -0.344     0.463     0.140
 75       pi-    -211 [72]    
                                -0.401     0.053    -0.677     0.801     0.140
 77       pi+     211 [76]    
                                -0.226     0.074    -0.293     0.402     0.140
 78       pi-    -211 [76]    
                                -0.127     0.028     0.138     0.236     0.140
------------------------------------------------------------------------------
     Sum of momenta:            -3e-05    -2e-05    -2e-05      11.3      11.3

The following exception classes were reported in this run:
ThePEG::EventHandler::ConsistencyException warning (1 times)
ThePEG::LesHouchesReader::LesHouchesReopenWarning warning (1 times)
