>>>>>>>>>>>>>>>>>>>>>>>>>>>>>>>>>>>>>>>>>>>>>>>>>>>>>>>>>>>>>>>>>>>>>>>>>>>>>>
>>>> Toolkit for HEP Event Generation - ThePEG 2.2.0 <<<<<<<<<<<<<<<<<<<<<<<<<
>>>> Tue Jun 30 00:20:01 2020                                             <<<<
<<<<<<<<<<<<<<<<<<<<<<<<<<<<<<<<<<<<<<<<<<<<<<<<<<<<<<<<<<<<<<<<<<<<<<<<<<<<<<

>> Herwig 7.2.0 / ThePEG 2.2.0

/Herwig/EventHandlers/NoCuts:
MHat  = 2 .. 19.6574 GeV
Scale = 0 .. 1e+12 GeV2
YHat  = -100 .. 100
X1    = 0 .. 1
X2    = 0 .. 1

* A warning exception of type ThePEG::LesHouchesReader::LesHouchesReopenWarning occurred while generating event number 1: 
Reopening LesHouchesReader 'myReader' after accessing 2 events out of 1
* A warning exception of type ThePEG::EventHandler::ConsistencyException occurred while generating event number 1: 
Event handler 'myLesHouchesHandler' found energy-momentum non-conservation by (6.82121e-16,-2e-05,-2e-05;9.9994e-06) GeV after generating step number 4.

******************************************************************************
Event number 1 (id: ./OUTPUT/0.95MB1.05/1512470947/TMP/Cluster_HERWIGOutput_5) performed by myLesHouchesHandler
Weight: 1
==============================================================================

--- Colliding particles:
  1        e-      11  (3)   
                                 4.914     0.000     0.000     4.914     0.000
  2        e+     -11  (3)   
                                -4.914     0.000    -0.000     4.914     0.000
------------------------------------------------------------------------------
Primary sub-process performed by myReader
--- incoming:
  1        e-      11  (3)   
                                 4.914     0.000     0.000     4.914     0.000
  2        e+     -11  (3)   
                                -4.914     0.000    -0.000     4.914     0.000
--- intermediates:
  3     gamma      22 [1,2] (4..8)   
                                 0.000     0.000     0.000     9.829     9.829
--- outgoing:
  4         g      21 [3] (9)  8>>6 {+1,-2}
                                 0.048    -0.753    -0.071     0.758     0.000
  5         g      21 [3] (10)  7>>7 {+3,-4}
                                -0.569    -1.192     0.303     1.355     0.000
  6         g      21 [3] (11)  4>>8 {+5,-1}
                                -0.100    -0.592     2.735     2.801     0.000
  7         g      21 [3] (12)  5>>5 {+4,-3}
                                -1.143     1.191    -1.657     2.338     0.000
  8         g      21 [3] (13)  6>>4 {+2,-5}
                                 1.763     1.347    -1.311     2.577     0.000
------------------------------------------------------------------------------
Step 1 performed by myLesHouchesHandler
--- intermediates:
  1        e-      11  (3)   
                                 4.914     0.000     0.000     4.914     0.000
  2        e+     -11  (3)   
                                -4.914     0.000    -0.000     4.914     0.000
  3     gamma      22 [1,2] (4..8)   
                                 0.000     0.000     0.000     9.829     9.829
--- final:
  4         g      21 [3] (9)  8>>6 {+1,-2}
                                 0.048    -0.753    -0.071     0.758     0.000
  5         g      21 [3] (10)  7>>7 {+3,-4}
                                -0.569    -1.192     0.303     1.355     0.000
  6         g      21 [3] (11)  4>>8 {+5,-1}
                                -0.100    -0.592     2.735     2.801     0.000
  7         g      21 [3] (12)  5>>5 {+4,-3}
                                -1.143     1.191    -1.657     2.338     0.000
  8         g      21 [3] (13)  6>>4 {+2,-5}
                                 1.763     1.347    -1.311     2.577     0.000
------------------------------------------------------------------------------
     Sum of momenta:            -1e-05    -2e-05    -2e-05      9.83      9.83
------------------------------------------------------------------------------
Step 2 performed by ShowerHandler
--- final:
  9         g      21 [4] (14,15)  13>>11 {+1,-2}
                                 0.041    -0.643    -0.061     1.150     0.950
 10         g      21 [5] (16,17)  12>>12 {+3,-4}
                                -0.486    -1.018     0.259     1.497     0.950
 11         g      21 [6] (18,19)  9>>13 {+5,-1}
                                -0.085    -0.506     2.336     2.573     0.950
 12         g      21 [7] (20,21)  10>>10 {+4,-3}
                                -0.976     1.017    -1.415     2.211     0.950
 13         g      21 [8] (22,23)  11>>9 {+2,-5}
                                 1.506     1.150    -1.119     2.397     0.950
------------------------------------------------------------------------------
     Sum of momenta:            -1e-05    -2e-05    -2e-05      9.83      9.83
------------------------------------------------------------------------------
Step 3 performed by ClusterHadHandler
--- intermediates:
 14         s       3 [9] (24)   {+1}
                                -0.118    -0.385    -0.063     0.607     0.450
 15      sbar      -3 [9] (25)   {-2}
                                 0.158    -0.258     0.003     0.542     0.450
 16         s       3 [10] (26)   {+3}
                                -0.290    -0.341     0.058     0.637     0.450
 17      sbar      -3 [10] (27)   {-4}
                                -0.196    -0.677     0.201     0.860     0.450
 18         d       1 [11] (28)   {+5}
                                -0.089    -0.563     1.989     2.094     0.325
 19      dbar      -1 [11] (24)   {-1}
                                 0.004     0.058     0.347     0.479     0.325
 20         u       2 [12] (27)   {+4}
                                -0.240     0.170    -0.747     0.866     0.325
 21      ubar      -2 [12] (26)   {-3}
                                -0.736     0.847    -0.668     1.346     0.325
 22         s       3 [13] (25)   {+2}
                                 0.523     0.369    -0.347     0.856     0.450
 23      sbar      -3 [13] (28)   {-5}
                                 0.983     0.781    -0.772     1.541     0.450
 24   Cluster      81 [14,19] (31,32)   
                                -0.114    -0.328     0.284     1.087     0.990
 25   Cluster      81 [15,22] (33,34)   
                                 0.681     0.111    -0.345     1.398     1.166
 26   Cluster      81 [16,21] (35,36)   
                                -1.025     0.506    -0.610     1.983     1.501
 27   Cluster      81 [17,20] (29,30)   
                                -0.436    -0.507    -0.545     1.726     1.494
 28   Cluster      81 [18,23] (37,38)   
                                 0.894     0.218     1.217     3.635     3.300
--- final:
 29        K0     311 [27] (39)   
                                -0.209     0.185    -0.400     0.697     0.498
 30      rho+     213 [27] (40,41)   
                                -0.228    -0.692    -0.146     1.029     0.712
 31     Kbar0    -311 [24] (44)   
                                -0.334    -0.248     0.431     0.779     0.498
 32       pi0     111 [24] (47,48)   
                                 0.220    -0.080    -0.147     0.308     0.135
 33        K0     311 [25] (49)   
                                 0.258     0.051     0.143     0.581     0.498
 34     Kbar0    -311 [25] (50)   
                                 0.423     0.060    -0.488     0.817     0.498
 35     Kbar0    -311 [26] (53)   
                                -0.342     0.514    -0.658     1.030     0.498
 36      rho-    -213 [26] (56,57)   
                                -0.684    -0.008     0.048     0.952     0.661
 37      b_10   10113 [28] (60,61)   
                                 0.379     1.066    -0.365     1.703     1.218
 38        K0     311 [28] (70)   
                                 0.515    -0.849     1.582     1.933     0.498
------------------------------------------------------------------------------
     Sum of momenta:            -1e-05    -2e-05    -2e-05      9.83      9.83
------------------------------------------------------------------------------
Step 4 performed by DecayHandler
--- intermediates:
 40       pi0     111 [30] (42,43)   
                                -0.117    -0.149    -0.352     0.422     0.135
 44      K_S0     310 [31] (45,46)   
                                -0.334    -0.248     0.431     0.779     0.498
 50      K_S0     310 [34] (51,52)   
                                 0.423     0.060    -0.488     0.817     0.498
 53      K_S0     310 [35] (54,55)   
                                -0.342     0.514    -0.658     1.030     0.498
 56       pi0     111 [36] (58,59)   
                                -0.455    -0.234    -0.150     0.550     0.135
 60     omega     223 [37] (62,63)   
                                 0.359     1.197    -0.320     1.508     0.781
 61       pi0     111 [37] (68,69)   
                                 0.020    -0.131    -0.046     0.194     0.135
 62      rho-    -213 [60] (64,65)   
                                -0.091     0.641    -0.257     0.776     0.343
 64       pi0     111 [62] (66,67)   
                                -0.095     0.321    -0.035     0.362     0.135
 70      K_S0     310 [38] (71,72)   
                                 0.515    -0.849     1.582     1.933     0.498
--- final:
 39      K_L0     130 [29]    
                                -0.209     0.185    -0.400     0.697     0.498
 41       pi+     211 [30]    
                                -0.110    -0.543     0.206     0.607     0.140
 42     gamma      22 [40]    
                                -0.008    -0.044    -0.208     0.213     0.000
 43     gamma      22 [40]    
                                -0.109    -0.106    -0.144     0.209     0.000
 45       pi+     211 [44]    
                                -0.144    -0.291     0.094     0.366     0.140
 46       pi-    -211 [44]    
                                -0.190     0.043     0.336     0.413     0.140
 47     gamma      22 [32]    
                                 0.045     0.024     0.008     0.051     0.000
 48     gamma      22 [32]    
                                 0.176    -0.104    -0.155     0.257     0.000
 49      K_L0     130 [33]    
                                 0.258     0.051     0.143     0.581     0.498
 51       pi+     211 [50]    
                                 0.024    -0.045    -0.316     0.349     0.140
 52       pi-    -211 [50]    
                                 0.399     0.105    -0.172     0.468     0.140
 54       pi+     211 [53]    
                                -0.084     0.225    -0.030     0.280     0.140
 55       pi-    -211 [53]    
                                -0.257     0.289    -0.628     0.751     0.140
 57       pi-    -211 [36]    
                                -0.228     0.225     0.198     0.402     0.140
 58     gamma      22 [56]    
                                -0.192    -0.096    -0.133     0.253     0.000
 59     gamma      22 [56]    
                                -0.263    -0.138    -0.017     0.298     0.000
 63       pi+     211 [60]    
                                 0.451     0.557    -0.062     0.732     0.140
 65       pi-    -211 [62]    
                                 0.004     0.320    -0.222     0.414     0.140
 66     gamma      22 [64]    
                                -0.021     0.120    -0.077     0.144     0.000
 67     gamma      22 [64]    
                                -0.074     0.201     0.042     0.218     0.000
 68     gamma      22 [61]    
                                -0.004     0.025    -0.025     0.036     0.000
 69     gamma      22 [61]    
                                 0.024    -0.156    -0.021     0.159     0.000
 71       pi+     211 [70]    
                                 0.088    -0.540     0.768     0.954     0.140
 72       pi-    -211 [70]    
                                 0.427    -0.308     0.814     0.979     0.140
------------------------------------------------------------------------------
     Sum of momenta:            -1e-05    -2e-05    -2e-05      9.83      9.83

The following exception classes were reported in this run:
ThePEG::EventHandler::ConsistencyException warning (1 times)
ThePEG::LesHouchesReader::LesHouchesReopenWarning warning (1 times)
