>>>>>>>>>>>>>>>>>>>>>>>>>>>>>>>>>>>>>>>>>>>>>>>>>>>>>>>>>>>>>>>>>>>>>>>>>>>>>>
>>>> Toolkit for HEP Event Generation - ThePEG 2.2.0 <<<<<<<<<<<<<<<<<<<<<<<<<
>>>> Tue Jun 30 00:36:40 2020                                             <<<<
<<<<<<<<<<<<<<<<<<<<<<<<<<<<<<<<<<<<<<<<<<<<<<<<<<<<<<<<<<<<<<<<<<<<<<<<<<<<<<

>> Herwig 7.2.0 / ThePEG 2.2.0

/Herwig/EventHandlers/NoCuts:
MHat  = 2 .. 16.3546 GeV
Scale = 0 .. 1e+12 GeV2
YHat  = -100 .. 100
X1    = 0 .. 1
X2    = 0 .. 1

* A warning exception of type ThePEG::LesHouchesReader::LesHouchesReopenWarning occurred while generating event number 1: 
Reopening LesHouchesReader 'myReader' after accessing 2 events out of 1
* A warning exception of type ThePEG::EventHandler::ConsistencyException occurred while generating event number 1: 
Event handler 'myLesHouchesHandler' found energy-momentum non-conservation by (-1e-05,-3e-05,-2e-05;2.99995e-05) GeV after generating step number 4.

******************************************************************************
Event number 1 (id: ./OUTPUT/0.95MB1.05/1513243360/TMP/Cluster_HERWIGOutput_26) performed by myLesHouchesHandler
Weight: 1
==============================================================================

--- Colliding particles:
  1        e-      11  (3)   
                                 4.089     0.000     0.000     4.089     0.000
  2        e+     -11  (3)   
                                -4.089     0.000     0.000     4.089     0.000
------------------------------------------------------------------------------
Primary sub-process performed by myReader
--- incoming:
  1        e-      11  (3)   
                                 4.089     0.000     0.000     4.089     0.000
  2        e+     -11  (3)   
                                -4.089     0.000     0.000     4.089     0.000
--- intermediates:
  3     gamma      22 [1,2] (4..7)   
                                -0.000     0.000    -0.000     8.177     8.177
--- outgoing:
  4         g      21 [3] (8)  7>>7 {+1,-2}
                                 2.174    -1.292     0.961     2.706     0.000
  5         g      21 [3] (9)  6>>6 {+3,-4}
                                 0.175    -0.216    -1.975     1.995     0.000
  6         g      21 [3] (10)  5>>5 {+4,-3}
                                -1.952     0.661     1.371     2.475     0.000
  7         g      21 [3] (11)  4>>4 {+2,-1}
                                -0.397     0.847    -0.357     1.002     0.000
------------------------------------------------------------------------------
Step 1 performed by myLesHouchesHandler
--- intermediates:
  1        e-      11  (3)   
                                 4.089     0.000     0.000     4.089     0.000
  2        e+     -11  (3)   
                                -4.089     0.000     0.000     4.089     0.000
  3     gamma      22 [1,2] (4..7)   
                                -0.000     0.000    -0.000     8.177     8.177
--- final:
  4         g      21 [3] (8)  7>>7 {+1,-2}
                                 2.174    -1.292     0.961     2.706     0.000
  5         g      21 [3] (9)  6>>6 {+3,-4}
                                 0.175    -0.216    -1.975     1.995     0.000
  6         g      21 [3] (10)  5>>5 {+4,-3}
                                -1.952     0.661     1.371     2.475     0.000
  7         g      21 [3] (11)  4>>4 {+2,-1}
                                -0.397     0.847    -0.357     1.002     0.000
------------------------------------------------------------------------------
     Sum of momenta:            -2e-05    -3e-05    -2e-05      8.18      8.18
------------------------------------------------------------------------------
Step 2 performed by ShowerHandler
--- final:
  8         g      21 [4] (12,13)  11>>11 {+1,-2}
                                 1.897    -1.127     0.839     2.545     0.950
  9         g      21 [5] (14,15)  10>>10 {+3,-4}
                                 0.153    -0.188    -1.724     1.983     0.950
 10         g      21 [6] (16,17)  9>>9 {+4,-3}
                                -1.703     0.576     1.196     2.359     0.950
 11         g      21 [7] (18,19)  8>>8 {+2,-1}
                                -0.347     0.739    -0.312     1.291     0.950
------------------------------------------------------------------------------
     Sum of momenta:            -2e-05    -3e-05    -2e-05      8.18      8.18
------------------------------------------------------------------------------
Step 3 performed by ClusterHadHandler
--- intermediates:
 12         u       2 [8] (23)   {+1}
                                 0.839    -0.130     0.251     0.944     0.325
 13      ubar      -2 [8] (20)   {-2}
                                 1.057    -0.997     0.587     1.601     0.325
 14         s       3 [9] (21)   {+3}
                                 0.108    -0.060    -0.566     0.734     0.450
 15      sbar      -3 [9] (23)   {-4}
                                 0.045    -0.128    -1.157     1.249     0.450
 16         u       2 [10] (22)   {+4}
                                -0.735     0.143     0.142     0.829     0.325
 17      ubar      -2 [10] (21)   {-3}
                                -0.967     0.433     1.055     1.530     0.325
 18         u       2 [11] (20)   {+2}
                                -0.330     0.513    -0.499     0.852     0.325
 19      ubar      -2 [11] (22)   {-1}
                                -0.017     0.226     0.187     0.439     0.325
 20   Cluster      81 [13,18] (24,25)   
                                 0.728    -0.484     0.088     2.453     2.290
 21   Cluster      81 [14,17] (26,27)   
                                -0.859     0.373     0.489     2.264     2.002
 22   Cluster      81 [16,19] (30,31)   
                                -0.752     0.370     0.329     1.267     0.892
 23   Cluster      81 [12,15] (28,29)   
                                 0.884    -0.259    -0.906     2.193     1.772
--- final:
 24      rho-    -213 [20] (32,33)   
                                 0.258     0.482    -0.254     0.934     0.712
 25      pi'+  100211 [20] (36,37)   
                                 0.469    -0.967     0.343     1.519     1.018
 26     Kbar0    -311 [21] (40)   
                                -0.431     0.238     0.045     0.701     0.498
 27     rho'- -100213 [21] (41,42)   
                                -0.429     0.135     0.444     1.562     1.429
 28       pi0     111 [23] (45,46)   
                                 0.946    -0.094    -0.864     1.292     0.135
 29       K*+     323 [23] (47,48)   
                                -0.062    -0.165    -0.042     0.901     0.883
 30       eta     221 [22] (51,52)   
                                -0.669     0.494     0.369     1.062     0.548
 31       pi0     111 [22] (53,54)   
                                -0.083    -0.125    -0.040     0.205     0.135
------------------------------------------------------------------------------
     Sum of momenta:            -2e-05    -3e-05    -2e-05      8.18      8.18
------------------------------------------------------------------------------
Step 4 performed by DecayHandler
--- intermediates:
 32       pi0     111 [24] (34,35)   
                                 0.204     0.004     0.152     0.288     0.135
 37      rho0     113 [25] (38,39)   
                                 0.124    -0.953     0.249     1.135     0.552
 41       pi0     111 [27] (43,44)   
                                 0.480    -0.093    -0.021     0.508     0.135
 48       pi0     111 [29] (49,50)   
                                -0.004     0.097     0.224     0.279     0.135
--- final:
 33       pi-    -211 [24]    
                                 0.054     0.478    -0.407     0.645     0.140
 34     gamma      22 [32]    
                                 0.090     0.018     0.146     0.173     0.000
 35     gamma      22 [32]    
                                 0.115    -0.014     0.006     0.116     0.000
 36       pi+     211 [25]    
                                 0.345    -0.014     0.094     0.384     0.140
 38       pi+     211 [37]    
                                 0.131    -0.159     0.215     0.329     0.140
 39       pi-    -211 [37]    
                                -0.006    -0.793     0.034     0.806     0.140
 40      K_L0     130 [26]    
                                -0.431     0.238     0.045     0.701     0.498
 42       pi-    -211 [27]    
                                -0.908     0.228     0.465     1.055     0.140
 43     gamma      22 [41]    
                                 0.095    -0.027    -0.059     0.115     0.000
 44     gamma      22 [41]    
                                 0.385    -0.066     0.038     0.393     0.000
 45     gamma      22 [28]    
                                 0.254    -0.009    -0.157     0.298     0.000
 46     gamma      22 [28]    
                                 0.693    -0.085    -0.707     0.994     0.000
 47        K+     321 [29]    
                                -0.058    -0.262    -0.266     0.622     0.494
 49     gamma      22 [48]    
                                 0.050     0.046     0.037     0.078     0.000
 50     gamma      22 [48]    
                                -0.055     0.051     0.187     0.202     0.000
 51     gamma      22 [30]    
                                -0.107     0.258    -0.096     0.295     0.000
 52     gamma      22 [30]    
                                -0.562     0.236     0.464     0.767     0.000
 53     gamma      22 [31]    
                                -0.058    -0.151    -0.018     0.163     0.000
 54     gamma      22 [31]    
                                -0.025     0.027    -0.021     0.042     0.000
------------------------------------------------------------------------------
     Sum of momenta:            -2e-05    -3e-05    -2e-05      8.18      8.18

The following exception classes were reported in this run:
ThePEG::EventHandler::ConsistencyException warning (1 times)
ThePEG::LesHouchesReader::LesHouchesReopenWarning warning (1 times)
