>>>>>>>>>>>>>>>>>>>>>>>>>>>>>>>>>>>>>>>>>>>>>>>>>>>>>>>>>>>>>>>>>>>>>>>>>>>>>>
>>>> Toolkit for HEP Event Generation - ThePEG 2.2.0 <<<<<<<<<<<<<<<<<<<<<<<<<
>>>> Tue Jun 30 00:40:53 2020                                             <<<<
<<<<<<<<<<<<<<<<<<<<<<<<<<<<<<<<<<<<<<<<<<<<<<<<<<<<<<<<<<<<<<<<<<<<<<<<<<<<<<

>> Herwig 7.2.0 / ThePEG 2.2.0

/Herwig/EventHandlers/NoCuts:
MHat  = 2 .. 16.0927 GeV
Scale = 0 .. 1e+12 GeV2
YHat  = -100 .. 100
X1    = 0 .. 1
X2    = 0 .. 1

* A warning exception of type ThePEG::LesHouchesReader::LesHouchesReopenWarning occurred while generating event number 1: 
Reopening LesHouchesReader 'myReader' after accessing 2 events out of 1
* A warning exception of type ThePEG::EventHandler::ConsistencyException occurred while generating event number 1: 
Event handler 'myLesHouchesHandler' found energy-momentum non-conservation by (-1e-05,-2e-05,-2e-05;9.99929e-06) GeV after generating step number 4.

******************************************************************************
Event number 1 (id: ./OUTPUT/0.95MB1.05/1512015332/TMP/Cluster_HERWIGOutput_31) performed by myLesHouchesHandler
Weight: 1
==============================================================================

--- Colliding particles:
  1        e-      11  (3)   
                                 4.023     0.000     0.000     4.023     0.000
  2        e+     -11  (3)   
                                -4.023     0.000     0.000     4.023     0.000
------------------------------------------------------------------------------
Primary sub-process performed by myReader
--- incoming:
  1        e-      11  (3)   
                                 4.023     0.000     0.000     4.023     0.000
  2        e+     -11  (3)   
                                -4.023     0.000     0.000     4.023     0.000
--- intermediates:
  3     gamma      22 [1,2] (4..7)   
                                 0.000     0.000     0.000     8.046     8.046
--- outgoing:
  4         g      21 [3] (8)  5>>5 {+1,-2}
                                -0.901     0.135    -1.117     1.441     0.000
  5         g      21 [3] (9)  4>>4 {+2,-1}
                                -0.705     1.236     1.361     1.969     0.000
  6         g      21 [3] (10)  7>>7 {+3,-4}
                                -1.005     0.296    -0.999     1.448     0.000
  7         g      21 [3] (11)  6>>6 {+4,-3}
                                 2.611    -1.666     0.755     3.189     0.000
------------------------------------------------------------------------------
Step 1 performed by myLesHouchesHandler
--- intermediates:
  1        e-      11  (3)   
                                 4.023     0.000     0.000     4.023     0.000
  2        e+     -11  (3)   
                                -4.023     0.000     0.000     4.023     0.000
  3     gamma      22 [1,2] (4..7)   
                                 0.000     0.000     0.000     8.046     8.046
--- final:
  4         g      21 [3] (8)  5>>5 {+1,-2}
                                -0.901     0.135    -1.117     1.441     0.000
  5         g      21 [3] (9)  4>>4 {+2,-1}
                                -0.705     1.236     1.361     1.969     0.000
  6         g      21 [3] (10)  7>>7 {+3,-4}
                                -1.005     0.296    -0.999     1.448     0.000
  7         g      21 [3] (11)  6>>6 {+4,-3}
                                 2.611    -1.666     0.755     3.189     0.000
------------------------------------------------------------------------------
     Sum of momenta:            -2e-05    -2e-05    -2e-05      8.05      8.05
------------------------------------------------------------------------------
Step 2 performed by ShowerHandler
--- final:
  8         g      21 [4] (12,13)  9>>9 {+1,-2}
                                -0.784     0.117    -0.973     1.574     0.950
  9         g      21 [5] (14,15)  8>>8 {+2,-1}
                                -0.614     1.076     1.185     1.960     0.950
 10         g      21 [6] (16,17)  11>>11 {+3,-4}
                                -0.875     0.258    -0.870     1.578     0.950
 11         g      21 [7] (18,19)  10>>10 {+4,-3}
                                 2.274    -1.451     0.658     2.934     0.950
------------------------------------------------------------------------------
     Sum of momenta:            -2e-05    -2e-05    -2e-05      8.05      8.05
------------------------------------------------------------------------------
Step 3 performed by ClusterHadHandler
--- intermediates:
 12         u       2 [8] (20)   {+1}
                                -0.346     0.390    -0.604     0.861     0.325
 13      ubar      -2 [8] (21)   {-2}
                                -0.438    -0.272    -0.369     0.713     0.325
 14         s       3 [9] (21)   {+2}
                                -0.298     0.619     0.806     1.151     0.450
 15      sbar      -3 [9] (20)   {-1}
                                -0.316     0.457     0.379     0.809     0.450
 16         u       2 [10] (22)   {+3}
                                -0.619     0.079    -0.881     1.128     0.325
 17      ubar      -2 [10] (23)   {-4}
                                -0.256     0.178     0.011     0.451     0.325
 18         u       2 [11] (23)   {+4}
                                 0.644    -0.415    -0.092     0.837     0.325
 19      ubar      -2 [11] (22)   {-3}
                                 1.630    -1.036     0.750     2.097     0.325
 20   Cluster      81 [12,15] (28,29)   
                                -0.662     0.847    -0.225     1.671     1.259
 21   Cluster      81 [13,14] (24,25)   
                                -0.737     0.347     0.437     1.863     1.618
 22   Cluster      81 [16,19] (26,27)   
                                 1.011    -0.957    -0.131     3.225     2.906
 23   Cluster      81 [17,18] (30,31)   
                                 0.388    -0.237    -0.081     1.288     1.202
--- final:
 24       pi-    -211 [21]    
                                -0.422     0.106    -0.534     0.703     0.140
 25     Kbar0    -311 [21] (32)   
                                -0.314     0.241     0.971     1.161     0.498
 26     rho'+  100213 [22] (35,36)   
                                 0.116    -0.706    -0.028     1.720     1.564
 27      b_1-  -10213 [22] (39,40)   
                                 0.894    -0.251    -0.103     1.505     1.180
 28       pi+     211 [20]    
                                -0.243     0.364     0.430     0.629     0.140
 29        K0     311 [20] (47)   
                                -0.419     0.483    -0.655     1.042     0.498
 30       pi-    -211 [23]    
                                -0.371     0.054     0.156     0.430     0.140
 31       pi+     211 [23]    
                                 0.759    -0.290    -0.237     0.858     0.140
------------------------------------------------------------------------------
     Sum of momenta:            -2e-05    -2e-05    -2e-05      8.05      8.05
------------------------------------------------------------------------------
Step 4 performed by DecayHandler
--- intermediates:
 32      K_S0     310 [25] (33,34)   
                                -0.314     0.241     0.971     1.161     0.498
 35       pi0     111 [26] (37,38)   
                                -0.604     0.104    -0.019     0.627     0.135
 39     omega     223 [27] (41,42)   
                                 1.000    -0.140    -0.133     1.296     0.802
 41      rho-    -213 [39] (43,44)   
                                 0.733     0.012     0.078     0.898     0.513
 43       pi0     111 [41] (45,46)   
                                 0.434     0.019    -0.170     0.485     0.135
--- final:
 24       pi-    -211 [21]    
                                -0.422     0.106    -0.534     0.703     0.140
 28       pi+     211 [20]    
                                -0.243     0.364     0.430     0.629     0.140
 30       pi-    -211 [23]    
                                -0.371     0.054     0.156     0.430     0.140
 31       pi+     211 [23]    
                                 0.759    -0.290    -0.237     0.858     0.140
 33       pi+     211 [32]    
                                -0.007     0.245     0.312     0.420     0.140
 34       pi-    -211 [32]    
                                -0.307    -0.004     0.659     0.740     0.140
 36       pi+     211 [26]    
                                 0.720    -0.810    -0.010     1.092     0.140
 37     gamma      22 [35]    
                                -0.414     0.114     0.033     0.431     0.000
 38     gamma      22 [35]    
                                -0.190    -0.011    -0.051     0.197     0.000
 40       pi-    -211 [27]    
                                -0.105    -0.111     0.030     0.209     0.140
 42       pi+     211 [39]    
                                 0.267    -0.152    -0.211     0.398     0.140
 44       pi-    -211 [41]    
                                 0.299    -0.007     0.248     0.413     0.140
 45     gamma      22 [43]    
                                 0.265    -0.041    -0.058     0.275     0.000
 46     gamma      22 [43]    
                                 0.168     0.060    -0.111     0.211     0.000
 47      K_L0     130 [29]    
                                -0.419     0.483    -0.655     1.042     0.498
------------------------------------------------------------------------------
     Sum of momenta:            -2e-05    -2e-05    -2e-05      8.05      8.05

The following exception classes were reported in this run:
ThePEG::EventHandler::ConsistencyException warning (1 times)
ThePEG::LesHouchesReader::LesHouchesReopenWarning warning (1 times)
