>>>>>>>>>>>>>>>>>>>>>>>>>>>>>>>>>>>>>>>>>>>>>>>>>>>>>>>>>>>>>>>>>>>>>>>>>>>>>>
>>>> Toolkit for HEP Event Generation - ThePEG 2.2.0 <<<<<<<<<<<<<<<<<<<<<<<<<
>>>> Tue Jun 30 00:59:56 2020                                             <<<<
<<<<<<<<<<<<<<<<<<<<<<<<<<<<<<<<<<<<<<<<<<<<<<<<<<<<<<<<<<<<<<<<<<<<<<<<<<<<<<

>> Herwig 7.2.0 / ThePEG 2.2.0

/Herwig/EventHandlers/NoCuts:
MHat  = 2 .. 28.6244 GeV
Scale = 0 .. 1e+12 GeV2
YHat  = -100 .. 100
X1    = 0 .. 1
X2    = 0 .. 1

* A warning exception of type ThePEG::LesHouchesReader::LesHouchesReopenWarning occurred while generating event number 1: 
Reopening LesHouchesReader 'myReader' after accessing 2 events out of 1
* A warning exception of type ThePEG::EventHandler::ConsistencyException occurred while generating event number 1: 
Event handler 'myLesHouchesHandler' found energy-momentum non-conservation by (-2e-05,-3e-05,-3e-05;2.99989e-05) GeV after generating step number 4.

******************************************************************************
Event number 1 (id: ./OUTPUT/0.95MB1.05/1514252642/TMP/Cluster_HERWIGOutput_31) performed by myLesHouchesHandler
Weight: 1
==============================================================================

--- Colliding particles:
  1        e-      11  (3)   
                                 7.156     0.000     0.000     7.156     0.000
  2        e+     -11  (3)   
                                -7.156     0.000    -0.000     7.156     0.000
------------------------------------------------------------------------------
Primary sub-process performed by myReader
--- incoming:
  1        e-      11  (3)   
                                 7.156     0.000     0.000     7.156     0.000
  2        e+     -11  (3)   
                                -7.156     0.000    -0.000     7.156     0.000
--- intermediates:
  3     gamma      22 [1,2] (4..8)   
                                -0.000     0.000     0.000    14.312    14.312
--- outgoing:
  4         g      21 [3] (9)  7>>8 {+1,-2}
                                -0.538     0.387    -1.116     1.298     0.000
  5         g      21 [3] (10)  6>>6 {+3,-4}
                                 0.961    -5.158     1.384     5.426     0.000
  6         g      21 [3] (11)  5>>5 {+4,-3}
                                 2.655     2.323    -0.781     3.614     0.000
  7         g      21 [3] (14)  8>>4 {+2,-5}
                                -1.051     0.878     0.299     1.402     0.000
  8         g      21 [3] (15)  4>>7 {+5,-1}
                                -2.028     1.570     0.214     2.573     0.000
------------------------------------------------------------------------------
Step 1 performed by myLesHouchesHandler
--- intermediates:
  1        e-      11  (3)   
                                 7.156     0.000     0.000     7.156     0.000
  2        e+     -11  (3)   
                                -7.156     0.000    -0.000     7.156     0.000
  3     gamma      22 [1,2] (4..8)   
                                -0.000     0.000     0.000    14.312    14.312
--- final:
  4         g      21 [3] (9)  7>>8 {+1,-2}
                                -0.538     0.387    -1.116     1.298     0.000
  5         g      21 [3] (10)  6>>6 {+3,-4}
                                 0.961    -5.158     1.384     5.426     0.000
  6         g      21 [3] (11)  5>>5 {+4,-3}
                                 2.655     2.323    -0.781     3.614     0.000
  7         g      21 [3] (14)  8>>4 {+2,-5}
                                -1.051     0.878     0.299     1.402     0.000
  8         g      21 [3] (15)  4>>7 {+5,-1}
                                -2.028     1.570     0.214     2.573     0.000
------------------------------------------------------------------------------
     Sum of momenta:            -3e-05    -3e-05    -3e-05      14.3      14.3
------------------------------------------------------------------------------
Step 2 performed by ShowerHandler
--- intermediates:
 11         g      21 [6] (12,13)   {+4,-3}
                                 2.056     1.799    -0.604     4.974     4.112
--- final:
  9         g      21 [4] (16,17)  14>>15 {+1,-2}
                                -0.417     0.299    -0.864     1.383     0.950
 10         g      21 [5] (18,19)  13>>12 {+3,-4}
                                 0.744    -3.993     1.071     4.307     0.950
 12         g      21 [11] (24,25)  10>>13 {+6,-3}
                                 0.233    -0.003    -1.754     2.009     0.950
 13         g      21 [11] (26,27)  12>>10 {+4,-6}
                                 1.822     1.801     1.150     2.965     0.950
 14         g      21 [7] (20,21)  15>>9 {+2,-5}
                                -0.814     0.680     0.231     1.442     0.950
 15         g      21 [8] (22,23)  9>>14 {+5,-1}
                                -1.570     1.215     0.166     2.207     0.950
------------------------------------------------------------------------------
     Sum of momenta:            -3e-05    -3e-05    -3e-05      14.3      14.3
------------------------------------------------------------------------------
Step 3 performed by ClusterHadHandler
--- intermediates:
 16         d       1 [9] (30)   {+1}
                                -0.342     0.369    -0.191     0.628     0.325
 17      dbar      -1 [9] (32)   {-2}
                                -0.075    -0.070    -0.673     0.755     0.325
 18         s       3 [10] (28)   {+3}
                                 0.388    -2.431     0.543     2.561     0.450
 19      sbar      -3 [10] (30)   {-4}
                                 0.357    -1.562     0.528     1.746     0.450
 20         u       2 [14] (33)   {+2}
                                -0.161     0.299     0.382     0.606     0.325
 21      ubar      -2 [14] (29)   {-5}
                                -0.653     0.380    -0.151     0.836     0.325
 22         u       2 [15] (29)   {+5}
                                -1.323     0.697     0.014     1.530     0.325
 23      ubar      -2 [15] (31)   {-1}
                                -0.247     0.518     0.152     0.677     0.325
 24         s       3 [12] (32)   {+6}
                                 0.101     0.007    -0.560     0.726     0.450
 25      sbar      -3 [12] (28)   {-3}
                                 0.133    -0.009    -1.194     1.283     0.450
 26         u       2 [13] (31)   {+4}
                                 1.416     1.122     0.537     1.913     0.325
 27      ubar      -2 [13] (33)   {-6}
                                 0.407     0.679     0.613     1.052     0.325
 28   Cluster      81 [18,25] (40,41)   
                                 0.520    -2.441    -0.651     3.844     2.851
 29   Cluster      81 [21,22] (44,45)   
                                -1.976     1.077    -0.137     2.366     0.719
 30   Cluster      81 [16,19] (38,39)   
                                 0.015    -1.193     0.337     2.374     2.024
 31   Cluster      81 [23,26] (36,37)   
                                 1.168     1.641     0.689     2.590     1.475
 32   Cluster      81 [17,24] (42,43)   
                                 0.026    -0.063    -1.233     1.480     0.815
 33   Cluster      81 [20,27] (34,35)   
                                 0.246     0.978     0.995     1.658     0.862
--- final:
 34       pi+     211 [33]    
                                 0.315     0.170     0.024     0.385     0.140
 35       pi-    -211 [33]    
                                -0.069     0.808     0.971     1.273     0.140
 36      b_1+   10213 [31] (46,47)   
                                 0.868     1.070     0.267     1.807     1.137
 37       pi-    -211 [31]    
                                 0.300     0.571     0.422     0.783     0.140
 38      a_20     115 [30] (54,55)   
                                -0.325    -1.059     0.056     1.695     1.282
 39        K0     311 [30] (60)   
                                 0.340    -0.134     0.282     0.678     0.498
 40     Kbar0    -311 [28] (61)   
                                -0.585    -0.321    -0.637     1.048     0.498
 41     K''*0   30313 [28] (62,63)   
                                 1.105    -2.120    -0.014     2.796     1.450
 42        K-    -321 [32]    
                                -0.067    -0.188    -1.126     1.245     0.494
 43       pi+     211 [32]    
                                 0.093     0.125    -0.108     0.235     0.140
 44       pi-    -211 [29]    
                                -0.468     0.046     0.148     0.513     0.140
 45       pi+     211 [29]    
                                -1.507     1.031    -0.285     1.854     0.140
------------------------------------------------------------------------------
     Sum of momenta:            -3e-05    -3e-05    -3e-05      14.3      14.3
------------------------------------------------------------------------------
Step 4 performed by DecayHandler
--- intermediates:
 46     omega     223 [36] (48,49)   
                                 0.489     0.533     0.368     1.127     0.782
 48      rho-    -213 [46] (50,51)   
                                 0.262     0.472     0.187     0.799     0.558
 50       pi0     111 [48] (52,53)   
                                -0.054    -0.005     0.151     0.209     0.135
 54      rho-    -213 [38] (56,57)   
                                -0.382    -0.111     0.317     0.700     0.482
 56       pi0     111 [54] (58,59)   
                                -0.007     0.093     0.147     0.221     0.135
 62       K*+     323 [41] (64,65)   
                                 0.859    -1.332    -0.414     1.869     0.899
 65       pi0     111 [62] (66,67)   
                                 0.646    -0.927    -0.160     1.149     0.135
--- final:
 34       pi+     211 [33]    
                                 0.315     0.170     0.024     0.385     0.140
 35       pi-    -211 [33]    
                                -0.069     0.808     0.971     1.273     0.140
 37       pi-    -211 [31]    
                                 0.300     0.571     0.422     0.783     0.140
 42        K-    -321 [32]    
                                -0.067    -0.188    -1.126     1.245     0.494
 43       pi+     211 [32]    
                                 0.093     0.125    -0.108     0.235     0.140
 44       pi-    -211 [29]    
                                -0.468     0.046     0.148     0.513     0.140
 45       pi+     211 [29]    
                                -1.507     1.031    -0.285     1.854     0.140
 47       pi+     211 [36]    
                                 0.379     0.537    -0.101     0.679     0.140
 49       pi+     211 [46]    
                                 0.228     0.061     0.181     0.328     0.140
 51       pi-    -211 [48]    
                                 0.315     0.477     0.037     0.589     0.140
 52     gamma      22 [50]    
                                 0.028    -0.005     0.119     0.122     0.000
 53     gamma      22 [50]    
                                -0.081     0.000     0.032     0.087     0.000
 55       pi+     211 [38]    
                                 0.057    -0.948    -0.261     0.995     0.140
 57       pi-    -211 [54]    
                                -0.375    -0.204     0.169     0.480     0.140
 58     gamma      22 [56]    
                                 0.013    -0.032     0.051     0.062     0.000
 59     gamma      22 [56]    
                                -0.020     0.125     0.096     0.159     0.000
 60      K_L0     130 [39]    
                                 0.340    -0.134     0.282     0.678     0.498
 61      K_L0     130 [40]    
                                -0.585    -0.321    -0.637     1.048     0.498
 63       pi-    -211 [41]    
                                 0.246    -0.788     0.400     0.928     0.140
 64        K+     321 [62]    
                                 0.213    -0.405    -0.254     0.720     0.494
 66     gamma      22 [65]    
                                 0.441    -0.570    -0.047     0.722     0.000
 67     gamma      22 [65]    
                                 0.204    -0.357    -0.113     0.427     0.000
------------------------------------------------------------------------------
     Sum of momenta:            -3e-05    -3e-05    -3e-05      14.3      14.3

The following exception classes were reported in this run:
ThePEG::EventHandler::ConsistencyException warning (1 times)
ThePEG::LesHouchesReader::LesHouchesReopenWarning warning (1 times)
