>>>>>>>>>>>>>>>>>>>>>>>>>>>>>>>>>>>>>>>>>>>>>>>>>>>>>>>>>>>>>>>>>>>>>>>>>>>>>>
>>>> Toolkit for HEP Event Generation - ThePEG 2.2.0 <<<<<<<<<<<<<<<<<<<<<<<<<
>>>> Tue Jun 30 00:55:42 2020                                             <<<<
<<<<<<<<<<<<<<<<<<<<<<<<<<<<<<<<<<<<<<<<<<<<<<<<<<<<<<<<<<<<<<<<<<<<<<<<<<<<<<

>> Herwig 7.2.0 / ThePEG 2.2.0

/Herwig/EventHandlers/NoCuts:
MHat  = 2 .. 27.8854 GeV
Scale = 0 .. 1e+12 GeV2
YHat  = -100 .. 100
X1    = 0 .. 1
X2    = 0 .. 1

* A warning exception of type ThePEG::LesHouchesReader::LesHouchesReopenWarning occurred while generating event number 1: 
Reopening LesHouchesReader 'myReader' after accessing 2 events out of 1
* A warning exception of type ThePEG::EventHandler::ConsistencyException occurred while generating event number 1: 
Event handler 'myLesHouchesHandler' found energy-momentum non-conservation by (-1e-05,-2e-05,-3e-05;-7.05066e-10) GeV after generating step number 4.

******************************************************************************
Event number 1 (id: ./OUTPUT/0.95MB1.05/1512972536/TMP/Cluster_HERWIGOutput_35) performed by myLesHouchesHandler
Weight: 1
==============================================================================

--- Colliding particles:
  1        e-      11  (3)   
                                 6.971     0.000     0.000     6.971     0.000
  2        e+     -11  (3)   
                                -6.971     0.000    -0.000     6.971     0.000
------------------------------------------------------------------------------
Primary sub-process performed by myReader
--- incoming:
  1        e-      11  (3)   
                                 6.971     0.000     0.000     6.971     0.000
  2        e+     -11  (3)   
                                -6.971     0.000    -0.000     6.971     0.000
--- intermediates:
  3     gamma      22 [1,2] (4..8)   
                                -0.000     0.000     0.000    13.943    13.943
--- outgoing:
  4         g      21 [3] (9)  7>>7 {+1,-2}
                                -0.417     0.515     0.877     1.099     0.000
  5         g      21 [3] (10)  8>>6 {+3,-4}
                                -2.374    -3.365    -4.382     6.013     0.000
  6         g      21 [3] (11)  5>>8 {+5,-3}
                                 0.139     0.343    -0.334     0.498     0.000
  7         g      21 [3] (12)  4>>4 {+2,-1}
                                 0.073    -0.701     0.002     0.705     0.000
  8         g      21 [3] (13)  6>>5 {+4,-5}
                                 2.579     3.208     3.838     5.627     0.000
------------------------------------------------------------------------------
Step 1 performed by myLesHouchesHandler
--- intermediates:
  1        e-      11  (3)   
                                 6.971     0.000     0.000     6.971     0.000
  2        e+     -11  (3)   
                                -6.971     0.000    -0.000     6.971     0.000
  3     gamma      22 [1,2] (4..8)   
                                -0.000     0.000     0.000    13.943    13.943
--- final:
  4         g      21 [3] (9)  7>>7 {+1,-2}
                                -0.417     0.515     0.877     1.099     0.000
  5         g      21 [3] (10)  8>>6 {+3,-4}
                                -2.374    -3.365    -4.382     6.013     0.000
  6         g      21 [3] (11)  5>>8 {+5,-3}
                                 0.139     0.343    -0.334     0.498     0.000
  7         g      21 [3] (12)  4>>4 {+2,-1}
                                 0.073    -0.701     0.002     0.705     0.000
  8         g      21 [3] (13)  6>>5 {+4,-5}
                                 2.579     3.208     3.838     5.627     0.000
------------------------------------------------------------------------------
     Sum of momenta:            -2e-05    -2e-05    -3e-05      13.9      13.9
------------------------------------------------------------------------------
Step 2 performed by ShowerHandler
--- final:
  9         g      21 [4] (14,15)  12>>12 {+1,-2}
                                -0.366     0.452     0.771     1.355     0.950
 10         g      21 [5] (16,17)  13>>11 {+3,-4}
                                -2.087    -2.957    -3.852     5.371     0.950
 11         g      21 [6] (18,19)  10>>13 {+5,-3}
                                 0.122     0.301    -0.293     1.046     0.950
 12         g      21 [7] (20,21)  9>>9 {+2,-1}
                                 0.064    -0.616     0.002     1.134     0.950
 13         g      21 [8] (22,23)  11>>10 {+4,-5}
                                 2.267     2.820     3.373     5.037     0.950
------------------------------------------------------------------------------
     Sum of momenta:            -2e-05    -2e-05    -3e-05      13.9      13.9
------------------------------------------------------------------------------
Step 3 performed by ClusterHadHandler
--- intermediates:
 14         d       1 [9] (24)   {+1}
                                -0.234     0.061     0.720     0.826     0.325
 15      dbar      -1 [9] (28)   {-2}
                                -0.132     0.392     0.050     0.528     0.325
 16         u       2 [10] (25)   {+3}
                                -1.209    -2.221    -2.699     3.713     0.325
 17      ubar      -2 [10] (27)   {-4}
                                -0.878    -0.737    -1.153     1.658     0.325
 18         s       3 [11] (26)   {+5}
                                -0.019     0.052    -0.039     0.455     0.450
 19      sbar      -3 [11] (25)   {-3}
                                 0.141     0.249    -0.254     0.591     0.450
 20         u       2 [12] (27)   {+2}
                                -0.216    -0.091    -0.169     0.435     0.325
 21      ubar      -2 [12] (24)   {-1}
                                 0.280    -0.525     0.170     0.699     0.325
 22         s       3 [13] (28)   {+4}
                                 0.821     0.940     1.180     1.775     0.450
 23      sbar      -3 [13] (26)   {-5}
                                 1.446     1.880     2.193     3.262     0.450
 24   Cluster      81 [14,21] (33,34)   
                                 0.046    -0.464     0.891     1.526     1.148
 25   Cluster      81 [16,19] (35,36)   
                                -1.068    -1.972    -2.953     4.304     2.185
 26   Cluster      81 [18,23] (37,38)   
                                 1.427     1.932     2.154     3.717     1.845
 27   Cluster      81 [17,20] (29,30)   
                                -1.094    -0.828    -1.322     2.093     0.866
 28   Cluster      81 [15,22] (31,32)   
                                 0.688     1.331     1.230     2.303     1.244
--- final:
 29       pi0     111 [27] (39,40)   
                                 0.007     0.022     0.039     0.142     0.135
 30       pi0     111 [27] (41,42)   
                                -1.101    -0.850    -1.361     1.951     0.135
 31       eta     221 [28] (43,44)   
                                -0.027     0.487     0.429     0.850     0.548
 32     Kbar0    -311 [28] (45)   
                                 0.715     0.844     0.801     1.454     0.498
 33      rho-    -213 [24] (46,47)   
                                -0.119    -0.412     0.204     0.804     0.650
 34       pi0     111 [24] (50,51)   
                                 0.165    -0.052     0.687     0.721     0.135
 35       pi+     211 [25]    
                                 0.056    -0.443    -0.003     0.468     0.140
 36     K''*0   30313 [25] (52,53)   
                                -1.124    -1.529    -2.950     3.836     1.553
 37    K*bar0    -313 [26] (57,58)   
                                -0.017     0.684     0.800     1.325     0.803
 38        K0     311 [26] (59)   
                                 1.444     1.248     1.354     2.392     0.498
------------------------------------------------------------------------------
     Sum of momenta:            -2e-05    -2e-05    -3e-05      13.9      13.9
------------------------------------------------------------------------------
Step 4 performed by DecayHandler
--- intermediates:
 46       pi0     111 [33] (48,49)   
                                -0.148    -0.459    -0.057     0.504     0.135
 52        K0     311 [36] (54)   
                                -0.274    -1.258    -1.057     1.739     0.498
 53       pi0     111 [36] (55,56)   
                                -0.850    -0.270    -1.893     2.097     0.135
 59      K_S0     310 [38] (60,61)   
                                 1.444     1.248     1.354     2.392     0.498
--- final:
 35       pi+     211 [25]    
                                 0.056    -0.443    -0.003     0.468     0.140
 39     gamma      22 [29]    
                                -0.011     0.058     0.070     0.092     0.000
 40     gamma      22 [29]    
                                 0.018    -0.036    -0.031     0.051     0.000
 41     gamma      22 [30]    
                                -0.275    -0.182    -0.253     0.416     0.000
 42     gamma      22 [30]    
                                -0.826    -0.668    -1.108     1.535     0.000
 43     gamma      22 [31]    
                                -0.246     0.146     0.320     0.429     0.000
 44     gamma      22 [31]    
                                 0.219     0.342     0.109     0.420     0.000
 45      K_L0     130 [32]    
                                 0.715     0.844     0.801     1.454     0.498
 47       pi-    -211 [33]    
                                 0.030     0.047     0.260     0.301     0.140
 48     gamma      22 [46]    
                                -0.044    -0.186    -0.088     0.211     0.000
 49     gamma      22 [46]    
                                -0.104    -0.272     0.031     0.293     0.000
 50     gamma      22 [34]    
                                 0.067    -0.056     0.523     0.530     0.000
 51     gamma      22 [34]    
                                 0.098     0.004     0.164     0.191     0.000
 54      K_L0     130 [52]    
                                -0.274    -1.258    -1.057     1.739     0.498
 55     gamma      22 [53]    
                                -0.580    -0.137    -1.149     1.294     0.000
 56     gamma      22 [53]    
                                -0.270    -0.133    -0.744     0.803     0.000
 57        K-    -321 [37]    
                                -0.090     0.190     0.424     0.684     0.494
 58       pi+     211 [37]    
                                 0.073     0.494     0.377     0.641     0.140
 60       pi+     211 [59]    
                                 0.839     0.967     0.948     1.599     0.140
 61       pi-    -211 [59]    
                                 0.605     0.281     0.406     0.793     0.140
------------------------------------------------------------------------------
     Sum of momenta:            -2e-05    -2e-05    -3e-05      13.9      13.9

The following exception classes were reported in this run:
ThePEG::EventHandler::ConsistencyException warning (1 times)
ThePEG::LesHouchesReader::LesHouchesReopenWarning warning (1 times)
