>>>>>>>>>>>>>>>>>>>>>>>>>>>>>>>>>>>>>>>>>>>>>>>>>>>>>>>>>>>>>>>>>>>>>>>>>>>>>>
>>>> Toolkit for HEP Event Generation - ThePEG 2.2.0 <<<<<<<<<<<<<<<<<<<<<<<<<
>>>> Tue Jun 30 00:59:42 2020                                             <<<<
<<<<<<<<<<<<<<<<<<<<<<<<<<<<<<<<<<<<<<<<<<<<<<<<<<<<<<<<<<<<<<<<<<<<<<<<<<<<<<

>> Herwig 7.2.0 / ThePEG 2.2.0

/Herwig/EventHandlers/NoCuts:
MHat  = 2 .. 88.4861 GeV
Scale = 0 .. 1e+12 GeV2
YHat  = -100 .. 100
X1    = 0 .. 1
X2    = 0 .. 1

* A warning exception of type ThePEG::LesHouchesReader::LesHouchesReopenWarning occurred while generating event number 1: 
Reopening LesHouchesReader 'myReader' after accessing 2 events out of 1
* A warning exception of type ThePEG::EventHandler::ConsistencyException occurred while generating event number 1: 
Event handler 'myLesHouchesHandler' found energy-momentum non-conservation by (-3e-05,-2e-05,-2e-05;2.19966e-05) GeV after generating step number 4.

******************************************************************************
Event number 1 (id: ./OUTPUT/0.95MB1.05/1511886132/TMP/Cluster_HERWIGOutput_31) performed by myLesHouchesHandler
Weight: 1
==============================================================================

--- Colliding particles:
  1        e-      11  (3)   
                                22.122     0.000     0.000    22.122     0.000
  2        e+     -11  (3)   
                               -22.122     0.000     0.000    22.122     0.000
------------------------------------------------------------------------------
Primary sub-process performed by myReader
--- incoming:
  1        e-      11  (3)   
                                22.122     0.000     0.000    22.122     0.000
  2        e+     -11  (3)   
                               -22.122     0.000     0.000    22.122     0.000
--- intermediates:
  3     gamma      22 [1,2] (4..8)   
                                 0.000     0.000     0.000    44.243    44.243
--- outgoing:
  4         g      21 [3] (9)  7>>6 {+1,-2}
                                 5.830     2.143    15.072    16.302     0.000
  5         g      21 [3] (10)  8>>7 {+3,-4}
                                -5.213    -1.352   -20.601    21.293     0.000
  6         g      21 [3] (13)  4>>8 {+5,-1}
                                -1.586    -0.107     3.596     3.932     0.000
  7         g      21 [3] (14)  5>>4 {+2,-3}
                                 0.985    -1.076     1.761     2.287     0.000
  8         g      21 [3] (15)  6>>5 {+4,-5}
                                -0.018     0.393     0.171     0.429     0.000
------------------------------------------------------------------------------
Step 1 performed by myLesHouchesHandler
--- intermediates:
  1        e-      11  (3)   
                                22.122     0.000     0.000    22.122     0.000
  2        e+     -11  (3)   
                               -22.122     0.000     0.000    22.122     0.000
  3     gamma      22 [1,2] (4..8)   
                                 0.000     0.000     0.000    44.243    44.243
--- final:
  4         g      21 [3] (9)  7>>6 {+1,-2}
                                 5.830     2.143    15.072    16.302     0.000
  5         g      21 [3] (10)  8>>7 {+3,-4}
                                -5.213    -1.352   -20.601    21.293     0.000
  6         g      21 [3] (13)  4>>8 {+5,-1}
                                -1.586    -0.107     3.596     3.932     0.000
  7         g      21 [3] (14)  5>>4 {+2,-3}
                                 0.985    -1.076     1.761     2.287     0.000
  8         g      21 [3] (15)  6>>5 {+4,-5}
                                -0.018     0.393     0.171     0.429     0.000
------------------------------------------------------------------------------
     Sum of momenta:            -3e-05    -2e-05    -2e-05      44.2      44.2
------------------------------------------------------------------------------
Step 2 performed by ShowerHandler
--- intermediates:
 10         g      21 [5] (11,12)   {+3,-4}
                                -5.060    -1.313   -19.997    21.005     3.742
--- final:
  9         g      21 [4] (16,17)  14>>13 {+1,-2}
                                 5.660     2.080    14.630    15.853     0.950
 11         s       3 [10] (27)  >14 {+3}
                                -3.481     0.412    -7.601     8.382     0.450
 12      sbar      -3 [10] (28)  15> {-4}
                                -1.579    -1.725   -12.396    12.623     0.450
 13         g      21 [6] (18,19)  9>>15 {+5,-1}
                                -1.539    -0.104     3.491     3.933     0.950
 14         g      21 [7] (20,21)  11>>9 {+2,-3}
                                 0.957    -1.045     1.710     2.415     0.950
 15         g      21 [8] (22,23)  13>>12 {+4,-5}
                                -0.017     0.381     0.166     1.037     0.950
------------------------------------------------------------------------------
     Sum of momenta:            -3e-05    -2e-05    -2e-05      44.2      44.2
------------------------------------------------------------------------------
Step 3 performed by ClusterHadHandler
--- intermediates:
 16         s       3 [9] (24)   {+1}
                                 2.598     1.097     6.678     7.263     0.450
 17      sbar      -3 [9] (25)   {-2}
                                 3.062     0.982     7.952     8.589     0.450
 18         u       2 [13] (26)   {+5}
                                -0.259    -0.244     0.855     0.981     0.325
 19      ubar      -2 [13] (24)   {-1}
                                -1.281     0.140     2.636     2.952     0.325
 20         s       3 [14] (25)   {+2}
                                 0.614    -0.481     0.800     1.205     0.450
 21      sbar      -3 [14] (27)   {-3}
                                 0.342    -0.563     0.909     1.210     0.450
 22         d       1 [15] (28)   {+4}
                                -0.220     0.465    -0.007     0.608     0.325
 23      dbar      -1 [15] (26)   {-5}
                                 0.203    -0.083     0.173     0.429     0.325
 24   Cluster      81 [16,19] (29,30)   
                                 1.317     1.237     9.314    10.215     3.785
 25   Cluster      81 [17,20] (37,38)   
                                 3.676     0.501     8.752     9.794     2.358
 26   Cluster      81 [18,23] (35,36)   
                                -0.056    -0.327     1.028     1.410     0.906
 27   Cluster      81 [11,21] (31,32)   
                                -3.138    -0.151    -6.692     9.592     6.112
 28   Cluster      81 [12,22] (33,34)   
                                -1.799    -1.260   -12.403    13.231     4.049
 29   Cluster      81 [24] (39,40)   
                                 2.495     1.076     6.601     7.182     0.789
 30   Cluster      81 [24] (41,42)   
                                -1.178     0.162     2.714     3.034     0.652
 31   Cluster      81 [27] (43,44)   
                                -0.027    -0.427     0.074     1.737     1.682
 32   Cluster      81 [27] (45,46)   
                                -3.112     0.275    -6.766     7.855     2.484
 33   Cluster      81 [28] (47,48)   
                                -0.264     0.330    -0.562     1.100     0.846
 34   Cluster      81 [28] (49,50)   
                                -1.535    -1.590   -11.841    12.131     1.439
--- final:
 35       pi+     211 [26]    
                                 0.144    -0.339     1.092     1.161     0.140
 36       pi0     111 [26] (51,52)   
                                -0.200     0.012    -0.064     0.250     0.135
 37     K_3*+     327 [25] (53,54)   
                                 2.977     0.177     7.274     8.056     1.758
 38        K-    -321 [25]    
                                 0.699     0.324     1.479     1.739     0.494
 39     Kbar0    -311 [29] (62)   
                                 1.447     0.805     3.756     4.135     0.498
 40       pi0     111 [29] (63,64)   
                                 1.048     0.270     2.844     3.046     0.135
 41       pi-    -211 [30]    
                                -0.246     0.251     1.097     1.161     0.140
 42       pi0     111 [30] (65,66)   
                                -0.932    -0.090     1.616     1.873     0.135
 43      K_1+   10323 [31] (67,68)   
                                -0.186     0.037     0.057     1.227     1.211
 44       pi-    -211 [31]    
                                 0.159    -0.463     0.017     0.510     0.140
 45    Sigma0    3212 [32] (71,72)   
                                -2.643     0.402    -4.770     5.596     1.193
 46     nbar0   -2112 [32]    
                                -0.469    -0.126    -1.996     2.259     0.940
 47       pi-    -211 [33]    
                                -0.377    -0.063    -0.022     0.408     0.140
 48       pi+     211 [33]    
                                 0.113     0.393    -0.541     0.692     0.140
 49        K+     321 [34]    
                                -0.544    -0.353    -2.761     2.879     0.494
 50      rho-    -213 [34] (77,78)   
                                -0.992    -1.237    -9.079     9.252     0.805
------------------------------------------------------------------------------
     Sum of momenta:            -3e-05    -2e-05    -2e-05      44.2      44.2
------------------------------------------------------------------------------
Step 4 performed by DecayHandler
--- intermediates:
 53       K*0     313 [37] (55,56)   
                                 2.830     0.419     6.248     6.983     1.238
 55        K0     311 [53] (57)   
                                 2.178    -0.143     4.276     4.826     0.498
 56       pi0     111 [53] (60,61)   
                                 0.652     0.562     1.972     2.156     0.135
 57      K_S0     310 [55] (58,59)   
                                 2.178    -0.143     4.276     4.826     0.498
 67     K*_00   10311 [43] (69,70)   
                                -0.087     0.236     0.089     0.963     0.925
 71   Lambda0    3122 [45] (73,74)   
                                -2.632     0.401    -4.779     5.583     1.116
 74       pi0     111 [71] (75,76)   
                                -0.397     0.004    -0.878     0.973     0.135
 77       pi0     111 [50] (79,80)   
                                -0.467    -0.071    -2.603     2.649     0.135
--- final:
 35       pi+     211 [26]    
                                 0.144    -0.339     1.092     1.161     0.140
 38        K-    -321 [25]    
                                 0.699     0.324     1.479     1.739     0.494
 41       pi-    -211 [30]    
                                -0.246     0.251     1.097     1.161     0.140
 44       pi-    -211 [31]    
                                 0.159    -0.463     0.017     0.510     0.140
 46     nbar0   -2112 [32]    
                                -0.469    -0.126    -1.996     2.259     0.940
 47       pi-    -211 [33]    
                                -0.377    -0.063    -0.022     0.408     0.140
 48       pi+     211 [33]    
                                 0.113     0.393    -0.541     0.692     0.140
 49        K+     321 [34]    
                                -0.544    -0.353    -2.761     2.879     0.494
 51     gamma      22 [36]    
                                 0.007     0.019    -0.035     0.040     0.000
 52     gamma      22 [36]    
                                -0.207    -0.008    -0.029     0.209     0.000
 54       pi+     211 [37]    
                                 0.147    -0.241     1.026     1.073     0.140
 58       pi+     211 [57]    
                                 0.689    -0.020     1.784     1.917     0.140
 59       pi-    -211 [57]    
                                 1.490    -0.123     2.492     2.909     0.140
 60     gamma      22 [56]    
                                 0.047     0.095     0.274     0.294     0.000
 61     gamma      22 [56]    
                                 0.605     0.466     1.699     1.863     0.000
 62      K_L0     130 [39]    
                                 1.447     0.805     3.756     4.135     0.498
 63     gamma      22 [40]    
                                 0.730     0.251     2.018     2.161     0.000
 64     gamma      22 [40]    
                                 0.319     0.019     0.826     0.886     0.000
 65     gamma      22 [42]    
                                -0.134     0.033     0.210     0.252     0.000
 66     gamma      22 [42]    
                                -0.798    -0.122     1.406     1.621     0.000
 68       pi+     211 [43]    
                                -0.098    -0.200    -0.031     0.264     0.140
 69        K+     321 [67]    
                                -0.319     0.278    -0.056     0.653     0.494
 70       pi-    -211 [67]    
                                 0.232    -0.042     0.145     0.310     0.140
 72     gamma      22 [45]    
                                -0.010     0.000     0.009     0.014     0.000
 73        n0    2112 [71]    
                                -2.235     0.397    -3.900     4.609     0.940
 75     gamma      22 [74]    
                                -0.215    -0.058    -0.539     0.583     0.000
 76     gamma      22 [74]    
                                -0.182     0.062    -0.339     0.390     0.000
 78       pi-    -211 [50]    
                                -0.525    -1.167    -6.476     6.603     0.140
 79     gamma      22 [77]    
                                -0.438    -0.096    -2.475     2.515     0.000
 80     gamma      22 [77]    
                                -0.028     0.025    -0.129     0.134     0.000
------------------------------------------------------------------------------
     Sum of momenta:            -3e-05    -2e-05    -2e-05      44.2      44.2

The following exception classes were reported in this run:
ThePEG::EventHandler::ConsistencyException warning (1 times)
ThePEG::LesHouchesReader::LesHouchesReopenWarning warning (1 times)
