>>>>>>>>>>>>>>>>>>>>>>>>>>>>>>>>>>>>>>>>>>>>>>>>>>>>>>>>>>>>>>>>>>>>>>>>>>>>>>
>>>> Toolkit for HEP Event Generation - ThePEG 2.2.0 <<<<<<<<<<<<<<<<<<<<<<<<<
>>>> Tue Jun 30 00:36:52 2020                                             <<<<
<<<<<<<<<<<<<<<<<<<<<<<<<<<<<<<<<<<<<<<<<<<<<<<<<<<<<<<<<<<<<<<<<<<<<<<<<<<<<<

>> Herwig 7.2.0 / ThePEG 2.2.0

/Herwig/EventHandlers/NoCuts:
MHat  = 2 .. 63.3385 GeV
Scale = 0 .. 1e+12 GeV2
YHat  = -100 .. 100
X1    = 0 .. 1
X2    = 0 .. 1

* A warning exception of type ThePEG::LesHouchesReader::LesHouchesReopenWarning occurred while generating event number 1: 
Reopening LesHouchesReader 'myReader' after accessing 2 events out of 1
* A warning exception of type ThePEG::EventHandler::ConsistencyException occurred while generating event number 1: 
Event handler 'myLesHouchesHandler' found energy-momentum non-conservation by (-1e-05,-3e-05,-3e-05;1.99973e-05) GeV after generating step number 4.

******************************************************************************
Event number 1 (id: ./OUTPUT/0.95MB1.05/1511996808/TMP/Cluster_HERWIGOutput_26) performed by myLesHouchesHandler
Weight: 1
==============================================================================

--- Colliding particles:
  1        e-      11  (3)   
                                15.835     0.000     0.000    15.835     0.000
  2        e+     -11  (3)   
                               -15.835     0.000     0.000    15.835     0.000
------------------------------------------------------------------------------
Primary sub-process performed by myReader
--- incoming:
  1        e-      11  (3)   
                                15.835     0.000     0.000    15.835     0.000
  2        e+     -11  (3)   
                               -15.835     0.000     0.000    15.835     0.000
--- intermediates:
  3     gamma      22 [1,2] (4..8)   
                                 0.000     0.000     0.000    31.669    31.669
--- outgoing:
  4         g      21 [3] (9)  6>>7 {+1,-2}
                                -0.069    -1.388    -1.408     1.978     0.000
  5         g      21 [3] (10)  8>>6 {+3,-4}
                                -1.489    -9.323    -7.387    11.987     0.000
  6         g      21 [3] (11)  5>>4 {+2,-3}
                                -1.977     1.195    -0.175     2.317     0.000
  7         g      21 [3] (12)  4>>8 {+5,-1}
                                -0.975    -0.786     0.772     1.472     0.000
  8         g      21 [3] (13)  7>>5 {+4,-5}
                                 4.510    10.301     8.197    13.916     0.000
------------------------------------------------------------------------------
Step 1 performed by myLesHouchesHandler
--- intermediates:
  1        e-      11  (3)   
                                15.835     0.000     0.000    15.835     0.000
  2        e+     -11  (3)   
                               -15.835     0.000     0.000    15.835     0.000
  3     gamma      22 [1,2] (4..8)   
                                 0.000     0.000     0.000    31.669    31.669
--- final:
  4         g      21 [3] (9)  6>>7 {+1,-2}
                                -0.069    -1.388    -1.408     1.978     0.000
  5         g      21 [3] (10)  8>>6 {+3,-4}
                                -1.489    -9.323    -7.387    11.987     0.000
  6         g      21 [3] (11)  5>>4 {+2,-3}
                                -1.977     1.195    -0.175     2.317     0.000
  7         g      21 [3] (12)  4>>8 {+5,-1}
                                -0.975    -0.786     0.772     1.472     0.000
  8         g      21 [3] (13)  7>>5 {+4,-5}
                                 4.510    10.301     8.197    13.916     0.000
------------------------------------------------------------------------------
     Sum of momenta:            -2e-05    -3e-05    -3e-05      31.7      31.7
------------------------------------------------------------------------------
Step 2 performed by ShowerHandler
--- intermediates:
 13         g      21 [8] (14,19)   {+4,-5}
                                 3.912     8.934     7.110    15.455     9.653
 14         g      21 [13] (15,18)   {+6,-5}
                                 4.481     9.562     6.249    13.918     6.568
 15         g      21 [14] (16,17)   {+7,-5}
                                 3.931     9.255     5.066    12.275     4.889
--- final:
  9         g      21 [4] (20,21)  11>>12 {+1,-2}
                                -0.059    -1.203    -1.221     1.961     0.950
 10         g      21 [5] (22,23)  19>>11 {+3,-4}
                                -1.291    -8.086    -6.407    10.440     0.950
 11         g      21 [6] (24,25)  10>>9 {+2,-3}
                                -1.715     1.037    -0.151     2.223     0.950
 12         g      21 [7] (26,27)  9>>17 {+5,-1}
                                -0.846    -0.682     0.670     1.591     0.950
 16         g      21 [15] (32,33)  17>>18 {+7,-8}
                                 4.643     5.682     3.037     7.998     0.950
 17         g      21 [15] (34,35)  12>>16 {+8,-5}
                                -0.712     3.573     2.029     4.277     0.950
 18         g      21 [14] (30,31)  16>>19 {+6,-7}
                                 0.551     0.307     1.183     1.643     0.950
 19         g      21 [13] (28,29)  18>>10 {+4,-6}
                                -0.570    -0.628     0.860     1.537     0.950
------------------------------------------------------------------------------
     Sum of momenta:            -2e-05    -3e-05    -3e-05      31.7      31.7
------------------------------------------------------------------------------
Step 3 performed by ClusterHadHandler
--- intermediates:
 20         u       2 [9] (40)   {+1}
                                 0.245    -0.261    -0.484     0.684     0.325
 21      ubar      -2 [9] (43)   {-2}
                                -0.305    -0.942    -0.737     1.276     0.325
 22         u       2 [10] (43)   {+3}
                                -0.198    -1.133    -1.017     1.569     0.325
 23      ubar      -2 [10] (40)   {-4}
                                -1.094    -6.952    -5.390     8.871     0.325
 24         d       1 [11] (39)   {+2}
                                -1.491     0.904    -0.259     1.793     0.325
 25      dbar      -1 [11] (42)   {-3}
                                -0.224     0.132     0.108     0.430     0.325
 26         u       2 [12] (42)   {+5}
                                -0.501    -0.386    -0.010     0.711     0.325
 27      ubar      -2 [12] (41)   {-1}
                                -0.345    -0.295     0.680     0.880     0.325
 28         s       3 [19] (41)   {+4}
                                -0.260    -0.142     0.420     0.683     0.450
 29      sbar      -3 [19] (36)   {-6}
                                -0.309    -0.486     0.441     0.854     0.450
 30         d       1 [18] (36)   {+6}
                                 0.191     0.445     0.879     1.055     0.325
 31      dbar      -1 [18] (37)   {-7}
                                 0.359    -0.137     0.304     0.588     0.325
 32         s       3 [16] (37)   {+7}
                                 1.658     2.008     1.015     2.831     0.450
 33      sbar      -3 [16] (38)   {-8}
                                 2.985     3.673     2.022     5.167     0.450
 34         d       1 [17] (38)   {+8}
                                -0.105     0.480     0.417     0.722     0.325
 35      dbar      -1 [17] (39)   {-5}
                                -0.608     3.093     1.612     3.556     0.325
 36   Cluster      81 [29,30] (44,45)   
                                -0.118    -0.042     1.320     1.909     1.373
 37   Cluster      81 [31,32] (58,59)   
                                 2.018     1.871     1.318     3.419     1.543
 38   Cluster      81 [33,34] (50,51)   
                                 2.880     4.153     2.440     5.888     1.783
 39   Cluster      81 [24,35] (46,47)   
                                -2.099     3.997     1.353     5.349     2.528
 40   Cluster      81 [20,23] (54,55)   
                                -0.848    -7.214    -5.874     9.555     2.010
 41   Cluster      81 [27,28] (48,49)   
                                -0.605    -0.437     1.099     1.563     0.822
 42   Cluster      81 [25,26] (56,57)   
                                -0.725    -0.254     0.098     1.141     0.839
 43   Cluster      81 [21,22] (52,53)   
                                -0.503    -2.075    -1.753     2.846     0.680
--- final:
 44        K+     321 [36]    
                                 0.120     0.135     1.009     1.137     0.494
 45      rho-    -213 [36] (60,61)   
                                -0.237    -0.176     0.311     0.771     0.641
 46      a_1-  -20213 [39] (64,65)   
                                -1.116     2.378     0.647     3.102     1.518
 47      a_1+   20213 [39] (77,78)   
                                -0.983     1.620     0.706     2.247     0.979
 48     Kbar0    -311 [41] (81)   
                                -0.269    -0.036     0.609     0.832     0.498
 49       pi-    -211 [41]    
                                -0.337    -0.401     0.490     0.731     0.140
 50       K*+     323 [38] (82,83)   
                                 2.094     3.101     2.087     4.468     1.267
 51      rho-    -213 [38] (87,88)   
                                 0.785     1.052     0.352     1.420     0.411
 52       pi+     211 [43]    
                                -0.167    -0.470    -0.771     0.928     0.140
 53       pi-    -211 [43]    
                                -0.336    -1.605    -0.983     1.917     0.140
 54        n0    2112 [40]    
                                -0.402    -4.053    -3.685     5.572     0.940
 55     nbar0   -2112 [40]    
                                -0.446    -3.161    -2.190     3.983     0.940
 56       pi+     211 [42]    
                                -0.112    -0.428    -0.068     0.469     0.140
 57       pi0     111 [42] (91,92)   
                                -0.613     0.174     0.166     0.672     0.135
 58       pi+     211 [37]    
                                 0.589     0.641     0.408     0.972     0.140
 59      K_1-  -10323 [37] (93,94)   
                                 1.429     1.230     0.910     2.448     1.268
------------------------------------------------------------------------------
     Sum of momenta:            -2e-05    -3e-05    -3e-05      31.7      31.7
------------------------------------------------------------------------------
Step 4 performed by DecayHandler
--- intermediates:
 60       pi0     111 [45] (62,63)   
                                -0.287    -0.200    -0.051     0.379     0.135
 64       K*0     313 [46] (66,67)   
                                -0.603     1.513     0.122     1.865     0.901
 66        K0     311 [64] (68)   
                                -0.680     1.451     0.040     1.679     0.498
 67       pi0     111 [64] (75,76)   
                                 0.077     0.061     0.083     0.186     0.135
 68      K_S0     310 [66] (69,70)   
                                -0.680     1.451     0.040     1.679     0.498
 69       pi0     111 [68] (71,72)   
                                -0.360     0.759    -0.188     0.871     0.135
 70       pi0     111 [68] (73,74)   
                                -0.320     0.693     0.228     0.808     0.135
 77      rho0     113 [47] (79,80)   
                                -0.920     1.498     0.517     1.974     0.735
 82        K0     311 [50] (84)   
                                 1.912     2.414     1.249     3.360     0.498
 84      K_S0     310 [82] (85,86)   
                                 1.912     2.414     1.249     3.360     0.498
 87       pi0     111 [51] (89,90)   
                                 0.331     0.381     0.284     0.595     0.135
 93      rho-    -213 [59] (95,96)   
                                 0.881     0.865     0.606     1.568     0.754
 94     Kbar0    -311 [59] (99)   
                                 0.548     0.365     0.303     0.879     0.498
 95       pi0     111 [93] (97,98)   
                                 0.748     0.963     0.475     1.316     0.135
 99      K_S0     310 [94] (100,101)   
                                 0.548     0.365     0.303     0.879     0.498
100       pi0     111 [99] (102,103)   
                                -0.002    -0.015     0.007     0.136     0.135
101       pi0     111 [99] (104,105)   
                                 0.550     0.380     0.296     0.743     0.135
--- final:
 44        K+     321 [36]    
                                 0.120     0.135     1.009     1.137     0.494
 49       pi-    -211 [41]    
                                -0.337    -0.401     0.490     0.731     0.140
 52       pi+     211 [43]    
                                -0.167    -0.470    -0.771     0.928     0.140
 53       pi-    -211 [43]    
                                -0.336    -1.605    -0.983     1.917     0.140
 54        n0    2112 [40]    
                                -0.402    -4.053    -3.685     5.572     0.940
 55     nbar0   -2112 [40]    
                                -0.446    -3.161    -2.190     3.983     0.940
 56       pi+     211 [42]    
                                -0.112    -0.428    -0.068     0.469     0.140
 58       pi+     211 [37]    
                                 0.589     0.641     0.408     0.972     0.140
 61       pi-    -211 [45]    
                                 0.050     0.024     0.362     0.392     0.140
 62     gamma      22 [60]    
                                -0.130    -0.166    -0.055     0.218     0.000
 63     gamma      22 [60]    
                                -0.157    -0.034     0.003     0.161     0.000
 65        K-    -321 [46]    
                                -0.513     0.865     0.524     1.237     0.494
 71     gamma      22 [69]    
                                -0.161     0.204    -0.034     0.262     0.000
 72     gamma      22 [69]    
                                -0.199     0.554    -0.154     0.609     0.000
 73     gamma      22 [70]    
                                -0.264     0.651     0.188     0.728     0.000
 74     gamma      22 [70]    
                                -0.056     0.041     0.039     0.080     0.000
 75     gamma      22 [67]    
                                 0.049    -0.039     0.024     0.067     0.000
 76     gamma      22 [67]    
                                 0.027     0.100     0.059     0.119     0.000
 78       pi+     211 [47]    
                                -0.063     0.121     0.190     0.272     0.140
 79       pi+     211 [77]    
                                 0.044     0.455     0.135     0.497     0.140
 80       pi-    -211 [77]    
                                -0.964     1.043     0.382     1.477     0.140
 81      K_L0     130 [48]    
                                -0.269    -0.036     0.609     0.832     0.498
 83       pi+     211 [50]    
                                 0.183     0.687     0.839     1.108     0.140
 85       pi+     211 [84]    
                                 0.724     1.185     0.685     1.555     0.140
 86       pi-    -211 [84]    
                                 1.188     1.229     0.563     1.805     0.140
 88       pi-    -211 [51]    
                                 0.454     0.671     0.068     0.825     0.140
 89     gamma      22 [87]    
                                 0.176     0.252     0.105     0.325     0.000
 90     gamma      22 [87]    
                                 0.155     0.129     0.180     0.270     0.000
 91     gamma      22 [57]    
                                -0.202     0.118     0.090     0.250     0.000
 92     gamma      22 [57]    
                                -0.411     0.057     0.076     0.422     0.000
 96       pi-    -211 [93]    
                                 0.132    -0.098     0.132     0.253     0.140
 97     gamma      22 [95]    
                                 0.375     0.592     0.268     0.750     0.000
 98     gamma      22 [95]    
                                 0.373     0.371     0.206     0.565     0.000
102     gamma      22 [100]    
                                -0.066    -0.010     0.022     0.070     0.000
103     gamma      22 [100]    
                                 0.064    -0.005    -0.016     0.066     0.000
104     gamma      22 [101]    
                                 0.201     0.149     0.042     0.254     0.000
105     gamma      22 [101]    
                                 0.349     0.231     0.255     0.490     0.000
------------------------------------------------------------------------------
     Sum of momenta:            -2e-05    -3e-05    -3e-05      31.7      31.7

The following exception classes were reported in this run:
ThePEG::EventHandler::ConsistencyException warning (1 times)
ThePEG::LesHouchesReader::LesHouchesReopenWarning warning (1 times)
