>>>>>>>>>>>>>>>>>>>>>>>>>>>>>>>>>>>>>>>>>>>>>>>>>>>>>>>>>>>>>>>>>>>>>>>>>>>>>>
>>>> Toolkit for HEP Event Generation - ThePEG 2.2.0 <<<<<<<<<<<<<<<<<<<<<<<<<
>>>> Tue Jun 30 00:45:31 2020                                             <<<<
<<<<<<<<<<<<<<<<<<<<<<<<<<<<<<<<<<<<<<<<<<<<<<<<<<<<<<<<<<<<<<<<<<<<<<<<<<<<<<

>> Herwig 7.2.0 / ThePEG 2.2.0

/Herwig/EventHandlers/NoCuts:
MHat  = 2 .. 17.7946 GeV
Scale = 0 .. 1e+12 GeV2
YHat  = -100 .. 100
X1    = 0 .. 1
X2    = 0 .. 1

* A warning exception of type ThePEG::LesHouchesReader::LesHouchesReopenWarning occurred while generating event number 1: 
Reopening LesHouchesReader 'myReader' after accessing 2 events out of 1
* A warning exception of type ThePEG::EventHandler::ConsistencyException occurred while generating event number 1: 
Event handler 'myLesHouchesHandler' found energy-momentum non-conservation by (-2e-05,-3e-05,-3e-05;1.99993e-05) GeV after generating step number 4.

******************************************************************************
Event number 1 (id: ./OUTPUT/0.95MB1.05/1511630960/TMP/Cluster_HERWIGOutput_37) performed by myLesHouchesHandler
Weight: 1
==============================================================================

--- Colliding particles:
  1        e-      11  (3)   
                                 4.449     0.000     0.000     4.449     0.000
  2        e+     -11  (3)   
                                -4.449     0.000     0.000     4.449     0.000
------------------------------------------------------------------------------
Primary sub-process performed by myReader
--- incoming:
  1        e-      11  (3)   
                                 4.449     0.000     0.000     4.449     0.000
  2        e+     -11  (3)   
                                -4.449     0.000     0.000     4.449     0.000
--- intermediates:
  3     gamma      22 [1,2] (4..8)   
                                 0.000     0.000     0.000     8.897     8.897
--- outgoing:
  4         g      21 [3] (9)  5>>6 {+1,-2}
                                -0.005    -0.913    -0.522     1.052     0.000
  5         g      21 [3] (10)  8>>4 {+2,-3}
                                 2.561     1.713     0.353     3.101     0.000
  6         g      21 [3] (11)  4>>7 {+4,-1}
                                -1.290    -0.725     0.718     1.645     0.000
  7         g      21 [3] (12)  6>>8 {+5,-4}
                                 0.680    -0.241    -0.859     1.122     0.000
  8         g      21 [3] (13)  7>>5 {+3,-5}
                                -1.946     0.166     0.311     1.977     0.000
------------------------------------------------------------------------------
Step 1 performed by myLesHouchesHandler
--- intermediates:
  1        e-      11  (3)   
                                 4.449     0.000     0.000     4.449     0.000
  2        e+     -11  (3)   
                                -4.449     0.000     0.000     4.449     0.000
  3     gamma      22 [1,2] (4..8)   
                                 0.000     0.000     0.000     8.897     8.897
--- final:
  4         g      21 [3] (9)  5>>6 {+1,-2}
                                -0.005    -0.913    -0.522     1.052     0.000
  5         g      21 [3] (10)  8>>4 {+2,-3}
                                 2.561     1.713     0.353     3.101     0.000
  6         g      21 [3] (11)  4>>7 {+4,-1}
                                -1.290    -0.725     0.718     1.645     0.000
  7         g      21 [3] (12)  6>>8 {+5,-4}
                                 0.680    -0.241    -0.859     1.122     0.000
  8         g      21 [3] (13)  7>>5 {+3,-5}
                                -1.946     0.166     0.311     1.977     0.000
------------------------------------------------------------------------------
     Sum of momenta:            -3e-05    -3e-05    -3e-05       8.9       8.9
------------------------------------------------------------------------------
Step 2 performed by ShowerHandler
--- final:
  9         g      21 [4] (14,15)  10>>11 {+1,-2}
                                -0.004    -0.755    -0.432     1.288     0.950
 10         g      21 [5] (16,17)  13>>9 {+2,-3}
                                 2.116     1.416     0.292     2.733     0.950
 11         g      21 [6] (18,19)  9>>12 {+4,-1}
                                -1.066    -0.599     0.593     1.658     0.950
 12         g      21 [7] (20,21)  11>>13 {+5,-4}
                                 0.562    -0.200    -0.710     1.328     0.950
 13         g      21 [8] (22,23)  12>>10 {+3,-5}
                                -1.608     0.138     0.257     1.890     0.950
------------------------------------------------------------------------------
     Sum of momenta:            -3e-05    -3e-05    -3e-05       8.9       8.9
------------------------------------------------------------------------------
Step 3 performed by ClusterHadHandler
--- intermediates:
 14         s       3 [9] (24)   {+1}
                                -0.141    -0.451    -0.259     0.702     0.450
 15      sbar      -3 [9] (25)   {-2}
                                 0.137    -0.304    -0.173     0.586     0.450
 16         s       3 [10] (25)   {+2}
                                 0.995     0.833     0.087     1.376     0.450
 17      sbar      -3 [10] (26)   {-3}
                                 1.122     0.583     0.205     1.357     0.450
 18         d       1 [11] (27)   {+4}
                                -0.696    -0.570     0.657     1.161     0.325
 19      dbar      -1 [11] (24)   {-1}
                                -0.371    -0.029    -0.064     0.498     0.325
 20         u       2 [12] (28)   {+5}
                                 0.521    -0.385    -0.585     0.931     0.325
 21      ubar      -2 [12] (27)   {-4}
                                 0.042     0.185    -0.125     0.397     0.325
 22         s       3 [13] (26)   {+3}
                                -0.961    -0.013     0.239     1.088     0.450
 23      sbar      -3 [13] (28)   {-5}
                                -0.647     0.150     0.018     0.803     0.450
 24   Cluster      81 [14,19] (31,32)   
                                -0.511    -0.480    -0.323     1.200     0.918
 25   Cluster      81 [15,16] (33,34)   
                                 1.131     0.529    -0.086     1.962     1.511
 26   Cluster      81 [17,22] (35,36)   
                                 0.161     0.570     0.444     2.445     2.330
 27   Cluster      81 [18,21] (29,30)   
                                -0.654    -0.385     0.532     1.557     1.251
 28   Cluster      81 [20,23] (37,38)   
                                -0.127    -0.235    -0.567     1.734     1.617
--- final:
 29       eta     221 [27] (39,40)   
                                -0.366     0.255     0.081     0.711     0.548
 30       pi-    -211 [27]    
                                -0.288    -0.640     0.451     0.846     0.140
 31     Kbar0    -311 [24] (41)   
                                -0.563    -0.344    -0.007     0.827     0.498
 32       pi0     111 [24] (44,45)   
                                 0.052    -0.136    -0.316     0.373     0.135
 33        K0     311 [25] (46)   
                                 0.410     0.230     0.439     0.813     0.498
 34    K*bar0    -313 [25] (47,48)   
                                 0.721     0.299    -0.525     1.148     0.659
 35       phi     333 [26] (52,53)   
                                -0.090     0.134     0.742     1.268     1.015
 36       phi     333 [26] (54,55)   
                                 0.251     0.436    -0.298     1.177     1.021
 37      rho0     113 [28] (56,57)   
                                 0.215    -0.555    -0.420     1.037     0.738
 38        K+     321 [28]    
                                -0.342     0.321    -0.147     0.697     0.494
------------------------------------------------------------------------------
     Sum of momenta:            -3e-05    -3e-05    -3e-05       8.9       8.9
------------------------------------------------------------------------------
Step 4 performed by DecayHandler
--- intermediates:
 41      K_S0     310 [31] (42,43)   
                                -0.563    -0.344    -0.007     0.827     0.498
 47     Kbar0    -311 [34] (49)   
                                 0.482     0.243    -0.316     0.800     0.498
 48       pi0     111 [34] (50,51)   
                                 0.239     0.056    -0.208     0.349     0.135
--- final:
 30       pi-    -211 [27]    
                                -0.288    -0.640     0.451     0.846     0.140
 38        K+     321 [28]    
                                -0.342     0.321    -0.147     0.697     0.494
 39     gamma      22 [29]    
                                -0.253     0.413    -0.035     0.485     0.000
 40     gamma      22 [29]    
                                -0.113    -0.157     0.116     0.225     0.000
 42       pi+     211 [41]    
                                -0.308    -0.370    -0.117     0.515     0.140
 43       pi-    -211 [41]    
                                -0.255     0.026     0.110     0.312     0.140
 44     gamma      22 [32]    
                                -0.005     0.021    -0.009     0.024     0.000
 45     gamma      22 [32]    
                                 0.057    -0.157    -0.307     0.349     0.000
 46      K_L0     130 [33]    
                                 0.410     0.230     0.439     0.813     0.498
 49      K_L0     130 [47]    
                                 0.482     0.243    -0.316     0.800     0.498
 50     gamma      22 [48]    
                                 0.229     0.030    -0.128     0.264     0.000
 51     gamma      22 [48]    
                                 0.010     0.026    -0.080     0.085     0.000
 52        K+     321 [35]    
                                -0.075    -0.027     0.282     0.574     0.494
 53        K-    -321 [35]    
                                -0.015     0.160     0.460     0.694     0.494
 54        K+     321 [36]    
                                 0.199     0.244    -0.267     0.644     0.494
 55        K-    -321 [36]    
                                 0.052     0.193    -0.031     0.533     0.494
 56       pi+     211 [37]    
                                 0.124    -0.688    -0.221     0.746     0.140
 57       pi-    -211 [37]    
                                 0.091     0.132    -0.199     0.291     0.140
------------------------------------------------------------------------------
     Sum of momenta:            -3e-05    -3e-05    -3e-05       8.9       8.9

The following exception classes were reported in this run:
ThePEG::EventHandler::ConsistencyException warning (1 times)
ThePEG::LesHouchesReader::LesHouchesReopenWarning warning (1 times)
