>>>>>>>>>>>>>>>>>>>>>>>>>>>>>>>>>>>>>>>>>>>>>>>>>>>>>>>>>>>>>>>>>>>>>>>>>>>>>>
>>>> Toolkit for HEP Event Generation - ThePEG 2.2.0 <<<<<<<<<<<<<<<<<<<<<<<<<
>>>> Tue Jun 30 00:22:27 2020                                             <<<<
<<<<<<<<<<<<<<<<<<<<<<<<<<<<<<<<<<<<<<<<<<<<<<<<<<<<<<<<<<<<<<<<<<<<<<<<<<<<<<

>> Herwig 7.2.0 / ThePEG 2.2.0

/Herwig/EventHandlers/NoCuts:
MHat  = 2 .. 34.481 GeV
Scale = 0 .. 1e+12 GeV2
YHat  = -100 .. 100
X1    = 0 .. 1
X2    = 0 .. 1

* A warning exception of type ThePEG::LesHouchesReader::LesHouchesReopenWarning occurred while generating event number 1: 
Reopening LesHouchesReader 'myReader' after accessing 2 events out of 1
* A warning exception of type ThePEG::EventHandler::ConsistencyException occurred while generating event number 1: 
Event handler 'myLesHouchesHandler' found energy-momentum non-conservation by (-1.35287e-14,-2e-05,-2e-05;1.99987e-05) GeV after generating step number 4.

******************************************************************************
Event number 1 (id: ./OUTPUT/0.95MB1.05/1511630960/TMP/Cluster_HERWIGOutput_8) performed by myLesHouchesHandler
Weight: 1
==============================================================================

--- Colliding particles:
  1        e-      11  (3)   
                                 8.620     0.000     0.000     8.620     0.000
  2        e+     -11  (3)   
                                -8.620     0.000    -0.000     8.620     0.000
------------------------------------------------------------------------------
Primary sub-process performed by myReader
--- incoming:
  1        e-      11  (3)   
                                 8.620     0.000     0.000     8.620     0.000
  2        e+     -11  (3)   
                                -8.620     0.000    -0.000     8.620     0.000
--- intermediates:
  3     gamma      22 [1,2] (4..7)   
                                -0.000     0.000     0.000    17.240    17.240
--- outgoing:
  4         g      21 [3] (8)  7>>6 {+1,-2}
                                -3.978     5.708    -1.306     7.079     0.000
  5         g      21 [3] (9)  6>>7 {+3,-4}
                                 2.322    -6.580    -1.146     7.072     0.000
  6         g      21 [3] (12)  4>>5 {+4,-1}
                                 1.567     0.864     2.315     2.926     0.000
  7         g      21 [3] (13)  5>>4 {+2,-3}
                                 0.089     0.009     0.138     0.164     0.000
------------------------------------------------------------------------------
Step 1 performed by myLesHouchesHandler
--- intermediates:
  1        e-      11  (3)   
                                 8.620     0.000     0.000     8.620     0.000
  2        e+     -11  (3)   
                                -8.620     0.000    -0.000     8.620     0.000
  3     gamma      22 [1,2] (4..7)   
                                -0.000     0.000     0.000    17.240    17.240
--- final:
  4         g      21 [3] (8)  7>>6 {+1,-2}
                                -3.978     5.708    -1.306     7.079     0.000
  5         g      21 [3] (9)  6>>7 {+3,-4}
                                 2.322    -6.580    -1.146     7.072     0.000
  6         g      21 [3] (12)  4>>5 {+4,-1}
                                 1.567     0.864     2.315     2.926     0.000
  7         g      21 [3] (13)  5>>4 {+2,-3}
                                 0.089     0.009     0.138     0.164     0.000
------------------------------------------------------------------------------
     Sum of momenta:            -1e-05    -2e-05    -2e-05      17.2      17.2
------------------------------------------------------------------------------
Step 2 performed by ShowerHandler
--- intermediates:
  9         g      21 [5] (10,11)   {+3,-4}
                                 2.063    -5.846    -1.018     7.151     3.416
--- final:
  8         g      21 [4] (14,15)  13>>12 {+1,-2}
                                -3.535     5.071    -1.160     6.361     0.950
 10         g      21 [9] (20,21)  12>>11 {+5,-4}
                                 2.408    -2.808    -0.101     3.821     0.950
 11         g      21 [9] (22,23)  10>>13 {+3,-5}
                                -0.345    -3.038    -0.917     3.331     0.950
 12         g      21 [6] (16,17)  8>>10 {+4,-1}
                                 1.392     0.768     2.057     2.768     0.950
 13         g      21 [7] (18,19)  11>>8 {+2,-3}
                                 0.079     0.008     0.122     0.961     0.950
------------------------------------------------------------------------------
     Sum of momenta:            -1e-05    -2e-05    -2e-05      17.2      17.2
------------------------------------------------------------------------------
Step 3 performed by ClusterHadHandler
--- intermediates:
 14         u       2 [8] (24)   {+1}
                                -1.512     2.657    -0.780     3.172     0.325
 15      ubar      -2 [8] (25)   {-2}
                                -2.023     2.414    -0.380     3.189     0.325
 16         u       2 [12] (26)   {+4}
                                 0.340     0.063     0.246     0.534     0.325
 17      ubar      -2 [12] (24)   {-1}
                                 1.053     0.705     1.810     2.233     0.325
 18         s       3 [13] (25)   {+2}
                                 0.031     0.143     0.001     0.473     0.450
 19      sbar      -3 [13] (27)   {-3}
                                 0.049    -0.136     0.121     0.488     0.450
 20         u       2 [10] (28)   {+5}
                                 1.988    -2.298    -0.261     3.067     0.325
 21      ubar      -2 [10] (26)   {-4}
                                 0.420    -0.511     0.160     0.754     0.325
 22         s       3 [11] (27)   {+3}
                                -0.025    -1.389    -0.485     1.538     0.450
 23      sbar      -3 [11] (28)   {-5}
                                -0.319    -1.649    -0.433     1.792     0.450
 24   Cluster      81 [14,17] (29,30)   
                                -0.459     3.362     1.030     5.405     4.079
 25   Cluster      81 [15,18] (37,38)   
                                -1.992     2.558    -0.379     3.662     1.661
 26   Cluster      81 [16,21] (31,32)   
                                 0.760    -0.448     0.406     1.288     0.847
 27   Cluster      81 [19,22] (35,36)   
                                 0.023    -1.524    -0.364     2.026     1.284
 28   Cluster      81 [20,23] (33,34)   
                                 1.669    -3.947    -0.694     4.859     2.183
 29   Cluster      81 [24] (39,40)   
                                -1.199     2.751    -0.299     3.635     2.029
 30   Cluster      81 [24] (41,42)   
                                 0.740     0.610     1.329     1.770     0.667
--- final:
 31       pi+     211 [26]    
                                 0.805    -0.240     0.054     0.854     0.140
 32       pi-    -211 [26]    
                                -0.046    -0.208     0.353     0.435     0.140
 33     rho'+  100213 [28] (43,44)   
                                 1.210    -2.994    -0.307     3.628     1.624
 34        K0     311 [28] (51)   
                                 0.459    -0.953    -0.387     1.231     0.498
 35        K0     311 [27] (52)   
                                -0.197    -0.432     0.147     0.703     0.498
 36     Kbar0    -311 [27] (55)   
                                 0.220    -1.093    -0.510     1.323     0.498
 37       pi-    -211 [25]    
                                -0.797     0.484    -0.446     1.043     0.140
 38    K*bar0    -313 [25] (56,57)   
                                -1.196     2.074     0.067     2.620     1.062
 39       pi+     211 [29]    
                                 0.113     1.018    -0.350     1.091     0.140
 40      a_2-    -215 [29] (58,59)   
                                -1.312     1.733     0.051     2.544     1.320
 41       pi0     111 [30] (66,67)   
                                 0.057     0.064    -0.015     0.160     0.135
 42       pi0     111 [30] (68,69)   
                                 0.683     0.547     1.344     1.609     0.135
------------------------------------------------------------------------------
     Sum of momenta:            -1e-05    -2e-05    -2e-05      17.2      17.2
------------------------------------------------------------------------------
Step 4 performed by DecayHandler
--- intermediates:
 43       pi0     111 [33] (45,46)   
                                -0.201    -0.206    -0.045     0.321     0.135
 44      pi'+  100211 [33] (47,48)   
                                 1.410    -2.788    -0.263     3.307     1.050
 48      rho0     113 [44] (49,50)   
                                 0.735    -0.820    -0.065     1.212     0.502
 52      K_S0     310 [35] (53,54)   
                                -0.197    -0.432     0.147     0.703     0.498
 58      rho-    -213 [40] (60,61)   
                                -1.198     0.660    -0.010     1.454     0.492
 59       pi0     111 [40] (64,65)   
                                -0.114     1.074     0.061     1.090     0.135
 60       pi0     111 [58] (62,63)   
                                -0.763     0.348    -0.193     0.871     0.135
--- final:
 31       pi+     211 [26]    
                                 0.805    -0.240     0.054     0.854     0.140
 32       pi-    -211 [26]    
                                -0.046    -0.208     0.353     0.435     0.140
 37       pi-    -211 [25]    
                                -0.797     0.484    -0.446     1.043     0.140
 39       pi+     211 [29]    
                                 0.113     1.018    -0.350     1.091     0.140
 45     gamma      22 [43]    
                                -0.134    -0.140    -0.093     0.215     0.000
 46     gamma      22 [43]    
                                -0.066    -0.066     0.049     0.106     0.000
 47       pi+     211 [44]    
                                 0.676    -1.968    -0.198     2.095     0.140
 49       pi+     211 [48]    
                                 0.504    -0.717     0.076     0.891     0.140
 50       pi-    -211 [48]    
                                 0.230    -0.103    -0.141     0.321     0.140
 51      K_L0     130 [34]    
                                 0.459    -0.953    -0.387     1.231     0.498
 53       pi+     211 [52]    
                                -0.110    -0.476     0.158     0.532     0.140
 54       pi-    -211 [52]    
                                -0.087     0.044    -0.012     0.171     0.140
 55      K_L0     130 [36]    
                                 0.220    -1.093    -0.510     1.323     0.498
 56        K-    -321 [38]    
                                -0.722     1.906     0.046     2.098     0.494
 57       pi+     211 [38]    
                                -0.474     0.167     0.020     0.522     0.140
 61       pi-    -211 [58]    
                                -0.436     0.312     0.183     0.583     0.140
 62     gamma      22 [60]    
                                -0.756     0.322    -0.192     0.844     0.000
 63     gamma      22 [60]    
                                -0.006     0.026    -0.001     0.026     0.000
 64     gamma      22 [59]    
                                -0.081     0.563    -0.032     0.569     0.000
 65     gamma      22 [59]    
                                -0.033     0.511     0.093     0.521     0.000
 66     gamma      22 [41]    
                                 0.054     0.022    -0.070     0.091     0.000
 67     gamma      22 [41]    
                                 0.002     0.042     0.055     0.069     0.000
 68     gamma      22 [42]    
                                 0.459     0.301     0.908     1.061     0.000
 69     gamma      22 [42]    
                                 0.224     0.246     0.436     0.548     0.000
------------------------------------------------------------------------------
     Sum of momenta:            -1e-05    -2e-05    -2e-05      17.2      17.2

The following exception classes were reported in this run:
ThePEG::EventHandler::ConsistencyException warning (1 times)
ThePEG::LesHouchesReader::LesHouchesReopenWarning warning (1 times)
