>>>>>>>>>>>>>>>>>>>>>>>>>>>>>>>>>>>>>>>>>>>>>>>>>>>>>>>>>>>>>>>>>>>>>>>>>>>>>>
>>>> Toolkit for HEP Event Generation - ThePEG 2.2.0 <<<<<<<<<<<<<<<<<<<<<<<<<
>>>> Tue Jun 30 00:47:58 2020                                             <<<<
<<<<<<<<<<<<<<<<<<<<<<<<<<<<<<<<<<<<<<<<<<<<<<<<<<<<<<<<<<<<<<<<<<<<<<<<<<<<<<

>> Herwig 7.2.0 / ThePEG 2.2.0

/Herwig/EventHandlers/NoCuts:
MHat  = 2 .. 11.9001 GeV
Scale = 0 .. 1e+12 GeV2
YHat  = -100 .. 100
X1    = 0 .. 1
X2    = 0 .. 1

* A warning exception of type ThePEG::LesHouchesReader::LesHouchesReopenWarning occurred while generating event number 1: 
Reopening LesHouchesReader 'myReader' after accessing 2 events out of 1
* A warning exception of type ThePEG::EventHandler::ConsistencyException occurred while generating event number 1: 
Event handler 'myLesHouchesHandler' found energy-momentum non-conservation by (-1e-05,-3e-05,-2e-05;-2.89394e-10) GeV after generating step number 4.

******************************************************************************
Event number 1 (id: ./OUTPUT/0.95MB1.05/1511417446/TMP/Cluster_HERWIGOutput_40) performed by myLesHouchesHandler
Weight: 1
==============================================================================

--- Colliding particles:
  1        e-      11  (3)   
                                 2.975     0.000     0.000     2.975     0.000
  2        e+     -11  (3)   
                                -2.975     0.000    -0.000     2.975     0.000
------------------------------------------------------------------------------
Primary sub-process performed by myReader
--- incoming:
  1        e-      11  (3)   
                                 2.975     0.000     0.000     2.975     0.000
  2        e+     -11  (3)   
                                -2.975     0.000    -0.000     2.975     0.000
--- intermediates:
  3     gamma      22 [1,2] (4..7)   
                                -0.000     0.000     0.000     5.950     5.950
--- outgoing:
  4         g      21 [3] (8)  5>>6 {+1,-2}
                                 0.142     1.220     2.452     2.742     0.000
  5         g      21 [3] (9)  7>>4 {+2,-3}
                                 0.193    -0.542    -2.279     2.351     0.000
  6         g      21 [3] (10)  4>>7 {+4,-1}
                                -0.183    -0.651    -0.187     0.701     0.000
  7         g      21 [3] (11)  6>>5 {+3,-4}
                                -0.152    -0.027     0.015     0.155     0.000
------------------------------------------------------------------------------
Step 1 performed by myLesHouchesHandler
--- intermediates:
  1        e-      11  (3)   
                                 2.975     0.000     0.000     2.975     0.000
  2        e+     -11  (3)   
                                -2.975     0.000    -0.000     2.975     0.000
  3     gamma      22 [1,2] (4..7)   
                                -0.000     0.000     0.000     5.950     5.950
--- final:
  4         g      21 [3] (8)  5>>6 {+1,-2}
                                 0.142     1.220     2.452     2.742     0.000
  5         g      21 [3] (9)  7>>4 {+2,-3}
                                 0.193    -0.542    -2.279     2.351     0.000
  6         g      21 [3] (10)  4>>7 {+4,-1}
                                -0.183    -0.651    -0.187     0.701     0.000
  7         g      21 [3] (11)  6>>5 {+3,-4}
                                -0.152    -0.027     0.015     0.155     0.000
------------------------------------------------------------------------------
     Sum of momenta:            -2e-05    -3e-05    -2e-05      5.95      5.95
------------------------------------------------------------------------------
Step 2 performed by ShowerHandler
--- final:
  8         g      21 [4] (12,13)  9>>10 {+1,-2}
                                 0.096     0.824     1.656     2.082     0.950
  9         g      21 [5] (14,15)  11>>8 {+2,-3}
                                 0.130    -0.366    -1.540     1.851     0.950
 10         g      21 [6] (16,17)  8>>11 {+4,-1}
                                -0.124    -0.440    -0.126     1.062     0.950
 11         g      21 [7] (18,19)  10>>9 {+3,-4}
                                -0.103    -0.018     0.010     0.956     0.950
------------------------------------------------------------------------------
     Sum of momenta:            -2e-05    -3e-05    -2e-05      5.95      5.95
------------------------------------------------------------------------------
Step 3 performed by ClusterHadHandler
--- intermediates:
 12         u       2 [8] (20)   {+1}
                                 0.198     0.012     0.523     0.647     0.325
 13      ubar      -2 [8] (21)   {-2}
                                -0.101     0.812     1.133     1.435     0.325
 14         u       2 [9] (21)   {+2}
                                -0.255    -0.311    -0.714     0.882     0.325
 15      ubar      -2 [9] (22)   {-3}
                                 0.386    -0.056    -0.826     0.969     0.325
 16         d       1 [10] (23)   {+4}
                                 0.131    -0.038     0.194     0.402     0.325
 17      dbar      -1 [10] (20)   {-1}
                                -0.255    -0.402    -0.320     0.659     0.325
 18         s       3 [11] (22)   {+3}
                                -0.091    -0.007    -0.142     0.481     0.450
 19      sbar      -3 [11] (23)   {-4}
                                -0.012    -0.011     0.152     0.475     0.450
 20   Cluster      81 [12,17] (28,29)   
                                -0.057    -0.390     0.203     1.306     1.229
 21   Cluster      81 [13,14] (24,25)   
                                -0.356     0.501     0.419     2.317     2.194
 22   Cluster      81 [15,18] (26,27)   
                                 0.294    -0.063    -0.967     1.450     1.037
 23   Cluster      81 [16,19] (30,31)   
                                 0.120    -0.049     0.346     0.877     0.796
--- final:
 24       pi-    -211 [21]    
                                -0.151     0.330     1.315     1.371     0.140
 25       pi+     211 [21]    
                                -0.205     0.172    -0.896     0.946     0.140
 26       pi-    -211 [22]    
                                -0.260     0.080    -0.171     0.350     0.140
 27     Kbar0    -311 [22] (32)   
                                 0.554    -0.143    -0.796     1.100     0.498
 28       pi+     211 [20]    
                                 0.109    -0.190     0.318     0.411     0.140
 29      rho0     113 [20] (33,34)   
                                -0.167    -0.200    -0.115     0.895     0.849
 30       pi0     111 [23] (35,36)   
                                -0.061     0.020    -0.102     0.181     0.135
 31        K0     311 [23] (37)   
                                 0.180    -0.069     0.448     0.697     0.498
------------------------------------------------------------------------------
     Sum of momenta:            -2e-05    -3e-05    -2e-05      5.95      5.95
------------------------------------------------------------------------------
Step 4 performed by DecayHandler
--- final:
 24       pi-    -211 [21]    
                                -0.151     0.330     1.315     1.371     0.140
 25       pi+     211 [21]    
                                -0.205     0.172    -0.896     0.946     0.140
 26       pi-    -211 [22]    
                                -0.260     0.080    -0.171     0.350     0.140
 28       pi+     211 [20]    
                                 0.109    -0.190     0.318     0.411     0.140
 32      K_L0     130 [27]    
                                 0.554    -0.143    -0.796     1.100     0.498
 33       pi+     211 [29]    
                                 0.074     0.222     0.164     0.318     0.140
 34       pi-    -211 [29]    
                                -0.241    -0.421    -0.280     0.577     0.140
 35     gamma      22 [30]    
                                 0.004     0.003    -0.113     0.113     0.000
 36     gamma      22 [30]    
                                -0.065     0.017     0.011     0.068     0.000
 37      K_L0     130 [31]    
                                 0.180    -0.069     0.448     0.697     0.498
------------------------------------------------------------------------------
     Sum of momenta:            -2e-05    -3e-05    -2e-05      5.95      5.95

The following exception classes were reported in this run:
ThePEG::EventHandler::ConsistencyException warning (1 times)
ThePEG::LesHouchesReader::LesHouchesReopenWarning warning (1 times)
