>>>>>>>>>>>>>>>>>>>>>>>>>>>>>>>>>>>>>>>>>>>>>>>>>>>>>>>>>>>>>>>>>>>>>>>>>>>>>>
>>>> Toolkit for HEP Event Generation - ThePEG 2.2.0 <<<<<<<<<<<<<<<<<<<<<<<<<
>>>> Tue Jun 30 01:02:00 2020                                             <<<<
<<<<<<<<<<<<<<<<<<<<<<<<<<<<<<<<<<<<<<<<<<<<<<<<<<<<<<<<<<<<<<<<<<<<<<<<<<<<<<

>> Herwig 7.2.0 / ThePEG 2.2.0

/Herwig/EventHandlers/NoCuts:
MHat  = 2 .. 22.7761 GeV
Scale = 0 .. 1e+12 GeV2
YHat  = -100 .. 100
X1    = 0 .. 1
X2    = 0 .. 1

* A warning exception of type ThePEG::LesHouchesReader::LesHouchesReopenWarning occurred while generating event number 1: 
Reopening LesHouchesReader 'myReader' after accessing 2 events out of 1
* A warning exception of type ThePEG::EventHandler::ConsistencyException occurred while generating event number 1: 
Event handler 'myLesHouchesHandler' found energy-momentum non-conservation by (-1e-05,-2e-05,-1e-05;9.99971e-06) GeV after generating step number 4.

******************************************************************************
Event number 1 (id: ./OUTPUT/0.95MB1.05/1511410537/TMP/Cluster_HERWIGOutput_39) performed by myLesHouchesHandler
Weight: 1
==============================================================================

--- Colliding particles:
  1        e-      11  (3)   
                                 5.694     0.000     0.000     5.694     0.000
  2        e+     -11  (3)   
                                -5.694     0.000     0.000     5.694     0.000
------------------------------------------------------------------------------
Primary sub-process performed by myReader
--- incoming:
  1        e-      11  (3)   
                                 5.694     0.000     0.000     5.694     0.000
  2        e+     -11  (3)   
                                -5.694     0.000     0.000     5.694     0.000
--- intermediates:
  3     gamma      22 [1,2] (4..7)   
                                -0.000     0.000    -0.000    11.388    11.388
--- outgoing:
  4         g      21 [3] (8)  6>>7 {+1,-2}
                                 0.652    -0.489    -1.152     1.411     0.000
  5         g      21 [3] (9)  7>>6 {+3,-4}
                                 0.606     1.114    -3.731     3.940     0.000
  6         g      21 [3] (12)  5>>4 {+2,-3}
                                -1.088    -1.939     2.999     3.733     0.000
  7         g      21 [3] (13)  4>>5 {+4,-1}
                                -0.170     1.314     1.884     2.303     0.000
------------------------------------------------------------------------------
Step 1 performed by myLesHouchesHandler
--- intermediates:
  1        e-      11  (3)   
                                 5.694     0.000     0.000     5.694     0.000
  2        e+     -11  (3)   
                                -5.694     0.000     0.000     5.694     0.000
  3     gamma      22 [1,2] (4..7)   
                                -0.000     0.000    -0.000    11.388    11.388
--- final:
  4         g      21 [3] (8)  6>>7 {+1,-2}
                                 0.652    -0.489    -1.152     1.411     0.000
  5         g      21 [3] (9)  7>>6 {+3,-4}
                                 0.606     1.114    -3.731     3.940     0.000
  6         g      21 [3] (12)  5>>4 {+2,-3}
                                -1.088    -1.939     2.999     3.733     0.000
  7         g      21 [3] (13)  4>>5 {+4,-1}
                                -0.170     1.314     1.884     2.303     0.000
------------------------------------------------------------------------------
     Sum of momenta:            -2e-05    -2e-05    -1e-05      11.4      11.4
------------------------------------------------------------------------------
Step 2 performed by ShowerHandler
--- intermediates:
  9         g      21 [5] (10,11)   {+3,-4}
                                 0.480     0.882    -2.955     4.758     3.591
--- final:
  8         g      21 [4] (14,15)  12>>13 {+1,-2}
                                 0.516    -0.387    -0.913     1.467     0.950
 10         g      21 [9] (20,21)  13>>11 {+5,-4}
                                 0.777    -0.997    -1.510     2.186     0.950
 11         g      21 [9] (22,23)  10>>12 {+3,-5}
                                -0.297     1.880    -1.446     2.572     0.950
 12         g      21 [6] (16,17)  11>>8 {+2,-3}
                                -0.862    -1.536     2.376     3.106     0.950
 13         g      21 [7] (18,19)  8>>10 {+4,-1}
                                -0.135     1.041     1.492     2.057     0.950
------------------------------------------------------------------------------
     Sum of momenta:            -2e-05    -2e-05    -1e-05      11.4      11.4
------------------------------------------------------------------------------
Step 3 performed by ClusterHadHandler
--- intermediates:
 14         u       2 [8] (24)   {+1}
                                 0.569    -0.111    -0.763     1.012     0.325
 15      ubar      -2 [8] (25)   {-2}
                                -0.053    -0.277    -0.150     0.455     0.325
 16         u       2 [12] (25)   {+2}
                                -0.361    -0.720     0.577     1.043     0.325
 17      ubar      -2 [12] (26)   {-3}
                                -0.501    -0.816     1.799     2.063     0.325
 18         s       3 [13] (27)   {+4}
                                -0.079     0.681     0.717     1.089     0.450
 19      sbar      -3 [13] (24)   {-1}
                                -0.056     0.360     0.776     0.968     0.450
 20         u       2 [10] (28)   {+5}
                                 0.758    -0.928    -1.270     1.776     0.325
 21      ubar      -2 [10] (27)   {-4}
                                 0.019    -0.069    -0.240     0.410     0.325
 22         s       3 [11] (26)   {+3}
                                -0.022     1.043    -0.825     1.404     0.450
 23      sbar      -3 [11] (28)   {-5}
                                -0.275     0.837    -0.621     1.168     0.450
 24   Cluster      81 [14,19] (31,32)   
                                 0.513     0.249     0.013     1.979     1.896
 25   Cluster      81 [15,16] (37,38)   
                                -0.414    -0.997     0.427     1.498     0.947
 26   Cluster      81 [17,22] (29,30)   
                                -0.522     0.227     0.974     3.467     3.278
 27   Cluster      81 [18,21] (35,36)   
                                -0.060     0.612     0.477     1.500     1.282
 28   Cluster      81 [20,23] (33,34)   
                                 0.483    -0.092    -1.891     2.944     2.202
--- final:
 29      rho-    -213 [26] (39,40)   
                                 0.212    -0.542    -0.288     1.422     1.265
 30   K_1bar0  -10313 [26] (43,44)   
                                -0.734     0.770     1.262     2.045     1.207
 31       pi+     211 [24]    
                                -0.257     0.152     0.130     0.355     0.140
 32      K_10   10313 [24] (49,50)   
                                 0.770     0.097    -0.118     1.625     1.423
 33      rho0     113 [28] (55,56)   
                                -0.212    -0.606    -1.250     1.554     0.662
 34       K*+     323 [28] (57,58)   
                                 0.695     0.514    -0.641     1.390     0.880
 35    K*bar0    -313 [27] (60,61)   
                                -0.023     0.234     0.016     0.887     0.855
 36       pi-    -211 [27]    
                                -0.037     0.378     0.460     0.613     0.140
 37       pi-    -211 [25]    
                                -0.221    -0.338     0.050     0.430     0.140
 38      rho+     213 [25] (65,66)   
                                -0.192    -0.659     0.377     1.068     0.726
------------------------------------------------------------------------------
     Sum of momenta:            -2e-05    -2e-05    -1e-05      11.4      11.4
------------------------------------------------------------------------------
Step 4 performed by DecayHandler
--- intermediates:
 39       pi0     111 [29] (41,42)   
                                 0.600    -0.616    -0.442     0.976     0.135
 43    K*bar0    -313 [30] (45,46)   
                                -0.471     0.411     1.087     1.548     0.908
 44       pi0     111 [30] (47,48)   
                                -0.263     0.359     0.175     0.497     0.135
 49      rho-    -213 [32] (51,52)   
                                 0.512     0.392    -0.095     0.994     0.750
 51       pi0     111 [49] (53,54)   
                                 0.332    -0.125    -0.185     0.422     0.135
 57        K0     311 [34] (59)   
                                 0.501     0.627    -0.610     1.124     0.498
 60     Kbar0    -311 [35] (62)   
                                 0.008    -0.105    -0.061     0.512     0.498
 61       pi0     111 [35] (63,64)   
                                -0.030     0.339     0.077     0.374     0.135
 65       pi0     111 [38] (67..69)   
                                 0.186    -0.350     0.372     0.560     0.135
--- final:
 31       pi+     211 [24]    
                                -0.257     0.152     0.130     0.355     0.140
 36       pi-    -211 [27]    
                                -0.037     0.378     0.460     0.613     0.140
 37       pi-    -211 [25]    
                                -0.221    -0.338     0.050     0.430     0.140
 40       pi-    -211 [29]    
                                -0.388     0.073     0.154     0.446     0.140
 41     gamma      22 [39]    
                                 0.548    -0.593    -0.381     0.893     0.000
 42     gamma      22 [39]    
                                 0.052    -0.022    -0.060     0.083     0.000
 45        K-    -321 [43]    
                                -0.241     0.079     0.251     0.609     0.494
 46       pi+     211 [43]    
                                -0.230     0.332     0.836     0.939     0.140
 47     gamma      22 [44]    
                                -0.027    -0.007     0.003     0.028     0.000
 48     gamma      22 [44]    
                                -0.236     0.366     0.173     0.469     0.000
 50        K+     321 [32]    
                                 0.258    -0.295    -0.023     0.631     0.494
 52       pi-    -211 [49]    
                                 0.180     0.517     0.090     0.572     0.140
 53     gamma      22 [51]    
                                 0.170    -0.133    -0.123     0.248     0.000
 54     gamma      22 [51]    
                                 0.163     0.008    -0.061     0.174     0.000
 55       pi+     211 [33]    
                                 0.044    -0.582    -0.645     0.881     0.140
 56       pi-    -211 [33]    
                                -0.257    -0.023    -0.606     0.673     0.140
 58       pi+     211 [34]    
                                 0.194    -0.113    -0.030     0.266     0.140
 59      K_L0     130 [57]    
                                 0.501     0.627    -0.610     1.124     0.498
 62      K_L0     130 [60]    
                                 0.008    -0.105    -0.061     0.512     0.498
 63     gamma      22 [61]    
                                -0.026     0.089    -0.036     0.099     0.000
 64     gamma      22 [61]    
                                -0.005     0.250     0.114     0.275     0.000
 66       pi+     211 [38]    
                                -0.378    -0.309     0.005     0.508     0.140
 67     gamma      22 [65]    
                                 0.124    -0.252     0.331     0.434     0.000
 68        e-      11 [65]    
                                 0.052    -0.090     0.043     0.113     0.001
 69        e+     -11 [65]    
                                 0.010    -0.009    -0.003     0.013     0.001
------------------------------------------------------------------------------
     Sum of momenta:            -2e-05    -2e-05    -1e-05      11.4      11.4

The following exception classes were reported in this run:
ThePEG::EventHandler::ConsistencyException warning (1 times)
ThePEG::LesHouchesReader::LesHouchesReopenWarning warning (1 times)
