>>>>>>>>>>>>>>>>>>>>>>>>>>>>>>>>>>>>>>>>>>>>>>>>>>>>>>>>>>>>>>>>>>>>>>>>>>>>>>
>>>> Toolkit for HEP Event Generation - ThePEG 2.2.0 <<<<<<<<<<<<<<<<<<<<<<<<<
>>>> Tue Jun 30 00:39:15 2020                                             <<<<
<<<<<<<<<<<<<<<<<<<<<<<<<<<<<<<<<<<<<<<<<<<<<<<<<<<<<<<<<<<<<<<<<<<<<<<<<<<<<<

>> Herwig 7.2.0 / ThePEG 2.2.0

/Herwig/EventHandlers/NoCuts:
MHat  = 2 .. 7.85362 GeV
Scale = 0 .. 1e+12 GeV2
YHat  = -100 .. 100
X1    = 0 .. 1
X2    = 0 .. 1

* A warning exception of type ThePEG::LesHouchesReader::LesHouchesReopenWarning occurred while generating event number 1: 
Reopening LesHouchesReader 'myReader' after accessing 2 events out of 1
* A warning exception of type ThePEG::EventHandler::ConsistencyException occurred while generating event number 1: 
Event handler 'myLesHouchesHandler' found energy-momentum non-conservation by (-1e-05,-2e-05,-2e-05;2e-05) GeV after generating step number 4.

******************************************************************************
Event number 1 (id: ./OUTPUT/0.95MB1.05/1512015332/TMP/Cluster_HERWIGOutput_29) performed by myLesHouchesHandler
Weight: 1
==============================================================================

--- Colliding particles:
  1        e-      11  (3)   
                                 1.963     0.000     0.000     1.963     0.000
  2        e+     -11  (3)   
                                -1.963     0.000     0.000     1.963     0.000
------------------------------------------------------------------------------
Primary sub-process performed by myReader
--- incoming:
  1        e-      11  (3)   
                                 1.963     0.000     0.000     1.963     0.000
  2        e+     -11  (3)   
                                -1.963     0.000     0.000     1.963     0.000
--- intermediates:
  3     gamma      22 [1,2] (4..7)   
                                -0.000     0.000     0.000     3.927     3.927
--- outgoing:
  4         g      21 [3] (8)  7>>6 {+1,-2}
                                -0.363    -0.912     0.258     1.015     0.000
  5         g      21 [3] (9)  6>>7 {+3,-4}
                                 0.005     1.297     0.333     1.339     0.000
  6         g      21 [3] (10)  4>>5 {+4,-1}
                                 0.128    -0.726     0.124     0.748     0.000
  7         g      21 [3] (11)  5>>4 {+2,-3}
                                 0.230     0.341    -0.715     0.825     0.000
------------------------------------------------------------------------------
Step 1 performed by myLesHouchesHandler
--- intermediates:
  1        e-      11  (3)   
                                 1.963     0.000     0.000     1.963     0.000
  2        e+     -11  (3)   
                                -1.963     0.000     0.000     1.963     0.000
  3     gamma      22 [1,2] (4..7)   
                                -0.000     0.000     0.000     3.927     3.927
--- final:
  4         g      21 [3] (8)  7>>6 {+1,-2}
                                -0.363    -0.912     0.258     1.015     0.000
  5         g      21 [3] (9)  6>>7 {+3,-4}
                                 0.005     1.297     0.333     1.339     0.000
  6         g      21 [3] (10)  4>>5 {+4,-1}
                                 0.128    -0.726     0.124     0.748     0.000
  7         g      21 [3] (11)  5>>4 {+2,-3}
                                 0.230     0.341    -0.715     0.825     0.000
------------------------------------------------------------------------------
     Sum of momenta:            -2e-05    -2e-05    -2e-05      3.93      3.93
------------------------------------------------------------------------------
Step 2 performed by ShowerHandler
--- final:
  8         g      21 [4] (12,13)  11>>10 {+1,-2}
                                -0.089    -0.224     0.063     0.982     0.950
  9         g      21 [5] (14,15)  10>>11 {+3,-4}
                                 0.001     0.319     0.082     1.006     0.950
 10         g      21 [6] (16,17)  8>>9 {+4,-1}
                                 0.031    -0.179     0.031     0.968     0.950
 11         g      21 [7] (18,19)  9>>8 {+2,-3}
                                 0.057     0.084    -0.176     0.971     0.950
------------------------------------------------------------------------------
     Sum of momenta:            -2e-05    -2e-05    -2e-05      3.93      3.93
------------------------------------------------------------------------------
Step 3 performed by ClusterHadHandler
--- intermediates:
 12         d       1 [8] (20)   {+1}
                                -0.100    -0.411     0.218     0.577     0.325
 13      dbar      -1 [8] (21)   {-2}
                                 0.011     0.187    -0.155     0.406     0.325
 14         d       1 [9] (22)   {+3}
                                -0.154    -0.125    -0.119     0.399     0.325
 15      dbar      -1 [9] (23)   {-4}
                                 0.155     0.445     0.201     0.606     0.325
 16         s       3 [10] (23)   {+4}
                                -0.105    -0.052    -0.071     0.470     0.450
 17      sbar      -3 [10] (20)   {-1}
                                 0.136    -0.127     0.101     0.497     0.450
 18         d       1 [11] (21)   {+2}
                                 0.056    -0.036    -0.429     0.542     0.325
 19      dbar      -1 [11] (22)   {-3}
                                 0.000     0.120     0.253     0.429     0.325
 20   Cluster      81 [12,17] (24,25)   
                                 0.036    -0.538     0.320     1.074     0.872
 21   Cluster      81 [13,18] (26,27)   
                                 0.067     0.151    -0.584     0.948     0.728
 22   Cluster      81 [14,19] (30,31)   
                                -0.153    -0.006     0.134     0.828     0.803
 23   Cluster      81 [15,16] (28,29)   
                                 0.050     0.393     0.130     1.077     0.993
--- final:
 24       pi0     111 [20] (32,33)   
                                -0.006    -0.390     0.365     0.551     0.135
 25        K0     311 [20] (34)   
                                 0.041    -0.148    -0.046     0.523     0.498
 26       pi0     111 [21] (35,36)   
                                -0.074     0.069    -0.082     0.188     0.135
 27       eta     221 [21] (37,38)   
                                 0.141     0.082    -0.502     0.760     0.548
 28       pi0     111 [23] (39,40)   
                                 0.183    -0.173    -0.050     0.290     0.135
 29     Kbar0    -311 [23] (41)   
                                -0.132     0.566     0.180     0.786     0.498
 30       eta     221 [22] (42..44)   
                                -0.160    -0.153     0.006     0.591     0.548
 31       pi0     111 [22] (45,46)   
                                 0.007     0.147     0.128     0.237     0.135
------------------------------------------------------------------------------
     Sum of momenta:            -2e-05    -2e-05    -2e-05      3.93      3.93
------------------------------------------------------------------------------
Step 4 performed by DecayHandler
--- final:
 32     gamma      22 [24]    
                                 0.055    -0.100     0.129     0.172     0.000
 33     gamma      22 [24]    
                                -0.060    -0.290     0.236     0.379     0.000
 34      K_L0     130 [25]    
                                 0.041    -0.148    -0.046     0.523     0.498
 35     gamma      22 [26]    
                                -0.080    -0.001     0.000     0.080     0.000
 36     gamma      22 [26]    
                                 0.006     0.070    -0.082     0.108     0.000
 37     gamma      22 [27]    
                                 0.160     0.090     0.064     0.194     0.000
 38     gamma      22 [27]    
                                -0.019    -0.008    -0.566     0.566     0.000
 39     gamma      22 [28]    
                                 0.104    -0.060     0.039     0.126     0.000
 40     gamma      22 [28]    
                                 0.079    -0.113    -0.089     0.164     0.000
 41      K_L0     130 [29]    
                                -0.132     0.566     0.180     0.786     0.498
 42       pi+     211 [30]    
                                 0.004     0.084    -0.017     0.164     0.140
 43       pi-    -211 [30]    
                                -0.056    -0.214    -0.082     0.274     0.140
 44     gamma      22 [30]    
                                -0.109    -0.023     0.105     0.153     0.000
 45     gamma      22 [31]    
                                -0.010     0.157     0.144     0.213     0.000
 46     gamma      22 [31]    
                                 0.016    -0.009    -0.016     0.025     0.000
------------------------------------------------------------------------------
     Sum of momenta:            -2e-05    -2e-05    -2e-05      3.93      3.93

The following exception classes were reported in this run:
ThePEG::EventHandler::ConsistencyException warning (1 times)
ThePEG::LesHouchesReader::LesHouchesReopenWarning warning (1 times)
