>>>>>>>>>>>>>>>>>>>>>>>>>>>>>>>>>>>>>>>>>>>>>>>>>>>>>>>>>>>>>>>>>>>>>>>>>>>>>>
>>>> Toolkit for HEP Event Generation - ThePEG 2.2.0 <<<<<<<<<<<<<<<<<<<<<<<<<
>>>> Tue Jun 30 00:29:35 2020                                             <<<<
<<<<<<<<<<<<<<<<<<<<<<<<<<<<<<<<<<<<<<<<<<<<<<<<<<<<<<<<<<<<<<<<<<<<<<<<<<<<<<

>> Herwig 7.2.0 / ThePEG 2.2.0

/Herwig/EventHandlers/NoCuts:
MHat  = 2 .. 19.8095 GeV
Scale = 0 .. 1e+12 GeV2
YHat  = -100 .. 100
X1    = 0 .. 1
X2    = 0 .. 1

* A warning exception of type ThePEG::LesHouchesReader::LesHouchesReopenWarning occurred while generating event number 1: 
Reopening LesHouchesReader 'myReader' after accessing 2 events out of 1
* A warning exception of type ThePEG::EventHandler::ConsistencyException occurred while generating event number 1: 
Event handler 'myLesHouchesHandler' found energy-momentum non-conservation by (6.25278e-16,-2e-05,-3e-05;9.99927e-06) GeV after generating step number 4.

******************************************************************************
Event number 1 (id: ./OUTPUT/0.95MB1.05/1511391750/TMP/Cluster_HERWIGOutput_17) performed by myLesHouchesHandler
Weight: 1
==============================================================================

--- Colliding particles:
  1        e-      11  (3)   
                                 4.952     0.000     0.000     4.952     0.000
  2        e+     -11  (3)   
                                -4.952     0.000     0.000     4.952     0.000
------------------------------------------------------------------------------
Primary sub-process performed by myReader
--- incoming:
  1        e-      11  (3)   
                                 4.952     0.000     0.000     4.952     0.000
  2        e+     -11  (3)   
                                -4.952     0.000     0.000     4.952     0.000
--- intermediates:
  3     gamma      22 [1,2] (4..7)   
                                -0.000     0.000    -0.000     9.905     9.905
--- outgoing:
  4         g      21 [3] (8)  6>>5 {+1,-2}
                                 0.186    -0.708    -3.338     3.417     0.000
  5         g      21 [3] (9)  4>>7 {+3,-1}
                                 0.294     1.084     2.096     2.378     0.000
  6         g      21 [3] (12)  7>>4 {+2,-4}
                                -1.419     0.412     2.132     2.594     0.000
  7         g      21 [3] (13)  5>>6 {+4,-3}
                                 0.940    -0.788    -0.891     1.515     0.000
------------------------------------------------------------------------------
Step 1 performed by myLesHouchesHandler
--- intermediates:
  1        e-      11  (3)   
                                 4.952     0.000     0.000     4.952     0.000
  2        e+     -11  (3)   
                                -4.952     0.000     0.000     4.952     0.000
  3     gamma      22 [1,2] (4..7)   
                                -0.000     0.000    -0.000     9.905     9.905
--- final:
  4         g      21 [3] (8)  6>>5 {+1,-2}
                                 0.186    -0.708    -3.338     3.417     0.000
  5         g      21 [3] (9)  4>>7 {+3,-1}
                                 0.294     1.084     2.096     2.378     0.000
  6         g      21 [3] (12)  7>>4 {+2,-4}
                                -1.419     0.412     2.132     2.594     0.000
  7         g      21 [3] (13)  5>>6 {+4,-3}
                                 0.940    -0.788    -0.891     1.515     0.000
------------------------------------------------------------------------------
     Sum of momenta:            -1e-05    -2e-05    -3e-05       9.9       9.9
------------------------------------------------------------------------------
Step 2 performed by ShowerHandler
--- intermediates:
  9         g      21 [5] (10,11)   {+3,-1}
                                 0.214     0.790     1.527     3.668     3.233
--- final:
  8         g      21 [4] (14,15)  12>>11 {+1,-2}
                                 0.135    -0.516    -2.432     2.665     0.950
 10         g      21 [9] (20,21)  11>>13 {+3,-5}
                                 0.960     1.369     0.520     1.992     0.950
 11         g      21 [9] (22,23)  8>>10 {+5,-1}
                                -0.746    -0.579     1.007     1.676     0.950
 12         g      21 [6] (16,17)  13>>8 {+2,-4}
                                -1.034     0.300     1.553     2.115     0.950
 13         g      21 [7] (18,19)  10>>12 {+4,-3}
                                 0.685    -0.574    -0.649     1.457     0.950
------------------------------------------------------------------------------
     Sum of momenta:            -1e-05    -2e-05    -3e-05       9.9       9.9
------------------------------------------------------------------------------
Step 3 performed by ClusterHadHandler
--- intermediates:
 14         u       2 [8] (24)   {+1}
                                 0.047    -0.169    -0.292     0.471     0.325
 15      ubar      -2 [8] (25)   {-2}
                                 0.088    -0.347    -2.140     2.194     0.325
 16         d       1 [12] (25)   {+2}
                                -0.427    -0.172     0.399     0.691     0.325
 17      dbar      -1 [12] (26)   {-4}
                                -0.607     0.473     1.154     1.425     0.325
 18         u       2 [13] (26)   {+4}
                                 0.410    -0.435    -0.015     0.681     0.325
 19      ubar      -2 [13] (27)   {-3}
                                 0.275    -0.139    -0.634     0.776     0.325
 20         u       2 [10] (27)   {+3}
                                 0.639     0.332     0.194     0.813     0.325
 21      ubar      -2 [10] (28)   {-5}
                                 0.322     1.036     0.326     1.179     0.325
 22         d       1 [11] (28)   {+5}
                                -0.576    -0.108     0.800     1.044     0.325
 23      dbar      -1 [11] (24)   {-1}
                                -0.170    -0.472     0.207     0.632     0.325
 24   Cluster      81 [14,23] (33,34)   
                                -0.123    -0.640    -0.085     1.103     0.885
 25   Cluster      81 [15,16] (29,30)   
                                -0.339    -0.520    -1.741     2.885     2.215
 26   Cluster      81 [17,18] (31,32)   
                                -0.197     0.038     1.139     2.105     1.759
 27   Cluster      81 [19,20] (35,36)   
                                 0.913     0.193    -0.440     1.589     1.209
 28   Cluster      81 [21,22] (37,38)   
                                -0.254     0.929     1.127     2.223     1.656
--- final:
 29      rho-    -213 [25] (39,40)   
                                -0.398    -0.505    -0.583     1.169     0.783
 30       f_1   20223 [25] (43..45)   
                                 0.059    -0.015    -1.158     1.716     1.265
 31      a_1+   20213 [26] (48,49)   
                                 0.170     0.036     0.436     1.300     1.213
 32       pi0     111 [26] (56,57)   
                                -0.367     0.002     0.703     0.805     0.135
 33       pi+     211 [24]    
                                -0.209     0.105    -0.190     0.333     0.140
 34       pi0     111 [24] (58,59)   
                                 0.087    -0.746     0.106     0.770     0.135
 35       pi-    -211 [27]    
                                 0.072     0.081    -0.342     0.385     0.140
 36      rho+     213 [27] (60,61)   
                                 0.841     0.112    -0.099     1.205     0.850
 37        K-    -321 [28]    
                                 0.203     0.318     0.009     0.621     0.494
 38       K*0     313 [28] (64,65)   
                                -0.458     0.611     1.117     1.601     0.856
------------------------------------------------------------------------------
     Sum of momenta:            -1e-05    -2e-05    -3e-05       9.9       9.9
------------------------------------------------------------------------------
Step 4 performed by DecayHandler
--- intermediates:
 39       pi0     111 [29] (41,42)   
                                -0.540    -0.111    -0.273     0.630     0.135
 43      rho0     113 [30] (46,47)   
                                -0.167    -0.153    -0.733     1.119     0.814
 48      rho+     213 [31] (50,51)   
                                 0.270    -0.081     0.250     1.024     0.952
 49       pi0     111 [31] (54,55)   
                                -0.100     0.117     0.186     0.277     0.135
 50       pi0     111 [48] (52,53)   
                                 0.418    -0.315     0.406     0.676     0.135
 60       pi0     111 [36] (62,63)   
                                 0.022     0.183    -0.270     0.353     0.135
--- final:
 33       pi+     211 [24]    
                                -0.209     0.105    -0.190     0.333     0.140
 35       pi-    -211 [27]    
                                 0.072     0.081    -0.342     0.385     0.140
 37        K-    -321 [28]    
                                 0.203     0.318     0.009     0.621     0.494
 40       pi-    -211 [29]    
                                 0.142    -0.393    -0.310     0.539     0.140
 41     gamma      22 [39]    
                                -0.382    -0.122    -0.243     0.469     0.000
 42     gamma      22 [39]    
                                -0.158     0.010    -0.030     0.161     0.000
 44       pi+     211 [30]    
                                 0.028     0.083    -0.216     0.272     0.140
 45       pi-    -211 [30]    
                                 0.199     0.055    -0.209     0.325     0.140
 46       pi+     211 [43]    
                                -0.191    -0.310    -0.038     0.392     0.140
 47       pi-    -211 [43]    
                                 0.024     0.158    -0.695     0.727     0.140
 51       pi+     211 [48]    
                                -0.148     0.235    -0.156     0.348     0.140
 52     gamma      22 [50]    
                                 0.259    -0.145     0.160     0.337     0.000
 53     gamma      22 [50]    
                                 0.159    -0.170     0.246     0.339     0.000
 54     gamma      22 [49]    
                                -0.098     0.085     0.054     0.141     0.000
 55     gamma      22 [49]    
                                -0.002     0.032     0.132     0.136     0.000
 56     gamma      22 [32]    
                                -0.130     0.010     0.393     0.414     0.000
 57     gamma      22 [32]    
                                -0.238    -0.008     0.310     0.391     0.000
 58     gamma      22 [34]    
                                 0.030    -0.038     0.028     0.055     0.000
 59     gamma      22 [34]    
                                 0.057    -0.708     0.078     0.715     0.000
 61       pi+     211 [36]    
                                 0.819    -0.070     0.171     0.851     0.140
 62     gamma      22 [60]    
                                 0.071     0.051    -0.098     0.132     0.000
 63     gamma      22 [60]    
                                -0.050     0.131    -0.171     0.221     0.000
 64        K+     321 [38]    
                                -0.479     0.697     0.993     1.394     0.494
 65       pi-    -211 [38]    
                                 0.021    -0.086     0.124     0.207     0.140
------------------------------------------------------------------------------
     Sum of momenta:            -1e-05    -2e-05    -3e-05       9.9       9.9

The following exception classes were reported in this run:
ThePEG::EventHandler::ConsistencyException warning (1 times)
ThePEG::LesHouchesReader::LesHouchesReopenWarning warning (1 times)
