>>>>>>>>>>>>>>>>>>>>>>>>>>>>>>>>>>>>>>>>>>>>>>>>>>>>>>>>>>>>>>>>>>>>>>>>>>>>>>
>>>> Toolkit for HEP Event Generation - ThePEG 2.2.1 <<<<<<<<<<<<<<<<<<<<<<<<<
>>>> Mon Jun 22 19:51:53 2020                                             <<<<
<<<<<<<<<<<<<<<<<<<<<<<<<<<<<<<<<<<<<<<<<<<<<<<<<<<<<<<<<<<<<<<<<<<<<<<<<<<<<<

>> Herwig 7.2.1 / ThePEG 2.2.1

/Herwig/EventHandlers/NoCuts:
MHat  = 2 .. 66.7215 GeV
Scale = 0 .. 1e+12 GeV2
YHat  = -100 .. 100
X1    = 0 .. 1
X2    = 0 .. 1

* A warning exception of type ThePEG::LesHouchesReader::LesHouchesReopenWarning occurred while generating event number 1: 
Reopening LesHouchesReader 'myReader' after accessing 2 events out of 1
* A warning exception of type ThePEG::EventHandler::ConsistencyException occurred while generating event number 1: 
Event handler 'myLesHouchesHandler' found energy-momentum non-conservation by (-2.1e-05,-2e-05,-1e-05;1.99827e-06) GeV after generating step number 4.

******************************************************************************
Event number 1 (id: TMP/Cluster_HERWIGOutput_9) performed by myLesHouchesHandler
Weight: 1
==============================================================================

--- Colliding particles:
  1        e-      11  (3)   
                                16.680     0.000     0.000    16.680     0.000
  2        e+     -11  (3)   
                               -16.680     0.000     0.000    16.680     0.000
------------------------------------------------------------------------------
Primary sub-process performed by myReader
--- incoming:
  1        e-      11  (3)   
                                16.680     0.000     0.000    16.680     0.000
  2        e+     -11  (3)   
                               -16.680     0.000     0.000    16.680     0.000
--- intermediates:
  3     gamma      22 [1,2] (4..8)   
                                 0.000     0.000     0.000    33.361    33.361
--- outgoing:
  4         g      21 [3] (9)  5>>5 {+1,-2}
                                -5.023    -3.476     2.814     6.725     0.000
  5         g      21 [3] (12)  4>>4 {+2,-1}
                                 6.634     2.045     9.673    11.907     0.000
  6         g      21 [3] (13)  8>>7 {+3,-4}
                                -0.691    -0.982    -0.115     1.207     0.000
  7         g      21 [3] (14)  6>>8 {+5,-3}
                                -0.470     1.344   -12.277    12.359     0.000
  8         g      21 [3] (17)  7>>6 {+4,-5}
                                -0.450     1.069    -0.095     1.164     0.000
------------------------------------------------------------------------------
Step 1 performed by myLesHouchesHandler
--- intermediates:
  1        e-      11  (3)   
                                16.680     0.000     0.000    16.680     0.000
  2        e+     -11  (3)   
                               -16.680     0.000     0.000    16.680     0.000
  3     gamma      22 [1,2] (4..8)   
                                 0.000     0.000     0.000    33.361    33.361
--- final:
  4         g      21 [3] (9)  5>>5 {+1,-2}
                                -5.023    -3.476     2.814     6.725     0.000
  5         g      21 [3] (12)  4>>4 {+2,-1}
                                 6.634     2.045     9.673    11.907     0.000
  6         g      21 [3] (13)  8>>7 {+3,-4}
                                -0.691    -0.982    -0.115     1.207     0.000
  7         g      21 [3] (14)  6>>8 {+5,-3}
                                -0.470     1.344   -12.277    12.359     0.000
  8         g      21 [3] (17)  7>>6 {+4,-5}
                                -0.450     1.069    -0.095     1.164     0.000
------------------------------------------------------------------------------
     Sum of momenta:            -3e-05    -2e-05    -1e-05      33.4      33.4
------------------------------------------------------------------------------
Step 2 performed by ShowerHandler
--- intermediates:
  9         g      21 [4] (10,11)   {+1,-2}
                                -4.730    -3.273     2.650     7.139     3.294
 14         g      21 [7] (15,16)   {+5,-3}
                                -0.442     1.266   -11.562    12.036     3.063
--- final:
 10         g      21 [9] (24,25)  12>>11 {+6,-2}
                                -4.066    -1.674     1.108     4.633     0.950
 11         g      21 [9] (26,27)  10>>12 {+1,-6}
                                -0.664    -1.599     1.542     2.506     0.950
 12         g      21 [5] (18,19)  11>>10 {+2,-1}
                                 6.248     1.926     9.111    11.254     0.950
 13         g      21 [6] (20,21)  17>>16 {+3,-4}
                                -0.651    -0.925    -0.109     1.481     0.950
 15         g      21 [14] (28,29)  16>>17 {+5,-7}
                                -0.499    -0.542    -5.769     5.893     0.950
 16         g      21 [14] (30,31)  13>>15 {+7,-3}
                                 0.057     1.808    -5.794     6.144     0.950
 17         g      21 [8] (22,23)  15>>13 {+4,-5}
                                -0.424     1.007    -0.090     1.450     0.950
------------------------------------------------------------------------------
     Sum of momenta:            -3e-05    -2e-05    -1e-05      33.4      33.4
------------------------------------------------------------------------------
Step 3 performed by ClusterHadHandler
--- intermediates:
 18         d       1 [12] (32)   {+2}
                                 1.909     0.855     3.200     3.837     0.325
 19      dbar      -1 [12] (33)   {-1}
                                 4.339     1.071     5.910     7.417     0.325
 20         s       3 [13] (34)   {+3}
                                -0.466    -0.415    -0.009     0.769     0.450
 21      sbar      -3 [13] (35)   {-4}
                                -0.185    -0.510    -0.099     0.712     0.450
 22         s       3 [17] (35)   {+4}
                                -0.130     0.292    -0.065     0.556     0.450
 23      sbar      -3 [17] (36)   {-5}
                                -0.294     0.715    -0.025     0.895     0.450
 24         s       3 [10] (37)   {+6}
                                -2.608    -1.142     0.732     2.974     0.450
 25      sbar      -3 [10] (32)   {-2}
                                -1.458    -0.532     0.376     1.659     0.450
 26         u       2 [11] (33)   {+1}
                                -0.365    -0.343     0.241     0.644     0.325
 27      ubar      -2 [11] (37)   {-6}
                                -0.299    -1.256     1.301     1.862     0.325
 28         s       3 [15] (36)   {+5}
                                -0.330    -0.167    -3.196     3.249     0.450
 29      sbar      -3 [15] (38)   {-7}
                                -0.169    -0.375    -2.572     2.644     0.450
 30         u       2 [16] (38)   {+7}
                                 0.147     0.305    -0.932     1.044     0.325
 31      ubar      -2 [16] (34)   {-3}
                                -0.090     1.503    -4.862     5.100     0.325
 32   Cluster      81 [18,25] (39,40)   
                                 0.451     0.323     3.576     5.496     4.137
 33   Cluster      81 [19,26] (47,48)   
                                 3.974     0.728     6.151     8.061     3.290
 34   Cluster      81 [20,31] (51,52)   
                                -0.556     1.088    -4.871     5.869     3.037
 35   Cluster      81 [21,22] (43,44)   
                                -0.316    -0.219    -0.164     1.268     1.197
 36   Cluster      81 [23,28] (41,42)   
                                -0.624     0.548    -3.221     4.143     2.471
 37   Cluster      81 [24,27] (49,50)   
                                -2.907    -2.398     2.034     4.836     2.247
 38   Cluster      81 [29,30] (45,46)   
                                -0.022    -0.070    -3.504     3.687     1.145
 39   Cluster      81 [32] (53,54)   
                                 0.998     0.482     2.495     3.345     1.932
 40   Cluster      81 [32] (55,56)   
                                -0.547    -0.159     1.080     2.152     1.771
--- final:
 41     K''*+   30323 [36] (57,58)   
                                -0.315     0.871    -2.813     3.362     1.592
 42        K-    -321 [36]    
                                -0.309    -0.323    -0.408     0.781     0.494
 43        K0     311 [35] (61)   
                                -0.237    -0.060    -0.406     0.687     0.498
 44     Kbar0    -311 [35] (62)   
                                -0.078    -0.158     0.242     0.581     0.498
 45       K*0     313 [38] (63,64)   
                                 0.056    -0.198    -2.591     2.751     0.902
 46       pi+     211 [38]    
                                -0.078     0.128    -0.913     0.936     0.140
 47    rho''0   30113 [33] (65,66)   
                                 3.669    -0.220     4.026     5.602     1.290
 48      rho+     213 [33] (75,76)   
                                 0.304     0.948     2.125     2.459     0.734
 49     K*_2-    -325 [37] (79,80)   
                                -2.055    -1.355     1.396     3.164     1.415
 50     omega     223 [37] (83,84)   
                                -0.851    -1.043     0.638     1.672     0.758
 51     K''*-  -30323 [34] (89,90)   
                                -0.226     0.600    -1.617     2.328     1.547
 52       f_2     225 [34] (98,99)   
                                -0.330     0.487    -3.254     3.541     1.266
 53      rho0     113 [39] (104,105)   
                                 0.665    -0.471     1.845     2.135     0.701
 54       pi-    -211 [39]    
                                 0.333     0.953     0.650     1.209     0.140
 55       K*0     313 [40] (106,107)   
                                -0.853    -0.092     1.045     1.637     0.923
 56      rho+     213 [40] (108,109)   
                                 0.306    -0.068     0.035     0.514     0.406
------------------------------------------------------------------------------
     Sum of momenta:            -3e-05    -2e-05    -1e-05      33.4      33.4
------------------------------------------------------------------------------
Step 4 performed by DecayHandler
--- intermediates:
 58       pi0     111 [41] (59,60)   
                                -0.856     0.344    -1.569     1.825     0.135
 65      a_1+   20213 [47] (67,68)   
                                 2.184     0.055     2.409     3.385     0.939
 67      rho+     213 [65] (69,70)   
                                 1.929     0.038     2.195     3.026     0.782
 68       pi0     111 [65] (73,74)   
                                 0.255     0.017     0.214     0.360     0.135
 69       pi0     111 [67] (71,72)   
                                 0.079    -0.150     0.243     0.326     0.135
 75       pi0     111 [48] (77,78)   
                                 0.123     0.971     1.535     1.825     0.135
 80       pi0     111 [49] (81,82)   
                                -0.482    -0.695     1.049     1.355     0.135
 83      rho+     213 [50] (85,86)   
                                -0.385    -0.153     0.276     0.594     0.325
 85       pi0     111 [83] (87,88)   
                                -0.095    -0.117     0.102     0.227     0.135
 89     Kbar0    -311 [51] (91)   
                                -0.486     0.509    -1.780     1.978     0.498
 91      K_S0     310 [89] (92,93)   
                                -0.486     0.509    -1.780     1.978     0.498
 92       pi0     111 [91] (94,95)   
                                -0.193     0.201    -1.236     1.274     0.135
 93       pi0     111 [91] (96,97)   
                                -0.294     0.308    -0.544     0.704     0.135
 98       pi0     111 [52] (100,101)   
                                 0.039    -0.285    -1.945     1.971     0.135
 99       pi0     111 [52] (102,103)   
                                -0.369     0.773    -1.309     1.570     0.135
108       pi0     111 [56] (110,111)   
                                 0.178    -0.103    -0.113     0.271     0.135
--- final:
 42        K-    -321 [36]    
                                -0.309    -0.323    -0.408     0.781     0.494
 46       pi+     211 [38]    
                                -0.078     0.128    -0.913     0.936     0.140
 54       pi-    -211 [39]    
                                 0.333     0.953     0.650     1.209     0.140
 57        K+     321 [41]    
                                 0.542     0.528    -1.243     1.537     0.494
 59     gamma      22 [58]    
                                -0.406     0.201    -0.656     0.797     0.000
 60     gamma      22 [58]    
                                -0.450     0.143    -0.914     1.029     0.000
 61      K_L0     130 [43]    
                                -0.237    -0.060    -0.406     0.687     0.498
 62      K_L0     130 [44]    
                                -0.078    -0.158     0.242     0.581     0.498
 63        K+     321 [45]    
                                -0.086    -0.221    -2.440     2.500     0.494
 64       pi-    -211 [45]    
                                 0.142     0.022    -0.151     0.251     0.140
 66       pi-    -211 [47]    
                                 1.485    -0.275     1.617     2.217     0.140
 70       pi+     211 [67]    
                                 1.850     0.189     1.953     2.700     0.140
 71     gamma      22 [69]    
                                -0.022    -0.020     0.110     0.114     0.000
 72     gamma      22 [69]    
                                 0.101    -0.131     0.132     0.211     0.000
 73     gamma      22 [68]    
                                 0.107     0.070     0.067     0.145     0.000
 74     gamma      22 [68]    
                                 0.148    -0.053     0.146     0.215     0.000
 76       pi+     211 [48]    
                                 0.182    -0.023     0.590     0.634     0.140
 77     gamma      22 [75]    
                                 0.075     0.720     1.022     1.253     0.000
 78     gamma      22 [75]    
                                 0.048     0.251     0.512     0.572     0.000
 79        K-    -321 [49]    
                                -1.573    -0.659     0.346     1.809     0.494
 81     gamma      22 [80]    
                                -0.041    -0.011     0.053     0.068     0.000
 82     gamma      22 [80]    
                                -0.441    -0.685     0.996     1.287     0.000
 84       pi-    -211 [50]    
                                -0.466    -0.891     0.363     1.078     0.140
 86       pi+     211 [83]    
                                -0.290    -0.036     0.174     0.368     0.140
 87     gamma      22 [85]    
                                -0.011    -0.084     0.106     0.136     0.000
 88     gamma      22 [85]    
                                -0.085    -0.033    -0.004     0.091     0.000
 90       pi-    -211 [51]    
                                 0.261     0.092     0.163     0.350     0.140
 94     gamma      22 [92]    
                                -0.190     0.179    -0.892     0.930     0.000
 95     gamma      22 [92]    
                                -0.003     0.022    -0.344     0.344     0.000
 96     gamma      22 [93]    
                                -0.179     0.124    -0.192     0.290     0.000
 97     gamma      22 [93]    
                                -0.115     0.183    -0.352     0.413     0.000
100     gamma      22 [98]    
                                 0.014    -0.274    -1.494     1.519     0.000
101     gamma      22 [98]    
                                 0.025    -0.011    -0.451     0.452     0.000
102     gamma      22 [99]    
                                -0.375     0.756    -1.301     1.551     0.000
103     gamma      22 [99]    
                                 0.006     0.017    -0.008     0.019     0.000
104       pi+     211 [53]    
                                 0.600    -0.058     0.894     1.087     0.140
105       pi-    -211 [53]    
                                 0.065    -0.413     0.951     1.048     0.140
106        K+     321 [55]    
                                -0.517     0.090     0.284     0.774     0.494
107       pi-    -211 [55]    
                                -0.336    -0.181     0.761     0.863     0.140
109       pi+     211 [56]    
                                 0.128     0.035     0.149     0.243     0.140
110     gamma      22 [108]    
                                 0.021    -0.079    -0.065     0.105     0.000
111     gamma      22 [108]    
                                 0.157    -0.023    -0.048     0.166     0.000
------------------------------------------------------------------------------
     Sum of momenta:            -3e-05    -2e-05    -1e-05      33.4      33.4

The following exception classes were reported in this run:
ThePEG::EventHandler::ConsistencyException warning (1 times)
ThePEG::LesHouchesReader::LesHouchesReopenWarning warning (1 times)
