>>>>>>>>>>>>>>>>>>>>>>>>>>>>>>>>>>>>>>>>>>>>>>>>>>>>>>>>>>>>>>>>>>>>>>>>>>>>>>
>>>> Toolkit for HEP Event Generation - ThePEG 2.2.0 <<<<<<<<<<<<<<<<<<<<<<<<<
>>>> Tue Jun 30 00:51:32 2020                                             <<<<
<<<<<<<<<<<<<<<<<<<<<<<<<<<<<<<<<<<<<<<<<<<<<<<<<<<<<<<<<<<<<<<<<<<<<<<<<<<<<<

>> Herwig 7.2.0 / ThePEG 2.2.0

/Herwig/EventHandlers/NoCuts:
MHat  = 2 .. 12.1977 GeV
Scale = 0 .. 1e+12 GeV2
YHat  = -100 .. 100
X1    = 0 .. 1
X2    = 0 .. 1

* A warning exception of type ThePEG::LesHouchesReader::LesHouchesReopenWarning occurred while generating event number 1: 
Reopening LesHouchesReader 'myReader' after accessing 2 events out of 1
* A warning exception of type ThePEG::EventHandler::ConsistencyException occurred while generating event number 1: 
Event handler 'myLesHouchesHandler' found energy-momentum non-conservation by (-1e-05,-2e-05,-1e-05;-4.73494e-10) GeV after generating step number 4.

******************************************************************************
Event number 1 (id: ./OUTPUT/0.95MB1.05/1513254215/TMP/Cluster_HERWIGOutput_28) performed by myLesHouchesHandler
Weight: 1
==============================================================================

--- Colliding particles:
  1        e-      11  (3)   
                                 3.049     0.000    -0.000     3.049     0.000
  2        e+     -11  (3)   
                                -3.049     0.000     0.000     3.049     0.000
------------------------------------------------------------------------------
Primary sub-process performed by myReader
--- incoming:
  1        e-      11  (3)   
                                 3.049     0.000    -0.000     3.049     0.000
  2        e+     -11  (3)   
                                -3.049     0.000     0.000     3.049     0.000
--- intermediates:
  3     gamma      22 [1,2] (4..7)   
                                 0.000     0.000    -0.000     6.099     6.099
--- outgoing:
  4         g      21 [3] (8)  7>>5 {+1,-2}
                                 1.695     0.628     0.436     1.860     0.000
  5         g      21 [3] (9)  4>>6 {+3,-1}
                                -0.743     1.275     0.220     1.492     0.000
  6         g      21 [3] (10)  5>>7 {+4,-3}
                                -0.491    -1.557    -1.142     1.992     0.000
  7         g      21 [3] (11)  6>>4 {+2,-4}
                                -0.462    -0.346     0.486     0.754     0.000
------------------------------------------------------------------------------
Step 1 performed by myLesHouchesHandler
--- intermediates:
  1        e-      11  (3)   
                                 3.049     0.000    -0.000     3.049     0.000
  2        e+     -11  (3)   
                                -3.049     0.000     0.000     3.049     0.000
  3     gamma      22 [1,2] (4..7)   
                                 0.000     0.000    -0.000     6.099     6.099
--- final:
  4         g      21 [3] (8)  7>>5 {+1,-2}
                                 1.695     0.628     0.436     1.860     0.000
  5         g      21 [3] (9)  4>>6 {+3,-1}
                                -0.743     1.275     0.220     1.492     0.000
  6         g      21 [3] (10)  5>>7 {+4,-3}
                                -0.491    -1.557    -1.142     1.992     0.000
  7         g      21 [3] (11)  6>>4 {+2,-4}
                                -0.462    -0.346     0.486     0.754     0.000
------------------------------------------------------------------------------
     Sum of momenta:            -2e-05    -2e-05    -1e-05       6.1       6.1
------------------------------------------------------------------------------
Step 2 performed by ShowerHandler
--- final:
  8         g      21 [4] (12,13)  11>>9 {+1,-2}
                                 1.295     0.480     0.333     1.709     0.950
  9         g      21 [5] (14,15)  8>>10 {+3,-1}
                                -0.568     0.974     0.168     1.484     0.950
 10         g      21 [6] (16,17)  9>>11 {+4,-3}
                                -0.375    -1.190    -0.872     1.794     0.950
 11         g      21 [7] (18,19)  10>>8 {+2,-4}
                                -0.353    -0.264     0.371     1.111     0.950
------------------------------------------------------------------------------
     Sum of momenta:            -2e-05    -2e-05    -1e-05       6.1       6.1
------------------------------------------------------------------------------
Step 3 performed by ClusterHadHandler
--- intermediates:
 12         d       1 [8] (20)   {+1}
                                 0.522    -0.077     0.331     0.702     0.325
 13      dbar      -1 [8] (22)   {-2}
                                 0.774     0.556     0.002     1.007     0.325
 14         d       1 [9] (22)   {+3}
                                -0.389     0.135    -0.086     0.532     0.325
 15      dbar      -1 [9] (20)   {-1}
                                -0.179     0.839     0.254     0.952     0.325
 16         s       3 [10] (21)   {+4}
                                -0.319    -0.594    -0.548     0.978     0.450
 17      sbar      -3 [10] (23)   {-3}
                                -0.056    -0.596    -0.325     0.816     0.450
 18         d       1 [11] (23)   {+2}
                                -0.130    -0.197    -0.172     0.437     0.325
 19      dbar      -1 [11] (21)   {-4}
                                -0.223    -0.067     0.543     0.674     0.325
 20   Cluster      81 [12,15] (24,25)   
                                 0.343     0.763     0.586     1.655     1.302
 21   Cluster      81 [16,19] (28,29)   
                                -0.541    -0.661    -0.005     1.652     1.414
 22   Cluster      81 [13,14] (30,31)   
                                 0.384     0.691    -0.085     1.539     1.317
 23   Cluster      81 [17,18] (26,27)   
                                -0.186    -0.794    -0.496     1.253     0.813
--- final:
 24      rho-    -213 [20] (32,33)   
                                -0.184     0.330     0.209     0.863     0.747
 25       pi+     211 [20]    
                                 0.527     0.433     0.377     0.792     0.140
 26       pi-    -211 [23]    
                                -0.159    -0.317    -0.412     0.562     0.140
 27        K+     321 [23]    
                                -0.027    -0.476    -0.084     0.692     0.494
 28       K*-    -323 [21] (36,37)   
                                -0.610    -0.181    -0.110     1.137     0.935
 29       pi+     211 [21]    
                                 0.069    -0.480     0.106     0.515     0.140
 30        K0     311 [22] (41)   
                                 0.360     0.340    -0.444     0.831     0.498
 31     Kbar0    -311 [22] (48)   
                                 0.025     0.351     0.360     0.708     0.498
------------------------------------------------------------------------------
     Sum of momenta:            -2e-05    -2e-05    -1e-05       6.1       6.1
------------------------------------------------------------------------------
Step 4 performed by DecayHandler
--- intermediates:
 32       pi0     111 [24] (34,35)   
                                 0.205     0.322     0.012     0.405     0.135
 36     Kbar0    -311 [28] (38)   
                                -0.530    -0.036     0.203     0.756     0.498
 38      K_S0     310 [36] (39,40)   
                                -0.530    -0.036     0.203     0.756     0.498
 41      K_S0     310 [30] (42,43)   
                                 0.360     0.340    -0.444     0.831     0.498
 42       pi0     111 [41] (44,45)   
                                 0.262    -0.005    -0.303     0.423     0.135
 43       pi0     111 [41] (46,47)   
                                 0.098     0.345    -0.142     0.408     0.135
--- final:
 25       pi+     211 [20]    
                                 0.527     0.433     0.377     0.792     0.140
 26       pi-    -211 [23]    
                                -0.159    -0.317    -0.412     0.562     0.140
 27        K+     321 [23]    
                                -0.027    -0.476    -0.084     0.692     0.494
 29       pi+     211 [21]    
                                 0.069    -0.480     0.106     0.515     0.140
 33       pi-    -211 [24]    
                                -0.389     0.008     0.197     0.458     0.140
 34     gamma      22 [32]    
                                 0.161     0.184    -0.047     0.249     0.000
 35     gamma      22 [32]    
                                 0.045     0.138     0.059     0.156     0.000
 37       pi-    -211 [28]    
                                -0.080    -0.145    -0.313     0.381     0.140
 39       pi+     211 [38]    
                                -0.420     0.146     0.081     0.473     0.140
 40       pi-    -211 [38]    
                                -0.110    -0.182     0.123     0.283     0.140
 44     gamma      22 [42]    
                                 0.267     0.010    -0.245     0.363     0.000
 45     gamma      22 [42]    
                                -0.005    -0.015    -0.057     0.059     0.000
 46     gamma      22 [43]    
                                 0.128     0.272    -0.135     0.329     0.000
 47     gamma      22 [43]    
                                -0.030     0.073    -0.007     0.079     0.000
 48      K_L0     130 [31]    
                                 0.025     0.351     0.360     0.708     0.498
------------------------------------------------------------------------------
     Sum of momenta:            -2e-05    -2e-05    -1e-05       6.1       6.1

The following exception classes were reported in this run:
ThePEG::EventHandler::ConsistencyException warning (1 times)
ThePEG::LesHouchesReader::LesHouchesReopenWarning warning (1 times)
