>>>>>>>>>>>>>>>>>>>>>>>>>>>>>>>>>>>>>>>>>>>>>>>>>>>>>>>>>>>>>>>>>>>>>>>>>>>>>>
>>>> Toolkit for HEP Event Generation - ThePEG 2.2.0 <<<<<<<<<<<<<<<<<<<<<<<<<
>>>> Tue Jun 30 00:43:59 2020                                             <<<<
<<<<<<<<<<<<<<<<<<<<<<<<<<<<<<<<<<<<<<<<<<<<<<<<<<<<<<<<<<<<<<<<<<<<<<<<<<<<<<

>> Herwig 7.2.0 / ThePEG 2.2.0

/Herwig/EventHandlers/NoCuts:
MHat  = 2 .. 26.7801 GeV
Scale = 0 .. 1e+12 GeV2
YHat  = -100 .. 100
X1    = 0 .. 1
X2    = 0 .. 1

* A warning exception of type ThePEG::LesHouchesReader::LesHouchesReopenWarning occurred while generating event number 1: 
Reopening LesHouchesReader 'myReader' after accessing 2 events out of 1
* A warning exception of type ThePEG::EventHandler::ConsistencyException occurred while generating event number 1: 
Event handler 'myLesHouchesHandler' found energy-momentum non-conservation by (-1e-05,-2e-05,-2e-05;-5.39705e-10) GeV after generating step number 4.

******************************************************************************
Event number 1 (id: ./OUTPUT/0.95MB1.05/1511395746/TMP/Cluster_HERWIGOutput_16) performed by myLesHouchesHandler
Weight: 1
==============================================================================

--- Colliding particles:
  1        e-      11  (3)   
                                 6.695     0.000     0.000     6.695     0.000
  2        e+     -11  (3)   
                                -6.695     0.000    -0.000     6.695     0.000
------------------------------------------------------------------------------
Primary sub-process performed by myReader
--- incoming:
  1        e-      11  (3)   
                                 6.695     0.000     0.000     6.695     0.000
  2        e+     -11  (3)   
                                -6.695     0.000    -0.000     6.695     0.000
--- intermediates:
  3     gamma      22 [1,2] (4..7)   
                                 0.000     0.000     0.000    13.390    13.390
--- outgoing:
  4         g      21 [3] (8)  6>>5 {+1,-2}
                                -1.667    -1.056     0.279     1.993     0.000
  5         g      21 [3] (9)  4>>7 {+3,-1}
                                 2.120    -2.295    -1.936     3.675     0.000
  6         g      21 [3] (10)  7>>4 {+2,-4}
                                 0.822    -1.304    -1.339     2.042     0.000
  7         g      21 [3] (11)  5>>6 {+4,-3}
                                -1.275     4.654     2.996     5.680     0.000
------------------------------------------------------------------------------
Step 1 performed by myLesHouchesHandler
--- intermediates:
  1        e-      11  (3)   
                                 6.695     0.000     0.000     6.695     0.000
  2        e+     -11  (3)   
                                -6.695     0.000    -0.000     6.695     0.000
  3     gamma      22 [1,2] (4..7)   
                                 0.000     0.000     0.000    13.390    13.390
--- final:
  4         g      21 [3] (8)  6>>5 {+1,-2}
                                -1.667    -1.056     0.279     1.993     0.000
  5         g      21 [3] (9)  4>>7 {+3,-1}
                                 2.120    -2.295    -1.936     3.675     0.000
  6         g      21 [3] (10)  7>>4 {+2,-4}
                                 0.822    -1.304    -1.339     2.042     0.000
  7         g      21 [3] (11)  5>>6 {+4,-3}
                                -1.275     4.654     2.996     5.680     0.000
------------------------------------------------------------------------------
     Sum of momenta:            -2e-05    -2e-05    -2e-05      13.4      13.4
------------------------------------------------------------------------------
Step 2 performed by ShowerHandler
--- final:
  8         g      21 [4] (12,13)  10>>9 {+1,-2}
                                -1.585    -1.004     0.265     2.120     0.950
  9         g      21 [5] (14,15)  8>>11 {+3,-1}
                                 2.016    -2.183    -1.841     3.622     0.950
 10         g      21 [6] (16,17)  11>>8 {+2,-4}
                                 0.782    -1.240    -1.274     2.162     0.950
 11         g      21 [7] (18,19)  9>>10 {+4,-3}
                                -1.212     4.427     2.850     5.486     0.950
------------------------------------------------------------------------------
     Sum of momenta:            -2e-05    -2e-05    -2e-05      13.4      13.4
------------------------------------------------------------------------------
Step 3 performed by ClusterHadHandler
--- intermediates:
 12         s       3 [8] (20)   {+1}
                                -1.011    -0.506     0.210     1.234     0.450
 13      sbar      -3 [8] (21)   {-2}
                                -0.575    -0.499     0.055     0.886     0.450
 14         u       2 [9] (22)   {+3}
                                 0.262    -0.609    -0.498     0.891     0.325
 15      ubar      -2 [9] (20)   {-1}
                                 1.754    -1.574    -1.343     2.732     0.325
 16         u       2 [10] (21)   {+2}
                                 0.148    -0.732    -0.890     1.207     0.325
 17      ubar      -2 [10] (23)   {-4}
                                 0.634    -0.508    -0.384     0.955     0.325
 18         u       2 [11] (23)   {+4}
                                -0.281     1.975     1.507     2.521     0.325
 19      ubar      -2 [11] (22)   {-3}
                                -0.931     2.452     1.343     2.964     0.325
 20   Cluster      81 [12,15] (26,27)   
                                 0.743    -2.079    -1.133     3.966     3.094
 21   Cluster      81 [13,16] (24,25)   
                                -0.427    -1.231    -0.835     2.092     1.408
 22   Cluster      81 [14,19] (30,31)   
                                -0.669     1.843     0.845     3.855     3.210
 23   Cluster      81 [17,18] (28,29)   
                                 0.353     1.467     1.123     3.477     2.924
--- final:
 24       eta     221 [21] (32,33)   
                                -0.370    -0.185    -0.039     0.687     0.548
 25        K+     321 [21]    
                                -0.057    -1.046    -0.796     1.405     0.494
 26     Kbar0    -311 [20] (34)   
                                 0.360    -0.775     0.953     1.373     0.498
 27      rho-    -213 [20] (37,38)   
                                 0.383    -1.305    -2.086     2.593     0.724
 28     nbar0   -2112 [23]    
                                -0.326     0.202    -0.259     1.047     0.940
 29  n(1440)0   12112 [23] (41,42)   
                                 0.678     1.265     1.382     2.429     1.390
 30     K'_1+   20323 [22] (43,44)   
                                -0.321     0.164     1.011     1.752     1.384
 31     K'_1-  -20323 [22] (51,52)   
                                -0.348     1.679    -0.167     2.103     1.206
------------------------------------------------------------------------------
     Sum of momenta:            -2e-05    -2e-05    -2e-05      13.4      13.4
------------------------------------------------------------------------------
Step 4 performed by DecayHandler
--- intermediates:
 34      K_S0     310 [26] (35,36)   
                                 0.360    -0.775     0.953     1.373     0.498
 37       pi0     111 [27] (39,40)   
                                 0.114    -0.036    -0.544     0.573     0.135
 43       K*+     323 [30] (45,46)   
                                -0.217    -0.048     0.288     0.979     0.909
 44       pi0     111 [30] (49,50)   
                                -0.103     0.212     0.724     0.773     0.135
 46       pi0     111 [43] (47,48)   
                                 0.215    -0.083     0.154     0.308     0.135
 51    K*bar0    -313 [31] (53,54)   
                                -0.099     1.253    -0.261     1.582     0.925
 53     Kbar0    -311 [51] (55)   
                                -0.069     0.518     0.138     0.735     0.498
 54       pi0     111 [51] (56,57)   
                                -0.031     0.734    -0.399     0.847     0.135
--- final:
 25        K+     321 [21]    
                                -0.057    -1.046    -0.796     1.405     0.494
 28     nbar0   -2112 [23]    
                                -0.326     0.202    -0.259     1.047     0.940
 32     gamma      22 [24]    
                                 0.085     0.110    -0.037     0.144     0.000
 33     gamma      22 [24]    
                                -0.455    -0.296    -0.002     0.543     0.000
 35       pi+     211 [34]    
                                 0.262    -0.335     0.213     0.495     0.140
 36       pi-    -211 [34]    
                                 0.098    -0.440     0.740     0.878     0.140
 38       pi-    -211 [27]    
                                 0.270    -1.269    -1.542     2.020     0.140
 39     gamma      22 [37]    
                                 0.070    -0.073    -0.463     0.474     0.000
 40     gamma      22 [37]    
                                 0.044     0.037    -0.081     0.100     0.000
 41        p+    2212 [29]    
                                 0.734     0.687     0.779     1.581     0.938
 42       pi-    -211 [29]    
                                -0.056     0.578     0.603     0.849     0.140
 45        K+     321 [43]    
                                -0.432     0.035     0.133     0.670     0.494
 47     gamma      22 [46]    
                                 0.103    -0.089     0.140     0.195     0.000
 48     gamma      22 [46]    
                                 0.112     0.006     0.015     0.113     0.000
 49     gamma      22 [44]    
                                -0.064     0.046     0.105     0.131     0.000
 50     gamma      22 [44]    
                                -0.039     0.167     0.619     0.642     0.000
 52       pi-    -211 [31]    
                                -0.249     0.426     0.094     0.521     0.140
 55      K_L0     130 [53]    
                                -0.069     0.518     0.138     0.735     0.498
 56     gamma      22 [54]    
                                -0.018     0.188    -0.039     0.193     0.000
 57     gamma      22 [54]    
                                -0.013     0.546    -0.359     0.654     0.000
------------------------------------------------------------------------------
     Sum of momenta:            -2e-05    -2e-05    -2e-05      13.4      13.4

The following exception classes were reported in this run:
ThePEG::EventHandler::ConsistencyException warning (1 times)
ThePEG::LesHouchesReader::LesHouchesReopenWarning warning (1 times)
