>>>>>>>>>>>>>>>>>>>>>>>>>>>>>>>>>>>>>>>>>>>>>>>>>>>>>>>>>>>>>>>>>>>>>>>>>>>>>>
>>>> Toolkit for HEP Event Generation - ThePEG 2.2.0 <<<<<<<<<<<<<<<<<<<<<<<<<
>>>> Tue Jun 30 00:39:16 2020                                             <<<<
<<<<<<<<<<<<<<<<<<<<<<<<<<<<<<<<<<<<<<<<<<<<<<<<<<<<<<<<<<<<<<<<<<<<<<<<<<<<<<

>> Herwig 7.2.0 / ThePEG 2.2.0

/Herwig/EventHandlers/NoCuts:
MHat  = 2 .. 10.3705 GeV
Scale = 0 .. 1e+12 GeV2
YHat  = -100 .. 100
X1    = 0 .. 1
X2    = 0 .. 1

* A warning exception of type ThePEG::LesHouchesReader::LesHouchesReopenWarning occurred while generating event number 1: 
Reopening LesHouchesReader 'myReader' after accessing 2 events out of 1
* A warning exception of type ThePEG::EventHandler::ConsistencyException occurred while generating event number 1: 
Event handler 'myLesHouchesHandler' found energy-momentum non-conservation by (-2e-05,-1e-05,-2e-05;9.9998e-06) GeV after generating step number 4.

******************************************************************************
Event number 1 (id: ./OUTPUT/0.95MB1.05/1513168335/TMP/Cluster_HERWIGOutput_29) performed by myLesHouchesHandler
Weight: 1
==============================================================================

--- Colliding particles:
  1        e-      11  (3)   
                                 2.593     0.000     0.000     2.593     0.000
  2        e+     -11  (3)   
                                -2.593     0.000    -0.000     2.593     0.000
------------------------------------------------------------------------------
Primary sub-process performed by myReader
--- incoming:
  1        e-      11  (3)   
                                 2.593     0.000     0.000     2.593     0.000
  2        e+     -11  (3)   
                                -2.593     0.000    -0.000     2.593     0.000
--- intermediates:
  3     gamma      22 [1,2] (4..7)   
                                 0.000     0.000    -0.000     5.185     5.185
--- outgoing:
  4         g      21 [3] (8)  7>>6 {+1,-2}
                                -0.531    -0.318     0.468     0.776     0.000
  5         g      21 [3] (9)  6>>7 {+3,-4}
                                 1.362    -0.538    -0.837     1.687     0.000
  6         g      21 [3] (10)  4>>5 {+4,-1}
                                -1.274     1.138     0.938     1.949     0.000
  7         g      21 [3] (11)  5>>4 {+2,-3}
                                 0.443    -0.281    -0.569     0.774     0.000
------------------------------------------------------------------------------
Step 1 performed by myLesHouchesHandler
--- intermediates:
  1        e-      11  (3)   
                                 2.593     0.000     0.000     2.593     0.000
  2        e+     -11  (3)   
                                -2.593     0.000    -0.000     2.593     0.000
  3     gamma      22 [1,2] (4..7)   
                                 0.000     0.000    -0.000     5.185     5.185
--- final:
  4         g      21 [3] (8)  7>>6 {+1,-2}
                                -0.531    -0.318     0.468     0.776     0.000
  5         g      21 [3] (9)  6>>7 {+3,-4}
                                 1.362    -0.538    -0.837     1.687     0.000
  6         g      21 [3] (10)  4>>5 {+4,-1}
                                -1.274     1.138     0.938     1.949     0.000
  7         g      21 [3] (11)  5>>4 {+2,-3}
                                 0.443    -0.281    -0.569     0.774     0.000
------------------------------------------------------------------------------
     Sum of momenta:            -3e-05    -1e-05    -2e-05      5.19      5.19
------------------------------------------------------------------------------
Step 2 performed by ShowerHandler
--- final:
  8         g      21 [4] (12,13)  11>>10 {+1,-2}
                                -0.345    -0.207     0.304     1.076     0.950
  9         g      21 [5] (14,15)  10>>11 {+3,-4}
                                 0.886    -0.350    -0.544     1.451     0.950
 10         g      21 [6] (16,17)  8>>9 {+4,-1}
                                -0.828     0.740     0.610     1.584     0.950
 11         g      21 [7] (18,19)  9>>8 {+2,-3}
                                 0.288    -0.183    -0.370     1.075     0.950
------------------------------------------------------------------------------
     Sum of momenta:            -3e-05    -1e-05    -2e-05      5.19      5.19
------------------------------------------------------------------------------
Step 3 performed by ClusterHadHandler
--- intermediates:
 12         d       1 [8] (20)   {+1}
                                -0.248    -0.407     0.357     0.678     0.325
 13      dbar      -1 [8] (22)   {-2}
                                -0.097     0.200    -0.053     0.397     0.325
 14         d       1 [9] (21)   {+3}
                                 0.305    -0.449    -0.438     0.770     0.325
 15      dbar      -1 [9] (23)   {-4}
                                 0.581     0.100    -0.106     0.681     0.325
 16         s       3 [10] (22)   {+4}
                                -0.560     0.429     0.238     0.870     0.450
 17      sbar      -3 [10] (20)   {-1}
                                -0.269     0.311     0.372     0.714     0.450
 18         d       1 [11] (23)   {+2}
                                 0.192    -0.186    -0.549     0.692     0.325
 19      dbar      -1 [11] (21)   {-3}
                                 0.096     0.003     0.179     0.383     0.325
 20   Cluster      81 [12,17] (24,25)   
                                -0.517    -0.096     0.729     1.392     1.063
 21   Cluster      81 [14,19] (30,31)   
                                 0.401    -0.447    -0.259     1.153     0.950
 22   Cluster      81 [13,16] (28,29)   
                                -0.657     0.629     0.185     1.267     0.863
 23   Cluster      81 [15,18] (26,27)   
                                 0.773    -0.086    -0.655     1.373     0.923
--- final:
 24       pi-    -211 [20]    
                                -0.189    -0.046     0.095     0.258     0.140
 25       K*+     323 [20] (32,33)   
                                -0.328    -0.050     0.634     1.134     0.881
 26       pi-    -211 [23]    
                                 0.112    -0.014    -0.163     0.242     0.140
 27      rho+     213 [23] (36,37)   
                                 0.661    -0.072    -0.493     1.131     0.771
 28     Kbar0    -311 [22] (40)   
                                -0.613     0.728     0.203     1.093     0.498
 29       pi0     111 [22] (41,42)   
                                -0.043    -0.099    -0.018     0.174     0.135
 30      rho-    -213 [21] (43,44)   
                                 0.402    -0.309    -0.522     0.825     0.388
 31       pi+     211 [21]    
                                -0.001    -0.138     0.263     0.328     0.140
------------------------------------------------------------------------------
     Sum of momenta:            -3e-05    -1e-05    -2e-05      5.19      5.19
------------------------------------------------------------------------------
Step 4 performed by DecayHandler
--- intermediates:
 33       pi0     111 [25] (34,35)   
                                -0.241    -0.143    -0.012     0.311     0.135
 36       pi0     111 [27] (38,39)   
                                 0.173     0.300    -0.283     0.468     0.135
 43       pi0     111 [30] (45,46)   
                                 0.323    -0.324    -0.403     0.624     0.135
--- final:
 24       pi-    -211 [20]    
                                -0.189    -0.046     0.095     0.258     0.140
 26       pi-    -211 [23]    
                                 0.112    -0.014    -0.163     0.242     0.140
 31       pi+     211 [21]    
                                -0.001    -0.138     0.263     0.328     0.140
 32        K+     321 [25]    
                                -0.086     0.093     0.646     0.823     0.494
 34     gamma      22 [33]    
                                -0.026    -0.084    -0.008     0.088     0.000
 35     gamma      22 [33]    
                                -0.215    -0.059    -0.004     0.223     0.000
 37       pi+     211 [27]    
                                 0.488    -0.372    -0.209     0.663     0.140
 38     gamma      22 [36]    
                                 0.077     0.254    -0.200     0.333     0.000
 39     gamma      22 [36]    
                                 0.096     0.046    -0.083     0.135     0.000
 40      K_L0     130 [28]    
                                -0.613     0.728     0.203     1.093     0.498
 41     gamma      22 [29]    
                                -0.002    -0.092     0.042     0.101     0.000
 42     gamma      22 [29]    
                                -0.041    -0.007    -0.060     0.073     0.000
 44       pi-    -211 [30]    
                                 0.079     0.015    -0.119     0.200     0.140
 45     gamma      22 [43]    
                                 0.277    -0.246    -0.381     0.531     0.000
 46     gamma      22 [43]    
                                 0.046    -0.078    -0.022     0.093     0.000
------------------------------------------------------------------------------
     Sum of momenta:            -3e-05    -1e-05    -2e-05      5.19      5.19

The following exception classes were reported in this run:
ThePEG::EventHandler::ConsistencyException warning (1 times)
ThePEG::LesHouchesReader::LesHouchesReopenWarning warning (1 times)
