>>>>>>>>>>>>>>>>>>>>>>>>>>>>>>>>>>>>>>>>>>>>>>>>>>>>>>>>>>>>>>>>>>>>>>>>>>>>>>
>>>> Toolkit for HEP Event Generation - ThePEG 2.2.0 <<<<<<<<<<<<<<<<<<<<<<<<<
>>>> Tue Jun 30 00:34:17 2020                                             <<<<
<<<<<<<<<<<<<<<<<<<<<<<<<<<<<<<<<<<<<<<<<<<<<<<<<<<<<<<<<<<<<<<<<<<<<<<<<<<<<<

>> Herwig 7.2.0 / ThePEG 2.2.0

/Herwig/EventHandlers/NoCuts:
MHat  = 2 .. 53.1274 GeV
Scale = 0 .. 1e+12 GeV2
YHat  = -100 .. 100
X1    = 0 .. 1
X2    = 0 .. 1

* A warning exception of type ThePEG::LesHouchesReader::LesHouchesReopenWarning occurred while generating event number 1: 
Reopening LesHouchesReader 'myReader' after accessing 2 events out of 1
* A warning exception of type ThePEG::EventHandler::ConsistencyException occurred while generating event number 1: 
Event handler 'myLesHouchesHandler' found energy-momentum non-conservation by (-4e-05,-3e-05,-4e-05;2.99981e-05) GeV after generating step number 4.

******************************************************************************
Event number 1 (id: ./OUTPUT/0.95MB1.05/1511395746/TMP/Cluster_HERWIGOutput_4) performed by myLesHouchesHandler
Weight: 1
==============================================================================

--- Colliding particles:
  1        e-      11  (3)   
                                13.282     0.000     0.000    13.282     0.000
  2        e+     -11  (3)   
                               -13.282     0.000     0.000    13.282     0.000
------------------------------------------------------------------------------
Primary sub-process performed by myReader
--- incoming:
  1        e-      11  (3)   
                                13.282     0.000     0.000    13.282     0.000
  2        e+     -11  (3)   
                               -13.282     0.000     0.000    13.282     0.000
--- intermediates:
  3     gamma      22 [1,2] (4..11)   
                                 0.000     0.000     0.000    26.564    26.564
--- outgoing:
  4         g      21 [3] (12)  6>>7 {+1,-2}
                                -2.167    -2.869     7.749     8.543     0.000
  5         g      21 [3] (15)  8>>8 {+3,-4}
                                 1.379     0.549    -0.879     1.725     0.000
  6         g      21 [3] (16)  10>>4 {+2,-5}
                                -0.091     1.167    -0.170     1.182     0.000
  7         g      21 [3] (17)  4>>10 {+6,-1}
                                 2.561     0.123    -1.285     2.868     0.000
  8         g      21 [3] (20)  5>>5 {+4,-3}
                                -0.067     0.579     0.444     0.733     0.000
  9         g      21 [3] (21)  11>>11 {+7,-8}
                                 2.517    -3.178    -3.481     5.343     0.000
 10         g      21 [3] (22)  7>>6 {+5,-6}
                                -1.058     0.735     0.067     1.290     0.000
 11         g      21 [3] (23)  9>>9 {+8,-7}
                                -3.074     2.895    -2.444     4.879     0.000
------------------------------------------------------------------------------
Step 1 performed by myLesHouchesHandler
--- intermediates:
  1        e-      11  (3)   
                                13.282     0.000     0.000    13.282     0.000
  2        e+     -11  (3)   
                               -13.282     0.000     0.000    13.282     0.000
  3     gamma      22 [1,2] (4..11)   
                                 0.000     0.000     0.000    26.564    26.564
--- final:
  4         g      21 [3] (12)  6>>7 {+1,-2}
                                -2.167    -2.869     7.749     8.543     0.000
  5         g      21 [3] (15)  8>>8 {+3,-4}
                                 1.379     0.549    -0.879     1.725     0.000
  6         g      21 [3] (16)  10>>4 {+2,-5}
                                -0.091     1.167    -0.170     1.182     0.000
  7         g      21 [3] (17)  4>>10 {+6,-1}
                                 2.561     0.123    -1.285     2.868     0.000
  8         g      21 [3] (20)  5>>5 {+4,-3}
                                -0.067     0.579     0.444     0.733     0.000
  9         g      21 [3] (21)  11>>11 {+7,-8}
                                 2.517    -3.178    -3.481     5.343     0.000
 10         g      21 [3] (22)  7>>6 {+5,-6}
                                -1.058     0.735     0.067     1.290     0.000
 11         g      21 [3] (23)  9>>9 {+8,-7}
                                -3.074     2.895    -2.444     4.879     0.000
------------------------------------------------------------------------------
     Sum of momenta:            -5e-05    -3e-05    -4e-05      26.6      26.6
------------------------------------------------------------------------------
Step 2 performed by ShowerHandler
--- intermediates:
 12         g      21 [4] (13,14)   {+1,-2}
                                -1.547    -2.049     5.532     7.074     3.585
 17         g      21 [7] (18,19)   {+6,-1}
                                 1.829     0.088    -0.917     5.069     4.637
 23         g      21 [11] (24,25)   {+8,-7}
                                -2.194     2.067    -1.745     5.256     3.936
--- final:
 13         g      21 [12] (36,37)  14>>18 {+1,-9}
                                -1.265    -0.003     0.691     1.726     0.950
 14         g      21 [12] (38,39)  16>>13 {+9,-2}
                                -0.283    -2.046     4.841     5.348     0.950
 15         g      21 [5] (26,27)  20>>20 {+3,-4}
                                 0.984     0.392    -0.628     1.555     0.950
 16         g      21 [6] (28,29)  22>>14 {+2,-5}
                                -0.065     0.833    -0.122     1.271     0.950
 18         g      21 [17] (44,45)  13>>19 {+10,-1}
                                 1.730    -1.853    -1.046     2.902     0.950
 19         g      21 [17] (46,47)  18>>22 {+6,-10}
                                 0.098     1.940     0.128     2.166     0.950
 20         g      21 [8] (30,31)  15>>15 {+4,-3}
                                -0.048     0.414     0.317     1.085     0.950
 21         g      21 [9] (32,33)  24>>25 {+7,-8}
                                 1.797    -2.269    -2.485     3.931     0.950
 22         g      21 [10] (34,35)  19>>16 {+5,-6}
                                -0.755     0.524     0.048     1.323     0.950
 24         g      21 [23] (40,41)  25>>21 {+8,-11}
                                -0.622    -0.865    -0.924     1.700     0.950
 25         g      21 [23] (42,43)  21>>24 {+11,-7}
                                -1.572     2.932    -0.822     3.556     0.950
------------------------------------------------------------------------------
     Sum of momenta:            -5e-05    -3e-05    -4e-05      26.6      26.6
------------------------------------------------------------------------------
Step 3 performed by ClusterHadHandler
--- intermediates:
 26         s       3 [15] (54)   {+3}
                                 0.487     0.232    -0.478     0.850     0.450
 27      sbar      -3 [15] (53)   {-4}
                                 0.497     0.160    -0.149     0.705     0.450
 28         u       2 [16] (57)   {+2}
                                 0.298     0.533    -0.089     0.698     0.325
 29      ubar      -2 [16] (52)   {-5}
                                -0.363     0.299    -0.033     0.573     0.325
 30         u       2 [20] (56)   {+4}
                                -0.334     0.127     0.294     0.565     0.325
 31      ubar      -2 [20] (55)   {-3}
                                 0.286     0.286     0.023     0.519     0.325
 32         u       2 [21] (51)   {+7}
                                 0.858    -0.605    -0.757     1.335     0.325
 33      ubar      -2 [21] (48)   {-8}
                                 0.938    -1.664    -1.728     2.597     0.325
 34         u       2 [22] (51)   {+5}
                                -0.212    -0.057     0.215     0.447     0.325
 35      ubar      -2 [22] (57)   {-6}
                                -0.543     0.582    -0.167     0.876     0.325
 36         d       1 [13] (55)   {+1}
                                -0.070    -0.077     0.154     0.374     0.325
 37      dbar      -1 [13] (49)   {-9}
                                -1.195     0.074     0.537     1.352     0.325
 38         u       2 [14] (49)   {+9}
                                -0.404    -0.651     1.923     2.096     0.325
 39      ubar      -2 [14] (56)   {-2}
                                 0.122    -1.394     2.918     3.252     0.325
 40         d       1 [24] (48)   {+8}
                                -0.571    -0.651    -0.316     0.977     0.325
 41      dbar      -1 [24] (50)   {-11}
                                -0.052    -0.214    -0.607     0.723     0.325
 42         d       1 [25] (50)   {+11}
                                -0.249     0.875    -0.432     1.058     0.325
 43      dbar      -1 [25] (52)   {-7}
                                -1.323     2.057    -0.390     2.498     0.325
 44         d       1 [18] (51)   {+10}
                                 1.069    -1.028    -0.952     1.792     0.325
 45      dbar      -1 [18] (54)   {-1}
                                 0.662    -0.825    -0.093     1.110     0.325
 46         s       3 [19] (53)   {+6}
                                -0.068     1.005    -0.029     1.103     0.450
 47      sbar      -3 [19] (52)   {-10}
                                 0.166     0.936     0.157     1.063     0.450
 48   Cluster      81 [33,40] (70,71)   
                                 0.367    -2.315    -2.045     3.574     1.760
 49   Cluster      81 [37,38] (68,69)   
                                -1.599    -0.577     2.460     3.447     1.715
 50   Cluster      81 [41,42] (64,65)   
                                -0.300     0.661    -1.039     1.781     1.251
 51   Cluster      81 [32,34,44] (58)   
                                 1.715    -1.689    -1.495     3.574     2.178
 52   Cluster      81 [29,43,47] (59)   
                                -1.520     3.292    -0.266     4.134     1.967
 53   Cluster      81 [27,46] (66,67)   
                                 0.429     1.165    -0.178     1.809     1.303
 54   Cluster      81 [26,45] (72,73)   
                                 1.149    -0.593    -0.572     1.960     1.358
 55   Cluster      81 [31,36] (62,63)   
                                 0.216     0.209     0.177     0.894     0.823
 56   Cluster      81 [30,39] (74,75)   
                                -0.212    -1.267     3.212     3.818     1.615
 57   Cluster      81 [28,35] (60,61)   
                                -0.245     1.115    -0.256     1.574     1.053
 58   Cluster      81 [51] (76,77)   
                                 1.715    -1.689    -1.495     3.574     2.178
 59   Cluster      81 [52] (78,79)   
                                -1.520     3.292    -0.266     4.134     1.967
--- final:
 60       pi+     211 [57]    
                                 0.008     0.474    -0.273     0.565     0.140
 61      rho-    -213 [57] (80,81)   
                                -0.253     0.641     0.018     1.009     0.737
 62       eta     221 [55] (84..86)   
                                 0.090     0.191    -0.061     0.590     0.548
 63       pi-    -211 [55]    
                                 0.125     0.018     0.238     0.303     0.140
 64       pi+     211 [50]    
                                -0.176    -0.014    -0.148     0.269     0.140
 65      rho-    -213 [50] (93,94)   
                                -0.124     0.675    -0.891     1.512     1.010
 66     Kbar0    -311 [53] (97)   
                                 0.413     0.171    -0.197     0.697     0.498
 67        K0     311 [53] (100)   
                                 0.016     0.993     0.018     1.111     0.498
 68       pi+     211 [49]    
                                -0.145     0.101     0.456     0.508     0.140
 69    omega'  100223 [49] (103,104)   
                                -1.454    -0.677     2.005     2.939     1.431
 70    omega'  100223 [48] (109,110)   
                                 0.479    -1.459    -1.644     2.612     1.327
 71       pi-    -211 [48]    
                                -0.112    -0.856    -0.400     0.962     0.140
 72        K-    -321 [54]    
                                 0.481    -0.106    -0.483     0.848     0.494
 73      rho+     213 [54] (115,116)   
                                 0.668    -0.487    -0.088     1.112     0.738
 74      a_10   20113 [56] (119,120)   
                                -0.364    -0.748     2.510     2.921     1.243
 75       pi0     111 [56] (125,126)   
                                 0.152    -0.519     0.702     0.896     0.135
 76       pi+     211 [58]    
                                 0.751    -1.435    -0.115     1.630     0.140
 77        n0    2112 [58]    
                                 0.964    -0.254    -1.379     1.944     0.940
 78       K*+     323 [59] (127,128)   
                                -0.703     0.663    -0.371     1.223     0.652
 79     pbar-   -2212 [59]    
                                -0.817     2.630     0.106     2.911     0.938
------------------------------------------------------------------------------
     Sum of momenta:            -5e-05    -3e-05    -4e-05      26.6      26.6
------------------------------------------------------------------------------
Step 4 performed by DecayHandler
--- intermediates:
 80       pi0     111 [61] (82,83)   
                                 0.007    -0.122    -0.051     0.189     0.135
 84       pi0     111 [62] (87,88)   
                                -0.032    -0.044    -0.025     0.148     0.135
 85       pi0     111 [62] (89,90)   
                                 0.136     0.091    -0.100     0.235     0.135
 86       pi0     111 [62] (91,92)   
                                -0.014     0.144     0.064     0.208     0.135
 93       pi0     111 [65] (95,96)   
                                -0.533     0.518    -0.475     0.893     0.135
 97      K_S0     310 [66] (98,99)   
                                 0.413     0.171    -0.197     0.697     0.498
100      K_S0     310 [67] (101,102)   
                                 0.016     0.993     0.018     1.111     0.498
103      rho+     213 [69] (105,106)   
                                -0.659    -0.731     1.631     2.048     0.753
105       pi0     111 [103] (107,108)   
                                -0.318     0.054     0.656     0.743     0.135
109      rho0     113 [70] (111,112)   
                                -0.261    -0.301    -0.751     0.968     0.462
110       pi0     111 [70] (113,114)   
                                 0.740    -1.158    -0.893     1.644     0.135
115       pi0     111 [73] (117,118)   
                                 0.697    -0.138     0.006     0.723     0.135
119    rho''-  -30213 [74] (121,122)   
                                -0.313    -0.122     1.546     1.762     0.777
122       pi0     111 [119] (123,124)   
                                -0.182     0.302     0.615     0.722     0.135
127        K0     311 [78] (129)   
                                -0.515     0.457    -0.225     0.879     0.498
129      K_S0     310 [127] (130,131)   
                                -0.515     0.457    -0.225     0.879     0.498
130       pi0     111 [129] (132,133)   
                                -0.341     0.039    -0.160     0.402     0.135
131       pi0     111 [129] (134,135)   
                                -0.174     0.418    -0.065     0.477     0.135
--- final:
 60       pi+     211 [57]    
                                 0.008     0.474    -0.273     0.565     0.140
 63       pi-    -211 [55]    
                                 0.125     0.018     0.238     0.303     0.140
 64       pi+     211 [50]    
                                -0.176    -0.014    -0.148     0.269     0.140
 68       pi+     211 [49]    
                                -0.145     0.101     0.456     0.508     0.140
 71       pi-    -211 [48]    
                                -0.112    -0.856    -0.400     0.962     0.140
 72        K-    -321 [54]    
                                 0.481    -0.106    -0.483     0.848     0.494
 76       pi+     211 [58]    
                                 0.751    -1.435    -0.115     1.630     0.140
 77        n0    2112 [58]    
                                 0.964    -0.254    -1.379     1.944     0.940
 79     pbar-   -2212 [59]    
                                -0.817     2.630     0.106     2.911     0.938
 81       pi-    -211 [61]    
                                -0.260     0.762     0.068     0.820     0.140
 82     gamma      22 [80]    
                                 0.053    -0.068    -0.074     0.114     0.000
 83     gamma      22 [80]    
                                -0.046    -0.053     0.024     0.075     0.000
 87     gamma      22 [84]    
                                -0.041     0.022    -0.057     0.074     0.000
 88     gamma      22 [84]    
                                 0.009    -0.066     0.032     0.074     0.000
 89     gamma      22 [85]    
                                 0.132     0.079    -0.131     0.202     0.000
 90     gamma      22 [85]    
                                 0.004     0.012     0.030     0.033     0.000
 91     gamma      22 [86]    
                                 0.053     0.041     0.051     0.085     0.000
 92     gamma      22 [86]    
                                -0.067     0.102     0.013     0.123     0.000
 94       pi-    -211 [65]    
                                 0.408     0.157    -0.415     0.619     0.140
 95     gamma      22 [93]    
                                -0.200     0.234    -0.268     0.408     0.000
 96     gamma      22 [93]    
                                -0.333     0.284    -0.207     0.484     0.000
 98       pi+     211 [97]    
                                 0.290     0.215    -0.291     0.484     0.140
 99       pi-    -211 [97]    
                                 0.123    -0.044     0.094     0.213     0.140
101       pi+     211 [100]    
                                 0.154     0.424     0.149     0.495     0.140
102       pi-    -211 [100]    
                                -0.138     0.570    -0.131     0.616     0.140
104       pi-    -211 [69]    
                                -0.795     0.053     0.373     0.891     0.140
106       pi+     211 [103]    
                                -0.341    -0.785     0.976     1.305     0.140
107     gamma      22 [105]    
                                -0.180     0.091     0.445     0.489     0.000
108     gamma      22 [105]    
                                -0.138    -0.037     0.211     0.255     0.000
111       pi+     211 [109]    
                                -0.025    -0.304    -0.388     0.513     0.140
112       pi-    -211 [109]    
                                -0.236     0.002    -0.363     0.455     0.140
113     gamma      22 [110]    
                                 0.634    -1.060    -0.777     1.459     0.000
114     gamma      22 [110]    
                                 0.106    -0.098    -0.116     0.185     0.000
116       pi+     211 [73]    
                                -0.028    -0.350    -0.094     0.389     0.140
117     gamma      22 [115]    
                                 0.466    -0.089     0.067     0.480     0.000
118     gamma      22 [115]    
                                 0.230    -0.048    -0.062     0.243     0.000
120       pi+     211 [74]    
                                -0.051    -0.626     0.964     1.159     0.140
121       pi-    -211 [119]    
                                -0.131    -0.424     0.931     1.041     0.140
123     gamma      22 [122]    
                                -0.195     0.284     0.606     0.697     0.000
124     gamma      22 [122]    
                                 0.013     0.018     0.009     0.024     0.000
125     gamma      22 [75]    
                                 0.010    -0.001    -0.003     0.010     0.000
126     gamma      22 [75]    
                                 0.142    -0.518     0.705     0.886     0.000
128       pi+     211 [78]    
                                -0.188     0.206    -0.146     0.344     0.140
132     gamma      22 [130]    
                                -0.061     0.021     0.021     0.068     0.000
133     gamma      22 [130]    
                                -0.280     0.018    -0.182     0.334     0.000
134     gamma      22 [131]    
                                -0.101     0.197    -0.098     0.242     0.000
135     gamma      22 [131]    
                                -0.073     0.221     0.033     0.235     0.000
------------------------------------------------------------------------------
     Sum of momenta:            -5e-05    -3e-05    -4e-05      26.6      26.6

The following exception classes were reported in this run:
ThePEG::EventHandler::ConsistencyException warning (1 times)
ThePEG::LesHouchesReader::LesHouchesReopenWarning warning (1 times)
