>>>>>>>>>>>>>>>>>>>>>>>>>>>>>>>>>>>>>>>>>>>>>>>>>>>>>>>>>>>>>>>>>>>>>>>>>>>>>>
>>>> Toolkit for HEP Event Generation - ThePEG 2.2.0 <<<<<<<<<<<<<<<<<<<<<<<<<
>>>> Tue Jun 30 00:33:34 2020                                             <<<<
<<<<<<<<<<<<<<<<<<<<<<<<<<<<<<<<<<<<<<<<<<<<<<<<<<<<<<<<<<<<<<<<<<<<<<<<<<<<<<

>> Herwig 7.2.0 / ThePEG 2.2.0

/Herwig/EventHandlers/NoCuts:
MHat  = 2 .. 15.2859 GeV
Scale = 0 .. 1e+12 GeV2
YHat  = -100 .. 100
X1    = 0 .. 1
X2    = 0 .. 1

* A warning exception of type ThePEG::LesHouchesReader::LesHouchesReopenWarning occurred while generating event number 1: 
Reopening LesHouchesReader 'myReader' after accessing 2 events out of 1
* A warning exception of type ThePEG::EventHandler::ConsistencyException occurred while generating event number 1: 
Event handler 'myLesHouchesHandler' found energy-momentum non-conservation by (-1e-05,-2e-05,-1e-05;9.99928e-06) GeV after generating step number 4.

******************************************************************************
Event number 1 (id: ./OUTPUT/0.95MB1.05/1514252634/TMP/Cluster_HERWIGOutput_22) performed by myLesHouchesHandler
Weight: 1
==============================================================================

--- Colliding particles:
  1        e-      11  (3)   
                                 3.821     0.000     0.000     3.821     0.000
  2        e+     -11  (3)   
                                -3.821     0.000     0.000     3.821     0.000
------------------------------------------------------------------------------
Primary sub-process performed by myReader
--- incoming:
  1        e-      11  (3)   
                                 3.821     0.000     0.000     3.821     0.000
  2        e+     -11  (3)   
                                -3.821     0.000     0.000     3.821     0.000
--- intermediates:
  3     gamma      22 [1,2] (4..7)   
                                 0.000     0.000     0.000     7.643     7.643
--- outgoing:
  4         g      21 [3] (8)  6>>6 {+1,-2}
                                 0.478     0.022    -1.615     1.684     0.000
  5         g      21 [3] (9)  7>>7 {+3,-4}
                                 1.950     1.404     0.269     2.418     0.000
  6         g      21 [3] (10)  4>>4 {+2,-1}
                                -1.844    -0.453     0.168     1.906     0.000
  7         g      21 [3] (11)  5>>5 {+4,-3}
                                -0.584    -0.973     1.177     1.635     0.000
------------------------------------------------------------------------------
Step 1 performed by myLesHouchesHandler
--- intermediates:
  1        e-      11  (3)   
                                 3.821     0.000     0.000     3.821     0.000
  2        e+     -11  (3)   
                                -3.821     0.000     0.000     3.821     0.000
  3     gamma      22 [1,2] (4..7)   
                                 0.000     0.000     0.000     7.643     7.643
--- final:
  4         g      21 [3] (8)  6>>6 {+1,-2}
                                 0.478     0.022    -1.615     1.684     0.000
  5         g      21 [3] (9)  7>>7 {+3,-4}
                                 1.950     1.404     0.269     2.418     0.000
  6         g      21 [3] (10)  4>>4 {+2,-1}
                                -1.844    -0.453     0.168     1.906     0.000
  7         g      21 [3] (11)  5>>5 {+4,-3}
                                -0.584    -0.973     1.177     1.635     0.000
------------------------------------------------------------------------------
     Sum of momenta:            -2e-05    -2e-05    -1e-05      7.64      7.64
------------------------------------------------------------------------------
Step 2 performed by ShowerHandler
--- final:
  8         g      21 [4] (12,13)  10>>10 {+1,-2}
                                 0.413     0.019    -1.397     1.739     0.950
  9         g      21 [5] (14,15)  11>>11 {+3,-4}
                                 1.687     1.214     0.233     2.297     0.950
 10         g      21 [6] (16,17)  8>>8 {+2,-1}
                                -1.595    -0.392     0.146     1.903     0.950
 11         g      21 [7] (18,19)  9>>9 {+4,-3}
                                -0.505    -0.842     1.018     1.704     0.950
------------------------------------------------------------------------------
     Sum of momenta:            -2e-05    -2e-05    -1e-05      7.64      7.64
------------------------------------------------------------------------------
Step 3 performed by ClusterHadHandler
--- intermediates:
 12         d       1 [8] (20)   {+1}
                                 0.109    -0.282    -0.360     0.571     0.325
 13      dbar      -1 [8] (23)   {-2}
                                 0.304     0.301    -1.037     1.168     0.325
 14         d       1 [9] (23)   {+3}
                                 0.349     0.094    -0.086     0.494     0.325
 15      dbar      -1 [9] (20)   {-4}
                                 1.338     1.120     0.319     1.803     0.325
 16         s       3 [10] (22)   {+2}
                                -1.015    -0.183    -0.004     1.125     0.450
 17      sbar      -3 [10] (21)   {-1}
                                -0.580    -0.208     0.150     0.778     0.450
 18         d       1 [11] (21)   {+4}
                                -0.169    -0.405     0.057     0.549     0.325
 19      dbar      -1 [11] (22)   {-3}
                                -0.336    -0.437     0.961     1.155     0.325
 20   Cluster      81 [12,15] (24,25)   
                                 1.447     0.839    -0.040     2.374     1.685
 21   Cluster      81 [17,18] (28,29)   
                                -0.749    -0.614     0.207     1.327     0.884
 22   Cluster      81 [16,19] (26,27)   
                                -1.351    -0.620     0.957     2.280     1.439
 23   Cluster      81 [13,14] (30,31)   
                                 0.653     0.395    -1.124     1.662     0.957
--- final:
 24      a_2-    -215 [20] (32,33)   
                                 1.150     0.620     0.311     1.847     1.268
 25       pi+     211 [20]    
                                 0.297     0.219    -0.351     0.528     0.140
 26    K*bar0    -313 [22] (36,37)   
                                -1.034    -0.758     0.507     1.696     0.988
 27       pi0     111 [22] (38,39)   
                                -0.317     0.138     0.450     0.583     0.135
 28       pi0     111 [21] (40,41)   
                                -0.408    -0.502    -0.048     0.662     0.135
 29        K0     311 [21] (42)   
                                -0.341    -0.112     0.255     0.664     0.498
 30       pi-    -211 [23]    
                                 0.058     0.221    -0.973     1.009     0.140
 31       pi+     211 [23]    
                                 0.595     0.174    -0.151     0.653     0.140
------------------------------------------------------------------------------
     Sum of momenta:            -2e-05    -2e-05    -1e-05      7.64      7.64
------------------------------------------------------------------------------
Step 4 performed by DecayHandler
--- intermediates:
 32      rho0     113 [24] (34,35)   
                                 0.449     0.740     0.109     1.094     0.660
--- final:
 25       pi+     211 [20]    
                                 0.297     0.219    -0.351     0.528     0.140
 30       pi-    -211 [23]    
                                 0.058     0.221    -0.973     1.009     0.140
 31       pi+     211 [23]    
                                 0.595     0.174    -0.151     0.653     0.140
 33       pi-    -211 [24]    
                                 0.701    -0.121     0.201     0.753     0.140
 34       pi+     211 [32]    
                                 0.578     0.541     0.019     0.804     0.140
 35       pi-    -211 [32]    
                                -0.129     0.200     0.090     0.290     0.140
 36        K-    -321 [26]    
                                -0.330    -0.130     0.420     0.739     0.494
 37       pi+     211 [26]    
                                -0.704    -0.628     0.087     0.957     0.140
 38     gamma      22 [27]    
                                -0.189     0.152     0.297     0.384     0.000
 39     gamma      22 [27]    
                                -0.128    -0.014     0.153     0.200     0.000
 40     gamma      22 [28]    
                                -0.047    -0.075    -0.054     0.103     0.000
 41     gamma      22 [28]    
                                -0.361    -0.427     0.005     0.559     0.000
 42      K_L0     130 [29]    
                                -0.341    -0.112     0.255     0.664     0.498
------------------------------------------------------------------------------
     Sum of momenta:            -2e-05    -2e-05    -1e-05      7.64      7.64

The following exception classes were reported in this run:
ThePEG::EventHandler::ConsistencyException warning (1 times)
ThePEG::LesHouchesReader::LesHouchesReopenWarning warning (1 times)
