>>>>>>>>>>>>>>>>>>>>>>>>>>>>>>>>>>>>>>>>>>>>>>>>>>>>>>>>>>>>>>>>>>>>>>>>>>>>>>
>>>> Toolkit for HEP Event Generation - ThePEG 2.2.0 <<<<<<<<<<<<<<<<<<<<<<<<<
>>>> Tue Jun 30 00:32:39 2020                                             <<<<
<<<<<<<<<<<<<<<<<<<<<<<<<<<<<<<<<<<<<<<<<<<<<<<<<<<<<<<<<<<<<<<<<<<<<<<<<<<<<<

>> Herwig 7.2.0 / ThePEG 2.2.0

/Herwig/EventHandlers/NoCuts:
MHat  = 2 .. 32.0597 GeV
Scale = 0 .. 1e+12 GeV2
YHat  = -100 .. 100
X1    = 0 .. 1
X2    = 0 .. 1

* A warning exception of type ThePEG::LesHouchesReader::LesHouchesReopenWarning occurred while generating event number 1: 
Reopening LesHouchesReader 'myReader' after accessing 2 events out of 1
* A warning exception of type ThePEG::EventHandler::ConsistencyException occurred while generating event number 1: 
Event handler 'myLesHouchesHandler' found energy-momentum non-conservation by (-1e-05,-3e-05,-3e-05;1.99987e-05) GeV after generating step number 4.

******************************************************************************
Event number 1 (id: ./OUTPUT/0.95MB1.05/1511395746/TMP/Cluster_HERWIGOutput_2) performed by myLesHouchesHandler
Weight: 1
==============================================================================

--- Colliding particles:
  1        e-      11  (3)   
                                 8.015     0.000     0.000     8.015     0.000
  2        e+     -11  (3)   
                                -8.015     0.000    -0.000     8.015     0.000
------------------------------------------------------------------------------
Primary sub-process performed by myReader
--- incoming:
  1        e-      11  (3)   
                                 8.015     0.000     0.000     8.015     0.000
  2        e+     -11  (3)   
                                -8.015     0.000    -0.000     8.015     0.000
--- intermediates:
  3     gamma      22 [1,2] (4..8)   
                                -0.000     0.000    -0.000    16.030    16.030
--- outgoing:
  4         g      21 [3] (9)  8>>5 {+1,-2}
                                 0.029     1.471     1.418     2.044     0.000
  5         g      21 [3] (10)  4>>6 {+3,-1}
                                 1.021    -1.271    -0.732     1.787     0.000
  6         g      21 [3] (11)  5>>7 {+4,-3}
                                -1.871     4.746    -1.819     5.416     0.000
  7         g      21 [3] (12)  6>>8 {+5,-4}
                                 1.374    -4.501     2.436     5.299     0.000
  8         g      21 [3] (15)  7>>4 {+2,-5}
                                -0.552    -0.446    -1.303     1.484     0.000
------------------------------------------------------------------------------
Step 1 performed by myLesHouchesHandler
--- intermediates:
  1        e-      11  (3)   
                                 8.015     0.000     0.000     8.015     0.000
  2        e+     -11  (3)   
                                -8.015     0.000    -0.000     8.015     0.000
  3     gamma      22 [1,2] (4..8)   
                                -0.000     0.000    -0.000    16.030    16.030
--- final:
  4         g      21 [3] (9)  8>>5 {+1,-2}
                                 0.029     1.471     1.418     2.044     0.000
  5         g      21 [3] (10)  4>>6 {+3,-1}
                                 1.021    -1.271    -0.732     1.787     0.000
  6         g      21 [3] (11)  5>>7 {+4,-3}
                                -1.871     4.746    -1.819     5.416     0.000
  7         g      21 [3] (12)  6>>8 {+5,-4}
                                 1.374    -4.501     2.436     5.299     0.000
  8         g      21 [3] (15)  7>>4 {+2,-5}
                                -0.552    -0.446    -1.303     1.484     0.000
------------------------------------------------------------------------------
     Sum of momenta:            -2e-05    -3e-05    -3e-05        16        16
------------------------------------------------------------------------------
Step 2 performed by ShowerHandler
--- intermediates:
 12         g      21 [7] (13,14)   {+5,-4}
                                 1.158    -3.793     2.053     6.050     4.083
--- final:
  9         g      21 [4] (16,17)  15>>10 {+1,-2}
                                 0.024     1.240     1.195     1.967     0.950
 10         g      21 [5] (18,19)  9>>11 {+3,-1}
                                 0.860    -1.071    -0.617     1.780     0.950
 11         g      21 [6] (20,21)  10>>14 {+4,-3}
                                -1.577     3.999    -1.533     4.662     0.950
 13         g      21 [12] (24,25)  14>>15 {+5,-6}
                                 1.534    -0.064     0.421     1.854     0.950
 14         g      21 [12] (26,27)  11>>13 {+6,-4}
                                -0.377    -3.728     1.632     4.196     0.950
 15         g      21 [8] (22,23)  13>>9 {+2,-5}
                                -0.466    -0.376    -1.098     1.571     0.950
------------------------------------------------------------------------------
     Sum of momenta:            -2e-05    -3e-05    -3e-05        16        16
------------------------------------------------------------------------------
Step 3 performed by ClusterHadHandler
--- intermediates:
 16         u       2 [9] (28)   {+1}
                                 0.084     0.099     0.135     0.375     0.325
 17      ubar      -2 [9] (32)   {-2}
                                -0.060     1.140     1.060     1.592     0.325
 18         d       1 [10] (29)   {+3}
                                 0.739    -0.947    -0.662     1.409     0.325
 19      dbar      -1 [10] (28)   {-1}
                                 0.122    -0.124     0.045     0.371     0.325
 20         u       2 [11] (32)   {+4}
                                -1.320     2.486    -0.961     2.992     0.325
 21      ubar      -2 [11] (29)   {-3}
                                -0.257     1.514    -0.572     1.670     0.325
 22         d       1 [15] (33)   {+2}
                                -0.545    -0.252    -0.981     1.195     0.325
 23      dbar      -1 [15] (30)   {-5}
                                 0.079    -0.124    -0.118     0.376     0.325
 24         d       1 [13] (30)   {+5}
                                 0.554    -0.209    -0.109     0.684     0.325
 25      dbar      -1 [13] (31)   {-6}
                                 0.980     0.145     0.530     1.170     0.325
 26         s       3 [14] (31)   {+6}
                                -0.116    -2.284     0.982     2.529     0.450
 27      sbar      -3 [14] (33)   {-4}
                                -0.260    -1.444     0.649     1.667     0.450
 28   Cluster      81 [16,19] (34,35)   
                                 0.205    -0.024     0.180     0.746     0.694
 29   Cluster      81 [18,21] (44,45)   
                                 0.482     0.567    -1.234     3.079     2.722
 30   Cluster      81 [23,24] (42,43)   
                                 0.633    -0.333    -0.227     1.060     0.748
 31   Cluster      81 [25,26] (38,39)   
                                 0.864    -2.139     1.513     3.699     2.465
 32   Cluster      81 [17,20] (36,37)   
                                -1.379     3.626     0.099     4.583     2.438
 33   Cluster      81 [22,27] (40,41)   
                                -0.805    -1.696    -0.331     2.862     2.134
--- final:
 34       pi0     111 [28] (46,47)   
                                 0.287    -0.272     0.039     0.419     0.135
 35       pi+     211 [28]    
                                -0.081     0.247     0.141     0.327     0.140
 36      rho+     213 [32] (48,49)   
                                -1.163     1.253    -0.301     1.859     0.664
 37      b_1-  -10213 [32] (52,53)   
                                -0.216     2.373     0.400     2.725     1.259
 38       pi+     211 [31]    
                                 0.361    -1.685     0.753     1.886     0.140
 39      K'*- -100323 [31] (60,61)   
                                 0.503    -0.454     0.760     1.813     1.500
 40      rho-    -213 [33] (64,65)   
                                -0.720    -1.331     0.081     1.751     0.878
 41       K*+     323 [33] (68,69)   
                                -0.085    -0.365    -0.412     1.111     0.961
 42       pi+     211 [30]    
                                 0.390     0.166    -0.005     0.446     0.140
 43       pi-    -211 [30]    
                                 0.243    -0.499    -0.222     0.614     0.140
 44       pi-    -211 [29]    
                                 0.035     0.988    -0.120     1.005     0.140
 45   omega''   30223 [29] (71,72)   
                                 0.447    -0.421    -1.114     2.074     1.639
------------------------------------------------------------------------------
     Sum of momenta:            -2e-05    -3e-05    -3e-05        16        16
------------------------------------------------------------------------------
Step 4 performed by DecayHandler
--- intermediates:
 48       pi0     111 [36] (50,51)   
                                -0.060    -0.014    -0.018     0.149     0.135
 52     omega     223 [37] (54,55)   
                                -0.464     1.686     0.068     1.911     0.766
 54      rho0     113 [52] (56,57)   
                                -0.500     1.572     0.056     1.730     0.518
 55       pi0     111 [52] (58,59)   
                                 0.036     0.114     0.013     0.181     0.135
 60    K*bar0    -313 [39] (62,63)   
                                 0.708     0.072     0.557     1.198     0.787
 64       pi0     111 [40] (66,67)   
                                -0.495    -0.168    -0.088     0.547     0.135
 68        K0     311 [41] (70)   
                                -0.195    -0.514    -0.142     0.755     0.498
 71      rho-    -213 [45] (73,74)   
                                 0.431    -0.740    -0.613     1.464     1.017
 73       pi0     111 [71] (75,76)   
                                 0.322    -0.118     0.204     0.422     0.135
--- final:
 35       pi+     211 [28]    
                                -0.081     0.247     0.141     0.327     0.140
 38       pi+     211 [31]    
                                 0.361    -1.685     0.753     1.886     0.140
 42       pi+     211 [30]    
                                 0.390     0.166    -0.005     0.446     0.140
 43       pi-    -211 [30]    
                                 0.243    -0.499    -0.222     0.614     0.140
 44       pi-    -211 [29]    
                                 0.035     0.988    -0.120     1.005     0.140
 46     gamma      22 [34]    
                                 0.166    -0.237     0.006     0.290     0.000
 47     gamma      22 [34]    
                                 0.121    -0.035     0.033     0.130     0.000
 49       pi+     211 [36]    
                                -1.103     1.267    -0.283     1.709     0.140
 50     gamma      22 [48]    
                                -0.069    -0.036    -0.062     0.100     0.000
 51     gamma      22 [48]    
                                 0.009     0.022     0.044     0.050     0.000
 53       pi-    -211 [37]    
                                 0.248     0.687     0.331     0.814     0.140
 56       pi+     211 [54]    
                                -0.243     1.263    -0.039     1.294     0.140
 57       pi-    -211 [54]    
                                -0.256     0.309     0.095     0.436     0.140
 58     gamma      22 [55]    
                                 0.019     0.046     0.073     0.088     0.000
 59     gamma      22 [55]    
                                 0.017     0.068    -0.060     0.092     0.000
 61       pi-    -211 [39]    
                                -0.204    -0.525     0.202     0.615     0.140
 62        K-    -321 [60]    
                                 0.531     0.007     0.168     0.744     0.494
 63       pi+     211 [60]    
                                 0.177     0.064     0.389     0.454     0.140
 65       pi-    -211 [40]    
                                -0.225    -1.163     0.169     1.204     0.140
 66     gamma      22 [64]    
                                -0.428    -0.154    -0.028     0.456     0.000
 67     gamma      22 [64]    
                                -0.067    -0.015    -0.060     0.091     0.000
 69       pi+     211 [41]    
                                 0.110     0.149    -0.270     0.356     0.140
 70      K_L0     130 [68]    
                                -0.195    -0.514    -0.142     0.755     0.498
 72       pi+     211 [45]    
                                 0.015     0.319    -0.501     0.610     0.140
 74       pi-    -211 [71]    
                                 0.109    -0.622    -0.817     1.042     0.140
 75     gamma      22 [73]    
                                 0.320    -0.101     0.217     0.400     0.000
 76     gamma      22 [73]    
                                 0.002    -0.017    -0.013     0.022     0.000
------------------------------------------------------------------------------
     Sum of momenta:            -2e-05    -3e-05    -3e-05        16        16

The following exception classes were reported in this run:
ThePEG::EventHandler::ConsistencyException warning (1 times)
ThePEG::LesHouchesReader::LesHouchesReopenWarning warning (1 times)
