>>>>>>>>>>>>>>>>>>>>>>>>>>>>>>>>>>>>>>>>>>>>>>>>>>>>>>>>>>>>>>>>>>>>>>>>>>>>>>
>>>> Toolkit for HEP Event Generation - ThePEG 2.2.0 <<<<<<<<<<<<<<<<<<<<<<<<<
>>>> Tue Jun 30 00:44:00 2020                                             <<<<
<<<<<<<<<<<<<<<<<<<<<<<<<<<<<<<<<<<<<<<<<<<<<<<<<<<<<<<<<<<<<<<<<<<<<<<<<<<<<<

>> Herwig 7.2.0 / ThePEG 2.2.0

/Herwig/EventHandlers/NoCuts:
MHat  = 2 .. 38.4309 GeV
Scale = 0 .. 1e+12 GeV2
YHat  = -100 .. 100
X1    = 0 .. 1
X2    = 0 .. 1

* A warning exception of type ThePEG::LesHouchesReader::LesHouchesReopenWarning occurred while generating event number 1: 
Reopening LesHouchesReader 'myReader' after accessing 2 events out of 1
* A warning exception of type ThePEG::EventHandler::ConsistencyException occurred while generating event number 1: 
Event handler 'myLesHouchesHandler' found energy-momentum non-conservation by (-2e-05,-3e-05,-4e-05;9.99818e-06) GeV after generating step number 4.

******************************************************************************
Event number 1 (id: ./OUTPUT/0.95MB1.05/1511391750/TMP/Cluster_HERWIGOutput_35) performed by myLesHouchesHandler
Weight: 1
==============================================================================

--- Colliding particles:
  1        e-      11  (3)   
                                 9.608     0.000     0.000     9.608     0.000
  2        e+     -11  (3)   
                                -9.608     0.000     0.000     9.608     0.000
------------------------------------------------------------------------------
Primary sub-process performed by myReader
--- incoming:
  1        e-      11  (3)   
                                 9.608     0.000     0.000     9.608     0.000
  2        e+     -11  (3)   
                                -9.608     0.000     0.000     9.608     0.000
--- intermediates:
  3     gamma      22 [1,2] (4..9)   
                                 0.000     0.000    -0.000    19.215    19.215
--- outgoing:
  4         g      21 [3] (10)  7>>8 {+1,-2}
                                 0.646    -0.884    -3.698     3.856     0.000
  5         g      21 [3] (11)  6>>9 {+3,-4}
                                -1.781    -0.345     2.976     3.485     0.000
  6         g      21 [3] (14)  9>>5 {+4,-5}
                                -2.894    -0.208    -2.581     3.883     0.000
  7         g      21 [3] (15)  8>>4 {+2,-6}
                                 1.684     0.461     1.348     2.206     0.000
  8         g      21 [3] (16)  4>>7 {+6,-1}
                                 1.236     1.939    -0.983     2.500     0.000
  9         g      21 [3] (17)  5>>6 {+5,-3}
                                 1.109    -0.963     2.937     3.284     0.000
------------------------------------------------------------------------------
Step 1 performed by myLesHouchesHandler
--- intermediates:
  1        e-      11  (3)   
                                 9.608     0.000     0.000     9.608     0.000
  2        e+     -11  (3)   
                                -9.608     0.000     0.000     9.608     0.000
  3     gamma      22 [1,2] (4..9)   
                                 0.000     0.000    -0.000    19.215    19.215
--- final:
  4         g      21 [3] (10)  7>>8 {+1,-2}
                                 0.646    -0.884    -3.698     3.856     0.000
  5         g      21 [3] (11)  6>>9 {+3,-4}
                                -1.781    -0.345     2.976     3.485     0.000
  6         g      21 [3] (14)  9>>5 {+4,-5}
                                -2.894    -0.208    -2.581     3.883     0.000
  7         g      21 [3] (15)  8>>4 {+2,-6}
                                 1.684     0.461     1.348     2.206     0.000
  8         g      21 [3] (16)  4>>7 {+6,-1}
                                 1.236     1.939    -0.983     2.500     0.000
  9         g      21 [3] (17)  5>>6 {+5,-3}
                                 1.109    -0.963     2.937     3.284     0.000
------------------------------------------------------------------------------
     Sum of momenta:            -3e-05    -3e-05    -4e-05      19.2      19.2
------------------------------------------------------------------------------
Step 2 performed by ShowerHandler
--- intermediates:
 11         g      21 [5] (12,13)   {+3,-4}
                                -1.605    -0.311     2.683     4.227     2.828
--- final:
 10         g      21 [4] (18,19)  15>>16 {+1,-2}
                                 0.582    -0.797    -3.333     3.603     0.950
 12         g      21 [11] (28,29)  13>>17 {+3,-7}
                                 0.368     0.048     0.599     1.183     0.950
 13         g      21 [11] (30,31)  14>>12 {+7,-4}
                                -1.974    -0.359     2.083     3.044     0.950
 14         g      21 [6] (20,21)  17>>13 {+4,-5}
                                -2.608    -0.187    -2.327     3.627     0.950
 15         g      21 [7] (22,23)  16>>10 {+2,-6}
                                 1.518     0.416     1.215     2.204     0.950
 16         g      21 [8] (24,25)  10>>15 {+6,-1}
                                 1.114     1.748    -0.886     2.446     0.950
 17         g      21 [9] (26,27)  12>>14 {+5,-3}
                                 1.000    -0.868     2.648     3.109     0.950
------------------------------------------------------------------------------
     Sum of momenta:            -3e-05    -3e-05    -4e-05      19.2      19.2
------------------------------------------------------------------------------
Step 3 performed by ClusterHadHandler
--- intermediates:
 18         s       3 [10] (35)   {+1}
                                 0.293    -0.584    -1.994     2.146     0.450
 19      sbar      -3 [10] (32)   {-2}
                                 0.289    -0.213    -1.339     1.458     0.450
 20         u       2 [14] (33)   {+4}
                                -0.387    -0.050    -0.252     0.567     0.325
 21      ubar      -2 [14] (35)   {-5}
                                -2.222    -0.137    -2.075     3.060     0.325
 22         u       2 [15] (32)   {+2}
                                 0.111     0.045     0.258     0.432     0.325
 23      ubar      -2 [15] (37)   {-6}
                                 1.407     0.371     0.957     1.772     0.325
 24         s       3 [16] (38)   {+6}
                                 0.524     0.820    -0.260     1.103     0.450
 25      sbar      -3 [16] (36)   {-1}
                                 0.590     0.928    -0.626     1.343     0.450
 26         u       2 [17] (37)   {+5}
                                 0.765    -0.376     1.056     1.395     0.325
 27      ubar      -2 [17] (34)   {-3}
                                 0.235    -0.492     1.592     1.713     0.325
 28         u       2 [12] (34)   {+3}
                                 0.122     0.365     0.306     0.589     0.325
 29      ubar      -2 [12] (38)   {-7}
                                 0.246    -0.317     0.293     0.594     0.325
 30         d       1 [13] (36)   {+7}
                                -0.969    -0.283     0.590     1.214     0.325
 31      dbar      -1 [13] (33)   {-4}
                                -1.004    -0.076     1.493     1.830     0.325
 32   Cluster      81 [19,22] (43,44)   
                                 0.400    -0.169    -1.081     1.890     1.488
 33   Cluster      81 [20,31] (47,48)   
                                -1.391    -0.126     1.241     2.397     1.501
 34   Cluster      81 [27,28] (45,46)   
                                 0.357    -0.127     1.898     2.303     1.248
 35   Cluster      81 [18,21] (41,42)   
                                -1.929    -0.720    -4.068     5.206     2.512
 36   Cluster      81 [25,30] (39,40)   
                                -0.379     0.645    -0.036     2.557     2.445
 37   Cluster      81 [23,26] (51,52)   
                                 2.172    -0.005     2.013     3.167     1.123
 38   Cluster      81 [24,29] (49,50)   
                                 0.770     0.503     0.033     1.696     1.425
--- final:
 39      rho0     113 [36] (53,54)   
                                 0.170     0.235    -0.650     1.006     0.710
 40     K*_00   10311 [36] (55,56)   
                                -0.549     0.410     0.614     1.551     1.249
 41    Sigma-    3112 [35] (57,58)   
                                -0.409     0.070    -1.935     2.313     1.197
 42     nbar0   -2112 [35]    
                                -1.519    -0.790    -2.133     2.893     0.940
 43        K+     321 [32]    
                                -0.007     0.278    -0.423     0.707     0.494
 44     omega     223 [32] (59,60)   
                                 0.407    -0.447    -0.658     1.183     0.775
 45       pi-    -211 [34]    
                                -0.343    -0.219     1.294     1.363     0.140
 46       pi+     211 [34]    
                                 0.700     0.092     0.604     0.940     0.140
 47       f_2     225 [33] (65,66)   
                                -1.309    -0.134     1.079     2.168     1.342
 48       pi+     211 [33]    
                                -0.082     0.009     0.162     0.229     0.140
 49        K-    -321 [38]    
                                 0.044     0.232    -0.181     0.576     0.494
 50     omega     223 [38] (67,68)   
                                 0.725     0.271     0.214     1.120     0.781
 51       pi+     211 [37]    
                                 0.397     0.167     1.033     1.128     0.140
 52       pi-    -211 [37]    
                                 1.774    -0.172     0.980     2.039     0.140
------------------------------------------------------------------------------
     Sum of momenta:            -3e-05    -3e-05    -4e-05      19.2      19.2
------------------------------------------------------------------------------
Step 4 performed by DecayHandler
--- intermediates:
 59      rho0     113 [44] (61,62)   
                                 0.349    -0.294    -0.318     0.782     0.550
 60       pi0     111 [44] (63,64)   
                                 0.058    -0.152    -0.340     0.401     0.135
 67      rho-    -213 [50] (69,70)   
                                 0.741     0.346     0.186     0.958     0.462
 69       pi0     111 [67] (71,72)   
                                 0.480     0.345     0.248     0.655     0.135
--- final:
 42     nbar0   -2112 [35]    
                                -1.519    -0.790    -2.133     2.893     0.940
 43        K+     321 [32]    
                                -0.007     0.278    -0.423     0.707     0.494
 45       pi-    -211 [34]    
                                -0.343    -0.219     1.294     1.363     0.140
 46       pi+     211 [34]    
                                 0.700     0.092     0.604     0.940     0.140
 48       pi+     211 [33]    
                                -0.082     0.009     0.162     0.229     0.140
 49        K-    -321 [38]    
                                 0.044     0.232    -0.181     0.576     0.494
 51       pi+     211 [37]    
                                 0.397     0.167     1.033     1.128     0.140
 52       pi-    -211 [37]    
                                 1.774    -0.172     0.980     2.039     0.140
 53       pi+     211 [39]    
                                 0.251    -0.167    -0.249     0.415     0.140
 54       pi-    -211 [39]    
                                -0.080     0.402    -0.401     0.590     0.140
 55        K+     321 [40]    
                                -0.211     0.401     0.874     1.102     0.494
 56       pi-    -211 [40]    
                                -0.339     0.008    -0.260     0.449     0.140
 57        n0    2112 [41]    
                                -0.150     0.133    -1.560     1.832     0.940
 58       pi-    -211 [41]    
                                -0.260    -0.063    -0.375     0.481     0.140
 61       pi+     211 [59]    
                                 0.238    -0.346    -0.035     0.444     0.140
 62       pi-    -211 [59]    
                                 0.111     0.052    -0.283     0.338     0.140
 63     gamma      22 [60]    
                                 0.077    -0.092    -0.306     0.329     0.000
 64     gamma      22 [60]    
                                -0.019    -0.060    -0.034     0.072     0.000
 65       pi-    -211 [47]    
                                -0.000    -0.137    -0.236     0.307     0.140
 66       pi+     211 [47]    
                                -1.309     0.003     1.315     1.861     0.140
 68       pi+     211 [50]    
                                -0.016    -0.076     0.027     0.162     0.140
 70       pi-    -211 [67]    
                                 0.262     0.001    -0.062     0.303     0.140
 71     gamma      22 [69]    
                                 0.377     0.328     0.226     0.549     0.000
 72     gamma      22 [69]    
                                 0.103     0.017     0.022     0.106     0.000
------------------------------------------------------------------------------
     Sum of momenta:            -3e-05    -3e-05    -4e-05      19.2      19.2

The following exception classes were reported in this run:
ThePEG::EventHandler::ConsistencyException warning (1 times)
ThePEG::LesHouchesReader::LesHouchesReopenWarning warning (1 times)
