>>>>>>>>>>>>>>>>>>>>>>>>>>>>>>>>>>>>>>>>>>>>>>>>>>>>>>>>>>>>>>>>>>>>>>>>>>>>>>
>>>> Toolkit for HEP Event Generation - ThePEG 2.2.0 <<<<<<<<<<<<<<<<<<<<<<<<<
>>>> Tue Jun 30 00:56:31 2020                                             <<<<
<<<<<<<<<<<<<<<<<<<<<<<<<<<<<<<<<<<<<<<<<<<<<<<<<<<<<<<<<<<<<<<<<<<<<<<<<<<<<<

>> Herwig 7.2.0 / ThePEG 2.2.0

/Herwig/EventHandlers/NoCuts:
MHat  = 2 .. 36.5918 GeV
Scale = 0 .. 1e+12 GeV2
YHat  = -100 .. 100
X1    = 0 .. 1
X2    = 0 .. 1

* A warning exception of type ThePEG::LesHouchesReader::LesHouchesReopenWarning occurred while generating event number 1: 
Reopening LesHouchesReader 'myReader' after accessing 2 events out of 1
* A warning exception of type ThePEG::EventHandler::ConsistencyException occurred while generating event number 1: 
Event handler 'myLesHouchesHandler' found energy-momentum non-conservation by (-2e-05,-2e-05,-3e-05;9.99969e-06) GeV after generating step number 4.

******************************************************************************
Event number 1 (id: ./OUTPUT/0.95MB1.05/1512972536/TMP/Cluster_HERWIGOutput_37) performed by myLesHouchesHandler
Weight: 1
==============================================================================

--- Colliding particles:
  1        e-      11  (3)   
                                 9.148     0.000     0.000     9.148     0.000
  2        e+     -11  (3)   
                                -9.148     0.000    -0.000     9.148     0.000
------------------------------------------------------------------------------
Primary sub-process performed by myReader
--- incoming:
  1        e-      11  (3)   
                                 9.148     0.000     0.000     9.148     0.000
  2        e+     -11  (3)   
                                -9.148     0.000    -0.000     9.148     0.000
--- intermediates:
  3     gamma      22 [1,2] (4..8)   
                                -0.000     0.000    -0.000    18.296    18.296
--- outgoing:
  4         g      21 [3] (9)  6>>6 {+1,-2}
                                -3.337     1.485    -6.968     7.867     0.000
  5         g      21 [3] (12)  8>>7 {+3,-4}
                                 2.548     1.320     1.569     3.271     0.000
  6         g      21 [3] (13)  4>>4 {+2,-1}
                                -0.168    -1.428     4.644     4.861     0.000
  7         g      21 [3] (14)  5>>8 {+5,-3}
                                 0.097    -1.283     0.594     1.417     0.000
  8         g      21 [3] (15)  7>>5 {+4,-5}
                                 0.860    -0.095     0.161     0.880     0.000
------------------------------------------------------------------------------
Step 1 performed by myLesHouchesHandler
--- intermediates:
  1        e-      11  (3)   
                                 9.148     0.000     0.000     9.148     0.000
  2        e+     -11  (3)   
                                -9.148     0.000    -0.000     9.148     0.000
  3     gamma      22 [1,2] (4..8)   
                                -0.000     0.000    -0.000    18.296    18.296
--- final:
  4         g      21 [3] (9)  6>>6 {+1,-2}
                                -3.337     1.485    -6.968     7.867     0.000
  5         g      21 [3] (12)  8>>7 {+3,-4}
                                 2.548     1.320     1.569     3.271     0.000
  6         g      21 [3] (13)  4>>4 {+2,-1}
                                -0.168    -1.428     4.644     4.861     0.000
  7         g      21 [3] (14)  5>>8 {+5,-3}
                                 0.097    -1.283     0.594     1.417     0.000
  8         g      21 [3] (15)  7>>5 {+4,-5}
                                 0.860    -0.095     0.161     0.880     0.000
------------------------------------------------------------------------------
     Sum of momenta:            -3e-05    -2e-05    -3e-05      18.3      18.3
------------------------------------------------------------------------------
Step 2 performed by ShowerHandler
--- intermediates:
  9         g      21 [4] (10,11)   {+1,-2}
                                -3.045     1.355    -6.358     7.780     2.998
--- final:
 10         g      21 [9] (24,25)  13>>11 {+6,-2}
                                -1.673     0.200    -4.937     5.302     0.950
 11         g      21 [9] (26,27)  10>>13 {+1,-6}
                                -1.372     1.155    -1.421     2.477     0.950
 12         g      21 [5] (16,17)  15>>14 {+3,-4}
                                 2.325     1.205     1.432     3.132     0.950
 13         g      21 [6] (18,19)  11>>10 {+2,-1}
                                -0.154    -1.303     4.237     4.536     0.950
 14         g      21 [7] (20,21)  12>>15 {+5,-3}
                                 0.089    -1.170     0.542     1.604     0.950
 15         g      21 [8] (22,23)  14>>12 {+4,-5}
                                 0.784    -0.086     0.147     1.244     0.950
------------------------------------------------------------------------------
     Sum of momenta:            -3e-05    -2e-05    -3e-05      18.3      18.3
------------------------------------------------------------------------------
Step 3 performed by ClusterHadHandler
--- intermediates:
 16         u       2 [12] (28)   {+3}
                                 1.463     0.378     0.732     1.710     0.325
 17      ubar      -2 [12] (29)   {-4}
                                 0.862     0.827     0.699     1.422     0.325
 18         d       1 [13] (30)   {+2}
                                -0.240    -0.586     2.864     2.951     0.325
 19      dbar      -1 [13] (33)   {-1}
                                 0.087    -0.717     1.373     1.585     0.325
 20         s       3 [14] (33)   {+5}
                                 0.006    -0.759     0.218     0.909     0.450
 21      sbar      -3 [14] (28)   {-3}
                                 0.083    -0.411     0.324     0.695     0.450
 22         u       2 [15] (29)   {+4}
                                 0.676    -0.059     0.366     0.837     0.325
 23      ubar      -2 [15] (32)   {-5}
                                 0.108    -0.027    -0.218     0.407     0.325
 24         u       2 [10] (31)   {+6}
                                -1.438     0.058    -3.374     3.683     0.325
 25      ubar      -2 [10] (30)   {-2}
                                -0.235     0.142    -1.563     1.620     0.325
 26         s       3 [11] (32)   {+1}
                                -0.589     0.509    -0.465     1.012     0.450
 27      sbar      -3 [11] (31)   {-6}
                                -0.783     0.646    -0.956     1.465     0.450
 28   Cluster      81 [16,21] (40,41)   
                                 1.546    -0.033     1.056     2.405     1.510
 29   Cluster      81 [17,22] (38,39)   
                                 1.538     0.767     1.065     2.259     1.006
 30   Cluster      81 [18,25] (34,35)   
                                -0.475    -0.444     1.301     4.571     4.333
 31   Cluster      81 [24,27] (36,37)   
                                -2.221     0.704    -4.330     5.148     1.523
 32   Cluster      81 [23,26] (44,45)   
                                -0.481     0.482    -0.683     1.419     1.041
 33   Cluster      81 [19,20] (42,43)   
                                 0.093    -1.476     1.591     2.494     1.226
 34   Cluster      81 [30] (46,47)   
                                -0.171    -0.381     1.815     2.037     0.826
 35   Cluster      81 [30] (48,49)   
                                -0.304    -0.064    -0.513     2.534     2.462
--- final:
 36      rho+     213 [31] (50,51)   
                                -0.790     0.623    -1.707     2.118     0.747
 37        K0     311 [31] (54)   
                                -1.431     0.081    -2.623     3.030     0.498
 38      rho-    -213 [29] (57,58)   
                                 0.964     0.352     0.439     1.303     0.671
 39       pi+     211 [29]    
                                 0.574     0.415     0.626     0.956     0.140
 40      rho+     213 [28] (61,62)   
                                 0.359    -0.242     0.295     0.895     0.726
 41        K0     311 [28] (65)   
                                 1.187     0.209     0.761     1.510     0.498
 42     Kbar0    -311 [33] (66)   
                                -0.346    -0.377     0.443     0.840     0.498
 43       pi0     111 [33] (67,68)   
                                 0.438    -1.099     1.148     1.654     0.135
 44     Kbar0    -311 [32] (69)   
                                -0.437     0.415    -0.872     1.171     0.498
 45       pi-    -211 [32]    
                                -0.044     0.067     0.189     0.248     0.140
 46       eta     221 [34] (70..72)   
                                -0.053    -0.465     1.512     1.675     0.548
 47       pi0     111 [34] (75,76)   
                                -0.119     0.085     0.302     0.362     0.135
 48     pi_2-  -10215 [35] (77,78)   
                                 0.044    -0.220    -0.377     1.853     1.800
 49       eta     221 [35] (85..87)   
                                -0.348     0.157    -0.137     0.681     0.548
------------------------------------------------------------------------------
     Sum of momenta:            -3e-05    -2e-05    -3e-05      18.3      18.3
------------------------------------------------------------------------------
Step 4 performed by DecayHandler
--- intermediates:
 50       pi0     111 [36] (52,53)   
                                -0.187    -0.026    -0.056     0.239     0.135
 54      K_S0     310 [37] (55,56)   
                                -1.431     0.081    -2.623     3.030     0.498
 57       pi0     111 [38] (59,60)   
                                 0.855     0.416     0.527     1.095     0.135
 61       pi0     111 [40] (63,64)   
                                -0.170     0.020     0.169     0.276     0.135
 72       pi0     111 [46] (73,74)   
                                -0.092    -0.109     0.314     0.371     0.135
 78       f_2     225 [48] (79,80)   
                                 0.052     0.274    -0.046     1.242     1.209
 79       pi0     111 [78] (81,82)   
                                 0.124     0.490    -0.495     0.720     0.135
 80       pi0     111 [78] (83,84)   
                                -0.072    -0.216     0.449     0.521     0.135
 85       pi0     111 [49] (88,89)   
                                -0.130     0.053     0.052     0.202     0.135
 86       pi0     111 [49] (90,91)   
                                -0.153     0.106     0.011     0.230     0.135
 87       pi0     111 [49] (92,93)   
                                -0.065    -0.003    -0.199     0.249     0.135
--- final:
 39       pi+     211 [29]    
                                 0.574     0.415     0.626     0.956     0.140
 45       pi-    -211 [32]    
                                -0.044     0.067     0.189     0.248     0.140
 51       pi+     211 [36]    
                                -0.603     0.649    -1.651     1.879     0.140
 52     gamma      22 [50]    
                                 0.021    -0.010    -0.012     0.026     0.000
 53     gamma      22 [50]    
                                -0.207    -0.016    -0.044     0.213     0.000
 55       pi+     211 [54]    
                                -1.330     0.040    -2.365     2.717     0.140
 56       pi-    -211 [54]    
                                -0.101     0.041    -0.258     0.313     0.140
 58       pi-    -211 [38]    
                                 0.109    -0.063    -0.088     0.207     0.140
 59     gamma      22 [57]    
                                 0.144     0.114     0.143     0.232     0.000
 60     gamma      22 [57]    
                                 0.712     0.302     0.384     0.863     0.000
 62       pi+     211 [40]    
                                 0.529    -0.262     0.126     0.619     0.140
 63     gamma      22 [61]    
                                -0.113    -0.052     0.081     0.148     0.000
 64     gamma      22 [61]    
                                -0.057     0.072     0.088     0.128     0.000
 65      K_L0     130 [41]    
                                 1.187     0.209     0.761     1.510     0.498
 66      K_L0     130 [42]    
                                -0.346    -0.377     0.443     0.840     0.498
 67     gamma      22 [43]    
                                -0.010    -0.032     0.033     0.047     0.000
 68     gamma      22 [43]    
                                 0.448    -1.067     1.115     1.607     0.000
 69      K_L0     130 [44]    
                                -0.437     0.415    -0.872     1.171     0.498
 70       pi+     211 [46]    
                                 0.004    -0.029     0.210     0.254     0.140
 71       pi-    -211 [46]    
                                 0.035    -0.328     0.988     1.050     0.140
 73     gamma      22 [72]    
                                -0.021    -0.116     0.146     0.188     0.000
 74     gamma      22 [72]    
                                -0.071     0.007     0.168     0.183     0.000
 75     gamma      22 [47]    
                                -0.144     0.068     0.285     0.326     0.000
 76     gamma      22 [47]    
                                 0.026     0.016     0.018     0.035     0.000
 77       pi-    -211 [48]    
                                -0.008    -0.495    -0.330     0.611     0.140
 81     gamma      22 [79]    
                                 0.149     0.353    -0.348     0.517     0.000
 82     gamma      22 [79]    
                                -0.025     0.138    -0.147     0.203     0.000
 83     gamma      22 [80]    
                                 0.030    -0.037     0.036     0.059     0.000
 84     gamma      22 [80]    
                                -0.102    -0.179     0.413     0.462     0.000
 88     gamma      22 [85]    
                                -0.027    -0.042    -0.005     0.050     0.000
 89     gamma      22 [85]    
                                -0.103     0.095     0.057     0.151     0.000
 90     gamma      22 [86]    
                                -0.173     0.108     0.024     0.206     0.000
 91     gamma      22 [86]    
                                 0.021    -0.002    -0.012     0.024     0.000
 92     gamma      22 [87]    
                                -0.060     0.058    -0.145     0.167     0.000
 93     gamma      22 [87]    
                                -0.005    -0.061    -0.055     0.082     0.000
------------------------------------------------------------------------------
     Sum of momenta:            -3e-05    -2e-05    -3e-05      18.3      18.3

The following exception classes were reported in this run:
ThePEG::EventHandler::ConsistencyException warning (1 times)
ThePEG::LesHouchesReader::LesHouchesReopenWarning warning (1 times)
