>>>>>>>>>>>>>>>>>>>>>>>>>>>>>>>>>>>>>>>>>>>>>>>>>>>>>>>>>>>>>>>>>>>>>>>>>>>>>>
>>>> Toolkit for HEP Event Generation - ThePEG 2.2.0 <<<<<<<<<<<<<<<<<<<<<<<<<
>>>> Tue Jun 30 01:01:23 2020                                             <<<<
<<<<<<<<<<<<<<<<<<<<<<<<<<<<<<<<<<<<<<<<<<<<<<<<<<<<<<<<<<<<<<<<<<<<<<<<<<<<<<

>> Herwig 7.2.0 / ThePEG 2.2.0

/Herwig/EventHandlers/NoCuts:
MHat  = 2 .. 29.1712 GeV
Scale = 0 .. 1e+12 GeV2
YHat  = -100 .. 100
X1    = 0 .. 1
X2    = 0 .. 1

* A warning exception of type ThePEG::LesHouchesReader::LesHouchesReopenWarning occurred while generating event number 1: 
Reopening LesHouchesReader 'myReader' after accessing 2 events out of 1
* A warning exception of type ThePEG::EventHandler::ConsistencyException occurred while generating event number 1: 
Event handler 'myLesHouchesHandler' found energy-momentum non-conservation by (-1e-05,-2e-05,-2e-05;9.99922e-06) GeV after generating step number 4.

******************************************************************************
Event number 1 (id: ./OUTPUT/0.95MB1.05/1511658038/TMP/Cluster_HERWIGOutput_34) performed by myLesHouchesHandler
Weight: 1
==============================================================================

--- Colliding particles:
  1        e-      11  (3)   
                                 7.293     0.000     0.000     7.293     0.000
  2        e+     -11  (3)   
                                -7.293     0.000    -0.000     7.293     0.000
------------------------------------------------------------------------------
Primary sub-process performed by myReader
--- incoming:
  1        e-      11  (3)   
                                 7.293     0.000     0.000     7.293     0.000
  2        e+     -11  (3)   
                                -7.293     0.000    -0.000     7.293     0.000
--- intermediates:
  3     gamma      22 [1,2] (4..7)   
                                -0.000     0.000    -0.000    14.586    14.586
--- outgoing:
  4         g      21 [3] (8)  7>>6 {+1,-2}
                                 0.107    -2.625     4.676     5.363     0.000
  5         g      21 [3] (11)  6>>7 {+3,-4}
                                -0.957    -0.310     0.597     1.170     0.000
  6         g      21 [3] (12)  4>>5 {+4,-1}
                                -1.205     2.847    -0.899     3.220     0.000
  7         g      21 [3] (13)  5>>4 {+2,-3}
                                 2.055     0.088    -4.373     4.833     0.000
------------------------------------------------------------------------------
Step 1 performed by myLesHouchesHandler
--- intermediates:
  1        e-      11  (3)   
                                 7.293     0.000     0.000     7.293     0.000
  2        e+     -11  (3)   
                                -7.293     0.000    -0.000     7.293     0.000
  3     gamma      22 [1,2] (4..7)   
                                -0.000     0.000    -0.000    14.586    14.586
--- final:
  4         g      21 [3] (8)  7>>6 {+1,-2}
                                 0.107    -2.625     4.676     5.363     0.000
  5         g      21 [3] (11)  6>>7 {+3,-4}
                                -0.957    -0.310     0.597     1.170     0.000
  6         g      21 [3] (12)  4>>5 {+4,-1}
                                -1.205     2.847    -0.899     3.220     0.000
  7         g      21 [3] (13)  5>>4 {+2,-3}
                                 2.055     0.088    -4.373     4.833     0.000
------------------------------------------------------------------------------
     Sum of momenta:            -2e-05    -2e-05    -2e-05      14.6      14.6
------------------------------------------------------------------------------
Step 2 performed by ShowerHandler
--- intermediates:
  8         g      21 [4] (9,10)   {+1,-2}
                                 0.088    -2.160     3.848     6.329     4.535
--- final:
  9         g      21 [8] (20,21)  10>>12 {+1,-5}
                                -1.038     0.514     0.110     1.502     0.950
 10         g      21 [8] (22,23)  13>>9 {+5,-2}
                                 1.126    -2.674     3.738     4.827     0.950
 11         g      21 [5] (14,15)  12>>13 {+3,-4}
                                -0.788    -0.255     0.491     1.353     0.950
 12         g      21 [6] (16,17)  9>>11 {+4,-1}
                                -0.992     2.343    -0.740     2.815     0.950
 13         g      21 [7] (18,19)  11>>10 {+2,-3}
                                 1.691     0.072    -3.599     4.089     0.950
------------------------------------------------------------------------------
     Sum of momenta:            -2e-05    -2e-05    -2e-05      14.6      14.6
------------------------------------------------------------------------------
Step 3 performed by ClusterHadHandler
--- intermediates:
 14         u       2 [11] (24)   {+3}
                                -0.357    -0.301     0.570     0.805     0.325
 15      ubar      -2 [11] (25)   {-4}
                                -0.431     0.046    -0.079     0.548     0.325
 16         u       2 [12] (25)   {+4}
                                -0.051     0.370    -0.235     0.548     0.325
 17      ubar      -2 [12] (26)   {-1}
                                -0.941     1.974    -0.505     2.268     0.325
 18         d       1 [13] (27)   {+2}
                                 0.344     0.248    -0.821     0.979     0.325
 19      dbar      -1 [13] (24)   {-3}
                                 1.348    -0.176    -2.778     3.110     0.325
 20         s       3 [9] (26)   {+1}
                                -0.548     0.126    -0.022     0.721     0.450
 21      sbar      -3 [9] (28)   {-5}
                                -0.490     0.388     0.132     0.781     0.450
 22         u       2 [10] (28)   {+5}
                                 1.035    -1.974     3.027     3.773     0.325
 23      ubar      -2 [10] (27)   {-2}
                                 0.091    -0.700     0.712     1.054     0.325
 24   Cluster      81 [14,19] (37,38)   
                                 0.991    -0.477    -2.209     3.915     3.039
 25   Cluster      81 [15,16] (31,32)   
                                -0.482     0.416    -0.314     1.095     0.834
 26   Cluster      81 [17,20] (35,36)   
                                -1.489     2.099    -0.527     2.988     1.424
 27   Cluster      81 [18,23] (29,30)   
                                 0.435    -0.452    -0.109     2.033     1.931
 28   Cluster      81 [21,22] (33,34)   
                                 0.546    -1.586     3.158     4.554     2.820
--- final:
 29       pi0     111 [27] (39,40)   
                                 0.441     0.113     0.240     0.532     0.135
 30     rho'- -100213 [27] (41,42)   
                                -0.006    -0.564    -0.349     1.501     1.346
 31       eta     221 [25] (45..47)   
                                -0.551     0.398    -0.177     0.891     0.548
 32       pi0     111 [25] (50,51)   
                                 0.068     0.017    -0.137     0.205     0.135
 33       K*0     313 [28] (52,53)   
                                -0.232     0.359     0.809     1.364     1.011
 34      rho+     213 [28] (54,55)   
                                 0.778    -1.945     2.349     3.191     0.524
 35       pi-    -211 [26]    
                                -0.441     0.134     0.095     0.491     0.140
 36    K*bar0    -313 [26] (58,59)   
                                -1.048     1.965    -0.622     2.497     0.943
 37      a_1+   20213 [24] (60,61)   
                                 0.690     0.148    -1.617     2.247     1.390
 38       f_2     225 [24] (68,69)   
                                 0.301    -0.625    -0.591     1.668     1.397
------------------------------------------------------------------------------
     Sum of momenta:            -2e-05    -2e-05    -2e-05      14.6      14.6
------------------------------------------------------------------------------
Step 4 performed by DecayHandler
--- intermediates:
 41       pi0     111 [30] (43,44)   
                                 0.347     0.324    -0.089     0.501     0.135
 47       pi0     111 [31] (48,49)   
                                -0.040     0.033    -0.061     0.157     0.135
 54       pi0     111 [34] (56,57)   
                                 0.482    -1.562     1.950     2.548     0.135
 60      rho+     213 [37] (62,63)   
                                 0.749     0.010    -1.540     2.031     1.091
 61       pi0     111 [37] (66,67)   
                                -0.058     0.138    -0.077     0.216     0.135
 62       pi0     111 [60] (64,65)   
                                 0.656    -0.318    -0.421     0.852     0.135
--- final:
 35       pi-    -211 [26]    
                                -0.441     0.134     0.095     0.491     0.140
 39     gamma      22 [29]    
                                 0.185     0.033     0.028     0.190     0.000
 40     gamma      22 [29]    
                                 0.256     0.080     0.212     0.342     0.000
 42       pi-    -211 [30]    
                                -0.353    -0.888    -0.260     1.000     0.140
 43     gamma      22 [41]    
                                 0.330     0.268    -0.044     0.428     0.000
 44     gamma      22 [41]    
                                 0.017     0.055    -0.045     0.073     0.000
 45       pi+     211 [31]    
                                -0.279     0.325    -0.079     0.458     0.140
 46       pi-    -211 [31]    
                                -0.232     0.040    -0.037     0.276     0.140
 48     gamma      22 [47]    
                                 0.028     0.048     0.011     0.057     0.000
 49     gamma      22 [47]    
                                -0.068    -0.016    -0.072     0.100     0.000
 50     gamma      22 [32]    
                                 0.025     0.075    -0.087     0.117     0.000
 51     gamma      22 [32]    
                                 0.044    -0.057    -0.050     0.088     0.000
 52        K+     321 [33]    
                                -0.166     0.107     0.033     0.533     0.494
 53       pi-    -211 [33]    
                                -0.066     0.252     0.777     0.831     0.140
 55       pi+     211 [34]    
                                 0.296    -0.383     0.399     0.643     0.140
 56     gamma      22 [54]    
                                 0.465    -1.541     1.936     2.518     0.000
 57     gamma      22 [54]    
                                 0.017    -0.020     0.014     0.030     0.000
 58        K-    -321 [36]    
                                -0.245     0.512    -0.206     0.780     0.494
 59       pi+     211 [36]    
                                -0.803     1.453    -0.417     1.717     0.140
 63       pi+     211 [60]    
                                 0.093     0.328    -1.119     1.178     0.140
 64     gamma      22 [62]    
                                 0.612    -0.260    -0.403     0.777     0.000
 65     gamma      22 [62]    
                                 0.044    -0.058    -0.018     0.075     0.000
 66     gamma      22 [61]    
                                -0.089     0.123    -0.094     0.178     0.000
 67     gamma      22 [61]    
                                 0.030     0.016     0.017     0.038     0.000
 68       pi-    -211 [38]    
                                 0.147    -1.059    -0.380     1.143     0.140
 69       pi+     211 [38]    
                                 0.154     0.434    -0.211     0.525     0.140
------------------------------------------------------------------------------
     Sum of momenta:            -2e-05    -2e-05    -2e-05      14.6      14.6

The following exception classes were reported in this run:
ThePEG::EventHandler::ConsistencyException warning (1 times)
ThePEG::LesHouchesReader::LesHouchesReopenWarning warning (1 times)
