>>>>>>>>>>>>>>>>>>>>>>>>>>>>>>>>>>>>>>>>>>>>>>>>>>>>>>>>>>>>>>>>>>>>>>>>>>>>>>
>>>> Toolkit for HEP Event Generation - ThePEG 2.2.0 <<<<<<<<<<<<<<<<<<<<<<<<<
>>>> Tue Jun 30 00:54:25 2020                                             <<<<
<<<<<<<<<<<<<<<<<<<<<<<<<<<<<<<<<<<<<<<<<<<<<<<<<<<<<<<<<<<<<<<<<<<<<<<<<<<<<<

>> Herwig 7.2.0 / ThePEG 2.2.0

/Herwig/EventHandlers/NoCuts:
MHat  = 2 .. 22.9134 GeV
Scale = 0 .. 1e+12 GeV2
YHat  = -100 .. 100
X1    = 0 .. 1
X2    = 0 .. 1

* A warning exception of type ThePEG::LesHouchesReader::LesHouchesReopenWarning occurred while generating event number 1: 
Reopening LesHouchesReader 'myReader' after accessing 2 events out of 1
* A warning exception of type ThePEG::EventHandler::ConsistencyException occurred while generating event number 1: 
Event handler 'myLesHouchesHandler' found energy-momentum non-conservation by (-1e-05,-1e-05,-2e-05;-3.38274e-10) GeV after generating step number 4.

******************************************************************************
Event number 1 (id: ./OUTPUT/0.95MB1.05/1515370160/TMP/Cluster_HERWIGOutput_35) performed by myLesHouchesHandler
Weight: 1
==============================================================================

--- Colliding particles:
  1        e-      11  (3)   
                                 5.728     0.000     0.000     5.728     0.000
  2        e+     -11  (3)   
                                -5.728     0.000     0.000     5.728     0.000
------------------------------------------------------------------------------
Primary sub-process performed by myReader
--- incoming:
  1        e-      11  (3)   
                                 5.728     0.000     0.000     5.728     0.000
  2        e+     -11  (3)   
                                -5.728     0.000     0.000     5.728     0.000
--- intermediates:
  3     gamma      22 [1,2] (4..7)   
                                -0.000     0.000    -0.000    11.457    11.457
--- outgoing:
  4         g      21 [3] (8)  7>>6 {+1,-2}
                                 0.124     0.381    -0.658     0.771     0.000
  5         g      21 [3] (9)  6>>7 {+3,-4}
                                 3.360    -0.245     0.030     3.369     0.000
  6         g      21 [3] (12)  4>>5 {+4,-1}
                                -2.822     1.799     2.779     4.350     0.000
  7         g      21 [3] (13)  5>>4 {+2,-3}
                                -0.662    -1.935    -2.151     2.968     0.000
------------------------------------------------------------------------------
Step 1 performed by myLesHouchesHandler
--- intermediates:
  1        e-      11  (3)   
                                 5.728     0.000     0.000     5.728     0.000
  2        e+     -11  (3)   
                                -5.728     0.000     0.000     5.728     0.000
  3     gamma      22 [1,2] (4..7)   
                                -0.000     0.000    -0.000    11.457    11.457
--- final:
  4         g      21 [3] (8)  7>>6 {+1,-2}
                                 0.124     0.381    -0.658     0.771     0.000
  5         g      21 [3] (9)  6>>7 {+3,-4}
                                 3.360    -0.245     0.030     3.369     0.000
  6         g      21 [3] (12)  4>>5 {+4,-1}
                                -2.822     1.799     2.779     4.350     0.000
  7         g      21 [3] (13)  5>>4 {+2,-3}
                                -0.662    -1.935    -2.151     2.968     0.000
------------------------------------------------------------------------------
     Sum of momenta:            -2e-05    -1e-05    -2e-05      11.5      11.5
------------------------------------------------------------------------------
Step 2 performed by ShowerHandler
--- intermediates:
  9         g      21 [5] (10,11)   {+3,-4}
                                 2.634    -0.192     0.024     4.278     3.366
--- final:
  8         g      21 [4] (14,15)  13>>12 {+1,-2}
                                 0.097     0.298    -0.516     1.126     0.950
 10         g      21 [9] (20,21)  12>>11 {+5,-4}
                                 0.545     0.745    -0.934     1.621     0.950
 11         g      21 [9] (22,23)  10>>13 {+3,-5}
                                 2.089    -0.937     0.958     2.657     0.950
 12         g      21 [6] (16,17)  8>>10 {+4,-1}
                                -2.212     1.410     2.178     3.540     0.950
 13         g      21 [7] (18,19)  11>>8 {+2,-3}
                                -0.519    -1.517    -1.686     2.513     0.950
------------------------------------------------------------------------------
     Sum of momenta:            -2e-05    -1e-05    -2e-05      11.5      11.5
------------------------------------------------------------------------------
Step 3 performed by ClusterHadHandler
--- intermediates:
 14         u       2 [8] (24)   {+1}
                                 0.308     0.302    -0.503     0.738     0.325
 15      ubar      -2 [8] (27)   {-2}
                                -0.211    -0.003    -0.013     0.388     0.325
 16         u       2 [12] (27)   {+4}
                                -0.730     0.295     0.369     0.928     0.325
 17      ubar      -2 [12] (24)   {-1}
                                -1.482     1.115     1.810     2.611     0.325
 18         s       3 [13] (28)   {+2}
                                -0.252    -0.569    -0.848     1.144     0.450
 19      sbar      -3 [13] (25)   {-3}
                                -0.268    -0.947    -0.838     1.369     0.450
 20         u       2 [10] (26)   {+5}
                                 0.501     0.198    -0.701     0.942     0.325
 21      ubar      -2 [10] (28)   {-4}
                                 0.044     0.547    -0.233     0.679     0.325
 22         s       3 [11] (25)   {+3}
                                 1.301    -0.482     0.481     1.536     0.450
 23      sbar      -3 [11] (26)   {-5}
                                 0.788    -0.455     0.477     1.122     0.450
 24   Cluster      81 [14,17] (31,32)   
                                -1.174     1.417     1.306     3.350     2.475
 25   Cluster      81 [19,22] (35,36)   
                                 1.033    -1.430    -0.358     2.905     2.280
 26   Cluster      81 [20,23] (33,34)   
                                 1.288    -0.257    -0.224     2.063     1.575
 27   Cluster      81 [15,16] (29,30)   
                                -0.941     0.292     0.356     1.316     0.797
 28   Cluster      81 [18,21] (37,38)   
                                -0.207    -0.022    -1.081     1.823     1.454
--- final:
 29       pi+     211 [27]    
                                -0.525     0.186     0.576     0.813     0.140
 30       pi-    -211 [27]    
                                -0.416     0.105    -0.221     0.502     0.140
 31      rho+     213 [24] (39,40)   
                                -1.469     1.129     1.106     2.444     1.148
 32      rho-    -213 [24] (43,44)   
                                 0.295     0.288     0.201     0.906     0.782
 33      rho+     213 [26] (47,48)   
                                 0.979     0.188     0.119     1.252     0.747
 34        K0     311 [26] (51)   
                                 0.309    -0.445    -0.343     0.812     0.498
 35        K+     321 [25]    
                                 0.596    -1.207    -0.986     1.740     0.494
 36       K*-    -323 [25] (58,59)   
                                 0.437    -0.223     0.628     1.165     0.850
 37    K*bar0    -313 [28] (62,63)   
                                -0.490    -0.249    -0.973     1.420     0.877
 38       pi-    -211 [28]    
                                 0.282     0.227    -0.108     0.403     0.140
------------------------------------------------------------------------------
     Sum of momenta:            -2e-05    -1e-05    -2e-05      11.5      11.5
------------------------------------------------------------------------------
Step 4 performed by DecayHandler
--- intermediates:
 39       pi0     111 [31] (41,42)   
                                 0.118    -0.025    -0.011     0.182     0.135
 43       pi0     111 [32] (45,46)   
                                 0.113    -0.241     0.131     0.326     0.135
 47       pi0     111 [33] (49,50)   
                                -0.007     0.203     0.068     0.253     0.135
 51      K_S0     310 [34] (52,53)   
                                 0.309    -0.445    -0.343     0.812     0.498
 52       pi0     111 [51] (54,55)   
                                 0.252    -0.498    -0.310     0.652     0.135
 53       pi0     111 [51] (56,57)   
                                 0.057     0.053    -0.033     0.159     0.135
 59       pi0     111 [36] (60,61)   
                                 0.204     0.106    -0.006     0.266     0.135
--- final:
 29       pi+     211 [27]    
                                -0.525     0.186     0.576     0.813     0.140
 30       pi-    -211 [27]    
                                -0.416     0.105    -0.221     0.502     0.140
 35        K+     321 [25]    
                                 0.596    -1.207    -0.986     1.740     0.494
 38       pi-    -211 [28]    
                                 0.282     0.227    -0.108     0.403     0.140
 40       pi+     211 [31]    
                                -1.587     1.154     1.116     2.262     0.140
 41     gamma      22 [39]    
                                 0.102    -0.077    -0.006     0.128     0.000
 42     gamma      22 [39]    
                                 0.016     0.051    -0.005     0.054     0.000
 44       pi-    -211 [32]    
                                 0.181     0.529     0.070     0.580     0.140
 45     gamma      22 [43]    
                                 0.064    -0.115    -0.008     0.132     0.000
 46     gamma      22 [43]    
                                 0.050    -0.126     0.139     0.194     0.000
 48       pi+     211 [33]    
                                 0.987    -0.015     0.052     0.998     0.140
 49     gamma      22 [47]    
                                -0.005     0.011    -0.034     0.036     0.000
 50     gamma      22 [47]    
                                -0.002     0.193     0.101     0.218     0.000
 54     gamma      22 [52]    
                                 0.015    -0.142    -0.110     0.180     0.000
 55     gamma      22 [52]    
                                 0.237    -0.356    -0.199     0.472     0.000
 56     gamma      22 [53]    
                                 0.002     0.042    -0.077     0.088     0.000
 57     gamma      22 [53]    
                                 0.055     0.010     0.044     0.071     0.000
 58        K-    -321 [36]    
                                 0.233    -0.329     0.634     0.899     0.494
 60     gamma      22 [59]    
                                 0.191     0.062    -0.046     0.206     0.000
 61     gamma      22 [59]    
                                 0.013     0.043     0.040     0.060     0.000
 62        K-    -321 [37]    
                                -0.282    -0.263    -0.285     0.688     0.494
 63       pi+     211 [37]    
                                -0.208     0.014    -0.688     0.732     0.140
------------------------------------------------------------------------------
     Sum of momenta:            -2e-05    -1e-05    -2e-05      11.5      11.5

The following exception classes were reported in this run:
ThePEG::EventHandler::ConsistencyException warning (1 times)
ThePEG::LesHouchesReader::LesHouchesReopenWarning warning (1 times)
