>>>>>>>>>>>>>>>>>>>>>>>>>>>>>>>>>>>>>>>>>>>>>>>>>>>>>>>>>>>>>>>>>>>>>>>>>>>>>>
>>>> Toolkit for HEP Event Generation - ThePEG 2.2.0 <<<<<<<<<<<<<<<<<<<<<<<<<
>>>> Tue Jun 30 00:44:20 2020                                             <<<<
<<<<<<<<<<<<<<<<<<<<<<<<<<<<<<<<<<<<<<<<<<<<<<<<<<<<<<<<<<<<<<<<<<<<<<<<<<<<<<

>> Herwig 7.2.0 / ThePEG 2.2.0

/Herwig/EventHandlers/NoCuts:
MHat  = 2 .. 28.2045 GeV
Scale = 0 .. 1e+12 GeV2
YHat  = -100 .. 100
X1    = 0 .. 1
X2    = 0 .. 1

* A warning exception of type ThePEG::LesHouchesReader::LesHouchesReopenWarning occurred while generating event number 1: 
Reopening LesHouchesReader 'myReader' after accessing 2 events out of 1
* A warning exception of type ThePEG::EventHandler::ConsistencyException occurred while generating event number 1: 
Event handler 'myLesHouchesHandler' found energy-momentum non-conservation by (-2e-05,-2e-05,-2e-05;1.9999e-05) GeV after generating step number 4.

******************************************************************************
Event number 1 (id: ./OUTPUT/0.95MB1.05/1511416763/TMP/Cluster_HERWIGOutput_18) performed by myLesHouchesHandler
Weight: 1
==============================================================================

--- Colliding particles:
  1        e-      11  (3)   
                                 7.051     0.000     0.000     7.051     0.000
  2        e+     -11  (3)   
                                -7.051     0.000     0.000     7.051     0.000
------------------------------------------------------------------------------
Primary sub-process performed by myReader
--- incoming:
  1        e-      11  (3)   
                                 7.051     0.000     0.000     7.051     0.000
  2        e+     -11  (3)   
                                -7.051     0.000     0.000     7.051     0.000
--- intermediates:
  3     gamma      22 [1,2] (4..9)   
                                -0.000     0.000     0.000    14.102    14.102
--- outgoing:
  4         g      21 [3] (10)  5>>7 {+1,-2}
                                -0.524     0.187     0.054     0.559     0.000
  5         g      21 [3] (11)  7>>4 {+2,-3}
                                 2.211    -0.833    -0.496     2.414     0.000
  6         g      21 [3] (12)  9>>8 {+4,-5}
                                -3.037    -1.368    -0.990     3.475     0.000
  7         g      21 [3] (13)  4>>5 {+3,-1}
                                -1.468     0.432     1.818     2.376     0.000
  8         g      21 [3] (14)  6>>9 {+6,-4}
                                 2.813     0.684    -1.938     3.484     0.000
  9         g      21 [3] (15)  8>>6 {+5,-6}
                                 0.005     0.898     1.553     1.794     0.000
------------------------------------------------------------------------------
Step 1 performed by myLesHouchesHandler
--- intermediates:
  1        e-      11  (3)   
                                 7.051     0.000     0.000     7.051     0.000
  2        e+     -11  (3)   
                                -7.051     0.000     0.000     7.051     0.000
  3     gamma      22 [1,2] (4..9)   
                                -0.000     0.000     0.000    14.102    14.102
--- final:
  4         g      21 [3] (10)  5>>7 {+1,-2}
                                -0.524     0.187     0.054     0.559     0.000
  5         g      21 [3] (11)  7>>4 {+2,-3}
                                 2.211    -0.833    -0.496     2.414     0.000
  6         g      21 [3] (12)  9>>8 {+4,-5}
                                -3.037    -1.368    -0.990     3.475     0.000
  7         g      21 [3] (13)  4>>5 {+3,-1}
                                -1.468     0.432     1.818     2.376     0.000
  8         g      21 [3] (14)  6>>9 {+6,-4}
                                 2.813     0.684    -1.938     3.484     0.000
  9         g      21 [3] (15)  8>>6 {+5,-6}
                                 0.005     0.898     1.553     1.794     0.000
------------------------------------------------------------------------------
     Sum of momenta:            -3e-05    -2e-05    -2e-05      14.1      14.1
------------------------------------------------------------------------------
Step 2 performed by ShowerHandler
--- intermediates:
 15         g      21 [9] (16,17)   {+5,-6}
                                 0.004     0.700     1.211     3.117     2.786
--- final:
 10         g      21 [4] (18,19)  11>>13 {+1,-2}
                                -0.409     0.146     0.042     1.045     0.950
 11         g      21 [5] (20,21)  13>>10 {+2,-3}
                                 1.724    -0.649    -0.387     2.109     0.950
 12         g      21 [6] (22,23)  17>>14 {+4,-5}
                                -2.368    -1.066    -0.772     2.871     0.950
 13         g      21 [7] (24,25)  10>>11 {+3,-1}
                                -1.145     0.337     1.417     2.082     0.950
 14         g      21 [8] (26,27)  12>>16 {+6,-4}
                                 2.194     0.533    -1.511     2.878     0.950
 16         g      21 [15] (28,29)  14>>17 {+7,-6}
                                 0.141    -0.458    -0.168     1.077     0.950
 17         g      21 [15] (30,31)  16>>12 {+5,-7}
                                -0.137     1.158     1.379     2.040     0.950
------------------------------------------------------------------------------
     Sum of momenta:            -3e-05    -2e-05    -2e-05      14.1      14.1
------------------------------------------------------------------------------
Step 3 performed by ClusterHadHandler
--- intermediates:
 18         d       1 [10] (32)   {+1}
                                -0.371     0.308     0.241     0.629     0.325
 19      dbar      -1 [10] (33)   {-2}
                                -0.038    -0.162    -0.199     0.416     0.325
 20         s       3 [11] (33)   {+2}
                                 0.842    -0.458    -0.274     1.094     0.450
 21      sbar      -3 [11] (38)   {-3}
                                 0.882    -0.191    -0.113     1.015     0.450
 22         u       2 [12] (35)   {+4}
                                -0.523    -0.336     0.040     0.703     0.325
 23      ubar      -2 [12] (34)   {-5}
                                -1.845    -0.730    -0.812     2.168     0.325
 24         u       2 [13] (37)   {+3}
                                -0.985     0.119     0.725     1.271     0.325
 25      ubar      -2 [13] (32)   {-1}
                                -0.160     0.218     0.692     0.811     0.325
 26         s       3 [14] (38)   {+6}
                                 0.975     0.243    -0.516     1.216     0.450
 27      sbar      -3 [14] (36)   {-4}
                                 1.218     0.290    -0.995     1.662     0.450
 28         u       2 [16] (36)   {+7}
                                 0.379    -0.219    -0.253     0.601     0.325
 29      ubar      -2 [16] (37)   {-6}
                                -0.238    -0.239     0.085     0.476     0.325
 30         u       2 [17] (34)   {+5}
                                -0.150     1.088     0.897     1.455     0.325
 31      ubar      -2 [17] (35)   {-7}
                                 0.013     0.070     0.481     0.585     0.325
 32   Cluster      81 [18,25] (39,40)   
                                -0.531     0.526     0.933     1.440     0.803
 33   Cluster      81 [19,20] (45,46)   
                                 0.804    -0.620    -0.473     1.510     1.012
 34   Cluster      81 [23,30] (47,48)   
                                -1.995     0.359     0.086     3.624     3.003
 35   Cluster      81 [22,31] (41,42)   
                                -0.510    -0.267     0.521     1.288     1.027
 36   Cluster      81 [27,28] (43,44)   
                                 1.597     0.071    -1.249     2.263     1.003
 37   Cluster      81 [24,29] (49,50)   
                                -1.223    -0.120     0.810     1.747     0.941
 38   Cluster      81 [21,26] (51,52)   
                                 1.857     0.052    -0.629     2.231     1.063
--- final:
 39       pi0     111 [32] (53,54)   
                                -0.443     0.614     0.383     0.859     0.135
 40       pi-    -211 [32]    
                                -0.088    -0.088     0.550     0.581     0.140
 41       pi+     211 [35]    
                                -0.137    -0.031     0.001     0.198     0.140
 42      rho-    -213 [35] (55,56)   
                                -0.373    -0.236     0.520     1.090     0.850
 43       pi0     111 [36] (59,60)   
                                 1.195     0.047    -1.046     1.594     0.135
 44        K+     321 [36]    
                                 0.402     0.023    -0.203     0.669     0.494
 45       pi+     211 [33]    
                                 0.625    -0.312    -0.545     0.897     0.140
 46        K-    -321 [33]    
                                 0.180    -0.308     0.072     0.613     0.494
 47       f_2     225 [34] (61,62)   
                                -0.088    -0.171     0.097     1.155     1.135
 48     eta_2   10225 [34] (63,64)   
                                -1.907     0.530    -0.011     2.468     1.475
 49       pi0     111 [37] (74,75)   
                                -0.128    -0.031     0.041     0.193     0.135
 50     omega     223 [37] (76,77)   
                                -1.095    -0.089     0.769     1.554     0.785
 51     Kbar0    -311 [38] (82)   
                                 0.781    -0.116    -0.171     0.949     0.498
 52        K0     311 [38] (85)   
                                 1.076     0.168    -0.458     1.282     0.498
------------------------------------------------------------------------------
     Sum of momenta:            -3e-05    -2e-05    -2e-05      14.1      14.1
------------------------------------------------------------------------------
Step 4 performed by DecayHandler
--- intermediates:
 55       pi0     111 [42] (57,58)   
                                -0.522    -0.418     0.404     0.792     0.135
 63      a_2+     215 [48] (65,66)   
                                -1.835     0.494    -0.079     2.294     1.282
 65      rho+     213 [63] (67,68)   
                                -1.662     0.638    -0.328     1.932     0.676
 66       pi0     111 [63] (72,73)   
                                -0.173    -0.144     0.249     0.362     0.135
 67       pi0     111 [65] (69..71)   
                                -0.080     0.109    -0.161     0.250     0.135
 76      rho-    -213 [50] (78,79)   
                                -0.424     0.089     0.447     0.776     0.463
 78       pi0     111 [76] (80,81)   
                                -0.295     0.177     0.428     0.566     0.135
 82      K_S0     310 [51] (83,84)   
                                 0.781    -0.116    -0.171     0.949     0.498
 85      K_S0     310 [52] (86,87)   
                                 1.076     0.168    -0.458     1.282     0.498
--- final:
 40       pi-    -211 [32]    
                                -0.088    -0.088     0.550     0.581     0.140
 41       pi+     211 [35]    
                                -0.137    -0.031     0.001     0.198     0.140
 44        K+     321 [36]    
                                 0.402     0.023    -0.203     0.669     0.494
 45       pi+     211 [33]    
                                 0.625    -0.312    -0.545     0.897     0.140
 46        K-    -321 [33]    
                                 0.180    -0.308     0.072     0.613     0.494
 53     gamma      22 [39]    
                                -0.226     0.413     0.269     0.543     0.000
 54     gamma      22 [39]    
                                -0.217     0.201     0.114     0.316     0.000
 56       pi-    -211 [42]    
                                 0.149     0.182     0.116     0.297     0.140
 57     gamma      22 [55]    
                                -0.423    -0.388     0.308     0.652     0.000
 58     gamma      22 [55]    
                                -0.099    -0.029     0.096     0.141     0.000
 59     gamma      22 [43]    
                                 0.221    -0.005    -0.130     0.257     0.000
 60     gamma      22 [43]    
                                 0.973     0.052    -0.915     1.337     0.000
 61       pi-    -211 [47]    
                                 0.012    -0.180     0.590     0.633     0.140
 62       pi+     211 [47]    
                                -0.100     0.009    -0.493     0.522     0.140
 64       pi-    -211 [48]    
                                -0.072     0.036     0.067     0.175     0.140
 68       pi+     211 [65]    
                                -1.581     0.528    -0.166     1.681     0.140
 69     gamma      22 [67]    
                                 0.023    -0.016    -0.016     0.032     0.000
 70        e-      11 [67]    
                                -0.036     0.043    -0.050     0.075     0.001
 71        e+     -11 [67]    
                                -0.068     0.081    -0.096     0.143     0.001
 72     gamma      22 [66]    
                                -0.064    -0.136     0.117     0.190     0.000
 73     gamma      22 [66]    
                                -0.109    -0.008     0.133     0.172     0.000
 74     gamma      22 [49]    
                                -0.138    -0.020     0.073     0.157     0.000
 75     gamma      22 [49]    
                                 0.010    -0.011    -0.032     0.035     0.000
 77       pi+     211 [50]    
                                -0.671    -0.178     0.322     0.778     0.140
 79       pi-    -211 [76]    
                                -0.129    -0.088     0.019     0.210     0.140
 80     gamma      22 [78]    
                                -0.218     0.192     0.354     0.458     0.000
 81     gamma      22 [78]    
                                -0.077    -0.015     0.075     0.108     0.000
 83       pi+     211 [82]    
                                 0.489    -0.162    -0.282     0.604     0.140
 84       pi-    -211 [82]    
                                 0.292     0.046     0.111     0.345     0.140
 86       pi+     211 [85]    
                                 0.160    -0.058    -0.192     0.292     0.140
 87       pi-    -211 [85]    
                                 0.916     0.226    -0.266     0.990     0.140
------------------------------------------------------------------------------
     Sum of momenta:            -3e-05    -2e-05    -2e-05      14.1      14.1

The following exception classes were reported in this run:
ThePEG::EventHandler::ConsistencyException warning (1 times)
ThePEG::LesHouchesReader::LesHouchesReopenWarning warning (1 times)
