>>>>>>>>>>>>>>>>>>>>>>>>>>>>>>>>>>>>>>>>>>>>>>>>>>>>>>>>>>>>>>>>>>>>>>>>>>>>>>
>>>> Toolkit for HEP Event Generation - ThePEG 2.2.0 <<<<<<<<<<<<<<<<<<<<<<<<<
>>>> Tue Jun 30 00:41:38 2020                                             <<<<
<<<<<<<<<<<<<<<<<<<<<<<<<<<<<<<<<<<<<<<<<<<<<<<<<<<<<<<<<<<<<<<<<<<<<<<<<<<<<<

>> Herwig 7.2.0 / ThePEG 2.2.0

/Herwig/EventHandlers/NoCuts:
MHat  = 2 .. 67.4562 GeV
Scale = 0 .. 1e+12 GeV2
YHat  = -100 .. 100
X1    = 0 .. 1
X2    = 0 .. 1

* A warning exception of type ThePEG::LesHouchesReader::LesHouchesReopenWarning occurred while generating event number 1: 
Reopening LesHouchesReader 'myReader' after accessing 2 events out of 1
* A warning exception of type ThePEG::EventHandler::ConsistencyException occurred while generating event number 1: 
Event handler 'myLesHouchesHandler' found energy-momentum non-conservation by (-2e-05,-2e-05,-2e-05;9.99766e-06) GeV after generating step number 4.

******************************************************************************
Event number 1 (id: ./OUTPUT/0.95MB1.05/1512470947/TMP/Cluster_HERWIGOutput_32) performed by myLesHouchesHandler
Weight: 1
==============================================================================

--- Colliding particles:
  1        e-      11  (3)   
                                16.864     0.000     0.000    16.864     0.000
  2        e+     -11  (3)   
                               -16.864     0.000    -0.000    16.864     0.000
------------------------------------------------------------------------------
Primary sub-process performed by myReader
--- incoming:
  1        e-      11  (3)   
                                16.864     0.000     0.000    16.864     0.000
  2        e+     -11  (3)   
                               -16.864     0.000    -0.000    16.864     0.000
--- intermediates:
  3     gamma      22 [1,2] (4..8)   
                                -0.000     0.000     0.000    33.728    33.728
--- outgoing:
  4         g      21 [3] (9)  8>>6 {+1,-2}
                                -1.543    -0.158     0.134     1.557     0.000
  5         g      21 [3] (10)  7>>7 {+3,-4}
                                 1.429     1.565   -10.804    11.009     0.000
  6         g      21 [3] (11)  4>>8 {+5,-1}
                                 1.883     1.451    14.707    14.898     0.000
  7         g      21 [3] (12)  5>>5 {+4,-3}
                                -0.799    -0.955    -3.933     4.125     0.000
  8         g      21 [3] (13)  6>>4 {+2,-5}
                                -0.970    -1.903    -0.104     2.139     0.000
------------------------------------------------------------------------------
Step 1 performed by myLesHouchesHandler
--- intermediates:
  1        e-      11  (3)   
                                16.864     0.000     0.000    16.864     0.000
  2        e+     -11  (3)   
                               -16.864     0.000    -0.000    16.864     0.000
  3     gamma      22 [1,2] (4..8)   
                                -0.000     0.000     0.000    33.728    33.728
--- final:
  4         g      21 [3] (9)  8>>6 {+1,-2}
                                -1.543    -0.158     0.134     1.557     0.000
  5         g      21 [3] (10)  7>>7 {+3,-4}
                                 1.429     1.565   -10.804    11.009     0.000
  6         g      21 [3] (11)  4>>8 {+5,-1}
                                 1.883     1.451    14.707    14.898     0.000
  7         g      21 [3] (12)  5>>5 {+4,-3}
                                -0.799    -0.955    -3.933     4.125     0.000
  8         g      21 [3] (13)  6>>4 {+2,-5}
                                -0.970    -1.903    -0.104     2.139     0.000
------------------------------------------------------------------------------
     Sum of momenta:            -3e-05    -2e-05    -2e-05      33.7      33.7
------------------------------------------------------------------------------
Step 2 performed by ShowerHandler
--- final:
  9         g      21 [4] (14,15)  13>>11 {+1,-2}
                                -1.513    -0.155     0.131     1.798     0.950
 10         g      21 [5] (16,17)  12>>12 {+3,-4}
                                 1.401     1.534   -10.592    10.836     0.950
 11         g      21 [6] (18,19)  9>>13 {+5,-1}
                                 1.846     1.423    14.419    14.638     0.950
 12         g      21 [7] (20,21)  10>>10 {+4,-3}
                                -0.783    -0.936    -3.856     4.155     0.950
 13         g      21 [8] (22,23)  11>>9 {+2,-5}
                                -0.951    -1.866    -0.102     2.302     0.950
------------------------------------------------------------------------------
     Sum of momenta:            -3e-05    -2e-05    -2e-05      33.7      33.7
------------------------------------------------------------------------------
Step 3 performed by ClusterHadHandler
--- intermediates:
 14         s       3 [9] (24)   {+1}
                                -0.870     0.040     0.010     0.981     0.450
 15      sbar      -3 [9] (25)   {-2}
                                -0.643    -0.194     0.122     0.817     0.450
 16         d       1 [10] (26)   {+3}
                                 0.253     0.112    -1.834     1.883     0.325
 17      dbar      -1 [10] (27)   {-4}
                                 1.148     1.422    -8.759     8.953     0.325
 18         u       2 [11] (28)   {+5}
                                 0.827     0.242     4.955     5.039     0.325
 19      ubar      -2 [11] (24)   {-1}
                                 1.020     1.181     9.465     9.598     0.325
 20         s       3 [12] (27)   {+4}
                                -0.430    -0.511    -1.644     1.831     0.450
 21      sbar      -3 [12] (26)   {-3}
                                -0.353    -0.425    -2.212     2.324     0.450
 22         u       2 [13] (25)   {+2}
                                -0.695    -0.705    -0.218     1.064     0.325
 23      ubar      -2 [13] (28)   {-5}
                                -0.257    -1.161     0.115     1.238     0.325
 24   Cluster      81 [14,19] (29,30)   
                                 0.149     1.221     9.475    10.579     4.542
 25   Cluster      81 [15,22] (31,32)   
                                -1.337    -0.900    -0.096     1.882     0.966
 26   Cluster      81 [16,21] (35,36)   
                                -0.100    -0.313    -4.046     4.207     1.105
 27   Cluster      81 [17,20] (37,38)   
                                 0.718     0.911   -10.402    10.784     2.594
 28   Cluster      81 [18,23] (33,34)   
                                 0.570    -0.919     5.070     6.277     3.539
 29   Cluster      81 [24] (39,40)   
                                -0.613     0.256     1.765     2.684     1.911
 30   Cluster      81 [24] (41,42)   
                                 0.762     0.965     7.710     7.894     1.171
--- final:
 31        K+     321 [25]    
                                -1.110    -0.936    -0.279     1.559     0.494
 32       pi0     111 [25] (43,44)   
                                -0.227     0.036     0.182     0.323     0.135
 33      b_1+   10213 [28] (45,46)   
                                 0.182    -0.386     0.274     1.262     1.155
 34      b_1-  -10213 [28] (53,54)   
                                 0.388    -0.533     4.796     5.015     1.311
 35       pi-    -211 [26]    
                                -0.150     0.017    -0.779     0.805     0.140
 36       K*+     323 [26] (57,58)   
                                 0.050    -0.330    -3.267     3.402     0.886
 37       eta     221 [27] (61,62)   
                                 0.020     1.429    -6.545     6.721     0.548
 38  K*_0bar0  -10311 [27] (63,64)   
                                 0.698    -0.518    -3.858     4.062     0.929
 39     Kbar0    -311 [29] (65)   
                                -0.247    -0.063     0.620     0.835     0.498
 40       f_2     225 [29] (66,67)   
                                -0.365     0.318     1.145     1.849     1.369
 41       pi-    -211 [30]    
                                 0.178     0.319     0.922     1.001     0.140
 42      rho0     113 [30] (68,69)   
                                 0.584     0.646     6.788     6.893     0.826
------------------------------------------------------------------------------
     Sum of momenta:            -3e-05    -2e-05    -2e-05      33.7      33.7
------------------------------------------------------------------------------
Step 4 performed by DecayHandler
--- intermediates:
 45     omega     223 [33] (47,48)   
                                 0.117    -0.390    -0.067     0.887     0.785
 47      rho0     113 [45] (49,50)   
                                 0.239    -0.319     0.102     0.629     0.475
 48       pi0     111 [45] (51,52)   
                                -0.123    -0.071    -0.169     0.259     0.135
 53     omega     223 [34] (55,56)   
                                 0.659    -0.448     4.120     4.269     0.785
 58       pi0     111 [36] (59,60)   
                                -0.099    -0.384    -1.224     1.294     0.135
--- final:
 31        K+     321 [25]    
                                -1.110    -0.936    -0.279     1.559     0.494
 35       pi-    -211 [26]    
                                -0.150     0.017    -0.779     0.805     0.140
 41       pi-    -211 [30]    
                                 0.178     0.319     0.922     1.001     0.140
 43     gamma      22 [32]    
                                -0.083    -0.034     0.123     0.152     0.000
 44     gamma      22 [32]    
                                -0.144     0.070     0.060     0.171     0.000
 46       pi+     211 [33]    
                                 0.065     0.004     0.341     0.374     0.140
 49       pi+     211 [47]    
                                 0.327    -0.173     0.104     0.408     0.140
 50       pi-    -211 [47]    
                                -0.087    -0.146    -0.002     0.220     0.140
 51     gamma      22 [48]    
                                 0.005     0.013    -0.082     0.083     0.000
 52     gamma      22 [48]    
                                -0.127    -0.084    -0.087     0.176     0.000
 54       pi-    -211 [34]    
                                -0.271    -0.085     0.676     0.746     0.140
 55       pi+     211 [53]    
                                 0.516    -0.643     3.224     3.331     0.140
 56       pi-    -211 [53]    
                                 0.143     0.195     0.896     0.938     0.140
 57        K+     321 [36]    
                                 0.149     0.054    -2.043     2.108     0.494
 59     gamma      22 [58]    
                                -0.084    -0.373    -1.027     1.096     0.000
 60     gamma      22 [58]    
                                -0.015    -0.011    -0.197     0.198     0.000
 61     gamma      22 [37]    
                                -0.109     1.322    -6.165     6.306     0.000
 62     gamma      22 [37]    
                                 0.129     0.107    -0.379     0.415     0.000
 63        K-    -321 [38]    
                                 0.825    -0.360    -3.084     3.251     0.494
 64       pi+     211 [38]    
                                -0.127    -0.159    -0.773     0.812     0.140
 65      K_L0     130 [39]    
                                -0.247    -0.063     0.620     0.835     0.498
 66       pi-    -211 [40]    
                                -0.458    -0.013    -0.150     0.502     0.140
 67       pi+     211 [40]    
                                 0.093     0.331     1.295     1.347     0.140
 68       pi+     211 [42]    
                                 0.021     0.563     2.568     2.633     0.140
 69       pi-    -211 [42]    
                                 0.564     0.083     4.220     4.261     0.140
------------------------------------------------------------------------------
     Sum of momenta:            -3e-05    -2e-05    -2e-05      33.7      33.7

The following exception classes were reported in this run:
ThePEG::EventHandler::ConsistencyException warning (1 times)
ThePEG::LesHouchesReader::LesHouchesReopenWarning warning (1 times)
