>>>>>>>>>>>>>>>>>>>>>>>>>>>>>>>>>>>>>>>>>>>>>>>>>>>>>>>>>>>>>>>>>>>>>>>>>>>>>>
>>>> Toolkit for HEP Event Generation - ThePEG 2.2.0 <<<<<<<<<<<<<<<<<<<<<<<<<
>>>> Tue Jun 30 00:50:02 2020                                             <<<<
<<<<<<<<<<<<<<<<<<<<<<<<<<<<<<<<<<<<<<<<<<<<<<<<<<<<<<<<<<<<<<<<<<<<<<<<<<<<<<

>> Herwig 7.2.0 / ThePEG 2.2.0

/Herwig/EventHandlers/NoCuts:
MHat  = 2 .. 25.522 GeV
Scale = 0 .. 1e+12 GeV2
YHat  = -100 .. 100
X1    = 0 .. 1
X2    = 0 .. 1

* A warning exception of type ThePEG::LesHouchesReader::LesHouchesReopenWarning occurred while generating event number 1: 
Reopening LesHouchesReader 'myReader' after accessing 2 events out of 1
* A warning exception of type ThePEG::EventHandler::ConsistencyException occurred while generating event number 1: 
Event handler 'myLesHouchesHandler' found energy-momentum non-conservation by (-1e-05,-3e-05,-2e-05;9.99939e-06) GeV after generating step number 4.

******************************************************************************
Event number 1 (id: ./OUTPUT/0.95MB1.05/1514252634/TMP/Cluster_HERWIGOutput_43) performed by myLesHouchesHandler
Weight: 1
==============================================================================

--- Colliding particles:
  1        e-      11  (3)   
                                 6.380     0.000    -0.000     6.381     0.000
  2        e+     -11  (3)   
                                -6.381     0.000     0.000     6.381     0.000
------------------------------------------------------------------------------
Primary sub-process performed by myReader
--- incoming:
  1        e-      11  (3)   
                                 6.380     0.000    -0.000     6.381     0.000
  2        e+     -11  (3)   
                                -6.381     0.000     0.000     6.381     0.000
--- intermediates:
  3     gamma      22 [1,2] (4..7)   
                                 0.000     0.000     0.000    12.761    12.761
--- outgoing:
  4         g      21 [3] (8)  6>>7 {+1,-2}
                                 0.024    -0.554     1.799     1.882     0.000
  5         g      21 [3] (11)  7>>6 {+3,-4}
                                 0.493    -0.375     0.816     1.025     0.000
  6         g      21 [3] (12)  5>>4 {+2,-3}
                                 1.503     1.304     3.154     3.729     0.000
  7         g      21 [3] (13)  4>>5 {+4,-1}
                                -2.020    -0.375    -5.769     6.124     0.000
------------------------------------------------------------------------------
Step 1 performed by myLesHouchesHandler
--- intermediates:
  1        e-      11  (3)   
                                 6.380     0.000    -0.000     6.381     0.000
  2        e+     -11  (3)   
                                -6.381     0.000     0.000     6.381     0.000
  3     gamma      22 [1,2] (4..7)   
                                 0.000     0.000     0.000    12.761    12.761
--- final:
  4         g      21 [3] (8)  6>>7 {+1,-2}
                                 0.024    -0.554     1.799     1.882     0.000
  5         g      21 [3] (11)  7>>6 {+3,-4}
                                 0.493    -0.375     0.816     1.025     0.000
  6         g      21 [3] (12)  5>>4 {+2,-3}
                                 1.503     1.304     3.154     3.729     0.000
  7         g      21 [3] (13)  4>>5 {+4,-1}
                                -2.020    -0.375    -5.769     6.124     0.000
------------------------------------------------------------------------------
     Sum of momenta:            -2e-05    -3e-05    -2e-05      12.8      12.8
------------------------------------------------------------------------------
Step 2 performed by ShowerHandler
--- intermediates:
  8         g      21 [4] (9,10)   {+1,-2}
                                 0.018    -0.419     1.360     3.833     3.560
--- final:
  9         g      21 [8] (20,21)  10>>13 {+1,-5}
                                -1.456     0.078     0.871     1.946     0.950
 10         g      21 [8] (22,23)  12>>9 {+5,-2}
                                 1.474    -0.497     0.489     1.887     0.950
 11         g      21 [5] (14,15)  13>>12 {+3,-4}
                                 0.373    -0.283     0.617     1.226     0.950
 12         g      21 [6] (16,17)  11>>10 {+2,-3}
                                 1.136     0.986     2.385     2.975     0.950
 13         g      21 [7] (18,19)  9>>11 {+4,-1}
                                -1.527    -0.284    -4.362     4.726     0.950
------------------------------------------------------------------------------
     Sum of momenta:            -2e-05    -3e-05    -2e-05      12.8      12.8
------------------------------------------------------------------------------
Step 3 performed by ClusterHadHandler
--- intermediates:
 14         u       2 [11] (24)   {+3}
                                 0.513    -0.261     0.561     0.867     0.325
 15      ubar      -2 [11] (25)   {-4}
                                -0.140    -0.023     0.057     0.359     0.325
 16         u       2 [12] (26)   {+2}
                                 0.633     0.116     0.899     1.152     0.325
 17      ubar      -2 [12] (24)   {-3}
                                 0.503     0.870     1.486     1.823     0.325
 18         u       2 [13] (25)   {+4}
                                -1.191    -0.295    -2.462     2.770     0.325
 19      ubar      -2 [13] (27)   {-1}
                                -0.336     0.012    -1.900     1.957     0.325
 20         d       1 [9] (27)   {+1}
                                -0.522     0.192     0.672     0.930     0.325
 21      dbar      -1 [9] (28)   {-5}
                                -0.935    -0.114     0.199     1.016     0.325
 22         s       3 [10] (28)   {+5}
                                 0.625    -0.222     0.074     0.805     0.450
 23      sbar      -3 [10] (26)   {-2}
                                 0.849    -0.275     0.415     1.082     0.450
 24   Cluster      81 [14,17] (37,38)   
                                 1.016     0.609     2.047     2.690     1.282
 25   Cluster      81 [15,18] (31,32)   
                                -1.332    -0.318    -2.405     3.129     1.460
 26   Cluster      81 [16,23] (35,36)   
                                 1.482    -0.159     1.314     2.234     1.022
 27   Cluster      81 [19,20] (33,34)   
                                -0.858     0.203    -1.229     2.887     2.459
 28   Cluster      81 [21,22] (29,30)   
                                -0.309    -0.336     0.273     1.821     1.742
--- final:
 29       pi0     111 [28] (39,40)   
                                -0.061    -0.100    -0.303     0.351     0.135
 30  K'_1bar0  -20313 [28] (41,42)   
                                -0.248    -0.236     0.576     1.470     1.308
 31      b_10   10113 [25] (48,49)   
                                -1.031    -0.271    -2.221     2.749     1.219
 32       pi0     111 [25] (58..60)   
                                -0.300    -0.047    -0.184     0.380     0.135
 33       pi-    -211 [27]    
                                -0.509     0.598    -0.618     1.009     0.140
 34    omega'  100223 [27] (61,62)   
                                -0.349    -0.395    -0.611     1.878     1.696
 35       pi+     211 [26]    
                                 0.559    -0.427     0.627     0.953     0.140
 36        K0     311 [26] (71)   
                                 0.923     0.268     0.687     1.281     0.498
 37        K+     321 [24]    
                                 0.680     0.262     0.541     1.033     0.494
 38        K-    -321 [24]    
                                 0.336     0.347     1.506     1.657     0.494
------------------------------------------------------------------------------
     Sum of momenta:            -2e-05    -3e-05    -2e-05      12.8      12.8
------------------------------------------------------------------------------
Step 4 performed by DecayHandler
--- intermediates:
 41       K*-    -323 [30] (43,44)   
                                -0.067    -0.424     0.609     1.172     0.905
 43     Kbar0    -311 [41] (45)   
                                -0.052    -0.364     0.082     0.624     0.498
 45      K_S0     310 [43] (46,47)   
                                -0.052    -0.364     0.082     0.624     0.498
 48     omega     223 [31] (50,51)   
                                -0.755    -0.390    -1.156     1.634     0.782
 49       pi0     111 [31] (56,57)   
                                -0.277     0.119    -1.065     1.115     0.135
 50      rho-    -213 [48] (52,53)   
                                -0.699    -0.226    -1.009     1.368     0.558
 52       pi0     111 [50] (54,55)   
                                -0.481    -0.296    -0.410     0.711     0.135
 61      b_1-  -10213 [34] (63,64)   
                                 0.153     0.108    -0.322     1.099     1.034
 63     omega     223 [61] (65,66)   
                                -0.087     0.012    -0.252     0.797     0.751
 65      rho0     113 [63] (67,68)   
                                -0.096    -0.082    -0.125     0.589     0.562
 66       pi0     111 [63] (69,70)   
                                 0.009     0.094    -0.127     0.208     0.135
--- final:
 33       pi-    -211 [27]    
                                -0.509     0.598    -0.618     1.009     0.140
 35       pi+     211 [26]    
                                 0.559    -0.427     0.627     0.953     0.140
 37        K+     321 [24]    
                                 0.680     0.262     0.541     1.033     0.494
 38        K-    -321 [24]    
                                 0.336     0.347     1.506     1.657     0.494
 39     gamma      22 [29]    
                                -0.006    -0.117    -0.170     0.206     0.000
 40     gamma      22 [29]    
                                -0.056     0.017    -0.133     0.145     0.000
 42       pi+     211 [30]    
                                -0.181     0.188    -0.033     0.298     0.140
 44       pi-    -211 [41]    
                                -0.015    -0.060     0.526     0.548     0.140
 46       pi+     211 [45]    
                                -0.078     0.009     0.151     0.220     0.140
 47       pi-    -211 [45]    
                                 0.026    -0.372    -0.068     0.404     0.140
 51       pi+     211 [48]    
                                -0.056    -0.164    -0.147     0.266     0.140
 53       pi-    -211 [50]    
                                -0.218     0.070    -0.599     0.656     0.140
 54     gamma      22 [52]    
                                -0.008    -0.043    -0.020     0.048     0.000
 55     gamma      22 [52]    
                                -0.473    -0.253    -0.390     0.663     0.000
 56     gamma      22 [49]    
                                -0.256     0.135    -0.843     0.892     0.000
 57     gamma      22 [49]    
                                -0.020    -0.016    -0.222     0.223     0.000
 58     gamma      22 [32]    
                                -0.115    -0.017    -0.001     0.117     0.000
 59        e-      11 [32]    
                                -0.105    -0.030    -0.110     0.155     0.001
 60        e+     -11 [32]    
                                -0.080    -0.000    -0.073     0.109     0.001
 62       pi+     211 [34]    
                                -0.501    -0.503    -0.289     0.779     0.140
 64       pi-    -211 [61]    
                                 0.240     0.096    -0.070     0.302     0.140
 67       pi+     211 [65]    
                                 0.121     0.131    -0.116     0.255     0.140
 68       pi-    -211 [65]    
                                -0.217    -0.213    -0.009     0.335     0.140
 69     gamma      22 [66]    
                                 0.012     0.042     0.023     0.050     0.000
 70     gamma      22 [66]    
                                -0.003     0.051    -0.149     0.158     0.000
 71      K_L0     130 [36]    
                                 0.923     0.268     0.687     1.281     0.498
------------------------------------------------------------------------------
     Sum of momenta:            -2e-05    -3e-05    -2e-05      12.8      12.8

The following exception classes were reported in this run:
ThePEG::EventHandler::ConsistencyException warning (1 times)
ThePEG::LesHouchesReader::LesHouchesReopenWarning warning (1 times)
