>>>>>>>>>>>>>>>>>>>>>>>>>>>>>>>>>>>>>>>>>>>>>>>>>>>>>>>>>>>>>>>>>>>>>>>>>>>>>>
>>>> Toolkit for HEP Event Generation - ThePEG 2.2.0 <<<<<<<<<<<<<<<<<<<<<<<<<
>>>> Tue Jun 30 00:30:24 2020                                             <<<<
<<<<<<<<<<<<<<<<<<<<<<<<<<<<<<<<<<<<<<<<<<<<<<<<<<<<<<<<<<<<<<<<<<<<<<<<<<<<<<

>> Herwig 7.2.0 / ThePEG 2.2.0

/Herwig/EventHandlers/NoCuts:
MHat  = 2 .. 29.6975 GeV
Scale = 0 .. 1e+12 GeV2
YHat  = -100 .. 100
X1    = 0 .. 1
X2    = 0 .. 1

* A warning exception of type ThePEG::LesHouchesReader::LesHouchesReopenWarning occurred while generating event number 1: 
Reopening LesHouchesReader 'myReader' after accessing 2 events out of 1
* A warning exception of type ThePEG::EventHandler::ConsistencyException occurred while generating event number 1: 
Event handler 'myLesHouchesHandler' found energy-momentum non-conservation by (-5.20401e-14,-2e-05,-2e-05;-9.83573e-10) GeV after generating step number 4.

******************************************************************************
Event number 1 (id: ./OUTPUT/0.95MB1.05/1511391750/TMP/Cluster_HERWIGOutput_18) performed by myLesHouchesHandler
Weight: 1
==============================================================================

--- Colliding particles:
  1        e-      11  (3)   
                                 7.424     0.000     0.000     7.424     0.000
  2        e+     -11  (3)   
                                -7.424     0.000    -0.000     7.424     0.000
------------------------------------------------------------------------------
Primary sub-process performed by myReader
--- incoming:
  1        e-      11  (3)   
                                 7.424     0.000     0.000     7.424     0.000
  2        e+     -11  (3)   
                                -7.424     0.000    -0.000     7.424     0.000
--- intermediates:
  3     gamma      22 [1,2] (4..7)   
                                -0.000     0.000    -0.000    14.849    14.849
--- outgoing:
  4         g      21 [3] (8)  7>>5 {+1,-2}
                                -1.530     0.053    -3.660     3.967     0.000
  5         g      21 [3] (9)  4>>6 {+3,-1}
                                -0.506    -1.850     6.345     6.628     0.000
  6         g      21 [3] (12)  5>>7 {+4,-3}
                                 1.170     2.081    -1.996     3.111     0.000
  7         g      21 [3] (13)  6>>4 {+2,-4}
                                 0.866    -0.283    -0.689     1.142     0.000
------------------------------------------------------------------------------
Step 1 performed by myLesHouchesHandler
--- intermediates:
  1        e-      11  (3)   
                                 7.424     0.000     0.000     7.424     0.000
  2        e+     -11  (3)   
                                -7.424     0.000    -0.000     7.424     0.000
  3     gamma      22 [1,2] (4..7)   
                                -0.000     0.000    -0.000    14.849    14.849
--- final:
  4         g      21 [3] (8)  7>>5 {+1,-2}
                                -1.530     0.053    -3.660     3.967     0.000
  5         g      21 [3] (9)  4>>6 {+3,-1}
                                -0.506    -1.850     6.345     6.628     0.000
  6         g      21 [3] (12)  5>>7 {+4,-3}
                                 1.170     2.081    -1.996     3.111     0.000
  7         g      21 [3] (13)  6>>4 {+2,-4}
                                 0.866    -0.283    -0.689     1.142     0.000
------------------------------------------------------------------------------
     Sum of momenta:            -1e-05    -2e-05    -2e-05      14.8      14.8
------------------------------------------------------------------------------
Step 2 performed by ShowerHandler
--- intermediates:
  9         g      21 [5] (10,11)   {+3,-1}
                                -0.471    -1.722     5.904     6.564     2.247
--- final:
  8         g      21 [4] (14,15)  13>>11 {+1,-2}
                                -1.424     0.049    -3.406     3.812     0.950
 10         d       1 [9] (23)  >12 {+3}
                                 0.300    -1.562     2.037     2.605     0.325
 11      dbar      -1 [9] (20)  8> {-1}
                                -0.771    -0.160     3.867     3.959     0.325
 12         g      21 [6] (16,17)  10>>13 {+4,-3}
                                 1.089     1.936    -1.857     3.047     0.950
 13         g      21 [7] (18,19)  12>>8 {+2,-4}
                                 0.806    -0.264    -0.641     1.425     0.950
------------------------------------------------------------------------------
     Sum of momenta:            -1e-05    -2e-05    -2e-05      14.8      14.8
------------------------------------------------------------------------------
Step 3 performed by ClusterHadHandler
--- intermediates:
 14         u       2 [8] (20)   {+1}
                                -0.614    -0.234    -2.030     2.158     0.325
 15      ubar      -2 [8] (21)   {-2}
                                -0.810     0.284    -1.376     1.654     0.325
 16         s       3 [12] (22)   {+4}
                                 0.344     0.658    -0.618     1.066     0.450
 17      sbar      -3 [12] (23)   {-3}
                                 0.745     1.278    -1.239     1.982     0.450
 18         u       2 [13] (21)   {+2}
                                 0.110     0.062    -0.451     0.570     0.325
 19      ubar      -2 [13] (22)   {-4}
                                 0.695    -0.326    -0.190     0.855     0.325
 20   Cluster      81 [11,14] (24,25)   
                                -1.384    -0.394     1.837     6.117     5.654
 21   Cluster      81 [15,18] (28,29)   
                                -0.700     0.345    -1.828     2.225     1.000
 22   Cluster      81 [16,19] (30,31)   
                                 1.039     0.332    -0.808     1.920     1.359
 23   Cluster      81 [10,17] (26,27)   
                                 1.045    -0.284     0.798     4.587     4.385
 24   Cluster      81 [20] (32,33)   
                                -0.699    -0.245    -1.257     2.662     2.226
 25   Cluster      81 [20] (34,35)   
                                -0.686    -0.150     3.094     3.455     1.369
 26   Cluster      81 [23] (36,37)   
                                 0.739     1.219    -1.170     2.008     0.793
 27   Cluster      81 [23] (38,39)   
                                 0.306    -1.503     1.968     2.579     0.653
--- final:
 28      rho-    -213 [21] (40,41)   
                                -0.632     0.278    -1.571     1.917     0.855
 29       pi+     211 [21]    
                                -0.068     0.068    -0.257     0.308     0.140
 30        K-    -321 [22]    
                                 0.181     0.237    -0.308     0.654     0.494
 31     omega     223 [22] (44,45)   
                                 0.857     0.095    -0.500     1.267     0.781
 32       f_2     225 [24] (50,51)   
                                -0.559     0.212    -0.198     1.293     1.129
 33      rho+     213 [24] (56,57)   
                                -0.140    -0.457    -1.059     1.369     0.724
 34     omega     223 [25] (60,61)   
                                -0.105     0.134     1.137     1.390     0.781
 35       pi0     111 [25] (66,67)   
                                -0.581    -0.283     1.957     2.065     0.135
 36        K0     311 [26] (68)   
                                 0.443     0.475    -0.557     0.989     0.498
 37       pi0     111 [26] (75,76)   
                                 0.296     0.745    -0.613     1.018     0.135
 38       pi0     111 [27] (77,78)   
                                 0.228    -1.258     1.876     2.274     0.135
 39       pi0     111 [27] (79,80)   
                                 0.079    -0.245     0.092     0.305     0.135
------------------------------------------------------------------------------
     Sum of momenta:            -1e-05    -2e-05    -2e-05      14.8      14.8
------------------------------------------------------------------------------
Step 4 performed by DecayHandler
--- intermediates:
 40       pi0     111 [28] (42,43)   
                                -0.329    -0.174    -0.217     0.451     0.135
 44      rho0     113 [31] (46,47)   
                                 0.760     0.017    -0.205     0.919     0.474
 45       pi0     111 [31] (48,49)   
                                 0.097     0.078    -0.295     0.347     0.135
 50       pi0     111 [32] (52,53)   
                                -0.202    -0.378     0.192     0.489     0.135
 51       pi0     111 [32] (54,55)   
                                -0.357     0.590    -0.390     0.804     0.135
 56       pi0     111 [33] (58,59)   
                                -0.034    -0.179     0.033     0.229     0.135
 60      rho+     213 [34] (62,63)   
                                -0.043     0.209     0.943     1.132     0.589
 62       pi0     111 [60] (64,65)   
                                -0.257    -0.009     0.452     0.537     0.135
 68      K_S0     310 [36] (69,70)   
                                 0.443     0.475    -0.557     0.989     0.498
 69       pi0     111 [68] (71,72)   
                                 0.145     0.443    -0.384     0.619     0.135
 70       pi0     111 [68] (73,74)   
                                 0.297     0.032    -0.173     0.371     0.135
--- final:
 29       pi+     211 [21]    
                                -0.068     0.068    -0.257     0.308     0.140
 30        K-    -321 [22]    
                                 0.181     0.237    -0.308     0.654     0.494
 41       pi-    -211 [28]    
                                -0.303     0.452    -1.354     1.466     0.140
 42     gamma      22 [40]    
                                -0.085    -0.082    -0.132     0.178     0.000
 43     gamma      22 [40]    
                                -0.243    -0.091    -0.084     0.273     0.000
 46       pi+     211 [44]    
                                 0.729     0.052    -0.134     0.755     0.140
 47       pi-    -211 [44]    
                                 0.032    -0.035    -0.072     0.164     0.140
 48     gamma      22 [45]    
                                 0.120     0.095    -0.224     0.271     0.000
 49     gamma      22 [45]    
                                -0.022    -0.017    -0.071     0.076     0.000
 52     gamma      22 [50]    
                                -0.101    -0.216     0.177     0.297     0.000
 53     gamma      22 [50]    
                                -0.102    -0.162     0.015     0.192     0.000
 54     gamma      22 [51]    
                                -0.021     0.127    -0.049     0.137     0.000
 55     gamma      22 [51]    
                                -0.336     0.464    -0.340     0.666     0.000
 57       pi+     211 [33]    
                                -0.105    -0.278    -1.092     1.140     0.140
 58     gamma      22 [56]    
                                 0.004    -0.153    -0.025     0.155     0.000
 59     gamma      22 [56]    
                                -0.038    -0.026     0.058     0.074     0.000
 61       pi-    -211 [34]    
                                -0.062    -0.075     0.194     0.258     0.140
 63       pi+     211 [60]    
                                 0.214     0.218     0.491     0.595     0.140
 64     gamma      22 [62]    
                                -0.234    -0.028     0.295     0.377     0.000
 65     gamma      22 [62]    
                                -0.023     0.019     0.158     0.160     0.000
 66     gamma      22 [35]    
                                -0.552    -0.232     1.828     1.924     0.000
 67     gamma      22 [35]    
                                -0.029    -0.051     0.129     0.141     0.000
 71     gamma      22 [69]    
                                 0.069     0.094    -0.158     0.196     0.000
 72     gamma      22 [69]    
                                 0.076     0.348    -0.226     0.422     0.000
 73     gamma      22 [70]    
                                 0.006     0.036    -0.022     0.043     0.000
 74     gamma      22 [70]    
                                 0.292    -0.004    -0.150     0.328     0.000
 75     gamma      22 [37]    
                                 0.229     0.685    -0.538     0.901     0.000
 76     gamma      22 [37]    
                                 0.068     0.059    -0.075     0.117     0.000
 77     gamma      22 [38]    
                                 0.164    -1.118     1.610     1.966     0.000
 78     gamma      22 [38]    
                                 0.064    -0.140     0.267     0.308     0.000
 79     gamma      22 [39]    
                                -0.026    -0.088     0.068     0.114     0.000
 80     gamma      22 [39]    
                                 0.105    -0.157     0.024     0.191     0.000
------------------------------------------------------------------------------
     Sum of momenta:            -1e-05    -2e-05    -2e-05      14.8      14.8

The following exception classes were reported in this run:
ThePEG::EventHandler::ConsistencyException warning (1 times)
ThePEG::LesHouchesReader::LesHouchesReopenWarning warning (1 times)
