>>>>>>>>>>>>>>>>>>>>>>>>>>>>>>>>>>>>>>>>>>>>>>>>>>>>>>>>>>>>>>>>>>>>>>>>>>>>>>
>>>> Toolkit for HEP Event Generation - ThePEG 2.2.0 <<<<<<<<<<<<<<<<<<<<<<<<<
>>>> Tue Jun 30 00:25:25 2020                                             <<<<
<<<<<<<<<<<<<<<<<<<<<<<<<<<<<<<<<<<<<<<<<<<<<<<<<<<<<<<<<<<<<<<<<<<<<<<<<<<<<<

>> Herwig 7.2.0 / ThePEG 2.2.0

/Herwig/EventHandlers/NoCuts:
MHat  = 2 .. 20.3939 GeV
Scale = 0 .. 1e+12 GeV2
YHat  = -100 .. 100
X1    = 0 .. 1
X2    = 0 .. 1

* A warning exception of type ThePEG::LesHouchesReader::LesHouchesReopenWarning occurred while generating event number 1: 
Reopening LesHouchesReader 'myReader' after accessing 2 events out of 1
* A warning exception of type ThePEG::EventHandler::ConsistencyException occurred while generating event number 1: 
Event handler 'myLesHouchesHandler' found energy-momentum non-conservation by (-1e-05,-2e-05,-2e-05;9.99996e-06) GeV after generating step number 4.

******************************************************************************
Event number 1 (id: ./OUTPUT/0.95MB1.05/1513331030/TMP/Cluster_HERWIGOutput_12) performed by myLesHouchesHandler
Weight: 1
==============================================================================

--- Colliding particles:
  1        e-      11  (3)   
                                 5.098     0.000     0.000     5.098     0.000
  2        e+     -11  (3)   
                                -5.098     0.000    -0.000     5.098     0.000
------------------------------------------------------------------------------
Primary sub-process performed by myReader
--- incoming:
  1        e-      11  (3)   
                                 5.098     0.000     0.000     5.098     0.000
  2        e+     -11  (3)   
                                -5.098     0.000    -0.000     5.098     0.000
--- intermediates:
  3     gamma      22 [1,2] (4..7)   
                                -0.000     0.000    -0.000    10.197    10.197
--- outgoing:
  4         g      21 [3] (8)  7>>7 {+1,-2}
                                -0.921     0.579    -0.644     1.264     0.000
  5         g      21 [3] (9)  6>>6 {+3,-4}
                                 2.236    -3.599    -0.992     4.352     0.000
  6         g      21 [3] (12)  5>>5 {+4,-3}
                                 0.384     2.392     1.262     2.732     0.000
  7         g      21 [3] (13)  4>>4 {+2,-1}
                                -1.699     0.628     0.374     1.850     0.000
------------------------------------------------------------------------------
Step 1 performed by myLesHouchesHandler
--- intermediates:
  1        e-      11  (3)   
                                 5.098     0.000     0.000     5.098     0.000
  2        e+     -11  (3)   
                                -5.098     0.000    -0.000     5.098     0.000
  3     gamma      22 [1,2] (4..7)   
                                -0.000     0.000    -0.000    10.197    10.197
--- final:
  4         g      21 [3] (8)  7>>7 {+1,-2}
                                -0.921     0.579    -0.644     1.264     0.000
  5         g      21 [3] (9)  6>>6 {+3,-4}
                                 2.236    -3.599    -0.992     4.352     0.000
  6         g      21 [3] (12)  5>>5 {+4,-3}
                                 0.384     2.392     1.262     2.732     0.000
  7         g      21 [3] (13)  4>>4 {+2,-1}
                                -1.699     0.628     0.374     1.850     0.000
------------------------------------------------------------------------------
     Sum of momenta:            -2e-05    -2e-05    -2e-05      10.2      10.2
------------------------------------------------------------------------------
Step 2 performed by ShowerHandler
--- intermediates:
  9         g      21 [5] (10,11)   {+3,-4}
                                 1.780    -2.865    -0.790     4.687     3.157
--- final:
  8         g      21 [4] (14,15)  13>>13 {+1,-2}
                                -0.733     0.461    -0.513     1.384     0.950
 10         g      21 [9] (20,21)  12>>11 {+5,-4}
                                 2.009    -0.849    -0.426     2.417     0.950
 11         g      21 [9] (22,23)  10>>12 {+3,-5}
                                -0.229    -2.017    -0.364     2.270     0.950
 12         g      21 [6] (16,17)  11>>10 {+4,-3}
                                 0.306     1.904     1.005     2.373     0.950
 13         g      21 [7] (18,19)  8>>8 {+2,-1}
                                -1.353     0.500     0.298     1.753     0.950
------------------------------------------------------------------------------
     Sum of momenta:            -2e-05    -2e-05    -2e-05      10.2      10.2
------------------------------------------------------------------------------
Step 3 performed by ClusterHadHandler
--- intermediates:
 14         u       2 [8] (24)   {+1}
                                -0.108     0.353    -0.453     0.668     0.325
 15      ubar      -2 [8] (27)   {-2}
                                -0.625     0.108    -0.060     0.715     0.325
 16         u       2 [12] (25)   {+4}
                                 0.056     0.443    -0.001     0.553     0.325
 17      ubar      -2 [12] (28)   {-3}
                                 0.250     1.461     1.006     1.821     0.325
 18         s       3 [13] (28)   {+2}
                                -0.719     0.402     0.097     0.944     0.450
 19      sbar      -3 [13] (24)   {-1}
                                -0.634     0.098     0.201     0.809     0.450
 20         u       2 [10] (26)   {+5}
                                 1.621    -0.813    -0.487     1.906     0.325
 21      ubar      -2 [10] (25)   {-4}
                                 0.388    -0.036     0.061     0.511     0.325
 22         s       3 [11] (27)   {+3}
                                 0.029    -0.907    -0.224     1.037     0.450
 23      sbar      -3 [11] (26)   {-5}
                                -0.258    -1.110    -0.140     1.233     0.450
 24   Cluster      81 [14,19] (31,32)   
                                -0.742     0.451    -0.252     1.477     1.168
 25   Cluster      81 [16,21] (29,30)   
                                 0.444     0.407     0.060     1.064     0.874
 26   Cluster      81 [20,23] (33,34)   
                                 1.363    -1.923    -0.627     3.139     1.976
 27   Cluster      81 [15,22] (35,36)   
                                -0.596    -0.799    -0.284     1.753     1.413
 28   Cluster      81 [17,18] (37,38)   
                                -0.469     1.863     1.103     2.764     1.653
--- final:
 29       pi+     211 [25]    
                                 0.151     0.203     0.438     0.525     0.140
 30       pi-    -211 [25]    
                                 0.293     0.205    -0.378     0.539     0.140
 31       pi+     211 [24]    
                                -0.168     0.461    -0.463     0.689     0.140
 32        K0     311 [24] (39)   
                                -0.573    -0.010     0.212     0.788     0.498
 33      rho+     213 [26] (40,41)   
                                -0.055    -0.434    -0.358     0.875     0.668
 34       K*0     313 [26] (44,45)   
                                 1.418    -1.488    -0.269     2.264     0.910
 35     Kbar0    -311 [27] (46)   
                                -0.070    -0.557     0.396     0.848     0.498
 36       pi-    -211 [27]    
                                -0.526    -0.243    -0.680     0.904     0.140
 37     Kbar0    -311 [28] (49)   
                                -0.325     0.337     0.625     0.926     0.498
 38      rho-    -213 [28] (52,53)   
                                -0.144     1.526     0.478     1.838     0.895
------------------------------------------------------------------------------
     Sum of momenta:            -2e-05    -2e-05    -2e-05      10.2      10.2
------------------------------------------------------------------------------
Step 4 performed by DecayHandler
--- intermediates:
 40       pi0     111 [33] (42,43)   
                                -0.061    -0.530    -0.089     0.557     0.135
 46      K_S0     310 [35] (47,48)   
                                -0.070    -0.557     0.396     0.848     0.498
 49      K_S0     310 [37] (50,51)   
                                -0.325     0.337     0.625     0.926     0.498
 52       pi0     111 [38] (54,55)   
                                -0.192     0.325     0.483     0.628     0.135
--- final:
 29       pi+     211 [25]    
                                 0.151     0.203     0.438     0.525     0.140
 30       pi-    -211 [25]    
                                 0.293     0.205    -0.378     0.539     0.140
 31       pi+     211 [24]    
                                -0.168     0.461    -0.463     0.689     0.140
 36       pi-    -211 [27]    
                                -0.526    -0.243    -0.680     0.904     0.140
 39      K_L0     130 [32]    
                                -0.573    -0.010     0.212     0.788     0.498
 41       pi+     211 [33]    
                                 0.007     0.096    -0.268     0.317     0.140
 42     gamma      22 [40]    
                                 0.025    -0.219    -0.080     0.235     0.000
 43     gamma      22 [40]    
                                -0.086    -0.311    -0.009     0.323     0.000
 44        K+     321 [34]    
                                 0.344    -0.522    -0.091     0.802     0.494
 45       pi-    -211 [34]    
                                 1.074    -0.967    -0.179     1.462     0.140
 47       pi+     211 [46]    
                                -0.163    -0.523     0.370     0.676     0.140
 48       pi-    -211 [46]    
                                 0.092    -0.034     0.026     0.173     0.140
 50       pi+     211 [49]    
                                -0.345     0.067     0.368     0.528     0.140
 51       pi-    -211 [49]    
                                 0.020     0.270     0.257     0.398     0.140
 53       pi-    -211 [38]    
                                 0.048     1.202    -0.005     1.211     0.140
 54     gamma      22 [52]    
                                 0.018     0.047     0.044     0.067     0.000
 55     gamma      22 [52]    
                                -0.211     0.277     0.440     0.561     0.000
------------------------------------------------------------------------------
     Sum of momenta:            -2e-05    -2e-05    -2e-05      10.2      10.2

The following exception classes were reported in this run:
ThePEG::EventHandler::ConsistencyException warning (1 times)
ThePEG::LesHouchesReader::LesHouchesReopenWarning warning (1 times)
