>>>>>>>>>>>>>>>>>>>>>>>>>>>>>>>>>>>>>>>>>>>>>>>>>>>>>>>>>>>>>>>>>>>>>>>>>>>>>>
>>>> Toolkit for HEP Event Generation - ThePEG 2.2.0 <<<<<<<<<<<<<<<<<<<<<<<<<
>>>> Tue Jun 30 00:27:56 2020                                             <<<<
<<<<<<<<<<<<<<<<<<<<<<<<<<<<<<<<<<<<<<<<<<<<<<<<<<<<<<<<<<<<<<<<<<<<<<<<<<<<<<

>> Herwig 7.2.0 / ThePEG 2.2.0

/Herwig/EventHandlers/NoCuts:
MHat  = 2 .. 23.4328 GeV
Scale = 0 .. 1e+12 GeV2
YHat  = -100 .. 100
X1    = 0 .. 1
X2    = 0 .. 1

* A warning exception of type ThePEG::LesHouchesReader::LesHouchesReopenWarning occurred while generating event number 1: 
Reopening LesHouchesReader 'myReader' after accessing 2 events out of 1
* A warning exception of type ThePEG::EventHandler::ConsistencyException occurred while generating event number 1: 
Event handler 'myLesHouchesHandler' found energy-momentum non-conservation by (-3e-05,-2e-05,-3e-05;1.99999e-05) GeV after generating step number 4.

******************************************************************************
Event number 1 (id: ./OUTPUT/0.95MB1.05/1514657236/TMP/Cluster_HERWIGOutput_15) performed by myLesHouchesHandler
Weight: 1
==============================================================================

--- Colliding particles:
  1        e-      11  (3)   
                                 5.858     0.000     0.000     5.858     0.000
  2        e+     -11  (3)   
                                -5.858     0.000     0.000     5.858     0.000
------------------------------------------------------------------------------
Primary sub-process performed by myReader
--- incoming:
  1        e-      11  (3)   
                                 5.858     0.000     0.000     5.858     0.000
  2        e+     -11  (3)   
                                -5.858     0.000     0.000     5.858     0.000
--- intermediates:
  3     gamma      22 [1,2] (4..8)   
                                 0.000     0.000     0.000    11.716    11.716
--- outgoing:
  4         g      21 [3] (9)  7>>5 {+1,-2}
                                -0.750    -1.149     1.546     2.067     0.000
  5         g      21 [3] (12)  4>>8 {+3,-1}
                                -0.582    -1.444     0.198     1.569     0.000
  6         g      21 [3] (13)  8>>7 {+4,-5}
                                -1.224    -0.139     0.024     1.232     0.000
  7         g      21 [3] (14)  6>>4 {+2,-4}
                                 3.921     0.436    -1.074     4.089     0.000
  8         g      21 [3] (17)  5>>6 {+5,-3}
                                -1.366     2.295    -0.693     2.760     0.000
------------------------------------------------------------------------------
Step 1 performed by myLesHouchesHandler
--- intermediates:
  1        e-      11  (3)   
                                 5.858     0.000     0.000     5.858     0.000
  2        e+     -11  (3)   
                                -5.858     0.000     0.000     5.858     0.000
  3     gamma      22 [1,2] (4..8)   
                                 0.000     0.000     0.000    11.716    11.716
--- final:
  4         g      21 [3] (9)  7>>5 {+1,-2}
                                -0.750    -1.149     1.546     2.067     0.000
  5         g      21 [3] (12)  4>>8 {+3,-1}
                                -0.582    -1.444     0.198     1.569     0.000
  6         g      21 [3] (13)  8>>7 {+4,-5}
                                -1.224    -0.139     0.024     1.232     0.000
  7         g      21 [3] (14)  6>>4 {+2,-4}
                                 3.921     0.436    -1.074     4.089     0.000
  8         g      21 [3] (17)  5>>6 {+5,-3}
                                -1.366     2.295    -0.693     2.760     0.000
------------------------------------------------------------------------------
     Sum of momenta:            -3e-05    -2e-05    -3e-05      11.7      11.7
------------------------------------------------------------------------------
Step 2 performed by ShowerHandler
--- intermediates:
  9         g      21 [4] (10,11)   {+1,-2}
                                -0.477    -0.731     0.983     3.092     2.798
 14         g      21 [7] (15,16)   {+2,-4}
                                 2.495     0.278    -0.683     4.019     3.063
--- final:
 10         g      21 [9] (24,25)  15>>11 {+6,-2}
                                -0.093     0.174    -0.486     1.085     0.950
 11         g      21 [9] (26,27)  10>>12 {+1,-6}
                                -0.384    -0.905     1.469     2.007     0.950
 12         g      21 [5] (18,19)  11>>17 {+3,-1}
                                -0.370    -0.919     0.126     1.378     0.950
 13         g      21 [6] (20,21)  17>>16 {+4,-5}
                                -0.779    -0.089     0.015     1.232     0.950
 15         g      21 [14] (28,29)  16>>10 {+2,-7}
                                 0.171     0.317    -1.073     1.478     0.950
 16         g      21 [14] (30,31)  13>>15 {+7,-4}
                                 2.324    -0.039     0.390     2.541     0.950
 17         g      21 [8] (22,23)  12>>13 {+5,-3}
                                -0.869     1.460    -0.441     1.996     0.950
------------------------------------------------------------------------------
     Sum of momenta:            -3e-05    -2e-05    -3e-05      11.7      11.7
------------------------------------------------------------------------------
Step 3 performed by ClusterHadHandler
--- intermediates:
 18         u       2 [12] (37)   {+3}
                                 0.006    -0.793     0.038     0.858     0.325
 19      ubar      -2 [12] (32)   {-1}
                                -0.376    -0.126     0.088     0.520     0.325
 20         d       1 [13] (38)   {+4}
                                -0.570     0.179     0.226     0.716     0.325
 21      dbar      -1 [13] (33)   {-5}
                                -0.209    -0.267    -0.211     0.515     0.325
 22         s       3 [17] (33)   {+5}
                                -0.442     0.546    -0.278     0.879     0.450
 23      sbar      -3 [17] (38)   {-3}
                                -0.427     0.914    -0.163     1.117     0.450
 24         u       2 [10] (34)   {+6}
                                 0.168     0.065     0.074     0.379     0.325
 25      ubar      -2 [10] (35)   {-2}
                                -0.261     0.109    -0.560     0.706     0.325
 26         u       2 [11] (32)   {+1}
                                -0.526    -0.547     0.674     1.065     0.325
 27      ubar      -2 [11] (34)   {-6}
                                 0.142    -0.359     0.795     0.941     0.325
 28         s       3 [15] (35)   {+2}
                                 0.080     0.144    -0.311     0.571     0.450
 29      sbar      -3 [15] (36)   {-7}
                                 0.091     0.173    -0.762     0.907     0.450
 30         u       2 [16] (36)   {+7}
                                 1.916    -0.003     0.107     1.946     0.325
 31      ubar      -2 [16] (37)   {-4}
                                 0.408    -0.036     0.284     0.595     0.325
 32   Cluster      81 [19,26] (39,40)   
                                -0.902    -0.672     0.762     1.586     0.818
 33   Cluster      81 [21,22] (43,44)   
                                -0.650     0.279    -0.489     1.394     1.097
 34   Cluster      81 [24,27] (47,48)   
                                 0.310    -0.293     0.869     1.320     0.898
 35   Cluster      81 [25,28] (45,46)   
                                -0.182     0.253    -0.870     1.277     0.882
 36   Cluster      81 [29,30] (51,52)   
                                 2.007     0.169    -0.656     2.853     1.911
 37   Cluster      81 [18,31] (41,42)   
                                 0.414    -0.829     0.322     1.453     1.071
 38   Cluster      81 [20,23] (49,50)   
                                -0.997     1.093     0.063     1.833     1.081
--- final:
 39       pi-    -211 [32]    
                                -0.184     0.003     0.509     0.559     0.140
 40       pi+     211 [32]    
                                -0.718    -0.675     0.253     1.027     0.140
 41       pi+     211 [37]    
                                -0.217    -0.348     0.042     0.436     0.140
 42      rho-    -213 [37] (53,54)   
                                 0.632    -0.481     0.280     1.017     0.571
 43       pi0     111 [33] (57,58)   
                                -0.510     0.374    -0.570     0.862     0.135
 44     Kbar0    -311 [33] (59)   
                                -0.140    -0.095     0.081     0.532     0.498
 45       pi0     111 [35] (62,63)   
                                -0.033     0.345    -0.185     0.415     0.135
 46        K-    -321 [35]    
                                -0.148    -0.091    -0.686     0.862     0.494
 47       pi0     111 [34] (64,65)   
                                 0.280     0.152     0.014     0.346     0.135
 48       pi0     111 [34] (66,67)   
                                 0.030    -0.445     0.855     0.974     0.135
 49       pi-    -211 [38]    
                                -0.676     0.197     0.218     0.750     0.140
 50        K+     321 [38]    
                                -0.321     0.896    -0.155     1.083     0.494
 51        K+     321 [36]    
                                 0.300     0.168    -0.199     0.633     0.494
 52       f_2     225 [36] (68,69)   
                                 1.707     0.001    -0.457     2.219     1.342
------------------------------------------------------------------------------
     Sum of momenta:            -3e-05    -2e-05    -3e-05      11.7      11.7
------------------------------------------------------------------------------
Step 4 performed by DecayHandler
--- intermediates:
 53       pi0     111 [42] (55,56)   
                                 0.576    -0.327     0.015     0.676     0.135
 59      K_S0     310 [44] (60,61)   
                                -0.140    -0.095     0.081     0.532     0.498
 68       pi0     111 [52] (70,71)   
                                 0.838     0.577    -0.549     1.164     0.135
 69       pi0     111 [52] (72,73)   
                                 0.869    -0.576     0.092     1.055     0.135
--- final:
 39       pi-    -211 [32]    
                                -0.184     0.003     0.509     0.559     0.140
 40       pi+     211 [32]    
                                -0.718    -0.675     0.253     1.027     0.140
 41       pi+     211 [37]    
                                -0.217    -0.348     0.042     0.436     0.140
 46        K-    -321 [35]    
                                -0.148    -0.091    -0.686     0.862     0.494
 49       pi-    -211 [38]    
                                -0.676     0.197     0.218     0.750     0.140
 50        K+     321 [38]    
                                -0.321     0.896    -0.155     1.083     0.494
 51        K+     321 [36]    
                                 0.300     0.168    -0.199     0.633     0.494
 54       pi-    -211 [42]    
                                 0.056    -0.154     0.265     0.341     0.140
 55     gamma      22 [53]    
                                 0.552    -0.326     0.038     0.642     0.000
 56     gamma      22 [53]    
                                 0.024    -0.001    -0.024     0.033     0.000
 57     gamma      22 [43]    
                                -0.410     0.256    -0.488     0.687     0.000
 58     gamma      22 [43]    
                                -0.100     0.118    -0.082     0.175     0.000
 60       pi+     211 [59]    
                                -0.075    -0.163     0.218     0.315     0.140
 61       pi-    -211 [59]    
                                -0.066     0.067    -0.137     0.217     0.140
 62     gamma      22 [45]    
                                 0.024     0.244    -0.078     0.257     0.000
 63     gamma      22 [45]    
                                -0.058     0.101    -0.107     0.158     0.000
 64     gamma      22 [47]    
                                 0.289     0.139    -0.006     0.321     0.000
 65     gamma      22 [47]    
                                -0.009     0.013     0.020     0.025     0.000
 66     gamma      22 [48]    
                                 0.017    -0.406     0.834     0.928     0.000
 67     gamma      22 [48]    
                                 0.013    -0.039     0.021     0.046     0.000
 70     gamma      22 [68]    
                                 0.190     0.072    -0.083     0.219     0.000
 71     gamma      22 [68]    
                                 0.649     0.505    -0.467     0.945     0.000
 72     gamma      22 [69]    
                                 0.595    -0.464     0.084     0.760     0.000
 73     gamma      22 [69]    
                                 0.274    -0.112     0.008     0.296     0.000
------------------------------------------------------------------------------
     Sum of momenta:            -3e-05    -2e-05    -3e-05      11.7      11.7

The following exception classes were reported in this run:
ThePEG::EventHandler::ConsistencyException warning (1 times)
ThePEG::LesHouchesReader::LesHouchesReopenWarning warning (1 times)
