>>>>>>>>>>>>>>>>>>>>>>>>>>>>>>>>>>>>>>>>>>>>>>>>>>>>>>>>>>>>>>>>>>>>>>>>>>>>>>
>>>> Toolkit for HEP Event Generation - ThePEG 2.2.0 <<<<<<<<<<<<<<<<<<<<<<<<<
>>>> Tue Jun 30 00:41:32 2020                                             <<<<
<<<<<<<<<<<<<<<<<<<<<<<<<<<<<<<<<<<<<<<<<<<<<<<<<<<<<<<<<<<<<<<<<<<<<<<<<<<<<<

>> Herwig 7.2.0 / ThePEG 2.2.0

/Herwig/EventHandlers/NoCuts:
MHat  = 2 .. 15.6391 GeV
Scale = 0 .. 1e+12 GeV2
YHat  = -100 .. 100
X1    = 0 .. 1
X2    = 0 .. 1

* A warning exception of type ThePEG::LesHouchesReader::LesHouchesReopenWarning occurred while generating event number 1: 
Reopening LesHouchesReader 'myReader' after accessing 2 events out of 1
* A warning exception of type ThePEG::EventHandler::ConsistencyException occurred while generating event number 1: 
Event handler 'myLesHouchesHandler' found energy-momentum non-conservation by (-1e-05,-3e-05,-2e-05;-1.95766e-10) GeV after generating step number 4.

******************************************************************************
Event number 1 (id: ./OUTPUT/0.95MB1.05/1511395746/TMP/Cluster_HERWIGOutput_13) performed by myLesHouchesHandler
Weight: 1
==============================================================================

--- Colliding particles:
  1        e-      11  (3)   
                                 3.910     0.000    -0.000     3.910     0.000
  2        e+     -11  (3)   
                                -3.910     0.000     0.000     3.910     0.000
------------------------------------------------------------------------------
Primary sub-process performed by myReader
--- incoming:
  1        e-      11  (3)   
                                 3.910     0.000    -0.000     3.910     0.000
  2        e+     -11  (3)   
                                -3.910     0.000     0.000     3.910     0.000
--- intermediates:
  3     gamma      22 [1,2] (4..8)   
                                 0.000     0.000     0.000     7.820     7.820
--- outgoing:
  4         g      21 [3] (9)  6>>5 {+1,-2}
                                 0.337     0.214    -0.308     0.505     0.000
  5         g      21 [3] (10)  4>>6 {+3,-1}
                                 0.598    -0.757     0.400     1.045     0.000
  6         g      21 [3] (11)  5>>4 {+2,-3}
                                 1.617    -0.528     1.965     2.599     0.000
  7         g      21 [3] (12)  8>>8 {+4,-5}
                                -1.509     1.223    -1.623     2.531     0.000
  8         g      21 [3] (13)  7>>7 {+5,-4}
                                -1.043    -0.153    -0.434     1.140     0.000
------------------------------------------------------------------------------
Step 1 performed by myLesHouchesHandler
--- intermediates:
  1        e-      11  (3)   
                                 3.910     0.000    -0.000     3.910     0.000
  2        e+     -11  (3)   
                                -3.910     0.000     0.000     3.910     0.000
  3     gamma      22 [1,2] (4..8)   
                                 0.000     0.000     0.000     7.820     7.820
--- final:
  4         g      21 [3] (9)  6>>5 {+1,-2}
                                 0.337     0.214    -0.308     0.505     0.000
  5         g      21 [3] (10)  4>>6 {+3,-1}
                                 0.598    -0.757     0.400     1.045     0.000
  6         g      21 [3] (11)  5>>4 {+2,-3}
                                 1.617    -0.528     1.965     2.599     0.000
  7         g      21 [3] (12)  8>>8 {+4,-5}
                                -1.509     1.223    -1.623     2.531     0.000
  8         g      21 [3] (13)  7>>7 {+5,-4}
                                -1.043    -0.153    -0.434     1.140     0.000
------------------------------------------------------------------------------
     Sum of momenta:            -2e-05    -3e-05    -2e-05      7.82      7.82
------------------------------------------------------------------------------
Step 2 performed by ShowerHandler
--- final:
  9         g      21 [4] (14,15)  11>>10 {+1,-2}
                                 0.253     0.161    -0.231     1.023     0.950
 10         g      21 [5] (16,17)  9>>11 {+3,-1}
                                 0.448    -0.568     0.300     1.231     0.950
 11         g      21 [6] (18,19)  10>>9 {+2,-3}
                                 1.212    -0.395     1.472     2.167     0.950
 12         g      21 [7] (20,21)  13>>13 {+4,-5}
                                -1.131     0.917    -1.216     2.121     0.950
 13         g      21 [8] (22,23)  12>>12 {+5,-4}
                                -0.782    -0.114    -0.325     1.278     0.950
------------------------------------------------------------------------------
     Sum of momenta:            -2e-05    -3e-05    -2e-05      7.82      7.82
------------------------------------------------------------------------------
Step 3 performed by ClusterHadHandler
--- intermediates:
 14         s       3 [9] (24)   {+1}
                                 0.006     0.116    -0.201     0.506     0.450
 15      sbar      -3 [9] (25)   {-2}
                                 0.247     0.044    -0.030     0.516     0.450
 16         d       1 [10] (26)   {+3}
                                 0.241    -0.352    -0.192     0.570     0.325
 17      dbar      -1 [10] (24)   {-1}
                                 0.207    -0.215     0.492     0.661     0.325
 18         d       1 [11] (25)   {+2}
                                 0.057    -0.019     0.267     0.425     0.325
 19      dbar      -1 [11] (26)   {-3}
                                 1.155    -0.377     1.206     1.742     0.325
 20         u       2 [12] (27)   {+4}
                                -0.624     0.890    -0.835     1.408     0.325
 21      ubar      -2 [12] (28)   {-5}
                                -0.507     0.027    -0.381     0.713     0.325
 22         s       3 [13] (28)   {+5}
                                -0.315    -0.035    -0.006     0.550     0.450
 23      sbar      -3 [13] (27)   {-4}
                                -0.467    -0.079    -0.320     0.728     0.450
 24   Cluster      81 [14,17] (31,32)   
                                 0.213    -0.099     0.291     1.168     1.106
 25   Cluster      81 [15,18] (33,34)   
                                 0.304     0.026     0.237     0.941     0.858
 26   Cluster      81 [16,19] (29,30)   
                                 1.396    -0.729     1.013     2.312     1.356
 27   Cluster      81 [20,23] (37,38)   
                                -1.091     0.810    -1.154     2.136     1.175
 28   Cluster      81 [21,22] (35,36)   
                                -0.822    -0.008    -0.387     1.264     0.878
--- final:
 29       pi-    -211 [26]    
                                 0.247    -0.214     0.333     0.487     0.140
 30      rho+     213 [26] (39,40)   
                                 1.148    -0.515     0.681     1.825     1.133
 31        K-    -321 [24]    
                                -0.249     0.123     0.011     0.567     0.494
 32       pi+     211 [24]    
                                 0.462    -0.222     0.281     0.601     0.140
 33        K+     321 [25]    
                                 0.110    -0.181    -0.015     0.537     0.494
 34       pi-    -211 [25]    
                                 0.193     0.206     0.251     0.403     0.140
 35       pi-    -211 [28]    
                                -0.333    -0.026    -0.433     0.565     0.140
 36     Kbar0    -311 [28] (43)   
                                -0.488     0.019     0.046     0.699     0.498
 37       pi+     211 [27]    
                                -0.424     0.242    -0.481     0.699     0.140
 38       K*0     313 [27] (44,45)   
                                -0.667     0.568    -0.674     1.436     0.917
------------------------------------------------------------------------------
     Sum of momenta:            -2e-05    -3e-05    -2e-05      7.82      7.82
------------------------------------------------------------------------------
Step 4 performed by DecayHandler
--- intermediates:
 39       pi0     111 [30] (41,42)   
                                 0.046     0.288     0.111     0.340     0.135
--- final:
 29       pi-    -211 [26]    
                                 0.247    -0.214     0.333     0.487     0.140
 31        K-    -321 [24]    
                                -0.249     0.123     0.011     0.567     0.494
 32       pi+     211 [24]    
                                 0.462    -0.222     0.281     0.601     0.140
 33        K+     321 [25]    
                                 0.110    -0.181    -0.015     0.537     0.494
 34       pi-    -211 [25]    
                                 0.193     0.206     0.251     0.403     0.140
 35       pi-    -211 [28]    
                                -0.333    -0.026    -0.433     0.565     0.140
 37       pi+     211 [27]    
                                -0.424     0.242    -0.481     0.699     0.140
 40       pi+     211 [30]    
                                 1.103    -0.803     0.569     1.485     0.140
 41     gamma      22 [39]    
                                 0.036     0.006    -0.001     0.036     0.000
 42     gamma      22 [39]    
                                 0.010     0.282     0.112     0.304     0.000
 43      K_L0     130 [36]    
                                -0.488     0.019     0.046     0.699     0.498
 44        K+     321 [38]    
                                -0.366     0.442    -0.759     1.072     0.494
 45       pi-    -211 [38]    
                                -0.301     0.126     0.085     0.365     0.140
------------------------------------------------------------------------------
     Sum of momenta:            -2e-05    -3e-05    -2e-05      7.82      7.82

The following exception classes were reported in this run:
ThePEG::EventHandler::ConsistencyException warning (1 times)
ThePEG::LesHouchesReader::LesHouchesReopenWarning warning (1 times)
