>>>>>>>>>>>>>>>>>>>>>>>>>>>>>>>>>>>>>>>>>>>>>>>>>>>>>>>>>>>>>>>>>>>>>>>>>>>>>>
>>>> Toolkit for HEP Event Generation - ThePEG 2.2.0 <<<<<<<<<<<<<<<<<<<<<<<<<
>>>> Tue Jun 30 00:43:00 2020                                             <<<<
<<<<<<<<<<<<<<<<<<<<<<<<<<<<<<<<<<<<<<<<<<<<<<<<<<<<<<<<<<<<<<<<<<<<<<<<<<<<<<

>> Herwig 7.2.0 / ThePEG 2.2.0

/Herwig/EventHandlers/NoCuts:
MHat  = 2 .. 29.3124 GeV
Scale = 0 .. 1e+12 GeV2
YHat  = -100 .. 100
X1    = 0 .. 1
X2    = 0 .. 1

* A warning exception of type ThePEG::LesHouchesReader::LesHouchesReopenWarning occurred while generating event number 1: 
Reopening LesHouchesReader 'myReader' after accessing 2 events out of 1
* A warning exception of type ThePEG::EventHandler::ConsistencyException occurred while generating event number 1: 
Event handler 'myLesHouchesHandler' found energy-momentum non-conservation by (-2e-05,-3e-05,-2e-05;1.99991e-05) GeV after generating step number 4.

******************************************************************************
Event number 1 (id: ./OUTPUT/0.95MB1.05/1512750994/TMP/Cluster_HERWIGOutput_34) performed by myLesHouchesHandler
Weight: 1
==============================================================================

--- Colliding particles:
  1        e-      11  (3)   
                                 7.328     0.000     0.000     7.328     0.000
  2        e+     -11  (3)   
                                -7.328     0.000     0.000     7.328     0.000
------------------------------------------------------------------------------
Primary sub-process performed by myReader
--- incoming:
  1        e-      11  (3)   
                                 7.328     0.000     0.000     7.328     0.000
  2        e+     -11  (3)   
                                -7.328     0.000     0.000     7.328     0.000
--- intermediates:
  3     gamma      22 [1,2] (4..7)   
                                 0.000     0.000     0.000    14.656    14.656
--- outgoing:
  4         g      21 [3] (8)  7>>6 {+1,-2}
                                -0.412    -0.291    -0.057     0.507     0.000
  5         g      21 [3] (9)  6>>7 {+3,-4}
                                 0.435     1.857     5.541     5.860     0.000
  6         g      21 [3] (12)  4>>5 {+4,-1}
                                 0.356    -2.765    -0.133     2.791     0.000
  7         g      21 [3] (13)  5>>4 {+2,-3}
                                -0.379     1.199    -5.352     5.498     0.000
------------------------------------------------------------------------------
Step 1 performed by myLesHouchesHandler
--- intermediates:
  1        e-      11  (3)   
                                 7.328     0.000     0.000     7.328     0.000
  2        e+     -11  (3)   
                                -7.328     0.000     0.000     7.328     0.000
  3     gamma      22 [1,2] (4..7)   
                                 0.000     0.000     0.000    14.656    14.656
--- final:
  4         g      21 [3] (8)  7>>6 {+1,-2}
                                -0.412    -0.291    -0.057     0.507     0.000
  5         g      21 [3] (9)  6>>7 {+3,-4}
                                 0.435     1.857     5.541     5.860     0.000
  6         g      21 [3] (12)  4>>5 {+4,-1}
                                 0.356    -2.765    -0.133     2.791     0.000
  7         g      21 [3] (13)  5>>4 {+2,-3}
                                -0.379     1.199    -5.352     5.498     0.000
------------------------------------------------------------------------------
     Sum of momenta:            -2e-05    -3e-05    -2e-05      14.7      14.7
------------------------------------------------------------------------------
Step 2 performed by ShowerHandler
--- intermediates:
  9         g      21 [5] (10,11)   {+3,-4}
                                 0.382     1.628     4.859     6.068     3.228
--- final:
  8         g      21 [4] (14,15)  13>>12 {+1,-2}
                                -0.361    -0.255    -0.050     1.049     0.950
 10         g      21 [9] (20,21)  12>>11 {+5,-4}
                                 1.431     0.686     1.876     2.634     0.950
 11         g      21 [9] (22,23)  10>>13 {+3,-5}
                                -1.050     0.943     2.983     3.434     0.950
 12         g      21 [6] (16,17)  8>>10 {+4,-1}
                                 0.312    -2.425    -0.116     2.625     0.950
 13         g      21 [7] (18,19)  11>>8 {+2,-3}
                                -0.333     1.051    -4.693     4.914     0.950
------------------------------------------------------------------------------
     Sum of momenta:            -2e-05    -3e-05    -2e-05      14.7      14.7
------------------------------------------------------------------------------
Step 3 performed by ClusterHadHandler
--- intermediates:
 14         u       2 [8] (24)   {+1}
                                 0.092     0.015    -0.223     0.405     0.325
 15      ubar      -2 [8] (25)   {-2}
                                -0.453    -0.270     0.174     0.644     0.325
 16         u       2 [12] (26)   {+4}
                                 0.152    -1.627    -0.383     1.709     0.325
 17      ubar      -2 [12] (24)   {-1}
                                 0.160    -0.798     0.267     0.916     0.325
 18         s       3 [13] (25)   {+2}
                                -0.201     0.746    -2.768     2.908     0.450
 19      sbar      -3 [13] (27)   {-3}
                                -0.132     0.305    -1.925     2.005     0.450
 20         u       2 [10] (28)   {+5}
                                 0.829     0.088     0.637     1.098     0.325
 21      ubar      -2 [10] (26)   {-4}
                                 0.603     0.597     1.239     1.536     0.325
 22         s       3 [11] (27)   {+3}
                                -0.322     0.452     1.249     1.439     0.450
 23      sbar      -3 [11] (28)   {-5}
                                -0.728     0.491     1.734     1.995     0.450
 24   Cluster      81 [14,17] (31,32)   
                                 0.252    -0.783     0.043     1.321     1.033
 25   Cluster      81 [15,18] (37,38)   
                                -0.654     0.476    -2.594     3.552     2.288
 26   Cluster      81 [16,21] (29,30)   
                                 0.755    -1.030     0.856     3.246     2.859
 27   Cluster      81 [19,22] (35,36)   
                                -0.454     0.757    -0.676     3.444     3.260
 28   Cluster      81 [20,23] (33,34)   
                                 0.100     0.579     2.371     3.093     1.897
--- final:
 29       pi+     211 [26]    
                                 0.336    -0.472    -0.167     0.619     0.140
 30    rho_3-    -217 [26] (39,40)   
                                 0.419    -0.557     1.022     2.627     2.317
 31     omega     223 [24] (43,44)   
                                 0.122    -0.687    -0.129     1.049     0.773
 32       pi0     111 [24] (49,50)   
                                 0.130    -0.095     0.172     0.272     0.135
 33       pi+     211 [28]    
                                 0.177     0.067     0.952     0.981     0.140
 34     K'_10   20313 [28] (51,52)   
                                -0.076     0.512     1.419     2.113     1.477
 35       K*0     313 [27] (66,67)   
                                -0.858     0.641    -1.640     2.121     0.813
 36    K*bar0    -313 [27] (68,69)   
                                 0.404     0.116     0.964     1.323     0.803
 37       pi-    -211 [25]    
                                -0.212     0.216    -0.629     0.712     0.140
 38  K''*bar0  -30313 [25] (79,80)   
                                -0.442     0.260    -1.965     2.840     1.986
------------------------------------------------------------------------------
     Sum of momenta:            -2e-05    -3e-05    -2e-05      14.7      14.7
------------------------------------------------------------------------------
Step 4 performed by DecayHandler
--- intermediates:
 40       pi0     111 [30] (41,42)   
                                 0.428    -1.327     0.081     1.403     0.135
 43      rho0     113 [31] (45,46)   
                                 0.061    -0.650    -0.033     0.869     0.573
 44       pi0     111 [31] (47,48)   
                                 0.061    -0.037    -0.095     0.180     0.135
 51       K*0     313 [34] (53,54)   
                                 0.321     0.504     0.687     1.268     0.883
 52       pi0     111 [34] (64,65)   
                                -0.398     0.008     0.732     0.844     0.135
 53        K0     311 [51] (55)   
                                -0.074     0.169     0.358     0.640     0.498
 54       pi0     111 [51] (62,63)   
                                 0.396     0.334     0.329     0.628     0.135
 55      K_S0     310 [53] (56,57)   
                                -0.074     0.169     0.358     0.640     0.498
 56       pi0     111 [55] (58,59)   
                                 0.146     0.100     0.288     0.364     0.135
 57       pi0     111 [55] (60,61)   
                                -0.220     0.069     0.071     0.277     0.135
 68     Kbar0    -311 [36] (70)   
                                 0.059     0.140     0.442     0.683     0.498
 69       pi0     111 [36] (77,78)   
                                 0.346    -0.024     0.522     0.641     0.135
 70      K_S0     310 [68] (71,72)   
                                 0.059     0.140     0.442     0.683     0.498
 71       pi0     111 [70] (73,74)   
                                 0.175    -0.062     0.301     0.378     0.135
 72       pi0     111 [70] (75,76)   
                                -0.116     0.202     0.141     0.304     0.135
--- final:
 29       pi+     211 [26]    
                                 0.336    -0.472    -0.167     0.619     0.140
 33       pi+     211 [28]    
                                 0.177     0.067     0.952     0.981     0.140
 37       pi-    -211 [25]    
                                -0.212     0.216    -0.629     0.712     0.140
 39       pi-    -211 [30]    
                                -0.008     0.770     0.941     1.224     0.140
 41     gamma      22 [40]    
                                 0.206    -0.561    -0.028     0.599     0.000
 42     gamma      22 [40]    
                                 0.222    -0.766     0.109     0.805     0.000
 45       pi+     211 [43]    
                                 0.183    -0.058    -0.070     0.248     0.140
 46       pi-    -211 [43]    
                                -0.122    -0.592     0.036     0.622     0.140
 47     gamma      22 [44]    
                                 0.031    -0.003     0.032     0.045     0.000
 48     gamma      22 [44]    
                                 0.030    -0.034    -0.127     0.135     0.000
 49     gamma      22 [32]    
                                 0.088    -0.089     0.037     0.130     0.000
 50     gamma      22 [32]    
                                 0.042    -0.007     0.135     0.141     0.000
 58     gamma      22 [56]    
                                 0.051     0.083     0.055     0.112     0.000
 59     gamma      22 [56]    
                                 0.095     0.017     0.232     0.251     0.000
 60     gamma      22 [57]    
                                -0.057     0.079     0.055     0.112     0.000
 61     gamma      22 [57]    
                                -0.164    -0.010     0.015     0.165     0.000
 62     gamma      22 [54]    
                                 0.279     0.294     0.291     0.499     0.000
 63     gamma      22 [54]    
                                 0.117     0.040     0.038     0.129     0.000
 64     gamma      22 [52]    
                                 0.006     0.013     0.045     0.047     0.000
 65     gamma      22 [52]    
                                -0.404    -0.005     0.687     0.797     0.000
 66        K+     321 [35]    
                                -0.764     0.392    -0.970     1.387     0.494
 67       pi-    -211 [35]    
                                -0.094     0.248    -0.670     0.734     0.140
 73     gamma      22 [71]    
                                 0.064    -0.083     0.086     0.136     0.000
 74     gamma      22 [71]    
                                 0.111     0.021     0.214     0.242     0.000
 75     gamma      22 [72]    
                                -0.092     0.048     0.098     0.143     0.000
 76     gamma      22 [72]    
                                -0.025     0.154     0.044     0.162     0.000
 77     gamma      22 [69]    
                                 0.189     0.049     0.323     0.378     0.000
 78     gamma      22 [69]    
                                 0.157    -0.072     0.198     0.263     0.000
 79        K-    -321 [38]    
                                -0.622     0.802    -1.949     2.252     0.494
 80       pi+     211 [38]    
                                 0.179    -0.542    -0.016     0.588     0.140
------------------------------------------------------------------------------
     Sum of momenta:            -2e-05    -3e-05    -2e-05      14.7      14.7

The following exception classes were reported in this run:
ThePEG::EventHandler::ConsistencyException warning (1 times)
ThePEG::LesHouchesReader::LesHouchesReopenWarning warning (1 times)
