>>>>>>>>>>>>>>>>>>>>>>>>>>>>>>>>>>>>>>>>>>>>>>>>>>>>>>>>>>>>>>>>>>>>>>>>>>>>>>
>>>> Toolkit for HEP Event Generation - ThePEG 2.2.0 <<<<<<<<<<<<<<<<<<<<<<<<<
>>>> Tue Jun 30 00:48:34 2020                                             <<<<
<<<<<<<<<<<<<<<<<<<<<<<<<<<<<<<<<<<<<<<<<<<<<<<<<<<<<<<<<<<<<<<<<<<<<<<<<<<<<<

>> Herwig 7.2.0 / ThePEG 2.2.0

/Herwig/EventHandlers/NoCuts:
MHat  = 2 .. 17.758 GeV
Scale = 0 .. 1e+12 GeV2
YHat  = -100 .. 100
X1    = 0 .. 1
X2    = 0 .. 1

* A warning exception of type ThePEG::LesHouchesReader::LesHouchesReopenWarning occurred while generating event number 1: 
Reopening LesHouchesReader 'myReader' after accessing 2 events out of 1
* A warning exception of type ThePEG::EventHandler::ConsistencyException occurred while generating event number 1: 
Event handler 'myLesHouchesHandler' found energy-momentum non-conservation by (-1e-05,-2e-05,-1e-05;1.99995e-05) GeV after generating step number 4.

******************************************************************************
Event number 1 (id: ./OUTPUT/0.95MB1.05/1512366534/TMP/Cluster_HERWIGOutput_22) performed by myLesHouchesHandler
Weight: 1
==============================================================================

--- Colliding particles:
  1        e-      11  (3)   
                                 4.439     0.000     0.000     4.440     0.000
  2        e+     -11  (3)   
                                -4.440     0.000    -0.000     4.440     0.000
------------------------------------------------------------------------------
Primary sub-process performed by myReader
--- incoming:
  1        e-      11  (3)   
                                 4.439     0.000     0.000     4.440     0.000
  2        e+     -11  (3)   
                                -4.440     0.000    -0.000     4.440     0.000
--- intermediates:
  3     gamma      22 [1,2] (4..7)   
                                -0.000     0.000     0.000     8.879     8.879
--- outgoing:
  4         g      21 [3] (8)  5>>6 {+1,-2}
                                 1.278     3.595    -1.135     3.980     0.000
  5         g      21 [3] (9)  7>>4 {+2,-3}
                                -0.931    -0.285     0.369     1.041     0.000
  6         g      21 [3] (10)  4>>7 {+4,-1}
                                -0.491    -0.032     0.013     0.492     0.000
  7         g      21 [3] (11)  6>>5 {+3,-4}
                                 0.143    -3.277     0.752     3.366     0.000
------------------------------------------------------------------------------
Step 1 performed by myLesHouchesHandler
--- intermediates:
  1        e-      11  (3)   
                                 4.439     0.000     0.000     4.440     0.000
  2        e+     -11  (3)   
                                -4.440     0.000    -0.000     4.440     0.000
  3     gamma      22 [1,2] (4..7)   
                                -0.000     0.000     0.000     8.879     8.879
--- final:
  4         g      21 [3] (8)  5>>6 {+1,-2}
                                 1.278     3.595    -1.135     3.980     0.000
  5         g      21 [3] (9)  7>>4 {+2,-3}
                                -0.931    -0.285     0.369     1.041     0.000
  6         g      21 [3] (10)  4>>7 {+4,-1}
                                -0.491    -0.032     0.013     0.492     0.000
  7         g      21 [3] (11)  6>>5 {+3,-4}
                                 0.143    -3.277     0.752     3.366     0.000
------------------------------------------------------------------------------
     Sum of momenta:            -2e-05    -2e-05    -1e-05      8.88      8.88
------------------------------------------------------------------------------
Step 2 performed by ShowerHandler
--- final:
  8         g      21 [4] (12,13)  9>>10 {+1,-2}
                                 1.089     3.062    -0.967     3.521     0.950
  9         g      21 [5] (14,15)  11>>8 {+2,-3}
                                -0.793    -0.243     0.314     1.300     0.950
 10         g      21 [6] (16,17)  8>>11 {+4,-1}
                                -0.418    -0.028     0.011     1.038     0.950
 11         g      21 [7] (18,19)  10>>9 {+3,-4}
                                 0.122    -2.792     0.641     3.020     0.950
------------------------------------------------------------------------------
     Sum of momenta:            -2e-05    -2e-05    -1e-05      8.88      8.88
------------------------------------------------------------------------------
Step 3 performed by ClusterHadHandler
--- intermediates:
 12         d       1 [8] (20)   {+1}
                                 0.206     0.435    -0.045     0.583     0.325
 13      dbar      -1 [8] (21)   {-2}
                                 0.883     2.627    -0.922     2.938     0.325
 14         d       1 [9] (21)   {+2}
                                -0.602    -0.405     0.022     0.796     0.325
 15      dbar      -1 [9] (22)   {-3}
                                -0.191     0.162     0.293     0.504     0.325
 16         s       3 [10] (23)   {+4}
                                -0.340     0.022    -0.080     0.570     0.450
 17      sbar      -3 [10] (20)   {-1}
                                -0.078    -0.049     0.091     0.468     0.450
 18         d       1 [11] (22)   {+3}
                                 0.088    -1.485    -0.013     1.523     0.325
 19      dbar      -1 [11] (23)   {-4}
                                 0.034    -1.306     0.654     1.497     0.325
 20   Cluster      81 [12,17] (24,25)   
                                 0.128     0.386     0.046     1.051     0.968
 21   Cluster      81 [13,14] (26,27)   
                                 0.281     2.221    -0.900     3.734     2.849
 22   Cluster      81 [15,18] (30,31)   
                                -0.103    -1.323     0.279     2.027     1.507
 23   Cluster      81 [16,19] (28,29)   
                                -0.305    -1.285     0.574     2.067     1.483
--- final:
 24       pi0     111 [20] (32,33)   
                                 0.017    -0.058     0.296     0.331     0.135
 25        K0     311 [20] (34)   
                                 0.110     0.444    -0.249     0.720     0.498
 26      b_10   10113 [21] (37,38)   
                                -0.709     1.459    -0.036     1.882     0.955
 27      a_10   20113 [21] (47,48)   
                                 0.990     0.763    -0.865     1.852     1.058
 28    K*bar0    -313 [23] (53,54)   
                                -0.625    -1.147     0.479     1.682     0.946
 29       pi0     111 [23] (55,56)   
                                 0.319    -0.137     0.096     0.385     0.135
 30       pi0     111 [22] (57,58)   
                                 0.059    -0.337    -0.078     0.376     0.135
 31      rho0     113 [22] (59,60)   
                                -0.163    -0.986     0.357     1.651     1.265
------------------------------------------------------------------------------
     Sum of momenta:            -2e-05    -2e-05    -1e-05      8.88      8.88
------------------------------------------------------------------------------
Step 4 performed by DecayHandler
--- intermediates:
 34      K_S0     310 [25] (35,36)   
                                 0.110     0.444    -0.249     0.720     0.498
 37     omega     223 [26] (39,40)   
                                -0.686     1.375    -0.051     1.722     0.774
 38       pi0     111 [26] (45,46)   
                                -0.023     0.083     0.015     0.161     0.135
 39      rho0     113 [37] (41,42)   
                                -0.345     1.088    -0.156     1.244     0.470
 40       pi0     111 [37] (43,44)   
                                -0.341     0.288     0.105     0.478     0.135
 47    rho''+   30213 [27] (49,50)   
                                 0.344     0.718    -0.227     0.932     0.428
 50       pi0     111 [47] (51,52)   
                                 0.260     0.256     0.007     0.389     0.135
--- final:
 32     gamma      22 [24]    
                                -0.018    -0.054     0.035     0.067     0.000
 33     gamma      22 [24]    
                                 0.036    -0.003     0.261     0.264     0.000
 35       pi+     211 [34]    
                                 0.187     0.244    -0.309     0.458     0.140
 36       pi-    -211 [34]    
                                -0.077     0.200     0.060     0.262     0.140
 41       pi+     211 [39]    
                                -0.356     0.887    -0.221     0.991     0.140
 42       pi-    -211 [39]    
                                 0.010     0.201     0.065     0.253     0.140
 43     gamma      22 [40]    
                                -0.319     0.281     0.130     0.444     0.000
 44     gamma      22 [40]    
                                -0.022     0.007    -0.024     0.034     0.000
 45     gamma      22 [38]    
                                 0.039    -0.007     0.032     0.051     0.000
 46     gamma      22 [38]    
                                -0.062     0.090    -0.016     0.110     0.000
 48       pi-    -211 [27]    
                                 0.646     0.045    -0.638     0.920     0.140
 49       pi+     211 [47]    
                                 0.084     0.462    -0.234     0.543     0.140
 51     gamma      22 [50]    
                                 0.099     0.016     0.000     0.100     0.000
 52     gamma      22 [50]    
                                 0.161     0.240     0.007     0.289     0.000
 53        K-    -321 [28]    
                                -0.496    -0.386     0.401     0.894     0.494
 54       pi+     211 [28]    
                                -0.129    -0.761     0.078     0.788     0.140
 55     gamma      22 [29]    
                                 0.140    -0.093    -0.016     0.169     0.000
 56     gamma      22 [29]    
                                 0.180    -0.045     0.112     0.217     0.000
 57     gamma      22 [30]    
                                -0.036    -0.133    -0.060     0.150     0.000
 58     gamma      22 [30]    
                                 0.095    -0.204    -0.018     0.226     0.000
 59       pi+     211 [31]    
                                 0.369    -0.488    -0.267     0.682     0.140
 60       pi-    -211 [31]    
                                -0.532    -0.498     0.624     0.969     0.140
------------------------------------------------------------------------------
     Sum of momenta:            -2e-05    -2e-05    -1e-05      8.88      8.88

The following exception classes were reported in this run:
ThePEG::EventHandler::ConsistencyException warning (1 times)
ThePEG::LesHouchesReader::LesHouchesReopenWarning warning (1 times)
