>>>>>>>>>>>>>>>>>>>>>>>>>>>>>>>>>>>>>>>>>>>>>>>>>>>>>>>>>>>>>>>>>>>>>>>>>>>>>>
>>>> Toolkit for HEP Event Generation - ThePEG 2.2.0 <<<<<<<<<<<<<<<<<<<<<<<<<
>>>> Tue Jun 30 00:48:02 2020                                             <<<<
<<<<<<<<<<<<<<<<<<<<<<<<<<<<<<<<<<<<<<<<<<<<<<<<<<<<<<<<<<<<<<<<<<<<<<<<<<<<<<

>> Herwig 7.2.0 / ThePEG 2.2.0

/Herwig/EventHandlers/NoCuts:
MHat  = 2 .. 44.8179 GeV
Scale = 0 .. 1e+12 GeV2
YHat  = -100 .. 100
X1    = 0 .. 1
X2    = 0 .. 1

* A warning exception of type ThePEG::LesHouchesReader::LesHouchesReopenWarning occurred while generating event number 1: 
Reopening LesHouchesReader 'myReader' after accessing 2 events out of 1
* A warning exception of type ThePEG::EventHandler::ConsistencyException occurred while generating event number 1: 
Event handler 'myLesHouchesHandler' found energy-momentum non-conservation by (-1e-05,-2e-05,-2e-05;-1.66834e-09) GeV after generating step number 4.

******************************************************************************
Event number 1 (id: ./OUTPUT/0.95MB1.05/1513342141/TMP/Cluster_HERWIGOutput_40) performed by myLesHouchesHandler
Weight: 1
==============================================================================

--- Colliding particles:
  1        e-      11  (3)   
                                11.204     0.000     0.000    11.204     0.000
  2        e+     -11  (3)   
                               -11.204     0.000    -0.000    11.204     0.000
------------------------------------------------------------------------------
Primary sub-process performed by myReader
--- incoming:
  1        e-      11  (3)   
                                11.204     0.000     0.000    11.204     0.000
  2        e+     -11  (3)   
                               -11.204     0.000    -0.000    11.204     0.000
--- intermediates:
  3     gamma      22 [1,2] (4..7)   
                                -0.000     0.000    -0.000    22.409    22.409
--- outgoing:
  4         g      21 [3] (8)  6>>6 {+1,-2}
                                -0.705    -0.814     1.806     2.103     0.000
  5         g      21 [3] (9)  7>>7 {+3,-4}
                                 1.314    -5.139     4.885     7.211     0.000
  6         g      21 [3] (12)  4>>4 {+2,-1}
                                -1.844    -1.116     1.168     2.452     0.000
  7         g      21 [3] (13)  5>>5 {+4,-3}
                                 1.235     7.069    -7.859    10.643     0.000
------------------------------------------------------------------------------
Step 1 performed by myLesHouchesHandler
--- intermediates:
  1        e-      11  (3)   
                                11.204     0.000     0.000    11.204     0.000
  2        e+     -11  (3)   
                               -11.204     0.000    -0.000    11.204     0.000
  3     gamma      22 [1,2] (4..7)   
                                -0.000     0.000    -0.000    22.409    22.409
--- final:
  4         g      21 [3] (8)  6>>6 {+1,-2}
                                -0.705    -0.814     1.806     2.103     0.000
  5         g      21 [3] (9)  7>>7 {+3,-4}
                                 1.314    -5.139     4.885     7.211     0.000
  6         g      21 [3] (12)  4>>4 {+2,-1}
                                -1.844    -1.116     1.168     2.452     0.000
  7         g      21 [3] (13)  5>>5 {+4,-3}
                                 1.235     7.069    -7.859    10.643     0.000
------------------------------------------------------------------------------
     Sum of momenta:            -2e-05    -2e-05    -2e-05      22.4      22.4
------------------------------------------------------------------------------
Step 2 performed by ShowerHandler
--- intermediates:
  9         g      21 [5] (10,11)   {+3,-4}
                                 1.189    -4.651     4.421     7.418     3.526
 13         g      21 [7] (14,15)   {+4,-3}
                                 1.118     6.398    -7.113    10.450     4.055
--- final:
  8         g      21 [4] (16,17)  12>>12 {+1,-2}
                                -0.638    -0.737     1.635     2.127     0.950
 10         d       1 [9] (28)  >15 {+3}
                                -0.030    -0.380     2.531     2.580     0.325
 11      dbar      -1 [9] (25)  14> {-4}
                                 1.219    -4.271     1.890     4.837     0.325
 12         g      21 [6] (18,19)  8>>8 {+2,-1}
                                -1.669    -1.010     1.057     2.414     0.950
 14         g      21 [13] (20,21)  15>>11 {+4,-5}
                                -0.351     0.067    -1.499     1.810     0.950
 15         g      21 [13] (22,23)  10>>14 {+5,-3}
                                 1.469     6.331    -5.614     8.641     0.950
------------------------------------------------------------------------------
     Sum of momenta:            -2e-05    -2e-05    -2e-05      22.4      22.4
------------------------------------------------------------------------------
Step 3 performed by ClusterHadHandler
--- intermediates:
 16         d       1 [8] (24)   {+1}
                                -0.498    -0.305     0.418     0.789     0.325
 17      dbar      -1 [8] (28)   {-2}
                                -0.139    -0.432     1.216     1.338     0.325
 18         d       1 [12] (27)   {+2}
                                -0.925    -0.694     0.251     1.227     0.325
 19      dbar      -1 [12] (24)   {-1}
                                -0.745    -0.317     0.805     1.187     0.325
 20         s       3 [14] (25)   {+4}
                                -0.060    -0.076    -0.669     0.812     0.450
 21      sbar      -3 [14] (26)   {-5}
                                -0.291     0.143    -0.829     0.998     0.450
 22         u       2 [15] (26)   {+5}
                                 0.335     2.892    -2.372     3.769     0.325
 23      ubar      -2 [15] (27)   {-3}
                                 1.134     3.439    -3.242     4.871     0.325
 24   Cluster      81 [16,19] (35,36)   
                                -1.243    -0.622     1.224     1.976     0.689
 25   Cluster      81 [11,20] (33,34)   
                                 1.159    -4.347     1.221     5.650     3.193
 26   Cluster      81 [21,22] (37,38)   
                                 0.044     3.034    -3.202     4.767     1.806
 27   Cluster      81 [18,23] (29,30)   
                                 0.209     2.746    -2.990     6.098     4.545
 28   Cluster      81 [10,17] (31,32)   
                                -0.169    -0.812     3.748     3.919     0.789
 29   Cluster      81 [27] (39,40)   
                                 0.032     1.837    -2.063     4.422     3.453
 30   Cluster      81 [27] (41,42)   
                                 0.177     0.909    -0.927     1.676     1.045
--- final:
 31       pi-    -211 [28]    
                                 0.035     0.105     0.376     0.416     0.140
 32       pi+     211 [28]    
                                -0.204    -0.916     3.371     3.502     0.140
 33  K'_1bar0  -20313 [25] (43,44)   
                                -0.253    -1.486     0.250     1.979     1.258
 34      f'_0   10221 [25] (49,50)   
                                 1.411    -2.861     0.971     3.671     1.534
 35       pi0     111 [24] (59,60)   
                                -0.203    -0.081     0.183     0.315     0.135
 36       eta     221 [24] (61,62)   
                                -1.040    -0.541     1.041     1.660     0.548
 37        K0     311 [26] (63)   
                                -0.028     2.801    -1.867     3.403     0.498
 38       pi+     211 [26]    
                                 0.072     0.233    -1.334     1.363     0.140
 39      a_2-    -215 [29] (64,65)   
                                 0.059     1.478    -1.692     2.591     1.289
 40    rho''0   30113 [29] (72,73)   
                                -0.026     0.359    -0.371     1.831     1.757
 41       eta     221 [30] (83..85)   
                                 0.164     0.142    -0.570     0.819     0.548
 42       pi0     111 [30] (88,89)   
                                 0.013     0.767    -0.357     0.857     0.135
------------------------------------------------------------------------------
     Sum of momenta:            -2e-05    -2e-05    -2e-05      22.4      22.4
------------------------------------------------------------------------------
Step 4 performed by DecayHandler
--- intermediates:
 43    K*bar0    -313 [33] (45,46)   
                                -0.066    -1.468     0.244     1.748     0.915
 44       pi0     111 [33] (47,48)   
                                -0.187    -0.018     0.006     0.231     0.135
 49     sigma 9000221 [34] (51,52)   
                                 0.559    -1.028     0.646     1.400     0.417
 50     sigma 9000221 [34] (57,58)   
                                 0.852    -1.833     0.325     2.270     0.981
 51       pi0     111 [49] (53,54)   
                                 0.450    -0.556     0.288     0.783     0.135
 52       pi0     111 [49] (55,56)   
                                 0.109    -0.472     0.358     0.618     0.135
 64      rho-    -213 [39] (66,67)   
                                -0.156     0.983    -1.520     2.008     0.855
 65       pi0     111 [39] (70,71)   
                                 0.215     0.495    -0.172     0.583     0.135
 66       pi0     111 [64] (68,69)   
                                -0.047     0.185    -1.028     1.054     0.135
 72       K*0     313 [40] (74,75)   
                                 0.389    -0.113    -0.299     1.026     0.894
 73     Kbar0    -311 [40] (76)   
                                -0.416     0.472    -0.072     0.806     0.498
 76      K_S0     310 [73] (77,78)   
                                -0.416     0.472    -0.072     0.806     0.498
 77       pi0     111 [76] (79,80)   
                                -0.450     0.448    -0.005     0.649     0.135
 78       pi0     111 [76] (81,82)   
                                 0.034     0.024    -0.068     0.157     0.135
 85       pi0     111 [41] (86,87)   
                                 0.069     0.115    -0.116     0.223     0.135
--- final:
 31       pi-    -211 [28]    
                                 0.035     0.105     0.376     0.416     0.140
 32       pi+     211 [28]    
                                -0.204    -0.916     3.371     3.502     0.140
 38       pi+     211 [26]    
                                 0.072     0.233    -1.334     1.363     0.140
 45        K-    -321 [43]    
                                -0.049    -0.407    -0.033     0.643     0.494
 46       pi+     211 [43]    
                                -0.016    -1.061     0.277     1.105     0.140
 47     gamma      22 [44]    
                                -0.090    -0.064     0.042     0.118     0.000
 48     gamma      22 [44]    
                                -0.097     0.046    -0.036     0.113     0.000
 53     gamma      22 [51]    
                                 0.136    -0.229     0.164     0.313     0.000
 54     gamma      22 [51]    
                                 0.314    -0.326     0.124     0.469     0.000
 55     gamma      22 [52]    
                                 0.061    -0.195     0.073     0.217     0.000
 56     gamma      22 [52]    
                                 0.048    -0.277     0.285     0.400     0.000
 57       pi+     211 [50]    
                                -0.158    -0.271    -0.100     0.358     0.140
 58       pi-    -211 [50]    
                                 1.010    -1.562     0.424     1.913     0.140
 59     gamma      22 [35]    
                                -0.062     0.032     0.086     0.111     0.000
 60     gamma      22 [35]    
                                -0.141    -0.113     0.097     0.205     0.000
 61     gamma      22 [36]    
                                -0.331    -0.302     0.101     0.460     0.000
 62     gamma      22 [36]    
                                -0.708    -0.238     0.939     1.200     0.000
 63      K_L0     130 [37]    
                                -0.028     2.801    -1.867     3.403     0.498
 67       pi-    -211 [64]    
                                -0.109     0.798    -0.492     0.954     0.140
 68     gamma      22 [66]    
                                -0.066     0.021    -0.316     0.324     0.000
 69     gamma      22 [66]    
                                 0.018     0.163    -0.712     0.730     0.000
 70     gamma      22 [65]    
                                 0.154     0.395    -0.076     0.430     0.000
 71     gamma      22 [65]    
                                 0.062     0.100    -0.096     0.152     0.000
 74        K+     321 [72]    
                                 0.349    -0.013    -0.481     0.772     0.494
 75       pi-    -211 [72]    
                                 0.041    -0.100     0.182     0.253     0.140
 79     gamma      22 [77]    
                                -0.179     0.111    -0.043     0.215     0.000
 80     gamma      22 [77]    
                                -0.271     0.337     0.039     0.434     0.000
 81     gamma      22 [78]    
                                 0.018     0.019    -0.109     0.112     0.000
 82     gamma      22 [78]    
                                 0.016     0.006     0.041     0.045     0.000
 83       pi+     211 [41]    
                                -0.051     0.088    -0.162     0.237     0.140
 84       pi-    -211 [41]    
                                 0.146    -0.061    -0.291     0.360     0.140
 86     gamma      22 [85]    
                                -0.024     0.015    -0.075     0.080     0.000
 87     gamma      22 [85]    
                                 0.093     0.100    -0.042     0.143     0.000
 88     gamma      22 [42]    
                                 0.045     0.721    -0.340     0.799     0.000
 89     gamma      22 [42]    
                                -0.032     0.045    -0.017     0.058     0.000
------------------------------------------------------------------------------
     Sum of momenta:            -2e-05    -2e-05    -2e-05      22.4      22.4

The following exception classes were reported in this run:
ThePEG::EventHandler::ConsistencyException warning (1 times)
ThePEG::LesHouchesReader::LesHouchesReopenWarning warning (1 times)
