>>>>>>>>>>>>>>>>>>>>>>>>>>>>>>>>>>>>>>>>>>>>>>>>>>>>>>>>>>>>>>>>>>>>>>>>>>>>>>
>>>> Toolkit for HEP Event Generation - ThePEG 2.2.0 <<<<<<<<<<<<<<<<<<<<<<<<<
>>>> Tue Jun 30 00:39:07 2020                                             <<<<
<<<<<<<<<<<<<<<<<<<<<<<<<<<<<<<<<<<<<<<<<<<<<<<<<<<<<<<<<<<<<<<<<<<<<<<<<<<<<<

>> Herwig 7.2.0 / ThePEG 2.2.0

/Herwig/EventHandlers/NoCuts:
MHat  = 2 .. 54.3923 GeV
Scale = 0 .. 1e+12 GeV2
YHat  = -100 .. 100
X1    = 0 .. 1
X2    = 0 .. 1

* A warning exception of type ThePEG::LesHouchesReader::LesHouchesReopenWarning occurred while generating event number 1: 
Reopening LesHouchesReader 'myReader' after accessing 2 events out of 1
* A warning exception of type ThePEG::EventHandler::ConsistencyException occurred while generating event number 1: 
Event handler 'myLesHouchesHandler' found energy-momentum non-conservation by (-2e-05,-2e-05,-3e-05;9.99943e-06) GeV after generating step number 4.

******************************************************************************
Event number 1 (id: ./OUTPUT/0.95MB1.05/1514252642/TMP/Cluster_HERWIGOutput_11) performed by myLesHouchesHandler
Weight: 1
==============================================================================

--- Colliding particles:
  1        e-      11  (3)   
                                13.598     0.000     0.000    13.598     0.000
  2        e+     -11  (3)   
                               -13.598     0.000     0.000    13.598     0.000
------------------------------------------------------------------------------
Primary sub-process performed by myReader
--- incoming:
  1        e-      11  (3)   
                                13.598     0.000     0.000    13.598     0.000
  2        e+     -11  (3)   
                               -13.598     0.000     0.000    13.598     0.000
--- intermediates:
  3     gamma      22 [1,2] (4..8)   
                                 0.000     0.000     0.000    27.196    27.196
--- outgoing:
  4         g      21 [3] (9)  7>>5 {+1,-2}
                                -0.261    -1.315    -1.195     1.796     0.000
  5         g      21 [3] (10)  4>>8 {+3,-1}
                                 0.951    -2.639    -8.626     9.070     0.000
  6         g      21 [3] (11)  8>>7 {+4,-5}
                                 1.028     1.081    -2.425     2.848     0.000
  7         g      21 [3] (16)  6>>4 {+2,-4}
                                -0.354    -1.234     3.436     3.668     0.000
  8         g      21 [3] (17)  5>>6 {+5,-3}
                                -1.365     4.105     8.810     9.815     0.000
------------------------------------------------------------------------------
Step 1 performed by myLesHouchesHandler
--- intermediates:
  1        e-      11  (3)   
                                13.598     0.000     0.000    13.598     0.000
  2        e+     -11  (3)   
                               -13.598     0.000     0.000    13.598     0.000
  3     gamma      22 [1,2] (4..8)   
                                 0.000     0.000     0.000    27.196    27.196
--- final:
  4         g      21 [3] (9)  7>>5 {+1,-2}
                                -0.261    -1.315    -1.195     1.796     0.000
  5         g      21 [3] (10)  4>>8 {+3,-1}
                                 0.951    -2.639    -8.626     9.070     0.000
  6         g      21 [3] (11)  8>>7 {+4,-5}
                                 1.028     1.081    -2.425     2.848     0.000
  7         g      21 [3] (16)  6>>4 {+2,-4}
                                -0.354    -1.234     3.436     3.668     0.000
  8         g      21 [3] (17)  5>>6 {+5,-3}
                                -1.365     4.105     8.810     9.815     0.000
------------------------------------------------------------------------------
     Sum of momenta:            -2e-05    -2e-05    -3e-05      27.2      27.2
------------------------------------------------------------------------------
Step 2 performed by ShowerHandler
--- intermediates:
 11         g      21 [6] (12,13)   {+4,-5}
                                 0.861     0.905    -2.031     6.276     5.806
 13         g      21 [11] (14,15)   {+6,-5}
                                 0.663    -0.022    -2.522     4.847     4.086
--- final:
  9         g      21 [4] (18,19)  16>>10 {+1,-2}
                                -0.218    -1.101    -1.000     1.778     0.950
 10         g      21 [5] (20,21)  9>>17 {+3,-1}
                                 0.797    -2.209    -7.222     7.654     0.950
 12         g      21 [11] (26,27)  14>>16 {+4,-6}
                                 0.197     0.928     0.491     1.429     0.950
 14         d       1 [13] (32)  >12 {+6}
                                 1.078     0.280    -3.505     3.692     0.325
 15      dbar      -1 [13] (29)  17> {-5}
                                -0.415    -0.302     0.983     1.155     0.325
 16         g      21 [7] (22,23)  12>>9 {+2,-4}
                                -0.296    -1.033     2.877     3.215     0.950
 17         g      21 [8] (24,25)  10>>15 {+5,-3}
                                -1.143     3.438     7.377     8.273     0.950
------------------------------------------------------------------------------
     Sum of momenta:            -2e-05    -2e-05    -3e-05      27.2      27.2
------------------------------------------------------------------------------
Step 3 performed by ClusterHadHandler
--- intermediates:
 18         d       1 [9] (33)   {+1}
                                 0.057    -0.539    -0.108     0.642     0.325
 19      dbar      -1 [9] (31)   {-2}
                                -0.276    -0.561    -0.892     1.137     0.325
 20         u       2 [10] (31)   {+3}
                                 0.391    -0.390    -1.900     2.005     0.325
 21      ubar      -2 [10] (32)   {-1}
                                 0.405    -1.819    -5.323     5.649     0.325
 22         d       1 [16] (30)   {+2}
                                -0.379    -0.753     1.335     1.612     0.325
 23      dbar      -1 [16] (28)   {-4}
                                 0.082    -0.280     1.542     1.603     0.325
 24         s       3 [17] (29)   {+5}
                                -0.571     1.744     4.068     4.486     0.450
 25      sbar      -3 [17] (30)   {-3}
                                -0.572     1.694     3.308     3.787     0.450
 26         u       2 [12] (28)   {+4}
                                -0.061     0.463    -0.092     0.576     0.325
 27      ubar      -2 [12] (33)   {-6}
                                 0.258     0.465     0.583     0.853     0.325
 28   Cluster      81 [23,26] (42,43)   
                                 0.022     0.183     1.450     2.179     1.616
 29   Cluster      81 [15,24] (34,35)   
                                -0.985     1.442     5.051     5.641     1.804
 30   Cluster      81 [22,25] (36,37)   
                                -0.951     0.940     4.643     5.399     2.409
 31   Cluster      81 [19,20] (40,41)   
                                 0.116    -0.952    -2.792     3.142     1.076
 32   Cluster      81 [14,21] (44,45)   
                                 1.483    -1.539    -8.827     9.340     2.180
 33   Cluster      81 [18,27] (38,39)   
                                 0.315    -0.075     0.474     1.495     1.380
--- final:
 34       K*-    -323 [29] (46,47)   
                                -0.603     1.349     3.420     3.824     0.863
 35      rho+     213 [29] (49,50)   
                                -0.382     0.093     1.631     1.817     0.696
 36      rho0     113 [30] (53,54)   
                                -0.364     0.333     0.809     1.223     0.773
 37     K*_20     315 [30] (55,56)   
                                -0.587     0.607     3.835     4.176     1.423
 38       h_1   10223 [33] (62,63)   
                                 0.464     0.085     0.416     1.229     1.056
 39       pi-    -211 [33]    
                                -0.149    -0.160     0.058     0.266     0.140
 40       pi0     111 [31] (68,69)   
                                 0.099     0.048    -0.178     0.249     0.135
 41      rho+     213 [31] (70,71)   
                                 0.017    -1.000    -2.614     2.893     0.734
 42      a_1+   20213 [28] (74,75)   
                                -0.049     0.250     1.336     1.978     1.435
 43       pi0     111 [28] (82,83)   
                                 0.071    -0.066     0.114     0.202     0.135
 44       pi-    -211 [32]    
                                 1.012    -0.327    -4.490     4.617     0.140
 45       f_2     225 [32] (84,85)   
                                 0.472    -1.212    -4.337     4.724     1.346
------------------------------------------------------------------------------
     Sum of momenta:            -2e-05    -2e-05    -3e-05      27.2      27.2
------------------------------------------------------------------------------
Step 4 performed by DecayHandler
--- intermediates:
 46     Kbar0    -311 [34] (48)   
                                -0.700     1.110     2.624     2.976     0.498
 49       pi0     111 [35] (51,52)   
                                -0.292    -0.253     0.732     0.839     0.135
 55        K0     311 [37] (57)   
                                 0.251     0.138     0.758     0.951     0.498
 56       pi0     111 [37] (60,61)   
                                -0.837     0.469     3.077     3.226     0.135
 57      K_S0     310 [55] (58,59)   
                                 0.251     0.138     0.758     0.951     0.498
 62      rho+     213 [38] (64,65)   
                                 0.323    -0.144     0.195     0.854     0.752
 64       pi0     111 [62] (66,67)   
                                 0.005    -0.113    -0.239     0.297     0.135
 70       pi0     111 [41] (72,73)   
                                -0.175    -0.221    -1.381     1.416     0.135
 74     rho'+  100213 [42] (76,77)   
                                 0.257    -0.090     0.761     1.230     0.928
 75       pi0     111 [42] (80,81)   
                                -0.306     0.340     0.576     0.748     0.135
 76       pi0     111 [74] (78,79)   
                                -0.208    -0.040     0.693     0.737     0.135
--- final:
 39       pi-    -211 [33]    
                                -0.149    -0.160     0.058     0.266     0.140
 44       pi-    -211 [32]    
                                 1.012    -0.327    -4.490     4.617     0.140
 47       pi-    -211 [34]    
                                 0.098     0.239     0.795     0.848     0.140
 48      K_L0     130 [46]    
                                -0.700     1.110     2.624     2.976     0.498
 50       pi+     211 [35]    
                                -0.090     0.346     0.900     0.978     0.140
 51     gamma      22 [49]    
                                -0.011    -0.014     0.139     0.140     0.000
 52     gamma      22 [49]    
                                -0.282    -0.240     0.593     0.699     0.000
 53       pi+     211 [36]    
                                -0.170    -0.115     0.642     0.689     0.140
 54       pi-    -211 [36]    
                                -0.193     0.448     0.166     0.534     0.140
 58       pi+     211 [57]    
                                -0.036     0.188     0.220     0.324     0.140
 59       pi-    -211 [57]    
                                 0.287    -0.050     0.537     0.627     0.140
 60     gamma      22 [56]    
                                -0.063     0.036     0.136     0.154     0.000
 61     gamma      22 [56]    
                                -0.775     0.433     2.941     3.072     0.000
 63       pi-    -211 [38]    
                                 0.141     0.229     0.221     0.375     0.140
 65       pi+     211 [62]    
                                 0.318    -0.031     0.434     0.557     0.140
 66     gamma      22 [64]    
                                -0.062    -0.055    -0.149     0.171     0.000
 67     gamma      22 [64]    
                                 0.067    -0.057    -0.090     0.126     0.000
 68     gamma      22 [40]    
                                 0.046     0.037    -0.185     0.194     0.000
 69     gamma      22 [40]    
                                 0.053     0.011     0.007     0.055     0.000
 71       pi+     211 [41]    
                                 0.192    -0.778    -1.233     1.477     0.140
 72     gamma      22 [70]    
                                -0.102    -0.092    -0.378     0.402     0.000
 73     gamma      22 [70]    
                                -0.074    -0.130    -1.002     1.013     0.000
 77       pi+     211 [74]    
                                 0.465    -0.050     0.067     0.493     0.140
 78     gamma      22 [76]    
                                -0.026     0.035     0.062     0.076     0.000
 79     gamma      22 [76]    
                                -0.182    -0.076     0.631     0.661     0.000
 80     gamma      22 [75]    
                                -0.146     0.107     0.314     0.363     0.000
 81     gamma      22 [75]    
                                -0.159     0.233     0.262     0.385     0.000
 82     gamma      22 [43]    
                                -0.025     0.013     0.060     0.066     0.000
 83     gamma      22 [43]    
                                 0.095    -0.080     0.054     0.136     0.000
 84       pi-    -211 [45]    
                                -0.016     0.232    -1.241     1.270     0.140
 85       pi+     211 [45]    
                                 0.487    -1.444    -3.096     3.454     0.140
------------------------------------------------------------------------------
     Sum of momenta:            -2e-05    -2e-05    -3e-05      27.2      27.2

The following exception classes were reported in this run:
ThePEG::EventHandler::ConsistencyException warning (1 times)
ThePEG::LesHouchesReader::LesHouchesReopenWarning warning (1 times)
