>>>>>>>>>>>>>>>>>>>>>>>>>>>>>>>>>>>>>>>>>>>>>>>>>>>>>>>>>>>>>>>>>>>>>>>>>>>>>>
>>>> Toolkit for HEP Event Generation - ThePEG 2.2.0 <<<<<<<<<<<<<<<<<<<<<<<<<
>>>> Tue Jun 30 00:36:10 2020                                             <<<<
<<<<<<<<<<<<<<<<<<<<<<<<<<<<<<<<<<<<<<<<<<<<<<<<<<<<<<<<<<<<<<<<<<<<<<<<<<<<<<

>> Herwig 7.2.0 / ThePEG 2.2.0

/Herwig/EventHandlers/NoCuts:
MHat  = 2 .. 63.6672 GeV
Scale = 0 .. 1e+12 GeV2
YHat  = -100 .. 100
X1    = 0 .. 1
X2    = 0 .. 1

* A warning exception of type ThePEG::LesHouchesReader::LesHouchesReopenWarning occurred while generating event number 1: 
Reopening LesHouchesReader 'myReader' after accessing 2 events out of 1
* A warning exception of type ThePEG::EventHandler::ConsistencyException occurred while generating event number 1: 
Event handler 'myLesHouchesHandler' found energy-momentum non-conservation by (-4e-05,-4e-05,-5e-05;2.99994e-05) GeV after generating step number 4.

******************************************************************************
Event number 1 (id: ./OUTPUT/0.95MB1.05/1512470947/TMP/Cluster_HERWIGOutput_25) performed by myLesHouchesHandler
Weight: 1
==============================================================================

--- Colliding particles:
  1        e-      11  (3)   
                                15.917     0.000    -0.000    15.917     0.000
  2        e+     -11  (3)   
                               -15.917     0.000     0.000    15.917     0.000
------------------------------------------------------------------------------
Primary sub-process performed by myReader
--- incoming:
  1        e-      11  (3)   
                                15.917     0.000    -0.000    15.917     0.000
  2        e+     -11  (3)   
                               -15.917     0.000     0.000    15.917     0.000
--- intermediates:
  3     gamma      22 [1,2] (4..11)   
                                -0.000     0.000    -0.000    31.834    31.834
--- outgoing:
  4         g      21 [3] (12)  8>>10 {+1,-2}
                                 0.188    -3.076     1.211     3.312     0.000
  5         g      21 [3] (13)  7>>8 {+3,-4}
                                -2.266     0.571     4.424     5.003     0.000
  6         g      21 [3] (14)  11>>11 {+5,-6}
                                -1.058     0.522    -0.184     1.194     0.000
  7         g      21 [3] (15)  9>>5 {+4,-7}
                                 0.614    -3.312    -1.051     3.528     0.000
  8         g      21 [3] (18)  5>>4 {+2,-3}
                                -4.529     1.592     2.469     5.398     0.000
  9         g      21 [3] (21)  10>>7 {+7,-8}
                                 6.015     2.983    -7.261     9.890     0.000
 10         g      21 [3] (22)  4>>9 {+8,-1}
                                 0.246     1.100    -1.228     1.667     0.000
 11         g      21 [3] (23)  6>>6 {+6,-5}
                                 0.788    -0.380     1.620     1.842     0.000
------------------------------------------------------------------------------
Step 1 performed by myLesHouchesHandler
--- intermediates:
  1        e-      11  (3)   
                                15.917     0.000    -0.000    15.917     0.000
  2        e+     -11  (3)   
                               -15.917     0.000     0.000    15.917     0.000
  3     gamma      22 [1,2] (4..11)   
                                -0.000     0.000    -0.000    31.834    31.834
--- final:
  4         g      21 [3] (12)  8>>10 {+1,-2}
                                 0.188    -3.076     1.211     3.312     0.000
  5         g      21 [3] (13)  7>>8 {+3,-4}
                                -2.266     0.571     4.424     5.003     0.000
  6         g      21 [3] (14)  11>>11 {+5,-6}
                                -1.058     0.522    -0.184     1.194     0.000
  7         g      21 [3] (15)  9>>5 {+4,-7}
                                 0.614    -3.312    -1.051     3.528     0.000
  8         g      21 [3] (18)  5>>4 {+2,-3}
                                -4.529     1.592     2.469     5.398     0.000
  9         g      21 [3] (21)  10>>7 {+7,-8}
                                 6.015     2.983    -7.261     9.890     0.000
 10         g      21 [3] (22)  4>>9 {+8,-1}
                                 0.246     1.100    -1.228     1.667     0.000
 11         g      21 [3] (23)  6>>6 {+6,-5}
                                 0.788    -0.380     1.620     1.842     0.000
------------------------------------------------------------------------------
     Sum of momenta:            -5e-05    -4e-05    -5e-05      31.8      31.8
------------------------------------------------------------------------------
Step 2 performed by ShowerHandler
--- intermediates:
 15         g      21 [7] (16,17)   {+4,-7}
                                 0.537    -2.896    -0.919     4.677     3.515
 18         g      21 [8] (19,20)   {+2,-3}
                                -3.960     1.392     2.159     5.910     3.557
--- final:
 12         g      21 [4] (24,25)  19>>22 {+1,-2}
                                 0.165    -2.690     1.059     3.048     0.950
 13         g      21 [5] (26,27)  16>>20 {+3,-4}
                                -1.981     0.499     3.869     4.477     0.950
 14         g      21 [6] (28,29)  23>>23 {+5,-6}
                                -0.925     0.456    -0.161     1.412     0.950
 16         d       1 [15] (43)  >13 {+4}
                                 1.857    -0.717    -0.381     2.053     0.325
 17      dbar      -1 [15] (46)  21> {-7}
                                -1.320    -2.179    -0.538     2.624     0.325
 19         g      21 [18] (36,37)  20>>12 {+2,-9}
                                -0.357     1.145    -0.121     1.535     0.950
 20         g      21 [18] (38,39)  13>>19 {+9,-3}
                                -3.603     0.247     2.280     4.376     0.950
 21         g      21 [9] (30,31)  22>>17 {+7,-8}
                                 5.260     2.609    -6.349     8.700     0.950
 22         g      21 [10] (32,33)  12>>21 {+8,-1}
                                 0.215     0.962    -1.074     1.740     0.950
 23         g      21 [11] (34,35)  14>>14 {+6,-5}
                                 0.689    -0.332     1.417     1.870     0.950
------------------------------------------------------------------------------
     Sum of momenta:            -5e-05    -4e-05    -5e-05      31.8      31.8
------------------------------------------------------------------------------
Step 3 performed by ClusterHadHandler
--- intermediates:
 24         s       3 [12] (46)   {+1}
                                -0.063    -1.400     0.512     1.558     0.450
 25      sbar      -3 [12] (47)   {-2}
                                 0.227    -1.290     0.547     1.489     0.450
 26         u       2 [13] (40)   {+3}
                                -0.253     0.092     0.492     0.648     0.325
 27      ubar      -2 [13] (48)   {-4}
                                -1.728     0.408     3.377     3.829     0.325
 28         u       2 [14] (45)   {+5}
                                -0.805     0.106    -0.254     0.911     0.325
 29      ubar      -2 [14] (41)   {-6}
                                -0.121     0.350     0.093     0.501     0.325
 30         d       1 [21] (44)   {+7}
                                 3.644     2.109    -4.622     6.260     0.325
 31      dbar      -1 [21] (43)   {-8}
                                 1.616     0.500    -1.728     2.440     0.325
 32         u       2 [22] (42)   {+8}
                                 0.005     0.828    -0.973     1.318     0.325
 33      ubar      -2 [22] (44)   {-1}
                                 0.210     0.134    -0.101     0.422     0.325
 34         u       2 [23] (47)   {+6}
                                 0.591    -0.310     1.323     1.516     0.325
 35      ubar      -2 [23] (45)   {-5}
                                 0.099    -0.022     0.094     0.353     0.325
 36         d       1 [19] (41)   {+2}
                                -0.397     0.335    -0.230     0.655     0.325
 37      dbar      -1 [19] (42)   {-9}
                                 0.040     0.810     0.109     0.880     0.325
 38         d       1 [20] (48)   {+9}
                                -2.529     0.090     1.897     3.180     0.325
 39      dbar      -1 [20] (40)   {-3}
                                -1.074     0.157     0.383     1.196     0.325
 40   Cluster      81 [26,39] (59,60)   
                                -1.327     0.249     0.875     1.844     0.901
 41   Cluster      81 [29,36] (51,52)   
                                -0.517     0.685    -0.137     1.156     0.761
 42   Cluster      81 [32,37] (53,54)   
                                 0.045     1.638    -0.864     2.198     1.185
 43   Cluster      81 [16,31] (49,50)   
                                 3.474    -0.217    -2.109     4.493     1.904
 44   Cluster      81 [30,33] (55,56)   
                                 3.854     2.243    -4.723     6.682     1.569
 45   Cluster      81 [28,35] (63,64)   
                                -0.706     0.084    -0.159     1.264     1.033
 46   Cluster      81 [17,24] (57,58)   
                                -1.383    -3.579    -0.026     4.183     1.665
 47   Cluster      81 [25,34] (65,66)   
                                 0.818    -1.600     1.869     3.006     1.520
 48   Cluster      81 [27,38] (61,62)   
                                -4.257     0.497     5.273     7.008     1.713
--- final:
 49        p+    2212 [43]    
                                 1.670    -0.019    -1.170     2.245     0.938
 50     pbar-   -2212 [43]    
                                 1.803    -0.198    -0.939     2.248     0.938
 51       pi-    -211 [41]    
                                -0.281     0.167    -0.075     0.363     0.140
 52       eta     221 [41] (67,68)   
                                -0.236     0.518    -0.062     0.792     0.548
 53      rho+     213 [42] (69,70)   
                                -0.122     0.864    -0.337     1.239     0.812
 54       pi0     111 [42] (73,74)   
                                 0.167     0.773    -0.526     0.960     0.135
 55      rho0     113 [44] (75,76)   
                                 2.487     0.905    -3.285     4.285     0.753
 56       pi-    -211 [44]    
                                 1.367     1.337    -1.438     2.396     0.140
 57  K*_2bar0    -315 [46] (77,78)   
                                -0.732    -2.578     0.222     2.956     1.227
 58       pi0     111 [46] (79,80)   
                                -0.651    -1.001    -0.248     1.226     0.135
 59       pi+     211 [40]    
                                -0.391     0.307     0.148     0.537     0.140
 60       eta     221 [40] (81..83)   
                                -0.936    -0.059     0.727     1.307     0.548
 61      rho-    -213 [48] (90,91)   
                                -2.178     0.091     3.406     4.076     0.505
 62      rho0     113 [48] (94,95)   
                                -2.079     0.406     1.867     2.932     0.791
 63      rho+     213 [45] (96,97)   
                                -0.453     0.115    -0.044     0.951     0.827
 64       pi-    -211 [45]    
                                -0.253    -0.031    -0.115     0.313     0.140
 65      rho0     113 [47] (100,101)   
                                 0.792    -1.195     1.638     2.326     0.820
 66        K+     321 [47]    
                                 0.026    -0.405     0.231     0.679     0.494
------------------------------------------------------------------------------
     Sum of momenta:            -5e-05    -4e-05    -5e-05      31.8      31.8
------------------------------------------------------------------------------
Step 4 performed by DecayHandler
--- intermediates:
 69       pi0     111 [53] (71,72)   
                                -0.015     0.028    -0.358     0.383     0.135
 81       pi0     111 [60] (84,85)   
                                -0.565    -0.066     0.355     0.685     0.135
 82       pi0     111 [60] (86,87)   
                                -0.249    -0.077     0.264     0.395     0.135
 83       pi0     111 [60] (88,89)   
                                -0.122     0.085     0.107     0.227     0.135
 90       pi0     111 [61] (92,93)   
                                -0.994     0.236     1.723     2.008     0.135
 96       pi0     111 [63] (98,99)   
                                -0.625    -0.090    -0.066     0.649     0.135
--- final:
 49        p+    2212 [43]    
                                 1.670    -0.019    -1.170     2.245     0.938
 50     pbar-   -2212 [43]    
                                 1.803    -0.198    -0.939     2.248     0.938
 51       pi-    -211 [41]    
                                -0.281     0.167    -0.075     0.363     0.140
 56       pi-    -211 [44]    
                                 1.367     1.337    -1.438     2.396     0.140
 59       pi+     211 [40]    
                                -0.391     0.307     0.148     0.537     0.140
 64       pi-    -211 [45]    
                                -0.253    -0.031    -0.115     0.313     0.140
 66        K+     321 [47]    
                                 0.026    -0.405     0.231     0.679     0.494
 67     gamma      22 [52]    
                                -0.084     0.413    -0.281     0.506     0.000
 68     gamma      22 [52]    
                                -0.152     0.105     0.218     0.286     0.000
 70       pi+     211 [53]    
                                -0.106     0.837     0.020     0.855     0.140
 71     gamma      22 [69]    
                                -0.056    -0.029    -0.115     0.131     0.000
 72     gamma      22 [69]    
                                 0.041     0.056    -0.242     0.252     0.000
 73     gamma      22 [54]    
                                 0.107     0.528    -0.281     0.608     0.000
 74     gamma      22 [54]    
                                 0.060     0.245    -0.245     0.352     0.000
 75       pi+     211 [55]    
                                 0.518     0.133    -0.314     0.635     0.140
 76       pi-    -211 [55]    
                                 1.969     0.772    -2.971     3.650     0.140
 77        K-    -321 [57]    
                                -0.261    -0.391    -0.108     0.690     0.494
 78       pi+     211 [57]    
                                -0.472    -2.187     0.330     2.266     0.140
 79     gamma      22 [58]    
                                -0.362    -0.673    -0.174     0.784     0.000
 80     gamma      22 [58]    
                                -0.288    -0.328    -0.074     0.443     0.000
 84     gamma      22 [81]    
                                -0.516    -0.097     0.304     0.607     0.000
 85     gamma      22 [81]    
                                -0.050     0.031     0.051     0.078     0.000
 86     gamma      22 [82]    
                                 0.010    -0.012    -0.004     0.016     0.000
 87     gamma      22 [82]    
                                -0.259    -0.065     0.268     0.379     0.000
 88     gamma      22 [83]    
                                -0.058     0.039    -0.024     0.074     0.000
 89     gamma      22 [83]    
                                -0.063     0.045     0.132     0.153     0.000
 91       pi-    -211 [61]    
                                -1.184    -0.145     1.683     2.068     0.140
 92     gamma      22 [90]    
                                -0.377     0.128     0.566     0.692     0.000
 93     gamma      22 [90]    
                                -0.617     0.108     1.158     1.316     0.000
 94       pi+     211 [62]    
                                -0.129     0.228     0.215     0.367     0.140
 95       pi-    -211 [62]    
                                -1.950     0.178     1.652     2.566     0.140
 97       pi+     211 [63]    
                                 0.172     0.205     0.022     0.302     0.140
 98     gamma      22 [96]    
                                -0.332    -0.082     0.023     0.343     0.000
 99     gamma      22 [96]    
                                -0.293    -0.008    -0.089     0.306     0.000
100       pi+     211 [65]    
                                 0.566    -0.193     0.637     0.885     0.140
101       pi-    -211 [65]    
                                 0.226    -1.003     1.001     1.441     0.140
------------------------------------------------------------------------------
     Sum of momenta:            -5e-05    -4e-05    -5e-05      31.8      31.8

The following exception classes were reported in this run:
ThePEG::EventHandler::ConsistencyException warning (1 times)
ThePEG::LesHouchesReader::LesHouchesReopenWarning warning (1 times)
