>>>>>>>>>>>>>>>>>>>>>>>>>>>>>>>>>>>>>>>>>>>>>>>>>>>>>>>>>>>>>>>>>>>>>>>>>>>>>>
>>>> Toolkit for HEP Event Generation - ThePEG 2.2.0 <<<<<<<<<<<<<<<<<<<<<<<<<
>>>> Tue Jun 30 00:17:44 2020                                             <<<<
<<<<<<<<<<<<<<<<<<<<<<<<<<<<<<<<<<<<<<<<<<<<<<<<<<<<<<<<<<<<<<<<<<<<<<<<<<<<<<

>> Herwig 7.2.0 / ThePEG 2.2.0

/Herwig/EventHandlers/NoCuts:
MHat  = 2 .. 14.8935 GeV
Scale = 0 .. 1e+12 GeV2
YHat  = -100 .. 100
X1    = 0 .. 1
X2    = 0 .. 1

* A warning exception of type ThePEG::LesHouchesReader::LesHouchesReopenWarning occurred while generating event number 1: 
Reopening LesHouchesReader 'myReader' after accessing 2 events out of 1
* A warning exception of type ThePEG::EventHandler::ConsistencyException occurred while generating event number 1: 
Event handler 'myLesHouchesHandler' found energy-momentum non-conservation by (3.12639e-16,-1e-05,-3e-05;-4.9723e-11) GeV after generating step number 4.

******************************************************************************
Event number 1 (id: ./OUTPUT/0.95MB1.05/1511300933/TMP/Cluster_HERWIGOutput_2) performed by myLesHouchesHandler
Weight: 1
==============================================================================

--- Colliding particles:
  1        e-      11  (3)   
                                 3.723     0.000    -0.000     3.723     0.000
  2        e+     -11  (3)   
                                -3.723     0.000     0.000     3.723     0.000
------------------------------------------------------------------------------
Primary sub-process performed by myReader
--- incoming:
  1        e-      11  (3)   
                                 3.723     0.000    -0.000     3.723     0.000
  2        e+     -11  (3)   
                                -3.723     0.000     0.000     3.723     0.000
--- intermediates:
  3     gamma      22 [1,2] (4..7)   
                                 0.000     0.000    -0.000     7.447     7.447
--- outgoing:
  4         g      21 [3] (8)  5>>7 {+1,-2}
                                -0.779     0.600     3.243     3.389     0.000
  5         g      21 [3] (9)  6>>4 {+2,-3}
                                 0.521    -0.628    -0.786     1.133     0.000
  6         g      21 [3] (10)  7>>5 {+3,-4}
                                 0.858     0.322    -1.463     1.727     0.000
  7         g      21 [3] (11)  4>>6 {+4,-1}
                                -0.600    -0.294    -0.994     1.198     0.000
------------------------------------------------------------------------------
Step 1 performed by myLesHouchesHandler
--- intermediates:
  1        e-      11  (3)   
                                 3.723     0.000    -0.000     3.723     0.000
  2        e+     -11  (3)   
                                -3.723     0.000     0.000     3.723     0.000
  3     gamma      22 [1,2] (4..7)   
                                 0.000     0.000    -0.000     7.447     7.447
--- final:
  4         g      21 [3] (8)  5>>7 {+1,-2}
                                -0.779     0.600     3.243     3.389     0.000
  5         g      21 [3] (9)  6>>4 {+2,-3}
                                 0.521    -0.628    -0.786     1.133     0.000
  6         g      21 [3] (10)  7>>5 {+3,-4}
                                 0.858     0.322    -1.463     1.727     0.000
  7         g      21 [3] (11)  4>>6 {+4,-1}
                                -0.600    -0.294    -0.994     1.198     0.000
------------------------------------------------------------------------------
     Sum of momenta:            -1e-05    -1e-05    -3e-05      7.45      7.45
------------------------------------------------------------------------------
Step 2 performed by ShowerHandler
--- final:
  8         g      21 [4] (12,13)  9>>11 {+1,-2}
                                -0.652     0.502     2.716     2.993     0.950
  9         g      21 [5] (14,15)  10>>8 {+2,-3}
                                 0.436    -0.526    -0.658     1.343     0.950
 10         g      21 [6] (16,17)  11>>9 {+3,-4}
                                 0.718     0.270    -1.225     1.730     0.950
 11         g      21 [7] (18,19)  8>>10 {+4,-1}
                                -0.503    -0.246    -0.833     1.382     0.950
------------------------------------------------------------------------------
     Sum of momenta:            -1e-05    -1e-05    -3e-05      7.45      7.45
------------------------------------------------------------------------------
Step 3 performed by ClusterHadHandler
--- intermediates:
 12         d       1 [8] (20)   {+1}
                                -0.446     0.014     1.823     1.905     0.325
 13      dbar      -1 [8] (21)   {-2}
                                -0.207     0.488     0.893     1.088     0.325
 14         d       1 [9] (21)   {+2}
                                 0.099    -0.574    -0.538     0.857     0.325
 15      dbar      -1 [9] (22)   {-3}
                                 0.337     0.048    -0.120     0.486     0.325
 16         s       3 [10] (22)   {+3}
                                 0.247     0.174    -0.712     0.895     0.450
 17      sbar      -3 [10] (23)   {-4}
                                 0.471     0.096    -0.513     0.835     0.450
 18         d       1 [11] (23)   {+4}
                                -0.290    -0.235    -0.860     0.992     0.325
 19      dbar      -1 [11] (20)   {-1}
                                -0.213    -0.011     0.027     0.389     0.325
 20   Cluster      81 [12,19] (24,25)   
                                -0.658     0.003     1.850     2.294     1.186
 21   Cluster      81 [13,14] (26,27)   
                                -0.108    -0.086     0.355     1.945     1.907
 22   Cluster      81 [15,16] (30,31)   
                                 0.584     0.222    -0.832     1.381     0.908
 23   Cluster      81 [17,18] (28,29)   
                                 0.181    -0.139    -1.373     1.827     1.183
--- final:
 24       pi0     111 [20] (32,33)   
                                -0.295    -0.177     1.022     1.087     0.135
 25     omega     223 [20] (34,35)   
                                -0.363     0.180     0.828     1.207     0.779
 26    K*bar0    -313 [21] (40,41)   
                                -0.209    -0.630    -0.244     0.989     0.692
 27        K0     311 [21] (42)   
                                 0.102     0.545     0.598     0.955     0.498
 28        K0     311 [23] (43)   
                                 0.191    -0.280    -0.195     0.633     0.498
 29       pi0     111 [23] (46,47)   
                                -0.010     0.141    -1.178     1.194     0.135
 30       pi+     211 [22]    
                                 0.319    -0.130    -0.544     0.659     0.140
 31        K-    -321 [22]    
                                 0.266     0.352    -0.288     0.722     0.494
------------------------------------------------------------------------------
     Sum of momenta:            -1e-05    -1e-05    -3e-05      7.45      7.45
------------------------------------------------------------------------------
Step 4 performed by DecayHandler
--- intermediates:
 34      rho0     113 [25] (36,37)   
                                -0.503     0.110     0.747     0.985     0.385
 35       pi0     111 [25] (38,39)   
                                 0.140     0.070     0.082     0.222     0.135
 43      K_S0     310 [28] (44,45)   
                                 0.191    -0.280    -0.195     0.633     0.498
--- final:
 30       pi+     211 [22]    
                                 0.319    -0.130    -0.544     0.659     0.140
 31        K-    -321 [22]    
                                 0.266     0.352    -0.288     0.722     0.494
 32     gamma      22 [24]    
                                -0.053    -0.029     0.379     0.384     0.000
 33     gamma      22 [24]    
                                -0.243    -0.148     0.642     0.703     0.000
 36       pi+     211 [34]    
                                -0.259     0.116     0.574     0.655     0.140
 37       pi-    -211 [34]    
                                -0.244    -0.006     0.173     0.330     0.140
 38     gamma      22 [35]    
                                 0.108     0.027    -0.015     0.112     0.000
 39     gamma      22 [35]    
                                 0.032     0.043     0.096     0.110     0.000
 40        K-    -321 [26]    
                                -0.077    -0.387    -0.249     0.679     0.494
 41       pi+     211 [26]    
                                -0.133    -0.244     0.005     0.311     0.140
 42      K_L0     130 [27]    
                                 0.102     0.545     0.598     0.955     0.498
 44       pi+     211 [43]    
                                -0.071    -0.215    -0.194     0.329     0.140
 45       pi-    -211 [43]    
                                 0.262    -0.065    -0.001     0.304     0.140
 46     gamma      22 [29]    
                                 0.061     0.047    -0.449     0.456     0.000
 47     gamma      22 [29]    
                                -0.071     0.094    -0.729     0.738     0.000
------------------------------------------------------------------------------
     Sum of momenta:            -1e-05    -1e-05    -3e-05      7.45      7.45

The following exception classes were reported in this run:
ThePEG::EventHandler::ConsistencyException warning (1 times)
ThePEG::LesHouchesReader::LesHouchesReopenWarning warning (1 times)
