>>>>>>>>>>>>>>>>>>>>>>>>>>>>>>>>>>>>>>>>>>>>>>>>>>>>>>>>>>>>>>>>>>>>>>>>>>>>>>
>>>> Toolkit for HEP Event Generation - ThePEG 2.2.0 <<<<<<<<<<<<<<<<<<<<<<<<<
>>>> Tue Jun 30 00:36:28 2020                                             <<<<
<<<<<<<<<<<<<<<<<<<<<<<<<<<<<<<<<<<<<<<<<<<<<<<<<<<<<<<<<<<<<<<<<<<<<<<<<<<<<<

>> Herwig 7.2.0 / ThePEG 2.2.0

/Herwig/EventHandlers/NoCuts:
MHat  = 2 .. 54.1645 GeV
Scale = 0 .. 1e+12 GeV2
YHat  = -100 .. 100
X1    = 0 .. 1
X2    = 0 .. 1

* A warning exception of type ThePEG::LesHouchesReader::LesHouchesReopenWarning occurred while generating event number 1: 
Reopening LesHouchesReader 'myReader' after accessing 2 events out of 1
* A warning exception of type ThePEG::EventHandler::ConsistencyException occurred while generating event number 1: 
Event handler 'myLesHouchesHandler' found energy-momentum non-conservation by (-1e-05,-3e-05,-2e-05;9.99812e-06) GeV after generating step number 4.

******************************************************************************
Event number 1 (id: ./OUTPUT/0.95MB1.05/1512769616/TMP/Cluster_HERWIGOutput_26) performed by myLesHouchesHandler
Weight: 1
==============================================================================

--- Colliding particles:
  1        e-      11  (3)   
                                13.541     0.000    -0.000    13.541     0.000
  2        e+     -11  (3)   
                               -13.541     0.000     0.000    13.541     0.000
------------------------------------------------------------------------------
Primary sub-process performed by myReader
--- incoming:
  1        e-      11  (3)   
                                13.541     0.000    -0.000    13.541     0.000
  2        e+     -11  (3)   
                               -13.541     0.000     0.000    13.541     0.000
--- intermediates:
  3     gamma      22 [1,2] (4..8)   
                                 0.000     0.000    -0.000    27.082    27.082
--- outgoing:
  4         g      21 [3] (9)  5>>8 {+1,-2}
                                -1.198    -1.095     7.743     7.912     0.000
  5         g      21 [3] (12)  6>>4 {+2,-3}
                                -0.974     1.934     2.806     3.544     0.000
  6         g      21 [3] (13)  7>>5 {+3,-4}
                                -3.035    -2.995    -6.665     7.913     0.000
  7         g      21 [3] (14)  8>>6 {+4,-5}
                                 0.939     0.727     0.626     1.342     0.000
  8         g      21 [3] (15)  4>>7 {+5,-1}
                                 4.269     1.429    -4.510     6.372     0.000
------------------------------------------------------------------------------
Step 1 performed by myLesHouchesHandler
--- intermediates:
  1        e-      11  (3)   
                                13.541     0.000    -0.000    13.541     0.000
  2        e+     -11  (3)   
                               -13.541     0.000     0.000    13.541     0.000
  3     gamma      22 [1,2] (4..8)   
                                 0.000     0.000    -0.000    27.082    27.082
--- final:
  4         g      21 [3] (9)  5>>8 {+1,-2}
                                -1.198    -1.095     7.743     7.912     0.000
  5         g      21 [3] (12)  6>>4 {+2,-3}
                                -0.974     1.934     2.806     3.544     0.000
  6         g      21 [3] (13)  7>>5 {+3,-4}
                                -3.035    -2.995    -6.665     7.913     0.000
  7         g      21 [3] (14)  8>>6 {+4,-5}
                                 0.939     0.727     0.626     1.342     0.000
  8         g      21 [3] (15)  4>>7 {+5,-1}
                                 4.269     1.429    -4.510     6.372     0.000
------------------------------------------------------------------------------
     Sum of momenta:            -2e-05    -3e-05    -2e-05      27.1      27.1
------------------------------------------------------------------------------
Step 2 performed by ShowerHandler
--- intermediates:
  9         g      21 [4] (10,11)   {+1,-2}
                                -0.992    -0.906     6.408     7.322     3.278
 15         g      21 [8] (16,17)   {+5,-1}
                                 3.532     1.183    -3.732     8.600     6.793
 17      ubar      -2 [15] (18,19)   {-1}
                                 4.093     2.626    -2.311     6.472     3.592
--- final:
 10         g      21 [9] (26,27)  12>>11 {+6,-2}
                                -1.698    -0.160     4.849     5.227     0.950
 11         g      21 [9] (28,29)  10>>19 {+1,-6}
                                 0.706    -0.746     1.559     2.095     0.950
 12         g      21 [5] (20,21)  13>>10 {+2,-3}
                                -0.806     1.600     2.322     3.083     0.950
 13         g      21 [6] (22,23)  14>>12 {+3,-4}
                                -2.511    -2.479    -5.516     6.616     0.950
 14         g      21 [7] (24,25)  16>>13 {+4,-5}
                                 0.777     0.601     0.518     1.462     0.950
 16         u       2 [15] (38)  >14 {+5}
                                -0.561    -1.444    -1.422     2.127     0.325
 18      ubar      -2 [17] (33)  19> {-7}
                                 2.402     0.837    -2.791     3.790     0.325
 19         g      21 [17] (30,31)  11>>18 {+7,-1}
                                 1.691     1.790     0.480     2.682     0.950
------------------------------------------------------------------------------
     Sum of momenta:            -2e-05    -3e-05    -2e-05      27.1      27.1
------------------------------------------------------------------------------
Step 3 performed by ClusterHadHandler
--- intermediates:
 20         u       2 [12] (34)   {+2}
                                -0.443     0.639     0.541     1.002     0.325
 21      ubar      -2 [12] (35)   {-3}
                                -0.363     0.961     1.780     2.081     0.325
 22         u       2 [13] (36)   {+3}
                                -1.953    -2.112    -4.628     5.459     0.325
 23      ubar      -2 [13] (38)   {-4}
                                -0.558    -0.367    -0.888     1.158     0.325
 24         d       1 [14] (37)   {+4}
                                 0.105     0.020    -0.067     0.349     0.325
 25      dbar      -1 [14] (34)   {-5}
                                 0.672     0.582     0.586     1.113     0.325
 26         u       2 [10] (35)   {+6}
                                -1.156    -0.040     3.900     4.081     0.325
 27      ubar      -2 [10] (37)   {-2}
                                -0.542    -0.120     0.949     1.147     0.325
 28         s       3 [11] (32)   {+1}
                                 0.224    -0.406     0.596     0.879     0.450
 29      sbar      -3 [11] (36)   {-6}
                                 0.482    -0.340     0.963     1.216     0.450
 30         s       3 [19] (33)   {+7}
                                 0.552     0.627     0.128     0.957     0.450
 31      sbar      -3 [19] (32)   {-1}
                                 1.139     1.163     0.352     1.725     0.450
 32   Cluster      81 [28,31] (41,42)   
                                 1.363     0.757     0.948     2.604     1.858
 33   Cluster      81 [18,30] (45,46)   
                                 2.954     1.464    -2.662     4.747     2.140
 34   Cluster      81 [20,25] (43,44)   
                                 0.229     1.221     1.127     2.114     1.288
 35   Cluster      81 [21,26] (49,50)   
                                -1.520     0.921     5.680     6.162     1.596
 36   Cluster      81 [22,29] (39,40)   
                                -1.471    -2.452    -3.665     6.675     4.790
 37   Cluster      81 [24,27] (51,52)   
                                -0.437    -0.101     0.882     1.495     1.121
 38   Cluster      81 [16,23] (47,48)   
                                -1.119    -1.810    -2.309     3.285     0.963
 39   Cluster      81 [36] (53,54)   
                                -1.568    -1.790    -3.735     4.662     1.458
 40   Cluster      81 [36] (55,56)   
                                 0.097    -0.662     0.070     2.012     1.897
--- final:
 41   K_1bar0  -10313 [32] (57,58)   
                                 1.270     0.741     0.748     2.060     1.233
 42        K0     311 [32] (63)   
                                 0.092     0.016     0.199     0.544     0.498
 43       pi0     111 [34] (64,65)   
                                 0.249     0.883     0.856     1.262     0.135
 44      rho+     213 [34] (66,67)   
                                -0.020     0.337     0.271     0.852     0.734
 45    omega'  100223 [33] (70,71)   
                                 2.600     1.035    -2.193     3.868     1.523
 46        K-    -321 [33]    
                                 0.354     0.429    -0.469     0.879     0.494
 47      rho+     213 [38] (80,81)   
                                -0.537    -1.266    -1.431     2.091     0.657
 48       pi-    -211 [38]    
                                -0.582    -0.544    -0.878     1.194     0.140
 49       pi+     211 [35]    
                                -0.009     0.023     0.101     0.174     0.140
 50      a_2-    -215 [35] (84,85)   
                                -1.510     0.898     5.580     5.988     1.280
 51        K0     311 [37] (88)   
                                -0.122     0.044     0.128     0.530     0.498
 52        K-    -321 [37]    
                                -0.315    -0.145     0.754     0.965     0.494
 53       pi+     211 [39]    
                                 0.206    -0.389    -0.310     0.556     0.140
 54       pi-    -211 [39]    
                                -1.774    -1.400    -3.426     4.106     0.140
 55      K'*0  100313 [40] (89,90)   
                                 0.327    -0.924     0.380     1.526     1.107
 56       pi+     211 [40]    
                                -0.229     0.261    -0.310     0.486     0.140
------------------------------------------------------------------------------
     Sum of momenta:            -2e-05    -3e-05    -2e-05      27.1      27.1
------------------------------------------------------------------------------
Step 4 performed by DecayHandler
--- intermediates:
 57       K*-    -323 [41] (59,60)   
                                 0.719     0.408     0.335     1.281     0.920
 60       pi0     111 [57] (61,62)   
                                 0.289     0.425     0.331     0.627     0.135
 66       pi0     111 [44] (68,69)   
                                 0.249     0.046    -0.088     0.300     0.135
 70      b_1+   10213 [45] (72,73)   
                                 1.949     0.941    -1.726     3.049     1.278
 72     omega     223 [70] (74,75)   
                                 1.840     1.089    -1.622     2.796     0.784
 74      rho0     113 [72] (76,77)   
                                 1.430     0.868    -1.367     2.248     0.621
 75       pi0     111 [72] (78,79)   
                                 0.411     0.221    -0.255     0.549     0.135
 80       pi0     111 [47] (82,83)   
                                -0.115    -0.455    -0.150     0.511     0.135
 84      rho0     113 [50] (86,87)   
                                -1.300     1.044     4.749     5.108     0.871
 89       K*+     323 [55] (91,92)   
                                 0.385    -0.826     0.444     1.335     0.869
 91        K0     311 [89] (93)   
                                 0.461    -0.857     0.349     1.147     0.498
 93      K_S0     310 [91] (94,95)   
                                 0.461    -0.857     0.349     1.147     0.498
--- final:
 46        K-    -321 [33]    
                                 0.354     0.429    -0.469     0.879     0.494
 48       pi-    -211 [38]    
                                -0.582    -0.544    -0.878     1.194     0.140
 49       pi+     211 [35]    
                                -0.009     0.023     0.101     0.174     0.140
 52        K-    -321 [37]    
                                -0.315    -0.145     0.754     0.965     0.494
 53       pi+     211 [39]    
                                 0.206    -0.389    -0.310     0.556     0.140
 54       pi-    -211 [39]    
                                -1.774    -1.400    -3.426     4.106     0.140
 56       pi+     211 [40]    
                                -0.229     0.261    -0.310     0.486     0.140
 58       pi+     211 [41]    
                                 0.552     0.333     0.413     0.778     0.140
 59        K-    -321 [57]    
                                 0.430    -0.018     0.004     0.655     0.494
 61     gamma      22 [60]    
                                 0.027     0.074     0.110     0.135     0.000
 62     gamma      22 [60]    
                                 0.262     0.352     0.221     0.491     0.000
 63      K_L0     130 [42]    
                                 0.092     0.016     0.199     0.544     0.498
 64     gamma      22 [43]    
                                 0.155     0.342     0.300     0.481     0.000
 65     gamma      22 [43]    
                                 0.094     0.541     0.556     0.782     0.000
 67       pi+     211 [44]    
                                -0.268     0.291     0.359     0.552     0.140
 68     gamma      22 [66]    
                                 0.178     0.001    -0.115     0.211     0.000
 69     gamma      22 [66]    
                                 0.071     0.046     0.027     0.088     0.000
 71       pi-    -211 [45]    
                                 0.651     0.093    -0.467     0.818     0.140
 73       pi+     211 [70]    
                                 0.109    -0.148    -0.104     0.253     0.140
 76       pi+     211 [74]    
                                 0.264     0.037    -0.065     0.308     0.140
 77       pi-    -211 [74]    
                                 1.165     0.831    -1.302     1.940     0.140
 78     gamma      22 [75]    
                                 0.338     0.210    -0.160     0.429     0.000
 79     gamma      22 [75]    
                                 0.073     0.012    -0.094     0.120     0.000
 81       pi+     211 [47]    
                                -0.422    -0.811    -1.281     1.580     0.140
 82     gamma      22 [80]    
                                -0.140    -0.302    -0.098     0.347     0.000
 83     gamma      22 [80]    
                                 0.026    -0.153    -0.053     0.164     0.000
 85       pi-    -211 [50]    
                                -0.210    -0.146     0.831     0.880     0.140
 86       pi+     211 [84]    
                                -1.308     0.718     3.447     3.759     0.140
 87       pi-    -211 [84]    
                                 0.007     0.326     1.302     1.349     0.140
 88      K_L0     130 [51]    
                                -0.122     0.044     0.128     0.530     0.498
 90       pi-    -211 [55]    
                                -0.058    -0.098    -0.064     0.191     0.140
 92       pi+     211 [89]    
                                -0.076     0.031     0.095     0.188     0.140
 94       pi+     211 [93]    
                                 0.489    -0.618     0.340     0.870     0.140
 95       pi-    -211 [93]    
                                -0.028    -0.238     0.010     0.278     0.140
------------------------------------------------------------------------------
     Sum of momenta:            -2e-05    -3e-05    -2e-05      27.1      27.1

The following exception classes were reported in this run:
ThePEG::EventHandler::ConsistencyException warning (1 times)
ThePEG::LesHouchesReader::LesHouchesReopenWarning warning (1 times)
