>>>>>>>>>>>>>>>>>>>>>>>>>>>>>>>>>>>>>>>>>>>>>>>>>>>>>>>>>>>>>>>>>>>>>>>>>>>>>>
>>>> Toolkit for HEP Event Generation - ThePEG 2.2.0 <<<<<<<<<<<<<<<<<<<<<<<<<
>>>> Tue Jun 30 01:00:55 2020                                             <<<<
<<<<<<<<<<<<<<<<<<<<<<<<<<<<<<<<<<<<<<<<<<<<<<<<<<<<<<<<<<<<<<<<<<<<<<<<<<<<<<

>> Herwig 7.2.0 / ThePEG 2.2.0

/Herwig/EventHandlers/NoCuts:
MHat  = 2 .. 12.2695 GeV
Scale = 0 .. 1e+12 GeV2
YHat  = -100 .. 100
X1    = 0 .. 1
X2    = 0 .. 1

* A warning exception of type ThePEG::LesHouchesReader::LesHouchesReopenWarning occurred while generating event number 1: 
Reopening LesHouchesReader 'myReader' after accessing 2 events out of 1
* A warning exception of type ThePEG::EventHandler::ConsistencyException occurred while generating event number 1: 
Event handler 'myLesHouchesHandler' found energy-momentum non-conservation by (-1e-05,-3e-05,-3e-05;9.99964e-06) GeV after generating step number 4.

******************************************************************************
Event number 1 (id: ./OUTPUT/0.95MB1.05/1513763215/TMP/Cluster_HERWIGOutput_34) performed by myLesHouchesHandler
Weight: 1
==============================================================================

--- Colliding particles:
  1        e-      11  (3)   
                                 3.067     0.000    -0.000     3.067     0.000
  2        e+     -11  (3)   
                                -3.067     0.000     0.000     3.067     0.000
------------------------------------------------------------------------------
Primary sub-process performed by myReader
--- incoming:
  1        e-      11  (3)   
                                 3.067     0.000    -0.000     3.067     0.000
  2        e+     -11  (3)   
                                -3.067     0.000     0.000     3.067     0.000
--- intermediates:
  3     gamma      22 [1,2] (4..7)   
                                -0.000     0.000     0.000     6.135     6.135
--- outgoing:
  4         g      21 [3] (8)  7>>6 {+1,-2}
                                 0.710    -0.131    -0.483     0.869     0.000
  5         g      21 [3] (9)  6>>7 {+3,-4}
                                 1.077    -0.628     0.776     1.469     0.000
  6         g      21 [3] (10)  4>>5 {+4,-1}
                                -1.645    -1.004    -0.561     2.008     0.000
  7         g      21 [3] (11)  5>>4 {+2,-3}
                                -0.142     1.763     0.267     1.789     0.000
------------------------------------------------------------------------------
Step 1 performed by myLesHouchesHandler
--- intermediates:
  1        e-      11  (3)   
                                 3.067     0.000    -0.000     3.067     0.000
  2        e+     -11  (3)   
                                -3.067     0.000     0.000     3.067     0.000
  3     gamma      22 [1,2] (4..7)   
                                -0.000     0.000     0.000     6.135     6.135
--- final:
  4         g      21 [3] (8)  7>>6 {+1,-2}
                                 0.710    -0.131    -0.483     0.869     0.000
  5         g      21 [3] (9)  6>>7 {+3,-4}
                                 1.077    -0.628     0.776     1.469     0.000
  6         g      21 [3] (10)  4>>5 {+4,-1}
                                -1.645    -1.004    -0.561     2.008     0.000
  7         g      21 [3] (11)  5>>4 {+2,-3}
                                -0.142     1.763     0.267     1.789     0.000
------------------------------------------------------------------------------
     Sum of momenta:            -2e-05    -3e-05    -3e-05      6.13      6.13
------------------------------------------------------------------------------
Step 2 performed by ShowerHandler
--- final:
  8         g      21 [4] (12,13)  11>>10 {+1,-2}
                                 0.548    -0.101    -0.373     1.163     0.950
  9         g      21 [5] (14,15)  10>>11 {+3,-4}
                                 0.831    -0.485     0.599     1.479     0.950
 10         g      21 [6] (16,17)  8>>9 {+4,-1}
                                -1.270    -0.775    -0.433     1.817     0.950
 11         g      21 [7] (18,19)  9>>8 {+2,-3}
                                -0.110     1.361     0.206     1.676     0.950
------------------------------------------------------------------------------
     Sum of momenta:            -2e-05    -3e-05    -3e-05      6.13      6.13
------------------------------------------------------------------------------
Step 3 performed by ClusterHadHandler
--- intermediates:
 12         d       1 [8] (20)   {+1}
                                 0.204    -0.336     0.010     0.510     0.325
 13      dbar      -1 [8] (21)   {-2}
                                 0.344     0.235    -0.383     0.653     0.325
 14         d       1 [9] (22)   {+3}
                                 0.228    -0.491     0.120     0.643     0.325
 15      dbar      -1 [9] (23)   {-4}
                                 0.603     0.006     0.479     0.836     0.325
 16         s       3 [10] (23)   {+4}
                                -0.833    -0.399    -0.329     1.079     0.450
 17      sbar      -3 [10] (20)   {-1}
                                -0.437    -0.376    -0.104     0.739     0.450
 18         d       1 [11] (21)   {+2}
                                -0.021     0.501    -0.248     0.647     0.325
 19      dbar      -1 [11] (22)   {-3}
                                -0.089     0.860     0.454     1.029     0.325
 20   Cluster      81 [12,17] (24,25)   
                                -0.233    -0.712    -0.094     1.249     0.994
 21   Cluster      81 [13,18] (26,27)   
                                 0.324     0.736    -0.631     1.300     0.803
 22   Cluster      81 [14,19] (30,31)   
                                 0.139     0.368     0.574     1.672     1.520
 23   Cluster      81 [15,16] (28,29)   
                                -0.230    -0.392     0.150     1.915     1.854
--- final:
 24       pi0     111 [20] (32,33)   
                                -0.130    -0.513     0.253     0.602     0.135
 25        K0     311 [20] (34)   
                                -0.103    -0.199    -0.347     0.647     0.498
 26       pi0     111 [21] (35,36)   
                                -0.071     0.250    -0.085     0.305     0.135
 27       eta     221 [21] (37..39)   
                                 0.395     0.486    -0.545     0.995     0.548
 28     omega     223 [23] (40,41)   
                                 0.073    -0.523    -0.030     0.945     0.783
 29    K*bar0    -313 [23] (46,47)   
                                -0.303     0.131     0.180     0.969     0.893
 30       f_1   20223 [22] (51..53)   
                                 0.232     0.316     0.648     1.485     1.277
 31       pi0     111 [22] (60,61)   
                                -0.093     0.052    -0.074     0.187     0.135
------------------------------------------------------------------------------
     Sum of momenta:            -2e-05    -3e-05    -3e-05      6.13      6.13
------------------------------------------------------------------------------
Step 4 performed by DecayHandler
--- intermediates:
 40      rho+     213 [28] (42,43)   
                                -0.049    -0.258     0.205     0.545     0.432
 42       pi0     111 [40] (44,45)   
                                 0.027     0.056     0.027     0.151     0.135
 46     Kbar0    -311 [29] (48)   
                                 0.045    -0.060    -0.021     0.504     0.498
 47       pi0     111 [29] (49,50)   
                                -0.349     0.191     0.202     0.466     0.135
 51      rho+     213 [30] (54,55)   
                                 0.201     0.110     0.003     0.707     0.669
 53       pi0     111 [30] (58,59)   
                                -0.031     0.042     0.475     0.497     0.135
 54       pi0     111 [51] (56,57)   
                                -0.011    -0.205    -0.134     0.280     0.135
--- final:
 32     gamma      22 [24]    
                                -0.153    -0.454     0.245     0.538     0.000
 33     gamma      22 [24]    
                                 0.023    -0.059     0.007     0.064     0.000
 34      K_L0     130 [25]    
                                -0.103    -0.199    -0.347     0.647     0.498
 35     gamma      22 [26]    
                                -0.055     0.073    -0.089     0.127     0.000
 36     gamma      22 [26]    
                                -0.016     0.177     0.003     0.178     0.000
 37       pi+     211 [27]    
                                 0.158     0.208    -0.384     0.485     0.140
 38       pi-    -211 [27]    
                                 0.266     0.182    -0.198     0.403     0.140
 39     gamma      22 [27]    
                                -0.029     0.097     0.036     0.107     0.000
 41       pi-    -211 [28]    
                                 0.122    -0.265    -0.235     0.400     0.140
 43       pi+     211 [40]    
                                -0.076    -0.314     0.178     0.394     0.140
 44     gamma      22 [42]    
                                -0.042    -0.020     0.011     0.048     0.000
 45     gamma      22 [42]    
                                 0.068     0.076     0.016     0.103     0.000
 48      K_L0     130 [46]    
                                 0.045    -0.060    -0.021     0.504     0.498
 49     gamma      22 [47]    
                                -0.315     0.127     0.198     0.393     0.000
 50     gamma      22 [47]    
                                -0.033     0.064     0.004     0.073     0.000
 52       pi-    -211 [30]    
                                 0.063     0.163     0.169     0.281     0.140
 55       pi+     211 [51]    
                                 0.211     0.315     0.138     0.427     0.140
 56     gamma      22 [54]    
                                -0.027    -0.202    -0.073     0.216     0.000
 57     gamma      22 [54]    
                                 0.017    -0.003    -0.062     0.064     0.000
 58     gamma      22 [53]    
                                -0.041     0.084     0.392     0.403     0.000
 59     gamma      22 [53]    
                                 0.010    -0.042     0.083     0.094     0.000
 60     gamma      22 [31]    
                                -0.114     0.071    -0.034     0.139     0.000
 61     gamma      22 [31]    
                                 0.021    -0.018    -0.040     0.049     0.000
------------------------------------------------------------------------------
     Sum of momenta:            -2e-05    -3e-05    -3e-05      6.13      6.13

The following exception classes were reported in this run:
ThePEG::EventHandler::ConsistencyException warning (1 times)
ThePEG::LesHouchesReader::LesHouchesReopenWarning warning (1 times)
