>>>>>>>>>>>>>>>>>>>>>>>>>>>>>>>>>>>>>>>>>>>>>>>>>>>>>>>>>>>>>>>>>>>>>>>>>>>>>>
>>>> Toolkit for HEP Event Generation - ThePEG 2.2.0 <<<<<<<<<<<<<<<<<<<<<<<<<
>>>> Tue Jun 30 00:44:12 2020                                             <<<<
<<<<<<<<<<<<<<<<<<<<<<<<<<<<<<<<<<<<<<<<<<<<<<<<<<<<<<<<<<<<<<<<<<<<<<<<<<<<<<

>> Herwig 7.2.0 / ThePEG 2.2.0

/Herwig/EventHandlers/NoCuts:
MHat  = 2 .. 12.867 GeV
Scale = 0 .. 1e+12 GeV2
YHat  = -100 .. 100
X1    = 0 .. 1
X2    = 0 .. 1

* A warning exception of type ThePEG::LesHouchesReader::LesHouchesReopenWarning occurred while generating event number 1: 
Reopening LesHouchesReader 'myReader' after accessing 2 events out of 1
* A warning exception of type ThePEG::EventHandler::ConsistencyException occurred while generating event number 1: 
Event handler 'myLesHouchesHandler' found energy-momentum non-conservation by (-1e-05,-3e-05,-2e-05;-4.23093e-10) GeV after generating step number 4.

******************************************************************************
Event number 1 (id: ./OUTPUT/0.95MB1.05/1513012799/TMP/Cluster_HERWIGOutput_14) performed by myLesHouchesHandler
Weight: 1
==============================================================================

--- Colliding particles:
  1        e-      11  (3)   
                                 3.217     0.000    -0.000     3.217     0.000
  2        e+     -11  (3)   
                                -3.217     0.000     0.000     3.217     0.000
------------------------------------------------------------------------------
Primary sub-process performed by myReader
--- incoming:
  1        e-      11  (3)   
                                 3.217     0.000    -0.000     3.217     0.000
  2        e+     -11  (3)   
                                -3.217     0.000     0.000     3.217     0.000
--- intermediates:
  3     gamma      22 [1,2] (4..7)   
                                -0.000     0.000    -0.000     6.433     6.433
--- outgoing:
  4         g      21 [3] (8)  5>>5 {+1,-2}
                                -1.919     1.010    -1.552     2.666     0.000
  5         g      21 [3] (9)  4>>4 {+2,-1}
                                -0.340     0.175     0.264     0.464     0.000
  6         g      21 [3] (10)  7>>7 {+3,-4}
                                 1.257    -1.368     0.296     1.881     0.000
  7         g      21 [3] (11)  6>>6 {+4,-3}
                                 1.002     0.183     0.992     1.422     0.000
------------------------------------------------------------------------------
Step 1 performed by myLesHouchesHandler
--- intermediates:
  1        e-      11  (3)   
                                 3.217     0.000    -0.000     3.217     0.000
  2        e+     -11  (3)   
                                -3.217     0.000     0.000     3.217     0.000
  3     gamma      22 [1,2] (4..7)   
                                -0.000     0.000    -0.000     6.433     6.433
--- final:
  4         g      21 [3] (8)  5>>5 {+1,-2}
                                -1.919     1.010    -1.552     2.666     0.000
  5         g      21 [3] (9)  4>>4 {+2,-1}
                                -0.340     0.175     0.264     0.464     0.000
  6         g      21 [3] (10)  7>>7 {+3,-4}
                                 1.257    -1.368     0.296     1.881     0.000
  7         g      21 [3] (11)  6>>6 {+4,-3}
                                 1.002     0.183     0.992     1.422     0.000
------------------------------------------------------------------------------
     Sum of momenta:            -2e-05    -3e-05    -2e-05      6.43      6.43
------------------------------------------------------------------------------
Step 2 performed by ShowerHandler
--- final:
  8         g      21 [4] (12,13)  9>>9 {+1,-2}
                                -1.468     0.773    -1.187     2.250     0.950
  9         g      21 [5] (14,15)  8>>8 {+2,-1}
                                -0.260     0.134     0.202     1.014     0.950
 10         g      21 [6] (16,17)  11>>11 {+3,-4}
                                 0.962    -1.047     0.226     1.724     0.950
 11         g      21 [7] (18,19)  10>>10 {+4,-3}
                                 0.767     0.140     0.759     1.444     0.950
------------------------------------------------------------------------------
     Sum of momenta:            -2e-05    -3e-05    -2e-05      6.43      6.43
------------------------------------------------------------------------------
Step 3 performed by ClusterHadHandler
--- intermediates:
 12         d       1 [8] (20)   {+1}
                                -0.610     0.004    -0.267     0.741     0.325
 13      dbar      -1 [8] (21)   {-2}
                                -0.859     0.768    -0.920     1.510     0.325
 14         d       1 [9] (21)   {+2}
                                -0.281    -0.203    -0.058     0.478     0.325
 15      dbar      -1 [9] (20)   {-1}
                                 0.021     0.337     0.260     0.536     0.325
 16         s       3 [10] (22)   {+3}
                                 0.295    -0.416     0.012     0.680     0.450
 17      sbar      -3 [10] (23)   {-4}
                                 0.666    -0.631     0.214     1.044     0.450
 18         d       1 [11] (23)   {+4}
                                 0.327    -0.025    -0.039     0.463     0.325
 19      dbar      -1 [11] (22)   {-3}
                                 0.440     0.165     0.798     0.981     0.325
 20   Cluster      81 [12,15] (24,25)   
                                -0.589     0.341    -0.007     1.276     1.080
 21   Cluster      81 [13,14] (26,27)   
                                -1.139     0.565    -0.978     1.988     1.175
 22   Cluster      81 [16,19] (30,31)   
                                 0.735    -0.250     0.809     1.661     1.225
 23   Cluster      81 [17,18] (28,29)   
                                 0.993    -0.656     0.176     1.507     0.908
--- final:
 24       pi0     111 [20] (32,33)   
                                -0.156    -0.050     0.188     0.283     0.135
 25     omega     223 [20] (34,35)   
                                -0.433     0.391    -0.195     0.993     0.779
 26     Kbar0    -311 [21] (40)   
                                -0.668     0.053    -0.698     1.088     0.498
 27        K0     311 [21] (43)   
                                -0.471     0.512    -0.280     0.900     0.498
 28        K0     311 [23] (46)   
                                 0.906    -0.759     0.058     1.283     0.498
 29       pi0     111 [23] (49,50)   
                                 0.087     0.102     0.118     0.224     0.135
 30    K*bar0    -313 [22] (51,52)   
                                 0.520    -0.359     0.534     1.272     0.965
 31       pi0     111 [22] (53,54)   
                                 0.215     0.109     0.275     0.390     0.135
------------------------------------------------------------------------------
     Sum of momenta:            -2e-05    -3e-05    -2e-05      6.43      6.43
------------------------------------------------------------------------------
Step 4 performed by DecayHandler
--- intermediates:
 34      rho0     113 [25] (36,37)   
                                -0.521     0.234     0.011     0.688     0.385
 35       pi0     111 [25] (38,39)   
                                 0.087     0.157    -0.206     0.305     0.135
 40      K_S0     310 [26] (41,42)   
                                -0.668     0.053    -0.698     1.088     0.498
 43      K_S0     310 [27] (44,45)   
                                -0.471     0.512    -0.280     0.900     0.498
 46      K_S0     310 [28] (47,48)   
                                 0.906    -0.759     0.058     1.283     0.498
--- final:
 32     gamma      22 [24]    
                                 0.007     0.021     0.061     0.065     0.000
 33     gamma      22 [24]    
                                -0.163    -0.070     0.127     0.218     0.000
 36       pi+     211 [34]    
                                -0.241     0.167     0.126     0.348     0.140
 37       pi-    -211 [34]    
                                -0.280     0.067    -0.116     0.340     0.140
 38     gamma      22 [35]    
                                 0.101     0.106    -0.205     0.252     0.000
 39     gamma      22 [35]    
                                -0.014     0.051    -0.001     0.052     0.000
 41       pi+     211 [40]    
                                -0.160     0.176    -0.136     0.308     0.140
 42       pi-    -211 [40]    
                                -0.508    -0.124    -0.563     0.781     0.140
 44       pi+     211 [43]    
                                -0.102     0.212    -0.297     0.404     0.140
 45       pi-    -211 [43]    
                                -0.370     0.300     0.017     0.496     0.140
 47       pi+     211 [46]    
                                 0.201    -0.277    -0.141     0.396     0.140
 48       pi-    -211 [46]    
                                 0.705    -0.482     0.199     0.888     0.140
 49     gamma      22 [29]    
                                 0.030    -0.019     0.075     0.083     0.000
 50     gamma      22 [29]    
                                 0.057     0.121     0.042     0.141     0.000
 51        K-    -321 [30]    
                                 0.212    -0.515     0.199     0.770     0.494
 52       pi+     211 [30]    
                                 0.308     0.156     0.336     0.502     0.140
 53     gamma      22 [31]    
                                 0.094     0.050     0.030     0.110     0.000
 54     gamma      22 [31]    
                                 0.122     0.058     0.245     0.279     0.000
------------------------------------------------------------------------------
     Sum of momenta:            -2e-05    -3e-05    -2e-05      6.43      6.43

The following exception classes were reported in this run:
ThePEG::EventHandler::ConsistencyException warning (1 times)
ThePEG::LesHouchesReader::LesHouchesReopenWarning warning (1 times)
