>>>>>>>>>>>>>>>>>>>>>>>>>>>>>>>>>>>>>>>>>>>>>>>>>>>>>>>>>>>>>>>>>>>>>>>>>>>>>>
>>>> Toolkit for HEP Event Generation - ThePEG 2.2.0 <<<<<<<<<<<<<<<<<<<<<<<<<
>>>> Tue Jun 30 00:51:53 2020                                             <<<<
<<<<<<<<<<<<<<<<<<<<<<<<<<<<<<<<<<<<<<<<<<<<<<<<<<<<<<<<<<<<<<<<<<<<<<<<<<<<<<

>> Herwig 7.2.0 / ThePEG 2.2.0

/Herwig/EventHandlers/NoCuts:
MHat  = 2 .. 19.4619 GeV
Scale = 0 .. 1e+12 GeV2
YHat  = -100 .. 100
X1    = 0 .. 1
X2    = 0 .. 1

* A warning exception of type ThePEG::LesHouchesReader::LesHouchesReopenWarning occurred while generating event number 1: 
Reopening LesHouchesReader 'myReader' after accessing 2 events out of 1
* A warning exception of type ThePEG::EventHandler::ConsistencyException occurred while generating event number 1: 
Event handler 'myLesHouchesHandler' found energy-momentum non-conservation by (-1e-05,-2e-05,-2e-05;9.99902e-06) GeV after generating step number 4.

******************************************************************************
Event number 1 (id: ./OUTPUT/0.95MB1.05/1515370160/TMP/Cluster_HERWIGOutput_29) performed by myLesHouchesHandler
Weight: 1
==============================================================================

--- Colliding particles:
  1        e-      11  (3)   
                                 4.865     0.000     0.000     4.865     0.000
  2        e+     -11  (3)   
                                -4.865     0.000     0.000     4.865     0.000
------------------------------------------------------------------------------
Primary sub-process performed by myReader
--- incoming:
  1        e-      11  (3)   
                                 4.865     0.000     0.000     4.865     0.000
  2        e+     -11  (3)   
                                -4.865     0.000     0.000     4.865     0.000
--- intermediates:
  3     gamma      22 [1,2] (4..7)   
                                 0.000     0.000     0.000     9.731     9.731
--- outgoing:
  4         g      21 [3] (8)  6>>5 {+1,-2}
                                 1.546    -0.289    -1.938     2.496     0.000
  5         g      21 [3] (9)  4>>7 {+3,-1}
                                -1.341     0.206     3.893     4.123     0.000
  6         g      21 [3] (10)  7>>4 {+2,-4}
                                -1.304    -0.075    -1.154     1.743     0.000
  7         g      21 [3] (11)  5>>6 {+4,-3}
                                 1.099     0.158    -0.801     1.369     0.000
------------------------------------------------------------------------------
Step 1 performed by myLesHouchesHandler
--- intermediates:
  1        e-      11  (3)   
                                 4.865     0.000     0.000     4.865     0.000
  2        e+     -11  (3)   
                                -4.865     0.000     0.000     4.865     0.000
  3     gamma      22 [1,2] (4..7)   
                                 0.000     0.000     0.000     9.731     9.731
--- final:
  4         g      21 [3] (8)  6>>5 {+1,-2}
                                 1.546    -0.289    -1.938     2.496     0.000
  5         g      21 [3] (9)  4>>7 {+3,-1}
                                -1.341     0.206     3.893     4.123     0.000
  6         g      21 [3] (10)  7>>4 {+2,-4}
                                -1.304    -0.075    -1.154     1.743     0.000
  7         g      21 [3] (11)  5>>6 {+4,-3}
                                 1.099     0.158    -0.801     1.369     0.000
------------------------------------------------------------------------------
     Sum of momenta:            -2e-05    -2e-05    -2e-05      9.73      9.73
------------------------------------------------------------------------------
Step 2 performed by ShowerHandler
--- final:
  8         g      21 [4] (12,13)  10>>9 {+1,-2}
                                 1.404    -0.263    -1.760     2.457     0.950
  9         g      21 [5] (14,15)  8>>11 {+3,-1}
                                -1.218     0.187     3.536     3.863     0.950
 10         g      21 [6] (16,17)  11>>8 {+2,-4}
                                -1.184    -0.068    -1.048     1.846     0.950
 11         g      21 [7] (18,19)  9>>10 {+4,-3}
                                 0.998     0.143    -0.728     1.565     0.950
------------------------------------------------------------------------------
     Sum of momenta:            -2e-05    -2e-05    -2e-05      9.73      9.73
------------------------------------------------------------------------------
Step 3 performed by ClusterHadHandler
--- intermediates:
 12         s       3 [8] (20)   {+1}
                                 0.623    -0.008    -0.927     1.204     0.450
 13      sbar      -3 [8] (21)   {-2}
                                 0.781    -0.255    -0.833     1.253     0.450
 14         d       1 [9] (22)   {+3}
                                -0.904    -0.060     2.830     2.990     0.325
 15      dbar      -1 [9] (20)   {-1}
                                -0.314     0.247     0.705     0.873     0.325
 16         u       2 [10] (21)   {+2}
                                -0.403    -0.295    -0.657     0.887     0.325
 17      ubar      -2 [10] (23)   {-4}
                                -0.781     0.227    -0.391     0.959     0.325
 18         s       3 [11] (23)   {+4}
                                 0.356    -0.026    -0.217     0.614     0.450
 19      sbar      -3 [11] (22)   {-3}
                                 0.642     0.170    -0.510     0.950     0.450
 20   Cluster      81 [12,15] (28,29)   
                                 0.309     0.239    -0.222     2.078     2.028
 21   Cluster      81 [13,16] (26,27)   
                                 0.378    -0.549    -1.490     2.140     1.384
 22   Cluster      81 [14,19] (30,31)   
                                -0.262     0.110     2.320     3.940     3.171
 23   Cluster      81 [17,18] (24,25)   
                                -0.425     0.200    -0.608     1.573     1.373
--- final:
 24       pi-    -211 [23]    
                                -0.427     0.004    -0.413     0.610     0.140
 25    K*bar0    -313 [23] (32,33)   
                                 0.002     0.197    -0.195     0.963     0.922
 26        K+     321 [21]    
                                 0.273    -0.071    -0.321     0.653     0.494
 27     omega     223 [21] (37,38)   
                                 0.105    -0.479    -1.169     1.487     0.779
 28     Kbar0    -311 [20] (43)   
                                 0.194     0.169     0.834     1.005     0.498
 29       pi0     111 [20] (46,47)   
                                 0.115     0.070    -1.056     1.073     0.135
 30     omega     223 [22] (48,49)   
                                -0.861     0.259     1.210     1.718     0.824
 31K_2(1820)0   20315 [22] (54,55)   
                                 0.599    -0.150     1.110     2.222     1.823
------------------------------------------------------------------------------
     Sum of momenta:            -2e-05    -2e-05    -2e-05      9.73      9.73
------------------------------------------------------------------------------
Step 4 performed by DecayHandler
--- intermediates:
 32     Kbar0    -311 [25] (34)   
                                -0.153    -0.112    -0.249     0.588     0.498
 33       pi0     111 [25] (35,36)   
                                 0.155     0.309     0.054     0.375     0.135
 37      rho+     213 [27] (39,40)   
                                 0.071    -0.596    -1.003     1.239     0.411
 39       pi0     111 [37] (41,42)   
                                 0.169    -0.205    -0.359     0.467     0.135
 43      K_S0     310 [28] (44,45)   
                                 0.194     0.169     0.834     1.005     0.498
 48      rho+     213 [30] (50,51)   
                                -0.557     0.083     0.661     1.051     0.592
 50       pi0     111 [48] (52,53)   
                                -0.072    -0.181     0.118     0.265     0.135
 54     K*_2+     325 [31] (56,57)   
                                 0.578    -0.177     0.545     1.638     1.422
 56       K*+     323 [54] (58,59)   
                                 0.369     0.296     0.223     1.014     0.869
 57       pi0     111 [54] (61,62)   
                                 0.209    -0.473     0.322     0.624     0.135
 58        K0     311 [56] (60)   
                                 0.109    -0.044     0.236     0.563     0.498
--- final:
 24       pi-    -211 [23]    
                                -0.427     0.004    -0.413     0.610     0.140
 26        K+     321 [21]    
                                 0.273    -0.071    -0.321     0.653     0.494
 34      K_L0     130 [32]    
                                -0.153    -0.112    -0.249     0.588     0.498
 35     gamma      22 [33]    
                                 0.086     0.091     0.074     0.146     0.000
 36     gamma      22 [33]    
                                 0.069     0.218    -0.020     0.230     0.000
 38       pi-    -211 [27]    
                                 0.034     0.117    -0.166     0.249     0.140
 40       pi+     211 [37]    
                                -0.098    -0.390    -0.643     0.771     0.140
 41     gamma      22 [39]    
                                 0.009     0.020    -0.020     0.029     0.000
 42     gamma      22 [39]    
                                 0.161    -0.225    -0.340     0.438     0.000
 44       pi+     211 [43]    
                                -0.116     0.116     0.307     0.375     0.140
 45       pi-    -211 [43]    
                                 0.311     0.053     0.526     0.629     0.140
 46     gamma      22 [29]    
                                 0.041    -0.020    -0.099     0.109     0.000
 47     gamma      22 [29]    
                                 0.073     0.090    -0.957     0.964     0.000
 49       pi-    -211 [30]    
                                -0.303     0.177     0.549     0.667     0.140
 51       pi+     211 [48]    
                                -0.486     0.263     0.542     0.787     0.140
 52     gamma      22 [50]    
                                -0.034    -0.191     0.080     0.210     0.000
 53     gamma      22 [50]    
                                -0.038     0.010     0.038     0.055     0.000
 55       pi-    -211 [31]    
                                 0.021     0.027     0.566     0.584     0.140
 59       pi+     211 [56]    
                                 0.260     0.341    -0.013     0.451     0.140
 60      K_L0     130 [58]    
                                 0.109    -0.044     0.236     0.563     0.498
 61     gamma      22 [57]    
                                 0.227    -0.423     0.274     0.553     0.000
 62     gamma      22 [57]    
                                -0.017    -0.050     0.048     0.071     0.000
------------------------------------------------------------------------------
     Sum of momenta:            -2e-05    -2e-05    -2e-05      9.73      9.73

The following exception classes were reported in this run:
ThePEG::EventHandler::ConsistencyException warning (1 times)
ThePEG::LesHouchesReader::LesHouchesReopenWarning warning (1 times)
