>>>>>>>>>>>>>>>>>>>>>>>>>>>>>>>>>>>>>>>>>>>>>>>>>>>>>>>>>>>>>>>>>>>>>>>>>>>>>>
>>>> Toolkit for HEP Event Generation - ThePEG 2.2.0 <<<<<<<<<<<<<<<<<<<<<<<<<
>>>> Tue Jun 30 00:38:25 2020                                             <<<<
<<<<<<<<<<<<<<<<<<<<<<<<<<<<<<<<<<<<<<<<<<<<<<<<<<<<<<<<<<<<<<<<<<<<<<<<<<<<<<

>> Herwig 7.2.0 / ThePEG 2.2.0

/Herwig/EventHandlers/NoCuts:
MHat  = 2 .. 49.1843 GeV
Scale = 0 .. 1e+12 GeV2
YHat  = -100 .. 100
X1    = 0 .. 1
X2    = 0 .. 1

* A warning exception of type ThePEG::LesHouchesReader::LesHouchesReopenWarning occurred while generating event number 1: 
Reopening LesHouchesReader 'myReader' after accessing 2 events out of 1
* A warning exception of type ThePEG::EventHandler::ConsistencyException occurred while generating event number 1: 
Event handler 'myLesHouchesHandler' found energy-momentum non-conservation by (-1e-05,-2e-05,-2e-05;1.99988e-05) GeV after generating step number 4.

******************************************************************************
Event number 1 (id: ./OUTPUT/0.95MB1.05/1512972536/TMP/Cluster_HERWIGOutput_28) performed by myLesHouchesHandler
Weight: 1
==============================================================================

--- Colliding particles:
  1        e-      11  (3)   
                                12.296     0.000     0.000    12.296     0.000
  2        e+     -11  (3)   
                               -12.296     0.000     0.000    12.296     0.000
------------------------------------------------------------------------------
Primary sub-process performed by myReader
--- incoming:
  1        e-      11  (3)   
                                12.296     0.000     0.000    12.296     0.000
  2        e+     -11  (3)   
                               -12.296     0.000     0.000    12.296     0.000
--- intermediates:
  3     gamma      22 [1,2] (4..7)   
                                -0.000     0.000     0.000    24.592    24.592
--- outgoing:
  4         g      21 [3] (8)  7>>7 {+1,-2}
                                 0.409    -2.713   -10.045    10.412     0.000
  5         g      21 [3] (9)  6>>6 {+3,-4}
                                -0.921     0.240    -1.607     1.868     0.000
  6         g      21 [3] (12)  5>>5 {+4,-3}
                                 0.992     1.366    10.529    10.663     0.000
  7         g      21 [3] (13)  4>>4 {+2,-1}
                                -0.481     1.107     1.123     1.648     0.000
------------------------------------------------------------------------------
Step 1 performed by myLesHouchesHandler
--- intermediates:
  1        e-      11  (3)   
                                12.296     0.000     0.000    12.296     0.000
  2        e+     -11  (3)   
                               -12.296     0.000     0.000    12.296     0.000
  3     gamma      22 [1,2] (4..7)   
                                -0.000     0.000     0.000    24.592    24.592
--- final:
  4         g      21 [3] (8)  7>>7 {+1,-2}
                                 0.409    -2.713   -10.045    10.412     0.000
  5         g      21 [3] (9)  6>>6 {+3,-4}
                                -0.921     0.240    -1.607     1.868     0.000
  6         g      21 [3] (12)  5>>5 {+4,-3}
                                 0.992     1.366    10.529    10.663     0.000
  7         g      21 [3] (13)  4>>4 {+2,-1}
                                -0.481     1.107     1.123     1.648     0.000
------------------------------------------------------------------------------
     Sum of momenta:            -2e-05    -2e-05    -2e-05      24.6      24.6
------------------------------------------------------------------------------
Step 2 performed by ShowerHandler
--- intermediates:
  9         g      21 [5] (10,11)   {+3,-4}
                                -0.834     0.217    -1.456     3.631     3.212
--- final:
  8         g      21 [4] (14,15)  13>>13 {+1,-2}
                                 0.371    -2.458    -9.101     9.483     0.950
 10         g      21 [9] (20,21)  12>>11 {+5,-4}
                                -0.510     1.093    -1.684     2.279     0.950
 11         g      21 [9] (22,23)  10>>12 {+3,-5}
                                -0.325    -0.876     0.228     1.352     0.950
 12         g      21 [6] (16,17)  11>>10 {+4,-3}
                                 0.899     1.238     9.540     9.709     0.950
 13         g      21 [7] (18,19)  8>>8 {+2,-1}
                                -0.435     1.003     1.018     1.770     0.950
------------------------------------------------------------------------------
     Sum of momenta:            -2e-05    -2e-05    -2e-05      24.6      24.6
------------------------------------------------------------------------------
Step 3 performed by ClusterHadHandler
--- intermediates:
 14         d       1 [8] (27)   {+1}
                                 0.065    -0.270    -1.394     1.459     0.325
 15      dbar      -1 [8] (24)   {-2}
                                 0.306    -2.189    -7.707     8.024     0.325
 16         s       3 [12] (28)   {+4}
                                 0.580     0.857     6.206     6.308     0.450
 17      sbar      -3 [12] (25)   {-3}
                                 0.319     0.381     3.334     3.401     0.450
 18         d       1 [13] (24)   {+2}
                                -0.538     0.407     0.410     0.854     0.325
 19      dbar      -1 [13] (28)   {-1}
                                 0.102     0.596     0.608     0.916     0.325
 20         s       3 [10] (26)   {+5}
                                -0.147     0.651    -0.816     1.146     0.450
 21      sbar      -3 [10] (27)   {-4}
                                -0.363     0.442    -0.868     1.132     0.450
 22         d       1 [11] (25)   {+3}
                                -0.202     0.005     0.102     0.396     0.325
 23      dbar      -1 [11] (26)   {-5}
                                -0.123    -0.881     0.125     0.956     0.325
 24   Cluster      81 [15,18] (29,30)   
                                -0.232    -1.781    -7.297     8.878     4.727
 25   Cluster      81 [17,22] (31,32)   
                                 0.117     0.386     3.436     3.797     1.564
 26   Cluster      81 [20,23] (33,34)   
                                -0.270    -0.230    -0.691     2.102     1.953
 27   Cluster      81 [14,21] (37,38)   
                                -0.298     0.173    -2.262     2.591     1.216
 28   Cluster      81 [16,19] (35,36)   
                                 0.682     1.453     6.814     7.224     1.786
 29   Cluster      81 [24] (39,40)   
                                 0.106    -1.975    -7.318     8.073     2.775
 30   Cluster      81 [24] (41,42)   
                                -0.338     0.194     0.021     0.805     0.704
--- final:
 31       phi     333 [25] (43,44)   
                                 0.103     0.144     1.913     2.176     1.022
 32        K0     311 [25] (51)   
                                 0.014     0.242     1.524     1.621     0.498
 33     Kbar0    -311 [26] (52)   
                                -0.016    -0.827    -0.449     1.065     0.498
 34      rho0     113 [26] (53,54)   
                                -0.253     0.597    -0.242     1.038     0.773
 35        K-    -321 [28]    
                                -0.213     0.864     3.235     3.391     0.494
 36      rho+     213 [28] (55,56)   
                                 0.895     0.589     3.579     3.834     0.859
 37       pi-    -211 [27]    
                                -0.074    -0.190    -0.665     0.709     0.140
 38       K*+     323 [27] (59,60)   
                                -0.223     0.363    -1.597     1.882     0.898
 39    rho''+   30213 [29] (63,64)   
                                 0.852    -1.682    -6.074     6.586     1.711
 40       pi-    -211 [29]    
                                -0.746    -0.293    -1.244     1.487     0.140
 41       pi0     111 [30] (67,68)   
                                -0.336    -0.109     0.201     0.428     0.135
 42       pi0     111 [30] (69,70)   
                                -0.002     0.303    -0.179     0.377     0.135
------------------------------------------------------------------------------
     Sum of momenta:            -2e-05    -2e-05    -2e-05      24.6      24.6
------------------------------------------------------------------------------
Step 4 performed by DecayHandler
--- intermediates:
 44      K_S0     310 [31] (45,46)   
                                 0.007     0.171     1.054     1.178     0.498
 45       pi0     111 [44] (47,48)   
                                -0.199     0.137     0.517     0.586     0.135
 46       pi0     111 [44] (49,50)   
                                 0.206     0.035     0.537     0.591     0.135
 55       pi0     111 [36] (57,58)   
                                 0.364     0.627     1.360     1.547     0.135
 60       pi0     111 [38] (61,62)   
                                -0.005    -0.148    -0.634     0.665     0.135
 63       pi0     111 [39] (65,66)   
                                 0.044    -1.045    -4.929     5.040     0.135
--- final:
 35        K-    -321 [28]    
                                -0.213     0.864     3.235     3.391     0.494
 37       pi-    -211 [27]    
                                -0.074    -0.190    -0.665     0.709     0.140
 40       pi-    -211 [29]    
                                -0.746    -0.293    -1.244     1.487     0.140
 43      K_L0     130 [31]    
                                 0.097    -0.028     0.859     0.998     0.498
 47     gamma      22 [45]    
                                -0.208     0.086     0.415     0.472     0.000
 48     gamma      22 [45]    
                                 0.009     0.051     0.102     0.115     0.000
 49     gamma      22 [46]    
                                 0.213     0.005     0.500     0.543     0.000
 50     gamma      22 [46]    
                                -0.007     0.030     0.037     0.048     0.000
 51      K_L0     130 [32]    
                                 0.014     0.242     1.524     1.621     0.498
 52      K_L0     130 [33]    
                                -0.016    -0.827    -0.449     1.065     0.498
 53       pi+     211 [34]    
                                -0.086     0.196     0.256     0.362     0.140
 54       pi-    -211 [34]    
                                -0.167     0.400    -0.498     0.675     0.140
 56       pi+     211 [36]    
                                 0.532    -0.038     2.219     2.287     0.140
 57     gamma      22 [55]    
                                 0.164     0.159     0.428     0.485     0.000
 58     gamma      22 [55]    
                                 0.200     0.469     0.932     1.062     0.000
 59        K+     321 [38]    
                                -0.219     0.511    -0.963     1.217     0.494
 61     gamma      22 [60]    
                                -0.010    -0.004    -0.313     0.313     0.000
 62     gamma      22 [60]    
                                 0.005    -0.144    -0.321     0.352     0.000
 64       pi+     211 [39]    
                                 0.808    -0.637    -1.146     1.546     0.140
 65     gamma      22 [63]    
                                 0.034    -0.700    -3.591     3.659     0.000
 66     gamma      22 [63]    
                                 0.010    -0.345    -1.337     1.381     0.000
 67     gamma      22 [41]    
                                -0.131    -0.099     0.135     0.213     0.000
 68     gamma      22 [41]    
                                -0.205    -0.010     0.065     0.215     0.000
 69     gamma      22 [42]    
                                -0.011     0.316    -0.172     0.360     0.000
 70     gamma      22 [42]    
                                 0.009    -0.013    -0.007     0.017     0.000
------------------------------------------------------------------------------
     Sum of momenta:            -2e-05    -2e-05    -2e-05      24.6      24.6

The following exception classes were reported in this run:
ThePEG::EventHandler::ConsistencyException warning (1 times)
ThePEG::LesHouchesReader::LesHouchesReopenWarning warning (1 times)
