>>>>>>>>>>>>>>>>>>>>>>>>>>>>>>>>>>>>>>>>>>>>>>>>>>>>>>>>>>>>>>>>>>>>>>>>>>>>>>
>>>> Toolkit for HEP Event Generation - ThePEG 2.2.0 <<<<<<<<<<<<<<<<<<<<<<<<<
>>>> Tue Jun 30 00:31:51 2020                                             <<<<
<<<<<<<<<<<<<<<<<<<<<<<<<<<<<<<<<<<<<<<<<<<<<<<<<<<<<<<<<<<<<<<<<<<<<<<<<<<<<<

>> Herwig 7.2.0 / ThePEG 2.2.0

/Herwig/EventHandlers/NoCuts:
MHat  = 2 .. 60.0229 GeV
Scale = 0 .. 1e+12 GeV2
YHat  = -100 .. 100
X1    = 0 .. 1
X2    = 0 .. 1

* A warning exception of type ThePEG::LesHouchesReader::LesHouchesReopenWarning occurred while generating event number 1: 
Reopening LesHouchesReader 'myReader' after accessing 2 events out of 1
* A warning exception of type ThePEG::EventHandler::ConsistencyException occurred while generating event number 1: 
Event handler 'myLesHouchesHandler' found energy-momentum non-conservation by (-1e-05,-3e-05,-1e-05;-6.00565e-10) GeV after generating step number 4.

******************************************************************************
Event number 1 (id: ./OUTPUT/0.95MB1.05/1514657259/TMP/Cluster_HERWIGOutput_20) performed by myLesHouchesHandler
Weight: 1
==============================================================================

--- Colliding particles:
  1        e-      11  (3)   
                                15.006     0.000     0.000    15.006     0.000
  2        e+     -11  (3)   
                               -15.006     0.000     0.000    15.006     0.000
------------------------------------------------------------------------------
Primary sub-process performed by myReader
--- incoming:
  1        e-      11  (3)   
                                15.006     0.000     0.000    15.006     0.000
  2        e+     -11  (3)   
                               -15.006     0.000     0.000    15.006     0.000
--- intermediates:
  3     gamma      22 [1,2] (4..7)   
                                 0.000     0.000    -0.000    30.011    30.011
--- outgoing:
  4         g      21 [3] (8)  5>>5 {+1,-2}
                                -3.261     4.790    -7.591     9.550     0.000
  5         g      21 [3] (13)  4>>4 {+2,-1}
                                 3.382    -4.165    12.624    13.717     0.000
  6         g      21 [3] (18)  7>>7 {+3,-4}
                                -0.020     0.598     0.678     0.904     0.000
  7         g      21 [3] (19)  6>>6 {+4,-3}
                                -0.101    -1.223    -5.710     5.840     0.000
------------------------------------------------------------------------------
Step 1 performed by myLesHouchesHandler
--- intermediates:
  1        e-      11  (3)   
                                15.006     0.000     0.000    15.006     0.000
  2        e+     -11  (3)   
                               -15.006     0.000     0.000    15.006     0.000
  3     gamma      22 [1,2] (4..7)   
                                 0.000     0.000    -0.000    30.011    30.011
--- final:
  4         g      21 [3] (8)  5>>5 {+1,-2}
                                -3.261     4.790    -7.591     9.550     0.000
  5         g      21 [3] (13)  4>>4 {+2,-1}
                                 3.382    -4.165    12.624    13.717     0.000
  6         g      21 [3] (18)  7>>7 {+3,-4}
                                -0.020     0.598     0.678     0.904     0.000
  7         g      21 [3] (19)  6>>6 {+4,-3}
                                -0.101    -1.223    -5.710     5.840     0.000
------------------------------------------------------------------------------
     Sum of momenta:            -2e-05    -3e-05    -1e-05        30        30
------------------------------------------------------------------------------
Step 2 performed by ShowerHandler
--- intermediates:
  8         g      21 [4] (9,12)   {+1,-2}
                                -2.629     3.861    -6.120    10.359     6.931
  9         d       1 [8] (10,11)   {+1}
                                 0.679     3.705    -1.626     4.767     2.427
 13         g      21 [5] (14,17)   {+2,-1}
                                 2.727    -3.358    10.177    13.651     8.005
 14         g      21 [13] (15,16)   {+2,-5}
                                -1.101    -2.736     8.065     9.135     3.116
--- final:
 10         d       1 [9] (33)  >11 {+6}
                                 1.311     1.780    -0.964     2.433     0.325
 11         g      21 [9] (24,25)  10>>17 {+1,-6}
                                -0.632     1.926    -0.662     2.334     0.950
 12      dbar      -1 [8] (38)  16> {-2}
                                -3.308     0.156    -4.494     5.592     0.325
 15         g      21 [14] (28,29)  17>>16 {+7,-5}
                                 0.709    -0.601     2.293     2.650     0.950
 16         g      21 [14] (30,31)  15>>12 {+2,-7}
                                -1.810    -2.135     5.772     6.485     0.950
 17         g      21 [13] (26,27)  11>>15 {+5,-1}
                                 3.828    -0.622     2.112     4.517     0.950
 18         g      21 [6] (20,21)  19>>19 {+3,-4}
                                -0.016     0.482     0.546     1.197     0.950
 19         g      21 [7] (22,23)  18>>18 {+4,-3}
                                -0.081    -0.986    -4.603     4.803     0.950
------------------------------------------------------------------------------
     Sum of momenta:            -2e-05    -3e-05    -1e-05        30        30
------------------------------------------------------------------------------
Step 3 performed by ClusterHadHandler
--- intermediates:
 20         s       3 [18] (32)   {+3}
                                 0.034     0.358     0.186     0.605     0.450
 21      sbar      -3 [18] (37)   {-4}
                                -0.050     0.124     0.361     0.592     0.450
 22         s       3 [19] (38)   {+4}
                                -0.164    -0.605    -2.789     2.894     0.450
 23      sbar      -3 [19] (32)   {-3}
                                 0.083    -0.381    -1.814     1.909     0.450
 24         u       2 [11] (34)   {+1}
                                -0.605     1.704    -0.475     1.898     0.325
 25      ubar      -2 [11] (33)   {-6}
                                -0.026     0.222    -0.186     0.436     0.325
 26         s       3 [17] (35)   {+5}
                                 1.937    -0.213     0.930     2.205     0.450
 27      sbar      -3 [17] (34)   {-1}
                                 1.891    -0.408     1.182     2.311     0.450
 28         s       3 [15] (36)   {+7}
                                 0.244    -0.210     0.749     0.931     0.450
 29      sbar      -3 [15] (35)   {-5}
                                 0.465    -0.391     1.543     1.718     0.450
 30         u       2 [16] (37)   {+2}
                                -0.331    -0.689     2.091     2.250     0.325
 31      ubar      -2 [16] (36)   {-7}
                                -1.479    -1.446     3.681     4.235     0.325
 32   Cluster      81 [20,23] (43,44)   
                                 0.117    -0.023    -1.628     2.515     1.913
 33   Cluster      81 [10,25] (41,42)   
                                 1.285     2.001    -1.150     2.869     1.120
 34   Cluster      81 [24,27] (39,40)   
                                 1.285     1.296     0.707     4.209     3.726
 35   Cluster      81 [26,29] (49,50)   
                                 2.402    -0.604     2.473     3.924     1.774
 36   Cluster      81 [28,31] (51,52)   
                                -1.236    -1.656     4.430     5.166     1.671
 37   Cluster      81 [21,30] (45,46)   
                                -0.380    -0.565     2.452     2.842     1.265
 38   Cluster      81 [12,22] (47,48)   
                                -3.473    -0.449    -7.283     8.486     2.590
 39   Cluster      81 [34] (53,54)   
                                 0.014     1.392    -0.077     2.355     1.899
 40   Cluster      81 [34] (55,56)   
                                 1.271    -0.096     0.784     1.854     1.094
--- final:
 41       pi0     111 [33] (57,58)   
                                 0.504     0.654    -0.476     0.963     0.135
 42      rho-    -213 [33] (59,60)   
                                 0.780     1.347    -0.674     1.906     0.869
 43       K*-    -323 [32] (63,64)   
                                 0.153     0.395    -1.612     1.867     0.840
 44        K+     321 [32]    
                                -0.037    -0.418    -0.016     0.648     0.494
 45        K+     321 [37]    
                                -0.063     0.104     1.011     1.132     0.494
 46       eta     221 [37] (67,68)   
                                -0.317    -0.670     1.440     1.710     0.548
 47  K_3*bar0    -317 [38] (69,70)   
                                -2.689     0.204    -6.126     6.937     1.825
 48       pi0     111 [38] (80,81)   
                                -0.784    -0.652    -1.158     1.549     0.135
 49        K-    -321 [35]    
                                 0.054    -0.088     0.463     0.685     0.494
 50       K*+     323 [35] (82,83)   
                                 2.348    -0.515     2.010     3.239     0.820
 51    K*bar0    -313 [36] (86,87)   
                                -1.129    -1.029     2.094     2.741     0.891
 52       pi-    -211 [36]    
                                -0.106    -0.627     2.336     2.425     0.140
 53       pi+     211 [39]    
                                 0.301     0.747    -0.762     1.117     0.140
 54      rho-    -213 [39] (93,94)   
                                -0.287     0.644     0.685     1.238     0.753
 55        K0     311 [40] (97)   
                                 0.719    -0.454     0.318     1.035     0.498
 56       pi+     211 [40]    
                                 0.553     0.359     0.466     0.819     0.140
------------------------------------------------------------------------------
     Sum of momenta:            -2e-05    -3e-05    -1e-05        30        30
------------------------------------------------------------------------------
Step 4 performed by DecayHandler
--- intermediates:
 59       pi0     111 [42] (61,62)   
                                 0.809     0.858    -0.730     1.393     0.135
 64       pi0     111 [43] (65,66)   
                                 0.020     0.307    -0.281     0.438     0.135
 69     Kbar0    -311 [47] (71)   
                                -1.278    -0.697    -2.400     2.851     0.498
 70       pi0     111 [47] (78,79)   
                                -1.411     0.901    -3.726     4.087     0.135
 71      K_S0     310 [69] (72,73)   
                                -1.278    -0.697    -2.400     2.851     0.498
 72       pi0     111 [71] (74,75)   
                                -0.638    -0.498    -1.007     1.298     0.135
 73       pi0     111 [71] (76,77)   
                                -0.640    -0.199    -1.394     1.552     0.135
 83       pi0     111 [50] (84,85)   
                                 1.387    -0.166     1.153     1.816     0.135
 86     Kbar0    -311 [51] (88)   
                                -0.743    -0.321     1.084     1.441     0.498
 87       pi0     111 [51] (91,92)   
                                -0.386    -0.708     1.010     1.300     0.135
 88      K_S0     310 [86] (89,90)   
                                -0.743    -0.321     1.084     1.441     0.498
 93       pi0     111 [54] (95,96)   
                                 0.000    -0.133     0.156     0.245     0.135
 97      K_S0     310 [55] (98,99)   
                                 0.719    -0.454     0.318     1.035     0.498
--- final:
 44        K+     321 [32]    
                                -0.037    -0.418    -0.016     0.648     0.494
 45        K+     321 [37]    
                                -0.063     0.104     1.011     1.132     0.494
 49        K-    -321 [35]    
                                 0.054    -0.088     0.463     0.685     0.494
 52       pi-    -211 [36]    
                                -0.106    -0.627     2.336     2.425     0.140
 53       pi+     211 [39]    
                                 0.301     0.747    -0.762     1.117     0.140
 56       pi+     211 [40]    
                                 0.553     0.359     0.466     0.819     0.140
 57     gamma      22 [41]    
                                 0.267     0.322    -0.317     0.525     0.000
 58     gamma      22 [41]    
                                 0.237     0.332    -0.159     0.438     0.000
 60       pi-    -211 [42]    
                                -0.029     0.490     0.056     0.513     0.140
 61     gamma      22 [59]    
                                 0.080     0.075    -0.026     0.113     0.000
 62     gamma      22 [59]    
                                 0.729     0.783    -0.704     1.281     0.000
 63        K-    -321 [43]    
                                 0.133     0.088    -1.332     1.429     0.494
 65     gamma      22 [64]    
                                -0.045     0.038    -0.048     0.076     0.000
 66     gamma      22 [64]    
                                 0.065     0.269    -0.232     0.361     0.000
 67     gamma      22 [46]    
                                -0.144    -0.713     1.266     1.460     0.000
 68     gamma      22 [46]    
                                -0.173     0.043     0.174     0.250     0.000
 74     gamma      22 [72]    
                                -0.236    -0.146    -0.257     0.378     0.000
 75     gamma      22 [72]    
                                -0.402    -0.352    -0.749     0.920     0.000
 76     gamma      22 [73]    
                                -0.056     0.019    -0.095     0.112     0.000
 77     gamma      22 [73]    
                                -0.584    -0.218    -1.298     1.440     0.000
 78     gamma      22 [70]    
                                -1.057     0.723    -2.942     3.208     0.000
 79     gamma      22 [70]    
                                -0.354     0.178    -0.784     0.878     0.000
 80     gamma      22 [48]    
                                -0.147    -0.144    -0.317     0.378     0.000
 81     gamma      22 [48]    
                                -0.637    -0.508    -0.841     1.171     0.000
 82        K+     321 [50]    
                                 0.961    -0.350     0.857     1.423     0.494
 84     gamma      22 [83]    
                                 0.969    -0.174     0.836     1.292     0.000
 85     gamma      22 [83]    
                                 0.418     0.008     0.316     0.524     0.000
 89       pi+     211 [88]    
                                -0.146    -0.266     0.354     0.487     0.140
 90       pi-    -211 [88]    
                                -0.597    -0.055     0.730     0.955     0.140
 91     gamma      22 [87]    
                                -0.252    -0.329     0.549     0.688     0.000
 92     gamma      22 [87]    
                                -0.135    -0.379     0.461     0.612     0.000
 94       pi-    -211 [54]    
                                -0.287     0.777     0.529     0.993     0.140
 95     gamma      22 [93]    
                                 0.049    -0.048     0.010     0.070     0.000
 96     gamma      22 [93]    
                                -0.049    -0.085     0.146     0.176     0.000
 98       pi+     211 [97]    
                                 0.223     0.046     0.075     0.278     0.140
 99       pi-    -211 [97]    
                                 0.495    -0.500     0.243     0.758     0.140
------------------------------------------------------------------------------
     Sum of momenta:            -2e-05    -3e-05    -1e-05        30        30

The following exception classes were reported in this run:
ThePEG::EventHandler::ConsistencyException warning (1 times)
ThePEG::LesHouchesReader::LesHouchesReopenWarning warning (1 times)
