>>>>>>>>>>>>>>>>>>>>>>>>>>>>>>>>>>>>>>>>>>>>>>>>>>>>>>>>>>>>>>>>>>>>>>>>>>>>>>
>>>> Toolkit for HEP Event Generation - ThePEG 2.2.0 <<<<<<<<<<<<<<<<<<<<<<<<<
>>>> Tue Jun 30 00:42:48 2020                                             <<<<
<<<<<<<<<<<<<<<<<<<<<<<<<<<<<<<<<<<<<<<<<<<<<<<<<<<<<<<<<<<<<<<<<<<<<<<<<<<<<<

>> Herwig 7.2.0 / ThePEG 2.2.0

/Herwig/EventHandlers/NoCuts:
MHat  = 2 .. 73.1889 GeV
Scale = 0 .. 1e+12 GeV2
YHat  = -100 .. 100
X1    = 0 .. 1
X2    = 0 .. 1

* A warning exception of type ThePEG::LesHouchesReader::LesHouchesReopenWarning occurred while generating event number 1: 
Reopening LesHouchesReader 'myReader' after accessing 2 events out of 1
* A warning exception of type ThePEG::EventHandler::ConsistencyException occurred while generating event number 1: 
Event handler 'myLesHouchesHandler' found energy-momentum non-conservation by (-1.1e-05,-3e-05,-3e-05;1.19999e-05) GeV after generating step number 4.

******************************************************************************
Event number 1 (id: ./OUTPUT/0.95MB1.05/1513342148/TMP/Cluster_HERWIGOutput_16) performed by myLesHouchesHandler
Weight: 1
==============================================================================

--- Colliding particles:
  1        e-      11  (3)   
                                18.297     0.000     0.000    18.297     0.000
  2        e+     -11  (3)   
                               -18.297     0.000    -0.000    18.297     0.000
------------------------------------------------------------------------------
Primary sub-process performed by myReader
--- incoming:
  1        e-      11  (3)   
                                18.297     0.000     0.000    18.297     0.000
  2        e+     -11  (3)   
                               -18.297     0.000    -0.000    18.297     0.000
--- intermediates:
  3     gamma      22 [1,2] (4..8)   
                                -0.000     0.000    -0.000    36.594    36.594
--- outgoing:
  4         g      21 [3] (9)  6>>7 {+1,-2}
                                -3.606    -0.369    -1.985     4.133     0.000
  5         g      21 [3] (12)  7>>8 {+3,-4}
                                -1.286     5.718    -0.702     5.903     0.000
  6         g      21 [3] (13)  8>>4 {+2,-5}
                                 2.033    -2.602    -9.053     9.636     0.000
  7         g      21 [3] (16)  4>>5 {+4,-1}
                                 6.178    -4.735    10.023    12.690     0.000
  8         g      21 [3] (21)  5>>6 {+5,-3}
                                -3.318     1.988     1.717     4.232     0.000
------------------------------------------------------------------------------
Step 1 performed by myLesHouchesHandler
--- intermediates:
  1        e-      11  (3)   
                                18.297     0.000     0.000    18.297     0.000
  2        e+     -11  (3)   
                               -18.297     0.000    -0.000    18.297     0.000
  3     gamma      22 [1,2] (4..8)   
                                -0.000     0.000    -0.000    36.594    36.594
--- final:
  4         g      21 [3] (9)  6>>7 {+1,-2}
                                -3.606    -0.369    -1.985     4.133     0.000
  5         g      21 [3] (12)  7>>8 {+3,-4}
                                -1.286     5.718    -0.702     5.903     0.000
  6         g      21 [3] (13)  8>>4 {+2,-5}
                                 2.033    -2.602    -9.053     9.636     0.000
  7         g      21 [3] (16)  4>>5 {+4,-1}
                                 6.178    -4.735    10.023    12.690     0.000
  8         g      21 [3] (21)  5>>6 {+5,-3}
                                -3.318     1.988     1.717     4.232     0.000
------------------------------------------------------------------------------
     Sum of momenta:            -2e-05    -3e-05    -3e-05      36.6      36.6
------------------------------------------------------------------------------
Step 2 performed by ShowerHandler
--- intermediates:
  9         g      21 [4] (10,11)   {+1,-2}
                                -3.127    -0.320    -1.721     4.864     3.289
 13         g      21 [6] (14,15)   {+2,-5}
                                 1.763    -2.257    -7.851     9.228     3.915
 16         g      21 [7] (17,20)   {+4,-1}
                                 5.357    -4.106     8.692    13.505     7.828
 17         c       4 [16] (18,19)   {+4}
                                 4.105     0.213     4.758     7.320     3.748
--- final:
 10         g      21 [9] (26,27)  14>>11 {+6,-2}
                                -1.778     0.018    -2.323     3.075     0.950
 11         g      21 [9] (28,29)  10>>20 {+1,-6}
                                -1.350    -0.338     0.601     1.789     0.950
 12         g      21 [5] (22,23)  19>>21 {+3,-4}
                                -1.116     4.959    -0.609     5.206     0.950
 14         c       4 [13] (34)  >10 {+2}
                                 0.191    -1.898    -3.221     4.071     1.600
 15      cbar      -4 [13] (36)  21> {-5}
                                 1.571    -0.358    -4.630     5.157     1.600
 18         c       4 [17] (34)  >19 {+7}
                                 3.949     0.005     2.716     5.053     1.600
 19         g      21 [17] (30,31)  18>>12 {+4,-7}
                                 0.156     0.207     2.042     2.267     0.950
 20      cbar      -4 [16] (33)  11> {-1}
                                 1.252    -4.319     3.934     6.185     1.600
 21         g      21 [8] (24,25)  12>>15 {+5,-3}
                                -2.877     1.724     1.489     3.791     0.950
------------------------------------------------------------------------------
     Sum of momenta:            -2e-05    -3e-05    -3e-05      36.6      36.6
------------------------------------------------------------------------------
Step 3 performed by ClusterHadHandler
--- intermediates:
 22         u       2 [12] (32)   {+3}
                                -0.659     2.391    -0.625     2.579     0.325
 23      ubar      -2 [12] (35)   {-4}
                                -0.456     2.567     0.016     2.628     0.325
 24         s       3 [21] (37)   {+5}
                                -1.609     1.118     0.854     2.184     0.450
 25      sbar      -3 [21] (32)   {-3}
                                -1.268     0.606     0.635     1.607     0.450
 26         d       1 [10] (36)   {+6}
                                -0.939     0.271    -0.872     1.350     0.325
 27      dbar      -1 [10] (35)   {-2}
                                -0.838    -0.253    -1.451     1.726     0.325
 28         s       3 [11] (33)   {+1}
                                -0.754    -0.266     0.203     0.940     0.450
 29      sbar      -3 [11] (37)   {-6}
                                -0.595    -0.073     0.398     0.849     0.450
 30         d       1 [19] (34)   {+4}
                                 0.128    -0.245     0.868     0.967     0.325
 31      dbar      -1 [19] (35)   {-7}
                                 0.028     0.453     1.174     1.300     0.325
 32   Cluster      81 [22,25] (46,47)   
                                -1.927     2.998     0.010     4.185     2.194
 33   Cluster      81 [20,28] (48,49)   
                                 0.498    -4.584     4.137     7.125     3.519
 34   Cluster      81 [14,18,30] (39)   
                                 4.269    -2.138     0.363    10.091     8.883
 35   Cluster      81 [23,27,31] (38)   
                                -1.267     2.766    -0.261     5.654     4.758
 36   Cluster      81 [15,26] (50,51)   
                                 0.632    -0.087    -5.502     6.507     3.415
 37   Cluster      81 [24,29] (44,45)   
                                -2.204     1.045     1.253     3.033     1.296
 38   Cluster      81 [35] (42,43)   
                                -1.267     2.766    -0.261     5.654     4.758
 39   Cluster      81 [34] (40,41)   
                                 4.269    -2.138     0.363    10.091     8.883
 40   Cluster      81 [39] (52,53)   
                                 3.796    -0.303     2.241     5.523     3.313
 41   Cluster      81 [39] (54,55)   
                                 0.472    -1.835    -1.878     4.568     3.708
 42   Cluster      81 [38] (56,57)   
                                -0.918    -0.193    -1.538     1.972     0.803
 43   Cluster      81 [38] (58,59)   
                                -0.348     2.959     1.277     3.681     1.744
--- final:
 44        K-    -321 [37]    
                                -0.697     0.755     0.648     1.311     0.494
 45        K+     321 [37]    
                                -1.508     0.291     0.605     1.723     0.494
 46       pi+     211 [32]    
                                 0.009     0.416    -0.437     0.619     0.140
 47     K*_20     315 [32] (60,61)   
                                -1.937     2.581     0.447     3.566     1.449
 48    K*bar0    -313 [33] (67,68)   
                                -0.844    -1.616     1.469     2.518     0.927
 49        D-    -411 [33] (69..71)   
                                 1.341    -2.968     2.668     4.607     1.870
 50        p+    2212 [36]    
                                 0.071     0.073    -1.182     1.512     0.938
 51Sigmabar_c--   -4222 [36] (78,79)   
                                 0.561    -0.160    -4.320     4.994     2.437
 52        D+     411 [40] (92..94)   
                                 3.788    -0.113     2.081     4.711     1.870
 53      rho-    -213 [40] (96,97)   
                                 0.008    -0.190     0.160     0.812     0.773
 54 Lambda_c+    4122 [41] (100..102)   
                                -0.045    -0.992    -1.079     2.716     2.286
 55       f_2     225 [41] (108,109)   
                                 0.517    -0.843    -0.799     1.852     1.347
 56       pi+     211 [42]    
                                -0.552    -0.476    -1.048     1.284     0.140
 57       pi-    -211 [42]    
                                -0.366     0.283    -0.490     0.688     0.140
 58     pbar-   -2212 [43]    
                                 0.316     1.715     1.064     2.248     0.938
 59       pi+     211 [43]    
                                -0.664     1.245     0.213     1.434     0.140
------------------------------------------------------------------------------
     Sum of momenta:            -2e-05    -3e-05    -3e-05      36.6      36.6
------------------------------------------------------------------------------
Step 4 performed by DecayHandler
--- intermediates:
 60        K0     311 [47] (62)   
                                -1.413     1.144    -0.207     1.896     0.498
 61       pi0     111 [47] (65,66)   
                                -0.523     1.438     0.654     1.669     0.135
 62      K_S0     310 [60] (63,64)   
                                -1.413     1.144    -0.207     1.896     0.498
 69     omega     223 [49] (72,73)   
                                 0.830    -1.280     1.899     2.558     0.782
 72      rho0     113 [69] (74,75)   
                                 0.418    -0.912     1.232     1.682     0.552
 73       pi0     111 [69] (76,77)   
                                 0.412    -0.368     0.666     0.876     0.135
 78Lambdabar_c-   -4122 [51] (80,81)   
                                 0.473    -0.168    -4.037     4.667     2.286
 80Sigma*bar-   -3224 [78] (82,83)   
                                 0.259    -0.392    -2.114     2.574     1.392
 81     omega     223 [78] (86,87)   
                                 0.214     0.224    -1.924     2.093     0.763
 82Lambdabar0   -3122 [80] (84,85)   
                                 0.169    -0.104    -1.553     1.923     1.116
 86      rho0     113 [81] (88,89)   
                                 0.129     0.367    -1.542     1.655     0.457
 87       pi0     111 [81] (90,91)   
                                 0.085    -0.143    -0.381     0.438     0.135
 92     Kbar0    -311 [52] (95)   
                                 2.694     0.499     0.903     2.927     0.498
 96       pi0     111 [53] (98,99)   
                                 0.090     0.147    -0.197     0.295     0.135
102       K*-    -323 [54] (103,104)   
                                -0.127    -0.304    -0.495     1.284     1.138
103     Kbar0    -311 [102] (105)   
                                -0.159    -0.074     0.179     0.557     0.498
105      K_S0     310 [103] (106,107)   
                                -0.159    -0.074     0.179     0.557     0.498
108      rho-    -213 [55] (110,111)   
                                 0.429    -0.509    -0.181     1.009     0.736
109      rho+     213 [55] (114,115)   
                                 0.088    -0.333    -0.618     0.843     0.457
110       pi0     111 [108] (112,113)   
                                -0.050     0.114     0.025     0.185     0.135
114       pi0     111 [109] (116,117)   
                                 0.064    -0.004    -0.390     0.418     0.135
--- final:
 44        K-    -321 [37]    
                                -0.697     0.755     0.648     1.311     0.494
 45        K+     321 [37]    
                                -1.508     0.291     0.605     1.723     0.494
 46       pi+     211 [32]    
                                 0.009     0.416    -0.437     0.619     0.140
 50        p+    2212 [36]    
                                 0.071     0.073    -1.182     1.512     0.938
 56       pi+     211 [42]    
                                -0.552    -0.476    -1.048     1.284     0.140
 57       pi-    -211 [42]    
                                -0.366     0.283    -0.490     0.688     0.140
 58     pbar-   -2212 [43]    
                                 0.316     1.715     1.064     2.248     0.938
 59       pi+     211 [43]    
                                -0.664     1.245     0.213     1.434     0.140
 63       pi+     211 [62]    
                                -0.750     0.793     0.019     1.101     0.140
 64       pi-    -211 [62]    
                                -0.663     0.351    -0.226     0.795     0.140
 65     gamma      22 [61]    
                                -0.067     0.154     0.029     0.171     0.000
 66     gamma      22 [61]    
                                -0.457     1.283     0.625     1.499     0.000
 67        K-    -321 [48]    
                                -0.700    -1.307     1.476     2.149     0.494
 68       pi+     211 [48]    
                                -0.143    -0.310    -0.007     0.369     0.140
 70        e-      11 [49]    
                                 0.273    -0.419     0.543     0.738     0.001
 71   nu_ebar     -12 [49]    
                                 0.238    -1.269     0.227     1.311     0.000
 74       pi+     211 [72]    
                                 0.083    -0.135     0.042     0.216     0.140
 75       pi-    -211 [72]    
                                 0.335    -0.777     1.190     1.467     0.140
 76     gamma      22 [73]    
                                 0.257    -0.286     0.525     0.651     0.000
 77     gamma      22 [73]    
                                 0.155    -0.083     0.141     0.225     0.000
 79       pi-    -211 [51]    
                                 0.088     0.009    -0.283     0.327     0.140
 83       pi-    -211 [80]    
                                 0.090    -0.288    -0.560     0.651     0.140
 84     pbar-   -2212 [82]    
                                 0.173     0.008    -1.296     1.609     0.938
 85       pi+     211 [82]    
                                -0.004    -0.112    -0.258     0.314     0.140
 88       pi+     211 [86]    
                                 0.205     0.111    -0.980     1.017     0.140
 89       pi-    -211 [86]    
                                -0.076     0.256    -0.562     0.638     0.140
 90     gamma      22 [87]    
                                 0.081    -0.155    -0.248     0.304     0.000
 91     gamma      22 [87]    
                                 0.004     0.012    -0.133     0.134     0.000
 93        e+     -11 [52]    
                                 0.993    -0.400     0.793     1.333     0.001
 94      nu_e      12 [52]    
                                 0.102    -0.212     0.384     0.451     0.000
 95      K_L0     130 [92]    
                                 2.694     0.499     0.903     2.927     0.498
 97       pi-    -211 [53]    
                                -0.082    -0.337     0.357     0.517     0.140
 98     gamma      22 [96]    
                                 0.110     0.052    -0.115     0.167     0.000
 99     gamma      22 [96]    
                                -0.020     0.096    -0.083     0.128     0.000
100        p+    2212 [54]    
                                 0.076    -0.521    -0.403     1.149     0.938
101       pi+     211 [54]    
                                 0.006    -0.168    -0.181     0.284     0.140
104       pi-    -211 [102]    
                                 0.032    -0.230    -0.674     0.726     0.140
106       pi+     211 [105]    
                                 0.039    -0.055     0.259     0.302     0.140
107       pi-    -211 [105]    
                                -0.198    -0.019    -0.079     0.256     0.140
111       pi-    -211 [108]    
                                 0.479    -0.623    -0.206     0.824     0.140
112     gamma      22 [110]    
                                -0.065     0.091    -0.036     0.118     0.000
113     gamma      22 [110]    
                                 0.015     0.022     0.062     0.067     0.000
115       pi+     211 [109]    
                                 0.024    -0.329    -0.229     0.425     0.140
116     gamma      22 [114]    
                                -0.007     0.039    -0.036     0.054     0.000
117     gamma      22 [114]    
                                 0.071    -0.043    -0.354     0.364     0.000
------------------------------------------------------------------------------
     Sum of momenta:            -2e-05    -3e-05    -3e-05      36.6      36.6

The following exception classes were reported in this run:
ThePEG::EventHandler::ConsistencyException warning (1 times)
ThePEG::LesHouchesReader::LesHouchesReopenWarning warning (1 times)
