>>>>>>>>>>>>>>>>>>>>>>>>>>>>>>>>>>>>>>>>>>>>>>>>>>>>>>>>>>>>>>>>>>>>>>>>>>>>>>
>>>> Toolkit for HEP Event Generation - ThePEG 2.2.0 <<<<<<<<<<<<<<<<<<<<<<<<<
>>>> Tue Jun 30 00:44:01 2020                                             <<<<
<<<<<<<<<<<<<<<<<<<<<<<<<<<<<<<<<<<<<<<<<<<<<<<<<<<<<<<<<<<<<<<<<<<<<<<<<<<<<<

>> Herwig 7.2.0 / ThePEG 2.2.0

/Herwig/EventHandlers/NoCuts:
MHat  = 2 .. 32.5193 GeV
Scale = 0 .. 1e+12 GeV2
YHat  = -100 .. 100
X1    = 0 .. 1
X2    = 0 .. 1

* A warning exception of type ThePEG::LesHouchesReader::LesHouchesReopenWarning occurred while generating event number 1: 
Reopening LesHouchesReader 'myReader' after accessing 2 events out of 1
* A warning exception of type ThePEG::EventHandler::ConsistencyException occurred while generating event number 1: 
Event handler 'myLesHouchesHandler' found energy-momentum non-conservation by (-2e-05,-2e-05,-3e-05;1.99992e-05) GeV after generating step number 4.

******************************************************************************
Event number 1 (id: ./OUTPUT/0.95MB1.05/1511650143/TMP/Cluster_HERWIGOutput_16) performed by myLesHouchesHandler
Weight: 1
==============================================================================

--- Colliding particles:
  1        e-      11  (3)   
                                 8.130     0.000    -0.000     8.130     0.000
  2        e+     -11  (3)   
                                -8.130     0.000     0.000     8.130     0.000
------------------------------------------------------------------------------
Primary sub-process performed by myReader
--- incoming:
  1        e-      11  (3)   
                                 8.130     0.000    -0.000     8.130     0.000
  2        e+     -11  (3)   
                                -8.130     0.000     0.000     8.130     0.000
--- intermediates:
  3     gamma      22 [1,2] (4..8)   
                                 0.000     0.000    -0.000    16.260    16.260
--- outgoing:
  4         g      21 [3] (9)  8>>6 {+1,-2}
                                -0.246    -0.870     1.102     1.425     0.000
  5         g      21 [3] (10)  7>>8 {+3,-4}
                                 1.354     1.466     1.143     2.300     0.000
  6         g      21 [3] (11)  4>>7 {+5,-1}
                                -0.738     0.098    -1.209     1.420     0.000
  7         g      21 [3] (12)  6>>5 {+4,-5}
                                -1.453    -0.045    -5.907     6.083     0.000
  8         g      21 [3] (13)  5>>4 {+2,-3}
                                 1.083    -0.648     4.871     5.031     0.000
------------------------------------------------------------------------------
Step 1 performed by myLesHouchesHandler
--- intermediates:
  1        e-      11  (3)   
                                 8.130     0.000    -0.000     8.130     0.000
  2        e+     -11  (3)   
                                -8.130     0.000     0.000     8.130     0.000
  3     gamma      22 [1,2] (4..8)   
                                 0.000     0.000    -0.000    16.260    16.260
--- final:
  4         g      21 [3] (9)  8>>6 {+1,-2}
                                -0.246    -0.870     1.102     1.425     0.000
  5         g      21 [3] (10)  7>>8 {+3,-4}
                                 1.354     1.466     1.143     2.300     0.000
  6         g      21 [3] (11)  4>>7 {+5,-1}
                                -0.738     0.098    -1.209     1.420     0.000
  7         g      21 [3] (12)  6>>5 {+4,-5}
                                -1.453    -0.045    -5.907     6.083     0.000
  8         g      21 [3] (13)  5>>4 {+2,-3}
                                 1.083    -0.648     4.871     5.031     0.000
------------------------------------------------------------------------------
     Sum of momenta:            -3e-05    -2e-05    -3e-05      16.3      16.3
------------------------------------------------------------------------------
Step 2 performed by ShowerHandler
--- final:
  9         g      21 [4] (14,15)  13>>11 {+1,-2}
                                -0.231    -0.818     1.035     1.642     0.950
 10         g      21 [5] (16,17)  12>>13 {+3,-4}
                                 1.272     1.378     1.075     2.361     0.950
 11         g      21 [6] (18,19)  9>>12 {+5,-1}
                                -0.694     0.092    -1.136     1.638     0.950
 12         g      21 [7] (20,21)  11>>10 {+4,-5}
                                -1.365    -0.042    -5.551     5.795     0.950
 13         g      21 [8] (22,23)  10>>9 {+2,-3}
                                 1.018    -0.609     4.577     4.823     0.950
------------------------------------------------------------------------------
     Sum of momenta:            -3e-05    -2e-05    -3e-05      16.3      16.3
------------------------------------------------------------------------------
Step 3 performed by ClusterHadHandler
--- intermediates:
 14         s       3 [9] (25)   {+1}
                                -0.209    -0.561     0.696     1.022     0.450
 15      sbar      -3 [9] (24)   {-2}
                                -0.021    -0.257     0.340     0.620     0.450
 16         u       2 [10] (28)   {+3}
                                 0.292     0.758     0.283     0.920     0.325
 17      ubar      -2 [10] (25)   {-4}
                                 0.980     0.619     0.791     1.441     0.325
 18         s       3 [11] (27)   {+5}
                                -0.410    -0.070    -0.707     0.935     0.450
 19      sbar      -3 [11] (26)   {-1}
                                -0.284     0.162    -0.429     0.703     0.450
 20         s       3 [12] (26)   {+4}
                                -0.892    -0.035    -3.676     3.809     0.450
 21      sbar      -3 [12] (27)   {-5}
                                -0.474    -0.008    -1.876     1.986     0.450
 22         u       2 [13] (24)   {+2}
                                 0.820    -0.517     3.977     4.106     0.325
 23      ubar      -2 [13] (28)   {-3}
                                 0.198    -0.092     0.600     0.717     0.325
 24   Cluster      81 [15,22] (29,30)   
                                 0.798    -0.775     4.317     4.726     1.571
 25   Cluster      81 [14,17] (31,32)   
                                 0.771     0.059     1.487     2.463     1.805
 26   Cluster      81 [19,20] (33,34)   
                                -1.176     0.127    -4.105     4.512     1.452
 27   Cluster      81 [18,21] (37,38)   
                                -0.883    -0.077    -2.583     2.922     1.039
 28   Cluster      81 [16,23] (35,36)   
                                 0.490     0.666     0.884     1.637     1.102
--- final:
 29        K0     311 [24] (39)   
                                 0.707    -0.623     4.367     4.495     0.498
 30       pi+     211 [24]    
                                 0.091    -0.152    -0.050     0.231     0.140
 31     Kbar0    -311 [25] (40)   
                                -0.147     0.144     0.701     0.884     0.498
 32      a_0- -9000211 [25] (43,44)   
                                 0.918    -0.086     0.786     1.579     1.013
 33    K*bar0    -313 [26] (46,47)   
                                -0.562     0.223    -2.196     2.444     0.885
 34        K0     311 [26] (48)   
                                -0.614    -0.096    -1.909     2.068     0.498
 35      rho+     213 [28] (51,52)   
                                 0.291     0.216     0.212     0.792     0.671
 36       pi-    -211 [28]    
                                 0.199     0.451     0.672     0.845     0.140
 37     Kbar0    -311 [27] (55)   
                                -0.610    -0.121    -1.514     1.711     0.498
 38        K0     311 [27] (58)   
                                -0.273     0.044    -1.068     1.211     0.498
------------------------------------------------------------------------------
     Sum of momenta:            -3e-05    -2e-05    -3e-05      16.3      16.3
------------------------------------------------------------------------------
Step 4 performed by DecayHandler
--- intermediates:
 40      K_S0     310 [31] (41,42)   
                                -0.147     0.144     0.701     0.884     0.498
 44        K0     311 [32] (45)   
                                 0.599    -0.044     0.462     0.907     0.498
 48      K_S0     310 [34] (49,50)   
                                -0.614    -0.096    -1.909     2.068     0.498
 51       pi0     111 [35] (53,54)   
                                -0.173     0.157     0.030     0.271     0.135
 55      K_S0     310 [37] (56,57)   
                                -0.610    -0.121    -1.514     1.711     0.498
 58      K_S0     310 [38] (59,60)   
                                -0.273     0.044    -1.068     1.211     0.498
--- final:
 30       pi+     211 [24]    
                                 0.091    -0.152    -0.050     0.231     0.140
 36       pi-    -211 [28]    
                                 0.199     0.451     0.672     0.845     0.140
 39      K_L0     130 [29]    
                                 0.707    -0.623     4.367     4.495     0.498
 41       pi+     211 [40]    
                                -0.060     0.208     0.651     0.700     0.140
 42       pi-    -211 [40]    
                                -0.088    -0.064     0.049     0.183     0.140
 43        K-    -321 [32]    
                                 0.319    -0.042     0.324     0.673     0.494
 45      K_L0     130 [44]    
                                 0.599    -0.044     0.462     0.907     0.498
 46        K-    -321 [33]    
                                -0.405     0.140    -2.098     2.197     0.494
 47       pi+     211 [33]    
                                -0.157     0.083    -0.098     0.246     0.140
 49       pi+     211 [48]    
                                -0.487    -0.237    -1.395     1.503     0.140
 50       pi-    -211 [48]    
                                -0.127     0.141    -0.514     0.565     0.140
 52       pi+     211 [35]    
                                 0.463     0.059     0.182     0.520     0.140
 53     gamma      22 [51]    
                                -0.109     0.037     0.063     0.131     0.000
 54     gamma      22 [51]    
                                -0.064     0.120    -0.033     0.140     0.000
 56       pi+     211 [55]    
                                -0.528     0.042    -0.881     1.037     0.140
 57       pi-    -211 [55]    
                                -0.082    -0.163    -0.634     0.674     0.140
 59       pi+     211 [58]    
                                -0.238    -0.004    -1.012     1.049     0.140
 60       pi-    -211 [58]    
                                -0.036     0.048    -0.057     0.162     0.140
------------------------------------------------------------------------------
     Sum of momenta:            -3e-05    -2e-05    -3e-05      16.3      16.3

The following exception classes were reported in this run:
ThePEG::EventHandler::ConsistencyException warning (1 times)
ThePEG::LesHouchesReader::LesHouchesReopenWarning warning (1 times)
