>>>>>>>>>>>>>>>>>>>>>>>>>>>>>>>>>>>>>>>>>>>>>>>>>>>>>>>>>>>>>>>>>>>>>>>>>>>>>>
>>>> Toolkit for HEP Event Generation - ThePEG 2.2.0 <<<<<<<<<<<<<<<<<<<<<<<<<
>>>> Tue Jun 30 00:21:31 2020                                             <<<<
<<<<<<<<<<<<<<<<<<<<<<<<<<<<<<<<<<<<<<<<<<<<<<<<<<<<<<<<<<<<<<<<<<<<<<<<<<<<<<

>> Herwig 7.2.0 / ThePEG 2.2.0

/Herwig/EventHandlers/NoCuts:
MHat  = 2 .. 20.9381 GeV
Scale = 0 .. 1e+12 GeV2
YHat  = -100 .. 100
X1    = 0 .. 1
X2    = 0 .. 1

* A warning exception of type ThePEG::LesHouchesReader::LesHouchesReopenWarning occurred while generating event number 1: 
Reopening LesHouchesReader 'myReader' after accessing 2 events out of 1
* A warning exception of type ThePEG::EventHandler::ConsistencyException occurred while generating event number 1: 
Event handler 'myLesHouchesHandler' found energy-momentum non-conservation by (-1e-05,-1e-05,-2e-05;9.99981e-06) GeV after generating step number 4.

******************************************************************************
Event number 1 (id: ./OUTPUT/0.95MB1.05/1514252634/TMP/Cluster_HERWIGOutput_7) performed by myLesHouchesHandler
Weight: 1
==============================================================================

--- Colliding particles:
  1        e-      11  (3)   
                                 5.235     0.000    -0.000     5.235     0.000
  2        e+     -11  (3)   
                                -5.235     0.000     0.000     5.235     0.000
------------------------------------------------------------------------------
Primary sub-process performed by myReader
--- incoming:
  1        e-      11  (3)   
                                 5.235     0.000    -0.000     5.235     0.000
  2        e+     -11  (3)   
                                -5.235     0.000     0.000     5.235     0.000
--- intermediates:
  3     gamma      22 [1,2] (4..7)   
                                 0.000     0.000     0.000    10.469    10.469
--- outgoing:
  4         g      21 [3] (8)  6>>7 {+1,-2}
                                -1.268    -1.024     1.002     1.913     0.000
  5         g      21 [3] (11)  7>>6 {+3,-4}
                                -0.132     1.023     2.811     2.994     0.000
  6         g      21 [3] (12)  5>>4 {+2,-3}
                                -0.455     0.718     0.373     0.928     0.000
  7         g      21 [3] (13)  4>>5 {+4,-1}
                                 1.854    -0.716    -4.186     4.634     0.000
------------------------------------------------------------------------------
Step 1 performed by myLesHouchesHandler
--- intermediates:
  1        e-      11  (3)   
                                 5.235     0.000    -0.000     5.235     0.000
  2        e+     -11  (3)   
                                -5.235     0.000     0.000     5.235     0.000
  3     gamma      22 [1,2] (4..7)   
                                 0.000     0.000     0.000    10.469    10.469
--- final:
  4         g      21 [3] (8)  6>>7 {+1,-2}
                                -1.268    -1.024     1.002     1.913     0.000
  5         g      21 [3] (11)  7>>6 {+3,-4}
                                -0.132     1.023     2.811     2.994     0.000
  6         g      21 [3] (12)  5>>4 {+2,-3}
                                -0.455     0.718     0.373     0.928     0.000
  7         g      21 [3] (13)  4>>5 {+4,-1}
                                 1.854    -0.716    -4.186     4.634     0.000
------------------------------------------------------------------------------
     Sum of momenta:            -2e-05    -1e-05    -2e-05      10.5      10.5
------------------------------------------------------------------------------
Step 2 performed by ShowerHandler
--- intermediates:
  8         g      21 [4] (9,10)   {+1,-2}
                                -0.718    -0.580     0.568     3.340     3.159
 13         g      21 [7] (14,15)   {+4,-1}
                                 1.050    -0.406    -2.372     4.100     3.149
--- final:
  9         g      21 [8] (20,21)  10>>14 {+1,-5}
                                 0.175     0.377    -0.728     1.267     0.950
 10         g      21 [8] (22,23)  12>>9 {+5,-2}
                                -0.893    -0.957     1.296     2.073     0.950
 11         g      21 [5] (16,17)  15>>12 {+3,-4}
                                -0.075     0.579     1.592     1.944     0.950
 12         g      21 [6] (18,19)  11>>10 {+2,-3}
                                -0.258     0.407     0.211     1.086     0.950
 14         g      21 [13] (24,25)  9>>15 {+6,-1}
                                -0.063    -1.250    -1.599     2.242     0.950
 15         g      21 [13] (26,27)  14>>11 {+4,-6}
                                 1.113     0.844    -0.772     1.857     0.950
------------------------------------------------------------------------------
     Sum of momenta:            -2e-05    -1e-05    -2e-05      10.5      10.5
------------------------------------------------------------------------------
Step 3 performed by ClusterHadHandler
--- intermediates:
 16         d       1 [11] (28)   {+3}
                                -0.058    -0.096     0.333     0.479     0.325
 17      dbar      -1 [11] (32)   {-4}
                                -0.016     0.675     1.259     1.465     0.325
 18         u       2 [12] (31)   {+2}
                                -0.044     0.039     0.400     0.519     0.325
 19      ubar      -2 [12] (28)   {-3}
                                -0.213     0.368    -0.188     0.567     0.325
 20         u       2 [9] (33)   {+1}
                                 0.303    -0.085    -0.385     0.594     0.325
 21      ubar      -2 [9] (29)   {-5}
                                -0.127     0.462    -0.343     0.673     0.325
 22         d       1 [10] (32)   {+5}
                                -0.651    -0.316     0.953     1.240     0.325
 23      dbar      -1 [10] (31)   {-2}
                                -0.242    -0.641     0.343     0.832     0.325
 24         s       3 [14] (30)   {+6}
                                -0.079    -0.865    -1.023     1.416     0.450
 25      sbar      -3 [14] (33)   {-1}
                                 0.016    -0.385    -0.577     0.827     0.450
 26         u       2 [15] (29)   {+4}
                                 0.768     0.417    -0.111     0.939     0.325
 27      ubar      -2 [15] (30)   {-6}
                                 0.346     0.427    -0.661     0.919     0.325
 28   Cluster      81 [16,19] (42,43)   
                                -0.271     0.272     0.145     1.046     0.962
 29   Cluster      81 [21,26] (34,35)   
                                 0.640     0.879    -0.454     1.612     1.100
 30   Cluster      81 [24,27] (38,39)   
                                 0.266    -0.439    -1.684     2.334     1.533
 31   Cluster      81 [18,23] (36,37)   
                                -0.286    -0.602     0.742     1.351     0.911
 32   Cluster      81 [17,22] (44,45)   
                                -0.668     0.359     2.212     2.706     1.360
 33   Cluster      81 [20,25] (40,41)   
                                 0.319    -0.470    -0.962     1.420     0.878
--- final:
 34       pi0     111 [29] (46,47)   
                                 0.084     0.387    -0.320     0.526     0.135
 35     omega     223 [29] (48,49)   
                                 0.557     0.493    -0.135     1.086     0.780
 36       eta     221 [31] (54,55)   
                                -0.163    -0.573     0.288     0.859     0.548
 37       pi+     211 [31]    
                                -0.123    -0.029     0.455     0.492     0.140
 38   K_1bar0  -10313 [30] (56,57)   
                                 0.227    -0.545    -1.433     2.026     1.305
 39       pi-    -211 [30]    
                                 0.039     0.106    -0.251     0.308     0.140
 40       pi0     111 [33] (62,63)   
                                -0.040    -0.346    -0.164     0.408     0.135
 41        K+     321 [33]    
                                 0.359    -0.124    -0.798     1.012     0.494
 42       pi-    -211 [28]    
                                -0.039     0.062    -0.025     0.160     0.140
 43      rho0     113 [28] (64,65)   
                                -0.232     0.209     0.170     0.886     0.812
 44      rho-    -213 [32] (66,67)   
                                -0.731     0.522     2.224     2.482     0.638
 45       pi+     211 [32]    
                                 0.063    -0.163    -0.011     0.224     0.140
------------------------------------------------------------------------------
     Sum of momenta:            -2e-05    -1e-05    -2e-05      10.5      10.5
------------------------------------------------------------------------------
Step 4 performed by DecayHandler
--- intermediates:
 48      rho0     113 [35] (50,51)   
                                 0.238     0.533    -0.198     0.732     0.394
 49       pi0     111 [35] (52,53)   
                                 0.319    -0.040     0.063     0.354     0.135
 56       K*-    -323 [38] (58,59)   
                                 0.336    -0.157    -1.235     1.556     0.871
 59       pi0     111 [56] (60,61)   
                                 0.072     0.218    -0.273     0.381     0.135
 66       pi0     111 [44] (68,69)   
                                -0.262     0.534     1.156     1.307     0.135
--- final:
 37       pi+     211 [31]    
                                -0.123    -0.029     0.455     0.492     0.140
 39       pi-    -211 [30]    
                                 0.039     0.106    -0.251     0.308     0.140
 41        K+     321 [33]    
                                 0.359    -0.124    -0.798     1.012     0.494
 42       pi-    -211 [28]    
                                -0.039     0.062    -0.025     0.160     0.140
 45       pi+     211 [32]    
                                 0.063    -0.163    -0.011     0.224     0.140
 46     gamma      22 [34]    
                                 0.060     0.176    -0.231     0.296     0.000
 47     gamma      22 [34]    
                                 0.023     0.211    -0.089     0.230     0.000
 50       pi+     211 [48]    
                                 0.172     0.179    -0.195     0.345     0.140
 51       pi-    -211 [48]    
                                 0.066     0.354    -0.003     0.387     0.140
 52     gamma      22 [49]    
                                -0.001     0.015     0.023     0.028     0.000
 53     gamma      22 [49]    
                                 0.319    -0.056     0.040     0.326     0.000
 54     gamma      22 [36]    
                                -0.012     0.044    -0.103     0.113     0.000
 55     gamma      22 [36]    
                                -0.151    -0.617     0.391     0.746     0.000
 57       pi+     211 [38]    
                                -0.109    -0.387    -0.198     0.470     0.140
 58        K-    -321 [56]    
                                 0.264    -0.375    -0.962     1.175     0.494
 60     gamma      22 [59]    
                                 0.038     0.066    -0.011     0.076     0.000
 61     gamma      22 [59]    
                                 0.035     0.152    -0.262     0.305     0.000
 62     gamma      22 [40]    
                                 0.041    -0.141    -0.030     0.149     0.000
 63     gamma      22 [40]    
                                -0.081    -0.206    -0.134     0.259     0.000
 64       pi+     211 [43]    
                                -0.119     0.055     0.468     0.506     0.140
 65       pi-    -211 [43]    
                                -0.113     0.154    -0.298     0.381     0.140
 67       pi-    -211 [44]    
                                -0.469    -0.012     1.067     1.174     0.140
 68     gamma      22 [66]    
                                -0.044     0.024     0.153     0.161     0.000
 69     gamma      22 [66]    
                                -0.218     0.510     1.003     1.146     0.000
------------------------------------------------------------------------------
     Sum of momenta:            -2e-05    -1e-05    -2e-05      10.5      10.5

The following exception classes were reported in this run:
ThePEG::EventHandler::ConsistencyException warning (1 times)
ThePEG::LesHouchesReader::LesHouchesReopenWarning warning (1 times)
