>>>>>>>>>>>>>>>>>>>>>>>>>>>>>>>>>>>>>>>>>>>>>>>>>>>>>>>>>>>>>>>>>>>>>>>>>>>>>>
>>>> Toolkit for HEP Event Generation - ThePEG 2.2.0 <<<<<<<<<<<<<<<<<<<<<<<<<
>>>> Tue Jun 30 00:39:12 2020                                             <<<<
<<<<<<<<<<<<<<<<<<<<<<<<<<<<<<<<<<<<<<<<<<<<<<<<<<<<<<<<<<<<<<<<<<<<<<<<<<<<<<

>> Herwig 7.2.0 / ThePEG 2.2.0

/Herwig/EventHandlers/NoCuts:
MHat  = 2 .. 43.3142 GeV
Scale = 0 .. 1e+12 GeV2
YHat  = -100 .. 100
X1    = 0 .. 1
X2    = 0 .. 1

* A warning exception of type ThePEG::LesHouchesReader::LesHouchesReopenWarning occurred while generating event number 1: 
Reopening LesHouchesReader 'myReader' after accessing 2 events out of 1
* A warning exception of type ThePEG::EventHandler::ConsistencyException occurred while generating event number 1: 
Event handler 'myLesHouchesHandler' found energy-momentum non-conservation by (-2e-05,-2e-05,-2e-05;2.99992e-05) GeV after generating step number 4.

******************************************************************************
Event number 1 (id: ./OUTPUT/0.95MB1.05/1513512538/TMP/Cluster_HERWIGOutput_29) performed by myLesHouchesHandler
Weight: 1
==============================================================================

--- Colliding particles:
  1        e-      11  (3)   
                                10.829     0.000     0.000    10.829     0.000
  2        e+     -11  (3)   
                               -10.829     0.000    -0.000    10.829     0.000
------------------------------------------------------------------------------
Primary sub-process performed by myReader
--- incoming:
  1        e-      11  (3)   
                                10.829     0.000     0.000    10.829     0.000
  2        e+     -11  (3)   
                               -10.829     0.000    -0.000    10.829     0.000
--- intermediates:
  3     gamma      22 [1,2] (4..8)   
                                 0.000     0.000     0.000    21.657    21.657
--- outgoing:
  4         g      21 [3] (9)  5>>7 {+1,-2}
                                 2.442    -0.497     2.914     3.835     0.000
  5         g      21 [3] (10)  7>>4 {+2,-3}
                                -2.499     1.608     6.727     7.354     0.000
  6         g      21 [3] (11)  8>>8 {+4,-5}
                                 1.371    -0.926    -8.063     8.231     0.000
  7         g      21 [3] (12)  4>>5 {+3,-1}
                                -0.983     0.126    -0.598     1.157     0.000
  8         g      21 [3] (13)  6>>6 {+5,-4}
                                -0.331    -0.311    -0.980     1.080     0.000
------------------------------------------------------------------------------
Step 1 performed by myLesHouchesHandler
--- intermediates:
  1        e-      11  (3)   
                                10.829     0.000     0.000    10.829     0.000
  2        e+     -11  (3)   
                               -10.829     0.000    -0.000    10.829     0.000
  3     gamma      22 [1,2] (4..8)   
                                 0.000     0.000     0.000    21.657    21.657
--- final:
  4         g      21 [3] (9)  5>>7 {+1,-2}
                                 2.442    -0.497     2.914     3.835     0.000
  5         g      21 [3] (10)  7>>4 {+2,-3}
                                -2.499     1.608     6.727     7.354     0.000
  6         g      21 [3] (11)  8>>8 {+4,-5}
                                 1.371    -0.926    -8.063     8.231     0.000
  7         g      21 [3] (12)  4>>5 {+3,-1}
                                -0.983     0.126    -0.598     1.157     0.000
  8         g      21 [3] (13)  6>>6 {+5,-4}
                                -0.331    -0.311    -0.980     1.080     0.000
------------------------------------------------------------------------------
     Sum of momenta:            -3e-05    -2e-05    -2e-05      21.7      21.7
------------------------------------------------------------------------------
Step 2 performed by ShowerHandler
--- final:
  9         g      21 [4] (14,15)  10>>12 {+1,-2}
                                 2.333    -0.474     2.784     3.785     0.950
 10         g      21 [5] (16,17)  12>>9 {+2,-3}
                                -2.388     1.537     6.427     7.090     0.950
 11         g      21 [6] (18,19)  13>>13 {+4,-5}
                                 1.310    -0.885    -7.704     7.922     0.950
 12         g      21 [7] (20,21)  9>>10 {+3,-1}
                                -0.939     0.120    -0.571     1.458     0.950
 13         g      21 [8] (22,23)  11>>11 {+5,-4}
                                -0.316    -0.297    -0.936     1.402     0.950
------------------------------------------------------------------------------
     Sum of momenta:            -3e-05    -2e-05    -2e-05      21.7      21.7
------------------------------------------------------------------------------
Step 3 performed by ClusterHadHandler
--- intermediates:
 14         s       3 [9] (24)   {+1}
                                 1.000    -0.330     1.143     1.618     0.450
 15      sbar      -3 [9] (25)   {-2}
                                 1.334    -0.145     1.642     2.167     0.450
 16         s       3 [10] (25)   {+2}
                                -0.932     0.576     2.292     2.580     0.450
 17      sbar      -3 [10] (26)   {-3}
                                -1.456     0.961     4.135     4.510     0.450
 18         u       2 [11] (27)   {+4}
                                 0.261    -0.202    -1.123     1.215     0.325
 19      ubar      -2 [11] (28)   {-5}
                                 1.048    -0.682    -6.581     6.707     0.325
 20         d       1 [12] (26)   {+3}
                                -0.547    -0.221    -0.504     0.841     0.325
 21      dbar      -1 [12] (24)   {-1}
                                -0.392     0.341    -0.068     0.617     0.325
 22         u       2 [13] (28)   {+5}
                                -0.041    -0.274    -0.064     0.432     0.325
 23      ubar      -2 [13] (27)   {-4}
                                -0.276    -0.023    -0.872     0.971     0.325
 24   Cluster      81 [14,21] (35,36)   
                                 0.608     0.011     1.075     2.234     1.862
 25   Cluster      81 [15,16] (33,34)   
                                 0.402     0.431     3.934     4.747     2.591
 26   Cluster      81 [17,20] (29,30)   
                                -2.003     0.740     3.631     5.351     3.300
 27   Cluster      81 [18,23] (31,32)   
                                -0.014    -0.226    -1.995     2.186     0.864
 28   Cluster      81 [19,22] (37,38)   
                                 1.008    -0.956    -6.645     7.139     2.207
--- final:
 29K_2(1770)0   10315 [26] (39,40)   
                                -1.554    -0.379     1.911     2.876     1.436
 30       f_2     225 [26] (45,46)   
                                -0.449     1.119     1.720     2.475     1.309
 31       pi+     211 [27]    
                                 0.131     0.067    -1.731     1.742     0.140
 32       pi-    -211 [27]    
                                -0.145    -0.293    -0.264     0.443     0.140
 33     K'_10   20313 [25] (47,48)   
                                -0.577     0.587     1.953     2.477     1.283
 34     Kbar0    -311 [25] (52)   
                                 0.978    -0.155     1.981     2.270     0.498
 35  K*_2bar0    -315 [24] (59,60)   
                                 0.013    -0.132     0.478     1.369     1.276
 36       pi0     111 [24] (61,62)   
                                 0.594     0.143     0.597     0.865     0.135
 37       pi-    -211 [28]    
                                 0.000    -0.292    -0.489     0.586     0.140
 38    rho''+   30213 [28] (63,64)   
                                 1.007    -0.665    -6.156     6.552     1.891
------------------------------------------------------------------------------
     Sum of momenta:            -3e-05    -2e-05    -2e-05      21.7      21.7
------------------------------------------------------------------------------
Step 4 performed by DecayHandler
--- intermediates:
 39       K*0     313 [29] (41,42)   
                                -1.155    -0.568     1.039     1.890     0.913
 40       pi0     111 [29] (43,44)   
                                -0.398     0.190     0.872     0.986     0.135
 47       K*+     323 [33] (49,50)   
                                -0.681     0.420     1.069     1.561     0.809
 49        K0     311 [47] (51)   
                                -0.493     0.512     0.702     1.116     0.498
 52      K_S0     310 [34] (53,54)   
                                 0.978    -0.155     1.981     2.270     0.498
 53       pi0     111 [52] (55,56)   
                                 0.138    -0.135     0.266     0.356     0.135
 54       pi0     111 [52] (57,58)   
                                 0.840    -0.020     1.715     1.915     0.135
 63      rho+     213 [38] (65,66)   
                                 0.672    -1.136    -4.645     4.879     0.701
 64     sigma 9000221 [38] (69,70)   
                                 0.336     0.471    -1.511     1.673     0.425
 65       pi0     111 [63] (67,68)   
                                 0.320    -0.092    -1.554     1.595     0.135
--- final:
 31       pi+     211 [27]    
                                 0.131     0.067    -1.731     1.742     0.140
 32       pi-    -211 [27]    
                                -0.145    -0.293    -0.264     0.443     0.140
 37       pi-    -211 [28]    
                                 0.000    -0.292    -0.489     0.586     0.140
 41        K+     321 [39]    
                                -0.250    -0.191     0.337     0.676     0.494
 42       pi-    -211 [39]    
                                -0.906    -0.377     0.702     1.214     0.140
 43     gamma      22 [40]    
                                -0.190     0.022     0.418     0.460     0.000
 44     gamma      22 [40]    
                                -0.209     0.167     0.453     0.526     0.000
 45       pi-    -211 [30]    
                                -0.592     0.456     1.602     1.773     0.140
 46       pi+     211 [30]    
                                 0.143     0.662     0.118     0.702     0.140
 48       pi-    -211 [33]    
                                 0.104     0.167     0.883     0.916     0.140
 50       pi+     211 [47]    
                                -0.188    -0.092     0.368     0.446     0.140
 51      K_L0     130 [49]    
                                -0.493     0.512     0.702     1.116     0.498
 55     gamma      22 [53]    
                                 0.021    -0.058     0.009     0.062     0.000
 56     gamma      22 [53]    
                                 0.117    -0.077     0.257     0.293     0.000
 57     gamma      22 [54]    
                                 0.800    -0.014     1.681     1.862     0.000
 58     gamma      22 [54]    
                                 0.040    -0.006     0.034     0.053     0.000
 59        K-    -321 [35]    
                                 0.459    -0.065     0.575     0.888     0.494
 60       pi+     211 [35]    
                                -0.445    -0.067    -0.096     0.481     0.140
 61     gamma      22 [36]    
                                 0.233     0.070     0.330     0.410     0.000
 62     gamma      22 [36]    
                                 0.361     0.074     0.267     0.455     0.000
 66       pi+     211 [63]    
                                 0.352    -1.044    -3.091     3.284     0.140
 67     gamma      22 [65]    
                                 0.270    -0.042    -1.011     1.048     0.000
 68     gamma      22 [65]    
                                 0.049    -0.050    -0.543     0.547     0.000
 69       pi+     211 [64]    
                                 0.215     0.264    -0.479     0.604     0.140
 70       pi-    -211 [64]    
                                 0.120     0.206    -1.033     1.069     0.140
------------------------------------------------------------------------------
     Sum of momenta:            -3e-05    -2e-05    -2e-05      21.7      21.7

The following exception classes were reported in this run:
ThePEG::EventHandler::ConsistencyException warning (1 times)
ThePEG::LesHouchesReader::LesHouchesReopenWarning warning (1 times)
