>>>>>>>>>>>>>>>>>>>>>>>>>>>>>>>>>>>>>>>>>>>>>>>>>>>>>>>>>>>>>>>>>>>>>>>>>>>>>>
>>>> Toolkit for HEP Event Generation - ThePEG 2.2.0 <<<<<<<<<<<<<<<<<<<<<<<<<
>>>> Tue Jun 30 00:44:53 2020                                             <<<<
<<<<<<<<<<<<<<<<<<<<<<<<<<<<<<<<<<<<<<<<<<<<<<<<<<<<<<<<<<<<<<<<<<<<<<<<<<<<<<

>> Herwig 7.2.0 / ThePEG 2.2.0

/Herwig/EventHandlers/NoCuts:
MHat  = 2 .. 14.0668 GeV
Scale = 0 .. 1e+12 GeV2
YHat  = -100 .. 100
X1    = 0 .. 1
X2    = 0 .. 1

* A warning exception of type ThePEG::LesHouchesReader::LesHouchesReopenWarning occurred while generating event number 1: 
Reopening LesHouchesReader 'myReader' after accessing 2 events out of 1
* A warning exception of type ThePEG::EventHandler::ConsistencyException occurred while generating event number 1: 
Event handler 'myLesHouchesHandler' found energy-momentum non-conservation by (-2e-05,-1e-05,-1e-05;9.99958e-06) GeV after generating step number 4.

******************************************************************************
Event number 1 (id: ./OUTPUT/0.95MB1.05/1513126133/TMP/Cluster_HERWIGOutput_36) performed by myLesHouchesHandler
Weight: 1
==============================================================================

--- Colliding particles:
  1        e-      11  (3)   
                                 3.517     0.000    -0.000     3.517     0.000
  2        e+     -11  (3)   
                                -3.517     0.000     0.000     3.517     0.000
------------------------------------------------------------------------------
Primary sub-process performed by myReader
--- incoming:
  1        e-      11  (3)   
                                 3.517     0.000    -0.000     3.517     0.000
  2        e+     -11  (3)   
                                -3.517     0.000     0.000     3.517     0.000
--- intermediates:
  3     gamma      22 [1,2] (4..7)   
                                 0.000     0.000     0.000     7.033     7.033
--- outgoing:
  4         g      21 [3] (8)  6>>6 {+1,-2}
                                 1.402     1.109     0.226     1.802     0.000
  5         g      21 [3] (9)  7>>7 {+3,-4}
                                -0.087     0.105    -2.179     2.183     0.000
  6         g      21 [3] (10)  4>>4 {+2,-1}
                                -0.615    -1.181     0.476     1.414     0.000
  7         g      21 [3] (11)  5>>5 {+4,-3}
                                -0.700    -0.034     1.477     1.635     0.000
------------------------------------------------------------------------------
Step 1 performed by myLesHouchesHandler
--- intermediates:
  1        e-      11  (3)   
                                 3.517     0.000    -0.000     3.517     0.000
  2        e+     -11  (3)   
                                -3.517     0.000     0.000     3.517     0.000
  3     gamma      22 [1,2] (4..7)   
                                 0.000     0.000     0.000     7.033     7.033
--- final:
  4         g      21 [3] (8)  6>>6 {+1,-2}
                                 1.402     1.109     0.226     1.802     0.000
  5         g      21 [3] (9)  7>>7 {+3,-4}
                                -0.087     0.105    -2.179     2.183     0.000
  6         g      21 [3] (10)  4>>4 {+2,-1}
                                -0.615    -1.181     0.476     1.414     0.000
  7         g      21 [3] (11)  5>>5 {+4,-3}
                                -0.700    -0.034     1.477     1.635     0.000
------------------------------------------------------------------------------
     Sum of momenta:            -3e-05    -1e-05    -1e-05      7.03      7.03
------------------------------------------------------------------------------
Step 2 performed by ShowerHandler
--- final:
  8         g      21 [4] (12,13)  10>>10 {+1,-2}
                                 1.175     0.930     0.190     1.784     0.950
  9         g      21 [5] (14,15)  11>>11 {+3,-4}
                                -0.073     0.088    -1.827     2.062     0.950
 10         g      21 [6] (16,17)  8>>8 {+2,-1}
                                -0.515    -0.990     0.399     1.519     0.950
 11         g      21 [7] (18,19)  9>>9 {+4,-3}
                                -0.587    -0.028     1.238     1.668     0.950
------------------------------------------------------------------------------
     Sum of momenta:            -3e-05    -1e-05    -1e-05      7.03      7.03
------------------------------------------------------------------------------
Step 3 performed by ClusterHadHandler
--- intermediates:
 12         d       1 [8] (20)   {+1}
                                 0.402     0.070     0.257     0.582     0.325
 13      dbar      -1 [8] (22)   {-2}
                                 0.773     0.860    -0.067     1.203     0.325
 14         d       1 [9] (22)   {+3}
                                -0.198    -0.216    -1.243     1.318     0.325
 15      dbar      -1 [9] (20)   {-4}
                                 0.125     0.304    -0.584     0.745     0.325
 16         s       3 [10] (23)   {+2}
                                -0.376    -0.455     0.112     0.751     0.450
 17      sbar      -3 [10] (21)   {-1}
                                -0.139    -0.535     0.287     0.768     0.450
 18         d       1 [11] (21)   {+4}
                                -0.166    -0.090     0.069     0.382     0.325
 19      dbar      -1 [11] (23)   {-3}
                                -0.421     0.061     1.169     1.285     0.325
 20   Cluster      81 [12,15] (24,25)   
                                 0.527     0.374    -0.327     1.326     1.111
 21   Cluster      81 [17,18] (28,29)   
                                -0.305    -0.625     0.356     1.151     0.845
 22   Cluster      81 [13,14] (30,31)   
                                 0.575     0.644    -1.311     2.520     1.972
 23   Cluster      81 [16,19] (26,27)   
                                -0.797    -0.394     1.281     2.036     1.310
--- final:
 24      rho-    -213 [20] (32,33)   
                                 0.367     0.216     0.095     0.829     0.705
 25       pi+     211 [20]    
                                 0.160     0.159    -0.421     0.498     0.140
 26    K*bar0    -313 [23] (36,37)   
                                -0.632    -0.511     0.835     1.528     0.988
 27       pi0     111 [23] (38,39)   
                                -0.165     0.117     0.446     0.508     0.135
 28       pi0     111 [21] (40,41)   
                                -0.193    -0.459     0.018     0.516     0.135
 29        K0     311 [21] (42)   
                                -0.112    -0.165     0.338     0.634     0.498
 30       pi-    -211 [22]    
                                -0.269     0.281    -1.146     1.218     0.140
 31      a_1+   20213 [22] (43,44)   
                                 0.844     0.363    -0.165     1.303     0.908
------------------------------------------------------------------------------
     Sum of momenta:            -3e-05    -1e-05    -1e-05      7.03      7.03
------------------------------------------------------------------------------
Step 4 performed by DecayHandler
--- intermediates:
 32       pi0     111 [24] (34,35)   
                                 0.293    -0.071     0.297     0.444     0.135
 43      rho+     213 [31] (45,46)   
                                 0.765     0.349    -0.113     1.137     0.757
 44       pi0     111 [31] (49,50)   
                                 0.080     0.015    -0.052     0.166     0.135
 45       pi0     111 [43] (47,48)   
                                 0.089     0.400    -0.108     0.445     0.135
--- final:
 25       pi+     211 [20]    
                                 0.160     0.159    -0.421     0.498     0.140
 30       pi-    -211 [22]    
                                -0.269     0.281    -1.146     1.218     0.140
 33       pi-    -211 [24]    
                                 0.075     0.286    -0.203     0.385     0.140
 34     gamma      22 [32]    
                                 0.154    -0.028     0.243     0.289     0.000
 35     gamma      22 [32]    
                                 0.139    -0.043     0.054     0.155     0.000
 36        K-    -321 [26]    
                                -0.147    -0.174     0.065     0.548     0.494
 37       pi+     211 [26]    
                                -0.485    -0.337     0.770     0.980     0.140
 38     gamma      22 [27]    
                                -0.059     0.084     0.094     0.139     0.000
 39     gamma      22 [27]    
                                -0.106     0.034     0.352     0.369     0.000
 40     gamma      22 [28]    
                                -0.141    -0.306     0.074     0.345     0.000
 41     gamma      22 [28]    
                                -0.052    -0.153    -0.056     0.171     0.000
 42      K_L0     130 [29]    
                                -0.112    -0.165     0.338     0.634     0.498
 46       pi+     211 [43]    
                                 0.676    -0.051    -0.005     0.692     0.140
 47     gamma      22 [45]    
                                 0.031     0.005    -0.016     0.035     0.000
 48     gamma      22 [45]    
                                 0.057     0.394    -0.092     0.409     0.000
 49     gamma      22 [44]    
                                -0.031     0.023     0.009     0.039     0.000
 50     gamma      22 [44]    
                                 0.110    -0.008    -0.061     0.126     0.000
------------------------------------------------------------------------------
     Sum of momenta:            -3e-05    -1e-05    -1e-05      7.03      7.03

The following exception classes were reported in this run:
ThePEG::EventHandler::ConsistencyException warning (1 times)
ThePEG::LesHouchesReader::LesHouchesReopenWarning warning (1 times)
